[2023-11-11T17:02:09.334+0000] {processor.py:154} INFO - Started process (PID=82) to work on /home/airflow/.local/lib/python3.7/site-packages/airflow/example_dags/example_task_group_decorator.py
[2023-11-11T17:02:09.335+0000] {processor.py:756} INFO - Processing file /home/airflow/.local/lib/python3.7/site-packages/airflow/example_dags/example_task_group_decorator.py for tasks to queue
[2023-11-11T17:02:09.337+0000] {logging_mixin.py:120} INFO - [2023-11-11T17:02:09.336+0000] {dagbag.py:537} INFO - Filling up the DagBag from /home/airflow/.local/lib/python3.7/site-packages/airflow/example_dags/example_task_group_decorator.py
[2023-11-11T17:02:09.489+0000] {processor.py:766} INFO - DAG(s) dict_keys(['example_task_group_decorator']) retrieved from /home/airflow/.local/lib/python3.7/site-packages/airflow/example_dags/example_task_group_decorator.py
[2023-11-11T17:02:09.832+0000] {logging_mixin.py:120} INFO - [2023-11-11T17:02:09.831+0000] {dag.py:2585} INFO - Sync 1 DAGs
[2023-11-11T17:02:09.958+0000] {logging_mixin.py:120} INFO - [2023-11-11T17:02:09.958+0000] {dag.py:3340} INFO - Setting next_dagrun for example_task_group_decorator to 2023-11-10T17:02:09.957055+00:00, run_after=2023-11-11T17:02:09.957055+00:00
[2023-11-11T17:02:10.032+0000] {processor.py:176} INFO - Processing /home/airflow/.local/lib/python3.7/site-packages/airflow/example_dags/example_task_group_decorator.py took 0.707 seconds
[2023-11-11T17:02:40.375+0000] {processor.py:154} INFO - Started process (PID=136) to work on /home/airflow/.local/lib/python3.7/site-packages/airflow/example_dags/example_task_group_decorator.py
[2023-11-11T17:02:40.379+0000] {processor.py:756} INFO - Processing file /home/airflow/.local/lib/python3.7/site-packages/airflow/example_dags/example_task_group_decorator.py for tasks to queue
[2023-11-11T17:02:40.382+0000] {logging_mixin.py:120} INFO - [2023-11-11T17:02:40.382+0000] {dagbag.py:537} INFO - Filling up the DagBag from /home/airflow/.local/lib/python3.7/site-packages/airflow/example_dags/example_task_group_decorator.py
[2023-11-11T17:02:40.440+0000] {processor.py:766} INFO - DAG(s) dict_keys(['example_task_group_decorator']) retrieved from /home/airflow/.local/lib/python3.7/site-packages/airflow/example_dags/example_task_group_decorator.py
[2023-11-11T17:02:40.504+0000] {logging_mixin.py:120} INFO - [2023-11-11T17:02:40.504+0000] {dag.py:2585} INFO - Sync 1 DAGs
[2023-11-11T17:02:40.545+0000] {logging_mixin.py:120} INFO - [2023-11-11T17:02:40.545+0000] {dag.py:3340} INFO - Setting next_dagrun for example_task_group_decorator to 2023-11-10T17:02:40.544848+00:00, run_after=2023-11-11T17:02:40.544848+00:00
[2023-11-11T17:02:40.572+0000] {processor.py:176} INFO - Processing /home/airflow/.local/lib/python3.7/site-packages/airflow/example_dags/example_task_group_decorator.py took 0.203 seconds
[2023-11-11T17:03:13.097+0000] {processor.py:154} INFO - Started process (PID=191) to work on /home/airflow/.local/lib/python3.7/site-packages/airflow/example_dags/example_task_group_decorator.py
[2023-11-11T17:03:13.099+0000] {processor.py:756} INFO - Processing file /home/airflow/.local/lib/python3.7/site-packages/airflow/example_dags/example_task_group_decorator.py for tasks to queue
[2023-11-11T17:03:13.102+0000] {logging_mixin.py:120} INFO - [2023-11-11T17:03:13.101+0000] {dagbag.py:537} INFO - Filling up the DagBag from /home/airflow/.local/lib/python3.7/site-packages/airflow/example_dags/example_task_group_decorator.py
[2023-11-11T17:03:13.189+0000] {processor.py:766} INFO - DAG(s) dict_keys(['example_task_group_decorator']) retrieved from /home/airflow/.local/lib/python3.7/site-packages/airflow/example_dags/example_task_group_decorator.py
[2023-11-11T17:03:13.360+0000] {logging_mixin.py:120} INFO - [2023-11-11T17:03:13.358+0000] {dag.py:2585} INFO - Sync 1 DAGs
[2023-11-11T17:03:13.452+0000] {logging_mixin.py:120} INFO - [2023-11-11T17:03:13.451+0000] {dag.py:3340} INFO - Setting next_dagrun for example_task_group_decorator to 2023-11-10T17:03:13.451040+00:00, run_after=2023-11-11T17:03:13.451040+00:00
[2023-11-11T17:03:13.513+0000] {processor.py:176} INFO - Processing /home/airflow/.local/lib/python3.7/site-packages/airflow/example_dags/example_task_group_decorator.py took 0.425 seconds
[2023-11-11T17:03:43.663+0000] {processor.py:154} INFO - Started process (PID=255) to work on /home/airflow/.local/lib/python3.7/site-packages/airflow/example_dags/example_task_group_decorator.py
[2023-11-11T17:03:43.680+0000] {processor.py:756} INFO - Processing file /home/airflow/.local/lib/python3.7/site-packages/airflow/example_dags/example_task_group_decorator.py for tasks to queue
[2023-11-11T17:03:43.681+0000] {logging_mixin.py:120} INFO - [2023-11-11T17:03:43.681+0000] {dagbag.py:537} INFO - Filling up the DagBag from /home/airflow/.local/lib/python3.7/site-packages/airflow/example_dags/example_task_group_decorator.py
[2023-11-11T17:03:43.748+0000] {processor.py:766} INFO - DAG(s) dict_keys(['example_task_group_decorator']) retrieved from /home/airflow/.local/lib/python3.7/site-packages/airflow/example_dags/example_task_group_decorator.py
[2023-11-11T17:03:43.814+0000] {logging_mixin.py:120} INFO - [2023-11-11T17:03:43.814+0000] {dag.py:2585} INFO - Sync 1 DAGs
[2023-11-11T17:03:43.848+0000] {logging_mixin.py:120} INFO - [2023-11-11T17:03:43.848+0000] {dag.py:3340} INFO - Setting next_dagrun for example_task_group_decorator to 2023-11-10T17:03:43.847929+00:00, run_after=2023-11-11T17:03:43.847929+00:00
[2023-11-11T17:03:43.878+0000] {processor.py:176} INFO - Processing /home/airflow/.local/lib/python3.7/site-packages/airflow/example_dags/example_task_group_decorator.py took 0.221 seconds
[2023-11-11T17:04:14.606+0000] {processor.py:154} INFO - Started process (PID=309) to work on /home/airflow/.local/lib/python3.7/site-packages/airflow/example_dags/example_task_group_decorator.py
[2023-11-11T17:04:14.607+0000] {processor.py:756} INFO - Processing file /home/airflow/.local/lib/python3.7/site-packages/airflow/example_dags/example_task_group_decorator.py for tasks to queue
[2023-11-11T17:04:14.608+0000] {logging_mixin.py:120} INFO - [2023-11-11T17:04:14.608+0000] {dagbag.py:537} INFO - Filling up the DagBag from /home/airflow/.local/lib/python3.7/site-packages/airflow/example_dags/example_task_group_decorator.py
[2023-11-11T17:04:14.643+0000] {processor.py:766} INFO - DAG(s) dict_keys(['example_task_group_decorator']) retrieved from /home/airflow/.local/lib/python3.7/site-packages/airflow/example_dags/example_task_group_decorator.py
[2023-11-11T17:04:14.696+0000] {logging_mixin.py:120} INFO - [2023-11-11T17:04:14.696+0000] {dag.py:2585} INFO - Sync 1 DAGs
[2023-11-11T17:04:14.729+0000] {logging_mixin.py:120} INFO - [2023-11-11T17:04:14.729+0000] {dag.py:3340} INFO - Setting next_dagrun for example_task_group_decorator to 2023-11-10T17:04:14.728953+00:00, run_after=2023-11-11T17:04:14.728953+00:00
[2023-11-11T17:04:14.755+0000] {processor.py:176} INFO - Processing /home/airflow/.local/lib/python3.7/site-packages/airflow/example_dags/example_task_group_decorator.py took 0.154 seconds
[2023-11-11T17:04:45.437+0000] {processor.py:154} INFO - Started process (PID=372) to work on /home/airflow/.local/lib/python3.7/site-packages/airflow/example_dags/example_task_group_decorator.py
[2023-11-11T17:04:45.437+0000] {processor.py:756} INFO - Processing file /home/airflow/.local/lib/python3.7/site-packages/airflow/example_dags/example_task_group_decorator.py for tasks to queue
[2023-11-11T17:04:45.438+0000] {logging_mixin.py:120} INFO - [2023-11-11T17:04:45.438+0000] {dagbag.py:537} INFO - Filling up the DagBag from /home/airflow/.local/lib/python3.7/site-packages/airflow/example_dags/example_task_group_decorator.py
[2023-11-11T17:04:45.474+0000] {processor.py:766} INFO - DAG(s) dict_keys(['example_task_group_decorator']) retrieved from /home/airflow/.local/lib/python3.7/site-packages/airflow/example_dags/example_task_group_decorator.py
[2023-11-11T17:04:45.536+0000] {logging_mixin.py:120} INFO - [2023-11-11T17:04:45.535+0000] {dag.py:2585} INFO - Sync 1 DAGs
[2023-11-11T17:04:45.569+0000] {logging_mixin.py:120} INFO - [2023-11-11T17:04:45.569+0000] {dag.py:3340} INFO - Setting next_dagrun for example_task_group_decorator to 2023-11-10T17:04:45.569542+00:00, run_after=2023-11-11T17:04:45.569542+00:00
[2023-11-11T17:04:45.597+0000] {processor.py:176} INFO - Processing /home/airflow/.local/lib/python3.7/site-packages/airflow/example_dags/example_task_group_decorator.py took 0.164 seconds
[2023-11-11T17:05:15.725+0000] {processor.py:154} INFO - Started process (PID=425) to work on /home/airflow/.local/lib/python3.7/site-packages/airflow/example_dags/example_task_group_decorator.py
[2023-11-11T17:05:15.730+0000] {processor.py:756} INFO - Processing file /home/airflow/.local/lib/python3.7/site-packages/airflow/example_dags/example_task_group_decorator.py for tasks to queue
[2023-11-11T17:05:15.732+0000] {logging_mixin.py:120} INFO - [2023-11-11T17:05:15.732+0000] {dagbag.py:537} INFO - Filling up the DagBag from /home/airflow/.local/lib/python3.7/site-packages/airflow/example_dags/example_task_group_decorator.py
[2023-11-11T17:05:15.793+0000] {processor.py:766} INFO - DAG(s) dict_keys(['example_task_group_decorator']) retrieved from /home/airflow/.local/lib/python3.7/site-packages/airflow/example_dags/example_task_group_decorator.py
[2023-11-11T17:05:15.841+0000] {logging_mixin.py:120} INFO - [2023-11-11T17:05:15.841+0000] {dag.py:2585} INFO - Sync 1 DAGs
[2023-11-11T17:05:15.869+0000] {logging_mixin.py:120} INFO - [2023-11-11T17:05:15.869+0000] {dag.py:3340} INFO - Setting next_dagrun for example_task_group_decorator to 2023-11-10T17:05:15.868993+00:00, run_after=2023-11-11T17:05:15.868993+00:00
[2023-11-11T17:05:15.892+0000] {processor.py:176} INFO - Processing /home/airflow/.local/lib/python3.7/site-packages/airflow/example_dags/example_task_group_decorator.py took 0.175 seconds
[2023-11-11T17:05:46.203+0000] {processor.py:154} INFO - Started process (PID=488) to work on /home/airflow/.local/lib/python3.7/site-packages/airflow/example_dags/example_task_group_decorator.py
[2023-11-11T17:05:46.205+0000] {processor.py:756} INFO - Processing file /home/airflow/.local/lib/python3.7/site-packages/airflow/example_dags/example_task_group_decorator.py for tasks to queue
[2023-11-11T17:05:46.206+0000] {logging_mixin.py:120} INFO - [2023-11-11T17:05:46.206+0000] {dagbag.py:537} INFO - Filling up the DagBag from /home/airflow/.local/lib/python3.7/site-packages/airflow/example_dags/example_task_group_decorator.py
[2023-11-11T17:05:46.331+0000] {processor.py:766} INFO - DAG(s) dict_keys(['example_task_group_decorator']) retrieved from /home/airflow/.local/lib/python3.7/site-packages/airflow/example_dags/example_task_group_decorator.py
[2023-11-11T17:05:46.520+0000] {logging_mixin.py:120} INFO - [2023-11-11T17:05:46.518+0000] {dag.py:2585} INFO - Sync 1 DAGs
[2023-11-11T17:05:46.640+0000] {logging_mixin.py:120} INFO - [2023-11-11T17:05:46.639+0000] {dag.py:3340} INFO - Setting next_dagrun for example_task_group_decorator to 2023-11-10T17:05:46.639290+00:00, run_after=2023-11-11T17:05:46.639290+00:00
[2023-11-11T17:05:46.707+0000] {processor.py:176} INFO - Processing /home/airflow/.local/lib/python3.7/site-packages/airflow/example_dags/example_task_group_decorator.py took 0.541 seconds
[2023-11-11T17:06:17.607+0000] {processor.py:154} INFO - Started process (PID=543) to work on /home/airflow/.local/lib/python3.7/site-packages/airflow/example_dags/example_task_group_decorator.py
[2023-11-11T17:06:17.619+0000] {processor.py:756} INFO - Processing file /home/airflow/.local/lib/python3.7/site-packages/airflow/example_dags/example_task_group_decorator.py for tasks to queue
[2023-11-11T17:06:17.620+0000] {logging_mixin.py:120} INFO - [2023-11-11T17:06:17.620+0000] {dagbag.py:537} INFO - Filling up the DagBag from /home/airflow/.local/lib/python3.7/site-packages/airflow/example_dags/example_task_group_decorator.py
[2023-11-11T17:06:17.687+0000] {processor.py:766} INFO - DAG(s) dict_keys(['example_task_group_decorator']) retrieved from /home/airflow/.local/lib/python3.7/site-packages/airflow/example_dags/example_task_group_decorator.py
[2023-11-11T17:06:17.878+0000] {logging_mixin.py:120} INFO - [2023-11-11T17:06:17.878+0000] {dag.py:2585} INFO - Sync 1 DAGs
[2023-11-11T17:06:17.957+0000] {logging_mixin.py:120} INFO - [2023-11-11T17:06:17.956+0000] {dag.py:3340} INFO - Setting next_dagrun for example_task_group_decorator to 2023-11-10T17:06:17.954859+00:00, run_after=2023-11-11T17:06:17.954859+00:00
[2023-11-11T17:06:18.011+0000] {processor.py:176} INFO - Processing /home/airflow/.local/lib/python3.7/site-packages/airflow/example_dags/example_task_group_decorator.py took 0.418 seconds
[2023-11-11T17:06:48.272+0000] {processor.py:154} INFO - Started process (PID=605) to work on /home/airflow/.local/lib/python3.7/site-packages/airflow/example_dags/example_task_group_decorator.py
[2023-11-11T17:06:48.273+0000] {processor.py:756} INFO - Processing file /home/airflow/.local/lib/python3.7/site-packages/airflow/example_dags/example_task_group_decorator.py for tasks to queue
[2023-11-11T17:06:48.274+0000] {logging_mixin.py:120} INFO - [2023-11-11T17:06:48.273+0000] {dagbag.py:537} INFO - Filling up the DagBag from /home/airflow/.local/lib/python3.7/site-packages/airflow/example_dags/example_task_group_decorator.py
[2023-11-11T17:06:48.312+0000] {processor.py:766} INFO - DAG(s) dict_keys(['example_task_group_decorator']) retrieved from /home/airflow/.local/lib/python3.7/site-packages/airflow/example_dags/example_task_group_decorator.py
[2023-11-11T17:06:48.379+0000] {logging_mixin.py:120} INFO - [2023-11-11T17:06:48.379+0000] {dag.py:2585} INFO - Sync 1 DAGs
[2023-11-11T17:06:48.422+0000] {logging_mixin.py:120} INFO - [2023-11-11T17:06:48.422+0000] {dag.py:3340} INFO - Setting next_dagrun for example_task_group_decorator to 2023-11-10T17:06:48.421806+00:00, run_after=2023-11-11T17:06:48.421806+00:00
[2023-11-11T17:06:48.448+0000] {processor.py:176} INFO - Processing /home/airflow/.local/lib/python3.7/site-packages/airflow/example_dags/example_task_group_decorator.py took 0.180 seconds
[2023-11-11T17:07:18.824+0000] {processor.py:154} INFO - Started process (PID=668) to work on /home/airflow/.local/lib/python3.7/site-packages/airflow/example_dags/example_task_group_decorator.py
[2023-11-11T17:07:18.826+0000] {processor.py:756} INFO - Processing file /home/airflow/.local/lib/python3.7/site-packages/airflow/example_dags/example_task_group_decorator.py for tasks to queue
[2023-11-11T17:07:18.826+0000] {logging_mixin.py:120} INFO - [2023-11-11T17:07:18.826+0000] {dagbag.py:537} INFO - Filling up the DagBag from /home/airflow/.local/lib/python3.7/site-packages/airflow/example_dags/example_task_group_decorator.py
[2023-11-11T17:07:18.868+0000] {processor.py:766} INFO - DAG(s) dict_keys(['example_task_group_decorator']) retrieved from /home/airflow/.local/lib/python3.7/site-packages/airflow/example_dags/example_task_group_decorator.py
[2023-11-11T17:07:18.933+0000] {logging_mixin.py:120} INFO - [2023-11-11T17:07:18.933+0000] {dag.py:2585} INFO - Sync 1 DAGs
[2023-11-11T17:07:18.978+0000] {logging_mixin.py:120} INFO - [2023-11-11T17:07:18.977+0000] {dag.py:3340} INFO - Setting next_dagrun for example_task_group_decorator to 2023-11-10T17:07:18.977049+00:00, run_after=2023-11-11T17:07:18.977049+00:00
[2023-11-11T17:07:19.011+0000] {processor.py:176} INFO - Processing /home/airflow/.local/lib/python3.7/site-packages/airflow/example_dags/example_task_group_decorator.py took 0.191 seconds
[2023-11-11T17:29:52.512+0000] {processor.py:154} INFO - Started process (PID=98) to work on /home/airflow/.local/lib/python3.7/site-packages/airflow/example_dags/example_task_group_decorator.py
[2023-11-11T17:29:52.520+0000] {processor.py:756} INFO - Processing file /home/airflow/.local/lib/python3.7/site-packages/airflow/example_dags/example_task_group_decorator.py for tasks to queue
[2023-11-11T17:29:52.523+0000] {logging_mixin.py:120} INFO - [2023-11-11T17:29:52.522+0000] {dagbag.py:537} INFO - Filling up the DagBag from /home/airflow/.local/lib/python3.7/site-packages/airflow/example_dags/example_task_group_decorator.py
[2023-11-11T17:29:52.831+0000] {processor.py:766} INFO - DAG(s) dict_keys(['example_task_group_decorator']) retrieved from /home/airflow/.local/lib/python3.7/site-packages/airflow/example_dags/example_task_group_decorator.py
[2023-11-11T17:29:54.731+0000] {logging_mixin.py:120} INFO - [2023-11-11T17:29:54.731+0000] {manager.py:507} INFO - Created Permission View: can read on DAG:example_task_group_decorator
[2023-11-11T17:29:54.800+0000] {logging_mixin.py:120} INFO - [2023-11-11T17:29:54.800+0000] {manager.py:507} INFO - Created Permission View: can delete on DAG:example_task_group_decorator
[2023-11-11T17:29:54.846+0000] {logging_mixin.py:120} INFO - [2023-11-11T17:29:54.846+0000] {manager.py:507} INFO - Created Permission View: can edit on DAG:example_task_group_decorator
[2023-11-11T17:29:54.857+0000] {logging_mixin.py:120} INFO - [2023-11-11T17:29:54.856+0000] {dag.py:2585} INFO - Sync 1 DAGs
[2023-11-11T17:29:55.025+0000] {logging_mixin.py:120} INFO - [2023-11-11T17:29:55.025+0000] {dag.py:2606} INFO - Creating ORM DAG for example_task_group_decorator
[2023-11-11T17:29:55.147+0000] {logging_mixin.py:120} INFO - [2023-11-11T17:29:55.147+0000] {dag.py:3340} INFO - Setting next_dagrun for example_task_group_decorator to 2023-11-10T17:29:55.140632+00:00, run_after=2023-11-11T17:29:55.140632+00:00
[2023-11-11T17:29:55.232+0000] {processor.py:176} INFO - Processing /home/airflow/.local/lib/python3.7/site-packages/airflow/example_dags/example_task_group_decorator.py took 2.728 seconds
[2023-11-11T17:30:25.514+0000] {processor.py:154} INFO - Started process (PID=152) to work on /home/airflow/.local/lib/python3.7/site-packages/airflow/example_dags/example_task_group_decorator.py
[2023-11-11T17:30:25.515+0000] {processor.py:756} INFO - Processing file /home/airflow/.local/lib/python3.7/site-packages/airflow/example_dags/example_task_group_decorator.py for tasks to queue
[2023-11-11T17:30:25.517+0000] {logging_mixin.py:120} INFO - [2023-11-11T17:30:25.516+0000] {dagbag.py:537} INFO - Filling up the DagBag from /home/airflow/.local/lib/python3.7/site-packages/airflow/example_dags/example_task_group_decorator.py
[2023-11-11T17:30:25.597+0000] {processor.py:766} INFO - DAG(s) dict_keys(['example_task_group_decorator']) retrieved from /home/airflow/.local/lib/python3.7/site-packages/airflow/example_dags/example_task_group_decorator.py
[2023-11-11T17:30:25.814+0000] {logging_mixin.py:120} INFO - [2023-11-11T17:30:25.814+0000] {dag.py:2585} INFO - Sync 1 DAGs
[2023-11-11T17:30:25.893+0000] {logging_mixin.py:120} INFO - [2023-11-11T17:30:25.893+0000] {dag.py:3340} INFO - Setting next_dagrun for example_task_group_decorator to 2023-11-10T17:30:25.890526+00:00, run_after=2023-11-11T17:30:25.890526+00:00
[2023-11-11T17:30:25.950+0000] {processor.py:176} INFO - Processing /home/airflow/.local/lib/python3.7/site-packages/airflow/example_dags/example_task_group_decorator.py took 0.441 seconds
[2023-11-11T17:30:56.503+0000] {processor.py:154} INFO - Started process (PID=206) to work on /home/airflow/.local/lib/python3.7/site-packages/airflow/example_dags/example_task_group_decorator.py
[2023-11-11T17:30:56.507+0000] {processor.py:756} INFO - Processing file /home/airflow/.local/lib/python3.7/site-packages/airflow/example_dags/example_task_group_decorator.py for tasks to queue
[2023-11-11T17:30:56.514+0000] {logging_mixin.py:120} INFO - [2023-11-11T17:30:56.514+0000] {dagbag.py:537} INFO - Filling up the DagBag from /home/airflow/.local/lib/python3.7/site-packages/airflow/example_dags/example_task_group_decorator.py
[2023-11-11T17:30:56.763+0000] {processor.py:766} INFO - DAG(s) dict_keys(['example_task_group_decorator']) retrieved from /home/airflow/.local/lib/python3.7/site-packages/airflow/example_dags/example_task_group_decorator.py
[2023-11-11T17:30:57.079+0000] {logging_mixin.py:120} INFO - [2023-11-11T17:30:57.078+0000] {dag.py:2585} INFO - Sync 1 DAGs
[2023-11-11T17:30:57.205+0000] {logging_mixin.py:120} INFO - [2023-11-11T17:30:57.204+0000] {dag.py:3340} INFO - Setting next_dagrun for example_task_group_decorator to 2023-11-10T17:30:57.203631+00:00, run_after=2023-11-11T17:30:57.203631+00:00
[2023-11-11T17:30:57.468+0000] {processor.py:176} INFO - Processing /home/airflow/.local/lib/python3.7/site-packages/airflow/example_dags/example_task_group_decorator.py took 1.007 seconds
[2023-11-11T17:31:27.692+0000] {processor.py:154} INFO - Started process (PID=261) to work on /home/airflow/.local/lib/python3.7/site-packages/airflow/example_dags/example_task_group_decorator.py
[2023-11-11T17:31:27.694+0000] {processor.py:756} INFO - Processing file /home/airflow/.local/lib/python3.7/site-packages/airflow/example_dags/example_task_group_decorator.py for tasks to queue
[2023-11-11T17:31:27.695+0000] {logging_mixin.py:120} INFO - [2023-11-11T17:31:27.695+0000] {dagbag.py:537} INFO - Filling up the DagBag from /home/airflow/.local/lib/python3.7/site-packages/airflow/example_dags/example_task_group_decorator.py
[2023-11-11T17:31:27.771+0000] {processor.py:766} INFO - DAG(s) dict_keys(['example_task_group_decorator']) retrieved from /home/airflow/.local/lib/python3.7/site-packages/airflow/example_dags/example_task_group_decorator.py
[2023-11-11T17:31:27.876+0000] {logging_mixin.py:120} INFO - [2023-11-11T17:31:27.876+0000] {dag.py:2585} INFO - Sync 1 DAGs
[2023-11-11T17:31:27.918+0000] {logging_mixin.py:120} INFO - [2023-11-11T17:31:27.918+0000] {dag.py:3340} INFO - Setting next_dagrun for example_task_group_decorator to 2023-11-10T17:31:27.918204+00:00, run_after=2023-11-11T17:31:27.918204+00:00
[2023-11-11T17:31:27.963+0000] {processor.py:176} INFO - Processing /home/airflow/.local/lib/python3.7/site-packages/airflow/example_dags/example_task_group_decorator.py took 0.275 seconds
[2023-11-11T17:31:58.685+0000] {processor.py:154} INFO - Started process (PID=322) to work on /home/airflow/.local/lib/python3.7/site-packages/airflow/example_dags/example_task_group_decorator.py
[2023-11-11T17:31:58.689+0000] {processor.py:756} INFO - Processing file /home/airflow/.local/lib/python3.7/site-packages/airflow/example_dags/example_task_group_decorator.py for tasks to queue
[2023-11-11T17:31:58.692+0000] {logging_mixin.py:120} INFO - [2023-11-11T17:31:58.692+0000] {dagbag.py:537} INFO - Filling up the DagBag from /home/airflow/.local/lib/python3.7/site-packages/airflow/example_dags/example_task_group_decorator.py
[2023-11-11T17:31:58.794+0000] {processor.py:766} INFO - DAG(s) dict_keys(['example_task_group_decorator']) retrieved from /home/airflow/.local/lib/python3.7/site-packages/airflow/example_dags/example_task_group_decorator.py
[2023-11-11T17:31:58.915+0000] {logging_mixin.py:120} INFO - [2023-11-11T17:31:58.915+0000] {dag.py:2585} INFO - Sync 1 DAGs
[2023-11-11T17:31:58.981+0000] {logging_mixin.py:120} INFO - [2023-11-11T17:31:58.979+0000] {dag.py:3340} INFO - Setting next_dagrun for example_task_group_decorator to 2023-11-10T17:31:58.979188+00:00, run_after=2023-11-11T17:31:58.979188+00:00
[2023-11-11T17:31:59.025+0000] {processor.py:176} INFO - Processing /home/airflow/.local/lib/python3.7/site-packages/airflow/example_dags/example_task_group_decorator.py took 0.346 seconds
[2023-11-11T17:32:29.187+0000] {processor.py:154} INFO - Started process (PID=378) to work on /home/airflow/.local/lib/python3.7/site-packages/airflow/example_dags/example_task_group_decorator.py
[2023-11-11T17:32:29.188+0000] {processor.py:756} INFO - Processing file /home/airflow/.local/lib/python3.7/site-packages/airflow/example_dags/example_task_group_decorator.py for tasks to queue
[2023-11-11T17:32:29.190+0000] {logging_mixin.py:120} INFO - [2023-11-11T17:32:29.190+0000] {dagbag.py:537} INFO - Filling up the DagBag from /home/airflow/.local/lib/python3.7/site-packages/airflow/example_dags/example_task_group_decorator.py
[2023-11-11T17:32:29.245+0000] {processor.py:766} INFO - DAG(s) dict_keys(['example_task_group_decorator']) retrieved from /home/airflow/.local/lib/python3.7/site-packages/airflow/example_dags/example_task_group_decorator.py
[2023-11-11T17:32:29.329+0000] {logging_mixin.py:120} INFO - [2023-11-11T17:32:29.329+0000] {dag.py:2585} INFO - Sync 1 DAGs
[2023-11-11T17:32:29.384+0000] {logging_mixin.py:120} INFO - [2023-11-11T17:32:29.383+0000] {dag.py:3340} INFO - Setting next_dagrun for example_task_group_decorator to 2023-11-10T17:32:29.383437+00:00, run_after=2023-11-11T17:32:29.383437+00:00
[2023-11-11T17:32:29.421+0000] {processor.py:176} INFO - Processing /home/airflow/.local/lib/python3.7/site-packages/airflow/example_dags/example_task_group_decorator.py took 0.241 seconds
[2023-11-11T17:32:59.578+0000] {processor.py:154} INFO - Started process (PID=432) to work on /home/airflow/.local/lib/python3.7/site-packages/airflow/example_dags/example_task_group_decorator.py
[2023-11-11T17:32:59.582+0000] {processor.py:756} INFO - Processing file /home/airflow/.local/lib/python3.7/site-packages/airflow/example_dags/example_task_group_decorator.py for tasks to queue
[2023-11-11T17:32:59.584+0000] {logging_mixin.py:120} INFO - [2023-11-11T17:32:59.583+0000] {dagbag.py:537} INFO - Filling up the DagBag from /home/airflow/.local/lib/python3.7/site-packages/airflow/example_dags/example_task_group_decorator.py
[2023-11-11T17:32:59.636+0000] {processor.py:766} INFO - DAG(s) dict_keys(['example_task_group_decorator']) retrieved from /home/airflow/.local/lib/python3.7/site-packages/airflow/example_dags/example_task_group_decorator.py
[2023-11-11T17:32:59.712+0000] {logging_mixin.py:120} INFO - [2023-11-11T17:32:59.711+0000] {dag.py:2585} INFO - Sync 1 DAGs
[2023-11-11T17:32:59.762+0000] {logging_mixin.py:120} INFO - [2023-11-11T17:32:59.762+0000] {dag.py:3340} INFO - Setting next_dagrun for example_task_group_decorator to 2023-11-10T17:32:59.761665+00:00, run_after=2023-11-11T17:32:59.761665+00:00
[2023-11-11T17:32:59.794+0000] {processor.py:176} INFO - Processing /home/airflow/.local/lib/python3.7/site-packages/airflow/example_dags/example_task_group_decorator.py took 0.221 seconds
[2023-11-11T17:33:29.866+0000] {processor.py:154} INFO - Started process (PID=487) to work on /home/airflow/.local/lib/python3.7/site-packages/airflow/example_dags/example_task_group_decorator.py
[2023-11-11T17:33:29.868+0000] {processor.py:756} INFO - Processing file /home/airflow/.local/lib/python3.7/site-packages/airflow/example_dags/example_task_group_decorator.py for tasks to queue
[2023-11-11T17:33:29.870+0000] {logging_mixin.py:120} INFO - [2023-11-11T17:33:29.870+0000] {dagbag.py:537} INFO - Filling up the DagBag from /home/airflow/.local/lib/python3.7/site-packages/airflow/example_dags/example_task_group_decorator.py
[2023-11-11T17:33:29.938+0000] {processor.py:766} INFO - DAG(s) dict_keys(['example_task_group_decorator']) retrieved from /home/airflow/.local/lib/python3.7/site-packages/airflow/example_dags/example_task_group_decorator.py
[2023-11-11T17:33:30.050+0000] {logging_mixin.py:120} INFO - [2023-11-11T17:33:30.050+0000] {dag.py:2585} INFO - Sync 1 DAGs
[2023-11-11T17:33:30.117+0000] {logging_mixin.py:120} INFO - [2023-11-11T17:33:30.116+0000] {dag.py:3340} INFO - Setting next_dagrun for example_task_group_decorator to 2023-11-10T17:33:30.116004+00:00, run_after=2023-11-11T17:33:30.116004+00:00
[2023-11-11T17:33:30.164+0000] {processor.py:176} INFO - Processing /home/airflow/.local/lib/python3.7/site-packages/airflow/example_dags/example_task_group_decorator.py took 0.306 seconds
[2023-11-11T17:34:00.261+0000] {processor.py:154} INFO - Started process (PID=550) to work on /home/airflow/.local/lib/python3.7/site-packages/airflow/example_dags/example_task_group_decorator.py
[2023-11-11T17:34:00.264+0000] {processor.py:756} INFO - Processing file /home/airflow/.local/lib/python3.7/site-packages/airflow/example_dags/example_task_group_decorator.py for tasks to queue
[2023-11-11T17:34:00.265+0000] {logging_mixin.py:120} INFO - [2023-11-11T17:34:00.265+0000] {dagbag.py:537} INFO - Filling up the DagBag from /home/airflow/.local/lib/python3.7/site-packages/airflow/example_dags/example_task_group_decorator.py
[2023-11-11T17:34:00.324+0000] {processor.py:766} INFO - DAG(s) dict_keys(['example_task_group_decorator']) retrieved from /home/airflow/.local/lib/python3.7/site-packages/airflow/example_dags/example_task_group_decorator.py
[2023-11-11T17:34:00.398+0000] {logging_mixin.py:120} INFO - [2023-11-11T17:34:00.397+0000] {dag.py:2585} INFO - Sync 1 DAGs
[2023-11-11T17:34:00.444+0000] {logging_mixin.py:120} INFO - [2023-11-11T17:34:00.444+0000] {dag.py:3340} INFO - Setting next_dagrun for example_task_group_decorator to 2023-11-10T17:34:00.444405+00:00, run_after=2023-11-11T17:34:00.444405+00:00
[2023-11-11T17:34:00.481+0000] {processor.py:176} INFO - Processing /home/airflow/.local/lib/python3.7/site-packages/airflow/example_dags/example_task_group_decorator.py took 0.228 seconds
[2023-11-11T17:34:30.699+0000] {processor.py:154} INFO - Started process (PID=604) to work on /home/airflow/.local/lib/python3.7/site-packages/airflow/example_dags/example_task_group_decorator.py
[2023-11-11T17:34:30.700+0000] {processor.py:756} INFO - Processing file /home/airflow/.local/lib/python3.7/site-packages/airflow/example_dags/example_task_group_decorator.py for tasks to queue
[2023-11-11T17:34:30.702+0000] {logging_mixin.py:120} INFO - [2023-11-11T17:34:30.702+0000] {dagbag.py:537} INFO - Filling up the DagBag from /home/airflow/.local/lib/python3.7/site-packages/airflow/example_dags/example_task_group_decorator.py
[2023-11-11T17:34:30.741+0000] {processor.py:766} INFO - DAG(s) dict_keys(['example_task_group_decorator']) retrieved from /home/airflow/.local/lib/python3.7/site-packages/airflow/example_dags/example_task_group_decorator.py
[2023-11-11T17:34:30.799+0000] {logging_mixin.py:120} INFO - [2023-11-11T17:34:30.799+0000] {dag.py:2585} INFO - Sync 1 DAGs
[2023-11-11T17:34:30.837+0000] {logging_mixin.py:120} INFO - [2023-11-11T17:34:30.837+0000] {dag.py:3340} INFO - Setting next_dagrun for example_task_group_decorator to 2023-11-10T17:34:30.836951+00:00, run_after=2023-11-11T17:34:30.836951+00:00
[2023-11-11T17:34:30.862+0000] {processor.py:176} INFO - Processing /home/airflow/.local/lib/python3.7/site-packages/airflow/example_dags/example_task_group_decorator.py took 0.166 seconds
[2023-11-11T17:35:01.494+0000] {processor.py:154} INFO - Started process (PID=668) to work on /home/airflow/.local/lib/python3.7/site-packages/airflow/example_dags/example_task_group_decorator.py
[2023-11-11T17:35:01.495+0000] {processor.py:756} INFO - Processing file /home/airflow/.local/lib/python3.7/site-packages/airflow/example_dags/example_task_group_decorator.py for tasks to queue
[2023-11-11T17:35:01.496+0000] {logging_mixin.py:120} INFO - [2023-11-11T17:35:01.496+0000] {dagbag.py:537} INFO - Filling up the DagBag from /home/airflow/.local/lib/python3.7/site-packages/airflow/example_dags/example_task_group_decorator.py
[2023-11-11T17:35:01.575+0000] {processor.py:766} INFO - DAG(s) dict_keys(['example_task_group_decorator']) retrieved from /home/airflow/.local/lib/python3.7/site-packages/airflow/example_dags/example_task_group_decorator.py
[2023-11-11T17:35:01.676+0000] {logging_mixin.py:120} INFO - [2023-11-11T17:35:01.676+0000] {dag.py:2585} INFO - Sync 1 DAGs
[2023-11-11T17:35:01.736+0000] {logging_mixin.py:120} INFO - [2023-11-11T17:35:01.736+0000] {dag.py:3340} INFO - Setting next_dagrun for example_task_group_decorator to 2023-11-10T17:35:01.736197+00:00, run_after=2023-11-11T17:35:01.736197+00:00
[2023-11-11T17:35:01.798+0000] {processor.py:176} INFO - Processing /home/airflow/.local/lib/python3.7/site-packages/airflow/example_dags/example_task_group_decorator.py took 0.313 seconds
[2023-11-11T17:35:31.984+0000] {processor.py:154} INFO - Started process (PID=722) to work on /home/airflow/.local/lib/python3.7/site-packages/airflow/example_dags/example_task_group_decorator.py
[2023-11-11T17:35:31.985+0000] {processor.py:756} INFO - Processing file /home/airflow/.local/lib/python3.7/site-packages/airflow/example_dags/example_task_group_decorator.py for tasks to queue
[2023-11-11T17:35:31.988+0000] {logging_mixin.py:120} INFO - [2023-11-11T17:35:31.988+0000] {dagbag.py:537} INFO - Filling up the DagBag from /home/airflow/.local/lib/python3.7/site-packages/airflow/example_dags/example_task_group_decorator.py
[2023-11-11T17:35:32.058+0000] {processor.py:766} INFO - DAG(s) dict_keys(['example_task_group_decorator']) retrieved from /home/airflow/.local/lib/python3.7/site-packages/airflow/example_dags/example_task_group_decorator.py
[2023-11-11T17:35:32.164+0000] {logging_mixin.py:120} INFO - [2023-11-11T17:35:32.164+0000] {dag.py:2585} INFO - Sync 1 DAGs
[2023-11-11T17:35:32.242+0000] {logging_mixin.py:120} INFO - [2023-11-11T17:35:32.241+0000] {dag.py:3340} INFO - Setting next_dagrun for example_task_group_decorator to 2023-11-10T17:35:32.241552+00:00, run_after=2023-11-11T17:35:32.241552+00:00
[2023-11-11T17:35:32.284+0000] {processor.py:176} INFO - Processing /home/airflow/.local/lib/python3.7/site-packages/airflow/example_dags/example_task_group_decorator.py took 0.308 seconds
[2023-11-11T17:36:02.495+0000] {processor.py:154} INFO - Started process (PID=776) to work on /home/airflow/.local/lib/python3.7/site-packages/airflow/example_dags/example_task_group_decorator.py
[2023-11-11T17:36:02.498+0000] {processor.py:756} INFO - Processing file /home/airflow/.local/lib/python3.7/site-packages/airflow/example_dags/example_task_group_decorator.py for tasks to queue
[2023-11-11T17:36:02.501+0000] {logging_mixin.py:120} INFO - [2023-11-11T17:36:02.500+0000] {dagbag.py:537} INFO - Filling up the DagBag from /home/airflow/.local/lib/python3.7/site-packages/airflow/example_dags/example_task_group_decorator.py
[2023-11-11T17:36:02.568+0000] {processor.py:766} INFO - DAG(s) dict_keys(['example_task_group_decorator']) retrieved from /home/airflow/.local/lib/python3.7/site-packages/airflow/example_dags/example_task_group_decorator.py
[2023-11-11T17:36:02.665+0000] {logging_mixin.py:120} INFO - [2023-11-11T17:36:02.665+0000] {dag.py:2585} INFO - Sync 1 DAGs
[2023-11-11T17:36:02.737+0000] {logging_mixin.py:120} INFO - [2023-11-11T17:36:02.737+0000] {dag.py:3340} INFO - Setting next_dagrun for example_task_group_decorator to 2023-11-10T17:36:02.736846+00:00, run_after=2023-11-11T17:36:02.736846+00:00
[2023-11-11T17:36:02.787+0000] {processor.py:176} INFO - Processing /home/airflow/.local/lib/python3.7/site-packages/airflow/example_dags/example_task_group_decorator.py took 0.297 seconds
[2023-11-11T17:36:33.012+0000] {processor.py:154} INFO - Started process (PID=839) to work on /home/airflow/.local/lib/python3.7/site-packages/airflow/example_dags/example_task_group_decorator.py
[2023-11-11T17:36:33.013+0000] {processor.py:756} INFO - Processing file /home/airflow/.local/lib/python3.7/site-packages/airflow/example_dags/example_task_group_decorator.py for tasks to queue
[2023-11-11T17:36:33.014+0000] {logging_mixin.py:120} INFO - [2023-11-11T17:36:33.014+0000] {dagbag.py:537} INFO - Filling up the DagBag from /home/airflow/.local/lib/python3.7/site-packages/airflow/example_dags/example_task_group_decorator.py
[2023-11-11T17:36:33.102+0000] {processor.py:766} INFO - DAG(s) dict_keys(['example_task_group_decorator']) retrieved from /home/airflow/.local/lib/python3.7/site-packages/airflow/example_dags/example_task_group_decorator.py
[2023-11-11T17:36:33.217+0000] {logging_mixin.py:120} INFO - [2023-11-11T17:36:33.216+0000] {dag.py:2585} INFO - Sync 1 DAGs
[2023-11-11T17:36:33.285+0000] {logging_mixin.py:120} INFO - [2023-11-11T17:36:33.285+0000] {dag.py:3340} INFO - Setting next_dagrun for example_task_group_decorator to 2023-11-10T17:36:33.284823+00:00, run_after=2023-11-11T17:36:33.284823+00:00
[2023-11-11T17:36:33.332+0000] {processor.py:176} INFO - Processing /home/airflow/.local/lib/python3.7/site-packages/airflow/example_dags/example_task_group_decorator.py took 0.332 seconds
[2023-11-11T17:37:03.514+0000] {processor.py:154} INFO - Started process (PID=893) to work on /home/airflow/.local/lib/python3.7/site-packages/airflow/example_dags/example_task_group_decorator.py
[2023-11-11T17:37:03.520+0000] {processor.py:756} INFO - Processing file /home/airflow/.local/lib/python3.7/site-packages/airflow/example_dags/example_task_group_decorator.py for tasks to queue
[2023-11-11T17:37:03.524+0000] {logging_mixin.py:120} INFO - [2023-11-11T17:37:03.522+0000] {dagbag.py:537} INFO - Filling up the DagBag from /home/airflow/.local/lib/python3.7/site-packages/airflow/example_dags/example_task_group_decorator.py
[2023-11-11T17:37:03.590+0000] {processor.py:766} INFO - DAG(s) dict_keys(['example_task_group_decorator']) retrieved from /home/airflow/.local/lib/python3.7/site-packages/airflow/example_dags/example_task_group_decorator.py
[2023-11-11T17:37:03.653+0000] {logging_mixin.py:120} INFO - [2023-11-11T17:37:03.653+0000] {dag.py:2585} INFO - Sync 1 DAGs
[2023-11-11T17:37:03.690+0000] {logging_mixin.py:120} INFO - [2023-11-11T17:37:03.689+0000] {dag.py:3340} INFO - Setting next_dagrun for example_task_group_decorator to 2023-11-10T17:37:03.689526+00:00, run_after=2023-11-11T17:37:03.689526+00:00
[2023-11-11T17:37:03.716+0000] {processor.py:176} INFO - Processing /home/airflow/.local/lib/python3.7/site-packages/airflow/example_dags/example_task_group_decorator.py took 0.207 seconds
[2023-11-11T17:37:33.844+0000] {processor.py:154} INFO - Started process (PID=956) to work on /home/airflow/.local/lib/python3.7/site-packages/airflow/example_dags/example_task_group_decorator.py
[2023-11-11T17:37:33.847+0000] {processor.py:756} INFO - Processing file /home/airflow/.local/lib/python3.7/site-packages/airflow/example_dags/example_task_group_decorator.py for tasks to queue
[2023-11-11T17:37:33.847+0000] {logging_mixin.py:120} INFO - [2023-11-11T17:37:33.847+0000] {dagbag.py:537} INFO - Filling up the DagBag from /home/airflow/.local/lib/python3.7/site-packages/airflow/example_dags/example_task_group_decorator.py
[2023-11-11T17:37:33.886+0000] {processor.py:766} INFO - DAG(s) dict_keys(['example_task_group_decorator']) retrieved from /home/airflow/.local/lib/python3.7/site-packages/airflow/example_dags/example_task_group_decorator.py
[2023-11-11T17:37:33.948+0000] {logging_mixin.py:120} INFO - [2023-11-11T17:37:33.948+0000] {dag.py:2585} INFO - Sync 1 DAGs
[2023-11-11T17:37:33.988+0000] {logging_mixin.py:120} INFO - [2023-11-11T17:37:33.988+0000] {dag.py:3340} INFO - Setting next_dagrun for example_task_group_decorator to 2023-11-10T17:37:33.987949+00:00, run_after=2023-11-11T17:37:33.987949+00:00
[2023-11-11T17:37:34.015+0000] {processor.py:176} INFO - Processing /home/airflow/.local/lib/python3.7/site-packages/airflow/example_dags/example_task_group_decorator.py took 0.175 seconds
[2023-11-11T17:38:04.121+0000] {processor.py:154} INFO - Started process (PID=1010) to work on /home/airflow/.local/lib/python3.7/site-packages/airflow/example_dags/example_task_group_decorator.py
[2023-11-11T17:38:04.122+0000] {processor.py:756} INFO - Processing file /home/airflow/.local/lib/python3.7/site-packages/airflow/example_dags/example_task_group_decorator.py for tasks to queue
[2023-11-11T17:38:04.122+0000] {logging_mixin.py:120} INFO - [2023-11-11T17:38:04.122+0000] {dagbag.py:537} INFO - Filling up the DagBag from /home/airflow/.local/lib/python3.7/site-packages/airflow/example_dags/example_task_group_decorator.py
[2023-11-11T17:38:04.186+0000] {processor.py:766} INFO - DAG(s) dict_keys(['example_task_group_decorator']) retrieved from /home/airflow/.local/lib/python3.7/site-packages/airflow/example_dags/example_task_group_decorator.py
[2023-11-11T17:38:04.271+0000] {logging_mixin.py:120} INFO - [2023-11-11T17:38:04.271+0000] {dag.py:2585} INFO - Sync 1 DAGs
[2023-11-11T17:38:04.329+0000] {logging_mixin.py:120} INFO - [2023-11-11T17:38:04.329+0000] {dag.py:3340} INFO - Setting next_dagrun for example_task_group_decorator to 2023-11-10T17:38:04.328987+00:00, run_after=2023-11-11T17:38:04.328987+00:00
[2023-11-11T17:38:04.369+0000] {processor.py:176} INFO - Processing /home/airflow/.local/lib/python3.7/site-packages/airflow/example_dags/example_task_group_decorator.py took 0.251 seconds
[2023-11-11T17:38:34.669+0000] {processor.py:154} INFO - Started process (PID=1073) to work on /home/airflow/.local/lib/python3.7/site-packages/airflow/example_dags/example_task_group_decorator.py
[2023-11-11T17:38:34.671+0000] {processor.py:756} INFO - Processing file /home/airflow/.local/lib/python3.7/site-packages/airflow/example_dags/example_task_group_decorator.py for tasks to queue
[2023-11-11T17:38:34.672+0000] {logging_mixin.py:120} INFO - [2023-11-11T17:38:34.672+0000] {dagbag.py:537} INFO - Filling up the DagBag from /home/airflow/.local/lib/python3.7/site-packages/airflow/example_dags/example_task_group_decorator.py
[2023-11-11T17:38:34.723+0000] {processor.py:766} INFO - DAG(s) dict_keys(['example_task_group_decorator']) retrieved from /home/airflow/.local/lib/python3.7/site-packages/airflow/example_dags/example_task_group_decorator.py
[2023-11-11T17:38:34.790+0000] {logging_mixin.py:120} INFO - [2023-11-11T17:38:34.790+0000] {dag.py:2585} INFO - Sync 1 DAGs
[2023-11-11T17:38:34.832+0000] {logging_mixin.py:120} INFO - [2023-11-11T17:38:34.832+0000] {dag.py:3340} INFO - Setting next_dagrun for example_task_group_decorator to 2023-11-10T17:38:34.832329+00:00, run_after=2023-11-11T17:38:34.832329+00:00
[2023-11-11T17:38:34.866+0000] {processor.py:176} INFO - Processing /home/airflow/.local/lib/python3.7/site-packages/airflow/example_dags/example_task_group_decorator.py took 0.202 seconds
[2023-11-11T17:39:04.894+0000] {processor.py:154} INFO - Started process (PID=1126) to work on /home/airflow/.local/lib/python3.7/site-packages/airflow/example_dags/example_task_group_decorator.py
[2023-11-11T17:39:04.895+0000] {processor.py:756} INFO - Processing file /home/airflow/.local/lib/python3.7/site-packages/airflow/example_dags/example_task_group_decorator.py for tasks to queue
[2023-11-11T17:39:04.896+0000] {logging_mixin.py:120} INFO - [2023-11-11T17:39:04.896+0000] {dagbag.py:537} INFO - Filling up the DagBag from /home/airflow/.local/lib/python3.7/site-packages/airflow/example_dags/example_task_group_decorator.py
[2023-11-11T17:39:04.948+0000] {processor.py:766} INFO - DAG(s) dict_keys(['example_task_group_decorator']) retrieved from /home/airflow/.local/lib/python3.7/site-packages/airflow/example_dags/example_task_group_decorator.py
[2023-11-11T17:39:05.019+0000] {logging_mixin.py:120} INFO - [2023-11-11T17:39:05.019+0000] {dag.py:2585} INFO - Sync 1 DAGs
[2023-11-11T17:39:05.066+0000] {logging_mixin.py:120} INFO - [2023-11-11T17:39:05.065+0000] {dag.py:3340} INFO - Setting next_dagrun for example_task_group_decorator to 2023-11-10T17:39:05.065306+00:00, run_after=2023-11-11T17:39:05.065306+00:00
[2023-11-11T17:39:05.112+0000] {processor.py:176} INFO - Processing /home/airflow/.local/lib/python3.7/site-packages/airflow/example_dags/example_task_group_decorator.py took 0.222 seconds
[2023-11-11T17:39:35.835+0000] {processor.py:154} INFO - Started process (PID=1190) to work on /home/airflow/.local/lib/python3.7/site-packages/airflow/example_dags/example_task_group_decorator.py
[2023-11-11T17:39:35.836+0000] {processor.py:756} INFO - Processing file /home/airflow/.local/lib/python3.7/site-packages/airflow/example_dags/example_task_group_decorator.py for tasks to queue
[2023-11-11T17:39:35.837+0000] {logging_mixin.py:120} INFO - [2023-11-11T17:39:35.837+0000] {dagbag.py:537} INFO - Filling up the DagBag from /home/airflow/.local/lib/python3.7/site-packages/airflow/example_dags/example_task_group_decorator.py
[2023-11-11T17:39:35.882+0000] {processor.py:766} INFO - DAG(s) dict_keys(['example_task_group_decorator']) retrieved from /home/airflow/.local/lib/python3.7/site-packages/airflow/example_dags/example_task_group_decorator.py
[2023-11-11T17:39:35.958+0000] {logging_mixin.py:120} INFO - [2023-11-11T17:39:35.957+0000] {dag.py:2585} INFO - Sync 1 DAGs
[2023-11-11T17:39:35.997+0000] {logging_mixin.py:120} INFO - [2023-11-11T17:39:35.997+0000] {dag.py:3340} INFO - Setting next_dagrun for example_task_group_decorator to 2023-11-10T17:39:35.997208+00:00, run_after=2023-11-11T17:39:35.997208+00:00
[2023-11-11T17:39:36.030+0000] {processor.py:176} INFO - Processing /home/airflow/.local/lib/python3.7/site-packages/airflow/example_dags/example_task_group_decorator.py took 0.200 seconds
