[2023-11-11T17:02:08.463+0000] {processor.py:154} INFO - Started process (PID=80) to work on /home/airflow/.local/lib/python3.7/site-packages/airflow/example_dags/example_bash_operator.py
[2023-11-11T17:02:08.466+0000] {processor.py:756} INFO - Processing file /home/airflow/.local/lib/python3.7/site-packages/airflow/example_dags/example_bash_operator.py for tasks to queue
[2023-11-11T17:02:08.469+0000] {logging_mixin.py:120} INFO - [2023-11-11T17:02:08.469+0000] {dagbag.py:537} INFO - Filling up the DagBag from /home/airflow/.local/lib/python3.7/site-packages/airflow/example_dags/example_bash_operator.py
[2023-11-11T17:02:08.621+0000] {processor.py:766} INFO - DAG(s) dict_keys(['example_bash_operator']) retrieved from /home/airflow/.local/lib/python3.7/site-packages/airflow/example_dags/example_bash_operator.py
[2023-11-11T17:02:08.903+0000] {logging_mixin.py:120} INFO - [2023-11-11T17:02:08.903+0000] {dag.py:2585} INFO - Sync 1 DAGs
[2023-11-11T17:02:09.055+0000] {logging_mixin.py:120} INFO - [2023-11-11T17:02:09.054+0000] {dag.py:3340} INFO - Setting next_dagrun for example_bash_operator to 2023-11-10T00:00:00+00:00, run_after=2023-11-11T00:00:00+00:00
[2023-11-11T17:02:09.106+0000] {processor.py:176} INFO - Processing /home/airflow/.local/lib/python3.7/site-packages/airflow/example_dags/example_bash_operator.py took 0.656 seconds
[2023-11-11T17:02:39.722+0000] {processor.py:154} INFO - Started process (PID=134) to work on /home/airflow/.local/lib/python3.7/site-packages/airflow/example_dags/example_bash_operator.py
[2023-11-11T17:02:39.743+0000] {processor.py:756} INFO - Processing file /home/airflow/.local/lib/python3.7/site-packages/airflow/example_dags/example_bash_operator.py for tasks to queue
[2023-11-11T17:02:39.745+0000] {logging_mixin.py:120} INFO - [2023-11-11T17:02:39.744+0000] {dagbag.py:537} INFO - Filling up the DagBag from /home/airflow/.local/lib/python3.7/site-packages/airflow/example_dags/example_bash_operator.py
[2023-11-11T17:02:39.854+0000] {processor.py:766} INFO - DAG(s) dict_keys(['example_bash_operator']) retrieved from /home/airflow/.local/lib/python3.7/site-packages/airflow/example_dags/example_bash_operator.py
[2023-11-11T17:02:40.024+0000] {logging_mixin.py:120} INFO - [2023-11-11T17:02:40.024+0000] {dag.py:2585} INFO - Sync 1 DAGs
[2023-11-11T17:02:40.111+0000] {logging_mixin.py:120} INFO - [2023-11-11T17:02:40.111+0000] {dag.py:3340} INFO - Setting next_dagrun for example_bash_operator to 2023-11-10T00:00:00+00:00, run_after=2023-11-11T00:00:00+00:00
[2023-11-11T17:02:40.147+0000] {processor.py:176} INFO - Processing /home/airflow/.local/lib/python3.7/site-packages/airflow/example_dags/example_bash_operator.py took 0.449 seconds
[2023-11-11T17:03:12.231+0000] {processor.py:154} INFO - Started process (PID=189) to work on /home/airflow/.local/lib/python3.7/site-packages/airflow/example_dags/example_bash_operator.py
[2023-11-11T17:03:12.234+0000] {processor.py:756} INFO - Processing file /home/airflow/.local/lib/python3.7/site-packages/airflow/example_dags/example_bash_operator.py for tasks to queue
[2023-11-11T17:03:12.237+0000] {logging_mixin.py:120} INFO - [2023-11-11T17:03:12.237+0000] {dagbag.py:537} INFO - Filling up the DagBag from /home/airflow/.local/lib/python3.7/site-packages/airflow/example_dags/example_bash_operator.py
[2023-11-11T17:03:12.307+0000] {processor.py:766} INFO - DAG(s) dict_keys(['example_bash_operator']) retrieved from /home/airflow/.local/lib/python3.7/site-packages/airflow/example_dags/example_bash_operator.py
[2023-11-11T17:03:12.462+0000] {logging_mixin.py:120} INFO - [2023-11-11T17:03:12.461+0000] {dag.py:2585} INFO - Sync 1 DAGs
[2023-11-11T17:03:12.545+0000] {logging_mixin.py:120} INFO - [2023-11-11T17:03:12.544+0000] {dag.py:3340} INFO - Setting next_dagrun for example_bash_operator to 2023-11-10T00:00:00+00:00, run_after=2023-11-11T00:00:00+00:00
[2023-11-11T17:03:12.588+0000] {processor.py:176} INFO - Processing /home/airflow/.local/lib/python3.7/site-packages/airflow/example_dags/example_bash_operator.py took 0.364 seconds
[2023-11-11T17:03:42.880+0000] {processor.py:154} INFO - Started process (PID=252) to work on /home/airflow/.local/lib/python3.7/site-packages/airflow/example_dags/example_bash_operator.py
[2023-11-11T17:03:42.882+0000] {processor.py:756} INFO - Processing file /home/airflow/.local/lib/python3.7/site-packages/airflow/example_dags/example_bash_operator.py for tasks to queue
[2023-11-11T17:03:42.883+0000] {logging_mixin.py:120} INFO - [2023-11-11T17:03:42.883+0000] {dagbag.py:537} INFO - Filling up the DagBag from /home/airflow/.local/lib/python3.7/site-packages/airflow/example_dags/example_bash_operator.py
[2023-11-11T17:03:42.922+0000] {processor.py:766} INFO - DAG(s) dict_keys(['example_bash_operator']) retrieved from /home/airflow/.local/lib/python3.7/site-packages/airflow/example_dags/example_bash_operator.py
[2023-11-11T17:03:43.009+0000] {logging_mixin.py:120} INFO - [2023-11-11T17:03:43.008+0000] {dag.py:2585} INFO - Sync 1 DAGs
[2023-11-11T17:03:43.049+0000] {logging_mixin.py:120} INFO - [2023-11-11T17:03:43.049+0000] {dag.py:3340} INFO - Setting next_dagrun for example_bash_operator to 2023-11-10T00:00:00+00:00, run_after=2023-11-11T00:00:00+00:00
[2023-11-11T17:03:43.075+0000] {processor.py:176} INFO - Processing /home/airflow/.local/lib/python3.7/site-packages/airflow/example_dags/example_bash_operator.py took 0.201 seconds
[2023-11-11T17:04:13.426+0000] {processor.py:154} INFO - Started process (PID=306) to work on /home/airflow/.local/lib/python3.7/site-packages/airflow/example_dags/example_bash_operator.py
[2023-11-11T17:04:13.427+0000] {processor.py:756} INFO - Processing file /home/airflow/.local/lib/python3.7/site-packages/airflow/example_dags/example_bash_operator.py for tasks to queue
[2023-11-11T17:04:13.428+0000] {logging_mixin.py:120} INFO - [2023-11-11T17:04:13.428+0000] {dagbag.py:537} INFO - Filling up the DagBag from /home/airflow/.local/lib/python3.7/site-packages/airflow/example_dags/example_bash_operator.py
[2023-11-11T17:04:13.455+0000] {processor.py:766} INFO - DAG(s) dict_keys(['example_bash_operator']) retrieved from /home/airflow/.local/lib/python3.7/site-packages/airflow/example_dags/example_bash_operator.py
[2023-11-11T17:04:13.516+0000] {logging_mixin.py:120} INFO - [2023-11-11T17:04:13.515+0000] {dag.py:2585} INFO - Sync 1 DAGs
[2023-11-11T17:04:13.549+0000] {logging_mixin.py:120} INFO - [2023-11-11T17:04:13.549+0000] {dag.py:3340} INFO - Setting next_dagrun for example_bash_operator to 2023-11-10T00:00:00+00:00, run_after=2023-11-11T00:00:00+00:00
[2023-11-11T17:04:13.573+0000] {processor.py:176} INFO - Processing /home/airflow/.local/lib/python3.7/site-packages/airflow/example_dags/example_bash_operator.py took 0.152 seconds
[2023-11-11T17:04:44.259+0000] {processor.py:154} INFO - Started process (PID=369) to work on /home/airflow/.local/lib/python3.7/site-packages/airflow/example_dags/example_bash_operator.py
[2023-11-11T17:04:44.260+0000] {processor.py:756} INFO - Processing file /home/airflow/.local/lib/python3.7/site-packages/airflow/example_dags/example_bash_operator.py for tasks to queue
[2023-11-11T17:04:44.261+0000] {logging_mixin.py:120} INFO - [2023-11-11T17:04:44.261+0000] {dagbag.py:537} INFO - Filling up the DagBag from /home/airflow/.local/lib/python3.7/site-packages/airflow/example_dags/example_bash_operator.py
[2023-11-11T17:04:44.289+0000] {processor.py:766} INFO - DAG(s) dict_keys(['example_bash_operator']) retrieved from /home/airflow/.local/lib/python3.7/site-packages/airflow/example_dags/example_bash_operator.py
[2023-11-11T17:04:44.345+0000] {logging_mixin.py:120} INFO - [2023-11-11T17:04:44.345+0000] {dag.py:2585} INFO - Sync 1 DAGs
[2023-11-11T17:04:44.378+0000] {logging_mixin.py:120} INFO - [2023-11-11T17:04:44.377+0000] {dag.py:3340} INFO - Setting next_dagrun for example_bash_operator to 2023-11-10T00:00:00+00:00, run_after=2023-11-11T00:00:00+00:00
[2023-11-11T17:04:44.403+0000] {processor.py:176} INFO - Processing /home/airflow/.local/lib/python3.7/site-packages/airflow/example_dags/example_bash_operator.py took 0.149 seconds
[2023-11-11T17:05:14.490+0000] {processor.py:154} INFO - Started process (PID=423) to work on /home/airflow/.local/lib/python3.7/site-packages/airflow/example_dags/example_bash_operator.py
[2023-11-11T17:05:14.492+0000] {processor.py:756} INFO - Processing file /home/airflow/.local/lib/python3.7/site-packages/airflow/example_dags/example_bash_operator.py for tasks to queue
[2023-11-11T17:05:14.492+0000] {logging_mixin.py:120} INFO - [2023-11-11T17:05:14.492+0000] {dagbag.py:537} INFO - Filling up the DagBag from /home/airflow/.local/lib/python3.7/site-packages/airflow/example_dags/example_bash_operator.py
[2023-11-11T17:05:14.519+0000] {processor.py:766} INFO - DAG(s) dict_keys(['example_bash_operator']) retrieved from /home/airflow/.local/lib/python3.7/site-packages/airflow/example_dags/example_bash_operator.py
[2023-11-11T17:05:14.631+0000] {logging_mixin.py:120} INFO - [2023-11-11T17:05:14.631+0000] {dag.py:2585} INFO - Sync 1 DAGs
[2023-11-11T17:05:14.662+0000] {logging_mixin.py:120} INFO - [2023-11-11T17:05:14.662+0000] {dag.py:3340} INFO - Setting next_dagrun for example_bash_operator to 2023-11-10T00:00:00+00:00, run_after=2023-11-11T00:00:00+00:00
[2023-11-11T17:05:14.687+0000] {processor.py:176} INFO - Processing /home/airflow/.local/lib/python3.7/site-packages/airflow/example_dags/example_bash_operator.py took 0.203 seconds
[2023-11-11T17:05:45.093+0000] {processor.py:154} INFO - Started process (PID=486) to work on /home/airflow/.local/lib/python3.7/site-packages/airflow/example_dags/example_bash_operator.py
[2023-11-11T17:05:45.095+0000] {processor.py:756} INFO - Processing file /home/airflow/.local/lib/python3.7/site-packages/airflow/example_dags/example_bash_operator.py for tasks to queue
[2023-11-11T17:05:45.096+0000] {logging_mixin.py:120} INFO - [2023-11-11T17:05:45.096+0000] {dagbag.py:537} INFO - Filling up the DagBag from /home/airflow/.local/lib/python3.7/site-packages/airflow/example_dags/example_bash_operator.py
[2023-11-11T17:05:45.129+0000] {processor.py:766} INFO - DAG(s) dict_keys(['example_bash_operator']) retrieved from /home/airflow/.local/lib/python3.7/site-packages/airflow/example_dags/example_bash_operator.py
[2023-11-11T17:05:45.222+0000] {logging_mixin.py:120} INFO - [2023-11-11T17:05:45.222+0000] {dag.py:2585} INFO - Sync 1 DAGs
[2023-11-11T17:05:45.262+0000] {logging_mixin.py:120} INFO - [2023-11-11T17:05:45.262+0000] {dag.py:3340} INFO - Setting next_dagrun for example_bash_operator to 2023-11-10T00:00:00+00:00, run_after=2023-11-11T00:00:00+00:00
[2023-11-11T17:05:45.298+0000] {processor.py:176} INFO - Processing /home/airflow/.local/lib/python3.7/site-packages/airflow/example_dags/example_bash_operator.py took 0.210 seconds
[2023-11-11T17:06:16.228+0000] {processor.py:154} INFO - Started process (PID=540) to work on /home/airflow/.local/lib/python3.7/site-packages/airflow/example_dags/example_bash_operator.py
[2023-11-11T17:06:16.229+0000] {processor.py:756} INFO - Processing file /home/airflow/.local/lib/python3.7/site-packages/airflow/example_dags/example_bash_operator.py for tasks to queue
[2023-11-11T17:06:16.232+0000] {logging_mixin.py:120} INFO - [2023-11-11T17:06:16.232+0000] {dagbag.py:537} INFO - Filling up the DagBag from /home/airflow/.local/lib/python3.7/site-packages/airflow/example_dags/example_bash_operator.py
[2023-11-11T17:06:16.284+0000] {processor.py:766} INFO - DAG(s) dict_keys(['example_bash_operator']) retrieved from /home/airflow/.local/lib/python3.7/site-packages/airflow/example_dags/example_bash_operator.py
[2023-11-11T17:06:16.379+0000] {logging_mixin.py:120} INFO - [2023-11-11T17:06:16.378+0000] {dag.py:2585} INFO - Sync 1 DAGs
[2023-11-11T17:06:16.462+0000] {logging_mixin.py:120} INFO - [2023-11-11T17:06:16.462+0000] {dag.py:3340} INFO - Setting next_dagrun for example_bash_operator to 2023-11-10T00:00:00+00:00, run_after=2023-11-11T00:00:00+00:00
[2023-11-11T17:06:16.528+0000] {processor.py:176} INFO - Processing /home/airflow/.local/lib/python3.7/site-packages/airflow/example_dags/example_bash_operator.py took 0.309 seconds
[2023-11-11T17:06:47.049+0000] {processor.py:154} INFO - Started process (PID=603) to work on /home/airflow/.local/lib/python3.7/site-packages/airflow/example_dags/example_bash_operator.py
[2023-11-11T17:06:47.050+0000] {processor.py:756} INFO - Processing file /home/airflow/.local/lib/python3.7/site-packages/airflow/example_dags/example_bash_operator.py for tasks to queue
[2023-11-11T17:06:47.052+0000] {logging_mixin.py:120} INFO - [2023-11-11T17:06:47.051+0000] {dagbag.py:537} INFO - Filling up the DagBag from /home/airflow/.local/lib/python3.7/site-packages/airflow/example_dags/example_bash_operator.py
[2023-11-11T17:06:47.087+0000] {processor.py:766} INFO - DAG(s) dict_keys(['example_bash_operator']) retrieved from /home/airflow/.local/lib/python3.7/site-packages/airflow/example_dags/example_bash_operator.py
[2023-11-11T17:06:47.158+0000] {logging_mixin.py:120} INFO - [2023-11-11T17:06:47.158+0000] {dag.py:2585} INFO - Sync 1 DAGs
[2023-11-11T17:06:47.206+0000] {logging_mixin.py:120} INFO - [2023-11-11T17:06:47.206+0000] {dag.py:3340} INFO - Setting next_dagrun for example_bash_operator to 2023-11-10T00:00:00+00:00, run_after=2023-11-11T00:00:00+00:00
[2023-11-11T17:06:47.233+0000] {processor.py:176} INFO - Processing /home/airflow/.local/lib/python3.7/site-packages/airflow/example_dags/example_bash_operator.py took 0.188 seconds
[2023-11-11T17:07:17.627+0000] {processor.py:154} INFO - Started process (PID=657) to work on /home/airflow/.local/lib/python3.7/site-packages/airflow/example_dags/example_bash_operator.py
[2023-11-11T17:07:17.628+0000] {processor.py:756} INFO - Processing file /home/airflow/.local/lib/python3.7/site-packages/airflow/example_dags/example_bash_operator.py for tasks to queue
[2023-11-11T17:07:17.629+0000] {logging_mixin.py:120} INFO - [2023-11-11T17:07:17.629+0000] {dagbag.py:537} INFO - Filling up the DagBag from /home/airflow/.local/lib/python3.7/site-packages/airflow/example_dags/example_bash_operator.py
[2023-11-11T17:07:17.654+0000] {processor.py:766} INFO - DAG(s) dict_keys(['example_bash_operator']) retrieved from /home/airflow/.local/lib/python3.7/site-packages/airflow/example_dags/example_bash_operator.py
[2023-11-11T17:07:17.726+0000] {logging_mixin.py:120} INFO - [2023-11-11T17:07:17.725+0000] {dag.py:2585} INFO - Sync 1 DAGs
[2023-11-11T17:07:17.764+0000] {logging_mixin.py:120} INFO - [2023-11-11T17:07:17.763+0000] {dag.py:3340} INFO - Setting next_dagrun for example_bash_operator to 2023-11-10T00:00:00+00:00, run_after=2023-11-11T00:00:00+00:00
[2023-11-11T17:07:17.791+0000] {processor.py:176} INFO - Processing /home/airflow/.local/lib/python3.7/site-packages/airflow/example_dags/example_bash_operator.py took 0.169 seconds
[2023-11-11T17:29:49.097+0000] {processor.py:154} INFO - Started process (PID=96) to work on /home/airflow/.local/lib/python3.7/site-packages/airflow/example_dags/example_bash_operator.py
[2023-11-11T17:29:49.107+0000] {processor.py:756} INFO - Processing file /home/airflow/.local/lib/python3.7/site-packages/airflow/example_dags/example_bash_operator.py for tasks to queue
[2023-11-11T17:29:49.109+0000] {logging_mixin.py:120} INFO - [2023-11-11T17:29:49.108+0000] {dagbag.py:537} INFO - Filling up the DagBag from /home/airflow/.local/lib/python3.7/site-packages/airflow/example_dags/example_bash_operator.py
[2023-11-11T17:29:49.458+0000] {processor.py:766} INFO - DAG(s) dict_keys(['example_bash_operator']) retrieved from /home/airflow/.local/lib/python3.7/site-packages/airflow/example_dags/example_bash_operator.py
[2023-11-11T17:29:50.918+0000] {logging_mixin.py:120} INFO - [2023-11-11T17:29:50.916+0000] {manager.py:507} INFO - Created Permission View: can read on DAG:example_bash_operator
[2023-11-11T17:29:50.973+0000] {logging_mixin.py:120} INFO - [2023-11-11T17:29:50.972+0000] {manager.py:507} INFO - Created Permission View: can delete on DAG:example_bash_operator
[2023-11-11T17:29:51.048+0000] {logging_mixin.py:120} INFO - [2023-11-11T17:29:51.048+0000] {manager.py:507} INFO - Created Permission View: can edit on DAG:example_bash_operator
[2023-11-11T17:29:51.049+0000] {logging_mixin.py:120} INFO - [2023-11-11T17:29:51.049+0000] {dag.py:2585} INFO - Sync 1 DAGs
[2023-11-11T17:29:51.234+0000] {logging_mixin.py:120} INFO - [2023-11-11T17:29:51.234+0000] {dag.py:2606} INFO - Creating ORM DAG for example_bash_operator
[2023-11-11T17:29:51.396+0000] {logging_mixin.py:120} INFO - [2023-11-11T17:29:51.395+0000] {dag.py:3340} INFO - Setting next_dagrun for example_bash_operator to 2023-11-10T00:00:00+00:00, run_after=2023-11-11T00:00:00+00:00
[2023-11-11T17:29:51.748+0000] {processor.py:176} INFO - Processing /home/airflow/.local/lib/python3.7/site-packages/airflow/example_dags/example_bash_operator.py took 2.665 seconds
[2023-11-11T17:30:21.925+0000] {processor.py:154} INFO - Started process (PID=149) to work on /home/airflow/.local/lib/python3.7/site-packages/airflow/example_dags/example_bash_operator.py
[2023-11-11T17:30:21.932+0000] {processor.py:756} INFO - Processing file /home/airflow/.local/lib/python3.7/site-packages/airflow/example_dags/example_bash_operator.py for tasks to queue
[2023-11-11T17:30:21.937+0000] {logging_mixin.py:120} INFO - [2023-11-11T17:30:21.936+0000] {dagbag.py:537} INFO - Filling up the DagBag from /home/airflow/.local/lib/python3.7/site-packages/airflow/example_dags/example_bash_operator.py
[2023-11-11T17:30:22.083+0000] {processor.py:766} INFO - DAG(s) dict_keys(['example_bash_operator']) retrieved from /home/airflow/.local/lib/python3.7/site-packages/airflow/example_dags/example_bash_operator.py
[2023-11-11T17:30:22.388+0000] {logging_mixin.py:120} INFO - [2023-11-11T17:30:22.387+0000] {dag.py:2585} INFO - Sync 1 DAGs
[2023-11-11T17:30:22.471+0000] {logging_mixin.py:120} INFO - [2023-11-11T17:30:22.471+0000] {dag.py:3340} INFO - Setting next_dagrun for example_bash_operator to 2023-11-10T00:00:00+00:00, run_after=2023-11-11T00:00:00+00:00
[2023-11-11T17:30:22.531+0000] {processor.py:176} INFO - Processing /home/airflow/.local/lib/python3.7/site-packages/airflow/example_dags/example_bash_operator.py took 0.631 seconds
[2023-11-11T17:30:52.703+0000] {processor.py:154} INFO - Started process (PID=203) to work on /home/airflow/.local/lib/python3.7/site-packages/airflow/example_dags/example_bash_operator.py
[2023-11-11T17:30:52.711+0000] {processor.py:756} INFO - Processing file /home/airflow/.local/lib/python3.7/site-packages/airflow/example_dags/example_bash_operator.py for tasks to queue
[2023-11-11T17:30:52.712+0000] {logging_mixin.py:120} INFO - [2023-11-11T17:30:52.712+0000] {dagbag.py:537} INFO - Filling up the DagBag from /home/airflow/.local/lib/python3.7/site-packages/airflow/example_dags/example_bash_operator.py
[2023-11-11T17:30:52.838+0000] {processor.py:766} INFO - DAG(s) dict_keys(['example_bash_operator']) retrieved from /home/airflow/.local/lib/python3.7/site-packages/airflow/example_dags/example_bash_operator.py
[2023-11-11T17:30:53.108+0000] {logging_mixin.py:120} INFO - [2023-11-11T17:30:53.107+0000] {dag.py:2585} INFO - Sync 1 DAGs
[2023-11-11T17:30:53.254+0000] {logging_mixin.py:120} INFO - [2023-11-11T17:30:53.254+0000] {dag.py:3340} INFO - Setting next_dagrun for example_bash_operator to 2023-11-10T00:00:00+00:00, run_after=2023-11-11T00:00:00+00:00
[2023-11-11T17:30:53.356+0000] {processor.py:176} INFO - Processing /home/airflow/.local/lib/python3.7/site-packages/airflow/example_dags/example_bash_operator.py took 0.664 seconds
[2023-11-11T17:31:23.973+0000] {processor.py:154} INFO - Started process (PID=258) to work on /home/airflow/.local/lib/python3.7/site-packages/airflow/example_dags/example_bash_operator.py
[2023-11-11T17:31:23.975+0000] {processor.py:756} INFO - Processing file /home/airflow/.local/lib/python3.7/site-packages/airflow/example_dags/example_bash_operator.py for tasks to queue
[2023-11-11T17:31:23.976+0000] {logging_mixin.py:120} INFO - [2023-11-11T17:31:23.976+0000] {dagbag.py:537} INFO - Filling up the DagBag from /home/airflow/.local/lib/python3.7/site-packages/airflow/example_dags/example_bash_operator.py
[2023-11-11T17:31:24.010+0000] {processor.py:766} INFO - DAG(s) dict_keys(['example_bash_operator']) retrieved from /home/airflow/.local/lib/python3.7/site-packages/airflow/example_dags/example_bash_operator.py
[2023-11-11T17:31:24.150+0000] {logging_mixin.py:120} INFO - [2023-11-11T17:31:24.150+0000] {dag.py:2585} INFO - Sync 1 DAGs
[2023-11-11T17:31:24.226+0000] {logging_mixin.py:120} INFO - [2023-11-11T17:31:24.226+0000] {dag.py:3340} INFO - Setting next_dagrun for example_bash_operator to 2023-11-10T00:00:00+00:00, run_after=2023-11-11T00:00:00+00:00
[2023-11-11T17:31:24.283+0000] {processor.py:176} INFO - Processing /home/airflow/.local/lib/python3.7/site-packages/airflow/example_dags/example_bash_operator.py took 0.315 seconds
[2023-11-11T17:31:55.308+0000] {processor.py:154} INFO - Started process (PID=312) to work on /home/airflow/.local/lib/python3.7/site-packages/airflow/example_dags/example_bash_operator.py
[2023-11-11T17:31:55.309+0000] {processor.py:756} INFO - Processing file /home/airflow/.local/lib/python3.7/site-packages/airflow/example_dags/example_bash_operator.py for tasks to queue
[2023-11-11T17:31:55.310+0000] {logging_mixin.py:120} INFO - [2023-11-11T17:31:55.310+0000] {dagbag.py:537} INFO - Filling up the DagBag from /home/airflow/.local/lib/python3.7/site-packages/airflow/example_dags/example_bash_operator.py
[2023-11-11T17:31:55.344+0000] {processor.py:766} INFO - DAG(s) dict_keys(['example_bash_operator']) retrieved from /home/airflow/.local/lib/python3.7/site-packages/airflow/example_dags/example_bash_operator.py
[2023-11-11T17:31:55.418+0000] {logging_mixin.py:120} INFO - [2023-11-11T17:31:55.418+0000] {dag.py:2585} INFO - Sync 1 DAGs
[2023-11-11T17:31:55.459+0000] {logging_mixin.py:120} INFO - [2023-11-11T17:31:55.459+0000] {dag.py:3340} INFO - Setting next_dagrun for example_bash_operator to 2023-11-10T00:00:00+00:00, run_after=2023-11-11T00:00:00+00:00
[2023-11-11T17:31:55.486+0000] {processor.py:176} INFO - Processing /home/airflow/.local/lib/python3.7/site-packages/airflow/example_dags/example_bash_operator.py took 0.184 seconds
[2023-11-11T17:32:25.718+0000] {processor.py:154} INFO - Started process (PID=373) to work on /home/airflow/.local/lib/python3.7/site-packages/airflow/example_dags/example_bash_operator.py
[2023-11-11T17:32:25.723+0000] {processor.py:756} INFO - Processing file /home/airflow/.local/lib/python3.7/site-packages/airflow/example_dags/example_bash_operator.py for tasks to queue
[2023-11-11T17:32:25.726+0000] {logging_mixin.py:120} INFO - [2023-11-11T17:32:25.725+0000] {dagbag.py:537} INFO - Filling up the DagBag from /home/airflow/.local/lib/python3.7/site-packages/airflow/example_dags/example_bash_operator.py
[2023-11-11T17:32:25.811+0000] {processor.py:766} INFO - DAG(s) dict_keys(['example_bash_operator']) retrieved from /home/airflow/.local/lib/python3.7/site-packages/airflow/example_dags/example_bash_operator.py
[2023-11-11T17:32:25.974+0000] {logging_mixin.py:120} INFO - [2023-11-11T17:32:25.973+0000] {dag.py:2585} INFO - Sync 1 DAGs
[2023-11-11T17:32:26.061+0000] {logging_mixin.py:120} INFO - [2023-11-11T17:32:26.060+0000] {dag.py:3340} INFO - Setting next_dagrun for example_bash_operator to 2023-11-10T00:00:00+00:00, run_after=2023-11-11T00:00:00+00:00
[2023-11-11T17:32:26.133+0000] {processor.py:176} INFO - Processing /home/airflow/.local/lib/python3.7/site-packages/airflow/example_dags/example_bash_operator.py took 0.423 seconds
[2023-11-11T17:32:56.347+0000] {processor.py:154} INFO - Started process (PID=429) to work on /home/airflow/.local/lib/python3.7/site-packages/airflow/example_dags/example_bash_operator.py
[2023-11-11T17:32:56.349+0000] {processor.py:756} INFO - Processing file /home/airflow/.local/lib/python3.7/site-packages/airflow/example_dags/example_bash_operator.py for tasks to queue
[2023-11-11T17:32:56.350+0000] {logging_mixin.py:120} INFO - [2023-11-11T17:32:56.350+0000] {dagbag.py:537} INFO - Filling up the DagBag from /home/airflow/.local/lib/python3.7/site-packages/airflow/example_dags/example_bash_operator.py
[2023-11-11T17:32:56.418+0000] {processor.py:766} INFO - DAG(s) dict_keys(['example_bash_operator']) retrieved from /home/airflow/.local/lib/python3.7/site-packages/airflow/example_dags/example_bash_operator.py
[2023-11-11T17:32:56.588+0000] {logging_mixin.py:120} INFO - [2023-11-11T17:32:56.588+0000] {dag.py:2585} INFO - Sync 1 DAGs
[2023-11-11T17:32:56.663+0000] {logging_mixin.py:120} INFO - [2023-11-11T17:32:56.663+0000] {dag.py:3340} INFO - Setting next_dagrun for example_bash_operator to 2023-11-10T00:00:00+00:00, run_after=2023-11-11T00:00:00+00:00
[2023-11-11T17:32:56.722+0000] {processor.py:176} INFO - Processing /home/airflow/.local/lib/python3.7/site-packages/airflow/example_dags/example_bash_operator.py took 0.382 seconds
[2023-11-11T17:33:26.809+0000] {processor.py:154} INFO - Started process (PID=483) to work on /home/airflow/.local/lib/python3.7/site-packages/airflow/example_dags/example_bash_operator.py
[2023-11-11T17:33:26.811+0000] {processor.py:756} INFO - Processing file /home/airflow/.local/lib/python3.7/site-packages/airflow/example_dags/example_bash_operator.py for tasks to queue
[2023-11-11T17:33:26.814+0000] {logging_mixin.py:120} INFO - [2023-11-11T17:33:26.814+0000] {dagbag.py:537} INFO - Filling up the DagBag from /home/airflow/.local/lib/python3.7/site-packages/airflow/example_dags/example_bash_operator.py
[2023-11-11T17:33:26.884+0000] {processor.py:766} INFO - DAG(s) dict_keys(['example_bash_operator']) retrieved from /home/airflow/.local/lib/python3.7/site-packages/airflow/example_dags/example_bash_operator.py
[2023-11-11T17:33:27.006+0000] {logging_mixin.py:120} INFO - [2023-11-11T17:33:27.006+0000] {dag.py:2585} INFO - Sync 1 DAGs
[2023-11-11T17:33:27.080+0000] {logging_mixin.py:120} INFO - [2023-11-11T17:33:27.080+0000] {dag.py:3340} INFO - Setting next_dagrun for example_bash_operator to 2023-11-10T00:00:00+00:00, run_after=2023-11-11T00:00:00+00:00
[2023-11-11T17:33:27.127+0000] {processor.py:176} INFO - Processing /home/airflow/.local/lib/python3.7/site-packages/airflow/example_dags/example_bash_operator.py took 0.328 seconds
[2023-11-11T17:33:57.954+0000] {processor.py:154} INFO - Started process (PID=546) to work on /home/airflow/.local/lib/python3.7/site-packages/airflow/example_dags/example_bash_operator.py
[2023-11-11T17:33:57.955+0000] {processor.py:756} INFO - Processing file /home/airflow/.local/lib/python3.7/site-packages/airflow/example_dags/example_bash_operator.py for tasks to queue
[2023-11-11T17:33:57.955+0000] {logging_mixin.py:120} INFO - [2023-11-11T17:33:57.955+0000] {dagbag.py:537} INFO - Filling up the DagBag from /home/airflow/.local/lib/python3.7/site-packages/airflow/example_dags/example_bash_operator.py
[2023-11-11T17:33:58.003+0000] {processor.py:766} INFO - DAG(s) dict_keys(['example_bash_operator']) retrieved from /home/airflow/.local/lib/python3.7/site-packages/airflow/example_dags/example_bash_operator.py
[2023-11-11T17:33:58.105+0000] {logging_mixin.py:120} INFO - [2023-11-11T17:33:58.105+0000] {dag.py:2585} INFO - Sync 1 DAGs
[2023-11-11T17:33:58.167+0000] {logging_mixin.py:120} INFO - [2023-11-11T17:33:58.167+0000] {dag.py:3340} INFO - Setting next_dagrun for example_bash_operator to 2023-11-10T00:00:00+00:00, run_after=2023-11-11T00:00:00+00:00
[2023-11-11T17:33:58.213+0000] {processor.py:176} INFO - Processing /home/airflow/.local/lib/python3.7/site-packages/airflow/example_dags/example_bash_operator.py took 0.265 seconds
[2023-11-11T17:34:28.477+0000] {processor.py:154} INFO - Started process (PID=602) to work on /home/airflow/.local/lib/python3.7/site-packages/airflow/example_dags/example_bash_operator.py
[2023-11-11T17:34:28.480+0000] {processor.py:756} INFO - Processing file /home/airflow/.local/lib/python3.7/site-packages/airflow/example_dags/example_bash_operator.py for tasks to queue
[2023-11-11T17:34:28.480+0000] {logging_mixin.py:120} INFO - [2023-11-11T17:34:28.480+0000] {dagbag.py:537} INFO - Filling up the DagBag from /home/airflow/.local/lib/python3.7/site-packages/airflow/example_dags/example_bash_operator.py
[2023-11-11T17:34:28.513+0000] {processor.py:766} INFO - DAG(s) dict_keys(['example_bash_operator']) retrieved from /home/airflow/.local/lib/python3.7/site-packages/airflow/example_dags/example_bash_operator.py
[2023-11-11T17:34:28.585+0000] {logging_mixin.py:120} INFO - [2023-11-11T17:34:28.585+0000] {dag.py:2585} INFO - Sync 1 DAGs
[2023-11-11T17:34:28.636+0000] {logging_mixin.py:120} INFO - [2023-11-11T17:34:28.636+0000] {dag.py:3340} INFO - Setting next_dagrun for example_bash_operator to 2023-11-10T00:00:00+00:00, run_after=2023-11-11T00:00:00+00:00
[2023-11-11T17:34:28.666+0000] {processor.py:176} INFO - Processing /home/airflow/.local/lib/python3.7/site-packages/airflow/example_dags/example_bash_operator.py took 0.192 seconds
[2023-11-11T17:34:59.222+0000] {processor.py:154} INFO - Started process (PID=657) to work on /home/airflow/.local/lib/python3.7/site-packages/airflow/example_dags/example_bash_operator.py
[2023-11-11T17:34:59.223+0000] {processor.py:756} INFO - Processing file /home/airflow/.local/lib/python3.7/site-packages/airflow/example_dags/example_bash_operator.py for tasks to queue
[2023-11-11T17:34:59.224+0000] {logging_mixin.py:120} INFO - [2023-11-11T17:34:59.224+0000] {dagbag.py:537} INFO - Filling up the DagBag from /home/airflow/.local/lib/python3.7/site-packages/airflow/example_dags/example_bash_operator.py
[2023-11-11T17:34:59.263+0000] {processor.py:766} INFO - DAG(s) dict_keys(['example_bash_operator']) retrieved from /home/airflow/.local/lib/python3.7/site-packages/airflow/example_dags/example_bash_operator.py
[2023-11-11T17:34:59.349+0000] {logging_mixin.py:120} INFO - [2023-11-11T17:34:59.349+0000] {dag.py:2585} INFO - Sync 1 DAGs
[2023-11-11T17:34:59.402+0000] {logging_mixin.py:120} INFO - [2023-11-11T17:34:59.402+0000] {dag.py:3340} INFO - Setting next_dagrun for example_bash_operator to 2023-11-10T00:00:00+00:00, run_after=2023-11-11T00:00:00+00:00
[2023-11-11T17:34:59.439+0000] {processor.py:176} INFO - Processing /home/airflow/.local/lib/python3.7/site-packages/airflow/example_dags/example_bash_operator.py took 0.221 seconds
[2023-11-11T17:35:29.718+0000] {processor.py:154} INFO - Started process (PID=720) to work on /home/airflow/.local/lib/python3.7/site-packages/airflow/example_dags/example_bash_operator.py
[2023-11-11T17:35:29.719+0000] {processor.py:756} INFO - Processing file /home/airflow/.local/lib/python3.7/site-packages/airflow/example_dags/example_bash_operator.py for tasks to queue
[2023-11-11T17:35:29.720+0000] {logging_mixin.py:120} INFO - [2023-11-11T17:35:29.720+0000] {dagbag.py:537} INFO - Filling up the DagBag from /home/airflow/.local/lib/python3.7/site-packages/airflow/example_dags/example_bash_operator.py
[2023-11-11T17:35:29.760+0000] {processor.py:766} INFO - DAG(s) dict_keys(['example_bash_operator']) retrieved from /home/airflow/.local/lib/python3.7/site-packages/airflow/example_dags/example_bash_operator.py
[2023-11-11T17:35:29.843+0000] {logging_mixin.py:120} INFO - [2023-11-11T17:35:29.843+0000] {dag.py:2585} INFO - Sync 1 DAGs
[2023-11-11T17:35:29.902+0000] {logging_mixin.py:120} INFO - [2023-11-11T17:35:29.902+0000] {dag.py:3340} INFO - Setting next_dagrun for example_bash_operator to 2023-11-10T00:00:00+00:00, run_after=2023-11-11T00:00:00+00:00
[2023-11-11T17:35:29.937+0000] {processor.py:176} INFO - Processing /home/airflow/.local/lib/python3.7/site-packages/airflow/example_dags/example_bash_operator.py took 0.226 seconds
[2023-11-11T17:36:00.220+0000] {processor.py:154} INFO - Started process (PID=774) to work on /home/airflow/.local/lib/python3.7/site-packages/airflow/example_dags/example_bash_operator.py
[2023-11-11T17:36:00.221+0000] {processor.py:756} INFO - Processing file /home/airflow/.local/lib/python3.7/site-packages/airflow/example_dags/example_bash_operator.py for tasks to queue
[2023-11-11T17:36:00.222+0000] {logging_mixin.py:120} INFO - [2023-11-11T17:36:00.222+0000] {dagbag.py:537} INFO - Filling up the DagBag from /home/airflow/.local/lib/python3.7/site-packages/airflow/example_dags/example_bash_operator.py
[2023-11-11T17:36:00.257+0000] {processor.py:766} INFO - DAG(s) dict_keys(['example_bash_operator']) retrieved from /home/airflow/.local/lib/python3.7/site-packages/airflow/example_dags/example_bash_operator.py
[2023-11-11T17:36:00.365+0000] {logging_mixin.py:120} INFO - [2023-11-11T17:36:00.365+0000] {dag.py:2585} INFO - Sync 1 DAGs
[2023-11-11T17:36:00.413+0000] {logging_mixin.py:120} INFO - [2023-11-11T17:36:00.413+0000] {dag.py:3340} INFO - Setting next_dagrun for example_bash_operator to 2023-11-10T00:00:00+00:00, run_after=2023-11-11T00:00:00+00:00
[2023-11-11T17:36:00.447+0000] {processor.py:176} INFO - Processing /home/airflow/.local/lib/python3.7/site-packages/airflow/example_dags/example_bash_operator.py took 0.233 seconds
[2023-11-11T17:36:30.713+0000] {processor.py:154} INFO - Started process (PID=837) to work on /home/airflow/.local/lib/python3.7/site-packages/airflow/example_dags/example_bash_operator.py
[2023-11-11T17:36:30.715+0000] {processor.py:756} INFO - Processing file /home/airflow/.local/lib/python3.7/site-packages/airflow/example_dags/example_bash_operator.py for tasks to queue
[2023-11-11T17:36:30.716+0000] {logging_mixin.py:120} INFO - [2023-11-11T17:36:30.716+0000] {dagbag.py:537} INFO - Filling up the DagBag from /home/airflow/.local/lib/python3.7/site-packages/airflow/example_dags/example_bash_operator.py
[2023-11-11T17:36:30.754+0000] {processor.py:766} INFO - DAG(s) dict_keys(['example_bash_operator']) retrieved from /home/airflow/.local/lib/python3.7/site-packages/airflow/example_dags/example_bash_operator.py
[2023-11-11T17:36:30.832+0000] {logging_mixin.py:120} INFO - [2023-11-11T17:36:30.832+0000] {dag.py:2585} INFO - Sync 1 DAGs
[2023-11-11T17:36:30.871+0000] {logging_mixin.py:120} INFO - [2023-11-11T17:36:30.871+0000] {dag.py:3340} INFO - Setting next_dagrun for example_bash_operator to 2023-11-10T00:00:00+00:00, run_after=2023-11-11T00:00:00+00:00
[2023-11-11T17:36:30.896+0000] {processor.py:176} INFO - Processing /home/airflow/.local/lib/python3.7/site-packages/airflow/example_dags/example_bash_operator.py took 0.187 seconds
[2023-11-11T17:37:01.240+0000] {processor.py:154} INFO - Started process (PID=891) to work on /home/airflow/.local/lib/python3.7/site-packages/airflow/example_dags/example_bash_operator.py
[2023-11-11T17:37:01.242+0000] {processor.py:756} INFO - Processing file /home/airflow/.local/lib/python3.7/site-packages/airflow/example_dags/example_bash_operator.py for tasks to queue
[2023-11-11T17:37:01.244+0000] {logging_mixin.py:120} INFO - [2023-11-11T17:37:01.244+0000] {dagbag.py:537} INFO - Filling up the DagBag from /home/airflow/.local/lib/python3.7/site-packages/airflow/example_dags/example_bash_operator.py
[2023-11-11T17:37:01.274+0000] {processor.py:766} INFO - DAG(s) dict_keys(['example_bash_operator']) retrieved from /home/airflow/.local/lib/python3.7/site-packages/airflow/example_dags/example_bash_operator.py
[2023-11-11T17:37:01.360+0000] {logging_mixin.py:120} INFO - [2023-11-11T17:37:01.360+0000] {dag.py:2585} INFO - Sync 1 DAGs
[2023-11-11T17:37:01.405+0000] {logging_mixin.py:120} INFO - [2023-11-11T17:37:01.405+0000] {dag.py:3340} INFO - Setting next_dagrun for example_bash_operator to 2023-11-10T00:00:00+00:00, run_after=2023-11-11T00:00:00+00:00
[2023-11-11T17:37:01.432+0000] {processor.py:176} INFO - Processing /home/airflow/.local/lib/python3.7/site-packages/airflow/example_dags/example_bash_operator.py took 0.196 seconds
[2023-11-11T17:37:31.528+0000] {processor.py:154} INFO - Started process (PID=954) to work on /home/airflow/.local/lib/python3.7/site-packages/airflow/example_dags/example_bash_operator.py
[2023-11-11T17:37:31.530+0000] {processor.py:756} INFO - Processing file /home/airflow/.local/lib/python3.7/site-packages/airflow/example_dags/example_bash_operator.py for tasks to queue
[2023-11-11T17:37:31.531+0000] {logging_mixin.py:120} INFO - [2023-11-11T17:37:31.530+0000] {dagbag.py:537} INFO - Filling up the DagBag from /home/airflow/.local/lib/python3.7/site-packages/airflow/example_dags/example_bash_operator.py
[2023-11-11T17:37:31.560+0000] {processor.py:766} INFO - DAG(s) dict_keys(['example_bash_operator']) retrieved from /home/airflow/.local/lib/python3.7/site-packages/airflow/example_dags/example_bash_operator.py
[2023-11-11T17:37:31.624+0000] {logging_mixin.py:120} INFO - [2023-11-11T17:37:31.624+0000] {dag.py:2585} INFO - Sync 1 DAGs
[2023-11-11T17:37:31.659+0000] {logging_mixin.py:120} INFO - [2023-11-11T17:37:31.659+0000] {dag.py:3340} INFO - Setting next_dagrun for example_bash_operator to 2023-11-10T00:00:00+00:00, run_after=2023-11-11T00:00:00+00:00
[2023-11-11T17:37:31.686+0000] {processor.py:176} INFO - Processing /home/airflow/.local/lib/python3.7/site-packages/airflow/example_dags/example_bash_operator.py took 0.161 seconds
[2023-11-11T17:38:01.928+0000] {processor.py:154} INFO - Started process (PID=1008) to work on /home/airflow/.local/lib/python3.7/site-packages/airflow/example_dags/example_bash_operator.py
[2023-11-11T17:38:01.930+0000] {processor.py:756} INFO - Processing file /home/airflow/.local/lib/python3.7/site-packages/airflow/example_dags/example_bash_operator.py for tasks to queue
[2023-11-11T17:38:01.931+0000] {logging_mixin.py:120} INFO - [2023-11-11T17:38:01.931+0000] {dagbag.py:537} INFO - Filling up the DagBag from /home/airflow/.local/lib/python3.7/site-packages/airflow/example_dags/example_bash_operator.py
[2023-11-11T17:38:01.983+0000] {processor.py:766} INFO - DAG(s) dict_keys(['example_bash_operator']) retrieved from /home/airflow/.local/lib/python3.7/site-packages/airflow/example_dags/example_bash_operator.py
[2023-11-11T17:38:02.095+0000] {logging_mixin.py:120} INFO - [2023-11-11T17:38:02.094+0000] {dag.py:2585} INFO - Sync 1 DAGs
[2023-11-11T17:38:02.156+0000] {logging_mixin.py:120} INFO - [2023-11-11T17:38:02.155+0000] {dag.py:3340} INFO - Setting next_dagrun for example_bash_operator to 2023-11-10T00:00:00+00:00, run_after=2023-11-11T00:00:00+00:00
[2023-11-11T17:38:02.206+0000] {processor.py:176} INFO - Processing /home/airflow/.local/lib/python3.7/site-packages/airflow/example_dags/example_bash_operator.py took 0.285 seconds
[2023-11-11T17:38:32.368+0000] {processor.py:154} INFO - Started process (PID=1071) to work on /home/airflow/.local/lib/python3.7/site-packages/airflow/example_dags/example_bash_operator.py
[2023-11-11T17:38:32.370+0000] {processor.py:756} INFO - Processing file /home/airflow/.local/lib/python3.7/site-packages/airflow/example_dags/example_bash_operator.py for tasks to queue
[2023-11-11T17:38:32.371+0000] {logging_mixin.py:120} INFO - [2023-11-11T17:38:32.371+0000] {dagbag.py:537} INFO - Filling up the DagBag from /home/airflow/.local/lib/python3.7/site-packages/airflow/example_dags/example_bash_operator.py
[2023-11-11T17:38:32.418+0000] {processor.py:766} INFO - DAG(s) dict_keys(['example_bash_operator']) retrieved from /home/airflow/.local/lib/python3.7/site-packages/airflow/example_dags/example_bash_operator.py
[2023-11-11T17:38:32.521+0000] {logging_mixin.py:120} INFO - [2023-11-11T17:38:32.521+0000] {dag.py:2585} INFO - Sync 1 DAGs
[2023-11-11T17:38:32.584+0000] {logging_mixin.py:120} INFO - [2023-11-11T17:38:32.583+0000] {dag.py:3340} INFO - Setting next_dagrun for example_bash_operator to 2023-11-10T00:00:00+00:00, run_after=2023-11-11T00:00:00+00:00
[2023-11-11T17:38:32.624+0000] {processor.py:176} INFO - Processing /home/airflow/.local/lib/python3.7/site-packages/airflow/example_dags/example_bash_operator.py took 0.270 seconds
[2023-11-11T17:39:02.699+0000] {processor.py:154} INFO - Started process (PID=1125) to work on /home/airflow/.local/lib/python3.7/site-packages/airflow/example_dags/example_bash_operator.py
[2023-11-11T17:39:02.701+0000] {processor.py:756} INFO - Processing file /home/airflow/.local/lib/python3.7/site-packages/airflow/example_dags/example_bash_operator.py for tasks to queue
[2023-11-11T17:39:02.702+0000] {logging_mixin.py:120} INFO - [2023-11-11T17:39:02.702+0000] {dagbag.py:537} INFO - Filling up the DagBag from /home/airflow/.local/lib/python3.7/site-packages/airflow/example_dags/example_bash_operator.py
[2023-11-11T17:39:02.778+0000] {processor.py:766} INFO - DAG(s) dict_keys(['example_bash_operator']) retrieved from /home/airflow/.local/lib/python3.7/site-packages/airflow/example_dags/example_bash_operator.py
[2023-11-11T17:39:02.924+0000] {logging_mixin.py:120} INFO - [2023-11-11T17:39:02.923+0000] {dag.py:2585} INFO - Sync 1 DAGs
[2023-11-11T17:39:02.996+0000] {logging_mixin.py:120} INFO - [2023-11-11T17:39:02.995+0000] {dag.py:3340} INFO - Setting next_dagrun for example_bash_operator to 2023-11-10T00:00:00+00:00, run_after=2023-11-11T00:00:00+00:00
[2023-11-11T17:39:03.039+0000] {processor.py:176} INFO - Processing /home/airflow/.local/lib/python3.7/site-packages/airflow/example_dags/example_bash_operator.py took 0.354 seconds
[2023-11-11T17:39:33.782+0000] {processor.py:154} INFO - Started process (PID=1188) to work on /home/airflow/.local/lib/python3.7/site-packages/airflow/example_dags/example_bash_operator.py
[2023-11-11T17:39:33.788+0000] {processor.py:756} INFO - Processing file /home/airflow/.local/lib/python3.7/site-packages/airflow/example_dags/example_bash_operator.py for tasks to queue
[2023-11-11T17:39:33.790+0000] {logging_mixin.py:120} INFO - [2023-11-11T17:39:33.789+0000] {dagbag.py:537} INFO - Filling up the DagBag from /home/airflow/.local/lib/python3.7/site-packages/airflow/example_dags/example_bash_operator.py
[2023-11-11T17:39:33.845+0000] {processor.py:766} INFO - DAG(s) dict_keys(['example_bash_operator']) retrieved from /home/airflow/.local/lib/python3.7/site-packages/airflow/example_dags/example_bash_operator.py
[2023-11-11T17:39:33.990+0000] {logging_mixin.py:120} INFO - [2023-11-11T17:39:33.990+0000] {dag.py:2585} INFO - Sync 1 DAGs
[2023-11-11T17:39:34.045+0000] {logging_mixin.py:120} INFO - [2023-11-11T17:39:34.045+0000] {dag.py:3340} INFO - Setting next_dagrun for example_bash_operator to 2023-11-10T00:00:00+00:00, run_after=2023-11-11T00:00:00+00:00
[2023-11-11T17:39:34.087+0000] {processor.py:176} INFO - Processing /home/airflow/.local/lib/python3.7/site-packages/airflow/example_dags/example_bash_operator.py took 0.311 seconds
