[2023-11-11T17:02:07.073+0000] {processor.py:154} INFO - Started process (PID=76) to work on /home/airflow/.local/lib/python3.7/site-packages/airflow/example_dags/example_sla_dag.py
[2023-11-11T17:02:07.074+0000] {processor.py:756} INFO - Processing file /home/airflow/.local/lib/python3.7/site-packages/airflow/example_dags/example_sla_dag.py for tasks to queue
[2023-11-11T17:02:07.076+0000] {logging_mixin.py:120} INFO - [2023-11-11T17:02:07.076+0000] {dagbag.py:537} INFO - Filling up the DagBag from /home/airflow/.local/lib/python3.7/site-packages/airflow/example_dags/example_sla_dag.py
[2023-11-11T17:02:07.196+0000] {processor.py:766} INFO - DAG(s) dict_keys(['example_sla_dag']) retrieved from /home/airflow/.local/lib/python3.7/site-packages/airflow/example_dags/example_sla_dag.py
[2023-11-11T17:02:07.407+0000] {logging_mixin.py:120} INFO - [2023-11-11T17:02:07.406+0000] {dag.py:2585} INFO - Sync 1 DAGs
[2023-11-11T17:02:07.508+0000] {logging_mixin.py:120} INFO - [2023-11-11T17:02:07.507+0000] {dag.py:3340} INFO - Setting next_dagrun for example_sla_dag to 2023-11-11T17:00:00+00:00, run_after=2023-11-11T17:02:00+00:00
[2023-11-11T17:02:07.577+0000] {processor.py:176} INFO - Processing /home/airflow/.local/lib/python3.7/site-packages/airflow/example_dags/example_sla_dag.py took 0.521 seconds
[2023-11-11T17:02:38.351+0000] {processor.py:154} INFO - Started process (PID=130) to work on /home/airflow/.local/lib/python3.7/site-packages/airflow/example_dags/example_sla_dag.py
[2023-11-11T17:02:38.353+0000] {processor.py:756} INFO - Processing file /home/airflow/.local/lib/python3.7/site-packages/airflow/example_dags/example_sla_dag.py for tasks to queue
[2023-11-11T17:02:38.358+0000] {logging_mixin.py:120} INFO - [2023-11-11T17:02:38.358+0000] {dagbag.py:537} INFO - Filling up the DagBag from /home/airflow/.local/lib/python3.7/site-packages/airflow/example_dags/example_sla_dag.py
[2023-11-11T17:02:38.393+0000] {processor.py:766} INFO - DAG(s) dict_keys(['example_sla_dag']) retrieved from /home/airflow/.local/lib/python3.7/site-packages/airflow/example_dags/example_sla_dag.py
[2023-11-11T17:02:38.467+0000] {logging_mixin.py:120} INFO - [2023-11-11T17:02:38.467+0000] {dag.py:2585} INFO - Sync 1 DAGs
[2023-11-11T17:02:38.527+0000] {logging_mixin.py:120} INFO - [2023-11-11T17:02:38.527+0000] {dag.py:3340} INFO - Setting next_dagrun for example_sla_dag to 2023-11-11T17:00:00+00:00, run_after=2023-11-11T17:02:00+00:00
[2023-11-11T17:02:38.566+0000] {processor.py:176} INFO - Processing /home/airflow/.local/lib/python3.7/site-packages/airflow/example_dags/example_sla_dag.py took 0.218 seconds
[2023-11-11T17:03:11.464+0000] {processor.py:154} INFO - Started process (PID=185) to work on /home/airflow/.local/lib/python3.7/site-packages/airflow/example_dags/example_sla_dag.py
[2023-11-11T17:03:11.466+0000] {processor.py:756} INFO - Processing file /home/airflow/.local/lib/python3.7/site-packages/airflow/example_dags/example_sla_dag.py for tasks to queue
[2023-11-11T17:03:11.468+0000] {logging_mixin.py:120} INFO - [2023-11-11T17:03:11.467+0000] {dagbag.py:537} INFO - Filling up the DagBag from /home/airflow/.local/lib/python3.7/site-packages/airflow/example_dags/example_sla_dag.py
[2023-11-11T17:03:11.555+0000] {processor.py:766} INFO - DAG(s) dict_keys(['example_sla_dag']) retrieved from /home/airflow/.local/lib/python3.7/site-packages/airflow/example_dags/example_sla_dag.py
[2023-11-11T17:03:11.689+0000] {logging_mixin.py:120} INFO - [2023-11-11T17:03:11.688+0000] {dag.py:2585} INFO - Sync 1 DAGs
[2023-11-11T17:03:11.765+0000] {logging_mixin.py:120} INFO - [2023-11-11T17:03:11.765+0000] {dag.py:3340} INFO - Setting next_dagrun for example_sla_dag to 2023-11-11T17:00:00+00:00, run_after=2023-11-11T17:02:00+00:00
[2023-11-11T17:03:11.798+0000] {processor.py:176} INFO - Processing /home/airflow/.local/lib/python3.7/site-packages/airflow/example_dags/example_sla_dag.py took 0.347 seconds
[2023-11-11T17:03:42.161+0000] {processor.py:154} INFO - Started process (PID=249) to work on /home/airflow/.local/lib/python3.7/site-packages/airflow/example_dags/example_sla_dag.py
[2023-11-11T17:03:42.162+0000] {processor.py:756} INFO - Processing file /home/airflow/.local/lib/python3.7/site-packages/airflow/example_dags/example_sla_dag.py for tasks to queue
[2023-11-11T17:03:42.164+0000] {logging_mixin.py:120} INFO - [2023-11-11T17:03:42.163+0000] {dagbag.py:537} INFO - Filling up the DagBag from /home/airflow/.local/lib/python3.7/site-packages/airflow/example_dags/example_sla_dag.py
[2023-11-11T17:03:42.216+0000] {processor.py:766} INFO - DAG(s) dict_keys(['example_sla_dag']) retrieved from /home/airflow/.local/lib/python3.7/site-packages/airflow/example_dags/example_sla_dag.py
[2023-11-11T17:03:42.304+0000] {logging_mixin.py:120} INFO - [2023-11-11T17:03:42.304+0000] {dag.py:2585} INFO - Sync 1 DAGs
[2023-11-11T17:03:42.415+0000] {logging_mixin.py:120} INFO - [2023-11-11T17:03:42.415+0000] {dag.py:3340} INFO - Setting next_dagrun for example_sla_dag to 2023-11-11T17:00:00+00:00, run_after=2023-11-11T17:02:00+00:00
[2023-11-11T17:03:42.540+0000] {processor.py:176} INFO - Processing /home/airflow/.local/lib/python3.7/site-packages/airflow/example_dags/example_sla_dag.py took 0.384 seconds
[2023-11-11T17:04:13.100+0000] {processor.py:154} INFO - Started process (PID=303) to work on /home/airflow/.local/lib/python3.7/site-packages/airflow/example_dags/example_sla_dag.py
[2023-11-11T17:04:13.101+0000] {processor.py:756} INFO - Processing file /home/airflow/.local/lib/python3.7/site-packages/airflow/example_dags/example_sla_dag.py for tasks to queue
[2023-11-11T17:04:13.102+0000] {logging_mixin.py:120} INFO - [2023-11-11T17:04:13.102+0000] {dagbag.py:537} INFO - Filling up the DagBag from /home/airflow/.local/lib/python3.7/site-packages/airflow/example_dags/example_sla_dag.py
[2023-11-11T17:04:13.144+0000] {processor.py:766} INFO - DAG(s) dict_keys(['example_sla_dag']) retrieved from /home/airflow/.local/lib/python3.7/site-packages/airflow/example_dags/example_sla_dag.py
[2023-11-11T17:04:13.192+0000] {logging_mixin.py:120} INFO - [2023-11-11T17:04:13.192+0000] {dag.py:2585} INFO - Sync 1 DAGs
[2023-11-11T17:04:13.230+0000] {logging_mixin.py:120} INFO - [2023-11-11T17:04:13.229+0000] {dag.py:3340} INFO - Setting next_dagrun for example_sla_dag to 2023-11-11T17:02:00+00:00, run_after=2023-11-11T17:04:00+00:00
[2023-11-11T17:04:13.254+0000] {processor.py:176} INFO - Processing /home/airflow/.local/lib/python3.7/site-packages/airflow/example_dags/example_sla_dag.py took 0.159 seconds
[2023-11-11T17:04:43.922+0000] {processor.py:154} INFO - Started process (PID=366) to work on /home/airflow/.local/lib/python3.7/site-packages/airflow/example_dags/example_sla_dag.py
[2023-11-11T17:04:43.924+0000] {processor.py:756} INFO - Processing file /home/airflow/.local/lib/python3.7/site-packages/airflow/example_dags/example_sla_dag.py for tasks to queue
[2023-11-11T17:04:43.926+0000] {logging_mixin.py:120} INFO - [2023-11-11T17:04:43.926+0000] {dagbag.py:537} INFO - Filling up the DagBag from /home/airflow/.local/lib/python3.7/site-packages/airflow/example_dags/example_sla_dag.py
[2023-11-11T17:04:43.980+0000] {processor.py:766} INFO - DAG(s) dict_keys(['example_sla_dag']) retrieved from /home/airflow/.local/lib/python3.7/site-packages/airflow/example_dags/example_sla_dag.py
[2023-11-11T17:04:44.029+0000] {logging_mixin.py:120} INFO - [2023-11-11T17:04:44.029+0000] {dag.py:2585} INFO - Sync 1 DAGs
[2023-11-11T17:04:44.070+0000] {logging_mixin.py:120} INFO - [2023-11-11T17:04:44.070+0000] {dag.py:3340} INFO - Setting next_dagrun for example_sla_dag to 2023-11-11T17:02:00+00:00, run_after=2023-11-11T17:04:00+00:00
[2023-11-11T17:04:44.094+0000] {processor.py:176} INFO - Processing /home/airflow/.local/lib/python3.7/site-packages/airflow/example_dags/example_sla_dag.py took 0.180 seconds
[2023-11-11T17:05:14.162+0000] {processor.py:154} INFO - Started process (PID=420) to work on /home/airflow/.local/lib/python3.7/site-packages/airflow/example_dags/example_sla_dag.py
[2023-11-11T17:05:14.167+0000] {processor.py:756} INFO - Processing file /home/airflow/.local/lib/python3.7/site-packages/airflow/example_dags/example_sla_dag.py for tasks to queue
[2023-11-11T17:05:14.168+0000] {logging_mixin.py:120} INFO - [2023-11-11T17:05:14.168+0000] {dagbag.py:537} INFO - Filling up the DagBag from /home/airflow/.local/lib/python3.7/site-packages/airflow/example_dags/example_sla_dag.py
[2023-11-11T17:05:14.200+0000] {processor.py:766} INFO - DAG(s) dict_keys(['example_sla_dag']) retrieved from /home/airflow/.local/lib/python3.7/site-packages/airflow/example_dags/example_sla_dag.py
[2023-11-11T17:05:14.255+0000] {logging_mixin.py:120} INFO - [2023-11-11T17:05:14.255+0000] {dag.py:2585} INFO - Sync 1 DAGs
[2023-11-11T17:05:14.290+0000] {logging_mixin.py:120} INFO - [2023-11-11T17:05:14.290+0000] {dag.py:3340} INFO - Setting next_dagrun for example_sla_dag to 2023-11-11T17:02:00+00:00, run_after=2023-11-11T17:04:00+00:00
[2023-11-11T17:05:14.314+0000] {processor.py:176} INFO - Processing /home/airflow/.local/lib/python3.7/site-packages/airflow/example_dags/example_sla_dag.py took 0.156 seconds
[2023-11-11T17:05:44.746+0000] {processor.py:154} INFO - Started process (PID=483) to work on /home/airflow/.local/lib/python3.7/site-packages/airflow/example_dags/example_sla_dag.py
[2023-11-11T17:05:44.747+0000] {processor.py:756} INFO - Processing file /home/airflow/.local/lib/python3.7/site-packages/airflow/example_dags/example_sla_dag.py for tasks to queue
[2023-11-11T17:05:44.747+0000] {logging_mixin.py:120} INFO - [2023-11-11T17:05:44.747+0000] {dagbag.py:537} INFO - Filling up the DagBag from /home/airflow/.local/lib/python3.7/site-packages/airflow/example_dags/example_sla_dag.py
[2023-11-11T17:05:44.782+0000] {processor.py:766} INFO - DAG(s) dict_keys(['example_sla_dag']) retrieved from /home/airflow/.local/lib/python3.7/site-packages/airflow/example_dags/example_sla_dag.py
[2023-11-11T17:05:44.834+0000] {logging_mixin.py:120} INFO - [2023-11-11T17:05:44.834+0000] {dag.py:2585} INFO - Sync 1 DAGs
[2023-11-11T17:05:44.874+0000] {logging_mixin.py:120} INFO - [2023-11-11T17:05:44.873+0000] {dag.py:3340} INFO - Setting next_dagrun for example_sla_dag to 2023-11-11T17:02:00+00:00, run_after=2023-11-11T17:04:00+00:00
[2023-11-11T17:05:44.903+0000] {processor.py:176} INFO - Processing /home/airflow/.local/lib/python3.7/site-packages/airflow/example_dags/example_sla_dag.py took 0.162 seconds
[2023-11-11T17:06:15.216+0000] {processor.py:154} INFO - Started process (PID=537) to work on /home/airflow/.local/lib/python3.7/site-packages/airflow/example_dags/example_sla_dag.py
[2023-11-11T17:06:15.230+0000] {processor.py:756} INFO - Processing file /home/airflow/.local/lib/python3.7/site-packages/airflow/example_dags/example_sla_dag.py for tasks to queue
[2023-11-11T17:06:15.232+0000] {logging_mixin.py:120} INFO - [2023-11-11T17:06:15.231+0000] {dagbag.py:537} INFO - Filling up the DagBag from /home/airflow/.local/lib/python3.7/site-packages/airflow/example_dags/example_sla_dag.py
[2023-11-11T17:06:15.373+0000] {processor.py:766} INFO - DAG(s) dict_keys(['example_sla_dag']) retrieved from /home/airflow/.local/lib/python3.7/site-packages/airflow/example_dags/example_sla_dag.py
[2023-11-11T17:06:15.703+0000] {logging_mixin.py:120} INFO - [2023-11-11T17:06:15.703+0000] {dag.py:2585} INFO - Sync 1 DAGs
[2023-11-11T17:06:15.776+0000] {logging_mixin.py:120} INFO - [2023-11-11T17:06:15.776+0000] {dag.py:3340} INFO - Setting next_dagrun for example_sla_dag to 2023-11-11T17:04:00+00:00, run_after=2023-11-11T17:06:00+00:00
[2023-11-11T17:06:15.813+0000] {processor.py:176} INFO - Processing /home/airflow/.local/lib/python3.7/site-packages/airflow/example_dags/example_sla_dag.py took 0.620 seconds
[2023-11-11T17:06:45.964+0000] {processor.py:154} INFO - Started process (PID=600) to work on /home/airflow/.local/lib/python3.7/site-packages/airflow/example_dags/example_sla_dag.py
[2023-11-11T17:06:45.966+0000] {processor.py:756} INFO - Processing file /home/airflow/.local/lib/python3.7/site-packages/airflow/example_dags/example_sla_dag.py for tasks to queue
[2023-11-11T17:06:45.967+0000] {logging_mixin.py:120} INFO - [2023-11-11T17:06:45.967+0000] {dagbag.py:537} INFO - Filling up the DagBag from /home/airflow/.local/lib/python3.7/site-packages/airflow/example_dags/example_sla_dag.py
[2023-11-11T17:06:45.999+0000] {processor.py:766} INFO - DAG(s) dict_keys(['example_sla_dag']) retrieved from /home/airflow/.local/lib/python3.7/site-packages/airflow/example_dags/example_sla_dag.py
[2023-11-11T17:06:46.051+0000] {logging_mixin.py:120} INFO - [2023-11-11T17:06:46.050+0000] {dag.py:2585} INFO - Sync 1 DAGs
[2023-11-11T17:06:46.097+0000] {logging_mixin.py:120} INFO - [2023-11-11T17:06:46.097+0000] {dag.py:3340} INFO - Setting next_dagrun for example_sla_dag to 2023-11-11T17:04:00+00:00, run_after=2023-11-11T17:06:00+00:00
[2023-11-11T17:06:46.119+0000] {processor.py:176} INFO - Processing /home/airflow/.local/lib/python3.7/site-packages/airflow/example_dags/example_sla_dag.py took 0.161 seconds
[2023-11-11T17:07:16.515+0000] {processor.py:154} INFO - Started process (PID=654) to work on /home/airflow/.local/lib/python3.7/site-packages/airflow/example_dags/example_sla_dag.py
[2023-11-11T17:07:16.517+0000] {processor.py:756} INFO - Processing file /home/airflow/.local/lib/python3.7/site-packages/airflow/example_dags/example_sla_dag.py for tasks to queue
[2023-11-11T17:07:16.518+0000] {logging_mixin.py:120} INFO - [2023-11-11T17:07:16.518+0000] {dagbag.py:537} INFO - Filling up the DagBag from /home/airflow/.local/lib/python3.7/site-packages/airflow/example_dags/example_sla_dag.py
[2023-11-11T17:07:16.554+0000] {processor.py:766} INFO - DAG(s) dict_keys(['example_sla_dag']) retrieved from /home/airflow/.local/lib/python3.7/site-packages/airflow/example_dags/example_sla_dag.py
[2023-11-11T17:07:16.623+0000] {logging_mixin.py:120} INFO - [2023-11-11T17:07:16.623+0000] {dag.py:2585} INFO - Sync 1 DAGs
[2023-11-11T17:07:16.668+0000] {logging_mixin.py:120} INFO - [2023-11-11T17:07:16.668+0000] {dag.py:3340} INFO - Setting next_dagrun for example_sla_dag to 2023-11-11T17:04:00+00:00, run_after=2023-11-11T17:06:00+00:00
[2023-11-11T17:07:16.694+0000] {processor.py:176} INFO - Processing /home/airflow/.local/lib/python3.7/site-packages/airflow/example_dags/example_sla_dag.py took 0.183 seconds
[2023-11-11T17:29:46.332+0000] {processor.py:154} INFO - Started process (PID=92) to work on /home/airflow/.local/lib/python3.7/site-packages/airflow/example_dags/example_sla_dag.py
[2023-11-11T17:29:46.591+0000] {processor.py:756} INFO - Processing file /home/airflow/.local/lib/python3.7/site-packages/airflow/example_dags/example_sla_dag.py for tasks to queue
[2023-11-11T17:29:46.593+0000] {logging_mixin.py:120} INFO - [2023-11-11T17:29:46.593+0000] {dagbag.py:537} INFO - Filling up the DagBag from /home/airflow/.local/lib/python3.7/site-packages/airflow/example_dags/example_sla_dag.py
[2023-11-11T17:29:46.683+0000] {processor.py:766} INFO - DAG(s) dict_keys(['example_sla_dag']) retrieved from /home/airflow/.local/lib/python3.7/site-packages/airflow/example_dags/example_sla_dag.py
[2023-11-11T17:29:47.281+0000] {logging_mixin.py:120} INFO - [2023-11-11T17:29:47.280+0000] {manager.py:507} INFO - Created Permission View: can read on DAG:example_sla_dag
[2023-11-11T17:29:47.319+0000] {logging_mixin.py:120} INFO - [2023-11-11T17:29:47.318+0000] {manager.py:507} INFO - Created Permission View: can delete on DAG:example_sla_dag
[2023-11-11T17:29:47.359+0000] {logging_mixin.py:120} INFO - [2023-11-11T17:29:47.359+0000] {manager.py:507} INFO - Created Permission View: can edit on DAG:example_sla_dag
[2023-11-11T17:29:47.360+0000] {logging_mixin.py:120} INFO - [2023-11-11T17:29:47.360+0000] {dag.py:2585} INFO - Sync 1 DAGs
[2023-11-11T17:29:47.432+0000] {logging_mixin.py:120} INFO - [2023-11-11T17:29:47.431+0000] {dag.py:2606} INFO - Creating ORM DAG for example_sla_dag
[2023-11-11T17:29:47.511+0000] {logging_mixin.py:120} INFO - [2023-11-11T17:29:47.510+0000] {dag.py:3340} INFO - Setting next_dagrun for example_sla_dag to 2023-11-11T17:26:00+00:00, run_after=2023-11-11T17:28:00+00:00
[2023-11-11T17:29:47.589+0000] {processor.py:176} INFO - Processing /home/airflow/.local/lib/python3.7/site-packages/airflow/example_dags/example_sla_dag.py took 1.269 seconds
[2023-11-11T17:30:17.800+0000] {processor.py:154} INFO - Started process (PID=145) to work on /home/airflow/.local/lib/python3.7/site-packages/airflow/example_dags/example_sla_dag.py
[2023-11-11T17:30:17.811+0000] {processor.py:756} INFO - Processing file /home/airflow/.local/lib/python3.7/site-packages/airflow/example_dags/example_sla_dag.py for tasks to queue
[2023-11-11T17:30:17.814+0000] {logging_mixin.py:120} INFO - [2023-11-11T17:30:17.813+0000] {dagbag.py:537} INFO - Filling up the DagBag from /home/airflow/.local/lib/python3.7/site-packages/airflow/example_dags/example_sla_dag.py
[2023-11-11T17:30:17.985+0000] {processor.py:766} INFO - DAG(s) dict_keys(['example_sla_dag']) retrieved from /home/airflow/.local/lib/python3.7/site-packages/airflow/example_dags/example_sla_dag.py
[2023-11-11T17:30:18.146+0000] {logging_mixin.py:120} INFO - [2023-11-11T17:30:18.146+0000] {dag.py:2585} INFO - Sync 1 DAGs
[2023-11-11T17:30:18.287+0000] {logging_mixin.py:120} INFO - [2023-11-11T17:30:18.286+0000] {dag.py:3340} INFO - Setting next_dagrun for example_sla_dag to 2023-11-11T17:28:00+00:00, run_after=2023-11-11T17:30:00+00:00
[2023-11-11T17:30:18.449+0000] {processor.py:176} INFO - Processing /home/airflow/.local/lib/python3.7/site-packages/airflow/example_dags/example_sla_dag.py took 0.659 seconds
[2023-11-11T17:30:49.571+0000] {processor.py:154} INFO - Started process (PID=200) to work on /home/airflow/.local/lib/python3.7/site-packages/airflow/example_dags/example_sla_dag.py
[2023-11-11T17:30:49.573+0000] {processor.py:756} INFO - Processing file /home/airflow/.local/lib/python3.7/site-packages/airflow/example_dags/example_sla_dag.py for tasks to queue
[2023-11-11T17:30:49.576+0000] {logging_mixin.py:120} INFO - [2023-11-11T17:30:49.576+0000] {dagbag.py:537} INFO - Filling up the DagBag from /home/airflow/.local/lib/python3.7/site-packages/airflow/example_dags/example_sla_dag.py
[2023-11-11T17:30:49.736+0000] {processor.py:766} INFO - DAG(s) dict_keys(['example_sla_dag']) retrieved from /home/airflow/.local/lib/python3.7/site-packages/airflow/example_dags/example_sla_dag.py
[2023-11-11T17:30:49.982+0000] {logging_mixin.py:120} INFO - [2023-11-11T17:30:49.981+0000] {dag.py:2585} INFO - Sync 1 DAGs
[2023-11-11T17:30:50.232+0000] {logging_mixin.py:120} INFO - [2023-11-11T17:30:50.231+0000] {dag.py:3340} INFO - Setting next_dagrun for example_sla_dag to 2023-11-11T17:28:00+00:00, run_after=2023-11-11T17:30:00+00:00
[2023-11-11T17:30:50.398+0000] {processor.py:176} INFO - Processing /home/airflow/.local/lib/python3.7/site-packages/airflow/example_dags/example_sla_dag.py took 0.844 seconds
[2023-11-11T17:31:20.596+0000] {processor.py:154} INFO - Started process (PID=255) to work on /home/airflow/.local/lib/python3.7/site-packages/airflow/example_dags/example_sla_dag.py
[2023-11-11T17:31:20.602+0000] {processor.py:756} INFO - Processing file /home/airflow/.local/lib/python3.7/site-packages/airflow/example_dags/example_sla_dag.py for tasks to queue
[2023-11-11T17:31:20.603+0000] {logging_mixin.py:120} INFO - [2023-11-11T17:31:20.603+0000] {dagbag.py:537} INFO - Filling up the DagBag from /home/airflow/.local/lib/python3.7/site-packages/airflow/example_dags/example_sla_dag.py
[2023-11-11T17:31:20.672+0000] {processor.py:766} INFO - DAG(s) dict_keys(['example_sla_dag']) retrieved from /home/airflow/.local/lib/python3.7/site-packages/airflow/example_dags/example_sla_dag.py
[2023-11-11T17:31:20.795+0000] {logging_mixin.py:120} INFO - [2023-11-11T17:31:20.795+0000] {dag.py:2585} INFO - Sync 1 DAGs
[2023-11-11T17:31:20.883+0000] {logging_mixin.py:120} INFO - [2023-11-11T17:31:20.881+0000] {dag.py:3340} INFO - Setting next_dagrun for example_sla_dag to 2023-11-11T17:28:00+00:00, run_after=2023-11-11T17:30:00+00:00
[2023-11-11T17:31:20.944+0000] {processor.py:176} INFO - Processing /home/airflow/.local/lib/python3.7/site-packages/airflow/example_dags/example_sla_dag.py took 0.358 seconds
[2023-11-11T17:31:51.010+0000] {processor.py:154} INFO - Started process (PID=309) to work on /home/airflow/.local/lib/python3.7/site-packages/airflow/example_dags/example_sla_dag.py
[2023-11-11T17:31:51.012+0000] {processor.py:756} INFO - Processing file /home/airflow/.local/lib/python3.7/site-packages/airflow/example_dags/example_sla_dag.py for tasks to queue
[2023-11-11T17:31:51.013+0000] {logging_mixin.py:120} INFO - [2023-11-11T17:31:51.013+0000] {dagbag.py:537} INFO - Filling up the DagBag from /home/airflow/.local/lib/python3.7/site-packages/airflow/example_dags/example_sla_dag.py
[2023-11-11T17:31:51.071+0000] {processor.py:766} INFO - DAG(s) dict_keys(['example_sla_dag']) retrieved from /home/airflow/.local/lib/python3.7/site-packages/airflow/example_dags/example_sla_dag.py
[2023-11-11T17:31:51.163+0000] {logging_mixin.py:120} INFO - [2023-11-11T17:31:51.163+0000] {dag.py:2585} INFO - Sync 1 DAGs
[2023-11-11T17:31:51.217+0000] {logging_mixin.py:120} INFO - [2023-11-11T17:31:51.216+0000] {dag.py:3340} INFO - Setting next_dagrun for example_sla_dag to 2023-11-11T17:28:00+00:00, run_after=2023-11-11T17:30:00+00:00
[2023-11-11T17:31:51.256+0000] {processor.py:176} INFO - Processing /home/airflow/.local/lib/python3.7/site-packages/airflow/example_dags/example_sla_dag.py took 0.255 seconds
[2023-11-11T17:32:21.393+0000] {processor.py:154} INFO - Started process (PID=363) to work on /home/airflow/.local/lib/python3.7/site-packages/airflow/example_dags/example_sla_dag.py
[2023-11-11T17:32:21.396+0000] {processor.py:756} INFO - Processing file /home/airflow/.local/lib/python3.7/site-packages/airflow/example_dags/example_sla_dag.py for tasks to queue
[2023-11-11T17:32:21.397+0000] {logging_mixin.py:120} INFO - [2023-11-11T17:32:21.397+0000] {dagbag.py:537} INFO - Filling up the DagBag from /home/airflow/.local/lib/python3.7/site-packages/airflow/example_dags/example_sla_dag.py
[2023-11-11T17:32:21.440+0000] {processor.py:766} INFO - DAG(s) dict_keys(['example_sla_dag']) retrieved from /home/airflow/.local/lib/python3.7/site-packages/airflow/example_dags/example_sla_dag.py
[2023-11-11T17:32:21.515+0000] {logging_mixin.py:120} INFO - [2023-11-11T17:32:21.515+0000] {dag.py:2585} INFO - Sync 1 DAGs
[2023-11-11T17:32:21.577+0000] {logging_mixin.py:120} INFO - [2023-11-11T17:32:21.577+0000] {dag.py:3340} INFO - Setting next_dagrun for example_sla_dag to 2023-11-11T17:30:00+00:00, run_after=2023-11-11T17:32:00+00:00
[2023-11-11T17:32:21.608+0000] {processor.py:176} INFO - Processing /home/airflow/.local/lib/python3.7/site-packages/airflow/example_dags/example_sla_dag.py took 0.222 seconds
[2023-11-11T17:32:52.468+0000] {processor.py:154} INFO - Started process (PID=426) to work on /home/airflow/.local/lib/python3.7/site-packages/airflow/example_dags/example_sla_dag.py
[2023-11-11T17:32:52.469+0000] {processor.py:756} INFO - Processing file /home/airflow/.local/lib/python3.7/site-packages/airflow/example_dags/example_sla_dag.py for tasks to queue
[2023-11-11T17:32:52.470+0000] {logging_mixin.py:120} INFO - [2023-11-11T17:32:52.470+0000] {dagbag.py:537} INFO - Filling up the DagBag from /home/airflow/.local/lib/python3.7/site-packages/airflow/example_dags/example_sla_dag.py
[2023-11-11T17:32:52.527+0000] {processor.py:766} INFO - DAG(s) dict_keys(['example_sla_dag']) retrieved from /home/airflow/.local/lib/python3.7/site-packages/airflow/example_dags/example_sla_dag.py
[2023-11-11T17:32:52.630+0000] {logging_mixin.py:120} INFO - [2023-11-11T17:32:52.629+0000] {dag.py:2585} INFO - Sync 1 DAGs
[2023-11-11T17:32:52.700+0000] {logging_mixin.py:120} INFO - [2023-11-11T17:32:52.700+0000] {dag.py:3340} INFO - Setting next_dagrun for example_sla_dag to 2023-11-11T17:30:00+00:00, run_after=2023-11-11T17:32:00+00:00
[2023-11-11T17:32:52.740+0000] {processor.py:176} INFO - Processing /home/airflow/.local/lib/python3.7/site-packages/airflow/example_dags/example_sla_dag.py took 0.282 seconds
[2023-11-11T17:33:23.269+0000] {processor.py:154} INFO - Started process (PID=480) to work on /home/airflow/.local/lib/python3.7/site-packages/airflow/example_dags/example_sla_dag.py
[2023-11-11T17:33:23.271+0000] {processor.py:756} INFO - Processing file /home/airflow/.local/lib/python3.7/site-packages/airflow/example_dags/example_sla_dag.py for tasks to queue
[2023-11-11T17:33:23.276+0000] {logging_mixin.py:120} INFO - [2023-11-11T17:33:23.275+0000] {dagbag.py:537} INFO - Filling up the DagBag from /home/airflow/.local/lib/python3.7/site-packages/airflow/example_dags/example_sla_dag.py
[2023-11-11T17:33:23.328+0000] {processor.py:766} INFO - DAG(s) dict_keys(['example_sla_dag']) retrieved from /home/airflow/.local/lib/python3.7/site-packages/airflow/example_dags/example_sla_dag.py
[2023-11-11T17:33:23.417+0000] {logging_mixin.py:120} INFO - [2023-11-11T17:33:23.417+0000] {dag.py:2585} INFO - Sync 1 DAGs
[2023-11-11T17:33:23.466+0000] {logging_mixin.py:120} INFO - [2023-11-11T17:33:23.465+0000] {dag.py:3340} INFO - Setting next_dagrun for example_sla_dag to 2023-11-11T17:30:00+00:00, run_after=2023-11-11T17:32:00+00:00
[2023-11-11T17:33:23.503+0000] {processor.py:176} INFO - Processing /home/airflow/.local/lib/python3.7/site-packages/airflow/example_dags/example_sla_dag.py took 0.242 seconds
[2023-11-11T17:33:53.556+0000] {processor.py:154} INFO - Started process (PID=536) to work on /home/airflow/.local/lib/python3.7/site-packages/airflow/example_dags/example_sla_dag.py
[2023-11-11T17:33:53.557+0000] {processor.py:756} INFO - Processing file /home/airflow/.local/lib/python3.7/site-packages/airflow/example_dags/example_sla_dag.py for tasks to queue
[2023-11-11T17:33:53.557+0000] {logging_mixin.py:120} INFO - [2023-11-11T17:33:53.557+0000] {dagbag.py:537} INFO - Filling up the DagBag from /home/airflow/.local/lib/python3.7/site-packages/airflow/example_dags/example_sla_dag.py
[2023-11-11T17:33:53.592+0000] {processor.py:766} INFO - DAG(s) dict_keys(['example_sla_dag']) retrieved from /home/airflow/.local/lib/python3.7/site-packages/airflow/example_dags/example_sla_dag.py
[2023-11-11T17:33:53.651+0000] {logging_mixin.py:120} INFO - [2023-11-11T17:33:53.651+0000] {dag.py:2585} INFO - Sync 1 DAGs
[2023-11-11T17:33:53.695+0000] {logging_mixin.py:120} INFO - [2023-11-11T17:33:53.694+0000] {dag.py:3340} INFO - Setting next_dagrun for example_sla_dag to 2023-11-11T17:30:00+00:00, run_after=2023-11-11T17:32:00+00:00
[2023-11-11T17:33:53.719+0000] {processor.py:176} INFO - Processing /home/airflow/.local/lib/python3.7/site-packages/airflow/example_dags/example_sla_dag.py took 0.169 seconds
[2023-11-11T17:34:23.938+0000] {processor.py:154} INFO - Started process (PID=599) to work on /home/airflow/.local/lib/python3.7/site-packages/airflow/example_dags/example_sla_dag.py
[2023-11-11T17:34:23.943+0000] {processor.py:756} INFO - Processing file /home/airflow/.local/lib/python3.7/site-packages/airflow/example_dags/example_sla_dag.py for tasks to queue
[2023-11-11T17:34:23.944+0000] {logging_mixin.py:120} INFO - [2023-11-11T17:34:23.944+0000] {dagbag.py:537} INFO - Filling up the DagBag from /home/airflow/.local/lib/python3.7/site-packages/airflow/example_dags/example_sla_dag.py
[2023-11-11T17:34:23.991+0000] {processor.py:766} INFO - DAG(s) dict_keys(['example_sla_dag']) retrieved from /home/airflow/.local/lib/python3.7/site-packages/airflow/example_dags/example_sla_dag.py
[2023-11-11T17:34:24.066+0000] {logging_mixin.py:120} INFO - [2023-11-11T17:34:24.064+0000] {dag.py:2585} INFO - Sync 1 DAGs
[2023-11-11T17:34:24.129+0000] {logging_mixin.py:120} INFO - [2023-11-11T17:34:24.129+0000] {dag.py:3340} INFO - Setting next_dagrun for example_sla_dag to 2023-11-11T17:32:00+00:00, run_after=2023-11-11T17:34:00+00:00
[2023-11-11T17:34:24.171+0000] {processor.py:176} INFO - Processing /home/airflow/.local/lib/python3.7/site-packages/airflow/example_dags/example_sla_dag.py took 0.238 seconds
[2023-11-11T17:34:54.719+0000] {processor.py:154} INFO - Started process (PID=654) to work on /home/airflow/.local/lib/python3.7/site-packages/airflow/example_dags/example_sla_dag.py
[2023-11-11T17:34:54.720+0000] {processor.py:756} INFO - Processing file /home/airflow/.local/lib/python3.7/site-packages/airflow/example_dags/example_sla_dag.py for tasks to queue
[2023-11-11T17:34:54.730+0000] {logging_mixin.py:120} INFO - [2023-11-11T17:34:54.728+0000] {dagbag.py:537} INFO - Filling up the DagBag from /home/airflow/.local/lib/python3.7/site-packages/airflow/example_dags/example_sla_dag.py
[2023-11-11T17:34:54.771+0000] {processor.py:766} INFO - DAG(s) dict_keys(['example_sla_dag']) retrieved from /home/airflow/.local/lib/python3.7/site-packages/airflow/example_dags/example_sla_dag.py
[2023-11-11T17:34:54.832+0000] {logging_mixin.py:120} INFO - [2023-11-11T17:34:54.832+0000] {dag.py:2585} INFO - Sync 1 DAGs
[2023-11-11T17:34:54.874+0000] {logging_mixin.py:120} INFO - [2023-11-11T17:34:54.873+0000] {dag.py:3340} INFO - Setting next_dagrun for example_sla_dag to 2023-11-11T17:32:00+00:00, run_after=2023-11-11T17:34:00+00:00
[2023-11-11T17:34:54.899+0000] {processor.py:176} INFO - Processing /home/airflow/.local/lib/python3.7/site-packages/airflow/example_dags/example_sla_dag.py took 0.185 seconds
[2023-11-11T17:35:25.390+0000] {processor.py:154} INFO - Started process (PID=708) to work on /home/airflow/.local/lib/python3.7/site-packages/airflow/example_dags/example_sla_dag.py
[2023-11-11T17:35:25.397+0000] {processor.py:756} INFO - Processing file /home/airflow/.local/lib/python3.7/site-packages/airflow/example_dags/example_sla_dag.py for tasks to queue
[2023-11-11T17:35:25.398+0000] {logging_mixin.py:120} INFO - [2023-11-11T17:35:25.398+0000] {dagbag.py:537} INFO - Filling up the DagBag from /home/airflow/.local/lib/python3.7/site-packages/airflow/example_dags/example_sla_dag.py
[2023-11-11T17:35:25.484+0000] {processor.py:766} INFO - DAG(s) dict_keys(['example_sla_dag']) retrieved from /home/airflow/.local/lib/python3.7/site-packages/airflow/example_dags/example_sla_dag.py
[2023-11-11T17:35:25.659+0000] {logging_mixin.py:120} INFO - [2023-11-11T17:35:25.659+0000] {dag.py:2585} INFO - Sync 1 DAGs
[2023-11-11T17:35:25.749+0000] {logging_mixin.py:120} INFO - [2023-11-11T17:35:25.749+0000] {dag.py:3340} INFO - Setting next_dagrun for example_sla_dag to 2023-11-11T17:32:00+00:00, run_after=2023-11-11T17:34:00+00:00
[2023-11-11T17:35:25.799+0000] {processor.py:176} INFO - Processing /home/airflow/.local/lib/python3.7/site-packages/airflow/example_dags/example_sla_dag.py took 0.425 seconds
[2023-11-11T17:35:56.861+0000] {processor.py:154} INFO - Started process (PID=771) to work on /home/airflow/.local/lib/python3.7/site-packages/airflow/example_dags/example_sla_dag.py
[2023-11-11T17:35:56.865+0000] {processor.py:756} INFO - Processing file /home/airflow/.local/lib/python3.7/site-packages/airflow/example_dags/example_sla_dag.py for tasks to queue
[2023-11-11T17:35:56.866+0000] {logging_mixin.py:120} INFO - [2023-11-11T17:35:56.866+0000] {dagbag.py:537} INFO - Filling up the DagBag from /home/airflow/.local/lib/python3.7/site-packages/airflow/example_dags/example_sla_dag.py
[2023-11-11T17:35:56.924+0000] {processor.py:766} INFO - DAG(s) dict_keys(['example_sla_dag']) retrieved from /home/airflow/.local/lib/python3.7/site-packages/airflow/example_dags/example_sla_dag.py
[2023-11-11T17:35:57.020+0000] {logging_mixin.py:120} INFO - [2023-11-11T17:35:57.020+0000] {dag.py:2585} INFO - Sync 1 DAGs
[2023-11-11T17:35:57.108+0000] {logging_mixin.py:120} INFO - [2023-11-11T17:35:57.108+0000] {dag.py:3340} INFO - Setting next_dagrun for example_sla_dag to 2023-11-11T17:32:00+00:00, run_after=2023-11-11T17:34:00+00:00
[2023-11-11T17:35:57.156+0000] {processor.py:176} INFO - Processing /home/airflow/.local/lib/python3.7/site-packages/airflow/example_dags/example_sla_dag.py took 0.302 seconds
[2023-11-11T17:36:27.438+0000] {processor.py:154} INFO - Started process (PID=825) to work on /home/airflow/.local/lib/python3.7/site-packages/airflow/example_dags/example_sla_dag.py
[2023-11-11T17:36:27.440+0000] {processor.py:756} INFO - Processing file /home/airflow/.local/lib/python3.7/site-packages/airflow/example_dags/example_sla_dag.py for tasks to queue
[2023-11-11T17:36:27.443+0000] {logging_mixin.py:120} INFO - [2023-11-11T17:36:27.443+0000] {dagbag.py:537} INFO - Filling up the DagBag from /home/airflow/.local/lib/python3.7/site-packages/airflow/example_dags/example_sla_dag.py
[2023-11-11T17:36:27.516+0000] {processor.py:766} INFO - DAG(s) dict_keys(['example_sla_dag']) retrieved from /home/airflow/.local/lib/python3.7/site-packages/airflow/example_dags/example_sla_dag.py
[2023-11-11T17:36:27.579+0000] {logging_mixin.py:120} INFO - [2023-11-11T17:36:27.579+0000] {dag.py:2585} INFO - Sync 1 DAGs
[2023-11-11T17:36:27.631+0000] {logging_mixin.py:120} INFO - [2023-11-11T17:36:27.630+0000] {dag.py:3340} INFO - Setting next_dagrun for example_sla_dag to 2023-11-11T17:34:00+00:00, run_after=2023-11-11T17:36:00+00:00
[2023-11-11T17:36:27.663+0000] {processor.py:176} INFO - Processing /home/airflow/.local/lib/python3.7/site-packages/airflow/example_dags/example_sla_dag.py took 0.241 seconds
[2023-11-11T17:36:57.898+0000] {processor.py:154} INFO - Started process (PID=888) to work on /home/airflow/.local/lib/python3.7/site-packages/airflow/example_dags/example_sla_dag.py
[2023-11-11T17:36:57.900+0000] {processor.py:756} INFO - Processing file /home/airflow/.local/lib/python3.7/site-packages/airflow/example_dags/example_sla_dag.py for tasks to queue
[2023-11-11T17:36:57.901+0000] {logging_mixin.py:120} INFO - [2023-11-11T17:36:57.901+0000] {dagbag.py:537} INFO - Filling up the DagBag from /home/airflow/.local/lib/python3.7/site-packages/airflow/example_dags/example_sla_dag.py
[2023-11-11T17:36:57.965+0000] {processor.py:766} INFO - DAG(s) dict_keys(['example_sla_dag']) retrieved from /home/airflow/.local/lib/python3.7/site-packages/airflow/example_dags/example_sla_dag.py
[2023-11-11T17:36:58.069+0000] {logging_mixin.py:120} INFO - [2023-11-11T17:36:58.068+0000] {dag.py:2585} INFO - Sync 1 DAGs
[2023-11-11T17:36:58.150+0000] {logging_mixin.py:120} INFO - [2023-11-11T17:36:58.150+0000] {dag.py:3340} INFO - Setting next_dagrun for example_sla_dag to 2023-11-11T17:34:00+00:00, run_after=2023-11-11T17:36:00+00:00
[2023-11-11T17:36:58.188+0000] {processor.py:176} INFO - Processing /home/airflow/.local/lib/python3.7/site-packages/airflow/example_dags/example_sla_dag.py took 0.306 seconds
[2023-11-11T17:37:28.291+0000] {processor.py:154} INFO - Started process (PID=942) to work on /home/airflow/.local/lib/python3.7/site-packages/airflow/example_dags/example_sla_dag.py
[2023-11-11T17:37:28.294+0000] {processor.py:756} INFO - Processing file /home/airflow/.local/lib/python3.7/site-packages/airflow/example_dags/example_sla_dag.py for tasks to queue
[2023-11-11T17:37:28.295+0000] {logging_mixin.py:120} INFO - [2023-11-11T17:37:28.295+0000] {dagbag.py:537} INFO - Filling up the DagBag from /home/airflow/.local/lib/python3.7/site-packages/airflow/example_dags/example_sla_dag.py
[2023-11-11T17:37:28.330+0000] {processor.py:766} INFO - DAG(s) dict_keys(['example_sla_dag']) retrieved from /home/airflow/.local/lib/python3.7/site-packages/airflow/example_dags/example_sla_dag.py
[2023-11-11T17:37:28.404+0000] {logging_mixin.py:120} INFO - [2023-11-11T17:37:28.404+0000] {dag.py:2585} INFO - Sync 1 DAGs
[2023-11-11T17:37:28.449+0000] {logging_mixin.py:120} INFO - [2023-11-11T17:37:28.449+0000] {dag.py:3340} INFO - Setting next_dagrun for example_sla_dag to 2023-11-11T17:34:00+00:00, run_after=2023-11-11T17:36:00+00:00
[2023-11-11T17:37:28.478+0000] {processor.py:176} INFO - Processing /home/airflow/.local/lib/python3.7/site-packages/airflow/example_dags/example_sla_dag.py took 0.193 seconds
[2023-11-11T17:37:58.666+0000] {processor.py:154} INFO - Started process (PID=1005) to work on /home/airflow/.local/lib/python3.7/site-packages/airflow/example_dags/example_sla_dag.py
[2023-11-11T17:37:58.667+0000] {processor.py:756} INFO - Processing file /home/airflow/.local/lib/python3.7/site-packages/airflow/example_dags/example_sla_dag.py for tasks to queue
[2023-11-11T17:37:58.668+0000] {logging_mixin.py:120} INFO - [2023-11-11T17:37:58.668+0000] {dagbag.py:537} INFO - Filling up the DagBag from /home/airflow/.local/lib/python3.7/site-packages/airflow/example_dags/example_sla_dag.py
[2023-11-11T17:37:58.707+0000] {processor.py:766} INFO - DAG(s) dict_keys(['example_sla_dag']) retrieved from /home/airflow/.local/lib/python3.7/site-packages/airflow/example_dags/example_sla_dag.py
[2023-11-11T17:37:58.784+0000] {logging_mixin.py:120} INFO - [2023-11-11T17:37:58.783+0000] {dag.py:2585} INFO - Sync 1 DAGs
[2023-11-11T17:37:58.841+0000] {logging_mixin.py:120} INFO - [2023-11-11T17:37:58.841+0000] {dag.py:3340} INFO - Setting next_dagrun for example_sla_dag to 2023-11-11T17:34:00+00:00, run_after=2023-11-11T17:36:00+00:00
[2023-11-11T17:37:58.873+0000] {processor.py:176} INFO - Processing /home/airflow/.local/lib/python3.7/site-packages/airflow/example_dags/example_sla_dag.py took 0.215 seconds
[2023-11-11T17:38:29.060+0000] {processor.py:154} INFO - Started process (PID=1059) to work on /home/airflow/.local/lib/python3.7/site-packages/airflow/example_dags/example_sla_dag.py
[2023-11-11T17:38:29.062+0000] {processor.py:756} INFO - Processing file /home/airflow/.local/lib/python3.7/site-packages/airflow/example_dags/example_sla_dag.py for tasks to queue
[2023-11-11T17:38:29.063+0000] {logging_mixin.py:120} INFO - [2023-11-11T17:38:29.063+0000] {dagbag.py:537} INFO - Filling up the DagBag from /home/airflow/.local/lib/python3.7/site-packages/airflow/example_dags/example_sla_dag.py
[2023-11-11T17:38:29.114+0000] {processor.py:766} INFO - DAG(s) dict_keys(['example_sla_dag']) retrieved from /home/airflow/.local/lib/python3.7/site-packages/airflow/example_dags/example_sla_dag.py
[2023-11-11T17:38:29.189+0000] {logging_mixin.py:120} INFO - [2023-11-11T17:38:29.189+0000] {dag.py:2585} INFO - Sync 1 DAGs
[2023-11-11T17:38:29.255+0000] {logging_mixin.py:120} INFO - [2023-11-11T17:38:29.255+0000] {dag.py:3340} INFO - Setting next_dagrun for example_sla_dag to 2023-11-11T17:36:00+00:00, run_after=2023-11-11T17:38:00+00:00
[2023-11-11T17:38:29.300+0000] {processor.py:176} INFO - Processing /home/airflow/.local/lib/python3.7/site-packages/airflow/example_dags/example_sla_dag.py took 0.245 seconds
[2023-11-11T17:38:59.424+0000] {processor.py:154} INFO - Started process (PID=1122) to work on /home/airflow/.local/lib/python3.7/site-packages/airflow/example_dags/example_sla_dag.py
[2023-11-11T17:38:59.426+0000] {processor.py:756} INFO - Processing file /home/airflow/.local/lib/python3.7/site-packages/airflow/example_dags/example_sla_dag.py for tasks to queue
[2023-11-11T17:38:59.426+0000] {logging_mixin.py:120} INFO - [2023-11-11T17:38:59.426+0000] {dagbag.py:537} INFO - Filling up the DagBag from /home/airflow/.local/lib/python3.7/site-packages/airflow/example_dags/example_sla_dag.py
[2023-11-11T17:38:59.486+0000] {processor.py:766} INFO - DAG(s) dict_keys(['example_sla_dag']) retrieved from /home/airflow/.local/lib/python3.7/site-packages/airflow/example_dags/example_sla_dag.py
[2023-11-11T17:38:59.554+0000] {logging_mixin.py:120} INFO - [2023-11-11T17:38:59.554+0000] {dag.py:2585} INFO - Sync 1 DAGs
[2023-11-11T17:38:59.605+0000] {logging_mixin.py:120} INFO - [2023-11-11T17:38:59.604+0000] {dag.py:3340} INFO - Setting next_dagrun for example_sla_dag to 2023-11-11T17:36:00+00:00, run_after=2023-11-11T17:38:00+00:00
[2023-11-11T17:38:59.633+0000] {processor.py:176} INFO - Processing /home/airflow/.local/lib/python3.7/site-packages/airflow/example_dags/example_sla_dag.py took 0.215 seconds
[2023-11-11T17:39:30.122+0000] {processor.py:154} INFO - Started process (PID=1176) to work on /home/airflow/.local/lib/python3.7/site-packages/airflow/example_dags/example_sla_dag.py
[2023-11-11T17:39:30.124+0000] {processor.py:756} INFO - Processing file /home/airflow/.local/lib/python3.7/site-packages/airflow/example_dags/example_sla_dag.py for tasks to queue
[2023-11-11T17:39:30.126+0000] {logging_mixin.py:120} INFO - [2023-11-11T17:39:30.125+0000] {dagbag.py:537} INFO - Filling up the DagBag from /home/airflow/.local/lib/python3.7/site-packages/airflow/example_dags/example_sla_dag.py
[2023-11-11T17:39:30.185+0000] {processor.py:766} INFO - DAG(s) dict_keys(['example_sla_dag']) retrieved from /home/airflow/.local/lib/python3.7/site-packages/airflow/example_dags/example_sla_dag.py
[2023-11-11T17:39:30.278+0000] {logging_mixin.py:120} INFO - [2023-11-11T17:39:30.277+0000] {dag.py:2585} INFO - Sync 1 DAGs
[2023-11-11T17:39:30.362+0000] {logging_mixin.py:120} INFO - [2023-11-11T17:39:30.362+0000] {dag.py:3340} INFO - Setting next_dagrun for example_sla_dag to 2023-11-11T17:36:00+00:00, run_after=2023-11-11T17:38:00+00:00
[2023-11-11T17:39:30.417+0000] {processor.py:176} INFO - Processing /home/airflow/.local/lib/python3.7/site-packages/airflow/example_dags/example_sla_dag.py took 0.306 seconds
