[2023-11-11T17:02:04.891+0000] {processor.py:154} INFO - Started process (PID=66) to work on /home/airflow/.local/lib/python3.7/site-packages/airflow/example_dags/example_skip_dag.py
[2023-11-11T17:02:04.893+0000] {processor.py:756} INFO - Processing file /home/airflow/.local/lib/python3.7/site-packages/airflow/example_dags/example_skip_dag.py for tasks to queue
[2023-11-11T17:02:04.894+0000] {logging_mixin.py:120} INFO - [2023-11-11T17:02:04.894+0000] {dagbag.py:537} INFO - Filling up the DagBag from /home/airflow/.local/lib/python3.7/site-packages/airflow/example_dags/example_skip_dag.py
[2023-11-11T17:02:04.953+0000] {processor.py:766} INFO - DAG(s) dict_keys(['example_skip_dag']) retrieved from /home/airflow/.local/lib/python3.7/site-packages/airflow/example_dags/example_skip_dag.py
[2023-11-11T17:02:05.076+0000] {logging_mixin.py:120} INFO - [2023-11-11T17:02:05.076+0000] {dag.py:2585} INFO - Sync 1 DAGs
[2023-11-11T17:02:05.159+0000] {logging_mixin.py:120} INFO - [2023-11-11T17:02:05.159+0000] {dag.py:3340} INFO - Setting next_dagrun for example_skip_dag to 2023-11-10T17:02:05.159157+00:00, run_after=2023-11-11T17:02:05.159157+00:00
[2023-11-11T17:02:05.233+0000] {processor.py:176} INFO - Processing /home/airflow/.local/lib/python3.7/site-packages/airflow/example_dags/example_skip_dag.py took 0.356 seconds
[2023-11-11T17:02:37.276+0000] {processor.py:154} INFO - Started process (PID=122) to work on /home/airflow/.local/lib/python3.7/site-packages/airflow/example_dags/example_skip_dag.py
[2023-11-11T17:02:37.280+0000] {processor.py:756} INFO - Processing file /home/airflow/.local/lib/python3.7/site-packages/airflow/example_dags/example_skip_dag.py for tasks to queue
[2023-11-11T17:02:37.282+0000] {logging_mixin.py:120} INFO - [2023-11-11T17:02:37.282+0000] {dagbag.py:537} INFO - Filling up the DagBag from /home/airflow/.local/lib/python3.7/site-packages/airflow/example_dags/example_skip_dag.py
[2023-11-11T17:02:37.323+0000] {processor.py:766} INFO - DAG(s) dict_keys(['example_skip_dag']) retrieved from /home/airflow/.local/lib/python3.7/site-packages/airflow/example_dags/example_skip_dag.py
[2023-11-11T17:02:37.433+0000] {logging_mixin.py:120} INFO - [2023-11-11T17:02:37.433+0000] {dag.py:2585} INFO - Sync 1 DAGs
[2023-11-11T17:02:37.509+0000] {logging_mixin.py:120} INFO - [2023-11-11T17:02:37.509+0000] {dag.py:3340} INFO - Setting next_dagrun for example_skip_dag to 2023-11-10T17:02:37.508678+00:00, run_after=2023-11-11T17:02:37.508678+00:00
[2023-11-11T17:02:37.564+0000] {processor.py:176} INFO - Processing /home/airflow/.local/lib/python3.7/site-packages/airflow/example_dags/example_skip_dag.py took 0.295 seconds
[2023-11-11T17:03:09.142+0000] {processor.py:154} INFO - Started process (PID=177) to work on /home/airflow/.local/lib/python3.7/site-packages/airflow/example_dags/example_skip_dag.py
[2023-11-11T17:03:09.144+0000] {processor.py:756} INFO - Processing file /home/airflow/.local/lib/python3.7/site-packages/airflow/example_dags/example_skip_dag.py for tasks to queue
[2023-11-11T17:03:09.148+0000] {logging_mixin.py:120} INFO - [2023-11-11T17:03:09.146+0000] {dagbag.py:537} INFO - Filling up the DagBag from /home/airflow/.local/lib/python3.7/site-packages/airflow/example_dags/example_skip_dag.py
[2023-11-11T17:03:09.190+0000] {processor.py:766} INFO - DAG(s) dict_keys(['example_skip_dag']) retrieved from /home/airflow/.local/lib/python3.7/site-packages/airflow/example_dags/example_skip_dag.py
[2023-11-11T17:03:09.324+0000] {logging_mixin.py:120} INFO - [2023-11-11T17:03:09.323+0000] {dag.py:2585} INFO - Sync 1 DAGs
[2023-11-11T17:03:09.414+0000] {logging_mixin.py:120} INFO - [2023-11-11T17:03:09.414+0000] {dag.py:3340} INFO - Setting next_dagrun for example_skip_dag to 2023-11-10T17:03:09.413571+00:00, run_after=2023-11-11T17:03:09.413571+00:00
[2023-11-11T17:03:09.482+0000] {processor.py:176} INFO - Processing /home/airflow/.local/lib/python3.7/site-packages/airflow/example_dags/example_skip_dag.py took 0.347 seconds
[2023-11-11T17:03:39.703+0000] {processor.py:154} INFO - Started process (PID=231) to work on /home/airflow/.local/lib/python3.7/site-packages/airflow/example_dags/example_skip_dag.py
[2023-11-11T17:03:39.707+0000] {processor.py:756} INFO - Processing file /home/airflow/.local/lib/python3.7/site-packages/airflow/example_dags/example_skip_dag.py for tasks to queue
[2023-11-11T17:03:39.708+0000] {logging_mixin.py:120} INFO - [2023-11-11T17:03:39.708+0000] {dagbag.py:537} INFO - Filling up the DagBag from /home/airflow/.local/lib/python3.7/site-packages/airflow/example_dags/example_skip_dag.py
[2023-11-11T17:03:39.735+0000] {processor.py:766} INFO - DAG(s) dict_keys(['example_skip_dag']) retrieved from /home/airflow/.local/lib/python3.7/site-packages/airflow/example_dags/example_skip_dag.py
[2023-11-11T17:03:39.799+0000] {logging_mixin.py:120} INFO - [2023-11-11T17:03:39.799+0000] {dag.py:2585} INFO - Sync 1 DAGs
[2023-11-11T17:03:39.832+0000] {logging_mixin.py:120} INFO - [2023-11-11T17:03:39.832+0000] {dag.py:3340} INFO - Setting next_dagrun for example_skip_dag to 2023-11-10T17:03:39.831923+00:00, run_after=2023-11-11T17:03:39.831923+00:00
[2023-11-11T17:03:39.859+0000] {processor.py:176} INFO - Processing /home/airflow/.local/lib/python3.7/site-packages/airflow/example_dags/example_skip_dag.py took 0.161 seconds
[2023-11-11T17:04:10.180+0000] {processor.py:154} INFO - Started process (PID=295) to work on /home/airflow/.local/lib/python3.7/site-packages/airflow/example_dags/example_skip_dag.py
[2023-11-11T17:04:10.182+0000] {processor.py:756} INFO - Processing file /home/airflow/.local/lib/python3.7/site-packages/airflow/example_dags/example_skip_dag.py for tasks to queue
[2023-11-11T17:04:10.184+0000] {logging_mixin.py:120} INFO - [2023-11-11T17:04:10.183+0000] {dagbag.py:537} INFO - Filling up the DagBag from /home/airflow/.local/lib/python3.7/site-packages/airflow/example_dags/example_skip_dag.py
[2023-11-11T17:04:10.206+0000] {processor.py:766} INFO - DAG(s) dict_keys(['example_skip_dag']) retrieved from /home/airflow/.local/lib/python3.7/site-packages/airflow/example_dags/example_skip_dag.py
[2023-11-11T17:04:10.265+0000] {logging_mixin.py:120} INFO - [2023-11-11T17:04:10.265+0000] {dag.py:2585} INFO - Sync 1 DAGs
[2023-11-11T17:04:10.296+0000] {logging_mixin.py:120} INFO - [2023-11-11T17:04:10.296+0000] {dag.py:3340} INFO - Setting next_dagrun for example_skip_dag to 2023-11-10T17:04:10.296218+00:00, run_after=2023-11-11T17:04:10.296218+00:00
[2023-11-11T17:04:10.321+0000] {processor.py:176} INFO - Processing /home/airflow/.local/lib/python3.7/site-packages/airflow/example_dags/example_skip_dag.py took 0.147 seconds
[2023-11-11T17:04:41.038+0000] {processor.py:154} INFO - Started process (PID=349) to work on /home/airflow/.local/lib/python3.7/site-packages/airflow/example_dags/example_skip_dag.py
[2023-11-11T17:04:41.039+0000] {processor.py:756} INFO - Processing file /home/airflow/.local/lib/python3.7/site-packages/airflow/example_dags/example_skip_dag.py for tasks to queue
[2023-11-11T17:04:41.040+0000] {logging_mixin.py:120} INFO - [2023-11-11T17:04:41.039+0000] {dagbag.py:537} INFO - Filling up the DagBag from /home/airflow/.local/lib/python3.7/site-packages/airflow/example_dags/example_skip_dag.py
[2023-11-11T17:04:41.057+0000] {processor.py:766} INFO - DAG(s) dict_keys(['example_skip_dag']) retrieved from /home/airflow/.local/lib/python3.7/site-packages/airflow/example_dags/example_skip_dag.py
[2023-11-11T17:04:41.113+0000] {logging_mixin.py:120} INFO - [2023-11-11T17:04:41.112+0000] {dag.py:2585} INFO - Sync 1 DAGs
[2023-11-11T17:04:41.143+0000] {logging_mixin.py:120} INFO - [2023-11-11T17:04:41.143+0000] {dag.py:3340} INFO - Setting next_dagrun for example_skip_dag to 2023-11-10T17:04:41.142740+00:00, run_after=2023-11-11T17:04:41.142740+00:00
[2023-11-11T17:04:41.168+0000] {processor.py:176} INFO - Processing /home/airflow/.local/lib/python3.7/site-packages/airflow/example_dags/example_skip_dag.py took 0.137 seconds
[2023-11-11T17:05:11.566+0000] {processor.py:154} INFO - Started process (PID=412) to work on /home/airflow/.local/lib/python3.7/site-packages/airflow/example_dags/example_skip_dag.py
[2023-11-11T17:05:11.568+0000] {processor.py:756} INFO - Processing file /home/airflow/.local/lib/python3.7/site-packages/airflow/example_dags/example_skip_dag.py for tasks to queue
[2023-11-11T17:05:11.569+0000] {logging_mixin.py:120} INFO - [2023-11-11T17:05:11.569+0000] {dagbag.py:537} INFO - Filling up the DagBag from /home/airflow/.local/lib/python3.7/site-packages/airflow/example_dags/example_skip_dag.py
[2023-11-11T17:05:11.589+0000] {processor.py:766} INFO - DAG(s) dict_keys(['example_skip_dag']) retrieved from /home/airflow/.local/lib/python3.7/site-packages/airflow/example_dags/example_skip_dag.py
[2023-11-11T17:05:11.638+0000] {logging_mixin.py:120} INFO - [2023-11-11T17:05:11.638+0000] {dag.py:2585} INFO - Sync 1 DAGs
[2023-11-11T17:05:11.668+0000] {logging_mixin.py:120} INFO - [2023-11-11T17:05:11.667+0000] {dag.py:3340} INFO - Setting next_dagrun for example_skip_dag to 2023-11-10T17:05:11.666743+00:00, run_after=2023-11-11T17:05:11.666743+00:00
[2023-11-11T17:05:11.690+0000] {processor.py:176} INFO - Processing /home/airflow/.local/lib/python3.7/site-packages/airflow/example_dags/example_skip_dag.py took 0.127 seconds
[2023-11-11T17:05:42.045+0000] {processor.py:154} INFO - Started process (PID=475) to work on /home/airflow/.local/lib/python3.7/site-packages/airflow/example_dags/example_skip_dag.py
[2023-11-11T17:05:42.048+0000] {processor.py:756} INFO - Processing file /home/airflow/.local/lib/python3.7/site-packages/airflow/example_dags/example_skip_dag.py for tasks to queue
[2023-11-11T17:05:42.049+0000] {logging_mixin.py:120} INFO - [2023-11-11T17:05:42.049+0000] {dagbag.py:537} INFO - Filling up the DagBag from /home/airflow/.local/lib/python3.7/site-packages/airflow/example_dags/example_skip_dag.py
[2023-11-11T17:05:42.071+0000] {processor.py:766} INFO - DAG(s) dict_keys(['example_skip_dag']) retrieved from /home/airflow/.local/lib/python3.7/site-packages/airflow/example_dags/example_skip_dag.py
[2023-11-11T17:05:42.117+0000] {logging_mixin.py:120} INFO - [2023-11-11T17:05:42.117+0000] {dag.py:2585} INFO - Sync 1 DAGs
[2023-11-11T17:05:42.144+0000] {logging_mixin.py:120} INFO - [2023-11-11T17:05:42.144+0000] {dag.py:3340} INFO - Setting next_dagrun for example_skip_dag to 2023-11-10T17:05:42.144471+00:00, run_after=2023-11-11T17:05:42.144471+00:00
[2023-11-11T17:05:42.169+0000] {processor.py:176} INFO - Processing /home/airflow/.local/lib/python3.7/site-packages/airflow/example_dags/example_skip_dag.py took 0.127 seconds
[2023-11-11T17:06:13.277+0000] {processor.py:154} INFO - Started process (PID=529) to work on /home/airflow/.local/lib/python3.7/site-packages/airflow/example_dags/example_skip_dag.py
[2023-11-11T17:06:13.279+0000] {processor.py:756} INFO - Processing file /home/airflow/.local/lib/python3.7/site-packages/airflow/example_dags/example_skip_dag.py for tasks to queue
[2023-11-11T17:06:13.281+0000] {logging_mixin.py:120} INFO - [2023-11-11T17:06:13.281+0000] {dagbag.py:537} INFO - Filling up the DagBag from /home/airflow/.local/lib/python3.7/site-packages/airflow/example_dags/example_skip_dag.py
[2023-11-11T17:06:13.312+0000] {processor.py:766} INFO - DAG(s) dict_keys(['example_skip_dag']) retrieved from /home/airflow/.local/lib/python3.7/site-packages/airflow/example_dags/example_skip_dag.py
[2023-11-11T17:06:13.389+0000] {logging_mixin.py:120} INFO - [2023-11-11T17:06:13.389+0000] {dag.py:2585} INFO - Sync 1 DAGs
[2023-11-11T17:06:13.438+0000] {logging_mixin.py:120} INFO - [2023-11-11T17:06:13.438+0000] {dag.py:3340} INFO - Setting next_dagrun for example_skip_dag to 2023-11-10T17:06:13.438093+00:00, run_after=2023-11-11T17:06:13.438093+00:00
[2023-11-11T17:06:13.469+0000] {processor.py:176} INFO - Processing /home/airflow/.local/lib/python3.7/site-packages/airflow/example_dags/example_skip_dag.py took 0.203 seconds
[2023-11-11T17:06:44.212+0000] {processor.py:154} INFO - Started process (PID=592) to work on /home/airflow/.local/lib/python3.7/site-packages/airflow/example_dags/example_skip_dag.py
[2023-11-11T17:06:44.215+0000] {processor.py:756} INFO - Processing file /home/airflow/.local/lib/python3.7/site-packages/airflow/example_dags/example_skip_dag.py for tasks to queue
[2023-11-11T17:06:44.216+0000] {logging_mixin.py:120} INFO - [2023-11-11T17:06:44.216+0000] {dagbag.py:537} INFO - Filling up the DagBag from /home/airflow/.local/lib/python3.7/site-packages/airflow/example_dags/example_skip_dag.py
[2023-11-11T17:06:44.244+0000] {processor.py:766} INFO - DAG(s) dict_keys(['example_skip_dag']) retrieved from /home/airflow/.local/lib/python3.7/site-packages/airflow/example_dags/example_skip_dag.py
[2023-11-11T17:06:44.325+0000] {logging_mixin.py:120} INFO - [2023-11-11T17:06:44.324+0000] {dag.py:2585} INFO - Sync 1 DAGs
[2023-11-11T17:06:44.372+0000] {logging_mixin.py:120} INFO - [2023-11-11T17:06:44.372+0000] {dag.py:3340} INFO - Setting next_dagrun for example_skip_dag to 2023-11-10T17:06:44.372178+00:00, run_after=2023-11-11T17:06:44.372178+00:00
[2023-11-11T17:06:44.411+0000] {processor.py:176} INFO - Processing /home/airflow/.local/lib/python3.7/site-packages/airflow/example_dags/example_skip_dag.py took 0.205 seconds
[2023-11-11T17:07:14.722+0000] {processor.py:154} INFO - Started process (PID=646) to work on /home/airflow/.local/lib/python3.7/site-packages/airflow/example_dags/example_skip_dag.py
[2023-11-11T17:07:14.723+0000] {processor.py:756} INFO - Processing file /home/airflow/.local/lib/python3.7/site-packages/airflow/example_dags/example_skip_dag.py for tasks to queue
[2023-11-11T17:07:14.724+0000] {logging_mixin.py:120} INFO - [2023-11-11T17:07:14.724+0000] {dagbag.py:537} INFO - Filling up the DagBag from /home/airflow/.local/lib/python3.7/site-packages/airflow/example_dags/example_skip_dag.py
[2023-11-11T17:07:14.751+0000] {processor.py:766} INFO - DAG(s) dict_keys(['example_skip_dag']) retrieved from /home/airflow/.local/lib/python3.7/site-packages/airflow/example_dags/example_skip_dag.py
[2023-11-11T17:07:14.816+0000] {logging_mixin.py:120} INFO - [2023-11-11T17:07:14.816+0000] {dag.py:2585} INFO - Sync 1 DAGs
[2023-11-11T17:07:14.858+0000] {logging_mixin.py:120} INFO - [2023-11-11T17:07:14.858+0000] {dag.py:3340} INFO - Setting next_dagrun for example_skip_dag to 2023-11-10T17:07:14.858214+00:00, run_after=2023-11-11T17:07:14.858214+00:00
[2023-11-11T17:07:14.896+0000] {processor.py:176} INFO - Processing /home/airflow/.local/lib/python3.7/site-packages/airflow/example_dags/example_skip_dag.py took 0.177 seconds
[2023-11-11T17:29:35.360+0000] {processor.py:154} INFO - Started process (PID=82) to work on /home/airflow/.local/lib/python3.7/site-packages/airflow/example_dags/example_skip_dag.py
[2023-11-11T17:29:35.363+0000] {processor.py:756} INFO - Processing file /home/airflow/.local/lib/python3.7/site-packages/airflow/example_dags/example_skip_dag.py for tasks to queue
[2023-11-11T17:29:35.366+0000] {logging_mixin.py:120} INFO - [2023-11-11T17:29:35.364+0000] {dagbag.py:537} INFO - Filling up the DagBag from /home/airflow/.local/lib/python3.7/site-packages/airflow/example_dags/example_skip_dag.py
[2023-11-11T17:29:35.507+0000] {processor.py:766} INFO - DAG(s) dict_keys(['example_skip_dag']) retrieved from /home/airflow/.local/lib/python3.7/site-packages/airflow/example_dags/example_skip_dag.py
[2023-11-11T17:29:37.024+0000] {logging_mixin.py:120} INFO - [2023-11-11T17:29:37.024+0000] {manager.py:507} INFO - Created Permission View: can read on DAG:example_skip_dag
[2023-11-11T17:29:37.066+0000] {logging_mixin.py:120} INFO - [2023-11-11T17:29:37.066+0000] {manager.py:507} INFO - Created Permission View: can delete on DAG:example_skip_dag
[2023-11-11T17:29:37.127+0000] {logging_mixin.py:120} INFO - [2023-11-11T17:29:37.125+0000] {manager.py:507} INFO - Created Permission View: can edit on DAG:example_skip_dag
[2023-11-11T17:29:37.128+0000] {logging_mixin.py:120} INFO - [2023-11-11T17:29:37.128+0000] {dag.py:2585} INFO - Sync 1 DAGs
[2023-11-11T17:29:37.283+0000] {logging_mixin.py:120} INFO - [2023-11-11T17:29:37.283+0000] {dag.py:2606} INFO - Creating ORM DAG for example_skip_dag
[2023-11-11T17:29:38.114+0000] {logging_mixin.py:120} INFO - [2023-11-11T17:29:38.114+0000] {dag.py:3340} INFO - Setting next_dagrun for example_skip_dag to 2023-11-10T17:29:37.426876+00:00, run_after=2023-11-11T17:29:37.426876+00:00
[2023-11-11T17:29:38.330+0000] {processor.py:176} INFO - Processing /home/airflow/.local/lib/python3.7/site-packages/airflow/example_dags/example_skip_dag.py took 2.998 seconds
[2023-11-11T17:30:11.130+0000] {processor.py:154} INFO - Started process (PID=129) to work on /home/airflow/.local/lib/python3.7/site-packages/airflow/example_dags/example_skip_dag.py
[2023-11-11T17:30:11.132+0000] {processor.py:756} INFO - Processing file /home/airflow/.local/lib/python3.7/site-packages/airflow/example_dags/example_skip_dag.py for tasks to queue
[2023-11-11T17:30:11.134+0000] {logging_mixin.py:120} INFO - [2023-11-11T17:30:11.133+0000] {dagbag.py:537} INFO - Filling up the DagBag from /home/airflow/.local/lib/python3.7/site-packages/airflow/example_dags/example_skip_dag.py
[2023-11-11T17:30:11.198+0000] {processor.py:766} INFO - DAG(s) dict_keys(['example_skip_dag']) retrieved from /home/airflow/.local/lib/python3.7/site-packages/airflow/example_dags/example_skip_dag.py
[2023-11-11T17:30:11.333+0000] {logging_mixin.py:120} INFO - [2023-11-11T17:30:11.333+0000] {dag.py:2585} INFO - Sync 1 DAGs
[2023-11-11T17:30:11.427+0000] {logging_mixin.py:120} INFO - [2023-11-11T17:30:11.426+0000] {dag.py:3340} INFO - Setting next_dagrun for example_skip_dag to 2023-11-10T17:30:11.426172+00:00, run_after=2023-11-11T17:30:11.426172+00:00
[2023-11-11T17:30:11.490+0000] {processor.py:176} INFO - Processing /home/airflow/.local/lib/python3.7/site-packages/airflow/example_dags/example_skip_dag.py took 0.371 seconds
[2023-11-11T17:30:43.750+0000] {processor.py:154} INFO - Started process (PID=183) to work on /home/airflow/.local/lib/python3.7/site-packages/airflow/example_dags/example_skip_dag.py
[2023-11-11T17:30:43.752+0000] {processor.py:756} INFO - Processing file /home/airflow/.local/lib/python3.7/site-packages/airflow/example_dags/example_skip_dag.py for tasks to queue
[2023-11-11T17:30:43.754+0000] {logging_mixin.py:120} INFO - [2023-11-11T17:30:43.753+0000] {dagbag.py:537} INFO - Filling up the DagBag from /home/airflow/.local/lib/python3.7/site-packages/airflow/example_dags/example_skip_dag.py
[2023-11-11T17:30:43.827+0000] {processor.py:766} INFO - DAG(s) dict_keys(['example_skip_dag']) retrieved from /home/airflow/.local/lib/python3.7/site-packages/airflow/example_dags/example_skip_dag.py
[2023-11-11T17:30:44.073+0000] {logging_mixin.py:120} INFO - [2023-11-11T17:30:44.072+0000] {dag.py:2585} INFO - Sync 1 DAGs
[2023-11-11T17:30:44.312+0000] {logging_mixin.py:120} INFO - [2023-11-11T17:30:44.309+0000] {dag.py:3340} INFO - Setting next_dagrun for example_skip_dag to 2023-11-10T17:30:44.305031+00:00, run_after=2023-11-11T17:30:44.305031+00:00
[2023-11-11T17:30:44.502+0000] {processor.py:176} INFO - Processing /home/airflow/.local/lib/python3.7/site-packages/airflow/example_dags/example_skip_dag.py took 0.764 seconds
[2023-11-11T17:31:14.940+0000] {processor.py:154} INFO - Started process (PID=238) to work on /home/airflow/.local/lib/python3.7/site-packages/airflow/example_dags/example_skip_dag.py
[2023-11-11T17:31:14.942+0000] {processor.py:756} INFO - Processing file /home/airflow/.local/lib/python3.7/site-packages/airflow/example_dags/example_skip_dag.py for tasks to queue
[2023-11-11T17:31:14.951+0000] {logging_mixin.py:120} INFO - [2023-11-11T17:31:14.949+0000] {dagbag.py:537} INFO - Filling up the DagBag from /home/airflow/.local/lib/python3.7/site-packages/airflow/example_dags/example_skip_dag.py
[2023-11-11T17:31:15.010+0000] {processor.py:766} INFO - DAG(s) dict_keys(['example_skip_dag']) retrieved from /home/airflow/.local/lib/python3.7/site-packages/airflow/example_dags/example_skip_dag.py
[2023-11-11T17:31:15.115+0000] {logging_mixin.py:120} INFO - [2023-11-11T17:31:15.114+0000] {dag.py:2585} INFO - Sync 1 DAGs
[2023-11-11T17:31:15.206+0000] {logging_mixin.py:120} INFO - [2023-11-11T17:31:15.205+0000] {dag.py:3340} INFO - Setting next_dagrun for example_skip_dag to 2023-11-10T17:31:15.205160+00:00, run_after=2023-11-11T17:31:15.205160+00:00
[2023-11-11T17:31:15.261+0000] {processor.py:176} INFO - Processing /home/airflow/.local/lib/python3.7/site-packages/airflow/example_dags/example_skip_dag.py took 0.336 seconds
[2023-11-11T17:31:45.366+0000] {processor.py:154} INFO - Started process (PID=292) to work on /home/airflow/.local/lib/python3.7/site-packages/airflow/example_dags/example_skip_dag.py
[2023-11-11T17:31:45.369+0000] {processor.py:756} INFO - Processing file /home/airflow/.local/lib/python3.7/site-packages/airflow/example_dags/example_skip_dag.py for tasks to queue
[2023-11-11T17:31:45.370+0000] {logging_mixin.py:120} INFO - [2023-11-11T17:31:45.369+0000] {dagbag.py:537} INFO - Filling up the DagBag from /home/airflow/.local/lib/python3.7/site-packages/airflow/example_dags/example_skip_dag.py
[2023-11-11T17:31:45.406+0000] {processor.py:766} INFO - DAG(s) dict_keys(['example_skip_dag']) retrieved from /home/airflow/.local/lib/python3.7/site-packages/airflow/example_dags/example_skip_dag.py
[2023-11-11T17:31:45.513+0000] {logging_mixin.py:120} INFO - [2023-11-11T17:31:45.512+0000] {dag.py:2585} INFO - Sync 1 DAGs
[2023-11-11T17:31:45.578+0000] {logging_mixin.py:120} INFO - [2023-11-11T17:31:45.578+0000] {dag.py:3340} INFO - Setting next_dagrun for example_skip_dag to 2023-11-10T17:31:45.577954+00:00, run_after=2023-11-11T17:31:45.577954+00:00
[2023-11-11T17:31:45.649+0000] {processor.py:176} INFO - Processing /home/airflow/.local/lib/python3.7/site-packages/airflow/example_dags/example_skip_dag.py took 0.295 seconds
[2023-11-11T17:32:15.720+0000] {processor.py:154} INFO - Started process (PID=354) to work on /home/airflow/.local/lib/python3.7/site-packages/airflow/example_dags/example_skip_dag.py
[2023-11-11T17:32:15.723+0000] {processor.py:756} INFO - Processing file /home/airflow/.local/lib/python3.7/site-packages/airflow/example_dags/example_skip_dag.py for tasks to queue
[2023-11-11T17:32:15.725+0000] {logging_mixin.py:120} INFO - [2023-11-11T17:32:15.724+0000] {dagbag.py:537} INFO - Filling up the DagBag from /home/airflow/.local/lib/python3.7/site-packages/airflow/example_dags/example_skip_dag.py
[2023-11-11T17:32:15.762+0000] {processor.py:766} INFO - DAG(s) dict_keys(['example_skip_dag']) retrieved from /home/airflow/.local/lib/python3.7/site-packages/airflow/example_dags/example_skip_dag.py
[2023-11-11T17:32:15.916+0000] {logging_mixin.py:120} INFO - [2023-11-11T17:32:15.916+0000] {dag.py:2585} INFO - Sync 1 DAGs
[2023-11-11T17:32:15.979+0000] {logging_mixin.py:120} INFO - [2023-11-11T17:32:15.979+0000] {dag.py:3340} INFO - Setting next_dagrun for example_skip_dag to 2023-11-10T17:32:15.976628+00:00, run_after=2023-11-11T17:32:15.976628+00:00
[2023-11-11T17:32:16.030+0000] {processor.py:176} INFO - Processing /home/airflow/.local/lib/python3.7/site-packages/airflow/example_dags/example_skip_dag.py took 0.319 seconds
[2023-11-11T17:32:46.179+0000] {processor.py:154} INFO - Started process (PID=408) to work on /home/airflow/.local/lib/python3.7/site-packages/airflow/example_dags/example_skip_dag.py
[2023-11-11T17:32:46.180+0000] {processor.py:756} INFO - Processing file /home/airflow/.local/lib/python3.7/site-packages/airflow/example_dags/example_skip_dag.py for tasks to queue
[2023-11-11T17:32:46.181+0000] {logging_mixin.py:120} INFO - [2023-11-11T17:32:46.181+0000] {dagbag.py:537} INFO - Filling up the DagBag from /home/airflow/.local/lib/python3.7/site-packages/airflow/example_dags/example_skip_dag.py
[2023-11-11T17:32:46.213+0000] {processor.py:766} INFO - DAG(s) dict_keys(['example_skip_dag']) retrieved from /home/airflow/.local/lib/python3.7/site-packages/airflow/example_dags/example_skip_dag.py
[2023-11-11T17:32:46.299+0000] {logging_mixin.py:120} INFO - [2023-11-11T17:32:46.299+0000] {dag.py:2585} INFO - Sync 1 DAGs
[2023-11-11T17:32:46.351+0000] {logging_mixin.py:120} INFO - [2023-11-11T17:32:46.350+0000] {dag.py:3340} INFO - Setting next_dagrun for example_skip_dag to 2023-11-10T17:32:46.350270+00:00, run_after=2023-11-11T17:32:46.350270+00:00
[2023-11-11T17:32:46.390+0000] {processor.py:176} INFO - Processing /home/airflow/.local/lib/python3.7/site-packages/airflow/example_dags/example_skip_dag.py took 0.218 seconds
[2023-11-11T17:33:18.082+0000] {processor.py:154} INFO - Started process (PID=472) to work on /home/airflow/.local/lib/python3.7/site-packages/airflow/example_dags/example_skip_dag.py
[2023-11-11T17:33:18.083+0000] {processor.py:756} INFO - Processing file /home/airflow/.local/lib/python3.7/site-packages/airflow/example_dags/example_skip_dag.py for tasks to queue
[2023-11-11T17:33:18.084+0000] {logging_mixin.py:120} INFO - [2023-11-11T17:33:18.084+0000] {dagbag.py:537} INFO - Filling up the DagBag from /home/airflow/.local/lib/python3.7/site-packages/airflow/example_dags/example_skip_dag.py
[2023-11-11T17:33:18.117+0000] {processor.py:766} INFO - DAG(s) dict_keys(['example_skip_dag']) retrieved from /home/airflow/.local/lib/python3.7/site-packages/airflow/example_dags/example_skip_dag.py
[2023-11-11T17:33:18.211+0000] {logging_mixin.py:120} INFO - [2023-11-11T17:33:18.211+0000] {dag.py:2585} INFO - Sync 1 DAGs
[2023-11-11T17:33:18.276+0000] {logging_mixin.py:120} INFO - [2023-11-11T17:33:18.276+0000] {dag.py:3340} INFO - Setting next_dagrun for example_skip_dag to 2023-11-10T17:33:18.276376+00:00, run_after=2023-11-11T17:33:18.276376+00:00
[2023-11-11T17:33:18.318+0000] {processor.py:176} INFO - Processing /home/airflow/.local/lib/python3.7/site-packages/airflow/example_dags/example_skip_dag.py took 0.246 seconds
[2023-11-11T17:33:48.546+0000] {processor.py:154} INFO - Started process (PID=528) to work on /home/airflow/.local/lib/python3.7/site-packages/airflow/example_dags/example_skip_dag.py
[2023-11-11T17:33:48.547+0000] {processor.py:756} INFO - Processing file /home/airflow/.local/lib/python3.7/site-packages/airflow/example_dags/example_skip_dag.py for tasks to queue
[2023-11-11T17:33:48.548+0000] {logging_mixin.py:120} INFO - [2023-11-11T17:33:48.548+0000] {dagbag.py:537} INFO - Filling up the DagBag from /home/airflow/.local/lib/python3.7/site-packages/airflow/example_dags/example_skip_dag.py
[2023-11-11T17:33:48.576+0000] {processor.py:766} INFO - DAG(s) dict_keys(['example_skip_dag']) retrieved from /home/airflow/.local/lib/python3.7/site-packages/airflow/example_dags/example_skip_dag.py
[2023-11-11T17:33:48.661+0000] {logging_mixin.py:120} INFO - [2023-11-11T17:33:48.660+0000] {dag.py:2585} INFO - Sync 1 DAGs
[2023-11-11T17:33:48.720+0000] {logging_mixin.py:120} INFO - [2023-11-11T17:33:48.719+0000] {dag.py:3340} INFO - Setting next_dagrun for example_skip_dag to 2023-11-10T17:33:48.719577+00:00, run_after=2023-11-11T17:33:48.719577+00:00
[2023-11-11T17:33:48.759+0000] {processor.py:176} INFO - Processing /home/airflow/.local/lib/python3.7/site-packages/airflow/example_dags/example_skip_dag.py took 0.217 seconds
[2023-11-11T17:34:19.270+0000] {processor.py:154} INFO - Started process (PID=582) to work on /home/airflow/.local/lib/python3.7/site-packages/airflow/example_dags/example_skip_dag.py
[2023-11-11T17:34:19.274+0000] {processor.py:756} INFO - Processing file /home/airflow/.local/lib/python3.7/site-packages/airflow/example_dags/example_skip_dag.py for tasks to queue
[2023-11-11T17:34:19.275+0000] {logging_mixin.py:120} INFO - [2023-11-11T17:34:19.275+0000] {dagbag.py:537} INFO - Filling up the DagBag from /home/airflow/.local/lib/python3.7/site-packages/airflow/example_dags/example_skip_dag.py
[2023-11-11T17:34:19.315+0000] {processor.py:766} INFO - DAG(s) dict_keys(['example_skip_dag']) retrieved from /home/airflow/.local/lib/python3.7/site-packages/airflow/example_dags/example_skip_dag.py
[2023-11-11T17:34:19.409+0000] {logging_mixin.py:120} INFO - [2023-11-11T17:34:19.409+0000] {dag.py:2585} INFO - Sync 1 DAGs
[2023-11-11T17:34:19.476+0000] {logging_mixin.py:120} INFO - [2023-11-11T17:34:19.475+0000] {dag.py:3340} INFO - Setting next_dagrun for example_skip_dag to 2023-11-10T17:34:19.474933+00:00, run_after=2023-11-11T17:34:19.474933+00:00
[2023-11-11T17:34:19.549+0000] {processor.py:176} INFO - Processing /home/airflow/.local/lib/python3.7/site-packages/airflow/example_dags/example_skip_dag.py took 0.285 seconds
[2023-11-11T17:34:50.262+0000] {processor.py:154} INFO - Started process (PID=646) to work on /home/airflow/.local/lib/python3.7/site-packages/airflow/example_dags/example_skip_dag.py
[2023-11-11T17:34:50.264+0000] {processor.py:756} INFO - Processing file /home/airflow/.local/lib/python3.7/site-packages/airflow/example_dags/example_skip_dag.py for tasks to queue
[2023-11-11T17:34:50.266+0000] {logging_mixin.py:120} INFO - [2023-11-11T17:34:50.265+0000] {dagbag.py:537} INFO - Filling up the DagBag from /home/airflow/.local/lib/python3.7/site-packages/airflow/example_dags/example_skip_dag.py
[2023-11-11T17:34:50.312+0000] {processor.py:766} INFO - DAG(s) dict_keys(['example_skip_dag']) retrieved from /home/airflow/.local/lib/python3.7/site-packages/airflow/example_dags/example_skip_dag.py
[2023-11-11T17:34:50.454+0000] {logging_mixin.py:120} INFO - [2023-11-11T17:34:50.454+0000] {dag.py:2585} INFO - Sync 1 DAGs
[2023-11-11T17:34:50.556+0000] {logging_mixin.py:120} INFO - [2023-11-11T17:34:50.556+0000] {dag.py:3340} INFO - Setting next_dagrun for example_skip_dag to 2023-11-10T17:34:50.555417+00:00, run_after=2023-11-11T17:34:50.555417+00:00
[2023-11-11T17:34:50.610+0000] {processor.py:176} INFO - Processing /home/airflow/.local/lib/python3.7/site-packages/airflow/example_dags/example_skip_dag.py took 0.357 seconds
[2023-11-11T17:35:21.298+0000] {processor.py:154} INFO - Started process (PID=700) to work on /home/airflow/.local/lib/python3.7/site-packages/airflow/example_dags/example_skip_dag.py
[2023-11-11T17:35:21.301+0000] {processor.py:756} INFO - Processing file /home/airflow/.local/lib/python3.7/site-packages/airflow/example_dags/example_skip_dag.py for tasks to queue
[2023-11-11T17:35:21.303+0000] {logging_mixin.py:120} INFO - [2023-11-11T17:35:21.303+0000] {dagbag.py:537} INFO - Filling up the DagBag from /home/airflow/.local/lib/python3.7/site-packages/airflow/example_dags/example_skip_dag.py
[2023-11-11T17:35:21.343+0000] {processor.py:766} INFO - DAG(s) dict_keys(['example_skip_dag']) retrieved from /home/airflow/.local/lib/python3.7/site-packages/airflow/example_dags/example_skip_dag.py
[2023-11-11T17:35:21.448+0000] {logging_mixin.py:120} INFO - [2023-11-11T17:35:21.448+0000] {dag.py:2585} INFO - Sync 1 DAGs
[2023-11-11T17:35:21.489+0000] {logging_mixin.py:120} INFO - [2023-11-11T17:35:21.488+0000] {dag.py:3340} INFO - Setting next_dagrun for example_skip_dag to 2023-11-10T17:35:21.487159+00:00, run_after=2023-11-11T17:35:21.487159+00:00
[2023-11-11T17:35:21.526+0000] {processor.py:176} INFO - Processing /home/airflow/.local/lib/python3.7/site-packages/airflow/example_dags/example_skip_dag.py took 0.235 seconds
[2023-11-11T17:35:51.801+0000] {processor.py:154} INFO - Started process (PID=762) to work on /home/airflow/.local/lib/python3.7/site-packages/airflow/example_dags/example_skip_dag.py
[2023-11-11T17:35:51.804+0000] {processor.py:756} INFO - Processing file /home/airflow/.local/lib/python3.7/site-packages/airflow/example_dags/example_skip_dag.py for tasks to queue
[2023-11-11T17:35:51.805+0000] {logging_mixin.py:120} INFO - [2023-11-11T17:35:51.805+0000] {dagbag.py:537} INFO - Filling up the DagBag from /home/airflow/.local/lib/python3.7/site-packages/airflow/example_dags/example_skip_dag.py
[2023-11-11T17:35:51.836+0000] {processor.py:766} INFO - DAG(s) dict_keys(['example_skip_dag']) retrieved from /home/airflow/.local/lib/python3.7/site-packages/airflow/example_dags/example_skip_dag.py
[2023-11-11T17:35:51.912+0000] {logging_mixin.py:120} INFO - [2023-11-11T17:35:51.912+0000] {dag.py:2585} INFO - Sync 1 DAGs
[2023-11-11T17:35:51.964+0000] {logging_mixin.py:120} INFO - [2023-11-11T17:35:51.963+0000] {dag.py:3340} INFO - Setting next_dagrun for example_skip_dag to 2023-11-10T17:35:51.963570+00:00, run_after=2023-11-11T17:35:51.963570+00:00
[2023-11-11T17:35:52.003+0000] {processor.py:176} INFO - Processing /home/airflow/.local/lib/python3.7/site-packages/airflow/example_dags/example_skip_dag.py took 0.209 seconds
[2023-11-11T17:36:22.607+0000] {processor.py:154} INFO - Started process (PID=816) to work on /home/airflow/.local/lib/python3.7/site-packages/airflow/example_dags/example_skip_dag.py
[2023-11-11T17:36:22.609+0000] {processor.py:756} INFO - Processing file /home/airflow/.local/lib/python3.7/site-packages/airflow/example_dags/example_skip_dag.py for tasks to queue
[2023-11-11T17:36:22.610+0000] {logging_mixin.py:120} INFO - [2023-11-11T17:36:22.609+0000] {dagbag.py:537} INFO - Filling up the DagBag from /home/airflow/.local/lib/python3.7/site-packages/airflow/example_dags/example_skip_dag.py
[2023-11-11T17:36:22.635+0000] {processor.py:766} INFO - DAG(s) dict_keys(['example_skip_dag']) retrieved from /home/airflow/.local/lib/python3.7/site-packages/airflow/example_dags/example_skip_dag.py
[2023-11-11T17:36:22.702+0000] {logging_mixin.py:120} INFO - [2023-11-11T17:36:22.702+0000] {dag.py:2585} INFO - Sync 1 DAGs
[2023-11-11T17:36:22.743+0000] {logging_mixin.py:120} INFO - [2023-11-11T17:36:22.743+0000] {dag.py:3340} INFO - Setting next_dagrun for example_skip_dag to 2023-11-10T17:36:22.743198+00:00, run_after=2023-11-11T17:36:22.743198+00:00
[2023-11-11T17:36:22.773+0000] {processor.py:176} INFO - Processing /home/airflow/.local/lib/python3.7/site-packages/airflow/example_dags/example_skip_dag.py took 0.172 seconds
[2023-11-11T17:36:52.992+0000] {processor.py:154} INFO - Started process (PID=879) to work on /home/airflow/.local/lib/python3.7/site-packages/airflow/example_dags/example_skip_dag.py
[2023-11-11T17:36:52.993+0000] {processor.py:756} INFO - Processing file /home/airflow/.local/lib/python3.7/site-packages/airflow/example_dags/example_skip_dag.py for tasks to queue
[2023-11-11T17:36:52.994+0000] {logging_mixin.py:120} INFO - [2023-11-11T17:36:52.994+0000] {dagbag.py:537} INFO - Filling up the DagBag from /home/airflow/.local/lib/python3.7/site-packages/airflow/example_dags/example_skip_dag.py
[2023-11-11T17:36:53.028+0000] {processor.py:766} INFO - DAG(s) dict_keys(['example_skip_dag']) retrieved from /home/airflow/.local/lib/python3.7/site-packages/airflow/example_dags/example_skip_dag.py
[2023-11-11T17:36:53.129+0000] {logging_mixin.py:120} INFO - [2023-11-11T17:36:53.129+0000] {dag.py:2585} INFO - Sync 1 DAGs
[2023-11-11T17:36:53.193+0000] {logging_mixin.py:120} INFO - [2023-11-11T17:36:53.192+0000] {dag.py:3340} INFO - Setting next_dagrun for example_skip_dag to 2023-11-10T17:36:53.191078+00:00, run_after=2023-11-11T17:36:53.191078+00:00
[2023-11-11T17:36:53.256+0000] {processor.py:176} INFO - Processing /home/airflow/.local/lib/python3.7/site-packages/airflow/example_dags/example_skip_dag.py took 0.270 seconds
[2023-11-11T17:37:23.627+0000] {processor.py:154} INFO - Started process (PID=933) to work on /home/airflow/.local/lib/python3.7/site-packages/airflow/example_dags/example_skip_dag.py
[2023-11-11T17:37:23.629+0000] {processor.py:756} INFO - Processing file /home/airflow/.local/lib/python3.7/site-packages/airflow/example_dags/example_skip_dag.py for tasks to queue
[2023-11-11T17:37:23.630+0000] {logging_mixin.py:120} INFO - [2023-11-11T17:37:23.630+0000] {dagbag.py:537} INFO - Filling up the DagBag from /home/airflow/.local/lib/python3.7/site-packages/airflow/example_dags/example_skip_dag.py
[2023-11-11T17:37:23.658+0000] {processor.py:766} INFO - DAG(s) dict_keys(['example_skip_dag']) retrieved from /home/airflow/.local/lib/python3.7/site-packages/airflow/example_dags/example_skip_dag.py
[2023-11-11T17:37:23.738+0000] {logging_mixin.py:120} INFO - [2023-11-11T17:37:23.737+0000] {dag.py:2585} INFO - Sync 1 DAGs
[2023-11-11T17:37:23.794+0000] {logging_mixin.py:120} INFO - [2023-11-11T17:37:23.794+0000] {dag.py:3340} INFO - Setting next_dagrun for example_skip_dag to 2023-11-10T17:37:23.794277+00:00, run_after=2023-11-11T17:37:23.794277+00:00
[2023-11-11T17:37:23.838+0000] {processor.py:176} INFO - Processing /home/airflow/.local/lib/python3.7/site-packages/airflow/example_dags/example_skip_dag.py took 0.217 seconds
[2023-11-11T17:37:53.964+0000] {processor.py:154} INFO - Started process (PID=996) to work on /home/airflow/.local/lib/python3.7/site-packages/airflow/example_dags/example_skip_dag.py
[2023-11-11T17:37:53.965+0000] {processor.py:756} INFO - Processing file /home/airflow/.local/lib/python3.7/site-packages/airflow/example_dags/example_skip_dag.py for tasks to queue
[2023-11-11T17:37:53.966+0000] {logging_mixin.py:120} INFO - [2023-11-11T17:37:53.965+0000] {dagbag.py:537} INFO - Filling up the DagBag from /home/airflow/.local/lib/python3.7/site-packages/airflow/example_dags/example_skip_dag.py
[2023-11-11T17:37:53.998+0000] {processor.py:766} INFO - DAG(s) dict_keys(['example_skip_dag']) retrieved from /home/airflow/.local/lib/python3.7/site-packages/airflow/example_dags/example_skip_dag.py
[2023-11-11T17:37:54.102+0000] {logging_mixin.py:120} INFO - [2023-11-11T17:37:54.102+0000] {dag.py:2585} INFO - Sync 1 DAGs
[2023-11-11T17:37:54.155+0000] {logging_mixin.py:120} INFO - [2023-11-11T17:37:54.155+0000] {dag.py:3340} INFO - Setting next_dagrun for example_skip_dag to 2023-11-10T17:37:54.154798+00:00, run_after=2023-11-11T17:37:54.154798+00:00
[2023-11-11T17:37:54.195+0000] {processor.py:176} INFO - Processing /home/airflow/.local/lib/python3.7/site-packages/airflow/example_dags/example_skip_dag.py took 0.238 seconds
[2023-11-11T17:38:24.871+0000] {processor.py:154} INFO - Started process (PID=1051) to work on /home/airflow/.local/lib/python3.7/site-packages/airflow/example_dags/example_skip_dag.py
[2023-11-11T17:38:24.873+0000] {processor.py:756} INFO - Processing file /home/airflow/.local/lib/python3.7/site-packages/airflow/example_dags/example_skip_dag.py for tasks to queue
[2023-11-11T17:38:24.874+0000] {logging_mixin.py:120} INFO - [2023-11-11T17:38:24.874+0000] {dagbag.py:537} INFO - Filling up the DagBag from /home/airflow/.local/lib/python3.7/site-packages/airflow/example_dags/example_skip_dag.py
[2023-11-11T17:38:24.904+0000] {processor.py:766} INFO - DAG(s) dict_keys(['example_skip_dag']) retrieved from /home/airflow/.local/lib/python3.7/site-packages/airflow/example_dags/example_skip_dag.py
[2023-11-11T17:38:24.982+0000] {logging_mixin.py:120} INFO - [2023-11-11T17:38:24.980+0000] {dag.py:2585} INFO - Sync 1 DAGs
[2023-11-11T17:38:25.033+0000] {logging_mixin.py:120} INFO - [2023-11-11T17:38:25.032+0000] {dag.py:3340} INFO - Setting next_dagrun for example_skip_dag to 2023-11-10T17:38:25.032659+00:00, run_after=2023-11-11T17:38:25.032659+00:00
[2023-11-11T17:38:25.070+0000] {processor.py:176} INFO - Processing /home/airflow/.local/lib/python3.7/site-packages/airflow/example_dags/example_skip_dag.py took 0.204 seconds
[2023-11-11T17:38:55.496+0000] {processor.py:154} INFO - Started process (PID=1112) to work on /home/airflow/.local/lib/python3.7/site-packages/airflow/example_dags/example_skip_dag.py
[2023-11-11T17:38:55.497+0000] {processor.py:756} INFO - Processing file /home/airflow/.local/lib/python3.7/site-packages/airflow/example_dags/example_skip_dag.py for tasks to queue
[2023-11-11T17:38:55.499+0000] {logging_mixin.py:120} INFO - [2023-11-11T17:38:55.498+0000] {dagbag.py:537} INFO - Filling up the DagBag from /home/airflow/.local/lib/python3.7/site-packages/airflow/example_dags/example_skip_dag.py
[2023-11-11T17:38:55.524+0000] {processor.py:766} INFO - DAG(s) dict_keys(['example_skip_dag']) retrieved from /home/airflow/.local/lib/python3.7/site-packages/airflow/example_dags/example_skip_dag.py
[2023-11-11T17:38:55.606+0000] {logging_mixin.py:120} INFO - [2023-11-11T17:38:55.606+0000] {dag.py:2585} INFO - Sync 1 DAGs
[2023-11-11T17:38:55.659+0000] {logging_mixin.py:120} INFO - [2023-11-11T17:38:55.659+0000] {dag.py:3340} INFO - Setting next_dagrun for example_skip_dag to 2023-11-10T17:38:55.658495+00:00, run_after=2023-11-11T17:38:55.658495+00:00
[2023-11-11T17:38:55.700+0000] {processor.py:176} INFO - Processing /home/airflow/.local/lib/python3.7/site-packages/airflow/example_dags/example_skip_dag.py took 0.216 seconds
[2023-11-11T17:39:25.798+0000] {processor.py:154} INFO - Started process (PID=1166) to work on /home/airflow/.local/lib/python3.7/site-packages/airflow/example_dags/example_skip_dag.py
[2023-11-11T17:39:25.799+0000] {processor.py:756} INFO - Processing file /home/airflow/.local/lib/python3.7/site-packages/airflow/example_dags/example_skip_dag.py for tasks to queue
[2023-11-11T17:39:25.800+0000] {logging_mixin.py:120} INFO - [2023-11-11T17:39:25.800+0000] {dagbag.py:537} INFO - Filling up the DagBag from /home/airflow/.local/lib/python3.7/site-packages/airflow/example_dags/example_skip_dag.py
[2023-11-11T17:39:25.824+0000] {processor.py:766} INFO - DAG(s) dict_keys(['example_skip_dag']) retrieved from /home/airflow/.local/lib/python3.7/site-packages/airflow/example_dags/example_skip_dag.py
[2023-11-11T17:39:25.892+0000] {logging_mixin.py:120} INFO - [2023-11-11T17:39:25.892+0000] {dag.py:2585} INFO - Sync 1 DAGs
[2023-11-11T17:39:25.957+0000] {logging_mixin.py:120} INFO - [2023-11-11T17:39:25.957+0000] {dag.py:3340} INFO - Setting next_dagrun for example_skip_dag to 2023-11-10T17:39:25.957163+00:00, run_after=2023-11-11T17:39:25.957163+00:00
[2023-11-11T17:39:26.004+0000] {processor.py:176} INFO - Processing /home/airflow/.local/lib/python3.7/site-packages/airflow/example_dags/example_skip_dag.py took 0.211 seconds
