[2023-11-11T17:02:05.653+0000] {processor.py:154} INFO - Started process (PID=72) to work on /home/airflow/.local/lib/python3.7/site-packages/airflow/example_dags/example_branch_day_of_week_operator.py
[2023-11-11T17:02:05.655+0000] {processor.py:756} INFO - Processing file /home/airflow/.local/lib/python3.7/site-packages/airflow/example_dags/example_branch_day_of_week_operator.py for tasks to queue
[2023-11-11T17:02:05.656+0000] {logging_mixin.py:120} INFO - [2023-11-11T17:02:05.656+0000] {dagbag.py:537} INFO - Filling up the DagBag from /home/airflow/.local/lib/python3.7/site-packages/airflow/example_dags/example_branch_day_of_week_operator.py
[2023-11-11T17:02:05.709+0000] {processor.py:766} INFO - DAG(s) dict_keys(['example_weekday_branch_operator']) retrieved from /home/airflow/.local/lib/python3.7/site-packages/airflow/example_dags/example_branch_day_of_week_operator.py
[2023-11-11T17:02:05.818+0000] {logging_mixin.py:120} INFO - [2023-11-11T17:02:05.818+0000] {dag.py:2585} INFO - Sync 1 DAGs
[2023-11-11T17:02:05.912+0000] {logging_mixin.py:120} INFO - [2023-11-11T17:02:05.911+0000] {dag.py:3340} INFO - Setting next_dagrun for example_weekday_branch_operator to 2023-11-10T00:00:00+00:00, run_after=2023-11-11T00:00:00+00:00
[2023-11-11T17:02:06.332+0000] {processor.py:176} INFO - Processing /home/airflow/.local/lib/python3.7/site-packages/airflow/example_dags/example_branch_day_of_week_operator.py took 0.688 seconds
[2023-11-11T17:02:37.878+0000] {processor.py:154} INFO - Started process (PID=126) to work on /home/airflow/.local/lib/python3.7/site-packages/airflow/example_dags/example_branch_day_of_week_operator.py
[2023-11-11T17:02:37.882+0000] {processor.py:756} INFO - Processing file /home/airflow/.local/lib/python3.7/site-packages/airflow/example_dags/example_branch_day_of_week_operator.py for tasks to queue
[2023-11-11T17:02:37.883+0000] {logging_mixin.py:120} INFO - [2023-11-11T17:02:37.883+0000] {dagbag.py:537} INFO - Filling up the DagBag from /home/airflow/.local/lib/python3.7/site-packages/airflow/example_dags/example_branch_day_of_week_operator.py
[2023-11-11T17:02:37.919+0000] {processor.py:766} INFO - DAG(s) dict_keys(['example_weekday_branch_operator']) retrieved from /home/airflow/.local/lib/python3.7/site-packages/airflow/example_dags/example_branch_day_of_week_operator.py
[2023-11-11T17:02:37.999+0000] {logging_mixin.py:120} INFO - [2023-11-11T17:02:37.999+0000] {dag.py:2585} INFO - Sync 1 DAGs
[2023-11-11T17:02:38.050+0000] {logging_mixin.py:120} INFO - [2023-11-11T17:02:38.049+0000] {dag.py:3340} INFO - Setting next_dagrun for example_weekday_branch_operator to 2023-11-10T00:00:00+00:00, run_after=2023-11-11T00:00:00+00:00
[2023-11-11T17:02:38.078+0000] {processor.py:176} INFO - Processing /home/airflow/.local/lib/python3.7/site-packages/airflow/example_dags/example_branch_day_of_week_operator.py took 0.205 seconds
[2023-11-11T17:03:10.091+0000] {processor.py:154} INFO - Started process (PID=181) to work on /home/airflow/.local/lib/python3.7/site-packages/airflow/example_dags/example_branch_day_of_week_operator.py
[2023-11-11T17:03:10.097+0000] {processor.py:756} INFO - Processing file /home/airflow/.local/lib/python3.7/site-packages/airflow/example_dags/example_branch_day_of_week_operator.py for tasks to queue
[2023-11-11T17:03:10.098+0000] {logging_mixin.py:120} INFO - [2023-11-11T17:03:10.098+0000] {dagbag.py:537} INFO - Filling up the DagBag from /home/airflow/.local/lib/python3.7/site-packages/airflow/example_dags/example_branch_day_of_week_operator.py
[2023-11-11T17:03:10.160+0000] {processor.py:766} INFO - DAG(s) dict_keys(['example_weekday_branch_operator']) retrieved from /home/airflow/.local/lib/python3.7/site-packages/airflow/example_dags/example_branch_day_of_week_operator.py
[2023-11-11T17:03:10.383+0000] {logging_mixin.py:120} INFO - [2023-11-11T17:03:10.383+0000] {dag.py:2585} INFO - Sync 1 DAGs
[2023-11-11T17:03:10.538+0000] {logging_mixin.py:120} INFO - [2023-11-11T17:03:10.537+0000] {dag.py:3340} INFO - Setting next_dagrun for example_weekday_branch_operator to 2023-11-10T00:00:00+00:00, run_after=2023-11-11T00:00:00+00:00
[2023-11-11T17:03:10.813+0000] {processor.py:176} INFO - Processing /home/airflow/.local/lib/python3.7/site-packages/airflow/example_dags/example_branch_day_of_week_operator.py took 0.736 seconds
[2023-11-11T17:03:41.156+0000] {processor.py:154} INFO - Started process (PID=243) to work on /home/airflow/.local/lib/python3.7/site-packages/airflow/example_dags/example_branch_day_of_week_operator.py
[2023-11-11T17:03:41.159+0000] {processor.py:756} INFO - Processing file /home/airflow/.local/lib/python3.7/site-packages/airflow/example_dags/example_branch_day_of_week_operator.py for tasks to queue
[2023-11-11T17:03:41.160+0000] {logging_mixin.py:120} INFO - [2023-11-11T17:03:41.160+0000] {dagbag.py:537} INFO - Filling up the DagBag from /home/airflow/.local/lib/python3.7/site-packages/airflow/example_dags/example_branch_day_of_week_operator.py
[2023-11-11T17:03:41.192+0000] {processor.py:766} INFO - DAG(s) dict_keys(['example_weekday_branch_operator']) retrieved from /home/airflow/.local/lib/python3.7/site-packages/airflow/example_dags/example_branch_day_of_week_operator.py
[2023-11-11T17:03:41.274+0000] {logging_mixin.py:120} INFO - [2023-11-11T17:03:41.274+0000] {dag.py:2585} INFO - Sync 1 DAGs
[2023-11-11T17:03:41.328+0000] {logging_mixin.py:120} INFO - [2023-11-11T17:03:41.327+0000] {dag.py:3340} INFO - Setting next_dagrun for example_weekday_branch_operator to 2023-11-10T00:00:00+00:00, run_after=2023-11-11T00:00:00+00:00
[2023-11-11T17:03:41.373+0000] {processor.py:176} INFO - Processing /home/airflow/.local/lib/python3.7/site-packages/airflow/example_dags/example_branch_day_of_week_operator.py took 0.230 seconds
[2023-11-11T17:04:11.551+0000] {processor.py:154} INFO - Started process (PID=299) to work on /home/airflow/.local/lib/python3.7/site-packages/airflow/example_dags/example_branch_day_of_week_operator.py
[2023-11-11T17:04:11.552+0000] {processor.py:756} INFO - Processing file /home/airflow/.local/lib/python3.7/site-packages/airflow/example_dags/example_branch_day_of_week_operator.py for tasks to queue
[2023-11-11T17:04:11.554+0000] {logging_mixin.py:120} INFO - [2023-11-11T17:04:11.553+0000] {dagbag.py:537} INFO - Filling up the DagBag from /home/airflow/.local/lib/python3.7/site-packages/airflow/example_dags/example_branch_day_of_week_operator.py
[2023-11-11T17:04:11.583+0000] {processor.py:766} INFO - DAG(s) dict_keys(['example_weekday_branch_operator']) retrieved from /home/airflow/.local/lib/python3.7/site-packages/airflow/example_dags/example_branch_day_of_week_operator.py
[2023-11-11T17:04:11.650+0000] {logging_mixin.py:120} INFO - [2023-11-11T17:04:11.650+0000] {dag.py:2585} INFO - Sync 1 DAGs
[2023-11-11T17:04:11.694+0000] {logging_mixin.py:120} INFO - [2023-11-11T17:04:11.694+0000] {dag.py:3340} INFO - Setting next_dagrun for example_weekday_branch_operator to 2023-11-10T00:00:00+00:00, run_after=2023-11-11T00:00:00+00:00
[2023-11-11T17:04:11.729+0000] {processor.py:176} INFO - Processing /home/airflow/.local/lib/python3.7/site-packages/airflow/example_dags/example_branch_day_of_week_operator.py took 0.184 seconds
[2023-11-11T17:04:42.276+0000] {processor.py:154} INFO - Started process (PID=362) to work on /home/airflow/.local/lib/python3.7/site-packages/airflow/example_dags/example_branch_day_of_week_operator.py
[2023-11-11T17:04:42.277+0000] {processor.py:756} INFO - Processing file /home/airflow/.local/lib/python3.7/site-packages/airflow/example_dags/example_branch_day_of_week_operator.py for tasks to queue
[2023-11-11T17:04:42.279+0000] {logging_mixin.py:120} INFO - [2023-11-11T17:04:42.278+0000] {dagbag.py:537} INFO - Filling up the DagBag from /home/airflow/.local/lib/python3.7/site-packages/airflow/example_dags/example_branch_day_of_week_operator.py
[2023-11-11T17:04:42.303+0000] {processor.py:766} INFO - DAG(s) dict_keys(['example_weekday_branch_operator']) retrieved from /home/airflow/.local/lib/python3.7/site-packages/airflow/example_dags/example_branch_day_of_week_operator.py
[2023-11-11T17:04:42.358+0000] {logging_mixin.py:120} INFO - [2023-11-11T17:04:42.358+0000] {dag.py:2585} INFO - Sync 1 DAGs
[2023-11-11T17:04:42.401+0000] {logging_mixin.py:120} INFO - [2023-11-11T17:04:42.401+0000] {dag.py:3340} INFO - Setting next_dagrun for example_weekday_branch_operator to 2023-11-10T00:00:00+00:00, run_after=2023-11-11T00:00:00+00:00
[2023-11-11T17:04:42.429+0000] {processor.py:176} INFO - Processing /home/airflow/.local/lib/python3.7/site-packages/airflow/example_dags/example_branch_day_of_week_operator.py took 0.156 seconds
[2023-11-11T17:05:12.764+0000] {processor.py:154} INFO - Started process (PID=416) to work on /home/airflow/.local/lib/python3.7/site-packages/airflow/example_dags/example_branch_day_of_week_operator.py
[2023-11-11T17:05:12.765+0000] {processor.py:756} INFO - Processing file /home/airflow/.local/lib/python3.7/site-packages/airflow/example_dags/example_branch_day_of_week_operator.py for tasks to queue
[2023-11-11T17:05:12.767+0000] {logging_mixin.py:120} INFO - [2023-11-11T17:05:12.767+0000] {dagbag.py:537} INFO - Filling up the DagBag from /home/airflow/.local/lib/python3.7/site-packages/airflow/example_dags/example_branch_day_of_week_operator.py
[2023-11-11T17:05:12.785+0000] {processor.py:766} INFO - DAG(s) dict_keys(['example_weekday_branch_operator']) retrieved from /home/airflow/.local/lib/python3.7/site-packages/airflow/example_dags/example_branch_day_of_week_operator.py
[2023-11-11T17:05:12.851+0000] {logging_mixin.py:120} INFO - [2023-11-11T17:05:12.850+0000] {dag.py:2585} INFO - Sync 1 DAGs
[2023-11-11T17:05:12.879+0000] {logging_mixin.py:120} INFO - [2023-11-11T17:05:12.879+0000] {dag.py:3340} INFO - Setting next_dagrun for example_weekday_branch_operator to 2023-11-10T00:00:00+00:00, run_after=2023-11-11T00:00:00+00:00
[2023-11-11T17:05:12.909+0000] {processor.py:176} INFO - Processing /home/airflow/.local/lib/python3.7/site-packages/airflow/example_dags/example_branch_day_of_week_operator.py took 0.148 seconds
[2023-11-11T17:05:43.416+0000] {processor.py:154} INFO - Started process (PID=479) to work on /home/airflow/.local/lib/python3.7/site-packages/airflow/example_dags/example_branch_day_of_week_operator.py
[2023-11-11T17:05:43.416+0000] {processor.py:756} INFO - Processing file /home/airflow/.local/lib/python3.7/site-packages/airflow/example_dags/example_branch_day_of_week_operator.py for tasks to queue
[2023-11-11T17:05:43.417+0000] {logging_mixin.py:120} INFO - [2023-11-11T17:05:43.417+0000] {dagbag.py:537} INFO - Filling up the DagBag from /home/airflow/.local/lib/python3.7/site-packages/airflow/example_dags/example_branch_day_of_week_operator.py
[2023-11-11T17:05:43.436+0000] {processor.py:766} INFO - DAG(s) dict_keys(['example_weekday_branch_operator']) retrieved from /home/airflow/.local/lib/python3.7/site-packages/airflow/example_dags/example_branch_day_of_week_operator.py
[2023-11-11T17:05:43.485+0000] {logging_mixin.py:120} INFO - [2023-11-11T17:05:43.485+0000] {dag.py:2585} INFO - Sync 1 DAGs
[2023-11-11T17:05:43.518+0000] {logging_mixin.py:120} INFO - [2023-11-11T17:05:43.518+0000] {dag.py:3340} INFO - Setting next_dagrun for example_weekday_branch_operator to 2023-11-10T00:00:00+00:00, run_after=2023-11-11T00:00:00+00:00
[2023-11-11T17:05:43.546+0000] {processor.py:176} INFO - Processing /home/airflow/.local/lib/python3.7/site-packages/airflow/example_dags/example_branch_day_of_week_operator.py took 0.134 seconds
[2023-11-11T17:06:13.734+0000] {processor.py:154} INFO - Started process (PID=533) to work on /home/airflow/.local/lib/python3.7/site-packages/airflow/example_dags/example_branch_day_of_week_operator.py
[2023-11-11T17:06:13.737+0000] {processor.py:756} INFO - Processing file /home/airflow/.local/lib/python3.7/site-packages/airflow/example_dags/example_branch_day_of_week_operator.py for tasks to queue
[2023-11-11T17:06:13.739+0000] {logging_mixin.py:120} INFO - [2023-11-11T17:06:13.738+0000] {dagbag.py:537} INFO - Filling up the DagBag from /home/airflow/.local/lib/python3.7/site-packages/airflow/example_dags/example_branch_day_of_week_operator.py
[2023-11-11T17:06:13.764+0000] {processor.py:766} INFO - DAG(s) dict_keys(['example_weekday_branch_operator']) retrieved from /home/airflow/.local/lib/python3.7/site-packages/airflow/example_dags/example_branch_day_of_week_operator.py
[2023-11-11T17:06:13.835+0000] {logging_mixin.py:120} INFO - [2023-11-11T17:06:13.834+0000] {dag.py:2585} INFO - Sync 1 DAGs
[2023-11-11T17:06:13.878+0000] {logging_mixin.py:120} INFO - [2023-11-11T17:06:13.878+0000] {dag.py:3340} INFO - Setting next_dagrun for example_weekday_branch_operator to 2023-11-10T00:00:00+00:00, run_after=2023-11-11T00:00:00+00:00
[2023-11-11T17:06:13.915+0000] {processor.py:176} INFO - Processing /home/airflow/.local/lib/python3.7/site-packages/airflow/example_dags/example_branch_day_of_week_operator.py took 0.186 seconds
[2023-11-11T17:06:44.608+0000] {processor.py:154} INFO - Started process (PID=596) to work on /home/airflow/.local/lib/python3.7/site-packages/airflow/example_dags/example_branch_day_of_week_operator.py
[2023-11-11T17:06:44.609+0000] {processor.py:756} INFO - Processing file /home/airflow/.local/lib/python3.7/site-packages/airflow/example_dags/example_branch_day_of_week_operator.py for tasks to queue
[2023-11-11T17:06:44.610+0000] {logging_mixin.py:120} INFO - [2023-11-11T17:06:44.609+0000] {dagbag.py:537} INFO - Filling up the DagBag from /home/airflow/.local/lib/python3.7/site-packages/airflow/example_dags/example_branch_day_of_week_operator.py
[2023-11-11T17:06:44.632+0000] {processor.py:766} INFO - DAG(s) dict_keys(['example_weekday_branch_operator']) retrieved from /home/airflow/.local/lib/python3.7/site-packages/airflow/example_dags/example_branch_day_of_week_operator.py
[2023-11-11T17:06:44.693+0000] {logging_mixin.py:120} INFO - [2023-11-11T17:06:44.693+0000] {dag.py:2585} INFO - Sync 1 DAGs
[2023-11-11T17:06:44.736+0000] {logging_mixin.py:120} INFO - [2023-11-11T17:06:44.736+0000] {dag.py:3340} INFO - Setting next_dagrun for example_weekday_branch_operator to 2023-11-10T00:00:00+00:00, run_after=2023-11-11T00:00:00+00:00
[2023-11-11T17:06:44.767+0000] {processor.py:176} INFO - Processing /home/airflow/.local/lib/python3.7/site-packages/airflow/example_dags/example_branch_day_of_week_operator.py took 0.166 seconds
[2023-11-11T17:07:15.140+0000] {processor.py:154} INFO - Started process (PID=650) to work on /home/airflow/.local/lib/python3.7/site-packages/airflow/example_dags/example_branch_day_of_week_operator.py
[2023-11-11T17:07:15.141+0000] {processor.py:756} INFO - Processing file /home/airflow/.local/lib/python3.7/site-packages/airflow/example_dags/example_branch_day_of_week_operator.py for tasks to queue
[2023-11-11T17:07:15.144+0000] {logging_mixin.py:120} INFO - [2023-11-11T17:07:15.144+0000] {dagbag.py:537} INFO - Filling up the DagBag from /home/airflow/.local/lib/python3.7/site-packages/airflow/example_dags/example_branch_day_of_week_operator.py
[2023-11-11T17:07:15.174+0000] {processor.py:766} INFO - DAG(s) dict_keys(['example_weekday_branch_operator']) retrieved from /home/airflow/.local/lib/python3.7/site-packages/airflow/example_dags/example_branch_day_of_week_operator.py
[2023-11-11T17:07:15.231+0000] {logging_mixin.py:120} INFO - [2023-11-11T17:07:15.231+0000] {dag.py:2585} INFO - Sync 1 DAGs
[2023-11-11T17:07:15.270+0000] {logging_mixin.py:120} INFO - [2023-11-11T17:07:15.270+0000] {dag.py:3340} INFO - Setting next_dagrun for example_weekday_branch_operator to 2023-11-10T00:00:00+00:00, run_after=2023-11-11T00:00:00+00:00
[2023-11-11T17:07:15.296+0000] {processor.py:176} INFO - Processing /home/airflow/.local/lib/python3.7/site-packages/airflow/example_dags/example_branch_day_of_week_operator.py took 0.160 seconds
[2023-11-11T17:29:41.891+0000] {processor.py:154} INFO - Started process (PID=88) to work on /home/airflow/.local/lib/python3.7/site-packages/airflow/example_dags/example_branch_day_of_week_operator.py
[2023-11-11T17:29:41.930+0000] {processor.py:756} INFO - Processing file /home/airflow/.local/lib/python3.7/site-packages/airflow/example_dags/example_branch_day_of_week_operator.py for tasks to queue
[2023-11-11T17:29:41.932+0000] {logging_mixin.py:120} INFO - [2023-11-11T17:29:41.932+0000] {dagbag.py:537} INFO - Filling up the DagBag from /home/airflow/.local/lib/python3.7/site-packages/airflow/example_dags/example_branch_day_of_week_operator.py
[2023-11-11T17:29:42.213+0000] {processor.py:766} INFO - DAG(s) dict_keys(['example_weekday_branch_operator']) retrieved from /home/airflow/.local/lib/python3.7/site-packages/airflow/example_dags/example_branch_day_of_week_operator.py
[2023-11-11T17:29:43.534+0000] {logging_mixin.py:120} INFO - [2023-11-11T17:29:43.534+0000] {manager.py:507} INFO - Created Permission View: can read on DAG:example_weekday_branch_operator
[2023-11-11T17:29:43.631+0000] {logging_mixin.py:120} INFO - [2023-11-11T17:29:43.630+0000] {manager.py:507} INFO - Created Permission View: can delete on DAG:example_weekday_branch_operator
[2023-11-11T17:29:43.701+0000] {logging_mixin.py:120} INFO - [2023-11-11T17:29:43.700+0000] {manager.py:507} INFO - Created Permission View: can edit on DAG:example_weekday_branch_operator
[2023-11-11T17:29:43.703+0000] {logging_mixin.py:120} INFO - [2023-11-11T17:29:43.703+0000] {dag.py:2585} INFO - Sync 1 DAGs
[2023-11-11T17:29:43.964+0000] {logging_mixin.py:120} INFO - [2023-11-11T17:29:43.963+0000] {dag.py:2606} INFO - Creating ORM DAG for example_weekday_branch_operator
[2023-11-11T17:29:44.092+0000] {logging_mixin.py:120} INFO - [2023-11-11T17:29:44.091+0000] {dag.py:3340} INFO - Setting next_dagrun for example_weekday_branch_operator to 2023-11-10T00:00:00+00:00, run_after=2023-11-11T00:00:00+00:00
[2023-11-11T17:29:44.280+0000] {processor.py:176} INFO - Processing /home/airflow/.local/lib/python3.7/site-packages/airflow/example_dags/example_branch_day_of_week_operator.py took 2.427 seconds
[2023-11-11T17:30:14.979+0000] {processor.py:154} INFO - Started process (PID=138) to work on /home/airflow/.local/lib/python3.7/site-packages/airflow/example_dags/example_branch_day_of_week_operator.py
[2023-11-11T17:30:14.982+0000] {processor.py:756} INFO - Processing file /home/airflow/.local/lib/python3.7/site-packages/airflow/example_dags/example_branch_day_of_week_operator.py for tasks to queue
[2023-11-11T17:30:14.989+0000] {logging_mixin.py:120} INFO - [2023-11-11T17:30:14.988+0000] {dagbag.py:537} INFO - Filling up the DagBag from /home/airflow/.local/lib/python3.7/site-packages/airflow/example_dags/example_branch_day_of_week_operator.py
[2023-11-11T17:30:15.072+0000] {processor.py:766} INFO - DAG(s) dict_keys(['example_weekday_branch_operator']) retrieved from /home/airflow/.local/lib/python3.7/site-packages/airflow/example_dags/example_branch_day_of_week_operator.py
[2023-11-11T17:30:15.358+0000] {logging_mixin.py:120} INFO - [2023-11-11T17:30:15.358+0000] {dag.py:2585} INFO - Sync 1 DAGs
[2023-11-11T17:30:15.530+0000] {logging_mixin.py:120} INFO - [2023-11-11T17:30:15.530+0000] {dag.py:3340} INFO - Setting next_dagrun for example_weekday_branch_operator to 2023-11-10T00:00:00+00:00, run_after=2023-11-11T00:00:00+00:00
[2023-11-11T17:30:15.606+0000] {processor.py:176} INFO - Processing /home/airflow/.local/lib/python3.7/site-packages/airflow/example_dags/example_branch_day_of_week_operator.py took 0.634 seconds
[2023-11-11T17:30:45.813+0000] {processor.py:154} INFO - Started process (PID=187) to work on /home/airflow/.local/lib/python3.7/site-packages/airflow/example_dags/example_branch_day_of_week_operator.py
[2023-11-11T17:30:45.818+0000] {processor.py:756} INFO - Processing file /home/airflow/.local/lib/python3.7/site-packages/airflow/example_dags/example_branch_day_of_week_operator.py for tasks to queue
[2023-11-11T17:30:45.822+0000] {logging_mixin.py:120} INFO - [2023-11-11T17:30:45.819+0000] {dagbag.py:537} INFO - Filling up the DagBag from /home/airflow/.local/lib/python3.7/site-packages/airflow/example_dags/example_branch_day_of_week_operator.py
[2023-11-11T17:30:45.904+0000] {processor.py:766} INFO - DAG(s) dict_keys(['example_weekday_branch_operator']) retrieved from /home/airflow/.local/lib/python3.7/site-packages/airflow/example_dags/example_branch_day_of_week_operator.py
[2023-11-11T17:30:46.123+0000] {logging_mixin.py:120} INFO - [2023-11-11T17:30:46.119+0000] {dag.py:2585} INFO - Sync 1 DAGs
[2023-11-11T17:30:46.261+0000] {logging_mixin.py:120} INFO - [2023-11-11T17:30:46.260+0000] {dag.py:3340} INFO - Setting next_dagrun for example_weekday_branch_operator to 2023-11-10T00:00:00+00:00, run_after=2023-11-11T00:00:00+00:00
[2023-11-11T17:30:46.353+0000] {processor.py:176} INFO - Processing /home/airflow/.local/lib/python3.7/site-packages/airflow/example_dags/example_branch_day_of_week_operator.py took 0.553 seconds
[2023-11-11T17:31:16.898+0000] {processor.py:154} INFO - Started process (PID=242) to work on /home/airflow/.local/lib/python3.7/site-packages/airflow/example_dags/example_branch_day_of_week_operator.py
[2023-11-11T17:31:16.903+0000] {processor.py:756} INFO - Processing file /home/airflow/.local/lib/python3.7/site-packages/airflow/example_dags/example_branch_day_of_week_operator.py for tasks to queue
[2023-11-11T17:31:16.905+0000] {logging_mixin.py:120} INFO - [2023-11-11T17:31:16.905+0000] {dagbag.py:537} INFO - Filling up the DagBag from /home/airflow/.local/lib/python3.7/site-packages/airflow/example_dags/example_branch_day_of_week_operator.py
[2023-11-11T17:31:16.945+0000] {processor.py:766} INFO - DAG(s) dict_keys(['example_weekday_branch_operator']) retrieved from /home/airflow/.local/lib/python3.7/site-packages/airflow/example_dags/example_branch_day_of_week_operator.py
[2023-11-11T17:31:17.039+0000] {logging_mixin.py:120} INFO - [2023-11-11T17:31:17.039+0000] {dag.py:2585} INFO - Sync 1 DAGs
[2023-11-11T17:31:17.099+0000] {logging_mixin.py:120} INFO - [2023-11-11T17:31:17.099+0000] {dag.py:3340} INFO - Setting next_dagrun for example_weekday_branch_operator to 2023-11-10T00:00:00+00:00, run_after=2023-11-11T00:00:00+00:00
[2023-11-11T17:31:17.139+0000] {processor.py:176} INFO - Processing /home/airflow/.local/lib/python3.7/site-packages/airflow/example_dags/example_branch_day_of_week_operator.py took 0.247 seconds
[2023-11-11T17:31:47.235+0000] {processor.py:154} INFO - Started process (PID=305) to work on /home/airflow/.local/lib/python3.7/site-packages/airflow/example_dags/example_branch_day_of_week_operator.py
[2023-11-11T17:31:47.236+0000] {processor.py:756} INFO - Processing file /home/airflow/.local/lib/python3.7/site-packages/airflow/example_dags/example_branch_day_of_week_operator.py for tasks to queue
[2023-11-11T17:31:47.237+0000] {logging_mixin.py:120} INFO - [2023-11-11T17:31:47.237+0000] {dagbag.py:537} INFO - Filling up the DagBag from /home/airflow/.local/lib/python3.7/site-packages/airflow/example_dags/example_branch_day_of_week_operator.py
[2023-11-11T17:31:47.271+0000] {processor.py:766} INFO - DAG(s) dict_keys(['example_weekday_branch_operator']) retrieved from /home/airflow/.local/lib/python3.7/site-packages/airflow/example_dags/example_branch_day_of_week_operator.py
[2023-11-11T17:31:47.351+0000] {logging_mixin.py:120} INFO - [2023-11-11T17:31:47.350+0000] {dag.py:2585} INFO - Sync 1 DAGs
[2023-11-11T17:31:47.408+0000] {logging_mixin.py:120} INFO - [2023-11-11T17:31:47.408+0000] {dag.py:3340} INFO - Setting next_dagrun for example_weekday_branch_operator to 2023-11-10T00:00:00+00:00, run_after=2023-11-11T00:00:00+00:00
[2023-11-11T17:31:47.451+0000] {processor.py:176} INFO - Processing /home/airflow/.local/lib/python3.7/site-packages/airflow/example_dags/example_branch_day_of_week_operator.py took 0.221 seconds
[2023-11-11T17:32:17.608+0000] {processor.py:154} INFO - Started process (PID=359) to work on /home/airflow/.local/lib/python3.7/site-packages/airflow/example_dags/example_branch_day_of_week_operator.py
[2023-11-11T17:32:17.609+0000] {processor.py:756} INFO - Processing file /home/airflow/.local/lib/python3.7/site-packages/airflow/example_dags/example_branch_day_of_week_operator.py for tasks to queue
[2023-11-11T17:32:17.610+0000] {logging_mixin.py:120} INFO - [2023-11-11T17:32:17.610+0000] {dagbag.py:537} INFO - Filling up the DagBag from /home/airflow/.local/lib/python3.7/site-packages/airflow/example_dags/example_branch_day_of_week_operator.py
[2023-11-11T17:32:17.643+0000] {processor.py:766} INFO - DAG(s) dict_keys(['example_weekday_branch_operator']) retrieved from /home/airflow/.local/lib/python3.7/site-packages/airflow/example_dags/example_branch_day_of_week_operator.py
[2023-11-11T17:32:17.708+0000] {logging_mixin.py:120} INFO - [2023-11-11T17:32:17.708+0000] {dag.py:2585} INFO - Sync 1 DAGs
[2023-11-11T17:32:17.757+0000] {logging_mixin.py:120} INFO - [2023-11-11T17:32:17.756+0000] {dag.py:3340} INFO - Setting next_dagrun for example_weekday_branch_operator to 2023-11-10T00:00:00+00:00, run_after=2023-11-11T00:00:00+00:00
[2023-11-11T17:32:17.789+0000] {processor.py:176} INFO - Processing /home/airflow/.local/lib/python3.7/site-packages/airflow/example_dags/example_branch_day_of_week_operator.py took 0.188 seconds
[2023-11-11T17:32:47.874+0000] {processor.py:154} INFO - Started process (PID=413) to work on /home/airflow/.local/lib/python3.7/site-packages/airflow/example_dags/example_branch_day_of_week_operator.py
[2023-11-11T17:32:47.876+0000] {processor.py:756} INFO - Processing file /home/airflow/.local/lib/python3.7/site-packages/airflow/example_dags/example_branch_day_of_week_operator.py for tasks to queue
[2023-11-11T17:32:47.876+0000] {logging_mixin.py:120} INFO - [2023-11-11T17:32:47.876+0000] {dagbag.py:537} INFO - Filling up the DagBag from /home/airflow/.local/lib/python3.7/site-packages/airflow/example_dags/example_branch_day_of_week_operator.py
[2023-11-11T17:32:47.897+0000] {processor.py:766} INFO - DAG(s) dict_keys(['example_weekday_branch_operator']) retrieved from /home/airflow/.local/lib/python3.7/site-packages/airflow/example_dags/example_branch_day_of_week_operator.py
[2023-11-11T17:32:47.972+0000] {logging_mixin.py:120} INFO - [2023-11-11T17:32:47.972+0000] {dag.py:2585} INFO - Sync 1 DAGs
[2023-11-11T17:32:48.016+0000] {logging_mixin.py:120} INFO - [2023-11-11T17:32:48.015+0000] {dag.py:3340} INFO - Setting next_dagrun for example_weekday_branch_operator to 2023-11-10T00:00:00+00:00, run_after=2023-11-11T00:00:00+00:00
[2023-11-11T17:32:48.044+0000] {processor.py:176} INFO - Processing /home/airflow/.local/lib/python3.7/site-packages/airflow/example_dags/example_branch_day_of_week_operator.py took 0.175 seconds
[2023-11-11T17:33:18.725+0000] {processor.py:154} INFO - Started process (PID=476) to work on /home/airflow/.local/lib/python3.7/site-packages/airflow/example_dags/example_branch_day_of_week_operator.py
[2023-11-11T17:33:18.727+0000] {processor.py:756} INFO - Processing file /home/airflow/.local/lib/python3.7/site-packages/airflow/example_dags/example_branch_day_of_week_operator.py for tasks to queue
[2023-11-11T17:33:18.732+0000] {logging_mixin.py:120} INFO - [2023-11-11T17:33:18.731+0000] {dagbag.py:537} INFO - Filling up the DagBag from /home/airflow/.local/lib/python3.7/site-packages/airflow/example_dags/example_branch_day_of_week_operator.py
[2023-11-11T17:33:18.771+0000] {processor.py:766} INFO - DAG(s) dict_keys(['example_weekday_branch_operator']) retrieved from /home/airflow/.local/lib/python3.7/site-packages/airflow/example_dags/example_branch_day_of_week_operator.py
[2023-11-11T17:33:18.860+0000] {logging_mixin.py:120} INFO - [2023-11-11T17:33:18.859+0000] {dag.py:2585} INFO - Sync 1 DAGs
[2023-11-11T17:33:18.914+0000] {logging_mixin.py:120} INFO - [2023-11-11T17:33:18.914+0000] {dag.py:3340} INFO - Setting next_dagrun for example_weekday_branch_operator to 2023-11-10T00:00:00+00:00, run_after=2023-11-11T00:00:00+00:00
[2023-11-11T17:33:18.964+0000] {processor.py:176} INFO - Processing /home/airflow/.local/lib/python3.7/site-packages/airflow/example_dags/example_branch_day_of_week_operator.py took 0.248 seconds
[2023-11-11T17:33:49.030+0000] {processor.py:154} INFO - Started process (PID=532) to work on /home/airflow/.local/lib/python3.7/site-packages/airflow/example_dags/example_branch_day_of_week_operator.py
[2023-11-11T17:33:49.034+0000] {processor.py:756} INFO - Processing file /home/airflow/.local/lib/python3.7/site-packages/airflow/example_dags/example_branch_day_of_week_operator.py for tasks to queue
[2023-11-11T17:33:49.036+0000] {logging_mixin.py:120} INFO - [2023-11-11T17:33:49.035+0000] {dagbag.py:537} INFO - Filling up the DagBag from /home/airflow/.local/lib/python3.7/site-packages/airflow/example_dags/example_branch_day_of_week_operator.py
[2023-11-11T17:33:49.062+0000] {processor.py:766} INFO - DAG(s) dict_keys(['example_weekday_branch_operator']) retrieved from /home/airflow/.local/lib/python3.7/site-packages/airflow/example_dags/example_branch_day_of_week_operator.py
[2023-11-11T17:33:49.140+0000] {logging_mixin.py:120} INFO - [2023-11-11T17:33:49.139+0000] {dag.py:2585} INFO - Sync 1 DAGs
[2023-11-11T17:33:49.185+0000] {logging_mixin.py:120} INFO - [2023-11-11T17:33:49.184+0000] {dag.py:3340} INFO - Setting next_dagrun for example_weekday_branch_operator to 2023-11-10T00:00:00+00:00, run_after=2023-11-11T00:00:00+00:00
[2023-11-11T17:33:49.230+0000] {processor.py:176} INFO - Processing /home/airflow/.local/lib/python3.7/site-packages/airflow/example_dags/example_branch_day_of_week_operator.py took 0.204 seconds
[2023-11-11T17:34:19.960+0000] {processor.py:154} INFO - Started process (PID=586) to work on /home/airflow/.local/lib/python3.7/site-packages/airflow/example_dags/example_branch_day_of_week_operator.py
[2023-11-11T17:34:19.961+0000] {processor.py:756} INFO - Processing file /home/airflow/.local/lib/python3.7/site-packages/airflow/example_dags/example_branch_day_of_week_operator.py for tasks to queue
[2023-11-11T17:34:19.965+0000] {logging_mixin.py:120} INFO - [2023-11-11T17:34:19.962+0000] {dagbag.py:537} INFO - Filling up the DagBag from /home/airflow/.local/lib/python3.7/site-packages/airflow/example_dags/example_branch_day_of_week_operator.py
[2023-11-11T17:34:20.003+0000] {processor.py:766} INFO - DAG(s) dict_keys(['example_weekday_branch_operator']) retrieved from /home/airflow/.local/lib/python3.7/site-packages/airflow/example_dags/example_branch_day_of_week_operator.py
[2023-11-11T17:34:20.114+0000] {logging_mixin.py:120} INFO - [2023-11-11T17:34:20.114+0000] {dag.py:2585} INFO - Sync 1 DAGs
[2023-11-11T17:34:20.183+0000] {logging_mixin.py:120} INFO - [2023-11-11T17:34:20.182+0000] {dag.py:3340} INFO - Setting next_dagrun for example_weekday_branch_operator to 2023-11-10T00:00:00+00:00, run_after=2023-11-11T00:00:00+00:00
[2023-11-11T17:34:20.226+0000] {processor.py:176} INFO - Processing /home/airflow/.local/lib/python3.7/site-packages/airflow/example_dags/example_branch_day_of_week_operator.py took 0.274 seconds
[2023-11-11T17:34:51.072+0000] {processor.py:154} INFO - Started process (PID=650) to work on /home/airflow/.local/lib/python3.7/site-packages/airflow/example_dags/example_branch_day_of_week_operator.py
[2023-11-11T17:34:51.076+0000] {processor.py:756} INFO - Processing file /home/airflow/.local/lib/python3.7/site-packages/airflow/example_dags/example_branch_day_of_week_operator.py for tasks to queue
[2023-11-11T17:34:51.078+0000] {logging_mixin.py:120} INFO - [2023-11-11T17:34:51.078+0000] {dagbag.py:537} INFO - Filling up the DagBag from /home/airflow/.local/lib/python3.7/site-packages/airflow/example_dags/example_branch_day_of_week_operator.py
[2023-11-11T17:34:51.148+0000] {processor.py:766} INFO - DAG(s) dict_keys(['example_weekday_branch_operator']) retrieved from /home/airflow/.local/lib/python3.7/site-packages/airflow/example_dags/example_branch_day_of_week_operator.py
[2023-11-11T17:34:51.269+0000] {logging_mixin.py:120} INFO - [2023-11-11T17:34:51.268+0000] {dag.py:2585} INFO - Sync 1 DAGs
[2023-11-11T17:34:51.345+0000] {logging_mixin.py:120} INFO - [2023-11-11T17:34:51.345+0000] {dag.py:3340} INFO - Setting next_dagrun for example_weekday_branch_operator to 2023-11-10T00:00:00+00:00, run_after=2023-11-11T00:00:00+00:00
[2023-11-11T17:34:51.380+0000] {processor.py:176} INFO - Processing /home/airflow/.local/lib/python3.7/site-packages/airflow/example_dags/example_branch_day_of_week_operator.py took 0.319 seconds
[2023-11-11T17:35:21.757+0000] {processor.py:154} INFO - Started process (PID=704) to work on /home/airflow/.local/lib/python3.7/site-packages/airflow/example_dags/example_branch_day_of_week_operator.py
[2023-11-11T17:35:21.758+0000] {processor.py:756} INFO - Processing file /home/airflow/.local/lib/python3.7/site-packages/airflow/example_dags/example_branch_day_of_week_operator.py for tasks to queue
[2023-11-11T17:35:21.759+0000] {logging_mixin.py:120} INFO - [2023-11-11T17:35:21.759+0000] {dagbag.py:537} INFO - Filling up the DagBag from /home/airflow/.local/lib/python3.7/site-packages/airflow/example_dags/example_branch_day_of_week_operator.py
[2023-11-11T17:35:21.785+0000] {processor.py:766} INFO - DAG(s) dict_keys(['example_weekday_branch_operator']) retrieved from /home/airflow/.local/lib/python3.7/site-packages/airflow/example_dags/example_branch_day_of_week_operator.py
[2023-11-11T17:35:21.858+0000] {logging_mixin.py:120} INFO - [2023-11-11T17:35:21.858+0000] {dag.py:2585} INFO - Sync 1 DAGs
[2023-11-11T17:35:21.898+0000] {logging_mixin.py:120} INFO - [2023-11-11T17:35:21.898+0000] {dag.py:3340} INFO - Setting next_dagrun for example_weekday_branch_operator to 2023-11-10T00:00:00+00:00, run_after=2023-11-11T00:00:00+00:00
[2023-11-11T17:35:21.925+0000] {processor.py:176} INFO - Processing /home/airflow/.local/lib/python3.7/site-packages/airflow/example_dags/example_branch_day_of_week_operator.py took 0.172 seconds
[2023-11-11T17:35:52.785+0000] {processor.py:154} INFO - Started process (PID=767) to work on /home/airflow/.local/lib/python3.7/site-packages/airflow/example_dags/example_branch_day_of_week_operator.py
[2023-11-11T17:35:52.786+0000] {processor.py:756} INFO - Processing file /home/airflow/.local/lib/python3.7/site-packages/airflow/example_dags/example_branch_day_of_week_operator.py for tasks to queue
[2023-11-11T17:35:52.787+0000] {logging_mixin.py:120} INFO - [2023-11-11T17:35:52.787+0000] {dagbag.py:537} INFO - Filling up the DagBag from /home/airflow/.local/lib/python3.7/site-packages/airflow/example_dags/example_branch_day_of_week_operator.py
[2023-11-11T17:35:52.822+0000] {processor.py:766} INFO - DAG(s) dict_keys(['example_weekday_branch_operator']) retrieved from /home/airflow/.local/lib/python3.7/site-packages/airflow/example_dags/example_branch_day_of_week_operator.py
[2023-11-11T17:35:52.921+0000] {logging_mixin.py:120} INFO - [2023-11-11T17:35:52.920+0000] {dag.py:2585} INFO - Sync 1 DAGs
[2023-11-11T17:35:53.002+0000] {logging_mixin.py:120} INFO - [2023-11-11T17:35:53.002+0000] {dag.py:3340} INFO - Setting next_dagrun for example_weekday_branch_operator to 2023-11-10T00:00:00+00:00, run_after=2023-11-11T00:00:00+00:00
[2023-11-11T17:35:53.050+0000] {processor.py:176} INFO - Processing /home/airflow/.local/lib/python3.7/site-packages/airflow/example_dags/example_branch_day_of_week_operator.py took 0.273 seconds
[2023-11-11T17:36:23.317+0000] {processor.py:154} INFO - Started process (PID=821) to work on /home/airflow/.local/lib/python3.7/site-packages/airflow/example_dags/example_branch_day_of_week_operator.py
[2023-11-11T17:36:23.318+0000] {processor.py:756} INFO - Processing file /home/airflow/.local/lib/python3.7/site-packages/airflow/example_dags/example_branch_day_of_week_operator.py for tasks to queue
[2023-11-11T17:36:23.318+0000] {logging_mixin.py:120} INFO - [2023-11-11T17:36:23.318+0000] {dagbag.py:537} INFO - Filling up the DagBag from /home/airflow/.local/lib/python3.7/site-packages/airflow/example_dags/example_branch_day_of_week_operator.py
[2023-11-11T17:36:23.351+0000] {processor.py:766} INFO - DAG(s) dict_keys(['example_weekday_branch_operator']) retrieved from /home/airflow/.local/lib/python3.7/site-packages/airflow/example_dags/example_branch_day_of_week_operator.py
[2023-11-11T17:36:23.423+0000] {logging_mixin.py:120} INFO - [2023-11-11T17:36:23.423+0000] {dag.py:2585} INFO - Sync 1 DAGs
[2023-11-11T17:36:23.470+0000] {logging_mixin.py:120} INFO - [2023-11-11T17:36:23.469+0000] {dag.py:3340} INFO - Setting next_dagrun for example_weekday_branch_operator to 2023-11-10T00:00:00+00:00, run_after=2023-11-11T00:00:00+00:00
[2023-11-11T17:36:23.528+0000] {processor.py:176} INFO - Processing /home/airflow/.local/lib/python3.7/site-packages/airflow/example_dags/example_branch_day_of_week_operator.py took 0.215 seconds
[2023-11-11T17:36:54.037+0000] {processor.py:154} INFO - Started process (PID=884) to work on /home/airflow/.local/lib/python3.7/site-packages/airflow/example_dags/example_branch_day_of_week_operator.py
[2023-11-11T17:36:54.038+0000] {processor.py:756} INFO - Processing file /home/airflow/.local/lib/python3.7/site-packages/airflow/example_dags/example_branch_day_of_week_operator.py for tasks to queue
[2023-11-11T17:36:54.042+0000] {logging_mixin.py:120} INFO - [2023-11-11T17:36:54.042+0000] {dagbag.py:537} INFO - Filling up the DagBag from /home/airflow/.local/lib/python3.7/site-packages/airflow/example_dags/example_branch_day_of_week_operator.py
[2023-11-11T17:36:54.072+0000] {processor.py:766} INFO - DAG(s) dict_keys(['example_weekday_branch_operator']) retrieved from /home/airflow/.local/lib/python3.7/site-packages/airflow/example_dags/example_branch_day_of_week_operator.py
[2023-11-11T17:36:54.153+0000] {logging_mixin.py:120} INFO - [2023-11-11T17:36:54.153+0000] {dag.py:2585} INFO - Sync 1 DAGs
[2023-11-11T17:36:54.210+0000] {logging_mixin.py:120} INFO - [2023-11-11T17:36:54.210+0000] {dag.py:3340} INFO - Setting next_dagrun for example_weekday_branch_operator to 2023-11-10T00:00:00+00:00, run_after=2023-11-11T00:00:00+00:00
[2023-11-11T17:36:54.249+0000] {processor.py:176} INFO - Processing /home/airflow/.local/lib/python3.7/site-packages/airflow/example_dags/example_branch_day_of_week_operator.py took 0.217 seconds
[2023-11-11T17:37:24.793+0000] {processor.py:154} INFO - Started process (PID=938) to work on /home/airflow/.local/lib/python3.7/site-packages/airflow/example_dags/example_branch_day_of_week_operator.py
[2023-11-11T17:37:24.794+0000] {processor.py:756} INFO - Processing file /home/airflow/.local/lib/python3.7/site-packages/airflow/example_dags/example_branch_day_of_week_operator.py for tasks to queue
[2023-11-11T17:37:24.797+0000] {logging_mixin.py:120} INFO - [2023-11-11T17:37:24.796+0000] {dagbag.py:537} INFO - Filling up the DagBag from /home/airflow/.local/lib/python3.7/site-packages/airflow/example_dags/example_branch_day_of_week_operator.py
[2023-11-11T17:37:24.840+0000] {processor.py:766} INFO - DAG(s) dict_keys(['example_weekday_branch_operator']) retrieved from /home/airflow/.local/lib/python3.7/site-packages/airflow/example_dags/example_branch_day_of_week_operator.py
[2023-11-11T17:37:24.941+0000] {logging_mixin.py:120} INFO - [2023-11-11T17:37:24.940+0000] {dag.py:2585} INFO - Sync 1 DAGs
[2023-11-11T17:37:25.001+0000] {logging_mixin.py:120} INFO - [2023-11-11T17:37:25.001+0000] {dag.py:3340} INFO - Setting next_dagrun for example_weekday_branch_operator to 2023-11-10T00:00:00+00:00, run_after=2023-11-11T00:00:00+00:00
[2023-11-11T17:37:25.039+0000] {processor.py:176} INFO - Processing /home/airflow/.local/lib/python3.7/site-packages/airflow/example_dags/example_branch_day_of_week_operator.py took 0.253 seconds
[2023-11-11T17:37:55.253+0000] {processor.py:154} INFO - Started process (PID=1000) to work on /home/airflow/.local/lib/python3.7/site-packages/airflow/example_dags/example_branch_day_of_week_operator.py
[2023-11-11T17:37:55.254+0000] {processor.py:756} INFO - Processing file /home/airflow/.local/lib/python3.7/site-packages/airflow/example_dags/example_branch_day_of_week_operator.py for tasks to queue
[2023-11-11T17:37:55.262+0000] {logging_mixin.py:120} INFO - [2023-11-11T17:37:55.262+0000] {dagbag.py:537} INFO - Filling up the DagBag from /home/airflow/.local/lib/python3.7/site-packages/airflow/example_dags/example_branch_day_of_week_operator.py
[2023-11-11T17:37:55.305+0000] {processor.py:766} INFO - DAG(s) dict_keys(['example_weekday_branch_operator']) retrieved from /home/airflow/.local/lib/python3.7/site-packages/airflow/example_dags/example_branch_day_of_week_operator.py
[2023-11-11T17:37:55.392+0000] {logging_mixin.py:120} INFO - [2023-11-11T17:37:55.392+0000] {dag.py:2585} INFO - Sync 1 DAGs
[2023-11-11T17:37:55.445+0000] {logging_mixin.py:120} INFO - [2023-11-11T17:37:55.445+0000] {dag.py:3340} INFO - Setting next_dagrun for example_weekday_branch_operator to 2023-11-10T00:00:00+00:00, run_after=2023-11-11T00:00:00+00:00
[2023-11-11T17:37:55.476+0000] {processor.py:176} INFO - Processing /home/airflow/.local/lib/python3.7/site-packages/airflow/example_dags/example_branch_day_of_week_operator.py took 0.229 seconds
[2023-11-11T17:38:26.395+0000] {processor.py:154} INFO - Started process (PID=1054) to work on /home/airflow/.local/lib/python3.7/site-packages/airflow/example_dags/example_branch_day_of_week_operator.py
[2023-11-11T17:38:26.409+0000] {processor.py:756} INFO - Processing file /home/airflow/.local/lib/python3.7/site-packages/airflow/example_dags/example_branch_day_of_week_operator.py for tasks to queue
[2023-11-11T17:38:26.413+0000] {logging_mixin.py:120} INFO - [2023-11-11T17:38:26.412+0000] {dagbag.py:537} INFO - Filling up the DagBag from /home/airflow/.local/lib/python3.7/site-packages/airflow/example_dags/example_branch_day_of_week_operator.py
[2023-11-11T17:38:26.479+0000] {processor.py:766} INFO - DAG(s) dict_keys(['example_weekday_branch_operator']) retrieved from /home/airflow/.local/lib/python3.7/site-packages/airflow/example_dags/example_branch_day_of_week_operator.py
[2023-11-11T17:38:26.627+0000] {logging_mixin.py:120} INFO - [2023-11-11T17:38:26.627+0000] {dag.py:2585} INFO - Sync 1 DAGs
[2023-11-11T17:38:26.709+0000] {logging_mixin.py:120} INFO - [2023-11-11T17:38:26.709+0000] {dag.py:3340} INFO - Setting next_dagrun for example_weekday_branch_operator to 2023-11-10T00:00:00+00:00, run_after=2023-11-11T00:00:00+00:00
[2023-11-11T17:38:26.758+0000] {processor.py:176} INFO - Processing /home/airflow/.local/lib/python3.7/site-packages/airflow/example_dags/example_branch_day_of_week_operator.py took 0.375 seconds
[2023-11-11T17:38:56.930+0000] {processor.py:154} INFO - Started process (PID=1117) to work on /home/airflow/.local/lib/python3.7/site-packages/airflow/example_dags/example_branch_day_of_week_operator.py
[2023-11-11T17:38:56.932+0000] {processor.py:756} INFO - Processing file /home/airflow/.local/lib/python3.7/site-packages/airflow/example_dags/example_branch_day_of_week_operator.py for tasks to queue
[2023-11-11T17:38:56.935+0000] {logging_mixin.py:120} INFO - [2023-11-11T17:38:56.934+0000] {dagbag.py:537} INFO - Filling up the DagBag from /home/airflow/.local/lib/python3.7/site-packages/airflow/example_dags/example_branch_day_of_week_operator.py
[2023-11-11T17:38:56.991+0000] {processor.py:766} INFO - DAG(s) dict_keys(['example_weekday_branch_operator']) retrieved from /home/airflow/.local/lib/python3.7/site-packages/airflow/example_dags/example_branch_day_of_week_operator.py
[2023-11-11T17:38:57.129+0000] {logging_mixin.py:120} INFO - [2023-11-11T17:38:57.128+0000] {dag.py:2585} INFO - Sync 1 DAGs
[2023-11-11T17:38:57.223+0000] {logging_mixin.py:120} INFO - [2023-11-11T17:38:57.222+0000] {dag.py:3340} INFO - Setting next_dagrun for example_weekday_branch_operator to 2023-11-10T00:00:00+00:00, run_after=2023-11-11T00:00:00+00:00
[2023-11-11T17:38:57.292+0000] {processor.py:176} INFO - Processing /home/airflow/.local/lib/python3.7/site-packages/airflow/example_dags/example_branch_day_of_week_operator.py took 0.370 seconds
[2023-11-11T17:39:27.978+0000] {processor.py:154} INFO - Started process (PID=1171) to work on /home/airflow/.local/lib/python3.7/site-packages/airflow/example_dags/example_branch_day_of_week_operator.py
[2023-11-11T17:39:27.981+0000] {processor.py:756} INFO - Processing file /home/airflow/.local/lib/python3.7/site-packages/airflow/example_dags/example_branch_day_of_week_operator.py for tasks to queue
[2023-11-11T17:39:27.983+0000] {logging_mixin.py:120} INFO - [2023-11-11T17:39:27.982+0000] {dagbag.py:537} INFO - Filling up the DagBag from /home/airflow/.local/lib/python3.7/site-packages/airflow/example_dags/example_branch_day_of_week_operator.py
[2023-11-11T17:39:28.041+0000] {processor.py:766} INFO - DAG(s) dict_keys(['example_weekday_branch_operator']) retrieved from /home/airflow/.local/lib/python3.7/site-packages/airflow/example_dags/example_branch_day_of_week_operator.py
[2023-11-11T17:39:28.157+0000] {logging_mixin.py:120} INFO - [2023-11-11T17:39:28.157+0000] {dag.py:2585} INFO - Sync 1 DAGs
[2023-11-11T17:39:28.215+0000] {logging_mixin.py:120} INFO - [2023-11-11T17:39:28.215+0000] {dag.py:3340} INFO - Setting next_dagrun for example_weekday_branch_operator to 2023-11-10T00:00:00+00:00, run_after=2023-11-11T00:00:00+00:00
[2023-11-11T17:39:28.269+0000] {processor.py:176} INFO - Processing /home/airflow/.local/lib/python3.7/site-packages/airflow/example_dags/example_branch_day_of_week_operator.py took 0.298 seconds
