[2023-11-11T17:02:03.791+0000] {processor.py:154} INFO - Started process (PID=54) to work on /home/airflow/.local/lib/python3.7/site-packages/airflow/example_dags/example_branch_operator_decorator.py
[2023-11-11T17:02:03.792+0000] {processor.py:756} INFO - Processing file /home/airflow/.local/lib/python3.7/site-packages/airflow/example_dags/example_branch_operator_decorator.py for tasks to queue
[2023-11-11T17:02:03.793+0000] {logging_mixin.py:120} INFO - [2023-11-11T17:02:03.793+0000] {dagbag.py:537} INFO - Filling up the DagBag from /home/airflow/.local/lib/python3.7/site-packages/airflow/example_dags/example_branch_operator_decorator.py
[2023-11-11T17:02:03.875+0000] {processor.py:766} INFO - DAG(s) dict_keys(['example_branch_python_operator_decorator']) retrieved from /home/airflow/.local/lib/python3.7/site-packages/airflow/example_dags/example_branch_operator_decorator.py
[2023-11-11T17:02:03.989+0000] {logging_mixin.py:120} INFO - [2023-11-11T17:02:03.989+0000] {dag.py:2585} INFO - Sync 1 DAGs
[2023-11-11T17:02:04.068+0000] {logging_mixin.py:120} INFO - [2023-11-11T17:02:04.068+0000] {dag.py:3340} INFO - Setting next_dagrun for example_branch_python_operator_decorator to 2023-11-10T00:00:00+00:00, run_after=2023-11-11T00:00:00+00:00
[2023-11-11T17:02:04.130+0000] {processor.py:176} INFO - Processing /home/airflow/.local/lib/python3.7/site-packages/airflow/example_dags/example_branch_operator_decorator.py took 0.345 seconds
[2023-11-11T17:02:36.026+0000] {processor.py:154} INFO - Started process (PID=117) to work on /home/airflow/.local/lib/python3.7/site-packages/airflow/example_dags/example_branch_operator_decorator.py
[2023-11-11T17:02:36.027+0000] {processor.py:756} INFO - Processing file /home/airflow/.local/lib/python3.7/site-packages/airflow/example_dags/example_branch_operator_decorator.py for tasks to queue
[2023-11-11T17:02:36.029+0000] {logging_mixin.py:120} INFO - [2023-11-11T17:02:36.028+0000] {dagbag.py:537} INFO - Filling up the DagBag from /home/airflow/.local/lib/python3.7/site-packages/airflow/example_dags/example_branch_operator_decorator.py
[2023-11-11T17:02:36.099+0000] {processor.py:766} INFO - DAG(s) dict_keys(['example_branch_python_operator_decorator']) retrieved from /home/airflow/.local/lib/python3.7/site-packages/airflow/example_dags/example_branch_operator_decorator.py
[2023-11-11T17:02:36.261+0000] {logging_mixin.py:120} INFO - [2023-11-11T17:02:36.260+0000] {dag.py:2585} INFO - Sync 1 DAGs
[2023-11-11T17:02:36.319+0000] {logging_mixin.py:120} INFO - [2023-11-11T17:02:36.318+0000] {dag.py:3340} INFO - Setting next_dagrun for example_branch_python_operator_decorator to 2023-11-10T00:00:00+00:00, run_after=2023-11-11T00:00:00+00:00
[2023-11-11T17:02:36.398+0000] {processor.py:176} INFO - Processing /home/airflow/.local/lib/python3.7/site-packages/airflow/example_dags/example_branch_operator_decorator.py took 0.378 seconds
[2023-11-11T17:03:07.037+0000] {processor.py:154} INFO - Started process (PID=172) to work on /home/airflow/.local/lib/python3.7/site-packages/airflow/example_dags/example_branch_operator_decorator.py
[2023-11-11T17:03:07.039+0000] {processor.py:756} INFO - Processing file /home/airflow/.local/lib/python3.7/site-packages/airflow/example_dags/example_branch_operator_decorator.py for tasks to queue
[2023-11-11T17:03:07.040+0000] {logging_mixin.py:120} INFO - [2023-11-11T17:03:07.040+0000] {dagbag.py:537} INFO - Filling up the DagBag from /home/airflow/.local/lib/python3.7/site-packages/airflow/example_dags/example_branch_operator_decorator.py
[2023-11-11T17:03:07.140+0000] {processor.py:766} INFO - DAG(s) dict_keys(['example_branch_python_operator_decorator']) retrieved from /home/airflow/.local/lib/python3.7/site-packages/airflow/example_dags/example_branch_operator_decorator.py
[2023-11-11T17:03:07.330+0000] {logging_mixin.py:120} INFO - [2023-11-11T17:03:07.330+0000] {dag.py:2585} INFO - Sync 1 DAGs
[2023-11-11T17:03:07.459+0000] {logging_mixin.py:120} INFO - [2023-11-11T17:03:07.458+0000] {dag.py:3340} INFO - Setting next_dagrun for example_branch_python_operator_decorator to 2023-11-10T00:00:00+00:00, run_after=2023-11-11T00:00:00+00:00
[2023-11-11T17:03:07.544+0000] {processor.py:176} INFO - Processing /home/airflow/.local/lib/python3.7/site-packages/airflow/example_dags/example_branch_operator_decorator.py took 0.513 seconds
[2023-11-11T17:03:37.699+0000] {processor.py:154} INFO - Started process (PID=226) to work on /home/airflow/.local/lib/python3.7/site-packages/airflow/example_dags/example_branch_operator_decorator.py
[2023-11-11T17:03:37.702+0000] {processor.py:756} INFO - Processing file /home/airflow/.local/lib/python3.7/site-packages/airflow/example_dags/example_branch_operator_decorator.py for tasks to queue
[2023-11-11T17:03:37.712+0000] {logging_mixin.py:120} INFO - [2023-11-11T17:03:37.703+0000] {dagbag.py:537} INFO - Filling up the DagBag from /home/airflow/.local/lib/python3.7/site-packages/airflow/example_dags/example_branch_operator_decorator.py
[2023-11-11T17:03:37.853+0000] {processor.py:766} INFO - DAG(s) dict_keys(['example_branch_python_operator_decorator']) retrieved from /home/airflow/.local/lib/python3.7/site-packages/airflow/example_dags/example_branch_operator_decorator.py
[2023-11-11T17:03:37.932+0000] {logging_mixin.py:120} INFO - [2023-11-11T17:03:37.932+0000] {dag.py:2585} INFO - Sync 1 DAGs
[2023-11-11T17:03:37.982+0000] {logging_mixin.py:120} INFO - [2023-11-11T17:03:37.982+0000] {dag.py:3340} INFO - Setting next_dagrun for example_branch_python_operator_decorator to 2023-11-10T00:00:00+00:00, run_after=2023-11-11T00:00:00+00:00
[2023-11-11T17:03:38.041+0000] {processor.py:176} INFO - Processing /home/airflow/.local/lib/python3.7/site-packages/airflow/example_dags/example_branch_operator_decorator.py took 0.360 seconds
[2023-11-11T17:04:08.638+0000] {processor.py:154} INFO - Started process (PID=290) to work on /home/airflow/.local/lib/python3.7/site-packages/airflow/example_dags/example_branch_operator_decorator.py
[2023-11-11T17:04:08.639+0000] {processor.py:756} INFO - Processing file /home/airflow/.local/lib/python3.7/site-packages/airflow/example_dags/example_branch_operator_decorator.py for tasks to queue
[2023-11-11T17:04:08.639+0000] {logging_mixin.py:120} INFO - [2023-11-11T17:04:08.639+0000] {dagbag.py:537} INFO - Filling up the DagBag from /home/airflow/.local/lib/python3.7/site-packages/airflow/example_dags/example_branch_operator_decorator.py
[2023-11-11T17:04:08.673+0000] {processor.py:766} INFO - DAG(s) dict_keys(['example_branch_python_operator_decorator']) retrieved from /home/airflow/.local/lib/python3.7/site-packages/airflow/example_dags/example_branch_operator_decorator.py
[2023-11-11T17:04:08.722+0000] {logging_mixin.py:120} INFO - [2023-11-11T17:04:08.722+0000] {dag.py:2585} INFO - Sync 1 DAGs
[2023-11-11T17:04:08.753+0000] {logging_mixin.py:120} INFO - [2023-11-11T17:04:08.753+0000] {dag.py:3340} INFO - Setting next_dagrun for example_branch_python_operator_decorator to 2023-11-10T00:00:00+00:00, run_after=2023-11-11T00:00:00+00:00
[2023-11-11T17:04:08.775+0000] {processor.py:176} INFO - Processing /home/airflow/.local/lib/python3.7/site-packages/airflow/example_dags/example_branch_operator_decorator.py took 0.141 seconds
[2023-11-11T17:04:39.536+0000] {processor.py:154} INFO - Started process (PID=344) to work on /home/airflow/.local/lib/python3.7/site-packages/airflow/example_dags/example_branch_operator_decorator.py
[2023-11-11T17:04:39.537+0000] {processor.py:756} INFO - Processing file /home/airflow/.local/lib/python3.7/site-packages/airflow/example_dags/example_branch_operator_decorator.py for tasks to queue
[2023-11-11T17:04:39.538+0000] {logging_mixin.py:120} INFO - [2023-11-11T17:04:39.538+0000] {dagbag.py:537} INFO - Filling up the DagBag from /home/airflow/.local/lib/python3.7/site-packages/airflow/example_dags/example_branch_operator_decorator.py
[2023-11-11T17:04:39.566+0000] {processor.py:766} INFO - DAG(s) dict_keys(['example_branch_python_operator_decorator']) retrieved from /home/airflow/.local/lib/python3.7/site-packages/airflow/example_dags/example_branch_operator_decorator.py
[2023-11-11T17:04:39.611+0000] {logging_mixin.py:120} INFO - [2023-11-11T17:04:39.611+0000] {dag.py:2585} INFO - Sync 1 DAGs
[2023-11-11T17:04:39.641+0000] {logging_mixin.py:120} INFO - [2023-11-11T17:04:39.641+0000] {dag.py:3340} INFO - Setting next_dagrun for example_branch_python_operator_decorator to 2023-11-10T00:00:00+00:00, run_after=2023-11-11T00:00:00+00:00
[2023-11-11T17:04:39.663+0000] {processor.py:176} INFO - Processing /home/airflow/.local/lib/python3.7/site-packages/airflow/example_dags/example_branch_operator_decorator.py took 0.132 seconds
[2023-11-11T17:05:10.183+0000] {processor.py:154} INFO - Started process (PID=407) to work on /home/airflow/.local/lib/python3.7/site-packages/airflow/example_dags/example_branch_operator_decorator.py
[2023-11-11T17:05:10.184+0000] {processor.py:756} INFO - Processing file /home/airflow/.local/lib/python3.7/site-packages/airflow/example_dags/example_branch_operator_decorator.py for tasks to queue
[2023-11-11T17:05:10.185+0000] {logging_mixin.py:120} INFO - [2023-11-11T17:05:10.185+0000] {dagbag.py:537} INFO - Filling up the DagBag from /home/airflow/.local/lib/python3.7/site-packages/airflow/example_dags/example_branch_operator_decorator.py
[2023-11-11T17:05:10.214+0000] {processor.py:766} INFO - DAG(s) dict_keys(['example_branch_python_operator_decorator']) retrieved from /home/airflow/.local/lib/python3.7/site-packages/airflow/example_dags/example_branch_operator_decorator.py
[2023-11-11T17:05:10.268+0000] {logging_mixin.py:120} INFO - [2023-11-11T17:05:10.267+0000] {dag.py:2585} INFO - Sync 1 DAGs
[2023-11-11T17:05:10.300+0000] {logging_mixin.py:120} INFO - [2023-11-11T17:05:10.300+0000] {dag.py:3340} INFO - Setting next_dagrun for example_branch_python_operator_decorator to 2023-11-10T00:00:00+00:00, run_after=2023-11-11T00:00:00+00:00
[2023-11-11T17:05:10.325+0000] {processor.py:176} INFO - Processing /home/airflow/.local/lib/python3.7/site-packages/airflow/example_dags/example_branch_operator_decorator.py took 0.145 seconds
[2023-11-11T17:05:40.621+0000] {processor.py:154} INFO - Started process (PID=470) to work on /home/airflow/.local/lib/python3.7/site-packages/airflow/example_dags/example_branch_operator_decorator.py
[2023-11-11T17:05:40.623+0000] {processor.py:756} INFO - Processing file /home/airflow/.local/lib/python3.7/site-packages/airflow/example_dags/example_branch_operator_decorator.py for tasks to queue
[2023-11-11T17:05:40.625+0000] {logging_mixin.py:120} INFO - [2023-11-11T17:05:40.624+0000] {dagbag.py:537} INFO - Filling up the DagBag from /home/airflow/.local/lib/python3.7/site-packages/airflow/example_dags/example_branch_operator_decorator.py
[2023-11-11T17:05:40.658+0000] {processor.py:766} INFO - DAG(s) dict_keys(['example_branch_python_operator_decorator']) retrieved from /home/airflow/.local/lib/python3.7/site-packages/airflow/example_dags/example_branch_operator_decorator.py
[2023-11-11T17:05:40.721+0000] {logging_mixin.py:120} INFO - [2023-11-11T17:05:40.721+0000] {dag.py:2585} INFO - Sync 1 DAGs
[2023-11-11T17:05:40.762+0000] {logging_mixin.py:120} INFO - [2023-11-11T17:05:40.762+0000] {dag.py:3340} INFO - Setting next_dagrun for example_branch_python_operator_decorator to 2023-11-10T00:00:00+00:00, run_after=2023-11-11T00:00:00+00:00
[2023-11-11T17:05:40.787+0000] {processor.py:176} INFO - Processing /home/airflow/.local/lib/python3.7/site-packages/airflow/example_dags/example_branch_operator_decorator.py took 0.171 seconds
[2023-11-11T17:06:11.463+0000] {processor.py:154} INFO - Started process (PID=524) to work on /home/airflow/.local/lib/python3.7/site-packages/airflow/example_dags/example_branch_operator_decorator.py
[2023-11-11T17:06:11.463+0000] {processor.py:756} INFO - Processing file /home/airflow/.local/lib/python3.7/site-packages/airflow/example_dags/example_branch_operator_decorator.py for tasks to queue
[2023-11-11T17:06:11.464+0000] {logging_mixin.py:120} INFO - [2023-11-11T17:06:11.464+0000] {dagbag.py:537} INFO - Filling up the DagBag from /home/airflow/.local/lib/python3.7/site-packages/airflow/example_dags/example_branch_operator_decorator.py
[2023-11-11T17:06:11.514+0000] {processor.py:766} INFO - DAG(s) dict_keys(['example_branch_python_operator_decorator']) retrieved from /home/airflow/.local/lib/python3.7/site-packages/airflow/example_dags/example_branch_operator_decorator.py
[2023-11-11T17:06:11.593+0000] {logging_mixin.py:120} INFO - [2023-11-11T17:06:11.592+0000] {dag.py:2585} INFO - Sync 1 DAGs
[2023-11-11T17:06:11.633+0000] {logging_mixin.py:120} INFO - [2023-11-11T17:06:11.633+0000] {dag.py:3340} INFO - Setting next_dagrun for example_branch_python_operator_decorator to 2023-11-10T00:00:00+00:00, run_after=2023-11-11T00:00:00+00:00
[2023-11-11T17:06:11.659+0000] {processor.py:176} INFO - Processing /home/airflow/.local/lib/python3.7/site-packages/airflow/example_dags/example_branch_operator_decorator.py took 0.202 seconds
[2023-11-11T17:06:42.545+0000] {processor.py:154} INFO - Started process (PID=585) to work on /home/airflow/.local/lib/python3.7/site-packages/airflow/example_dags/example_branch_operator_decorator.py
[2023-11-11T17:06:42.548+0000] {processor.py:756} INFO - Processing file /home/airflow/.local/lib/python3.7/site-packages/airflow/example_dags/example_branch_operator_decorator.py for tasks to queue
[2023-11-11T17:06:42.551+0000] {logging_mixin.py:120} INFO - [2023-11-11T17:06:42.551+0000] {dagbag.py:537} INFO - Filling up the DagBag from /home/airflow/.local/lib/python3.7/site-packages/airflow/example_dags/example_branch_operator_decorator.py
[2023-11-11T17:06:42.612+0000] {processor.py:766} INFO - DAG(s) dict_keys(['example_branch_python_operator_decorator']) retrieved from /home/airflow/.local/lib/python3.7/site-packages/airflow/example_dags/example_branch_operator_decorator.py
[2023-11-11T17:06:42.684+0000] {logging_mixin.py:120} INFO - [2023-11-11T17:06:42.683+0000] {dag.py:2585} INFO - Sync 1 DAGs
[2023-11-11T17:06:42.726+0000] {logging_mixin.py:120} INFO - [2023-11-11T17:06:42.726+0000] {dag.py:3340} INFO - Setting next_dagrun for example_branch_python_operator_decorator to 2023-11-10T00:00:00+00:00, run_after=2023-11-11T00:00:00+00:00
[2023-11-11T17:06:42.754+0000] {processor.py:176} INFO - Processing /home/airflow/.local/lib/python3.7/site-packages/airflow/example_dags/example_branch_operator_decorator.py took 0.218 seconds
[2023-11-11T17:07:13.180+0000] {processor.py:154} INFO - Started process (PID=641) to work on /home/airflow/.local/lib/python3.7/site-packages/airflow/example_dags/example_branch_operator_decorator.py
[2023-11-11T17:07:13.181+0000] {processor.py:756} INFO - Processing file /home/airflow/.local/lib/python3.7/site-packages/airflow/example_dags/example_branch_operator_decorator.py for tasks to queue
[2023-11-11T17:07:13.182+0000] {logging_mixin.py:120} INFO - [2023-11-11T17:07:13.182+0000] {dagbag.py:537} INFO - Filling up the DagBag from /home/airflow/.local/lib/python3.7/site-packages/airflow/example_dags/example_branch_operator_decorator.py
[2023-11-11T17:07:13.228+0000] {processor.py:766} INFO - DAG(s) dict_keys(['example_branch_python_operator_decorator']) retrieved from /home/airflow/.local/lib/python3.7/site-packages/airflow/example_dags/example_branch_operator_decorator.py
[2023-11-11T17:07:13.291+0000] {logging_mixin.py:120} INFO - [2023-11-11T17:07:13.291+0000] {dag.py:2585} INFO - Sync 1 DAGs
[2023-11-11T17:07:13.332+0000] {logging_mixin.py:120} INFO - [2023-11-11T17:07:13.332+0000] {dag.py:3340} INFO - Setting next_dagrun for example_branch_python_operator_decorator to 2023-11-10T00:00:00+00:00, run_after=2023-11-11T00:00:00+00:00
[2023-11-11T17:07:13.356+0000] {processor.py:176} INFO - Processing /home/airflow/.local/lib/python3.7/site-packages/airflow/example_dags/example_branch_operator_decorator.py took 0.183 seconds
[2023-11-11T17:29:24.006+0000] {processor.py:154} INFO - Started process (PID=70) to work on /home/airflow/.local/lib/python3.7/site-packages/airflow/example_dags/example_branch_operator_decorator.py
[2023-11-11T17:29:24.008+0000] {processor.py:756} INFO - Processing file /home/airflow/.local/lib/python3.7/site-packages/airflow/example_dags/example_branch_operator_decorator.py for tasks to queue
[2023-11-11T17:29:24.010+0000] {logging_mixin.py:120} INFO - [2023-11-11T17:29:24.009+0000] {dagbag.py:537} INFO - Filling up the DagBag from /home/airflow/.local/lib/python3.7/site-packages/airflow/example_dags/example_branch_operator_decorator.py
[2023-11-11T17:29:24.410+0000] {processor.py:766} INFO - DAG(s) dict_keys(['example_branch_python_operator_decorator']) retrieved from /home/airflow/.local/lib/python3.7/site-packages/airflow/example_dags/example_branch_operator_decorator.py
[2023-11-11T17:29:26.343+0000] {logging_mixin.py:120} INFO - [2023-11-11T17:29:26.343+0000] {manager.py:507} INFO - Created Permission View: can read on DAG:example_branch_python_operator_decorator
[2023-11-11T17:29:26.425+0000] {logging_mixin.py:120} INFO - [2023-11-11T17:29:26.423+0000] {manager.py:507} INFO - Created Permission View: can delete on DAG:example_branch_python_operator_decorator
[2023-11-11T17:29:26.467+0000] {logging_mixin.py:120} INFO - [2023-11-11T17:29:26.467+0000] {manager.py:507} INFO - Created Permission View: can edit on DAG:example_branch_python_operator_decorator
[2023-11-11T17:29:26.468+0000] {logging_mixin.py:120} INFO - [2023-11-11T17:29:26.468+0000] {dag.py:2585} INFO - Sync 1 DAGs
[2023-11-11T17:29:26.613+0000] {logging_mixin.py:120} INFO - [2023-11-11T17:29:26.613+0000] {dag.py:2606} INFO - Creating ORM DAG for example_branch_python_operator_decorator
[2023-11-11T17:29:26.705+0000] {logging_mixin.py:120} INFO - [2023-11-11T17:29:26.705+0000] {dag.py:3340} INFO - Setting next_dagrun for example_branch_python_operator_decorator to 2023-11-10T00:00:00+00:00, run_after=2023-11-11T00:00:00+00:00
[2023-11-11T17:29:26.845+0000] {processor.py:176} INFO - Processing /home/airflow/.local/lib/python3.7/site-packages/airflow/example_dags/example_branch_operator_decorator.py took 2.862 seconds
[2023-11-11T17:30:09.292+0000] {processor.py:154} INFO - Started process (PID=124) to work on /home/airflow/.local/lib/python3.7/site-packages/airflow/example_dags/example_branch_operator_decorator.py
[2023-11-11T17:30:09.295+0000] {processor.py:756} INFO - Processing file /home/airflow/.local/lib/python3.7/site-packages/airflow/example_dags/example_branch_operator_decorator.py for tasks to queue
[2023-11-11T17:30:09.298+0000] {logging_mixin.py:120} INFO - [2023-11-11T17:30:09.298+0000] {dagbag.py:537} INFO - Filling up the DagBag from /home/airflow/.local/lib/python3.7/site-packages/airflow/example_dags/example_branch_operator_decorator.py
[2023-11-11T17:30:09.427+0000] {processor.py:766} INFO - DAG(s) dict_keys(['example_branch_python_operator_decorator']) retrieved from /home/airflow/.local/lib/python3.7/site-packages/airflow/example_dags/example_branch_operator_decorator.py
[2023-11-11T17:30:09.597+0000] {logging_mixin.py:120} INFO - [2023-11-11T17:30:09.597+0000] {dag.py:2585} INFO - Sync 1 DAGs
[2023-11-11T17:30:09.711+0000] {logging_mixin.py:120} INFO - [2023-11-11T17:30:09.710+0000] {dag.py:3340} INFO - Setting next_dagrun for example_branch_python_operator_decorator to 2023-11-10T00:00:00+00:00, run_after=2023-11-11T00:00:00+00:00
[2023-11-11T17:30:09.800+0000] {processor.py:176} INFO - Processing /home/airflow/.local/lib/python3.7/site-packages/airflow/example_dags/example_branch_operator_decorator.py took 0.525 seconds
[2023-11-11T17:30:41.971+0000] {processor.py:154} INFO - Started process (PID=178) to work on /home/airflow/.local/lib/python3.7/site-packages/airflow/example_dags/example_branch_operator_decorator.py
[2023-11-11T17:30:41.972+0000] {processor.py:756} INFO - Processing file /home/airflow/.local/lib/python3.7/site-packages/airflow/example_dags/example_branch_operator_decorator.py for tasks to queue
[2023-11-11T17:30:41.974+0000] {logging_mixin.py:120} INFO - [2023-11-11T17:30:41.974+0000] {dagbag.py:537} INFO - Filling up the DagBag from /home/airflow/.local/lib/python3.7/site-packages/airflow/example_dags/example_branch_operator_decorator.py
[2023-11-11T17:30:42.090+0000] {processor.py:766} INFO - DAG(s) dict_keys(['example_branch_python_operator_decorator']) retrieved from /home/airflow/.local/lib/python3.7/site-packages/airflow/example_dags/example_branch_operator_decorator.py
[2023-11-11T17:30:42.254+0000] {logging_mixin.py:120} INFO - [2023-11-11T17:30:42.253+0000] {dag.py:2585} INFO - Sync 1 DAGs
[2023-11-11T17:30:42.406+0000] {logging_mixin.py:120} INFO - [2023-11-11T17:30:42.406+0000] {dag.py:3340} INFO - Setting next_dagrun for example_branch_python_operator_decorator to 2023-11-10T00:00:00+00:00, run_after=2023-11-11T00:00:00+00:00
[2023-11-11T17:30:42.487+0000] {processor.py:176} INFO - Processing /home/airflow/.local/lib/python3.7/site-packages/airflow/example_dags/example_branch_operator_decorator.py took 0.533 seconds
[2023-11-11T17:31:13.970+0000] {processor.py:154} INFO - Started process (PID=233) to work on /home/airflow/.local/lib/python3.7/site-packages/airflow/example_dags/example_branch_operator_decorator.py
[2023-11-11T17:31:13.972+0000] {processor.py:756} INFO - Processing file /home/airflow/.local/lib/python3.7/site-packages/airflow/example_dags/example_branch_operator_decorator.py for tasks to queue
[2023-11-11T17:31:13.974+0000] {logging_mixin.py:120} INFO - [2023-11-11T17:31:13.973+0000] {dagbag.py:537} INFO - Filling up the DagBag from /home/airflow/.local/lib/python3.7/site-packages/airflow/example_dags/example_branch_operator_decorator.py
[2023-11-11T17:31:14.032+0000] {processor.py:766} INFO - DAG(s) dict_keys(['example_branch_python_operator_decorator']) retrieved from /home/airflow/.local/lib/python3.7/site-packages/airflow/example_dags/example_branch_operator_decorator.py
[2023-11-11T17:31:14.125+0000] {logging_mixin.py:120} INFO - [2023-11-11T17:31:14.125+0000] {dag.py:2585} INFO - Sync 1 DAGs
[2023-11-11T17:31:14.191+0000] {logging_mixin.py:120} INFO - [2023-11-11T17:31:14.191+0000] {dag.py:3340} INFO - Setting next_dagrun for example_branch_python_operator_decorator to 2023-11-10T00:00:00+00:00, run_after=2023-11-11T00:00:00+00:00
[2023-11-11T17:31:14.239+0000] {processor.py:176} INFO - Processing /home/airflow/.local/lib/python3.7/site-packages/airflow/example_dags/example_branch_operator_decorator.py took 0.273 seconds
[2023-11-11T17:31:44.323+0000] {processor.py:154} INFO - Started process (PID=287) to work on /home/airflow/.local/lib/python3.7/site-packages/airflow/example_dags/example_branch_operator_decorator.py
[2023-11-11T17:31:44.325+0000] {processor.py:756} INFO - Processing file /home/airflow/.local/lib/python3.7/site-packages/airflow/example_dags/example_branch_operator_decorator.py for tasks to queue
[2023-11-11T17:31:44.327+0000] {logging_mixin.py:120} INFO - [2023-11-11T17:31:44.327+0000] {dagbag.py:537} INFO - Filling up the DagBag from /home/airflow/.local/lib/python3.7/site-packages/airflow/example_dags/example_branch_operator_decorator.py
[2023-11-11T17:31:44.397+0000] {processor.py:766} INFO - DAG(s) dict_keys(['example_branch_python_operator_decorator']) retrieved from /home/airflow/.local/lib/python3.7/site-packages/airflow/example_dags/example_branch_operator_decorator.py
[2023-11-11T17:31:44.506+0000] {logging_mixin.py:120} INFO - [2023-11-11T17:31:44.506+0000] {dag.py:2585} INFO - Sync 1 DAGs
[2023-11-11T17:31:44.571+0000] {logging_mixin.py:120} INFO - [2023-11-11T17:31:44.571+0000] {dag.py:3340} INFO - Setting next_dagrun for example_branch_python_operator_decorator to 2023-11-10T00:00:00+00:00, run_after=2023-11-11T00:00:00+00:00
[2023-11-11T17:31:44.616+0000] {processor.py:176} INFO - Processing /home/airflow/.local/lib/python3.7/site-packages/airflow/example_dags/example_branch_operator_decorator.py took 0.298 seconds
[2023-11-11T17:32:14.992+0000] {processor.py:154} INFO - Started process (PID=350) to work on /home/airflow/.local/lib/python3.7/site-packages/airflow/example_dags/example_branch_operator_decorator.py
[2023-11-11T17:32:14.993+0000] {processor.py:756} INFO - Processing file /home/airflow/.local/lib/python3.7/site-packages/airflow/example_dags/example_branch_operator_decorator.py for tasks to queue
[2023-11-11T17:32:14.995+0000] {logging_mixin.py:120} INFO - [2023-11-11T17:32:14.994+0000] {dagbag.py:537} INFO - Filling up the DagBag from /home/airflow/.local/lib/python3.7/site-packages/airflow/example_dags/example_branch_operator_decorator.py
[2023-11-11T17:32:15.049+0000] {processor.py:766} INFO - DAG(s) dict_keys(['example_branch_python_operator_decorator']) retrieved from /home/airflow/.local/lib/python3.7/site-packages/airflow/example_dags/example_branch_operator_decorator.py
[2023-11-11T17:32:15.133+0000] {logging_mixin.py:120} INFO - [2023-11-11T17:32:15.133+0000] {dag.py:2585} INFO - Sync 1 DAGs
[2023-11-11T17:32:15.195+0000] {logging_mixin.py:120} INFO - [2023-11-11T17:32:15.195+0000] {dag.py:3340} INFO - Setting next_dagrun for example_branch_python_operator_decorator to 2023-11-10T00:00:00+00:00, run_after=2023-11-11T00:00:00+00:00
[2023-11-11T17:32:15.253+0000] {processor.py:176} INFO - Processing /home/airflow/.local/lib/python3.7/site-packages/airflow/example_dags/example_branch_operator_decorator.py took 0.268 seconds
[2023-11-11T17:32:45.625+0000] {processor.py:154} INFO - Started process (PID=403) to work on /home/airflow/.local/lib/python3.7/site-packages/airflow/example_dags/example_branch_operator_decorator.py
[2023-11-11T17:32:45.627+0000] {processor.py:756} INFO - Processing file /home/airflow/.local/lib/python3.7/site-packages/airflow/example_dags/example_branch_operator_decorator.py for tasks to queue
[2023-11-11T17:32:45.629+0000] {logging_mixin.py:120} INFO - [2023-11-11T17:32:45.629+0000] {dagbag.py:537} INFO - Filling up the DagBag from /home/airflow/.local/lib/python3.7/site-packages/airflow/example_dags/example_branch_operator_decorator.py
[2023-11-11T17:32:45.686+0000] {processor.py:766} INFO - DAG(s) dict_keys(['example_branch_python_operator_decorator']) retrieved from /home/airflow/.local/lib/python3.7/site-packages/airflow/example_dags/example_branch_operator_decorator.py
[2023-11-11T17:32:45.778+0000] {logging_mixin.py:120} INFO - [2023-11-11T17:32:45.777+0000] {dag.py:2585} INFO - Sync 1 DAGs
[2023-11-11T17:32:45.848+0000] {logging_mixin.py:120} INFO - [2023-11-11T17:32:45.848+0000] {dag.py:3340} INFO - Setting next_dagrun for example_branch_python_operator_decorator to 2023-11-10T00:00:00+00:00, run_after=2023-11-11T00:00:00+00:00
[2023-11-11T17:32:45.891+0000] {processor.py:176} INFO - Processing /home/airflow/.local/lib/python3.7/site-packages/airflow/example_dags/example_branch_operator_decorator.py took 0.270 seconds
[2023-11-11T17:33:16.631+0000] {processor.py:154} INFO - Started process (PID=463) to work on /home/airflow/.local/lib/python3.7/site-packages/airflow/example_dags/example_branch_operator_decorator.py
[2023-11-11T17:33:16.634+0000] {processor.py:756} INFO - Processing file /home/airflow/.local/lib/python3.7/site-packages/airflow/example_dags/example_branch_operator_decorator.py for tasks to queue
[2023-11-11T17:33:16.636+0000] {logging_mixin.py:120} INFO - [2023-11-11T17:33:16.635+0000] {dagbag.py:537} INFO - Filling up the DagBag from /home/airflow/.local/lib/python3.7/site-packages/airflow/example_dags/example_branch_operator_decorator.py
[2023-11-11T17:33:16.685+0000] {processor.py:766} INFO - DAG(s) dict_keys(['example_branch_python_operator_decorator']) retrieved from /home/airflow/.local/lib/python3.7/site-packages/airflow/example_dags/example_branch_operator_decorator.py
[2023-11-11T17:33:16.769+0000] {logging_mixin.py:120} INFO - [2023-11-11T17:33:16.769+0000] {dag.py:2585} INFO - Sync 1 DAGs
[2023-11-11T17:33:16.834+0000] {logging_mixin.py:120} INFO - [2023-11-11T17:33:16.834+0000] {dag.py:3340} INFO - Setting next_dagrun for example_branch_python_operator_decorator to 2023-11-10T00:00:00+00:00, run_after=2023-11-11T00:00:00+00:00
[2023-11-11T17:33:16.875+0000] {processor.py:176} INFO - Processing /home/airflow/.local/lib/python3.7/site-packages/airflow/example_dags/example_branch_operator_decorator.py took 0.248 seconds
[2023-11-11T17:33:47.160+0000] {processor.py:154} INFO - Started process (PID=521) to work on /home/airflow/.local/lib/python3.7/site-packages/airflow/example_dags/example_branch_operator_decorator.py
[2023-11-11T17:33:47.161+0000] {processor.py:756} INFO - Processing file /home/airflow/.local/lib/python3.7/site-packages/airflow/example_dags/example_branch_operator_decorator.py for tasks to queue
[2023-11-11T17:33:47.168+0000] {logging_mixin.py:120} INFO - [2023-11-11T17:33:47.167+0000] {dagbag.py:537} INFO - Filling up the DagBag from /home/airflow/.local/lib/python3.7/site-packages/airflow/example_dags/example_branch_operator_decorator.py
[2023-11-11T17:33:47.240+0000] {processor.py:766} INFO - DAG(s) dict_keys(['example_branch_python_operator_decorator']) retrieved from /home/airflow/.local/lib/python3.7/site-packages/airflow/example_dags/example_branch_operator_decorator.py
[2023-11-11T17:33:47.322+0000] {logging_mixin.py:120} INFO - [2023-11-11T17:33:47.322+0000] {dag.py:2585} INFO - Sync 1 DAGs
[2023-11-11T17:33:47.388+0000] {logging_mixin.py:120} INFO - [2023-11-11T17:33:47.387+0000] {dag.py:3340} INFO - Setting next_dagrun for example_branch_python_operator_decorator to 2023-11-10T00:00:00+00:00, run_after=2023-11-11T00:00:00+00:00
[2023-11-11T17:33:47.468+0000] {processor.py:176} INFO - Processing /home/airflow/.local/lib/python3.7/site-packages/airflow/example_dags/example_branch_operator_decorator.py took 0.324 seconds
[2023-11-11T17:34:18.024+0000] {processor.py:154} INFO - Started process (PID=575) to work on /home/airflow/.local/lib/python3.7/site-packages/airflow/example_dags/example_branch_operator_decorator.py
[2023-11-11T17:34:18.025+0000] {processor.py:756} INFO - Processing file /home/airflow/.local/lib/python3.7/site-packages/airflow/example_dags/example_branch_operator_decorator.py for tasks to queue
[2023-11-11T17:34:18.026+0000] {logging_mixin.py:120} INFO - [2023-11-11T17:34:18.026+0000] {dagbag.py:537} INFO - Filling up the DagBag from /home/airflow/.local/lib/python3.7/site-packages/airflow/example_dags/example_branch_operator_decorator.py
[2023-11-11T17:34:18.073+0000] {processor.py:766} INFO - DAG(s) dict_keys(['example_branch_python_operator_decorator']) retrieved from /home/airflow/.local/lib/python3.7/site-packages/airflow/example_dags/example_branch_operator_decorator.py
[2023-11-11T17:34:18.144+0000] {logging_mixin.py:120} INFO - [2023-11-11T17:34:18.143+0000] {dag.py:2585} INFO - Sync 1 DAGs
[2023-11-11T17:34:18.191+0000] {logging_mixin.py:120} INFO - [2023-11-11T17:34:18.191+0000] {dag.py:3340} INFO - Setting next_dagrun for example_branch_python_operator_decorator to 2023-11-10T00:00:00+00:00, run_after=2023-11-11T00:00:00+00:00
[2023-11-11T17:34:18.229+0000] {processor.py:176} INFO - Processing /home/airflow/.local/lib/python3.7/site-packages/airflow/example_dags/example_branch_operator_decorator.py took 0.211 seconds
[2023-11-11T17:34:48.732+0000] {processor.py:154} INFO - Started process (PID=639) to work on /home/airflow/.local/lib/python3.7/site-packages/airflow/example_dags/example_branch_operator_decorator.py
[2023-11-11T17:34:48.733+0000] {processor.py:756} INFO - Processing file /home/airflow/.local/lib/python3.7/site-packages/airflow/example_dags/example_branch_operator_decorator.py for tasks to queue
[2023-11-11T17:34:48.735+0000] {logging_mixin.py:120} INFO - [2023-11-11T17:34:48.734+0000] {dagbag.py:537} INFO - Filling up the DagBag from /home/airflow/.local/lib/python3.7/site-packages/airflow/example_dags/example_branch_operator_decorator.py
[2023-11-11T17:34:48.798+0000] {processor.py:766} INFO - DAG(s) dict_keys(['example_branch_python_operator_decorator']) retrieved from /home/airflow/.local/lib/python3.7/site-packages/airflow/example_dags/example_branch_operator_decorator.py
[2023-11-11T17:34:48.897+0000] {logging_mixin.py:120} INFO - [2023-11-11T17:34:48.897+0000] {dag.py:2585} INFO - Sync 1 DAGs
[2023-11-11T17:34:48.971+0000] {logging_mixin.py:120} INFO - [2023-11-11T17:34:48.971+0000] {dag.py:3340} INFO - Setting next_dagrun for example_branch_python_operator_decorator to 2023-11-10T00:00:00+00:00, run_after=2023-11-11T00:00:00+00:00
[2023-11-11T17:34:49.017+0000] {processor.py:176} INFO - Processing /home/airflow/.local/lib/python3.7/site-packages/airflow/example_dags/example_branch_operator_decorator.py took 0.292 seconds
[2023-11-11T17:35:19.201+0000] {processor.py:154} INFO - Started process (PID=694) to work on /home/airflow/.local/lib/python3.7/site-packages/airflow/example_dags/example_branch_operator_decorator.py
[2023-11-11T17:35:19.202+0000] {processor.py:756} INFO - Processing file /home/airflow/.local/lib/python3.7/site-packages/airflow/example_dags/example_branch_operator_decorator.py for tasks to queue
[2023-11-11T17:35:19.203+0000] {logging_mixin.py:120} INFO - [2023-11-11T17:35:19.202+0000] {dagbag.py:537} INFO - Filling up the DagBag from /home/airflow/.local/lib/python3.7/site-packages/airflow/example_dags/example_branch_operator_decorator.py
[2023-11-11T17:35:19.239+0000] {processor.py:766} INFO - DAG(s) dict_keys(['example_branch_python_operator_decorator']) retrieved from /home/airflow/.local/lib/python3.7/site-packages/airflow/example_dags/example_branch_operator_decorator.py
[2023-11-11T17:35:19.298+0000] {logging_mixin.py:120} INFO - [2023-11-11T17:35:19.298+0000] {dag.py:2585} INFO - Sync 1 DAGs
[2023-11-11T17:35:19.355+0000] {logging_mixin.py:120} INFO - [2023-11-11T17:35:19.355+0000] {dag.py:3340} INFO - Setting next_dagrun for example_branch_python_operator_decorator to 2023-11-10T00:00:00+00:00, run_after=2023-11-11T00:00:00+00:00
[2023-11-11T17:35:19.398+0000] {processor.py:176} INFO - Processing /home/airflow/.local/lib/python3.7/site-packages/airflow/example_dags/example_branch_operator_decorator.py took 0.203 seconds
[2023-11-11T17:35:49.576+0000] {processor.py:154} INFO - Started process (PID=748) to work on /home/airflow/.local/lib/python3.7/site-packages/airflow/example_dags/example_branch_operator_decorator.py
[2023-11-11T17:35:49.577+0000] {processor.py:756} INFO - Processing file /home/airflow/.local/lib/python3.7/site-packages/airflow/example_dags/example_branch_operator_decorator.py for tasks to queue
[2023-11-11T17:35:49.580+0000] {logging_mixin.py:120} INFO - [2023-11-11T17:35:49.580+0000] {dagbag.py:537} INFO - Filling up the DagBag from /home/airflow/.local/lib/python3.7/site-packages/airflow/example_dags/example_branch_operator_decorator.py
[2023-11-11T17:35:49.642+0000] {processor.py:766} INFO - DAG(s) dict_keys(['example_branch_python_operator_decorator']) retrieved from /home/airflow/.local/lib/python3.7/site-packages/airflow/example_dags/example_branch_operator_decorator.py
[2023-11-11T17:35:49.737+0000] {logging_mixin.py:120} INFO - [2023-11-11T17:35:49.736+0000] {dag.py:2585} INFO - Sync 1 DAGs
[2023-11-11T17:35:49.798+0000] {logging_mixin.py:120} INFO - [2023-11-11T17:35:49.797+0000] {dag.py:3340} INFO - Setting next_dagrun for example_branch_python_operator_decorator to 2023-11-10T00:00:00+00:00, run_after=2023-11-11T00:00:00+00:00
[2023-11-11T17:35:49.846+0000] {processor.py:176} INFO - Processing /home/airflow/.local/lib/python3.7/site-packages/airflow/example_dags/example_branch_operator_decorator.py took 0.274 seconds
[2023-11-11T17:36:20.206+0000] {processor.py:154} INFO - Started process (PID=811) to work on /home/airflow/.local/lib/python3.7/site-packages/airflow/example_dags/example_branch_operator_decorator.py
[2023-11-11T17:36:20.209+0000] {processor.py:756} INFO - Processing file /home/airflow/.local/lib/python3.7/site-packages/airflow/example_dags/example_branch_operator_decorator.py for tasks to queue
[2023-11-11T17:36:20.210+0000] {logging_mixin.py:120} INFO - [2023-11-11T17:36:20.210+0000] {dagbag.py:537} INFO - Filling up the DagBag from /home/airflow/.local/lib/python3.7/site-packages/airflow/example_dags/example_branch_operator_decorator.py
[2023-11-11T17:36:20.319+0000] {processor.py:766} INFO - DAG(s) dict_keys(['example_branch_python_operator_decorator']) retrieved from /home/airflow/.local/lib/python3.7/site-packages/airflow/example_dags/example_branch_operator_decorator.py
[2023-11-11T17:36:20.445+0000] {logging_mixin.py:120} INFO - [2023-11-11T17:36:20.443+0000] {dag.py:2585} INFO - Sync 1 DAGs
[2023-11-11T17:36:20.533+0000] {logging_mixin.py:120} INFO - [2023-11-11T17:36:20.532+0000] {dag.py:3340} INFO - Setting next_dagrun for example_branch_python_operator_decorator to 2023-11-10T00:00:00+00:00, run_after=2023-11-11T00:00:00+00:00
[2023-11-11T17:36:20.588+0000] {processor.py:176} INFO - Processing /home/airflow/.local/lib/python3.7/site-packages/airflow/example_dags/example_branch_operator_decorator.py took 0.395 seconds
[2023-11-11T17:36:51.066+0000] {processor.py:154} INFO - Started process (PID=864) to work on /home/airflow/.local/lib/python3.7/site-packages/airflow/example_dags/example_branch_operator_decorator.py
[2023-11-11T17:36:51.067+0000] {processor.py:756} INFO - Processing file /home/airflow/.local/lib/python3.7/site-packages/airflow/example_dags/example_branch_operator_decorator.py for tasks to queue
[2023-11-11T17:36:51.070+0000] {logging_mixin.py:120} INFO - [2023-11-11T17:36:51.070+0000] {dagbag.py:537} INFO - Filling up the DagBag from /home/airflow/.local/lib/python3.7/site-packages/airflow/example_dags/example_branch_operator_decorator.py
[2023-11-11T17:36:51.131+0000] {processor.py:766} INFO - DAG(s) dict_keys(['example_branch_python_operator_decorator']) retrieved from /home/airflow/.local/lib/python3.7/site-packages/airflow/example_dags/example_branch_operator_decorator.py
[2023-11-11T17:36:51.228+0000] {logging_mixin.py:120} INFO - [2023-11-11T17:36:51.227+0000] {dag.py:2585} INFO - Sync 1 DAGs
[2023-11-11T17:36:51.304+0000] {logging_mixin.py:120} INFO - [2023-11-11T17:36:51.304+0000] {dag.py:3340} INFO - Setting next_dagrun for example_branch_python_operator_decorator to 2023-11-10T00:00:00+00:00, run_after=2023-11-11T00:00:00+00:00
[2023-11-11T17:36:51.348+0000] {processor.py:176} INFO - Processing /home/airflow/.local/lib/python3.7/site-packages/airflow/example_dags/example_branch_operator_decorator.py took 0.291 seconds
[2023-11-11T17:37:21.628+0000] {processor.py:154} INFO - Started process (PID=927) to work on /home/airflow/.local/lib/python3.7/site-packages/airflow/example_dags/example_branch_operator_decorator.py
[2023-11-11T17:37:21.630+0000] {processor.py:756} INFO - Processing file /home/airflow/.local/lib/python3.7/site-packages/airflow/example_dags/example_branch_operator_decorator.py for tasks to queue
[2023-11-11T17:37:21.631+0000] {logging_mixin.py:120} INFO - [2023-11-11T17:37:21.631+0000] {dagbag.py:537} INFO - Filling up the DagBag from /home/airflow/.local/lib/python3.7/site-packages/airflow/example_dags/example_branch_operator_decorator.py
[2023-11-11T17:37:21.692+0000] {processor.py:766} INFO - DAG(s) dict_keys(['example_branch_python_operator_decorator']) retrieved from /home/airflow/.local/lib/python3.7/site-packages/airflow/example_dags/example_branch_operator_decorator.py
[2023-11-11T17:37:21.790+0000] {logging_mixin.py:120} INFO - [2023-11-11T17:37:21.790+0000] {dag.py:2585} INFO - Sync 1 DAGs
[2023-11-11T17:37:21.840+0000] {logging_mixin.py:120} INFO - [2023-11-11T17:37:21.840+0000] {dag.py:3340} INFO - Setting next_dagrun for example_branch_python_operator_decorator to 2023-11-10T00:00:00+00:00, run_after=2023-11-11T00:00:00+00:00
[2023-11-11T17:37:21.872+0000] {processor.py:176} INFO - Processing /home/airflow/.local/lib/python3.7/site-packages/airflow/example_dags/example_branch_operator_decorator.py took 0.257 seconds
[2023-11-11T17:37:52.247+0000] {processor.py:154} INFO - Started process (PID=980) to work on /home/airflow/.local/lib/python3.7/site-packages/airflow/example_dags/example_branch_operator_decorator.py
[2023-11-11T17:37:52.248+0000] {processor.py:756} INFO - Processing file /home/airflow/.local/lib/python3.7/site-packages/airflow/example_dags/example_branch_operator_decorator.py for tasks to queue
[2023-11-11T17:37:52.250+0000] {logging_mixin.py:120} INFO - [2023-11-11T17:37:52.250+0000] {dagbag.py:537} INFO - Filling up the DagBag from /home/airflow/.local/lib/python3.7/site-packages/airflow/example_dags/example_branch_operator_decorator.py
[2023-11-11T17:37:52.323+0000] {processor.py:766} INFO - DAG(s) dict_keys(['example_branch_python_operator_decorator']) retrieved from /home/airflow/.local/lib/python3.7/site-packages/airflow/example_dags/example_branch_operator_decorator.py
[2023-11-11T17:37:52.434+0000] {logging_mixin.py:120} INFO - [2023-11-11T17:37:52.434+0000] {dag.py:2585} INFO - Sync 1 DAGs
[2023-11-11T17:37:52.511+0000] {logging_mixin.py:120} INFO - [2023-11-11T17:37:52.511+0000] {dag.py:3340} INFO - Setting next_dagrun for example_branch_python_operator_decorator to 2023-11-10T00:00:00+00:00, run_after=2023-11-11T00:00:00+00:00
[2023-11-11T17:37:52.564+0000] {processor.py:176} INFO - Processing /home/airflow/.local/lib/python3.7/site-packages/airflow/example_dags/example_branch_operator_decorator.py took 0.324 seconds
[2023-11-11T17:38:22.981+0000] {processor.py:154} INFO - Started process (PID=1043) to work on /home/airflow/.local/lib/python3.7/site-packages/airflow/example_dags/example_branch_operator_decorator.py
[2023-11-11T17:38:22.984+0000] {processor.py:756} INFO - Processing file /home/airflow/.local/lib/python3.7/site-packages/airflow/example_dags/example_branch_operator_decorator.py for tasks to queue
[2023-11-11T17:38:22.985+0000] {logging_mixin.py:120} INFO - [2023-11-11T17:38:22.985+0000] {dagbag.py:537} INFO - Filling up the DagBag from /home/airflow/.local/lib/python3.7/site-packages/airflow/example_dags/example_branch_operator_decorator.py
[2023-11-11T17:38:23.030+0000] {processor.py:766} INFO - DAG(s) dict_keys(['example_branch_python_operator_decorator']) retrieved from /home/airflow/.local/lib/python3.7/site-packages/airflow/example_dags/example_branch_operator_decorator.py
[2023-11-11T17:38:23.098+0000] {logging_mixin.py:120} INFO - [2023-11-11T17:38:23.098+0000] {dag.py:2585} INFO - Sync 1 DAGs
[2023-11-11T17:38:23.139+0000] {logging_mixin.py:120} INFO - [2023-11-11T17:38:23.138+0000] {dag.py:3340} INFO - Setting next_dagrun for example_branch_python_operator_decorator to 2023-11-10T00:00:00+00:00, run_after=2023-11-11T00:00:00+00:00
[2023-11-11T17:38:23.170+0000] {processor.py:176} INFO - Processing /home/airflow/.local/lib/python3.7/site-packages/airflow/example_dags/example_branch_operator_decorator.py took 0.196 seconds
[2023-11-11T17:38:53.733+0000] {processor.py:154} INFO - Started process (PID=1097) to work on /home/airflow/.local/lib/python3.7/site-packages/airflow/example_dags/example_branch_operator_decorator.py
[2023-11-11T17:38:53.735+0000] {processor.py:756} INFO - Processing file /home/airflow/.local/lib/python3.7/site-packages/airflow/example_dags/example_branch_operator_decorator.py for tasks to queue
[2023-11-11T17:38:53.738+0000] {logging_mixin.py:120} INFO - [2023-11-11T17:38:53.737+0000] {dagbag.py:537} INFO - Filling up the DagBag from /home/airflow/.local/lib/python3.7/site-packages/airflow/example_dags/example_branch_operator_decorator.py
[2023-11-11T17:38:53.797+0000] {processor.py:766} INFO - DAG(s) dict_keys(['example_branch_python_operator_decorator']) retrieved from /home/airflow/.local/lib/python3.7/site-packages/airflow/example_dags/example_branch_operator_decorator.py
[2023-11-11T17:38:53.869+0000] {logging_mixin.py:120} INFO - [2023-11-11T17:38:53.869+0000] {dag.py:2585} INFO - Sync 1 DAGs
[2023-11-11T17:38:53.928+0000] {logging_mixin.py:120} INFO - [2023-11-11T17:38:53.927+0000] {dag.py:3340} INFO - Setting next_dagrun for example_branch_python_operator_decorator to 2023-11-10T00:00:00+00:00, run_after=2023-11-11T00:00:00+00:00
[2023-11-11T17:38:53.966+0000] {processor.py:176} INFO - Processing /home/airflow/.local/lib/python3.7/site-packages/airflow/example_dags/example_branch_operator_decorator.py took 0.240 seconds
[2023-11-11T17:39:24.128+0000] {processor.py:154} INFO - Started process (PID=1160) to work on /home/airflow/.local/lib/python3.7/site-packages/airflow/example_dags/example_branch_operator_decorator.py
[2023-11-11T17:39:24.129+0000] {processor.py:756} INFO - Processing file /home/airflow/.local/lib/python3.7/site-packages/airflow/example_dags/example_branch_operator_decorator.py for tasks to queue
[2023-11-11T17:39:24.130+0000] {logging_mixin.py:120} INFO - [2023-11-11T17:39:24.130+0000] {dagbag.py:537} INFO - Filling up the DagBag from /home/airflow/.local/lib/python3.7/site-packages/airflow/example_dags/example_branch_operator_decorator.py
[2023-11-11T17:39:24.167+0000] {processor.py:766} INFO - DAG(s) dict_keys(['example_branch_python_operator_decorator']) retrieved from /home/airflow/.local/lib/python3.7/site-packages/airflow/example_dags/example_branch_operator_decorator.py
[2023-11-11T17:39:24.228+0000] {logging_mixin.py:120} INFO - [2023-11-11T17:39:24.227+0000] {dag.py:2585} INFO - Sync 1 DAGs
[2023-11-11T17:39:24.266+0000] {logging_mixin.py:120} INFO - [2023-11-11T17:39:24.265+0000] {dag.py:3340} INFO - Setting next_dagrun for example_branch_python_operator_decorator to 2023-11-10T00:00:00+00:00, run_after=2023-11-11T00:00:00+00:00
[2023-11-11T17:39:24.290+0000] {processor.py:176} INFO - Processing /home/airflow/.local/lib/python3.7/site-packages/airflow/example_dags/example_branch_operator_decorator.py took 0.168 seconds
