[2023-11-11T17:02:09.196+0000] {processor.py:154} INFO - Started process (PID=81) to work on /home/airflow/.local/lib/python3.7/site-packages/airflow/example_dags/example_branch_datetime_operator.py
[2023-11-11T17:02:09.200+0000] {processor.py:756} INFO - Processing file /home/airflow/.local/lib/python3.7/site-packages/airflow/example_dags/example_branch_datetime_operator.py for tasks to queue
[2023-11-11T17:02:09.203+0000] {logging_mixin.py:120} INFO - [2023-11-11T17:02:09.202+0000] {dagbag.py:537} INFO - Filling up the DagBag from /home/airflow/.local/lib/python3.7/site-packages/airflow/example_dags/example_branch_datetime_operator.py
[2023-11-11T17:02:09.280+0000] {processor.py:766} INFO - DAG(s) dict_keys(['example_branch_datetime_operator_2', 'example_branch_datetime_operator_3', 'example_branch_datetime_operator']) retrieved from /home/airflow/.local/lib/python3.7/site-packages/airflow/example_dags/example_branch_datetime_operator.py
[2023-11-11T17:02:09.472+0000] {logging_mixin.py:120} INFO - [2023-11-11T17:02:09.471+0000] {dag.py:2585} INFO - Sync 3 DAGs
[2023-11-11T17:02:09.856+0000] {logging_mixin.py:120} INFO - [2023-11-11T17:02:09.856+0000] {dag.py:3340} INFO - Setting next_dagrun for example_branch_datetime_operator to 2023-11-10T00:00:00+00:00, run_after=2023-11-11T00:00:00+00:00
[2023-11-11T17:02:09.884+0000] {logging_mixin.py:120} INFO - [2023-11-11T17:02:09.883+0000] {dag.py:3340} INFO - Setting next_dagrun for example_branch_datetime_operator_2 to 2023-11-10T00:00:00+00:00, run_after=2023-11-11T00:00:00+00:00
[2023-11-11T17:02:09.900+0000] {logging_mixin.py:120} INFO - [2023-11-11T17:02:09.900+0000] {dag.py:3340} INFO - Setting next_dagrun for example_branch_datetime_operator_3 to 2023-11-10T00:00:00+00:00, run_after=2023-11-11T00:00:00+00:00
[2023-11-11T17:02:09.955+0000] {processor.py:176} INFO - Processing /home/airflow/.local/lib/python3.7/site-packages/airflow/example_dags/example_branch_datetime_operator.py took 0.764 seconds
[2023-11-11T17:02:40.174+0000] {processor.py:154} INFO - Started process (PID=135) to work on /home/airflow/.local/lib/python3.7/site-packages/airflow/example_dags/example_branch_datetime_operator.py
[2023-11-11T17:02:40.176+0000] {processor.py:756} INFO - Processing file /home/airflow/.local/lib/python3.7/site-packages/airflow/example_dags/example_branch_datetime_operator.py for tasks to queue
[2023-11-11T17:02:40.178+0000] {logging_mixin.py:120} INFO - [2023-11-11T17:02:40.177+0000] {dagbag.py:537} INFO - Filling up the DagBag from /home/airflow/.local/lib/python3.7/site-packages/airflow/example_dags/example_branch_datetime_operator.py
[2023-11-11T17:02:40.208+0000] {processor.py:766} INFO - DAG(s) dict_keys(['example_branch_datetime_operator_2', 'example_branch_datetime_operator_3', 'example_branch_datetime_operator']) retrieved from /home/airflow/.local/lib/python3.7/site-packages/airflow/example_dags/example_branch_datetime_operator.py
[2023-11-11T17:02:40.308+0000] {logging_mixin.py:120} INFO - [2023-11-11T17:02:40.308+0000] {dag.py:2585} INFO - Sync 3 DAGs
[2023-11-11T17:02:40.362+0000] {logging_mixin.py:120} INFO - [2023-11-11T17:02:40.361+0000] {dag.py:3340} INFO - Setting next_dagrun for example_branch_datetime_operator to 2023-11-10T00:00:00+00:00, run_after=2023-11-11T00:00:00+00:00
[2023-11-11T17:02:40.373+0000] {logging_mixin.py:120} INFO - [2023-11-11T17:02:40.373+0000] {dag.py:3340} INFO - Setting next_dagrun for example_branch_datetime_operator_2 to 2023-11-10T00:00:00+00:00, run_after=2023-11-11T00:00:00+00:00
[2023-11-11T17:02:40.380+0000] {logging_mixin.py:120} INFO - [2023-11-11T17:02:40.380+0000] {dag.py:3340} INFO - Setting next_dagrun for example_branch_datetime_operator_3 to 2023-11-10T00:00:00+00:00, run_after=2023-11-11T00:00:00+00:00
[2023-11-11T17:02:40.422+0000] {processor.py:176} INFO - Processing /home/airflow/.local/lib/python3.7/site-packages/airflow/example_dags/example_branch_datetime_operator.py took 0.252 seconds
[2023-11-11T17:03:12.656+0000] {processor.py:154} INFO - Started process (PID=190) to work on /home/airflow/.local/lib/python3.7/site-packages/airflow/example_dags/example_branch_datetime_operator.py
[2023-11-11T17:03:12.661+0000] {processor.py:756} INFO - Processing file /home/airflow/.local/lib/python3.7/site-packages/airflow/example_dags/example_branch_datetime_operator.py for tasks to queue
[2023-11-11T17:03:12.664+0000] {logging_mixin.py:120} INFO - [2023-11-11T17:03:12.663+0000] {dagbag.py:537} INFO - Filling up the DagBag from /home/airflow/.local/lib/python3.7/site-packages/airflow/example_dags/example_branch_datetime_operator.py
[2023-11-11T17:03:12.718+0000] {processor.py:766} INFO - DAG(s) dict_keys(['example_branch_datetime_operator', 'example_branch_datetime_operator_3', 'example_branch_datetime_operator_2']) retrieved from /home/airflow/.local/lib/python3.7/site-packages/airflow/example_dags/example_branch_datetime_operator.py
[2023-11-11T17:03:12.867+0000] {logging_mixin.py:120} INFO - [2023-11-11T17:03:12.865+0000] {dag.py:2585} INFO - Sync 3 DAGs
[2023-11-11T17:03:12.954+0000] {logging_mixin.py:120} INFO - [2023-11-11T17:03:12.953+0000] {dag.py:3340} INFO - Setting next_dagrun for example_branch_datetime_operator to 2023-11-10T00:00:00+00:00, run_after=2023-11-11T00:00:00+00:00
[2023-11-11T17:03:12.970+0000] {logging_mixin.py:120} INFO - [2023-11-11T17:03:12.970+0000] {dag.py:3340} INFO - Setting next_dagrun for example_branch_datetime_operator_2 to 2023-11-10T00:00:00+00:00, run_after=2023-11-11T00:00:00+00:00
[2023-11-11T17:03:12.978+0000] {logging_mixin.py:120} INFO - [2023-11-11T17:03:12.978+0000] {dag.py:3340} INFO - Setting next_dagrun for example_branch_datetime_operator_3 to 2023-11-10T00:00:00+00:00, run_after=2023-11-11T00:00:00+00:00
[2023-11-11T17:03:13.046+0000] {processor.py:176} INFO - Processing /home/airflow/.local/lib/python3.7/site-packages/airflow/example_dags/example_branch_datetime_operator.py took 0.403 seconds
[2023-11-11T17:03:43.111+0000] {processor.py:154} INFO - Started process (PID=254) to work on /home/airflow/.local/lib/python3.7/site-packages/airflow/example_dags/example_branch_datetime_operator.py
[2023-11-11T17:03:43.113+0000] {processor.py:756} INFO - Processing file /home/airflow/.local/lib/python3.7/site-packages/airflow/example_dags/example_branch_datetime_operator.py for tasks to queue
[2023-11-11T17:03:43.114+0000] {logging_mixin.py:120} INFO - [2023-11-11T17:03:43.113+0000] {dagbag.py:537} INFO - Filling up the DagBag from /home/airflow/.local/lib/python3.7/site-packages/airflow/example_dags/example_branch_datetime_operator.py
[2023-11-11T17:03:43.147+0000] {processor.py:766} INFO - DAG(s) dict_keys(['example_branch_datetime_operator', 'example_branch_datetime_operator_2', 'example_branch_datetime_operator_3']) retrieved from /home/airflow/.local/lib/python3.7/site-packages/airflow/example_dags/example_branch_datetime_operator.py
[2023-11-11T17:03:43.249+0000] {logging_mixin.py:120} INFO - [2023-11-11T17:03:43.249+0000] {dag.py:2585} INFO - Sync 3 DAGs
[2023-11-11T17:03:43.313+0000] {logging_mixin.py:120} INFO - [2023-11-11T17:03:43.313+0000] {dag.py:3340} INFO - Setting next_dagrun for example_branch_datetime_operator to 2023-11-10T00:00:00+00:00, run_after=2023-11-11T00:00:00+00:00
[2023-11-11T17:03:43.323+0000] {logging_mixin.py:120} INFO - [2023-11-11T17:03:43.322+0000] {dag.py:3340} INFO - Setting next_dagrun for example_branch_datetime_operator_2 to 2023-11-10T00:00:00+00:00, run_after=2023-11-11T00:00:00+00:00
[2023-11-11T17:03:43.328+0000] {logging_mixin.py:120} INFO - [2023-11-11T17:03:43.328+0000] {dag.py:3340} INFO - Setting next_dagrun for example_branch_datetime_operator_3 to 2023-11-10T00:00:00+00:00, run_after=2023-11-11T00:00:00+00:00
[2023-11-11T17:03:43.360+0000] {processor.py:176} INFO - Processing /home/airflow/.local/lib/python3.7/site-packages/airflow/example_dags/example_branch_datetime_operator.py took 0.254 seconds
[2023-11-11T17:04:13.432+0000] {processor.py:154} INFO - Started process (PID=307) to work on /home/airflow/.local/lib/python3.7/site-packages/airflow/example_dags/example_branch_datetime_operator.py
[2023-11-11T17:04:13.433+0000] {processor.py:756} INFO - Processing file /home/airflow/.local/lib/python3.7/site-packages/airflow/example_dags/example_branch_datetime_operator.py for tasks to queue
[2023-11-11T17:04:13.434+0000] {logging_mixin.py:120} INFO - [2023-11-11T17:04:13.434+0000] {dagbag.py:537} INFO - Filling up the DagBag from /home/airflow/.local/lib/python3.7/site-packages/airflow/example_dags/example_branch_datetime_operator.py
[2023-11-11T17:04:13.458+0000] {processor.py:766} INFO - DAG(s) dict_keys(['example_branch_datetime_operator_3', 'example_branch_datetime_operator', 'example_branch_datetime_operator_2']) retrieved from /home/airflow/.local/lib/python3.7/site-packages/airflow/example_dags/example_branch_datetime_operator.py
[2023-11-11T17:04:13.515+0000] {logging_mixin.py:120} INFO - [2023-11-11T17:04:13.515+0000] {dag.py:2585} INFO - Sync 3 DAGs
[2023-11-11T17:04:13.548+0000] {logging_mixin.py:120} INFO - [2023-11-11T17:04:13.547+0000] {dag.py:3340} INFO - Setting next_dagrun for example_branch_datetime_operator to 2023-11-10T00:00:00+00:00, run_after=2023-11-11T00:00:00+00:00
[2023-11-11T17:04:13.553+0000] {logging_mixin.py:120} INFO - [2023-11-11T17:04:13.553+0000] {dag.py:3340} INFO - Setting next_dagrun for example_branch_datetime_operator_2 to 2023-11-10T00:00:00+00:00, run_after=2023-11-11T00:00:00+00:00
[2023-11-11T17:04:13.557+0000] {logging_mixin.py:120} INFO - [2023-11-11T17:04:13.557+0000] {dag.py:3340} INFO - Setting next_dagrun for example_branch_datetime_operator_3 to 2023-11-10T00:00:00+00:00, run_after=2023-11-11T00:00:00+00:00
[2023-11-11T17:04:13.579+0000] {processor.py:176} INFO - Processing /home/airflow/.local/lib/python3.7/site-packages/airflow/example_dags/example_branch_datetime_operator.py took 0.151 seconds
[2023-11-11T17:04:44.264+0000] {processor.py:154} INFO - Started process (PID=370) to work on /home/airflow/.local/lib/python3.7/site-packages/airflow/example_dags/example_branch_datetime_operator.py
[2023-11-11T17:04:44.265+0000] {processor.py:756} INFO - Processing file /home/airflow/.local/lib/python3.7/site-packages/airflow/example_dags/example_branch_datetime_operator.py for tasks to queue
[2023-11-11T17:04:44.266+0000] {logging_mixin.py:120} INFO - [2023-11-11T17:04:44.266+0000] {dagbag.py:537} INFO - Filling up the DagBag from /home/airflow/.local/lib/python3.7/site-packages/airflow/example_dags/example_branch_datetime_operator.py
[2023-11-11T17:04:44.289+0000] {processor.py:766} INFO - DAG(s) dict_keys(['example_branch_datetime_operator_3', 'example_branch_datetime_operator_2', 'example_branch_datetime_operator']) retrieved from /home/airflow/.local/lib/python3.7/site-packages/airflow/example_dags/example_branch_datetime_operator.py
[2023-11-11T17:04:44.344+0000] {logging_mixin.py:120} INFO - [2023-11-11T17:04:44.344+0000] {dag.py:2585} INFO - Sync 3 DAGs
[2023-11-11T17:04:44.377+0000] {logging_mixin.py:120} INFO - [2023-11-11T17:04:44.376+0000] {dag.py:3340} INFO - Setting next_dagrun for example_branch_datetime_operator to 2023-11-10T00:00:00+00:00, run_after=2023-11-11T00:00:00+00:00
[2023-11-11T17:04:44.385+0000] {logging_mixin.py:120} INFO - [2023-11-11T17:04:44.384+0000] {dag.py:3340} INFO - Setting next_dagrun for example_branch_datetime_operator_2 to 2023-11-10T00:00:00+00:00, run_after=2023-11-11T00:00:00+00:00
[2023-11-11T17:04:44.388+0000] {logging_mixin.py:120} INFO - [2023-11-11T17:04:44.387+0000] {dag.py:3340} INFO - Setting next_dagrun for example_branch_datetime_operator_3 to 2023-11-10T00:00:00+00:00, run_after=2023-11-11T00:00:00+00:00
[2023-11-11T17:04:44.409+0000] {processor.py:176} INFO - Processing /home/airflow/.local/lib/python3.7/site-packages/airflow/example_dags/example_branch_datetime_operator.py took 0.149 seconds
[2023-11-11T17:05:14.496+0000] {processor.py:154} INFO - Started process (PID=424) to work on /home/airflow/.local/lib/python3.7/site-packages/airflow/example_dags/example_branch_datetime_operator.py
[2023-11-11T17:05:14.497+0000] {processor.py:756} INFO - Processing file /home/airflow/.local/lib/python3.7/site-packages/airflow/example_dags/example_branch_datetime_operator.py for tasks to queue
[2023-11-11T17:05:14.498+0000] {logging_mixin.py:120} INFO - [2023-11-11T17:05:14.498+0000] {dagbag.py:537} INFO - Filling up the DagBag from /home/airflow/.local/lib/python3.7/site-packages/airflow/example_dags/example_branch_datetime_operator.py
[2023-11-11T17:05:14.520+0000] {processor.py:766} INFO - DAG(s) dict_keys(['example_branch_datetime_operator_2', 'example_branch_datetime_operator_3', 'example_branch_datetime_operator']) retrieved from /home/airflow/.local/lib/python3.7/site-packages/airflow/example_dags/example_branch_datetime_operator.py
[2023-11-11T17:05:14.631+0000] {logging_mixin.py:120} INFO - [2023-11-11T17:05:14.630+0000] {dag.py:2585} INFO - Sync 3 DAGs
[2023-11-11T17:05:14.662+0000] {logging_mixin.py:120} INFO - [2023-11-11T17:05:14.662+0000] {dag.py:3340} INFO - Setting next_dagrun for example_branch_datetime_operator to 2023-11-10T00:00:00+00:00, run_after=2023-11-11T00:00:00+00:00
[2023-11-11T17:05:14.668+0000] {logging_mixin.py:120} INFO - [2023-11-11T17:05:14.668+0000] {dag.py:3340} INFO - Setting next_dagrun for example_branch_datetime_operator_2 to 2023-11-10T00:00:00+00:00, run_after=2023-11-11T00:00:00+00:00
[2023-11-11T17:05:14.672+0000] {logging_mixin.py:120} INFO - [2023-11-11T17:05:14.672+0000] {dag.py:3340} INFO - Setting next_dagrun for example_branch_datetime_operator_3 to 2023-11-10T00:00:00+00:00, run_after=2023-11-11T00:00:00+00:00
[2023-11-11T17:05:14.695+0000] {processor.py:176} INFO - Processing /home/airflow/.local/lib/python3.7/site-packages/airflow/example_dags/example_branch_datetime_operator.py took 0.203 seconds
[2023-11-11T17:05:45.099+0000] {processor.py:154} INFO - Started process (PID=487) to work on /home/airflow/.local/lib/python3.7/site-packages/airflow/example_dags/example_branch_datetime_operator.py
[2023-11-11T17:05:45.099+0000] {processor.py:756} INFO - Processing file /home/airflow/.local/lib/python3.7/site-packages/airflow/example_dags/example_branch_datetime_operator.py for tasks to queue
[2023-11-11T17:05:45.100+0000] {logging_mixin.py:120} INFO - [2023-11-11T17:05:45.100+0000] {dagbag.py:537} INFO - Filling up the DagBag from /home/airflow/.local/lib/python3.7/site-packages/airflow/example_dags/example_branch_datetime_operator.py
[2023-11-11T17:05:45.126+0000] {processor.py:766} INFO - DAG(s) dict_keys(['example_branch_datetime_operator', 'example_branch_datetime_operator_3', 'example_branch_datetime_operator_2']) retrieved from /home/airflow/.local/lib/python3.7/site-packages/airflow/example_dags/example_branch_datetime_operator.py
[2023-11-11T17:05:45.217+0000] {logging_mixin.py:120} INFO - [2023-11-11T17:05:45.217+0000] {dag.py:2585} INFO - Sync 3 DAGs
[2023-11-11T17:05:45.259+0000] {logging_mixin.py:120} INFO - [2023-11-11T17:05:45.259+0000] {dag.py:3340} INFO - Setting next_dagrun for example_branch_datetime_operator to 2023-11-10T00:00:00+00:00, run_after=2023-11-11T00:00:00+00:00
[2023-11-11T17:05:45.266+0000] {logging_mixin.py:120} INFO - [2023-11-11T17:05:45.266+0000] {dag.py:3340} INFO - Setting next_dagrun for example_branch_datetime_operator_2 to 2023-11-10T00:00:00+00:00, run_after=2023-11-11T00:00:00+00:00
[2023-11-11T17:05:45.272+0000] {logging_mixin.py:120} INFO - [2023-11-11T17:05:45.272+0000] {dag.py:3340} INFO - Setting next_dagrun for example_branch_datetime_operator_3 to 2023-11-10T00:00:00+00:00, run_after=2023-11-11T00:00:00+00:00
[2023-11-11T17:05:45.306+0000] {processor.py:176} INFO - Processing /home/airflow/.local/lib/python3.7/site-packages/airflow/example_dags/example_branch_datetime_operator.py took 0.212 seconds
[2023-11-11T17:06:16.232+0000] {processor.py:154} INFO - Started process (PID=541) to work on /home/airflow/.local/lib/python3.7/site-packages/airflow/example_dags/example_branch_datetime_operator.py
[2023-11-11T17:06:16.234+0000] {processor.py:756} INFO - Processing file /home/airflow/.local/lib/python3.7/site-packages/airflow/example_dags/example_branch_datetime_operator.py for tasks to queue
[2023-11-11T17:06:16.235+0000] {logging_mixin.py:120} INFO - [2023-11-11T17:06:16.235+0000] {dagbag.py:537} INFO - Filling up the DagBag from /home/airflow/.local/lib/python3.7/site-packages/airflow/example_dags/example_branch_datetime_operator.py
[2023-11-11T17:06:16.278+0000] {processor.py:766} INFO - DAG(s) dict_keys(['example_branch_datetime_operator_3', 'example_branch_datetime_operator_2', 'example_branch_datetime_operator']) retrieved from /home/airflow/.local/lib/python3.7/site-packages/airflow/example_dags/example_branch_datetime_operator.py
[2023-11-11T17:06:16.376+0000] {logging_mixin.py:120} INFO - [2023-11-11T17:06:16.376+0000] {dag.py:2585} INFO - Sync 3 DAGs
[2023-11-11T17:06:16.461+0000] {logging_mixin.py:120} INFO - [2023-11-11T17:06:16.461+0000] {dag.py:3340} INFO - Setting next_dagrun for example_branch_datetime_operator to 2023-11-10T00:00:00+00:00, run_after=2023-11-11T00:00:00+00:00
[2023-11-11T17:06:16.471+0000] {logging_mixin.py:120} INFO - [2023-11-11T17:06:16.471+0000] {dag.py:3340} INFO - Setting next_dagrun for example_branch_datetime_operator_2 to 2023-11-10T00:00:00+00:00, run_after=2023-11-11T00:00:00+00:00
[2023-11-11T17:06:16.477+0000] {logging_mixin.py:120} INFO - [2023-11-11T17:06:16.477+0000] {dag.py:3340} INFO - Setting next_dagrun for example_branch_datetime_operator_3 to 2023-11-10T00:00:00+00:00, run_after=2023-11-11T00:00:00+00:00
[2023-11-11T17:06:16.536+0000] {processor.py:176} INFO - Processing /home/airflow/.local/lib/python3.7/site-packages/airflow/example_dags/example_branch_datetime_operator.py took 0.315 seconds
[2023-11-11T17:06:47.262+0000] {processor.py:154} INFO - Started process (PID=604) to work on /home/airflow/.local/lib/python3.7/site-packages/airflow/example_dags/example_branch_datetime_operator.py
[2023-11-11T17:06:47.263+0000] {processor.py:756} INFO - Processing file /home/airflow/.local/lib/python3.7/site-packages/airflow/example_dags/example_branch_datetime_operator.py for tasks to queue
[2023-11-11T17:06:47.263+0000] {logging_mixin.py:120} INFO - [2023-11-11T17:06:47.263+0000] {dagbag.py:537} INFO - Filling up the DagBag from /home/airflow/.local/lib/python3.7/site-packages/airflow/example_dags/example_branch_datetime_operator.py
[2023-11-11T17:06:47.292+0000] {processor.py:766} INFO - DAG(s) dict_keys(['example_branch_datetime_operator_3', 'example_branch_datetime_operator_2', 'example_branch_datetime_operator']) retrieved from /home/airflow/.local/lib/python3.7/site-packages/airflow/example_dags/example_branch_datetime_operator.py
[2023-11-11T17:06:47.357+0000] {logging_mixin.py:120} INFO - [2023-11-11T17:06:47.357+0000] {dag.py:2585} INFO - Sync 3 DAGs
[2023-11-11T17:06:47.397+0000] {logging_mixin.py:120} INFO - [2023-11-11T17:06:47.396+0000] {dag.py:3340} INFO - Setting next_dagrun for example_branch_datetime_operator to 2023-11-10T00:00:00+00:00, run_after=2023-11-11T00:00:00+00:00
[2023-11-11T17:06:47.404+0000] {logging_mixin.py:120} INFO - [2023-11-11T17:06:47.404+0000] {dag.py:3340} INFO - Setting next_dagrun for example_branch_datetime_operator_2 to 2023-11-10T00:00:00+00:00, run_after=2023-11-11T00:00:00+00:00
[2023-11-11T17:06:47.407+0000] {logging_mixin.py:120} INFO - [2023-11-11T17:06:47.407+0000] {dag.py:3340} INFO - Setting next_dagrun for example_branch_datetime_operator_3 to 2023-11-10T00:00:00+00:00, run_after=2023-11-11T00:00:00+00:00
[2023-11-11T17:06:47.431+0000] {processor.py:176} INFO - Processing /home/airflow/.local/lib/python3.7/site-packages/airflow/example_dags/example_branch_datetime_operator.py took 0.175 seconds
[2023-11-11T17:07:17.797+0000] {processor.py:154} INFO - Started process (PID=658) to work on /home/airflow/.local/lib/python3.7/site-packages/airflow/example_dags/example_branch_datetime_operator.py
[2023-11-11T17:07:17.799+0000] {processor.py:756} INFO - Processing file /home/airflow/.local/lib/python3.7/site-packages/airflow/example_dags/example_branch_datetime_operator.py for tasks to queue
[2023-11-11T17:07:17.801+0000] {logging_mixin.py:120} INFO - [2023-11-11T17:07:17.801+0000] {dagbag.py:537} INFO - Filling up the DagBag from /home/airflow/.local/lib/python3.7/site-packages/airflow/example_dags/example_branch_datetime_operator.py
[2023-11-11T17:07:17.844+0000] {processor.py:766} INFO - DAG(s) dict_keys(['example_branch_datetime_operator', 'example_branch_datetime_operator_3', 'example_branch_datetime_operator_2']) retrieved from /home/airflow/.local/lib/python3.7/site-packages/airflow/example_dags/example_branch_datetime_operator.py
[2023-11-11T17:07:17.944+0000] {logging_mixin.py:120} INFO - [2023-11-11T17:07:17.944+0000] {dag.py:2585} INFO - Sync 3 DAGs
[2023-11-11T17:07:17.995+0000] {logging_mixin.py:120} INFO - [2023-11-11T17:07:17.995+0000] {dag.py:3340} INFO - Setting next_dagrun for example_branch_datetime_operator to 2023-11-10T00:00:00+00:00, run_after=2023-11-11T00:00:00+00:00
[2023-11-11T17:07:18.017+0000] {logging_mixin.py:120} INFO - [2023-11-11T17:07:18.016+0000] {dag.py:3340} INFO - Setting next_dagrun for example_branch_datetime_operator_2 to 2023-11-10T00:00:00+00:00, run_after=2023-11-11T00:00:00+00:00
[2023-11-11T17:07:18.028+0000] {logging_mixin.py:120} INFO - [2023-11-11T17:07:18.028+0000] {dag.py:3340} INFO - Setting next_dagrun for example_branch_datetime_operator_3 to 2023-11-10T00:00:00+00:00, run_after=2023-11-11T00:00:00+00:00
[2023-11-11T17:07:18.073+0000] {processor.py:176} INFO - Processing /home/airflow/.local/lib/python3.7/site-packages/airflow/example_dags/example_branch_datetime_operator.py took 0.279 seconds
[2023-11-11T17:29:51.900+0000] {processor.py:154} INFO - Started process (PID=97) to work on /home/airflow/.local/lib/python3.7/site-packages/airflow/example_dags/example_branch_datetime_operator.py
[2023-11-11T17:29:51.910+0000] {processor.py:756} INFO - Processing file /home/airflow/.local/lib/python3.7/site-packages/airflow/example_dags/example_branch_datetime_operator.py for tasks to queue
[2023-11-11T17:29:51.916+0000] {logging_mixin.py:120} INFO - [2023-11-11T17:29:51.916+0000] {dagbag.py:537} INFO - Filling up the DagBag from /home/airflow/.local/lib/python3.7/site-packages/airflow/example_dags/example_branch_datetime_operator.py
[2023-11-11T17:29:52.062+0000] {processor.py:766} INFO - DAG(s) dict_keys(['example_branch_datetime_operator_3', 'example_branch_datetime_operator_2', 'example_branch_datetime_operator']) retrieved from /home/airflow/.local/lib/python3.7/site-packages/airflow/example_dags/example_branch_datetime_operator.py
[2023-11-11T17:29:53.290+0000] {logging_mixin.py:120} INFO - [2023-11-11T17:29:53.290+0000] {manager.py:507} INFO - Created Permission View: can read on DAG:example_branch_datetime_operator_3
[2023-11-11T17:29:53.358+0000] {logging_mixin.py:120} INFO - [2023-11-11T17:29:53.358+0000] {manager.py:507} INFO - Created Permission View: can delete on DAG:example_branch_datetime_operator_3
[2023-11-11T17:29:53.501+0000] {logging_mixin.py:120} INFO - [2023-11-11T17:29:53.500+0000] {manager.py:507} INFO - Created Permission View: can edit on DAG:example_branch_datetime_operator_3
[2023-11-11T17:29:53.641+0000] {logging_mixin.py:120} INFO - [2023-11-11T17:29:53.641+0000] {manager.py:507} INFO - Created Permission View: can read on DAG:example_branch_datetime_operator_2
[2023-11-11T17:29:53.693+0000] {logging_mixin.py:120} INFO - [2023-11-11T17:29:53.693+0000] {manager.py:507} INFO - Created Permission View: can delete on DAG:example_branch_datetime_operator_2
[2023-11-11T17:29:53.727+0000] {logging_mixin.py:120} INFO - [2023-11-11T17:29:53.727+0000] {manager.py:507} INFO - Created Permission View: can edit on DAG:example_branch_datetime_operator_2
[2023-11-11T17:29:53.791+0000] {logging_mixin.py:120} INFO - [2023-11-11T17:29:53.791+0000] {manager.py:507} INFO - Created Permission View: can read on DAG:example_branch_datetime_operator
[2023-11-11T17:29:53.826+0000] {logging_mixin.py:120} INFO - [2023-11-11T17:29:53.826+0000] {manager.py:507} INFO - Created Permission View: can delete on DAG:example_branch_datetime_operator
[2023-11-11T17:29:53.867+0000] {logging_mixin.py:120} INFO - [2023-11-11T17:29:53.867+0000] {manager.py:507} INFO - Created Permission View: can edit on DAG:example_branch_datetime_operator
[2023-11-11T17:29:53.869+0000] {logging_mixin.py:120} INFO - [2023-11-11T17:29:53.868+0000] {dag.py:2585} INFO - Sync 3 DAGs
[2023-11-11T17:29:54.048+0000] {logging_mixin.py:120} INFO - [2023-11-11T17:29:54.048+0000] {dag.py:2606} INFO - Creating ORM DAG for example_branch_datetime_operator_3
[2023-11-11T17:29:54.051+0000] {logging_mixin.py:120} INFO - [2023-11-11T17:29:54.050+0000] {dag.py:2606} INFO - Creating ORM DAG for example_branch_datetime_operator
[2023-11-11T17:29:54.053+0000] {logging_mixin.py:120} INFO - [2023-11-11T17:29:54.052+0000] {dag.py:2606} INFO - Creating ORM DAG for example_branch_datetime_operator_2
[2023-11-11T17:29:54.195+0000] {logging_mixin.py:120} INFO - [2023-11-11T17:29:54.190+0000] {dag.py:3340} INFO - Setting next_dagrun for example_branch_datetime_operator to 2023-11-10T00:00:00+00:00, run_after=2023-11-11T00:00:00+00:00
[2023-11-11T17:29:54.208+0000] {logging_mixin.py:120} INFO - [2023-11-11T17:29:54.207+0000] {dag.py:3340} INFO - Setting next_dagrun for example_branch_datetime_operator_2 to 2023-11-10T00:00:00+00:00, run_after=2023-11-11T00:00:00+00:00
[2023-11-11T17:29:54.220+0000] {logging_mixin.py:120} INFO - [2023-11-11T17:29:54.219+0000] {dag.py:3340} INFO - Setting next_dagrun for example_branch_datetime_operator_3 to 2023-11-10T00:00:00+00:00, run_after=2023-11-11T00:00:00+00:00
[2023-11-11T17:29:54.643+0000] {processor.py:176} INFO - Processing /home/airflow/.local/lib/python3.7/site-packages/airflow/example_dags/example_branch_datetime_operator.py took 2.756 seconds
[2023-11-11T17:30:24.964+0000] {processor.py:154} INFO - Started process (PID=151) to work on /home/airflow/.local/lib/python3.7/site-packages/airflow/example_dags/example_branch_datetime_operator.py
[2023-11-11T17:30:24.966+0000] {processor.py:756} INFO - Processing file /home/airflow/.local/lib/python3.7/site-packages/airflow/example_dags/example_branch_datetime_operator.py for tasks to queue
[2023-11-11T17:30:24.967+0000] {logging_mixin.py:120} INFO - [2023-11-11T17:30:24.966+0000] {dagbag.py:537} INFO - Filling up the DagBag from /home/airflow/.local/lib/python3.7/site-packages/airflow/example_dags/example_branch_datetime_operator.py
[2023-11-11T17:30:25.025+0000] {processor.py:766} INFO - DAG(s) dict_keys(['example_branch_datetime_operator_3', 'example_branch_datetime_operator_2', 'example_branch_datetime_operator']) retrieved from /home/airflow/.local/lib/python3.7/site-packages/airflow/example_dags/example_branch_datetime_operator.py
[2023-11-11T17:30:25.273+0000] {logging_mixin.py:120} INFO - [2023-11-11T17:30:25.273+0000] {dag.py:2585} INFO - Sync 3 DAGs
[2023-11-11T17:30:25.374+0000] {logging_mixin.py:120} INFO - [2023-11-11T17:30:25.373+0000] {dag.py:3340} INFO - Setting next_dagrun for example_branch_datetime_operator to 2023-11-10T00:00:00+00:00, run_after=2023-11-11T00:00:00+00:00
[2023-11-11T17:30:25.386+0000] {logging_mixin.py:120} INFO - [2023-11-11T17:30:25.386+0000] {dag.py:3340} INFO - Setting next_dagrun for example_branch_datetime_operator_2 to 2023-11-10T00:00:00+00:00, run_after=2023-11-11T00:00:00+00:00
[2023-11-11T17:30:25.391+0000] {logging_mixin.py:120} INFO - [2023-11-11T17:30:25.391+0000] {dag.py:3340} INFO - Setting next_dagrun for example_branch_datetime_operator_3 to 2023-11-10T00:00:00+00:00, run_after=2023-11-11T00:00:00+00:00
[2023-11-11T17:30:25.447+0000] {processor.py:176} INFO - Processing /home/airflow/.local/lib/python3.7/site-packages/airflow/example_dags/example_branch_datetime_operator.py took 0.513 seconds
[2023-11-11T17:30:55.693+0000] {processor.py:154} INFO - Started process (PID=205) to work on /home/airflow/.local/lib/python3.7/site-packages/airflow/example_dags/example_branch_datetime_operator.py
[2023-11-11T17:30:55.696+0000] {processor.py:756} INFO - Processing file /home/airflow/.local/lib/python3.7/site-packages/airflow/example_dags/example_branch_datetime_operator.py for tasks to queue
[2023-11-11T17:30:55.697+0000] {logging_mixin.py:120} INFO - [2023-11-11T17:30:55.697+0000] {dagbag.py:537} INFO - Filling up the DagBag from /home/airflow/.local/lib/python3.7/site-packages/airflow/example_dags/example_branch_datetime_operator.py
[2023-11-11T17:30:55.836+0000] {processor.py:766} INFO - DAG(s) dict_keys(['example_branch_datetime_operator_2', 'example_branch_datetime_operator', 'example_branch_datetime_operator_3']) retrieved from /home/airflow/.local/lib/python3.7/site-packages/airflow/example_dags/example_branch_datetime_operator.py
[2023-11-11T17:30:56.177+0000] {logging_mixin.py:120} INFO - [2023-11-11T17:30:56.177+0000] {dag.py:2585} INFO - Sync 3 DAGs
[2023-11-11T17:30:56.364+0000] {logging_mixin.py:120} INFO - [2023-11-11T17:30:56.364+0000] {dag.py:3340} INFO - Setting next_dagrun for example_branch_datetime_operator to 2023-11-10T00:00:00+00:00, run_after=2023-11-11T00:00:00+00:00
[2023-11-11T17:30:56.409+0000] {logging_mixin.py:120} INFO - [2023-11-11T17:30:56.406+0000] {dag.py:3340} INFO - Setting next_dagrun for example_branch_datetime_operator_2 to 2023-11-10T00:00:00+00:00, run_after=2023-11-11T00:00:00+00:00
[2023-11-11T17:30:56.430+0000] {logging_mixin.py:120} INFO - [2023-11-11T17:30:56.429+0000] {dag.py:3340} INFO - Setting next_dagrun for example_branch_datetime_operator_3 to 2023-11-10T00:00:00+00:00, run_after=2023-11-11T00:00:00+00:00
[2023-11-11T17:30:56.554+0000] {processor.py:176} INFO - Processing /home/airflow/.local/lib/python3.7/site-packages/airflow/example_dags/example_branch_datetime_operator.py took 0.881 seconds
[2023-11-11T17:31:26.683+0000] {processor.py:154} INFO - Started process (PID=260) to work on /home/airflow/.local/lib/python3.7/site-packages/airflow/example_dags/example_branch_datetime_operator.py
[2023-11-11T17:31:26.686+0000] {processor.py:756} INFO - Processing file /home/airflow/.local/lib/python3.7/site-packages/airflow/example_dags/example_branch_datetime_operator.py for tasks to queue
[2023-11-11T17:31:26.687+0000] {logging_mixin.py:120} INFO - [2023-11-11T17:31:26.687+0000] {dagbag.py:537} INFO - Filling up the DagBag from /home/airflow/.local/lib/python3.7/site-packages/airflow/example_dags/example_branch_datetime_operator.py
[2023-11-11T17:31:26.736+0000] {processor.py:766} INFO - DAG(s) dict_keys(['example_branch_datetime_operator', 'example_branch_datetime_operator_3', 'example_branch_datetime_operator_2']) retrieved from /home/airflow/.local/lib/python3.7/site-packages/airflow/example_dags/example_branch_datetime_operator.py
[2023-11-11T17:31:26.871+0000] {logging_mixin.py:120} INFO - [2023-11-11T17:31:26.871+0000] {dag.py:2585} INFO - Sync 3 DAGs
[2023-11-11T17:31:26.942+0000] {logging_mixin.py:120} INFO - [2023-11-11T17:31:26.941+0000] {dag.py:3340} INFO - Setting next_dagrun for example_branch_datetime_operator to 2023-11-10T00:00:00+00:00, run_after=2023-11-11T00:00:00+00:00
[2023-11-11T17:31:26.961+0000] {logging_mixin.py:120} INFO - [2023-11-11T17:31:26.961+0000] {dag.py:3340} INFO - Setting next_dagrun for example_branch_datetime_operator_2 to 2023-11-10T00:00:00+00:00, run_after=2023-11-11T00:00:00+00:00
[2023-11-11T17:31:26.970+0000] {logging_mixin.py:120} INFO - [2023-11-11T17:31:26.970+0000] {dag.py:3340} INFO - Setting next_dagrun for example_branch_datetime_operator_3 to 2023-11-10T00:00:00+00:00, run_after=2023-11-11T00:00:00+00:00
[2023-11-11T17:31:27.017+0000] {processor.py:176} INFO - Processing /home/airflow/.local/lib/python3.7/site-packages/airflow/example_dags/example_branch_datetime_operator.py took 0.337 seconds
[2023-11-11T17:31:57.341+0000] {processor.py:154} INFO - Started process (PID=314) to work on /home/airflow/.local/lib/python3.7/site-packages/airflow/example_dags/example_branch_datetime_operator.py
[2023-11-11T17:31:57.342+0000] {processor.py:756} INFO - Processing file /home/airflow/.local/lib/python3.7/site-packages/airflow/example_dags/example_branch_datetime_operator.py for tasks to queue
[2023-11-11T17:31:57.343+0000] {logging_mixin.py:120} INFO - [2023-11-11T17:31:57.343+0000] {dagbag.py:537} INFO - Filling up the DagBag from /home/airflow/.local/lib/python3.7/site-packages/airflow/example_dags/example_branch_datetime_operator.py
[2023-11-11T17:31:57.379+0000] {processor.py:766} INFO - DAG(s) dict_keys(['example_branch_datetime_operator_3', 'example_branch_datetime_operator', 'example_branch_datetime_operator_2']) retrieved from /home/airflow/.local/lib/python3.7/site-packages/airflow/example_dags/example_branch_datetime_operator.py
[2023-11-11T17:31:57.482+0000] {logging_mixin.py:120} INFO - [2023-11-11T17:31:57.481+0000] {dag.py:2585} INFO - Sync 3 DAGs
[2023-11-11T17:31:57.544+0000] {logging_mixin.py:120} INFO - [2023-11-11T17:31:57.544+0000] {dag.py:3340} INFO - Setting next_dagrun for example_branch_datetime_operator to 2023-11-10T00:00:00+00:00, run_after=2023-11-11T00:00:00+00:00
[2023-11-11T17:31:57.557+0000] {logging_mixin.py:120} INFO - [2023-11-11T17:31:57.556+0000] {dag.py:3340} INFO - Setting next_dagrun for example_branch_datetime_operator_2 to 2023-11-10T00:00:00+00:00, run_after=2023-11-11T00:00:00+00:00
[2023-11-11T17:31:57.564+0000] {logging_mixin.py:120} INFO - [2023-11-11T17:31:57.563+0000] {dag.py:3340} INFO - Setting next_dagrun for example_branch_datetime_operator_3 to 2023-11-10T00:00:00+00:00, run_after=2023-11-11T00:00:00+00:00
[2023-11-11T17:31:57.628+0000] {processor.py:176} INFO - Processing /home/airflow/.local/lib/python3.7/site-packages/airflow/example_dags/example_branch_datetime_operator.py took 0.294 seconds
[2023-11-11T17:32:27.904+0000] {processor.py:154} INFO - Started process (PID=376) to work on /home/airflow/.local/lib/python3.7/site-packages/airflow/example_dags/example_branch_datetime_operator.py
[2023-11-11T17:32:27.905+0000] {processor.py:756} INFO - Processing file /home/airflow/.local/lib/python3.7/site-packages/airflow/example_dags/example_branch_datetime_operator.py for tasks to queue
[2023-11-11T17:32:27.907+0000] {logging_mixin.py:120} INFO - [2023-11-11T17:32:27.907+0000] {dagbag.py:537} INFO - Filling up the DagBag from /home/airflow/.local/lib/python3.7/site-packages/airflow/example_dags/example_branch_datetime_operator.py
[2023-11-11T17:32:27.947+0000] {processor.py:766} INFO - DAG(s) dict_keys(['example_branch_datetime_operator_2', 'example_branch_datetime_operator', 'example_branch_datetime_operator_3']) retrieved from /home/airflow/.local/lib/python3.7/site-packages/airflow/example_dags/example_branch_datetime_operator.py
[2023-11-11T17:32:28.038+0000] {logging_mixin.py:120} INFO - [2023-11-11T17:32:28.038+0000] {dag.py:2585} INFO - Sync 3 DAGs
[2023-11-11T17:32:28.095+0000] {logging_mixin.py:120} INFO - [2023-11-11T17:32:28.095+0000] {dag.py:3340} INFO - Setting next_dagrun for example_branch_datetime_operator to 2023-11-10T00:00:00+00:00, run_after=2023-11-11T00:00:00+00:00
[2023-11-11T17:32:28.105+0000] {logging_mixin.py:120} INFO - [2023-11-11T17:32:28.105+0000] {dag.py:3340} INFO - Setting next_dagrun for example_branch_datetime_operator_2 to 2023-11-10T00:00:00+00:00, run_after=2023-11-11T00:00:00+00:00
[2023-11-11T17:32:28.109+0000] {logging_mixin.py:120} INFO - [2023-11-11T17:32:28.109+0000] {dag.py:3340} INFO - Setting next_dagrun for example_branch_datetime_operator_3 to 2023-11-10T00:00:00+00:00, run_after=2023-11-11T00:00:00+00:00
[2023-11-11T17:32:28.140+0000] {processor.py:176} INFO - Processing /home/airflow/.local/lib/python3.7/site-packages/airflow/example_dags/example_branch_datetime_operator.py took 0.241 seconds
[2023-11-11T17:32:58.362+0000] {processor.py:154} INFO - Started process (PID=430) to work on /home/airflow/.local/lib/python3.7/site-packages/airflow/example_dags/example_branch_datetime_operator.py
[2023-11-11T17:32:58.363+0000] {processor.py:756} INFO - Processing file /home/airflow/.local/lib/python3.7/site-packages/airflow/example_dags/example_branch_datetime_operator.py for tasks to queue
[2023-11-11T17:32:58.364+0000] {logging_mixin.py:120} INFO - [2023-11-11T17:32:58.364+0000] {dagbag.py:537} INFO - Filling up the DagBag from /home/airflow/.local/lib/python3.7/site-packages/airflow/example_dags/example_branch_datetime_operator.py
[2023-11-11T17:32:58.389+0000] {processor.py:766} INFO - DAG(s) dict_keys(['example_branch_datetime_operator_3', 'example_branch_datetime_operator_2', 'example_branch_datetime_operator']) retrieved from /home/airflow/.local/lib/python3.7/site-packages/airflow/example_dags/example_branch_datetime_operator.py
[2023-11-11T17:32:58.462+0000] {logging_mixin.py:120} INFO - [2023-11-11T17:32:58.462+0000] {dag.py:2585} INFO - Sync 3 DAGs
[2023-11-11T17:32:58.503+0000] {logging_mixin.py:120} INFO - [2023-11-11T17:32:58.503+0000] {dag.py:3340} INFO - Setting next_dagrun for example_branch_datetime_operator to 2023-11-10T00:00:00+00:00, run_after=2023-11-11T00:00:00+00:00
[2023-11-11T17:32:58.511+0000] {logging_mixin.py:120} INFO - [2023-11-11T17:32:58.511+0000] {dag.py:3340} INFO - Setting next_dagrun for example_branch_datetime_operator_2 to 2023-11-10T00:00:00+00:00, run_after=2023-11-11T00:00:00+00:00
[2023-11-11T17:32:58.515+0000] {logging_mixin.py:120} INFO - [2023-11-11T17:32:58.515+0000] {dag.py:3340} INFO - Setting next_dagrun for example_branch_datetime_operator_3 to 2023-11-10T00:00:00+00:00, run_after=2023-11-11T00:00:00+00:00
[2023-11-11T17:32:58.539+0000] {processor.py:176} INFO - Processing /home/airflow/.local/lib/python3.7/site-packages/airflow/example_dags/example_branch_datetime_operator.py took 0.180 seconds
[2023-11-11T17:33:28.814+0000] {processor.py:154} INFO - Started process (PID=484) to work on /home/airflow/.local/lib/python3.7/site-packages/airflow/example_dags/example_branch_datetime_operator.py
[2023-11-11T17:33:28.816+0000] {processor.py:756} INFO - Processing file /home/airflow/.local/lib/python3.7/site-packages/airflow/example_dags/example_branch_datetime_operator.py for tasks to queue
[2023-11-11T17:33:28.820+0000] {logging_mixin.py:120} INFO - [2023-11-11T17:33:28.820+0000] {dagbag.py:537} INFO - Filling up the DagBag from /home/airflow/.local/lib/python3.7/site-packages/airflow/example_dags/example_branch_datetime_operator.py
[2023-11-11T17:33:28.849+0000] {processor.py:766} INFO - DAG(s) dict_keys(['example_branch_datetime_operator', 'example_branch_datetime_operator_3', 'example_branch_datetime_operator_2']) retrieved from /home/airflow/.local/lib/python3.7/site-packages/airflow/example_dags/example_branch_datetime_operator.py
[2023-11-11T17:33:28.930+0000] {logging_mixin.py:120} INFO - [2023-11-11T17:33:28.930+0000] {dag.py:2585} INFO - Sync 3 DAGs
[2023-11-11T17:33:28.998+0000] {logging_mixin.py:120} INFO - [2023-11-11T17:33:28.997+0000] {dag.py:3340} INFO - Setting next_dagrun for example_branch_datetime_operator to 2023-11-10T00:00:00+00:00, run_after=2023-11-11T00:00:00+00:00
[2023-11-11T17:33:29.008+0000] {logging_mixin.py:120} INFO - [2023-11-11T17:33:29.007+0000] {dag.py:3340} INFO - Setting next_dagrun for example_branch_datetime_operator_2 to 2023-11-10T00:00:00+00:00, run_after=2023-11-11T00:00:00+00:00
[2023-11-11T17:33:29.011+0000] {logging_mixin.py:120} INFO - [2023-11-11T17:33:29.011+0000] {dag.py:3340} INFO - Setting next_dagrun for example_branch_datetime_operator_3 to 2023-11-10T00:00:00+00:00, run_after=2023-11-11T00:00:00+00:00
[2023-11-11T17:33:29.041+0000] {processor.py:176} INFO - Processing /home/airflow/.local/lib/python3.7/site-packages/airflow/example_dags/example_branch_datetime_operator.py took 0.230 seconds
[2023-11-11T17:33:59.146+0000] {processor.py:154} INFO - Started process (PID=549) to work on /home/airflow/.local/lib/python3.7/site-packages/airflow/example_dags/example_branch_datetime_operator.py
[2023-11-11T17:33:59.148+0000] {processor.py:756} INFO - Processing file /home/airflow/.local/lib/python3.7/site-packages/airflow/example_dags/example_branch_datetime_operator.py for tasks to queue
[2023-11-11T17:33:59.150+0000] {logging_mixin.py:120} INFO - [2023-11-11T17:33:59.150+0000] {dagbag.py:537} INFO - Filling up the DagBag from /home/airflow/.local/lib/python3.7/site-packages/airflow/example_dags/example_branch_datetime_operator.py
[2023-11-11T17:33:59.190+0000] {processor.py:766} INFO - DAG(s) dict_keys(['example_branch_datetime_operator', 'example_branch_datetime_operator_3', 'example_branch_datetime_operator_2']) retrieved from /home/airflow/.local/lib/python3.7/site-packages/airflow/example_dags/example_branch_datetime_operator.py
[2023-11-11T17:33:59.309+0000] {logging_mixin.py:120} INFO - [2023-11-11T17:33:59.309+0000] {dag.py:2585} INFO - Sync 3 DAGs
[2023-11-11T17:33:59.377+0000] {logging_mixin.py:120} INFO - [2023-11-11T17:33:59.377+0000] {dag.py:3340} INFO - Setting next_dagrun for example_branch_datetime_operator to 2023-11-10T00:00:00+00:00, run_after=2023-11-11T00:00:00+00:00
[2023-11-11T17:33:59.391+0000] {logging_mixin.py:120} INFO - [2023-11-11T17:33:59.390+0000] {dag.py:3340} INFO - Setting next_dagrun for example_branch_datetime_operator_2 to 2023-11-10T00:00:00+00:00, run_after=2023-11-11T00:00:00+00:00
[2023-11-11T17:33:59.399+0000] {logging_mixin.py:120} INFO - [2023-11-11T17:33:59.398+0000] {dag.py:3340} INFO - Setting next_dagrun for example_branch_datetime_operator_3 to 2023-11-10T00:00:00+00:00, run_after=2023-11-11T00:00:00+00:00
[2023-11-11T17:33:59.437+0000] {processor.py:176} INFO - Processing /home/airflow/.local/lib/python3.7/site-packages/airflow/example_dags/example_branch_datetime_operator.py took 0.298 seconds
[2023-11-11T17:34:29.589+0000] {processor.py:154} INFO - Started process (PID=603) to work on /home/airflow/.local/lib/python3.7/site-packages/airflow/example_dags/example_branch_datetime_operator.py
[2023-11-11T17:34:29.591+0000] {processor.py:756} INFO - Processing file /home/airflow/.local/lib/python3.7/site-packages/airflow/example_dags/example_branch_datetime_operator.py for tasks to queue
[2023-11-11T17:34:29.591+0000] {logging_mixin.py:120} INFO - [2023-11-11T17:34:29.591+0000] {dagbag.py:537} INFO - Filling up the DagBag from /home/airflow/.local/lib/python3.7/site-packages/airflow/example_dags/example_branch_datetime_operator.py
[2023-11-11T17:34:29.615+0000] {processor.py:766} INFO - DAG(s) dict_keys(['example_branch_datetime_operator_2', 'example_branch_datetime_operator_3', 'example_branch_datetime_operator']) retrieved from /home/airflow/.local/lib/python3.7/site-packages/airflow/example_dags/example_branch_datetime_operator.py
[2023-11-11T17:34:29.680+0000] {logging_mixin.py:120} INFO - [2023-11-11T17:34:29.680+0000] {dag.py:2585} INFO - Sync 3 DAGs
[2023-11-11T17:34:29.720+0000] {logging_mixin.py:120} INFO - [2023-11-11T17:34:29.720+0000] {dag.py:3340} INFO - Setting next_dagrun for example_branch_datetime_operator to 2023-11-10T00:00:00+00:00, run_after=2023-11-11T00:00:00+00:00
[2023-11-11T17:34:29.729+0000] {logging_mixin.py:120} INFO - [2023-11-11T17:34:29.729+0000] {dag.py:3340} INFO - Setting next_dagrun for example_branch_datetime_operator_2 to 2023-11-10T00:00:00+00:00, run_after=2023-11-11T00:00:00+00:00
[2023-11-11T17:34:29.732+0000] {logging_mixin.py:120} INFO - [2023-11-11T17:34:29.732+0000] {dag.py:3340} INFO - Setting next_dagrun for example_branch_datetime_operator_3 to 2023-11-10T00:00:00+00:00, run_after=2023-11-11T00:00:00+00:00
[2023-11-11T17:34:29.758+0000] {processor.py:176} INFO - Processing /home/airflow/.local/lib/python3.7/site-packages/airflow/example_dags/example_branch_datetime_operator.py took 0.174 seconds
[2023-11-11T17:35:00.292+0000] {processor.py:154} INFO - Started process (PID=658) to work on /home/airflow/.local/lib/python3.7/site-packages/airflow/example_dags/example_branch_datetime_operator.py
[2023-11-11T17:35:00.294+0000] {processor.py:756} INFO - Processing file /home/airflow/.local/lib/python3.7/site-packages/airflow/example_dags/example_branch_datetime_operator.py for tasks to queue
[2023-11-11T17:35:00.295+0000] {logging_mixin.py:120} INFO - [2023-11-11T17:35:00.294+0000] {dagbag.py:537} INFO - Filling up the DagBag from /home/airflow/.local/lib/python3.7/site-packages/airflow/example_dags/example_branch_datetime_operator.py
[2023-11-11T17:35:00.329+0000] {processor.py:766} INFO - DAG(s) dict_keys(['example_branch_datetime_operator', 'example_branch_datetime_operator_3', 'example_branch_datetime_operator_2']) retrieved from /home/airflow/.local/lib/python3.7/site-packages/airflow/example_dags/example_branch_datetime_operator.py
[2023-11-11T17:35:00.410+0000] {logging_mixin.py:120} INFO - [2023-11-11T17:35:00.410+0000] {dag.py:2585} INFO - Sync 3 DAGs
[2023-11-11T17:35:00.464+0000] {logging_mixin.py:120} INFO - [2023-11-11T17:35:00.463+0000] {dag.py:3340} INFO - Setting next_dagrun for example_branch_datetime_operator to 2023-11-10T00:00:00+00:00, run_after=2023-11-11T00:00:00+00:00
[2023-11-11T17:35:00.474+0000] {logging_mixin.py:120} INFO - [2023-11-11T17:35:00.473+0000] {dag.py:3340} INFO - Setting next_dagrun for example_branch_datetime_operator_2 to 2023-11-10T00:00:00+00:00, run_after=2023-11-11T00:00:00+00:00
[2023-11-11T17:35:00.483+0000] {logging_mixin.py:120} INFO - [2023-11-11T17:35:00.483+0000] {dag.py:3340} INFO - Setting next_dagrun for example_branch_datetime_operator_3 to 2023-11-10T00:00:00+00:00, run_after=2023-11-11T00:00:00+00:00
[2023-11-11T17:35:00.512+0000] {processor.py:176} INFO - Processing /home/airflow/.local/lib/python3.7/site-packages/airflow/example_dags/example_branch_datetime_operator.py took 0.225 seconds
[2023-11-11T17:35:30.774+0000] {processor.py:154} INFO - Started process (PID=721) to work on /home/airflow/.local/lib/python3.7/site-packages/airflow/example_dags/example_branch_datetime_operator.py
[2023-11-11T17:35:30.776+0000] {processor.py:756} INFO - Processing file /home/airflow/.local/lib/python3.7/site-packages/airflow/example_dags/example_branch_datetime_operator.py for tasks to queue
[2023-11-11T17:35:30.777+0000] {logging_mixin.py:120} INFO - [2023-11-11T17:35:30.777+0000] {dagbag.py:537} INFO - Filling up the DagBag from /home/airflow/.local/lib/python3.7/site-packages/airflow/example_dags/example_branch_datetime_operator.py
[2023-11-11T17:35:30.816+0000] {processor.py:766} INFO - DAG(s) dict_keys(['example_branch_datetime_operator_3', 'example_branch_datetime_operator', 'example_branch_datetime_operator_2']) retrieved from /home/airflow/.local/lib/python3.7/site-packages/airflow/example_dags/example_branch_datetime_operator.py
[2023-11-11T17:35:30.883+0000] {logging_mixin.py:120} INFO - [2023-11-11T17:35:30.883+0000] {dag.py:2585} INFO - Sync 3 DAGs
[2023-11-11T17:35:30.918+0000] {logging_mixin.py:120} INFO - [2023-11-11T17:35:30.918+0000] {dag.py:3340} INFO - Setting next_dagrun for example_branch_datetime_operator to 2023-11-10T00:00:00+00:00, run_after=2023-11-11T00:00:00+00:00
[2023-11-11T17:35:30.927+0000] {logging_mixin.py:120} INFO - [2023-11-11T17:35:30.926+0000] {dag.py:3340} INFO - Setting next_dagrun for example_branch_datetime_operator_2 to 2023-11-10T00:00:00+00:00, run_after=2023-11-11T00:00:00+00:00
[2023-11-11T17:35:30.932+0000] {logging_mixin.py:120} INFO - [2023-11-11T17:35:30.932+0000] {dag.py:3340} INFO - Setting next_dagrun for example_branch_datetime_operator_3 to 2023-11-10T00:00:00+00:00, run_after=2023-11-11T00:00:00+00:00
[2023-11-11T17:35:30.960+0000] {processor.py:176} INFO - Processing /home/airflow/.local/lib/python3.7/site-packages/airflow/example_dags/example_branch_datetime_operator.py took 0.192 seconds
[2023-11-11T17:36:01.228+0000] {processor.py:154} INFO - Started process (PID=775) to work on /home/airflow/.local/lib/python3.7/site-packages/airflow/example_dags/example_branch_datetime_operator.py
[2023-11-11T17:36:01.229+0000] {processor.py:756} INFO - Processing file /home/airflow/.local/lib/python3.7/site-packages/airflow/example_dags/example_branch_datetime_operator.py for tasks to queue
[2023-11-11T17:36:01.230+0000] {logging_mixin.py:120} INFO - [2023-11-11T17:36:01.230+0000] {dagbag.py:537} INFO - Filling up the DagBag from /home/airflow/.local/lib/python3.7/site-packages/airflow/example_dags/example_branch_datetime_operator.py
[2023-11-11T17:36:01.263+0000] {processor.py:766} INFO - DAG(s) dict_keys(['example_branch_datetime_operator_2', 'example_branch_datetime_operator_3', 'example_branch_datetime_operator']) retrieved from /home/airflow/.local/lib/python3.7/site-packages/airflow/example_dags/example_branch_datetime_operator.py
[2023-11-11T17:36:01.348+0000] {logging_mixin.py:120} INFO - [2023-11-11T17:36:01.348+0000] {dag.py:2585} INFO - Sync 3 DAGs
[2023-11-11T17:36:01.394+0000] {logging_mixin.py:120} INFO - [2023-11-11T17:36:01.393+0000] {dag.py:3340} INFO - Setting next_dagrun for example_branch_datetime_operator to 2023-11-10T00:00:00+00:00, run_after=2023-11-11T00:00:00+00:00
[2023-11-11T17:36:01.405+0000] {logging_mixin.py:120} INFO - [2023-11-11T17:36:01.405+0000] {dag.py:3340} INFO - Setting next_dagrun for example_branch_datetime_operator_2 to 2023-11-10T00:00:00+00:00, run_after=2023-11-11T00:00:00+00:00
[2023-11-11T17:36:01.411+0000] {logging_mixin.py:120} INFO - [2023-11-11T17:36:01.410+0000] {dag.py:3340} INFO - Setting next_dagrun for example_branch_datetime_operator_3 to 2023-11-10T00:00:00+00:00, run_after=2023-11-11T00:00:00+00:00
[2023-11-11T17:36:01.456+0000] {processor.py:176} INFO - Processing /home/airflow/.local/lib/python3.7/site-packages/airflow/example_dags/example_branch_datetime_operator.py took 0.234 seconds
[2023-11-11T17:36:31.989+0000] {processor.py:154} INFO - Started process (PID=838) to work on /home/airflow/.local/lib/python3.7/site-packages/airflow/example_dags/example_branch_datetime_operator.py
[2023-11-11T17:36:31.992+0000] {processor.py:756} INFO - Processing file /home/airflow/.local/lib/python3.7/site-packages/airflow/example_dags/example_branch_datetime_operator.py for tasks to queue
[2023-11-11T17:36:31.993+0000] {logging_mixin.py:120} INFO - [2023-11-11T17:36:31.993+0000] {dagbag.py:537} INFO - Filling up the DagBag from /home/airflow/.local/lib/python3.7/site-packages/airflow/example_dags/example_branch_datetime_operator.py
[2023-11-11T17:36:32.062+0000] {processor.py:766} INFO - DAG(s) dict_keys(['example_branch_datetime_operator_2', 'example_branch_datetime_operator', 'example_branch_datetime_operator_3']) retrieved from /home/airflow/.local/lib/python3.7/site-packages/airflow/example_dags/example_branch_datetime_operator.py
[2023-11-11T17:36:32.224+0000] {logging_mixin.py:120} INFO - [2023-11-11T17:36:32.223+0000] {dag.py:2585} INFO - Sync 3 DAGs
[2023-11-11T17:36:32.282+0000] {logging_mixin.py:120} INFO - [2023-11-11T17:36:32.281+0000] {dag.py:3340} INFO - Setting next_dagrun for example_branch_datetime_operator to 2023-11-10T00:00:00+00:00, run_after=2023-11-11T00:00:00+00:00
[2023-11-11T17:36:32.296+0000] {logging_mixin.py:120} INFO - [2023-11-11T17:36:32.295+0000] {dag.py:3340} INFO - Setting next_dagrun for example_branch_datetime_operator_2 to 2023-11-10T00:00:00+00:00, run_after=2023-11-11T00:00:00+00:00
[2023-11-11T17:36:32.302+0000] {logging_mixin.py:120} INFO - [2023-11-11T17:36:32.302+0000] {dag.py:3340} INFO - Setting next_dagrun for example_branch_datetime_operator_3 to 2023-11-10T00:00:00+00:00, run_after=2023-11-11T00:00:00+00:00
[2023-11-11T17:36:32.358+0000] {processor.py:176} INFO - Processing /home/airflow/.local/lib/python3.7/site-packages/airflow/example_dags/example_branch_datetime_operator.py took 0.387 seconds
[2023-11-11T17:37:02.475+0000] {processor.py:154} INFO - Started process (PID=892) to work on /home/airflow/.local/lib/python3.7/site-packages/airflow/example_dags/example_branch_datetime_operator.py
[2023-11-11T17:37:02.476+0000] {processor.py:756} INFO - Processing file /home/airflow/.local/lib/python3.7/site-packages/airflow/example_dags/example_branch_datetime_operator.py for tasks to queue
[2023-11-11T17:37:02.477+0000] {logging_mixin.py:120} INFO - [2023-11-11T17:37:02.477+0000] {dagbag.py:537} INFO - Filling up the DagBag from /home/airflow/.local/lib/python3.7/site-packages/airflow/example_dags/example_branch_datetime_operator.py
[2023-11-11T17:37:02.522+0000] {processor.py:766} INFO - DAG(s) dict_keys(['example_branch_datetime_operator_3', 'example_branch_datetime_operator', 'example_branch_datetime_operator_2']) retrieved from /home/airflow/.local/lib/python3.7/site-packages/airflow/example_dags/example_branch_datetime_operator.py
[2023-11-11T17:37:02.646+0000] {logging_mixin.py:120} INFO - [2023-11-11T17:37:02.646+0000] {dag.py:2585} INFO - Sync 3 DAGs
[2023-11-11T17:37:02.718+0000] {logging_mixin.py:120} INFO - [2023-11-11T17:37:02.718+0000] {dag.py:3340} INFO - Setting next_dagrun for example_branch_datetime_operator to 2023-11-10T00:00:00+00:00, run_after=2023-11-11T00:00:00+00:00
[2023-11-11T17:37:02.729+0000] {logging_mixin.py:120} INFO - [2023-11-11T17:37:02.729+0000] {dag.py:3340} INFO - Setting next_dagrun for example_branch_datetime_operator_2 to 2023-11-10T00:00:00+00:00, run_after=2023-11-11T00:00:00+00:00
[2023-11-11T17:37:02.735+0000] {logging_mixin.py:120} INFO - [2023-11-11T17:37:02.735+0000] {dag.py:3340} INFO - Setting next_dagrun for example_branch_datetime_operator_3 to 2023-11-10T00:00:00+00:00, run_after=2023-11-11T00:00:00+00:00
[2023-11-11T17:37:02.780+0000] {processor.py:176} INFO - Processing /home/airflow/.local/lib/python3.7/site-packages/airflow/example_dags/example_branch_datetime_operator.py took 0.316 seconds
[2023-11-11T17:37:33.563+0000] {processor.py:154} INFO - Started process (PID=955) to work on /home/airflow/.local/lib/python3.7/site-packages/airflow/example_dags/example_branch_datetime_operator.py
[2023-11-11T17:37:33.571+0000] {processor.py:756} INFO - Processing file /home/airflow/.local/lib/python3.7/site-packages/airflow/example_dags/example_branch_datetime_operator.py for tasks to queue
[2023-11-11T17:37:33.572+0000] {logging_mixin.py:120} INFO - [2023-11-11T17:37:33.572+0000] {dagbag.py:537} INFO - Filling up the DagBag from /home/airflow/.local/lib/python3.7/site-packages/airflow/example_dags/example_branch_datetime_operator.py
[2023-11-11T17:37:33.618+0000] {processor.py:766} INFO - DAG(s) dict_keys(['example_branch_datetime_operator_2', 'example_branch_datetime_operator_3', 'example_branch_datetime_operator']) retrieved from /home/airflow/.local/lib/python3.7/site-packages/airflow/example_dags/example_branch_datetime_operator.py
[2023-11-11T17:37:33.727+0000] {logging_mixin.py:120} INFO - [2023-11-11T17:37:33.727+0000] {dag.py:2585} INFO - Sync 3 DAGs
[2023-11-11T17:37:33.785+0000] {logging_mixin.py:120} INFO - [2023-11-11T17:37:33.785+0000] {dag.py:3340} INFO - Setting next_dagrun for example_branch_datetime_operator to 2023-11-10T00:00:00+00:00, run_after=2023-11-11T00:00:00+00:00
[2023-11-11T17:37:33.793+0000] {logging_mixin.py:120} INFO - [2023-11-11T17:37:33.793+0000] {dag.py:3340} INFO - Setting next_dagrun for example_branch_datetime_operator_2 to 2023-11-10T00:00:00+00:00, run_after=2023-11-11T00:00:00+00:00
[2023-11-11T17:37:33.798+0000] {logging_mixin.py:120} INFO - [2023-11-11T17:37:33.798+0000] {dag.py:3340} INFO - Setting next_dagrun for example_branch_datetime_operator_3 to 2023-11-10T00:00:00+00:00, run_after=2023-11-11T00:00:00+00:00
[2023-11-11T17:37:33.819+0000] {processor.py:176} INFO - Processing /home/airflow/.local/lib/python3.7/site-packages/airflow/example_dags/example_branch_datetime_operator.py took 0.262 seconds
[2023-11-11T17:38:04.116+0000] {processor.py:154} INFO - Started process (PID=1009) to work on /home/airflow/.local/lib/python3.7/site-packages/airflow/example_dags/example_branch_datetime_operator.py
[2023-11-11T17:38:04.118+0000] {processor.py:756} INFO - Processing file /home/airflow/.local/lib/python3.7/site-packages/airflow/example_dags/example_branch_datetime_operator.py for tasks to queue
[2023-11-11T17:38:04.119+0000] {logging_mixin.py:120} INFO - [2023-11-11T17:38:04.119+0000] {dagbag.py:537} INFO - Filling up the DagBag from /home/airflow/.local/lib/python3.7/site-packages/airflow/example_dags/example_branch_datetime_operator.py
[2023-11-11T17:38:04.163+0000] {processor.py:766} INFO - DAG(s) dict_keys(['example_branch_datetime_operator_2', 'example_branch_datetime_operator', 'example_branch_datetime_operator_3']) retrieved from /home/airflow/.local/lib/python3.7/site-packages/airflow/example_dags/example_branch_datetime_operator.py
[2023-11-11T17:38:04.261+0000] {logging_mixin.py:120} INFO - [2023-11-11T17:38:04.261+0000] {dag.py:2585} INFO - Sync 3 DAGs
[2023-11-11T17:38:04.314+0000] {logging_mixin.py:120} INFO - [2023-11-11T17:38:04.313+0000] {dag.py:3340} INFO - Setting next_dagrun for example_branch_datetime_operator to 2023-11-10T00:00:00+00:00, run_after=2023-11-11T00:00:00+00:00
[2023-11-11T17:38:04.326+0000] {logging_mixin.py:120} INFO - [2023-11-11T17:38:04.326+0000] {dag.py:3340} INFO - Setting next_dagrun for example_branch_datetime_operator_2 to 2023-11-10T00:00:00+00:00, run_after=2023-11-11T00:00:00+00:00
[2023-11-11T17:38:04.330+0000] {logging_mixin.py:120} INFO - [2023-11-11T17:38:04.330+0000] {dag.py:3340} INFO - Setting next_dagrun for example_branch_datetime_operator_3 to 2023-11-10T00:00:00+00:00, run_after=2023-11-11T00:00:00+00:00
[2023-11-11T17:38:04.368+0000] {processor.py:176} INFO - Processing /home/airflow/.local/lib/python3.7/site-packages/airflow/example_dags/example_branch_datetime_operator.py took 0.259 seconds
[2023-11-11T17:38:34.660+0000] {processor.py:154} INFO - Started process (PID=1072) to work on /home/airflow/.local/lib/python3.7/site-packages/airflow/example_dags/example_branch_datetime_operator.py
[2023-11-11T17:38:34.665+0000] {processor.py:756} INFO - Processing file /home/airflow/.local/lib/python3.7/site-packages/airflow/example_dags/example_branch_datetime_operator.py for tasks to queue
[2023-11-11T17:38:34.666+0000] {logging_mixin.py:120} INFO - [2023-11-11T17:38:34.666+0000] {dagbag.py:537} INFO - Filling up the DagBag from /home/airflow/.local/lib/python3.7/site-packages/airflow/example_dags/example_branch_datetime_operator.py
[2023-11-11T17:38:34.702+0000] {processor.py:766} INFO - DAG(s) dict_keys(['example_branch_datetime_operator', 'example_branch_datetime_operator_2', 'example_branch_datetime_operator_3']) retrieved from /home/airflow/.local/lib/python3.7/site-packages/airflow/example_dags/example_branch_datetime_operator.py
[2023-11-11T17:38:34.781+0000] {logging_mixin.py:120} INFO - [2023-11-11T17:38:34.781+0000] {dag.py:2585} INFO - Sync 3 DAGs
[2023-11-11T17:38:34.832+0000] {logging_mixin.py:120} INFO - [2023-11-11T17:38:34.832+0000] {dag.py:3340} INFO - Setting next_dagrun for example_branch_datetime_operator to 2023-11-10T00:00:00+00:00, run_after=2023-11-11T00:00:00+00:00
[2023-11-11T17:38:34.840+0000] {logging_mixin.py:120} INFO - [2023-11-11T17:38:34.840+0000] {dag.py:3340} INFO - Setting next_dagrun for example_branch_datetime_operator_2 to 2023-11-10T00:00:00+00:00, run_after=2023-11-11T00:00:00+00:00
[2023-11-11T17:38:34.844+0000] {logging_mixin.py:120} INFO - [2023-11-11T17:38:34.844+0000] {dag.py:3340} INFO - Setting next_dagrun for example_branch_datetime_operator_3 to 2023-11-10T00:00:00+00:00, run_after=2023-11-11T00:00:00+00:00
[2023-11-11T17:38:34.878+0000] {processor.py:176} INFO - Processing /home/airflow/.local/lib/python3.7/site-packages/airflow/example_dags/example_branch_datetime_operator.py took 0.222 seconds
[2023-11-11T17:39:05.095+0000] {processor.py:154} INFO - Started process (PID=1127) to work on /home/airflow/.local/lib/python3.7/site-packages/airflow/example_dags/example_branch_datetime_operator.py
[2023-11-11T17:39:05.096+0000] {processor.py:756} INFO - Processing file /home/airflow/.local/lib/python3.7/site-packages/airflow/example_dags/example_branch_datetime_operator.py for tasks to queue
[2023-11-11T17:39:05.098+0000] {logging_mixin.py:120} INFO - [2023-11-11T17:39:05.097+0000] {dagbag.py:537} INFO - Filling up the DagBag from /home/airflow/.local/lib/python3.7/site-packages/airflow/example_dags/example_branch_datetime_operator.py
[2023-11-11T17:39:05.138+0000] {processor.py:766} INFO - DAG(s) dict_keys(['example_branch_datetime_operator_2', 'example_branch_datetime_operator', 'example_branch_datetime_operator_3']) retrieved from /home/airflow/.local/lib/python3.7/site-packages/airflow/example_dags/example_branch_datetime_operator.py
[2023-11-11T17:39:05.213+0000] {logging_mixin.py:120} INFO - [2023-11-11T17:39:05.213+0000] {dag.py:2585} INFO - Sync 3 DAGs
[2023-11-11T17:39:05.262+0000] {logging_mixin.py:120} INFO - [2023-11-11T17:39:05.261+0000] {dag.py:3340} INFO - Setting next_dagrun for example_branch_datetime_operator to 2023-11-10T00:00:00+00:00, run_after=2023-11-11T00:00:00+00:00
[2023-11-11T17:39:05.270+0000] {logging_mixin.py:120} INFO - [2023-11-11T17:39:05.270+0000] {dag.py:3340} INFO - Setting next_dagrun for example_branch_datetime_operator_2 to 2023-11-10T00:00:00+00:00, run_after=2023-11-11T00:00:00+00:00
[2023-11-11T17:39:05.274+0000] {logging_mixin.py:120} INFO - [2023-11-11T17:39:05.274+0000] {dag.py:3340} INFO - Setting next_dagrun for example_branch_datetime_operator_3 to 2023-11-10T00:00:00+00:00, run_after=2023-11-11T00:00:00+00:00
[2023-11-11T17:39:05.304+0000] {processor.py:176} INFO - Processing /home/airflow/.local/lib/python3.7/site-packages/airflow/example_dags/example_branch_datetime_operator.py took 0.216 seconds
[2023-11-11T17:39:35.830+0000] {processor.py:154} INFO - Started process (PID=1189) to work on /home/airflow/.local/lib/python3.7/site-packages/airflow/example_dags/example_branch_datetime_operator.py
[2023-11-11T17:39:35.833+0000] {processor.py:756} INFO - Processing file /home/airflow/.local/lib/python3.7/site-packages/airflow/example_dags/example_branch_datetime_operator.py for tasks to queue
[2023-11-11T17:39:35.834+0000] {logging_mixin.py:120} INFO - [2023-11-11T17:39:35.834+0000] {dagbag.py:537} INFO - Filling up the DagBag from /home/airflow/.local/lib/python3.7/site-packages/airflow/example_dags/example_branch_datetime_operator.py
[2023-11-11T17:39:35.865+0000] {processor.py:766} INFO - DAG(s) dict_keys(['example_branch_datetime_operator_3', 'example_branch_datetime_operator', 'example_branch_datetime_operator_2']) retrieved from /home/airflow/.local/lib/python3.7/site-packages/airflow/example_dags/example_branch_datetime_operator.py
[2023-11-11T17:39:35.934+0000] {logging_mixin.py:120} INFO - [2023-11-11T17:39:35.934+0000] {dag.py:2585} INFO - Sync 3 DAGs
[2023-11-11T17:39:35.979+0000] {logging_mixin.py:120} INFO - [2023-11-11T17:39:35.978+0000] {dag.py:3340} INFO - Setting next_dagrun for example_branch_datetime_operator to 2023-11-10T00:00:00+00:00, run_after=2023-11-11T00:00:00+00:00
[2023-11-11T17:39:35.986+0000] {logging_mixin.py:120} INFO - [2023-11-11T17:39:35.986+0000] {dag.py:3340} INFO - Setting next_dagrun for example_branch_datetime_operator_2 to 2023-11-10T00:00:00+00:00, run_after=2023-11-11T00:00:00+00:00
[2023-11-11T17:39:35.992+0000] {logging_mixin.py:120} INFO - [2023-11-11T17:39:35.992+0000] {dag.py:3340} INFO - Setting next_dagrun for example_branch_datetime_operator_3 to 2023-11-10T00:00:00+00:00, run_after=2023-11-11T00:00:00+00:00
[2023-11-11T17:39:36.023+0000] {processor.py:176} INFO - Processing /home/airflow/.local/lib/python3.7/site-packages/airflow/example_dags/example_branch_datetime_operator.py took 0.197 seconds
