[2023-11-11T17:02:03.808+0000] {processor.py:154} INFO - Started process (PID=55) to work on /home/airflow/.local/lib/python3.7/site-packages/airflow/example_dags/example_dag_decorator.py
[2023-11-11T17:02:03.809+0000] {processor.py:756} INFO - Processing file /home/airflow/.local/lib/python3.7/site-packages/airflow/example_dags/example_dag_decorator.py for tasks to queue
[2023-11-11T17:02:03.810+0000] {logging_mixin.py:120} INFO - [2023-11-11T17:02:03.810+0000] {dagbag.py:537} INFO - Filling up the DagBag from /home/airflow/.local/lib/python3.7/site-packages/airflow/example_dags/example_dag_decorator.py
[2023-11-11T17:02:03.860+0000] {logging_mixin.py:120} INFO - [2023-11-11T17:02:03.859+0000] {taskmixin.py:205} WARNING - Dependency <Task(_PythonDecoratedOperator): prepare_email>, send_email already registered for DAG: example_dag_decorator
[2023-11-11T17:02:03.860+0000] {logging_mixin.py:120} INFO - [2023-11-11T17:02:03.860+0000] {taskmixin.py:205} WARNING - Dependency <Task(EmailOperator): send_email>, prepare_email already registered for DAG: example_dag_decorator
[2023-11-11T17:02:03.925+0000] {processor.py:766} INFO - DAG(s) dict_keys(['example_dag_decorator']) retrieved from /home/airflow/.local/lib/python3.7/site-packages/airflow/example_dags/example_dag_decorator.py
[2023-11-11T17:02:04.157+0000] {logging_mixin.py:120} INFO - [2023-11-11T17:02:04.157+0000] {dag.py:2585} INFO - Sync 1 DAGs
[2023-11-11T17:02:04.200+0000] {logging_mixin.py:120} INFO - [2023-11-11T17:02:04.200+0000] {dag.py:3340} INFO - Setting next_dagrun for example_dag_decorator to None, run_after=None
[2023-11-11T17:02:04.258+0000] {processor.py:176} INFO - Processing /home/airflow/.local/lib/python3.7/site-packages/airflow/example_dags/example_dag_decorator.py took 0.456 seconds
[2023-11-11T17:02:36.383+0000] {processor.py:154} INFO - Started process (PID=118) to work on /home/airflow/.local/lib/python3.7/site-packages/airflow/example_dags/example_dag_decorator.py
[2023-11-11T17:02:36.385+0000] {processor.py:756} INFO - Processing file /home/airflow/.local/lib/python3.7/site-packages/airflow/example_dags/example_dag_decorator.py for tasks to queue
[2023-11-11T17:02:36.388+0000] {logging_mixin.py:120} INFO - [2023-11-11T17:02:36.387+0000] {dagbag.py:537} INFO - Filling up the DagBag from /home/airflow/.local/lib/python3.7/site-packages/airflow/example_dags/example_dag_decorator.py
[2023-11-11T17:02:36.419+0000] {logging_mixin.py:120} INFO - [2023-11-11T17:02:36.419+0000] {taskmixin.py:205} WARNING - Dependency <Task(_PythonDecoratedOperator): prepare_email>, send_email already registered for DAG: example_dag_decorator
[2023-11-11T17:02:36.419+0000] {logging_mixin.py:120} INFO - [2023-11-11T17:02:36.419+0000] {taskmixin.py:205} WARNING - Dependency <Task(EmailOperator): send_email>, prepare_email already registered for DAG: example_dag_decorator
[2023-11-11T17:02:36.447+0000] {processor.py:766} INFO - DAG(s) dict_keys(['example_dag_decorator']) retrieved from /home/airflow/.local/lib/python3.7/site-packages/airflow/example_dags/example_dag_decorator.py
[2023-11-11T17:02:36.664+0000] {logging_mixin.py:120} INFO - [2023-11-11T17:02:36.664+0000] {dag.py:2585} INFO - Sync 1 DAGs
[2023-11-11T17:02:36.723+0000] {logging_mixin.py:120} INFO - [2023-11-11T17:02:36.723+0000] {dag.py:3340} INFO - Setting next_dagrun for example_dag_decorator to None, run_after=None
[2023-11-11T17:02:36.821+0000] {processor.py:176} INFO - Processing /home/airflow/.local/lib/python3.7/site-packages/airflow/example_dags/example_dag_decorator.py took 0.446 seconds
[2023-11-11T17:03:07.597+0000] {processor.py:154} INFO - Started process (PID=173) to work on /home/airflow/.local/lib/python3.7/site-packages/airflow/example_dags/example_dag_decorator.py
[2023-11-11T17:03:07.602+0000] {processor.py:756} INFO - Processing file /home/airflow/.local/lib/python3.7/site-packages/airflow/example_dags/example_dag_decorator.py for tasks to queue
[2023-11-11T17:03:07.605+0000] {logging_mixin.py:120} INFO - [2023-11-11T17:03:07.604+0000] {dagbag.py:537} INFO - Filling up the DagBag from /home/airflow/.local/lib/python3.7/site-packages/airflow/example_dags/example_dag_decorator.py
[2023-11-11T17:03:07.663+0000] {logging_mixin.py:120} INFO - [2023-11-11T17:03:07.663+0000] {taskmixin.py:205} WARNING - Dependency <Task(_PythonDecoratedOperator): prepare_email>, send_email already registered for DAG: example_dag_decorator
[2023-11-11T17:03:07.667+0000] {logging_mixin.py:120} INFO - [2023-11-11T17:03:07.667+0000] {taskmixin.py:205} WARNING - Dependency <Task(EmailOperator): send_email>, prepare_email already registered for DAG: example_dag_decorator
[2023-11-11T17:03:07.710+0000] {processor.py:766} INFO - DAG(s) dict_keys(['example_dag_decorator']) retrieved from /home/airflow/.local/lib/python3.7/site-packages/airflow/example_dags/example_dag_decorator.py
[2023-11-11T17:03:08.069+0000] {logging_mixin.py:120} INFO - [2023-11-11T17:03:08.069+0000] {dag.py:2585} INFO - Sync 1 DAGs
[2023-11-11T17:03:08.165+0000] {logging_mixin.py:120} INFO - [2023-11-11T17:03:08.165+0000] {dag.py:3340} INFO - Setting next_dagrun for example_dag_decorator to None, run_after=None
[2023-11-11T17:03:08.317+0000] {processor.py:176} INFO - Processing /home/airflow/.local/lib/python3.7/site-packages/airflow/example_dags/example_dag_decorator.py took 0.726 seconds
[2023-11-11T17:03:39.035+0000] {processor.py:154} INFO - Started process (PID=227) to work on /home/airflow/.local/lib/python3.7/site-packages/airflow/example_dags/example_dag_decorator.py
[2023-11-11T17:03:39.037+0000] {processor.py:756} INFO - Processing file /home/airflow/.local/lib/python3.7/site-packages/airflow/example_dags/example_dag_decorator.py for tasks to queue
[2023-11-11T17:03:39.039+0000] {logging_mixin.py:120} INFO - [2023-11-11T17:03:39.038+0000] {dagbag.py:537} INFO - Filling up the DagBag from /home/airflow/.local/lib/python3.7/site-packages/airflow/example_dags/example_dag_decorator.py
[2023-11-11T17:03:39.083+0000] {logging_mixin.py:120} INFO - [2023-11-11T17:03:39.082+0000] {taskmixin.py:205} WARNING - Dependency <Task(_PythonDecoratedOperator): prepare_email>, send_email already registered for DAG: example_dag_decorator
[2023-11-11T17:03:39.083+0000] {logging_mixin.py:120} INFO - [2023-11-11T17:03:39.083+0000] {taskmixin.py:205} WARNING - Dependency <Task(EmailOperator): send_email>, prepare_email already registered for DAG: example_dag_decorator
[2023-11-11T17:03:39.115+0000] {processor.py:766} INFO - DAG(s) dict_keys(['example_dag_decorator']) retrieved from /home/airflow/.local/lib/python3.7/site-packages/airflow/example_dags/example_dag_decorator.py
[2023-11-11T17:03:39.305+0000] {logging_mixin.py:120} INFO - [2023-11-11T17:03:39.304+0000] {dag.py:2585} INFO - Sync 1 DAGs
[2023-11-11T17:03:39.373+0000] {logging_mixin.py:120} INFO - [2023-11-11T17:03:39.373+0000] {dag.py:3340} INFO - Setting next_dagrun for example_dag_decorator to None, run_after=None
[2023-11-11T17:03:39.426+0000] {processor.py:176} INFO - Processing /home/airflow/.local/lib/python3.7/site-packages/airflow/example_dags/example_dag_decorator.py took 0.405 seconds
[2023-11-11T17:04:09.713+0000] {processor.py:154} INFO - Started process (PID=291) to work on /home/airflow/.local/lib/python3.7/site-packages/airflow/example_dags/example_dag_decorator.py
[2023-11-11T17:04:09.714+0000] {processor.py:756} INFO - Processing file /home/airflow/.local/lib/python3.7/site-packages/airflow/example_dags/example_dag_decorator.py for tasks to queue
[2023-11-11T17:04:09.715+0000] {logging_mixin.py:120} INFO - [2023-11-11T17:04:09.714+0000] {dagbag.py:537} INFO - Filling up the DagBag from /home/airflow/.local/lib/python3.7/site-packages/airflow/example_dags/example_dag_decorator.py
[2023-11-11T17:04:09.734+0000] {logging_mixin.py:120} INFO - [2023-11-11T17:04:09.733+0000] {taskmixin.py:205} WARNING - Dependency <Task(_PythonDecoratedOperator): prepare_email>, send_email already registered for DAG: example_dag_decorator
[2023-11-11T17:04:09.734+0000] {logging_mixin.py:120} INFO - [2023-11-11T17:04:09.734+0000] {taskmixin.py:205} WARNING - Dependency <Task(EmailOperator): send_email>, prepare_email already registered for DAG: example_dag_decorator
[2023-11-11T17:04:09.750+0000] {processor.py:766} INFO - DAG(s) dict_keys(['example_dag_decorator']) retrieved from /home/airflow/.local/lib/python3.7/site-packages/airflow/example_dags/example_dag_decorator.py
[2023-11-11T17:04:09.851+0000] {logging_mixin.py:120} INFO - [2023-11-11T17:04:09.851+0000] {dag.py:2585} INFO - Sync 1 DAGs
[2023-11-11T17:04:09.893+0000] {logging_mixin.py:120} INFO - [2023-11-11T17:04:09.892+0000] {dag.py:3340} INFO - Setting next_dagrun for example_dag_decorator to None, run_after=None
[2023-11-11T17:04:09.928+0000] {processor.py:176} INFO - Processing /home/airflow/.local/lib/python3.7/site-packages/airflow/example_dags/example_dag_decorator.py took 0.218 seconds
[2023-11-11T17:04:40.552+0000] {processor.py:154} INFO - Started process (PID=345) to work on /home/airflow/.local/lib/python3.7/site-packages/airflow/example_dags/example_dag_decorator.py
[2023-11-11T17:04:40.554+0000] {processor.py:756} INFO - Processing file /home/airflow/.local/lib/python3.7/site-packages/airflow/example_dags/example_dag_decorator.py for tasks to queue
[2023-11-11T17:04:40.555+0000] {logging_mixin.py:120} INFO - [2023-11-11T17:04:40.555+0000] {dagbag.py:537} INFO - Filling up the DagBag from /home/airflow/.local/lib/python3.7/site-packages/airflow/example_dags/example_dag_decorator.py
[2023-11-11T17:04:40.575+0000] {logging_mixin.py:120} INFO - [2023-11-11T17:04:40.575+0000] {taskmixin.py:205} WARNING - Dependency <Task(_PythonDecoratedOperator): prepare_email>, send_email already registered for DAG: example_dag_decorator
[2023-11-11T17:04:40.576+0000] {logging_mixin.py:120} INFO - [2023-11-11T17:04:40.575+0000] {taskmixin.py:205} WARNING - Dependency <Task(EmailOperator): send_email>, prepare_email already registered for DAG: example_dag_decorator
[2023-11-11T17:04:40.590+0000] {processor.py:766} INFO - DAG(s) dict_keys(['example_dag_decorator']) retrieved from /home/airflow/.local/lib/python3.7/site-packages/airflow/example_dags/example_dag_decorator.py
[2023-11-11T17:04:40.690+0000] {logging_mixin.py:120} INFO - [2023-11-11T17:04:40.690+0000] {dag.py:2585} INFO - Sync 1 DAGs
[2023-11-11T17:04:40.719+0000] {logging_mixin.py:120} INFO - [2023-11-11T17:04:40.719+0000] {dag.py:3340} INFO - Setting next_dagrun for example_dag_decorator to None, run_after=None
[2023-11-11T17:04:40.744+0000] {processor.py:176} INFO - Processing /home/airflow/.local/lib/python3.7/site-packages/airflow/example_dags/example_dag_decorator.py took 0.194 seconds
[2023-11-11T17:05:11.211+0000] {processor.py:154} INFO - Started process (PID=408) to work on /home/airflow/.local/lib/python3.7/site-packages/airflow/example_dags/example_dag_decorator.py
[2023-11-11T17:05:11.212+0000] {processor.py:756} INFO - Processing file /home/airflow/.local/lib/python3.7/site-packages/airflow/example_dags/example_dag_decorator.py for tasks to queue
[2023-11-11T17:05:11.212+0000] {logging_mixin.py:120} INFO - [2023-11-11T17:05:11.212+0000] {dagbag.py:537} INFO - Filling up the DagBag from /home/airflow/.local/lib/python3.7/site-packages/airflow/example_dags/example_dag_decorator.py
[2023-11-11T17:05:11.230+0000] {logging_mixin.py:120} INFO - [2023-11-11T17:05:11.230+0000] {taskmixin.py:205} WARNING - Dependency <Task(_PythonDecoratedOperator): prepare_email>, send_email already registered for DAG: example_dag_decorator
[2023-11-11T17:05:11.231+0000] {logging_mixin.py:120} INFO - [2023-11-11T17:05:11.231+0000] {taskmixin.py:205} WARNING - Dependency <Task(EmailOperator): send_email>, prepare_email already registered for DAG: example_dag_decorator
[2023-11-11T17:05:11.246+0000] {processor.py:766} INFO - DAG(s) dict_keys(['example_dag_decorator']) retrieved from /home/airflow/.local/lib/python3.7/site-packages/airflow/example_dags/example_dag_decorator.py
[2023-11-11T17:05:11.349+0000] {logging_mixin.py:120} INFO - [2023-11-11T17:05:11.348+0000] {dag.py:2585} INFO - Sync 1 DAGs
[2023-11-11T17:05:11.379+0000] {logging_mixin.py:120} INFO - [2023-11-11T17:05:11.379+0000] {dag.py:3340} INFO - Setting next_dagrun for example_dag_decorator to None, run_after=None
[2023-11-11T17:05:11.405+0000] {processor.py:176} INFO - Processing /home/airflow/.local/lib/python3.7/site-packages/airflow/example_dags/example_dag_decorator.py took 0.200 seconds
[2023-11-11T17:05:41.650+0000] {processor.py:154} INFO - Started process (PID=471) to work on /home/airflow/.local/lib/python3.7/site-packages/airflow/example_dags/example_dag_decorator.py
[2023-11-11T17:05:41.652+0000] {processor.py:756} INFO - Processing file /home/airflow/.local/lib/python3.7/site-packages/airflow/example_dags/example_dag_decorator.py for tasks to queue
[2023-11-11T17:05:41.653+0000] {logging_mixin.py:120} INFO - [2023-11-11T17:05:41.653+0000] {dagbag.py:537} INFO - Filling up the DagBag from /home/airflow/.local/lib/python3.7/site-packages/airflow/example_dags/example_dag_decorator.py
[2023-11-11T17:05:41.679+0000] {logging_mixin.py:120} INFO - [2023-11-11T17:05:41.678+0000] {taskmixin.py:205} WARNING - Dependency <Task(_PythonDecoratedOperator): prepare_email>, send_email already registered for DAG: example_dag_decorator
[2023-11-11T17:05:41.679+0000] {logging_mixin.py:120} INFO - [2023-11-11T17:05:41.679+0000] {taskmixin.py:205} WARNING - Dependency <Task(EmailOperator): send_email>, prepare_email already registered for DAG: example_dag_decorator
[2023-11-11T17:05:41.699+0000] {processor.py:766} INFO - DAG(s) dict_keys(['example_dag_decorator']) retrieved from /home/airflow/.local/lib/python3.7/site-packages/airflow/example_dags/example_dag_decorator.py
[2023-11-11T17:05:41.832+0000] {logging_mixin.py:120} INFO - [2023-11-11T17:05:41.832+0000] {dag.py:2585} INFO - Sync 1 DAGs
[2023-11-11T17:05:41.862+0000] {logging_mixin.py:120} INFO - [2023-11-11T17:05:41.862+0000] {dag.py:3340} INFO - Setting next_dagrun for example_dag_decorator to None, run_after=None
[2023-11-11T17:05:41.888+0000] {processor.py:176} INFO - Processing /home/airflow/.local/lib/python3.7/site-packages/airflow/example_dags/example_dag_decorator.py took 0.244 seconds
[2023-11-11T17:06:12.640+0000] {processor.py:154} INFO - Started process (PID=525) to work on /home/airflow/.local/lib/python3.7/site-packages/airflow/example_dags/example_dag_decorator.py
[2023-11-11T17:06:12.643+0000] {processor.py:756} INFO - Processing file /home/airflow/.local/lib/python3.7/site-packages/airflow/example_dags/example_dag_decorator.py for tasks to queue
[2023-11-11T17:06:12.646+0000] {logging_mixin.py:120} INFO - [2023-11-11T17:06:12.646+0000] {dagbag.py:537} INFO - Filling up the DagBag from /home/airflow/.local/lib/python3.7/site-packages/airflow/example_dags/example_dag_decorator.py
[2023-11-11T17:06:12.672+0000] {logging_mixin.py:120} INFO - [2023-11-11T17:06:12.672+0000] {taskmixin.py:205} WARNING - Dependency <Task(_PythonDecoratedOperator): prepare_email>, send_email already registered for DAG: example_dag_decorator
[2023-11-11T17:06:12.673+0000] {logging_mixin.py:120} INFO - [2023-11-11T17:06:12.673+0000] {taskmixin.py:205} WARNING - Dependency <Task(EmailOperator): send_email>, prepare_email already registered for DAG: example_dag_decorator
[2023-11-11T17:06:12.702+0000] {processor.py:766} INFO - DAG(s) dict_keys(['example_dag_decorator']) retrieved from /home/airflow/.local/lib/python3.7/site-packages/airflow/example_dags/example_dag_decorator.py
[2023-11-11T17:06:12.882+0000] {logging_mixin.py:120} INFO - [2023-11-11T17:06:12.882+0000] {dag.py:2585} INFO - Sync 1 DAGs
[2023-11-11T17:06:12.935+0000] {logging_mixin.py:120} INFO - [2023-11-11T17:06:12.934+0000] {dag.py:3340} INFO - Setting next_dagrun for example_dag_decorator to None, run_after=None
[2023-11-11T17:06:12.961+0000] {processor.py:176} INFO - Processing /home/airflow/.local/lib/python3.7/site-packages/airflow/example_dags/example_dag_decorator.py took 0.327 seconds
[2023-11-11T17:06:43.657+0000] {processor.py:154} INFO - Started process (PID=588) to work on /home/airflow/.local/lib/python3.7/site-packages/airflow/example_dags/example_dag_decorator.py
[2023-11-11T17:06:43.659+0000] {processor.py:756} INFO - Processing file /home/airflow/.local/lib/python3.7/site-packages/airflow/example_dags/example_dag_decorator.py for tasks to queue
[2023-11-11T17:06:43.660+0000] {logging_mixin.py:120} INFO - [2023-11-11T17:06:43.659+0000] {dagbag.py:537} INFO - Filling up the DagBag from /home/airflow/.local/lib/python3.7/site-packages/airflow/example_dags/example_dag_decorator.py
[2023-11-11T17:06:43.688+0000] {logging_mixin.py:120} INFO - [2023-11-11T17:06:43.688+0000] {taskmixin.py:205} WARNING - Dependency <Task(_PythonDecoratedOperator): prepare_email>, send_email already registered for DAG: example_dag_decorator
[2023-11-11T17:06:43.689+0000] {logging_mixin.py:120} INFO - [2023-11-11T17:06:43.688+0000] {taskmixin.py:205} WARNING - Dependency <Task(EmailOperator): send_email>, prepare_email already registered for DAG: example_dag_decorator
[2023-11-11T17:06:43.712+0000] {processor.py:766} INFO - DAG(s) dict_keys(['example_dag_decorator']) retrieved from /home/airflow/.local/lib/python3.7/site-packages/airflow/example_dags/example_dag_decorator.py
[2023-11-11T17:06:43.891+0000] {logging_mixin.py:120} INFO - [2023-11-11T17:06:43.890+0000] {dag.py:2585} INFO - Sync 1 DAGs
[2023-11-11T17:06:43.935+0000] {logging_mixin.py:120} INFO - [2023-11-11T17:06:43.935+0000] {dag.py:3340} INFO - Setting next_dagrun for example_dag_decorator to None, run_after=None
[2023-11-11T17:06:43.977+0000] {processor.py:176} INFO - Processing /home/airflow/.local/lib/python3.7/site-packages/airflow/example_dags/example_dag_decorator.py took 0.328 seconds
[2023-11-11T17:07:14.230+0000] {processor.py:154} INFO - Started process (PID=642) to work on /home/airflow/.local/lib/python3.7/site-packages/airflow/example_dags/example_dag_decorator.py
[2023-11-11T17:07:14.232+0000] {processor.py:756} INFO - Processing file /home/airflow/.local/lib/python3.7/site-packages/airflow/example_dags/example_dag_decorator.py for tasks to queue
[2023-11-11T17:07:14.233+0000] {logging_mixin.py:120} INFO - [2023-11-11T17:07:14.232+0000] {dagbag.py:537} INFO - Filling up the DagBag from /home/airflow/.local/lib/python3.7/site-packages/airflow/example_dags/example_dag_decorator.py
[2023-11-11T17:07:14.267+0000] {logging_mixin.py:120} INFO - [2023-11-11T17:07:14.266+0000] {taskmixin.py:205} WARNING - Dependency <Task(_PythonDecoratedOperator): prepare_email>, send_email already registered for DAG: example_dag_decorator
[2023-11-11T17:07:14.267+0000] {logging_mixin.py:120} INFO - [2023-11-11T17:07:14.267+0000] {taskmixin.py:205} WARNING - Dependency <Task(EmailOperator): send_email>, prepare_email already registered for DAG: example_dag_decorator
[2023-11-11T17:07:14.307+0000] {processor.py:766} INFO - DAG(s) dict_keys(['example_dag_decorator']) retrieved from /home/airflow/.local/lib/python3.7/site-packages/airflow/example_dags/example_dag_decorator.py
[2023-11-11T17:07:14.455+0000] {logging_mixin.py:120} INFO - [2023-11-11T17:07:14.455+0000] {dag.py:2585} INFO - Sync 1 DAGs
[2023-11-11T17:07:14.491+0000] {logging_mixin.py:120} INFO - [2023-11-11T17:07:14.491+0000] {dag.py:3340} INFO - Setting next_dagrun for example_dag_decorator to None, run_after=None
[2023-11-11T17:07:14.520+0000] {processor.py:176} INFO - Processing /home/airflow/.local/lib/python3.7/site-packages/airflow/example_dags/example_dag_decorator.py took 0.303 seconds
[2023-11-11T17:29:24.429+0000] {processor.py:154} INFO - Started process (PID=71) to work on /home/airflow/.local/lib/python3.7/site-packages/airflow/example_dags/example_dag_decorator.py
[2023-11-11T17:29:24.432+0000] {processor.py:756} INFO - Processing file /home/airflow/.local/lib/python3.7/site-packages/airflow/example_dags/example_dag_decorator.py for tasks to queue
[2023-11-11T17:29:24.436+0000] {logging_mixin.py:120} INFO - [2023-11-11T17:29:24.436+0000] {dagbag.py:537} INFO - Filling up the DagBag from /home/airflow/.local/lib/python3.7/site-packages/airflow/example_dags/example_dag_decorator.py
[2023-11-11T17:29:24.738+0000] {logging_mixin.py:120} INFO - [2023-11-11T17:29:24.732+0000] {taskmixin.py:205} WARNING - Dependency <Task(_PythonDecoratedOperator): prepare_email>, send_email already registered for DAG: example_dag_decorator
[2023-11-11T17:29:24.741+0000] {logging_mixin.py:120} INFO - [2023-11-11T17:29:24.740+0000] {taskmixin.py:205} WARNING - Dependency <Task(EmailOperator): send_email>, prepare_email already registered for DAG: example_dag_decorator
[2023-11-11T17:29:25.345+0000] {processor.py:766} INFO - DAG(s) dict_keys(['example_dag_decorator']) retrieved from /home/airflow/.local/lib/python3.7/site-packages/airflow/example_dags/example_dag_decorator.py
[2023-11-11T17:29:27.084+0000] {logging_mixin.py:120} INFO - [2023-11-11T17:29:27.083+0000] {manager.py:507} INFO - Created Permission View: can read on DAG:example_dag_decorator
[2023-11-11T17:29:27.424+0000] {logging_mixin.py:120} INFO - [2023-11-11T17:29:27.424+0000] {manager.py:507} INFO - Created Permission View: can delete on DAG:example_dag_decorator
[2023-11-11T17:29:27.497+0000] {logging_mixin.py:120} INFO - [2023-11-11T17:29:27.496+0000] {manager.py:507} INFO - Created Permission View: can edit on DAG:example_dag_decorator
[2023-11-11T17:29:27.500+0000] {logging_mixin.py:120} INFO - [2023-11-11T17:29:27.500+0000] {dag.py:2585} INFO - Sync 1 DAGs
[2023-11-11T17:29:27.705+0000] {logging_mixin.py:120} INFO - [2023-11-11T17:29:27.704+0000] {dag.py:2606} INFO - Creating ORM DAG for example_dag_decorator
[2023-11-11T17:29:27.937+0000] {logging_mixin.py:120} INFO - [2023-11-11T17:29:27.937+0000] {dag.py:3340} INFO - Setting next_dagrun for example_dag_decorator to None, run_after=None
[2023-11-11T17:29:28.094+0000] {processor.py:176} INFO - Processing /home/airflow/.local/lib/python3.7/site-packages/airflow/example_dags/example_dag_decorator.py took 3.707 seconds
[2023-11-11T17:30:09.373+0000] {processor.py:154} INFO - Started process (PID=125) to work on /home/airflow/.local/lib/python3.7/site-packages/airflow/example_dags/example_dag_decorator.py
[2023-11-11T17:30:09.375+0000] {processor.py:756} INFO - Processing file /home/airflow/.local/lib/python3.7/site-packages/airflow/example_dags/example_dag_decorator.py for tasks to queue
[2023-11-11T17:30:09.377+0000] {logging_mixin.py:120} INFO - [2023-11-11T17:30:09.377+0000] {dagbag.py:537} INFO - Filling up the DagBag from /home/airflow/.local/lib/python3.7/site-packages/airflow/example_dags/example_dag_decorator.py
[2023-11-11T17:30:09.493+0000] {logging_mixin.py:120} INFO - [2023-11-11T17:30:09.482+0000] {taskmixin.py:205} WARNING - Dependency <Task(_PythonDecoratedOperator): prepare_email>, send_email already registered for DAG: example_dag_decorator
[2023-11-11T17:30:09.494+0000] {logging_mixin.py:120} INFO - [2023-11-11T17:30:09.494+0000] {taskmixin.py:205} WARNING - Dependency <Task(EmailOperator): send_email>, prepare_email already registered for DAG: example_dag_decorator
[2023-11-11T17:30:09.563+0000] {processor.py:766} INFO - DAG(s) dict_keys(['example_dag_decorator']) retrieved from /home/airflow/.local/lib/python3.7/site-packages/airflow/example_dags/example_dag_decorator.py
[2023-11-11T17:30:09.995+0000] {logging_mixin.py:120} INFO - [2023-11-11T17:30:09.995+0000] {dag.py:2585} INFO - Sync 1 DAGs
[2023-11-11T17:30:10.166+0000] {logging_mixin.py:120} INFO - [2023-11-11T17:30:10.162+0000] {dag.py:3340} INFO - Setting next_dagrun for example_dag_decorator to None, run_after=None
[2023-11-11T17:30:10.313+0000] {processor.py:176} INFO - Processing /home/airflow/.local/lib/python3.7/site-packages/airflow/example_dags/example_dag_decorator.py took 0.974 seconds
[2023-11-11T17:30:42.041+0000] {processor.py:154} INFO - Started process (PID=179) to work on /home/airflow/.local/lib/python3.7/site-packages/airflow/example_dags/example_dag_decorator.py
[2023-11-11T17:30:42.044+0000] {processor.py:756} INFO - Processing file /home/airflow/.local/lib/python3.7/site-packages/airflow/example_dags/example_dag_decorator.py for tasks to queue
[2023-11-11T17:30:42.049+0000] {logging_mixin.py:120} INFO - [2023-11-11T17:30:42.048+0000] {dagbag.py:537} INFO - Filling up the DagBag from /home/airflow/.local/lib/python3.7/site-packages/airflow/example_dags/example_dag_decorator.py
[2023-11-11T17:30:42.121+0000] {logging_mixin.py:120} INFO - [2023-11-11T17:30:42.120+0000] {taskmixin.py:205} WARNING - Dependency <Task(_PythonDecoratedOperator): prepare_email>, send_email already registered for DAG: example_dag_decorator
[2023-11-11T17:30:42.121+0000] {logging_mixin.py:120} INFO - [2023-11-11T17:30:42.121+0000] {taskmixin.py:205} WARNING - Dependency <Task(EmailOperator): send_email>, prepare_email already registered for DAG: example_dag_decorator
[2023-11-11T17:30:42.179+0000] {processor.py:766} INFO - DAG(s) dict_keys(['example_dag_decorator']) retrieved from /home/airflow/.local/lib/python3.7/site-packages/airflow/example_dags/example_dag_decorator.py
[2023-11-11T17:30:42.628+0000] {logging_mixin.py:120} INFO - [2023-11-11T17:30:42.627+0000] {dag.py:2585} INFO - Sync 1 DAGs
[2023-11-11T17:30:42.724+0000] {logging_mixin.py:120} INFO - [2023-11-11T17:30:42.722+0000] {dag.py:3340} INFO - Setting next_dagrun for example_dag_decorator to None, run_after=None
[2023-11-11T17:30:42.832+0000] {processor.py:176} INFO - Processing /home/airflow/.local/lib/python3.7/site-packages/airflow/example_dags/example_dag_decorator.py took 0.801 seconds
[2023-11-11T17:31:13.979+0000] {processor.py:154} INFO - Started process (PID=234) to work on /home/airflow/.local/lib/python3.7/site-packages/airflow/example_dags/example_dag_decorator.py
[2023-11-11T17:31:13.982+0000] {processor.py:756} INFO - Processing file /home/airflow/.local/lib/python3.7/site-packages/airflow/example_dags/example_dag_decorator.py for tasks to queue
[2023-11-11T17:31:13.983+0000] {logging_mixin.py:120} INFO - [2023-11-11T17:31:13.983+0000] {dagbag.py:537} INFO - Filling up the DagBag from /home/airflow/.local/lib/python3.7/site-packages/airflow/example_dags/example_dag_decorator.py
[2023-11-11T17:31:14.026+0000] {logging_mixin.py:120} INFO - [2023-11-11T17:31:14.026+0000] {taskmixin.py:205} WARNING - Dependency <Task(_PythonDecoratedOperator): prepare_email>, send_email already registered for DAG: example_dag_decorator
[2023-11-11T17:31:14.026+0000] {logging_mixin.py:120} INFO - [2023-11-11T17:31:14.026+0000] {taskmixin.py:205} WARNING - Dependency <Task(EmailOperator): send_email>, prepare_email already registered for DAG: example_dag_decorator
[2023-11-11T17:31:14.054+0000] {processor.py:766} INFO - DAG(s) dict_keys(['example_dag_decorator']) retrieved from /home/airflow/.local/lib/python3.7/site-packages/airflow/example_dags/example_dag_decorator.py
[2023-11-11T17:31:14.297+0000] {logging_mixin.py:120} INFO - [2023-11-11T17:31:14.296+0000] {dag.py:2585} INFO - Sync 1 DAGs
[2023-11-11T17:31:14.372+0000] {logging_mixin.py:120} INFO - [2023-11-11T17:31:14.372+0000] {dag.py:3340} INFO - Setting next_dagrun for example_dag_decorator to None, run_after=None
[2023-11-11T17:31:14.442+0000] {processor.py:176} INFO - Processing /home/airflow/.local/lib/python3.7/site-packages/airflow/example_dags/example_dag_decorator.py took 0.469 seconds
[2023-11-11T17:31:44.649+0000] {processor.py:154} INFO - Started process (PID=288) to work on /home/airflow/.local/lib/python3.7/site-packages/airflow/example_dags/example_dag_decorator.py
[2023-11-11T17:31:44.651+0000] {processor.py:756} INFO - Processing file /home/airflow/.local/lib/python3.7/site-packages/airflow/example_dags/example_dag_decorator.py for tasks to queue
[2023-11-11T17:31:44.653+0000] {logging_mixin.py:120} INFO - [2023-11-11T17:31:44.653+0000] {dagbag.py:537} INFO - Filling up the DagBag from /home/airflow/.local/lib/python3.7/site-packages/airflow/example_dags/example_dag_decorator.py
[2023-11-11T17:31:44.682+0000] {logging_mixin.py:120} INFO - [2023-11-11T17:31:44.682+0000] {taskmixin.py:205} WARNING - Dependency <Task(_PythonDecoratedOperator): prepare_email>, send_email already registered for DAG: example_dag_decorator
[2023-11-11T17:31:44.683+0000] {logging_mixin.py:120} INFO - [2023-11-11T17:31:44.683+0000] {taskmixin.py:205} WARNING - Dependency <Task(EmailOperator): send_email>, prepare_email already registered for DAG: example_dag_decorator
[2023-11-11T17:31:44.708+0000] {processor.py:766} INFO - DAG(s) dict_keys(['example_dag_decorator']) retrieved from /home/airflow/.local/lib/python3.7/site-packages/airflow/example_dags/example_dag_decorator.py
[2023-11-11T17:31:44.868+0000] {logging_mixin.py:120} INFO - [2023-11-11T17:31:44.867+0000] {dag.py:2585} INFO - Sync 1 DAGs
[2023-11-11T17:31:44.926+0000] {logging_mixin.py:120} INFO - [2023-11-11T17:31:44.926+0000] {dag.py:3340} INFO - Setting next_dagrun for example_dag_decorator to None, run_after=None
[2023-11-11T17:31:44.955+0000] {processor.py:176} INFO - Processing /home/airflow/.local/lib/python3.7/site-packages/airflow/example_dags/example_dag_decorator.py took 0.310 seconds
[2023-11-11T17:32:15.035+0000] {processor.py:154} INFO - Started process (PID=351) to work on /home/airflow/.local/lib/python3.7/site-packages/airflow/example_dags/example_dag_decorator.py
[2023-11-11T17:32:15.037+0000] {processor.py:756} INFO - Processing file /home/airflow/.local/lib/python3.7/site-packages/airflow/example_dags/example_dag_decorator.py for tasks to queue
[2023-11-11T17:32:15.041+0000] {logging_mixin.py:120} INFO - [2023-11-11T17:32:15.041+0000] {dagbag.py:537} INFO - Filling up the DagBag from /home/airflow/.local/lib/python3.7/site-packages/airflow/example_dags/example_dag_decorator.py
[2023-11-11T17:32:15.077+0000] {logging_mixin.py:120} INFO - [2023-11-11T17:32:15.076+0000] {taskmixin.py:205} WARNING - Dependency <Task(_PythonDecoratedOperator): prepare_email>, send_email already registered for DAG: example_dag_decorator
[2023-11-11T17:32:15.077+0000] {logging_mixin.py:120} INFO - [2023-11-11T17:32:15.077+0000] {taskmixin.py:205} WARNING - Dependency <Task(EmailOperator): send_email>, prepare_email already registered for DAG: example_dag_decorator
[2023-11-11T17:32:15.108+0000] {processor.py:766} INFO - DAG(s) dict_keys(['example_dag_decorator']) retrieved from /home/airflow/.local/lib/python3.7/site-packages/airflow/example_dags/example_dag_decorator.py
[2023-11-11T17:32:15.296+0000] {logging_mixin.py:120} INFO - [2023-11-11T17:32:15.296+0000] {dag.py:2585} INFO - Sync 1 DAGs
[2023-11-11T17:32:15.344+0000] {logging_mixin.py:120} INFO - [2023-11-11T17:32:15.344+0000] {dag.py:3340} INFO - Setting next_dagrun for example_dag_decorator to None, run_after=None
[2023-11-11T17:32:15.386+0000] {processor.py:176} INFO - Processing /home/airflow/.local/lib/python3.7/site-packages/airflow/example_dags/example_dag_decorator.py took 0.356 seconds
[2023-11-11T17:32:45.779+0000] {processor.py:154} INFO - Started process (PID=405) to work on /home/airflow/.local/lib/python3.7/site-packages/airflow/example_dags/example_dag_decorator.py
[2023-11-11T17:32:45.780+0000] {processor.py:756} INFO - Processing file /home/airflow/.local/lib/python3.7/site-packages/airflow/example_dags/example_dag_decorator.py for tasks to queue
[2023-11-11T17:32:45.781+0000] {logging_mixin.py:120} INFO - [2023-11-11T17:32:45.780+0000] {dagbag.py:537} INFO - Filling up the DagBag from /home/airflow/.local/lib/python3.7/site-packages/airflow/example_dags/example_dag_decorator.py
[2023-11-11T17:32:45.819+0000] {logging_mixin.py:120} INFO - [2023-11-11T17:32:45.818+0000] {taskmixin.py:205} WARNING - Dependency <Task(_PythonDecoratedOperator): prepare_email>, send_email already registered for DAG: example_dag_decorator
[2023-11-11T17:32:45.822+0000] {logging_mixin.py:120} INFO - [2023-11-11T17:32:45.822+0000] {taskmixin.py:205} WARNING - Dependency <Task(EmailOperator): send_email>, prepare_email already registered for DAG: example_dag_decorator
[2023-11-11T17:32:45.851+0000] {processor.py:766} INFO - DAG(s) dict_keys(['example_dag_decorator']) retrieved from /home/airflow/.local/lib/python3.7/site-packages/airflow/example_dags/example_dag_decorator.py
[2023-11-11T17:32:46.022+0000] {logging_mixin.py:120} INFO - [2023-11-11T17:32:46.022+0000] {dag.py:2585} INFO - Sync 1 DAGs
[2023-11-11T17:32:46.071+0000] {logging_mixin.py:120} INFO - [2023-11-11T17:32:46.071+0000] {dag.py:3340} INFO - Setting next_dagrun for example_dag_decorator to None, run_after=None
[2023-11-11T17:32:46.113+0000] {processor.py:176} INFO - Processing /home/airflow/.local/lib/python3.7/site-packages/airflow/example_dags/example_dag_decorator.py took 0.341 seconds
[2023-11-11T17:33:17.002+0000] {processor.py:154} INFO - Started process (PID=466) to work on /home/airflow/.local/lib/python3.7/site-packages/airflow/example_dags/example_dag_decorator.py
[2023-11-11T17:33:17.003+0000] {processor.py:756} INFO - Processing file /home/airflow/.local/lib/python3.7/site-packages/airflow/example_dags/example_dag_decorator.py for tasks to queue
[2023-11-11T17:33:17.005+0000] {logging_mixin.py:120} INFO - [2023-11-11T17:33:17.004+0000] {dagbag.py:537} INFO - Filling up the DagBag from /home/airflow/.local/lib/python3.7/site-packages/airflow/example_dags/example_dag_decorator.py
[2023-11-11T17:33:17.046+0000] {logging_mixin.py:120} INFO - [2023-11-11T17:33:17.045+0000] {taskmixin.py:205} WARNING - Dependency <Task(_PythonDecoratedOperator): prepare_email>, send_email already registered for DAG: example_dag_decorator
[2023-11-11T17:33:17.047+0000] {logging_mixin.py:120} INFO - [2023-11-11T17:33:17.047+0000] {taskmixin.py:205} WARNING - Dependency <Task(EmailOperator): send_email>, prepare_email already registered for DAG: example_dag_decorator
[2023-11-11T17:33:17.082+0000] {processor.py:766} INFO - DAG(s) dict_keys(['example_dag_decorator']) retrieved from /home/airflow/.local/lib/python3.7/site-packages/airflow/example_dags/example_dag_decorator.py
[2023-11-11T17:33:17.285+0000] {logging_mixin.py:120} INFO - [2023-11-11T17:33:17.285+0000] {dag.py:2585} INFO - Sync 1 DAGs
[2023-11-11T17:33:17.352+0000] {logging_mixin.py:120} INFO - [2023-11-11T17:33:17.351+0000] {dag.py:3340} INFO - Setting next_dagrun for example_dag_decorator to None, run_after=None
[2023-11-11T17:33:17.407+0000] {processor.py:176} INFO - Processing /home/airflow/.local/lib/python3.7/site-packages/airflow/example_dags/example_dag_decorator.py took 0.412 seconds
[2023-11-11T17:33:47.553+0000] {processor.py:154} INFO - Started process (PID=523) to work on /home/airflow/.local/lib/python3.7/site-packages/airflow/example_dags/example_dag_decorator.py
[2023-11-11T17:33:47.554+0000] {processor.py:756} INFO - Processing file /home/airflow/.local/lib/python3.7/site-packages/airflow/example_dags/example_dag_decorator.py for tasks to queue
[2023-11-11T17:33:47.555+0000] {logging_mixin.py:120} INFO - [2023-11-11T17:33:47.555+0000] {dagbag.py:537} INFO - Filling up the DagBag from /home/airflow/.local/lib/python3.7/site-packages/airflow/example_dags/example_dag_decorator.py
[2023-11-11T17:33:47.614+0000] {logging_mixin.py:120} INFO - [2023-11-11T17:33:47.614+0000] {taskmixin.py:205} WARNING - Dependency <Task(_PythonDecoratedOperator): prepare_email>, send_email already registered for DAG: example_dag_decorator
[2023-11-11T17:33:47.614+0000] {logging_mixin.py:120} INFO - [2023-11-11T17:33:47.614+0000] {taskmixin.py:205} WARNING - Dependency <Task(EmailOperator): send_email>, prepare_email already registered for DAG: example_dag_decorator
[2023-11-11T17:33:47.650+0000] {processor.py:766} INFO - DAG(s) dict_keys(['example_dag_decorator']) retrieved from /home/airflow/.local/lib/python3.7/site-packages/airflow/example_dags/example_dag_decorator.py
[2023-11-11T17:33:47.788+0000] {logging_mixin.py:120} INFO - [2023-11-11T17:33:47.787+0000] {dag.py:2585} INFO - Sync 1 DAGs
[2023-11-11T17:33:47.829+0000] {logging_mixin.py:120} INFO - [2023-11-11T17:33:47.829+0000] {dag.py:3340} INFO - Setting next_dagrun for example_dag_decorator to None, run_after=None
[2023-11-11T17:33:47.862+0000] {processor.py:176} INFO - Processing /home/airflow/.local/lib/python3.7/site-packages/airflow/example_dags/example_dag_decorator.py took 0.315 seconds
[2023-11-11T17:34:18.123+0000] {processor.py:154} INFO - Started process (PID=577) to work on /home/airflow/.local/lib/python3.7/site-packages/airflow/example_dags/example_dag_decorator.py
[2023-11-11T17:34:18.125+0000] {processor.py:756} INFO - Processing file /home/airflow/.local/lib/python3.7/site-packages/airflow/example_dags/example_dag_decorator.py for tasks to queue
[2023-11-11T17:34:18.125+0000] {logging_mixin.py:120} INFO - [2023-11-11T17:34:18.125+0000] {dagbag.py:537} INFO - Filling up the DagBag from /home/airflow/.local/lib/python3.7/site-packages/airflow/example_dags/example_dag_decorator.py
[2023-11-11T17:34:18.153+0000] {logging_mixin.py:120} INFO - [2023-11-11T17:34:18.153+0000] {taskmixin.py:205} WARNING - Dependency <Task(_PythonDecoratedOperator): prepare_email>, send_email already registered for DAG: example_dag_decorator
[2023-11-11T17:34:18.153+0000] {logging_mixin.py:120} INFO - [2023-11-11T17:34:18.153+0000] {taskmixin.py:205} WARNING - Dependency <Task(EmailOperator): send_email>, prepare_email already registered for DAG: example_dag_decorator
[2023-11-11T17:34:18.174+0000] {processor.py:766} INFO - DAG(s) dict_keys(['example_dag_decorator']) retrieved from /home/airflow/.local/lib/python3.7/site-packages/airflow/example_dags/example_dag_decorator.py
[2023-11-11T17:34:18.327+0000] {logging_mixin.py:120} INFO - [2023-11-11T17:34:18.327+0000] {dag.py:2585} INFO - Sync 1 DAGs
[2023-11-11T17:34:18.369+0000] {logging_mixin.py:120} INFO - [2023-11-11T17:34:18.369+0000] {dag.py:3340} INFO - Setting next_dagrun for example_dag_decorator to None, run_after=None
[2023-11-11T17:34:18.431+0000] {processor.py:176} INFO - Processing /home/airflow/.local/lib/python3.7/site-packages/airflow/example_dags/example_dag_decorator.py took 0.313 seconds
[2023-11-11T17:34:48.841+0000] {processor.py:154} INFO - Started process (PID=641) to work on /home/airflow/.local/lib/python3.7/site-packages/airflow/example_dags/example_dag_decorator.py
[2023-11-11T17:34:48.842+0000] {processor.py:756} INFO - Processing file /home/airflow/.local/lib/python3.7/site-packages/airflow/example_dags/example_dag_decorator.py for tasks to queue
[2023-11-11T17:34:48.844+0000] {logging_mixin.py:120} INFO - [2023-11-11T17:34:48.843+0000] {dagbag.py:537} INFO - Filling up the DagBag from /home/airflow/.local/lib/python3.7/site-packages/airflow/example_dags/example_dag_decorator.py
[2023-11-11T17:34:48.879+0000] {logging_mixin.py:120} INFO - [2023-11-11T17:34:48.879+0000] {taskmixin.py:205} WARNING - Dependency <Task(_PythonDecoratedOperator): prepare_email>, send_email already registered for DAG: example_dag_decorator
[2023-11-11T17:34:48.879+0000] {logging_mixin.py:120} INFO - [2023-11-11T17:34:48.879+0000] {taskmixin.py:205} WARNING - Dependency <Task(EmailOperator): send_email>, prepare_email already registered for DAG: example_dag_decorator
[2023-11-11T17:34:48.915+0000] {processor.py:766} INFO - DAG(s) dict_keys(['example_dag_decorator']) retrieved from /home/airflow/.local/lib/python3.7/site-packages/airflow/example_dags/example_dag_decorator.py
[2023-11-11T17:34:49.130+0000] {logging_mixin.py:120} INFO - [2023-11-11T17:34:49.129+0000] {dag.py:2585} INFO - Sync 1 DAGs
[2023-11-11T17:34:49.182+0000] {logging_mixin.py:120} INFO - [2023-11-11T17:34:49.181+0000] {dag.py:3340} INFO - Setting next_dagrun for example_dag_decorator to None, run_after=None
[2023-11-11T17:34:49.223+0000] {processor.py:176} INFO - Processing /home/airflow/.local/lib/python3.7/site-packages/airflow/example_dags/example_dag_decorator.py took 0.393 seconds
[2023-11-11T17:35:19.438+0000] {processor.py:154} INFO - Started process (PID=695) to work on /home/airflow/.local/lib/python3.7/site-packages/airflow/example_dags/example_dag_decorator.py
[2023-11-11T17:35:19.440+0000] {processor.py:756} INFO - Processing file /home/airflow/.local/lib/python3.7/site-packages/airflow/example_dags/example_dag_decorator.py for tasks to queue
[2023-11-11T17:35:19.443+0000] {logging_mixin.py:120} INFO - [2023-11-11T17:35:19.443+0000] {dagbag.py:537} INFO - Filling up the DagBag from /home/airflow/.local/lib/python3.7/site-packages/airflow/example_dags/example_dag_decorator.py
[2023-11-11T17:35:19.488+0000] {logging_mixin.py:120} INFO - [2023-11-11T17:35:19.488+0000] {taskmixin.py:205} WARNING - Dependency <Task(_PythonDecoratedOperator): prepare_email>, send_email already registered for DAG: example_dag_decorator
[2023-11-11T17:35:19.488+0000] {logging_mixin.py:120} INFO - [2023-11-11T17:35:19.488+0000] {taskmixin.py:205} WARNING - Dependency <Task(EmailOperator): send_email>, prepare_email already registered for DAG: example_dag_decorator
[2023-11-11T17:35:19.520+0000] {processor.py:766} INFO - DAG(s) dict_keys(['example_dag_decorator']) retrieved from /home/airflow/.local/lib/python3.7/site-packages/airflow/example_dags/example_dag_decorator.py
[2023-11-11T17:35:19.732+0000] {logging_mixin.py:120} INFO - [2023-11-11T17:35:19.732+0000] {dag.py:2585} INFO - Sync 1 DAGs
[2023-11-11T17:35:19.791+0000] {logging_mixin.py:120} INFO - [2023-11-11T17:35:19.791+0000] {dag.py:3340} INFO - Setting next_dagrun for example_dag_decorator to None, run_after=None
[2023-11-11T17:35:19.842+0000] {processor.py:176} INFO - Processing /home/airflow/.local/lib/python3.7/site-packages/airflow/example_dags/example_dag_decorator.py took 0.411 seconds
[2023-11-11T17:35:49.884+0000] {processor.py:154} INFO - Started process (PID=749) to work on /home/airflow/.local/lib/python3.7/site-packages/airflow/example_dags/example_dag_decorator.py
[2023-11-11T17:35:49.887+0000] {processor.py:756} INFO - Processing file /home/airflow/.local/lib/python3.7/site-packages/airflow/example_dags/example_dag_decorator.py for tasks to queue
[2023-11-11T17:35:49.888+0000] {logging_mixin.py:120} INFO - [2023-11-11T17:35:49.888+0000] {dagbag.py:537} INFO - Filling up the DagBag from /home/airflow/.local/lib/python3.7/site-packages/airflow/example_dags/example_dag_decorator.py
[2023-11-11T17:35:49.921+0000] {logging_mixin.py:120} INFO - [2023-11-11T17:35:49.921+0000] {taskmixin.py:205} WARNING - Dependency <Task(_PythonDecoratedOperator): prepare_email>, send_email already registered for DAG: example_dag_decorator
[2023-11-11T17:35:49.921+0000] {logging_mixin.py:120} INFO - [2023-11-11T17:35:49.921+0000] {taskmixin.py:205} WARNING - Dependency <Task(EmailOperator): send_email>, prepare_email already registered for DAG: example_dag_decorator
[2023-11-11T17:35:49.948+0000] {processor.py:766} INFO - DAG(s) dict_keys(['example_dag_decorator']) retrieved from /home/airflow/.local/lib/python3.7/site-packages/airflow/example_dags/example_dag_decorator.py
[2023-11-11T17:35:50.226+0000] {logging_mixin.py:120} INFO - [2023-11-11T17:35:50.226+0000] {dag.py:2585} INFO - Sync 1 DAGs
[2023-11-11T17:35:50.308+0000] {logging_mixin.py:120} INFO - [2023-11-11T17:35:50.308+0000] {dag.py:3340} INFO - Setting next_dagrun for example_dag_decorator to None, run_after=None
[2023-11-11T17:35:50.357+0000] {processor.py:176} INFO - Processing /home/airflow/.local/lib/python3.7/site-packages/airflow/example_dags/example_dag_decorator.py took 0.482 seconds
[2023-11-11T17:36:20.639+0000] {processor.py:154} INFO - Started process (PID=813) to work on /home/airflow/.local/lib/python3.7/site-packages/airflow/example_dags/example_dag_decorator.py
[2023-11-11T17:36:20.642+0000] {processor.py:756} INFO - Processing file /home/airflow/.local/lib/python3.7/site-packages/airflow/example_dags/example_dag_decorator.py for tasks to queue
[2023-11-11T17:36:20.644+0000] {logging_mixin.py:120} INFO - [2023-11-11T17:36:20.643+0000] {dagbag.py:537} INFO - Filling up the DagBag from /home/airflow/.local/lib/python3.7/site-packages/airflow/example_dags/example_dag_decorator.py
[2023-11-11T17:36:20.688+0000] {logging_mixin.py:120} INFO - [2023-11-11T17:36:20.687+0000] {taskmixin.py:205} WARNING - Dependency <Task(_PythonDecoratedOperator): prepare_email>, send_email already registered for DAG: example_dag_decorator
[2023-11-11T17:36:20.688+0000] {logging_mixin.py:120} INFO - [2023-11-11T17:36:20.688+0000] {taskmixin.py:205} WARNING - Dependency <Task(EmailOperator): send_email>, prepare_email already registered for DAG: example_dag_decorator
[2023-11-11T17:36:20.718+0000] {processor.py:766} INFO - DAG(s) dict_keys(['example_dag_decorator']) retrieved from /home/airflow/.local/lib/python3.7/site-packages/airflow/example_dags/example_dag_decorator.py
[2023-11-11T17:36:20.962+0000] {logging_mixin.py:120} INFO - [2023-11-11T17:36:20.962+0000] {dag.py:2585} INFO - Sync 1 DAGs
[2023-11-11T17:36:21.020+0000] {logging_mixin.py:120} INFO - [2023-11-11T17:36:21.020+0000] {dag.py:3340} INFO - Setting next_dagrun for example_dag_decorator to None, run_after=None
[2023-11-11T17:36:21.079+0000] {processor.py:176} INFO - Processing /home/airflow/.local/lib/python3.7/site-packages/airflow/example_dags/example_dag_decorator.py took 0.451 seconds
[2023-11-11T17:36:51.455+0000] {processor.py:154} INFO - Started process (PID=867) to work on /home/airflow/.local/lib/python3.7/site-packages/airflow/example_dags/example_dag_decorator.py
[2023-11-11T17:36:51.456+0000] {processor.py:756} INFO - Processing file /home/airflow/.local/lib/python3.7/site-packages/airflow/example_dags/example_dag_decorator.py for tasks to queue
[2023-11-11T17:36:51.457+0000] {logging_mixin.py:120} INFO - [2023-11-11T17:36:51.457+0000] {dagbag.py:537} INFO - Filling up the DagBag from /home/airflow/.local/lib/python3.7/site-packages/airflow/example_dags/example_dag_decorator.py
[2023-11-11T17:36:51.494+0000] {logging_mixin.py:120} INFO - [2023-11-11T17:36:51.492+0000] {taskmixin.py:205} WARNING - Dependency <Task(_PythonDecoratedOperator): prepare_email>, send_email already registered for DAG: example_dag_decorator
[2023-11-11T17:36:51.495+0000] {logging_mixin.py:120} INFO - [2023-11-11T17:36:51.494+0000] {taskmixin.py:205} WARNING - Dependency <Task(EmailOperator): send_email>, prepare_email already registered for DAG: example_dag_decorator
[2023-11-11T17:36:51.523+0000] {processor.py:766} INFO - DAG(s) dict_keys(['example_dag_decorator']) retrieved from /home/airflow/.local/lib/python3.7/site-packages/airflow/example_dags/example_dag_decorator.py
[2023-11-11T17:36:51.665+0000] {logging_mixin.py:120} INFO - [2023-11-11T17:36:51.665+0000] {dag.py:2585} INFO - Sync 1 DAGs
[2023-11-11T17:36:51.700+0000] {logging_mixin.py:120} INFO - [2023-11-11T17:36:51.699+0000] {dag.py:3340} INFO - Setting next_dagrun for example_dag_decorator to None, run_after=None
[2023-11-11T17:36:51.725+0000] {processor.py:176} INFO - Processing /home/airflow/.local/lib/python3.7/site-packages/airflow/example_dags/example_dag_decorator.py took 0.276 seconds
[2023-11-11T17:37:22.159+0000] {processor.py:154} INFO - Started process (PID=930) to work on /home/airflow/.local/lib/python3.7/site-packages/airflow/example_dags/example_dag_decorator.py
[2023-11-11T17:37:22.160+0000] {processor.py:756} INFO - Processing file /home/airflow/.local/lib/python3.7/site-packages/airflow/example_dags/example_dag_decorator.py for tasks to queue
[2023-11-11T17:37:22.161+0000] {logging_mixin.py:120} INFO - [2023-11-11T17:37:22.160+0000] {dagbag.py:537} INFO - Filling up the DagBag from /home/airflow/.local/lib/python3.7/site-packages/airflow/example_dags/example_dag_decorator.py
[2023-11-11T17:37:22.190+0000] {logging_mixin.py:120} INFO - [2023-11-11T17:37:22.190+0000] {taskmixin.py:205} WARNING - Dependency <Task(_PythonDecoratedOperator): prepare_email>, send_email already registered for DAG: example_dag_decorator
[2023-11-11T17:37:22.191+0000] {logging_mixin.py:120} INFO - [2023-11-11T17:37:22.191+0000] {taskmixin.py:205} WARNING - Dependency <Task(EmailOperator): send_email>, prepare_email already registered for DAG: example_dag_decorator
[2023-11-11T17:37:22.218+0000] {processor.py:766} INFO - DAG(s) dict_keys(['example_dag_decorator']) retrieved from /home/airflow/.local/lib/python3.7/site-packages/airflow/example_dags/example_dag_decorator.py
[2023-11-11T17:37:22.389+0000] {logging_mixin.py:120} INFO - [2023-11-11T17:37:22.389+0000] {dag.py:2585} INFO - Sync 1 DAGs
[2023-11-11T17:37:22.435+0000] {logging_mixin.py:120} INFO - [2023-11-11T17:37:22.435+0000] {dag.py:3340} INFO - Setting next_dagrun for example_dag_decorator to None, run_after=None
[2023-11-11T17:37:22.479+0000] {processor.py:176} INFO - Processing /home/airflow/.local/lib/python3.7/site-packages/airflow/example_dags/example_dag_decorator.py took 0.325 seconds
[2023-11-11T17:37:53.347+0000] {processor.py:154} INFO - Started process (PID=992) to work on /home/airflow/.local/lib/python3.7/site-packages/airflow/example_dags/example_dag_decorator.py
[2023-11-11T17:37:53.349+0000] {processor.py:756} INFO - Processing file /home/airflow/.local/lib/python3.7/site-packages/airflow/example_dags/example_dag_decorator.py for tasks to queue
[2023-11-11T17:37:53.351+0000] {logging_mixin.py:120} INFO - [2023-11-11T17:37:53.351+0000] {dagbag.py:537} INFO - Filling up the DagBag from /home/airflow/.local/lib/python3.7/site-packages/airflow/example_dags/example_dag_decorator.py
[2023-11-11T17:37:53.388+0000] {logging_mixin.py:120} INFO - [2023-11-11T17:37:53.388+0000] {taskmixin.py:205} WARNING - Dependency <Task(_PythonDecoratedOperator): prepare_email>, send_email already registered for DAG: example_dag_decorator
[2023-11-11T17:37:53.388+0000] {logging_mixin.py:120} INFO - [2023-11-11T17:37:53.388+0000] {taskmixin.py:205} WARNING - Dependency <Task(EmailOperator): send_email>, prepare_email already registered for DAG: example_dag_decorator
[2023-11-11T17:37:53.425+0000] {processor.py:766} INFO - DAG(s) dict_keys(['example_dag_decorator']) retrieved from /home/airflow/.local/lib/python3.7/site-packages/airflow/example_dags/example_dag_decorator.py
[2023-11-11T17:37:53.641+0000] {logging_mixin.py:120} INFO - [2023-11-11T17:37:53.641+0000] {dag.py:2585} INFO - Sync 1 DAGs
[2023-11-11T17:37:53.692+0000] {logging_mixin.py:120} INFO - [2023-11-11T17:37:53.691+0000] {dag.py:3340} INFO - Setting next_dagrun for example_dag_decorator to None, run_after=None
[2023-11-11T17:37:53.730+0000] {processor.py:176} INFO - Processing /home/airflow/.local/lib/python3.7/site-packages/airflow/example_dags/example_dag_decorator.py took 0.390 seconds
[2023-11-11T17:38:24.207+0000] {processor.py:154} INFO - Started process (PID=1045) to work on /home/airflow/.local/lib/python3.7/site-packages/airflow/example_dags/example_dag_decorator.py
[2023-11-11T17:38:24.209+0000] {processor.py:756} INFO - Processing file /home/airflow/.local/lib/python3.7/site-packages/airflow/example_dags/example_dag_decorator.py for tasks to queue
[2023-11-11T17:38:24.210+0000] {logging_mixin.py:120} INFO - [2023-11-11T17:38:24.210+0000] {dagbag.py:537} INFO - Filling up the DagBag from /home/airflow/.local/lib/python3.7/site-packages/airflow/example_dags/example_dag_decorator.py
[2023-11-11T17:38:24.238+0000] {logging_mixin.py:120} INFO - [2023-11-11T17:38:24.238+0000] {taskmixin.py:205} WARNING - Dependency <Task(_PythonDecoratedOperator): prepare_email>, send_email already registered for DAG: example_dag_decorator
[2023-11-11T17:38:24.239+0000] {logging_mixin.py:120} INFO - [2023-11-11T17:38:24.238+0000] {taskmixin.py:205} WARNING - Dependency <Task(EmailOperator): send_email>, prepare_email already registered for DAG: example_dag_decorator
[2023-11-11T17:38:24.263+0000] {processor.py:766} INFO - DAG(s) dict_keys(['example_dag_decorator']) retrieved from /home/airflow/.local/lib/python3.7/site-packages/airflow/example_dags/example_dag_decorator.py
[2023-11-11T17:38:24.434+0000] {logging_mixin.py:120} INFO - [2023-11-11T17:38:24.434+0000] {dag.py:2585} INFO - Sync 1 DAGs
[2023-11-11T17:38:24.478+0000] {logging_mixin.py:120} INFO - [2023-11-11T17:38:24.478+0000] {dag.py:3340} INFO - Setting next_dagrun for example_dag_decorator to None, run_after=None
[2023-11-11T17:38:24.518+0000] {processor.py:176} INFO - Processing /home/airflow/.local/lib/python3.7/site-packages/airflow/example_dags/example_dag_decorator.py took 0.319 seconds
[2023-11-11T17:38:54.773+0000] {processor.py:154} INFO - Started process (PID=1108) to work on /home/airflow/.local/lib/python3.7/site-packages/airflow/example_dags/example_dag_decorator.py
[2023-11-11T17:38:54.775+0000] {processor.py:756} INFO - Processing file /home/airflow/.local/lib/python3.7/site-packages/airflow/example_dags/example_dag_decorator.py for tasks to queue
[2023-11-11T17:38:54.777+0000] {logging_mixin.py:120} INFO - [2023-11-11T17:38:54.776+0000] {dagbag.py:537} INFO - Filling up the DagBag from /home/airflow/.local/lib/python3.7/site-packages/airflow/example_dags/example_dag_decorator.py
[2023-11-11T17:38:54.813+0000] {logging_mixin.py:120} INFO - [2023-11-11T17:38:54.813+0000] {taskmixin.py:205} WARNING - Dependency <Task(_PythonDecoratedOperator): prepare_email>, send_email already registered for DAG: example_dag_decorator
[2023-11-11T17:38:54.814+0000] {logging_mixin.py:120} INFO - [2023-11-11T17:38:54.813+0000] {taskmixin.py:205} WARNING - Dependency <Task(EmailOperator): send_email>, prepare_email already registered for DAG: example_dag_decorator
[2023-11-11T17:38:54.841+0000] {processor.py:766} INFO - DAG(s) dict_keys(['example_dag_decorator']) retrieved from /home/airflow/.local/lib/python3.7/site-packages/airflow/example_dags/example_dag_decorator.py
[2023-11-11T17:38:55.055+0000] {logging_mixin.py:120} INFO - [2023-11-11T17:38:55.055+0000] {dag.py:2585} INFO - Sync 1 DAGs
[2023-11-11T17:38:55.147+0000] {logging_mixin.py:120} INFO - [2023-11-11T17:38:55.147+0000] {dag.py:3340} INFO - Setting next_dagrun for example_dag_decorator to None, run_after=None
[2023-11-11T17:38:55.200+0000] {processor.py:176} INFO - Processing /home/airflow/.local/lib/python3.7/site-packages/airflow/example_dags/example_dag_decorator.py took 0.434 seconds
[2023-11-11T17:39:25.324+0000] {processor.py:154} INFO - Started process (PID=1162) to work on /home/airflow/.local/lib/python3.7/site-packages/airflow/example_dags/example_dag_decorator.py
[2023-11-11T17:39:25.325+0000] {processor.py:756} INFO - Processing file /home/airflow/.local/lib/python3.7/site-packages/airflow/example_dags/example_dag_decorator.py for tasks to queue
[2023-11-11T17:39:25.326+0000] {logging_mixin.py:120} INFO - [2023-11-11T17:39:25.326+0000] {dagbag.py:537} INFO - Filling up the DagBag from /home/airflow/.local/lib/python3.7/site-packages/airflow/example_dags/example_dag_decorator.py
[2023-11-11T17:39:25.349+0000] {logging_mixin.py:120} INFO - [2023-11-11T17:39:25.347+0000] {taskmixin.py:205} WARNING - Dependency <Task(_PythonDecoratedOperator): prepare_email>, send_email already registered for DAG: example_dag_decorator
[2023-11-11T17:39:25.349+0000] {logging_mixin.py:120} INFO - [2023-11-11T17:39:25.349+0000] {taskmixin.py:205} WARNING - Dependency <Task(EmailOperator): send_email>, prepare_email already registered for DAG: example_dag_decorator
[2023-11-11T17:39:25.376+0000] {processor.py:766} INFO - DAG(s) dict_keys(['example_dag_decorator']) retrieved from /home/airflow/.local/lib/python3.7/site-packages/airflow/example_dags/example_dag_decorator.py
[2023-11-11T17:39:25.521+0000] {logging_mixin.py:120} INFO - [2023-11-11T17:39:25.520+0000] {dag.py:2585} INFO - Sync 1 DAGs
[2023-11-11T17:39:25.559+0000] {logging_mixin.py:120} INFO - [2023-11-11T17:39:25.558+0000] {dag.py:3340} INFO - Setting next_dagrun for example_dag_decorator to None, run_after=None
[2023-11-11T17:39:25.594+0000] {processor.py:176} INFO - Processing /home/airflow/.local/lib/python3.7/site-packages/airflow/example_dags/example_dag_decorator.py took 0.278 seconds
