[2023-11-11T17:02:11.346+0000] {processor.py:154} INFO - Started process (PID=87) to work on /home/airflow/.local/lib/python3.7/site-packages/airflow/example_dags/example_trigger_target_dag.py
[2023-11-11T17:02:11.359+0000] {processor.py:756} INFO - Processing file /home/airflow/.local/lib/python3.7/site-packages/airflow/example_dags/example_trigger_target_dag.py for tasks to queue
[2023-11-11T17:02:11.367+0000] {logging_mixin.py:120} INFO - [2023-11-11T17:02:11.367+0000] {dagbag.py:537} INFO - Filling up the DagBag from /home/airflow/.local/lib/python3.7/site-packages/airflow/example_dags/example_trigger_target_dag.py
[2023-11-11T17:02:11.628+0000] {processor.py:766} INFO - DAG(s) dict_keys(['example_trigger_target_dag']) retrieved from /home/airflow/.local/lib/python3.7/site-packages/airflow/example_dags/example_trigger_target_dag.py
[2023-11-11T17:02:11.963+0000] {logging_mixin.py:120} INFO - [2023-11-11T17:02:11.963+0000] {dag.py:2585} INFO - Sync 1 DAGs
[2023-11-11T17:02:12.158+0000] {logging_mixin.py:120} INFO - [2023-11-11T17:02:12.157+0000] {dag.py:3340} INFO - Setting next_dagrun for example_trigger_target_dag to None, run_after=None
[2023-11-11T17:02:13.112+0000] {processor.py:176} INFO - Processing /home/airflow/.local/lib/python3.7/site-packages/airflow/example_dags/example_trigger_target_dag.py took 1.790 seconds
[2023-11-11T17:02:43.165+0000] {processor.py:154} INFO - Started process (PID=141) to work on /home/airflow/.local/lib/python3.7/site-packages/airflow/example_dags/example_trigger_target_dag.py
[2023-11-11T17:02:43.168+0000] {processor.py:756} INFO - Processing file /home/airflow/.local/lib/python3.7/site-packages/airflow/example_dags/example_trigger_target_dag.py for tasks to queue
[2023-11-11T17:02:43.169+0000] {logging_mixin.py:120} INFO - [2023-11-11T17:02:43.168+0000] {dagbag.py:537} INFO - Filling up the DagBag from /home/airflow/.local/lib/python3.7/site-packages/airflow/example_dags/example_trigger_target_dag.py
[2023-11-11T17:02:43.218+0000] {processor.py:766} INFO - DAG(s) dict_keys(['example_trigger_target_dag']) retrieved from /home/airflow/.local/lib/python3.7/site-packages/airflow/example_dags/example_trigger_target_dag.py
[2023-11-11T17:02:43.321+0000] {logging_mixin.py:120} INFO - [2023-11-11T17:02:43.321+0000] {dag.py:2585} INFO - Sync 1 DAGs
[2023-11-11T17:02:43.372+0000] {logging_mixin.py:120} INFO - [2023-11-11T17:02:43.372+0000] {dag.py:3340} INFO - Setting next_dagrun for example_trigger_target_dag to None, run_after=None
[2023-11-11T17:02:43.397+0000] {processor.py:176} INFO - Processing /home/airflow/.local/lib/python3.7/site-packages/airflow/example_dags/example_trigger_target_dag.py took 0.235 seconds
[2023-11-11T17:03:14.520+0000] {processor.py:154} INFO - Started process (PID=203) to work on /home/airflow/.local/lib/python3.7/site-packages/airflow/example_dags/example_trigger_target_dag.py
[2023-11-11T17:03:14.523+0000] {processor.py:756} INFO - Processing file /home/airflow/.local/lib/python3.7/site-packages/airflow/example_dags/example_trigger_target_dag.py for tasks to queue
[2023-11-11T17:03:14.528+0000] {logging_mixin.py:120} INFO - [2023-11-11T17:03:14.527+0000] {dagbag.py:537} INFO - Filling up the DagBag from /home/airflow/.local/lib/python3.7/site-packages/airflow/example_dags/example_trigger_target_dag.py
[2023-11-11T17:03:14.637+0000] {processor.py:766} INFO - DAG(s) dict_keys(['example_trigger_target_dag']) retrieved from /home/airflow/.local/lib/python3.7/site-packages/airflow/example_dags/example_trigger_target_dag.py
[2023-11-11T17:03:14.936+0000] {logging_mixin.py:120} INFO - [2023-11-11T17:03:14.936+0000] {dag.py:2585} INFO - Sync 1 DAGs
[2023-11-11T17:03:15.057+0000] {logging_mixin.py:120} INFO - [2023-11-11T17:03:15.057+0000] {dag.py:3340} INFO - Setting next_dagrun for example_trigger_target_dag to None, run_after=None
[2023-11-11T17:03:15.249+0000] {processor.py:176} INFO - Processing /home/airflow/.local/lib/python3.7/site-packages/airflow/example_dags/example_trigger_target_dag.py took 0.746 seconds
[2023-11-11T17:03:46.172+0000] {processor.py:154} INFO - Started process (PID=260) to work on /home/airflow/.local/lib/python3.7/site-packages/airflow/example_dags/example_trigger_target_dag.py
[2023-11-11T17:03:46.176+0000] {processor.py:756} INFO - Processing file /home/airflow/.local/lib/python3.7/site-packages/airflow/example_dags/example_trigger_target_dag.py for tasks to queue
[2023-11-11T17:03:46.177+0000] {logging_mixin.py:120} INFO - [2023-11-11T17:03:46.176+0000] {dagbag.py:537} INFO - Filling up the DagBag from /home/airflow/.local/lib/python3.7/site-packages/airflow/example_dags/example_trigger_target_dag.py
[2023-11-11T17:03:46.208+0000] {processor.py:766} INFO - DAG(s) dict_keys(['example_trigger_target_dag']) retrieved from /home/airflow/.local/lib/python3.7/site-packages/airflow/example_dags/example_trigger_target_dag.py
[2023-11-11T17:03:46.263+0000] {logging_mixin.py:120} INFO - [2023-11-11T17:03:46.263+0000] {dag.py:2585} INFO - Sync 1 DAGs
[2023-11-11T17:03:46.305+0000] {logging_mixin.py:120} INFO - [2023-11-11T17:03:46.305+0000] {dag.py:3340} INFO - Setting next_dagrun for example_trigger_target_dag to None, run_after=None
[2023-11-11T17:03:46.342+0000] {processor.py:176} INFO - Processing /home/airflow/.local/lib/python3.7/site-packages/airflow/example_dags/example_trigger_target_dag.py took 0.174 seconds
[2023-11-11T17:04:17.121+0000] {processor.py:154} INFO - Started process (PID=314) to work on /home/airflow/.local/lib/python3.7/site-packages/airflow/example_dags/example_trigger_target_dag.py
[2023-11-11T17:04:17.123+0000] {processor.py:756} INFO - Processing file /home/airflow/.local/lib/python3.7/site-packages/airflow/example_dags/example_trigger_target_dag.py for tasks to queue
[2023-11-11T17:04:17.125+0000] {logging_mixin.py:120} INFO - [2023-11-11T17:04:17.124+0000] {dagbag.py:537} INFO - Filling up the DagBag from /home/airflow/.local/lib/python3.7/site-packages/airflow/example_dags/example_trigger_target_dag.py
[2023-11-11T17:04:17.153+0000] {processor.py:766} INFO - DAG(s) dict_keys(['example_trigger_target_dag']) retrieved from /home/airflow/.local/lib/python3.7/site-packages/airflow/example_dags/example_trigger_target_dag.py
[2023-11-11T17:04:17.198+0000] {logging_mixin.py:120} INFO - [2023-11-11T17:04:17.198+0000] {dag.py:2585} INFO - Sync 1 DAGs
[2023-11-11T17:04:17.226+0000] {logging_mixin.py:120} INFO - [2023-11-11T17:04:17.226+0000] {dag.py:3340} INFO - Setting next_dagrun for example_trigger_target_dag to None, run_after=None
[2023-11-11T17:04:17.250+0000] {processor.py:176} INFO - Processing /home/airflow/.local/lib/python3.7/site-packages/airflow/example_dags/example_trigger_target_dag.py took 0.137 seconds
[2023-11-11T17:04:48.001+0000] {processor.py:154} INFO - Started process (PID=377) to work on /home/airflow/.local/lib/python3.7/site-packages/airflow/example_dags/example_trigger_target_dag.py
[2023-11-11T17:04:48.002+0000] {processor.py:756} INFO - Processing file /home/airflow/.local/lib/python3.7/site-packages/airflow/example_dags/example_trigger_target_dag.py for tasks to queue
[2023-11-11T17:04:48.003+0000] {logging_mixin.py:120} INFO - [2023-11-11T17:04:48.002+0000] {dagbag.py:537} INFO - Filling up the DagBag from /home/airflow/.local/lib/python3.7/site-packages/airflow/example_dags/example_trigger_target_dag.py
[2023-11-11T17:04:48.027+0000] {processor.py:766} INFO - DAG(s) dict_keys(['example_trigger_target_dag']) retrieved from /home/airflow/.local/lib/python3.7/site-packages/airflow/example_dags/example_trigger_target_dag.py
[2023-11-11T17:04:48.071+0000] {logging_mixin.py:120} INFO - [2023-11-11T17:04:48.071+0000] {dag.py:2585} INFO - Sync 1 DAGs
[2023-11-11T17:04:48.100+0000] {logging_mixin.py:120} INFO - [2023-11-11T17:04:48.100+0000] {dag.py:3340} INFO - Setting next_dagrun for example_trigger_target_dag to None, run_after=None
[2023-11-11T17:04:48.124+0000] {processor.py:176} INFO - Processing /home/airflow/.local/lib/python3.7/site-packages/airflow/example_dags/example_trigger_target_dag.py took 0.127 seconds
[2023-11-11T17:05:18.306+0000] {processor.py:154} INFO - Started process (PID=440) to work on /home/airflow/.local/lib/python3.7/site-packages/airflow/example_dags/example_trigger_target_dag.py
[2023-11-11T17:05:18.307+0000] {processor.py:756} INFO - Processing file /home/airflow/.local/lib/python3.7/site-packages/airflow/example_dags/example_trigger_target_dag.py for tasks to queue
[2023-11-11T17:05:18.308+0000] {logging_mixin.py:120} INFO - [2023-11-11T17:05:18.308+0000] {dagbag.py:537} INFO - Filling up the DagBag from /home/airflow/.local/lib/python3.7/site-packages/airflow/example_dags/example_trigger_target_dag.py
[2023-11-11T17:05:18.333+0000] {processor.py:766} INFO - DAG(s) dict_keys(['example_trigger_target_dag']) retrieved from /home/airflow/.local/lib/python3.7/site-packages/airflow/example_dags/example_trigger_target_dag.py
[2023-11-11T17:05:18.378+0000] {logging_mixin.py:120} INFO - [2023-11-11T17:05:18.378+0000] {dag.py:2585} INFO - Sync 1 DAGs
[2023-11-11T17:05:18.406+0000] {logging_mixin.py:120} INFO - [2023-11-11T17:05:18.405+0000] {dag.py:3340} INFO - Setting next_dagrun for example_trigger_target_dag to None, run_after=None
[2023-11-11T17:05:18.430+0000] {processor.py:176} INFO - Processing /home/airflow/.local/lib/python3.7/site-packages/airflow/example_dags/example_trigger_target_dag.py took 0.129 seconds
[2023-11-11T17:05:49.347+0000] {processor.py:154} INFO - Started process (PID=494) to work on /home/airflow/.local/lib/python3.7/site-packages/airflow/example_dags/example_trigger_target_dag.py
[2023-11-11T17:05:49.349+0000] {processor.py:756} INFO - Processing file /home/airflow/.local/lib/python3.7/site-packages/airflow/example_dags/example_trigger_target_dag.py for tasks to queue
[2023-11-11T17:05:49.350+0000] {logging_mixin.py:120} INFO - [2023-11-11T17:05:49.350+0000] {dagbag.py:537} INFO - Filling up the DagBag from /home/airflow/.local/lib/python3.7/site-packages/airflow/example_dags/example_trigger_target_dag.py
[2023-11-11T17:05:49.398+0000] {processor.py:766} INFO - DAG(s) dict_keys(['example_trigger_target_dag']) retrieved from /home/airflow/.local/lib/python3.7/site-packages/airflow/example_dags/example_trigger_target_dag.py
[2023-11-11T17:05:49.462+0000] {logging_mixin.py:120} INFO - [2023-11-11T17:05:49.462+0000] {dag.py:2585} INFO - Sync 1 DAGs
[2023-11-11T17:05:49.503+0000] {logging_mixin.py:120} INFO - [2023-11-11T17:05:49.503+0000] {dag.py:3340} INFO - Setting next_dagrun for example_trigger_target_dag to None, run_after=None
[2023-11-11T17:05:49.531+0000] {processor.py:176} INFO - Processing /home/airflow/.local/lib/python3.7/site-packages/airflow/example_dags/example_trigger_target_dag.py took 0.188 seconds
[2023-11-11T17:06:20.013+0000] {processor.py:154} INFO - Started process (PID=557) to work on /home/airflow/.local/lib/python3.7/site-packages/airflow/example_dags/example_trigger_target_dag.py
[2023-11-11T17:06:20.015+0000] {processor.py:756} INFO - Processing file /home/airflow/.local/lib/python3.7/site-packages/airflow/example_dags/example_trigger_target_dag.py for tasks to queue
[2023-11-11T17:06:20.016+0000] {logging_mixin.py:120} INFO - [2023-11-11T17:06:20.015+0000] {dagbag.py:537} INFO - Filling up the DagBag from /home/airflow/.local/lib/python3.7/site-packages/airflow/example_dags/example_trigger_target_dag.py
[2023-11-11T17:06:20.058+0000] {processor.py:766} INFO - DAG(s) dict_keys(['example_trigger_target_dag']) retrieved from /home/airflow/.local/lib/python3.7/site-packages/airflow/example_dags/example_trigger_target_dag.py
[2023-11-11T17:06:20.122+0000] {logging_mixin.py:120} INFO - [2023-11-11T17:06:20.122+0000] {dag.py:2585} INFO - Sync 1 DAGs
[2023-11-11T17:06:20.163+0000] {logging_mixin.py:120} INFO - [2023-11-11T17:06:20.163+0000] {dag.py:3340} INFO - Setting next_dagrun for example_trigger_target_dag to None, run_after=None
[2023-11-11T17:06:20.198+0000] {processor.py:176} INFO - Processing /home/airflow/.local/lib/python3.7/site-packages/airflow/example_dags/example_trigger_target_dag.py took 0.190 seconds
[2023-11-11T17:06:50.354+0000] {processor.py:154} INFO - Started process (PID=611) to work on /home/airflow/.local/lib/python3.7/site-packages/airflow/example_dags/example_trigger_target_dag.py
[2023-11-11T17:06:50.355+0000] {processor.py:756} INFO - Processing file /home/airflow/.local/lib/python3.7/site-packages/airflow/example_dags/example_trigger_target_dag.py for tasks to queue
[2023-11-11T17:06:50.357+0000] {logging_mixin.py:120} INFO - [2023-11-11T17:06:50.356+0000] {dagbag.py:537} INFO - Filling up the DagBag from /home/airflow/.local/lib/python3.7/site-packages/airflow/example_dags/example_trigger_target_dag.py
[2023-11-11T17:06:50.383+0000] {processor.py:766} INFO - DAG(s) dict_keys(['example_trigger_target_dag']) retrieved from /home/airflow/.local/lib/python3.7/site-packages/airflow/example_dags/example_trigger_target_dag.py
[2023-11-11T17:06:50.432+0000] {logging_mixin.py:120} INFO - [2023-11-11T17:06:50.431+0000] {dag.py:2585} INFO - Sync 1 DAGs
[2023-11-11T17:06:50.464+0000] {logging_mixin.py:120} INFO - [2023-11-11T17:06:50.463+0000] {dag.py:3340} INFO - Setting next_dagrun for example_trigger_target_dag to None, run_after=None
[2023-11-11T17:06:50.488+0000] {processor.py:176} INFO - Processing /home/airflow/.local/lib/python3.7/site-packages/airflow/example_dags/example_trigger_target_dag.py took 0.137 seconds
[2023-11-11T17:07:20.615+0000] {processor.py:154} INFO - Started process (PID=674) to work on /home/airflow/.local/lib/python3.7/site-packages/airflow/example_dags/example_trigger_target_dag.py
[2023-11-11T17:07:20.617+0000] {processor.py:756} INFO - Processing file /home/airflow/.local/lib/python3.7/site-packages/airflow/example_dags/example_trigger_target_dag.py for tasks to queue
[2023-11-11T17:07:20.618+0000] {logging_mixin.py:120} INFO - [2023-11-11T17:07:20.618+0000] {dagbag.py:537} INFO - Filling up the DagBag from /home/airflow/.local/lib/python3.7/site-packages/airflow/example_dags/example_trigger_target_dag.py
[2023-11-11T17:07:20.673+0000] {processor.py:766} INFO - DAG(s) dict_keys(['example_trigger_target_dag']) retrieved from /home/airflow/.local/lib/python3.7/site-packages/airflow/example_dags/example_trigger_target_dag.py
[2023-11-11T17:07:20.767+0000] {logging_mixin.py:120} INFO - [2023-11-11T17:07:20.766+0000] {dag.py:2585} INFO - Sync 1 DAGs
[2023-11-11T17:07:20.820+0000] {logging_mixin.py:120} INFO - [2023-11-11T17:07:20.820+0000] {dag.py:3340} INFO - Setting next_dagrun for example_trigger_target_dag to None, run_after=None
[2023-11-11T17:07:20.867+0000] {processor.py:176} INFO - Processing /home/airflow/.local/lib/python3.7/site-packages/airflow/example_dags/example_trigger_target_dag.py took 0.259 seconds
[2023-11-11T17:30:01.295+0000] {processor.py:154} INFO - Started process (PID=112) to work on /home/airflow/.local/lib/python3.7/site-packages/airflow/example_dags/example_trigger_target_dag.py
[2023-11-11T17:30:01.543+0000] {processor.py:756} INFO - Processing file /home/airflow/.local/lib/python3.7/site-packages/airflow/example_dags/example_trigger_target_dag.py for tasks to queue
[2023-11-11T17:30:01.551+0000] {logging_mixin.py:120} INFO - [2023-11-11T17:30:01.550+0000] {dagbag.py:537} INFO - Filling up the DagBag from /home/airflow/.local/lib/python3.7/site-packages/airflow/example_dags/example_trigger_target_dag.py
[2023-11-11T17:30:01.706+0000] {processor.py:766} INFO - DAG(s) dict_keys(['example_trigger_target_dag']) retrieved from /home/airflow/.local/lib/python3.7/site-packages/airflow/example_dags/example_trigger_target_dag.py
[2023-11-11T17:30:03.097+0000] {logging_mixin.py:120} INFO - [2023-11-11T17:30:03.077+0000] {manager.py:507} INFO - Created Permission View: can read on DAG:example_trigger_target_dag
[2023-11-11T17:30:03.161+0000] {logging_mixin.py:120} INFO - [2023-11-11T17:30:03.156+0000] {manager.py:507} INFO - Created Permission View: can delete on DAG:example_trigger_target_dag
[2023-11-11T17:30:03.241+0000] {logging_mixin.py:120} INFO - [2023-11-11T17:30:03.240+0000] {manager.py:507} INFO - Created Permission View: can edit on DAG:example_trigger_target_dag
[2023-11-11T17:30:03.241+0000] {logging_mixin.py:120} INFO - [2023-11-11T17:30:03.241+0000] {dag.py:2585} INFO - Sync 1 DAGs
[2023-11-11T17:30:03.407+0000] {logging_mixin.py:120} INFO - [2023-11-11T17:30:03.406+0000] {dag.py:2606} INFO - Creating ORM DAG for example_trigger_target_dag
[2023-11-11T17:30:03.598+0000] {logging_mixin.py:120} INFO - [2023-11-11T17:30:03.598+0000] {dag.py:3340} INFO - Setting next_dagrun for example_trigger_target_dag to None, run_after=None
[2023-11-11T17:30:03.729+0000] {processor.py:176} INFO - Processing /home/airflow/.local/lib/python3.7/site-packages/airflow/example_dags/example_trigger_target_dag.py took 2.489 seconds
[2023-11-11T17:30:33.922+0000] {processor.py:154} INFO - Started process (PID=166) to work on /home/airflow/.local/lib/python3.7/site-packages/airflow/example_dags/example_trigger_target_dag.py
[2023-11-11T17:30:34.059+0000] {processor.py:756} INFO - Processing file /home/airflow/.local/lib/python3.7/site-packages/airflow/example_dags/example_trigger_target_dag.py for tasks to queue
[2023-11-11T17:30:34.060+0000] {logging_mixin.py:120} INFO - [2023-11-11T17:30:34.060+0000] {dagbag.py:537} INFO - Filling up the DagBag from /home/airflow/.local/lib/python3.7/site-packages/airflow/example_dags/example_trigger_target_dag.py
[2023-11-11T17:30:34.408+0000] {processor.py:766} INFO - DAG(s) dict_keys(['example_trigger_target_dag']) retrieved from /home/airflow/.local/lib/python3.7/site-packages/airflow/example_dags/example_trigger_target_dag.py
[2023-11-11T17:30:34.624+0000] {logging_mixin.py:120} INFO - [2023-11-11T17:30:34.624+0000] {dag.py:2585} INFO - Sync 1 DAGs
[2023-11-11T17:30:34.734+0000] {logging_mixin.py:120} INFO - [2023-11-11T17:30:34.733+0000] {dag.py:3340} INFO - Setting next_dagrun for example_trigger_target_dag to None, run_after=None
[2023-11-11T17:30:34.807+0000] {processor.py:176} INFO - Processing /home/airflow/.local/lib/python3.7/site-packages/airflow/example_dags/example_trigger_target_dag.py took 0.912 seconds
[2023-11-11T17:31:05.585+0000] {processor.py:154} INFO - Started process (PID=221) to work on /home/airflow/.local/lib/python3.7/site-packages/airflow/example_dags/example_trigger_target_dag.py
[2023-11-11T17:31:05.597+0000] {processor.py:756} INFO - Processing file /home/airflow/.local/lib/python3.7/site-packages/airflow/example_dags/example_trigger_target_dag.py for tasks to queue
[2023-11-11T17:31:05.614+0000] {logging_mixin.py:120} INFO - [2023-11-11T17:31:05.610+0000] {dagbag.py:537} INFO - Filling up the DagBag from /home/airflow/.local/lib/python3.7/site-packages/airflow/example_dags/example_trigger_target_dag.py
[2023-11-11T17:31:05.768+0000] {processor.py:766} INFO - DAG(s) dict_keys(['example_trigger_target_dag']) retrieved from /home/airflow/.local/lib/python3.7/site-packages/airflow/example_dags/example_trigger_target_dag.py
[2023-11-11T17:31:06.166+0000] {logging_mixin.py:120} INFO - [2023-11-11T17:31:06.165+0000] {dag.py:2585} INFO - Sync 1 DAGs
[2023-11-11T17:31:06.261+0000] {logging_mixin.py:120} INFO - [2023-11-11T17:31:06.261+0000] {dag.py:3340} INFO - Setting next_dagrun for example_trigger_target_dag to None, run_after=None
[2023-11-11T17:31:06.333+0000] {processor.py:176} INFO - Processing /home/airflow/.local/lib/python3.7/site-packages/airflow/example_dags/example_trigger_target_dag.py took 0.772 seconds
[2023-11-11T17:31:36.905+0000] {processor.py:154} INFO - Started process (PID=275) to work on /home/airflow/.local/lib/python3.7/site-packages/airflow/example_dags/example_trigger_target_dag.py
[2023-11-11T17:31:36.907+0000] {processor.py:756} INFO - Processing file /home/airflow/.local/lib/python3.7/site-packages/airflow/example_dags/example_trigger_target_dag.py for tasks to queue
[2023-11-11T17:31:36.910+0000] {logging_mixin.py:120} INFO - [2023-11-11T17:31:36.910+0000] {dagbag.py:537} INFO - Filling up the DagBag from /home/airflow/.local/lib/python3.7/site-packages/airflow/example_dags/example_trigger_target_dag.py
[2023-11-11T17:31:36.967+0000] {processor.py:766} INFO - DAG(s) dict_keys(['example_trigger_target_dag']) retrieved from /home/airflow/.local/lib/python3.7/site-packages/airflow/example_dags/example_trigger_target_dag.py
[2023-11-11T17:31:37.055+0000] {logging_mixin.py:120} INFO - [2023-11-11T17:31:37.055+0000] {dag.py:2585} INFO - Sync 1 DAGs
[2023-11-11T17:31:37.168+0000] {logging_mixin.py:120} INFO - [2023-11-11T17:31:37.167+0000] {dag.py:3340} INFO - Setting next_dagrun for example_trigger_target_dag to None, run_after=None
[2023-11-11T17:31:37.229+0000] {processor.py:176} INFO - Processing /home/airflow/.local/lib/python3.7/site-packages/airflow/example_dags/example_trigger_target_dag.py took 0.335 seconds
[2023-11-11T17:32:07.760+0000] {processor.py:154} INFO - Started process (PID=329) to work on /home/airflow/.local/lib/python3.7/site-packages/airflow/example_dags/example_trigger_target_dag.py
[2023-11-11T17:32:07.763+0000] {processor.py:756} INFO - Processing file /home/airflow/.local/lib/python3.7/site-packages/airflow/example_dags/example_trigger_target_dag.py for tasks to queue
[2023-11-11T17:32:07.765+0000] {logging_mixin.py:120} INFO - [2023-11-11T17:32:07.765+0000] {dagbag.py:537} INFO - Filling up the DagBag from /home/airflow/.local/lib/python3.7/site-packages/airflow/example_dags/example_trigger_target_dag.py
[2023-11-11T17:32:07.809+0000] {processor.py:766} INFO - DAG(s) dict_keys(['example_trigger_target_dag']) retrieved from /home/airflow/.local/lib/python3.7/site-packages/airflow/example_dags/example_trigger_target_dag.py
[2023-11-11T17:32:07.884+0000] {logging_mixin.py:120} INFO - [2023-11-11T17:32:07.884+0000] {dag.py:2585} INFO - Sync 1 DAGs
[2023-11-11T17:32:07.936+0000] {logging_mixin.py:120} INFO - [2023-11-11T17:32:07.936+0000] {dag.py:3340} INFO - Setting next_dagrun for example_trigger_target_dag to None, run_after=None
[2023-11-11T17:32:07.975+0000] {processor.py:176} INFO - Processing /home/airflow/.local/lib/python3.7/site-packages/airflow/example_dags/example_trigger_target_dag.py took 0.219 seconds
[2023-11-11T17:32:38.136+0000] {processor.py:154} INFO - Started process (PID=383) to work on /home/airflow/.local/lib/python3.7/site-packages/airflow/example_dags/example_trigger_target_dag.py
[2023-11-11T17:32:38.141+0000] {processor.py:756} INFO - Processing file /home/airflow/.local/lib/python3.7/site-packages/airflow/example_dags/example_trigger_target_dag.py for tasks to queue
[2023-11-11T17:32:38.143+0000] {logging_mixin.py:120} INFO - [2023-11-11T17:32:38.142+0000] {dagbag.py:537} INFO - Filling up the DagBag from /home/airflow/.local/lib/python3.7/site-packages/airflow/example_dags/example_trigger_target_dag.py
[2023-11-11T17:32:38.214+0000] {processor.py:766} INFO - DAG(s) dict_keys(['example_trigger_target_dag']) retrieved from /home/airflow/.local/lib/python3.7/site-packages/airflow/example_dags/example_trigger_target_dag.py
[2023-11-11T17:32:38.320+0000] {logging_mixin.py:120} INFO - [2023-11-11T17:32:38.319+0000] {dag.py:2585} INFO - Sync 1 DAGs
[2023-11-11T17:32:38.395+0000] {logging_mixin.py:120} INFO - [2023-11-11T17:32:38.395+0000] {dag.py:3340} INFO - Setting next_dagrun for example_trigger_target_dag to None, run_after=None
[2023-11-11T17:32:38.463+0000] {processor.py:176} INFO - Processing /home/airflow/.local/lib/python3.7/site-packages/airflow/example_dags/example_trigger_target_dag.py took 0.338 seconds
[2023-11-11T17:33:08.566+0000] {processor.py:154} INFO - Started process (PID=446) to work on /home/airflow/.local/lib/python3.7/site-packages/airflow/example_dags/example_trigger_target_dag.py
[2023-11-11T17:33:08.567+0000] {processor.py:756} INFO - Processing file /home/airflow/.local/lib/python3.7/site-packages/airflow/example_dags/example_trigger_target_dag.py for tasks to queue
[2023-11-11T17:33:08.569+0000] {logging_mixin.py:120} INFO - [2023-11-11T17:33:08.569+0000] {dagbag.py:537} INFO - Filling up the DagBag from /home/airflow/.local/lib/python3.7/site-packages/airflow/example_dags/example_trigger_target_dag.py
[2023-11-11T17:33:08.620+0000] {processor.py:766} INFO - DAG(s) dict_keys(['example_trigger_target_dag']) retrieved from /home/airflow/.local/lib/python3.7/site-packages/airflow/example_dags/example_trigger_target_dag.py
[2023-11-11T17:33:08.724+0000] {logging_mixin.py:120} INFO - [2023-11-11T17:33:08.723+0000] {dag.py:2585} INFO - Sync 1 DAGs
[2023-11-11T17:33:08.786+0000] {logging_mixin.py:120} INFO - [2023-11-11T17:33:08.786+0000] {dag.py:3340} INFO - Setting next_dagrun for example_trigger_target_dag to None, run_after=None
[2023-11-11T17:33:08.839+0000] {processor.py:176} INFO - Processing /home/airflow/.local/lib/python3.7/site-packages/airflow/example_dags/example_trigger_target_dag.py took 0.282 seconds
[2023-11-11T17:33:39.859+0000] {processor.py:154} INFO - Started process (PID=501) to work on /home/airflow/.local/lib/python3.7/site-packages/airflow/example_dags/example_trigger_target_dag.py
[2023-11-11T17:33:39.863+0000] {processor.py:756} INFO - Processing file /home/airflow/.local/lib/python3.7/site-packages/airflow/example_dags/example_trigger_target_dag.py for tasks to queue
[2023-11-11T17:33:39.864+0000] {logging_mixin.py:120} INFO - [2023-11-11T17:33:39.863+0000] {dagbag.py:537} INFO - Filling up the DagBag from /home/airflow/.local/lib/python3.7/site-packages/airflow/example_dags/example_trigger_target_dag.py
[2023-11-11T17:33:39.896+0000] {processor.py:766} INFO - DAG(s) dict_keys(['example_trigger_target_dag']) retrieved from /home/airflow/.local/lib/python3.7/site-packages/airflow/example_dags/example_trigger_target_dag.py
[2023-11-11T17:33:39.951+0000] {logging_mixin.py:120} INFO - [2023-11-11T17:33:39.951+0000] {dag.py:2585} INFO - Sync 1 DAGs
[2023-11-11T17:33:39.994+0000] {logging_mixin.py:120} INFO - [2023-11-11T17:33:39.994+0000] {dag.py:3340} INFO - Setting next_dagrun for example_trigger_target_dag to None, run_after=None
[2023-11-11T17:33:40.048+0000] {processor.py:176} INFO - Processing /home/airflow/.local/lib/python3.7/site-packages/airflow/example_dags/example_trigger_target_dag.py took 0.193 seconds
[2023-11-11T17:34:10.158+0000] {processor.py:154} INFO - Started process (PID=556) to work on /home/airflow/.local/lib/python3.7/site-packages/airflow/example_dags/example_trigger_target_dag.py
[2023-11-11T17:34:10.159+0000] {processor.py:756} INFO - Processing file /home/airflow/.local/lib/python3.7/site-packages/airflow/example_dags/example_trigger_target_dag.py for tasks to queue
[2023-11-11T17:34:10.160+0000] {logging_mixin.py:120} INFO - [2023-11-11T17:34:10.160+0000] {dagbag.py:537} INFO - Filling up the DagBag from /home/airflow/.local/lib/python3.7/site-packages/airflow/example_dags/example_trigger_target_dag.py
[2023-11-11T17:34:10.192+0000] {processor.py:766} INFO - DAG(s) dict_keys(['example_trigger_target_dag']) retrieved from /home/airflow/.local/lib/python3.7/site-packages/airflow/example_dags/example_trigger_target_dag.py
[2023-11-11T17:34:10.293+0000] {logging_mixin.py:120} INFO - [2023-11-11T17:34:10.292+0000] {dag.py:2585} INFO - Sync 1 DAGs
[2023-11-11T17:34:10.351+0000] {logging_mixin.py:120} INFO - [2023-11-11T17:34:10.351+0000] {dag.py:3340} INFO - Setting next_dagrun for example_trigger_target_dag to None, run_after=None
[2023-11-11T17:34:10.391+0000] {processor.py:176} INFO - Processing /home/airflow/.local/lib/python3.7/site-packages/airflow/example_dags/example_trigger_target_dag.py took 0.241 seconds
[2023-11-11T17:34:40.604+0000] {processor.py:154} INFO - Started process (PID=619) to work on /home/airflow/.local/lib/python3.7/site-packages/airflow/example_dags/example_trigger_target_dag.py
[2023-11-11T17:34:40.606+0000] {processor.py:756} INFO - Processing file /home/airflow/.local/lib/python3.7/site-packages/airflow/example_dags/example_trigger_target_dag.py for tasks to queue
[2023-11-11T17:34:40.607+0000] {logging_mixin.py:120} INFO - [2023-11-11T17:34:40.607+0000] {dagbag.py:537} INFO - Filling up the DagBag from /home/airflow/.local/lib/python3.7/site-packages/airflow/example_dags/example_trigger_target_dag.py
[2023-11-11T17:34:40.645+0000] {processor.py:766} INFO - DAG(s) dict_keys(['example_trigger_target_dag']) retrieved from /home/airflow/.local/lib/python3.7/site-packages/airflow/example_dags/example_trigger_target_dag.py
[2023-11-11T17:34:40.721+0000] {logging_mixin.py:120} INFO - [2023-11-11T17:34:40.721+0000] {dag.py:2585} INFO - Sync 1 DAGs
[2023-11-11T17:34:40.755+0000] {logging_mixin.py:120} INFO - [2023-11-11T17:34:40.755+0000] {dag.py:3340} INFO - Setting next_dagrun for example_trigger_target_dag to None, run_after=None
[2023-11-11T17:34:40.781+0000] {processor.py:176} INFO - Processing /home/airflow/.local/lib/python3.7/site-packages/airflow/example_dags/example_trigger_target_dag.py took 0.184 seconds
[2023-11-11T17:35:11.604+0000] {processor.py:154} INFO - Started process (PID=674) to work on /home/airflow/.local/lib/python3.7/site-packages/airflow/example_dags/example_trigger_target_dag.py
[2023-11-11T17:35:11.605+0000] {processor.py:756} INFO - Processing file /home/airflow/.local/lib/python3.7/site-packages/airflow/example_dags/example_trigger_target_dag.py for tasks to queue
[2023-11-11T17:35:11.607+0000] {logging_mixin.py:120} INFO - [2023-11-11T17:35:11.607+0000] {dagbag.py:537} INFO - Filling up the DagBag from /home/airflow/.local/lib/python3.7/site-packages/airflow/example_dags/example_trigger_target_dag.py
[2023-11-11T17:35:11.643+0000] {processor.py:766} INFO - DAG(s) dict_keys(['example_trigger_target_dag']) retrieved from /home/airflow/.local/lib/python3.7/site-packages/airflow/example_dags/example_trigger_target_dag.py
[2023-11-11T17:35:11.719+0000] {logging_mixin.py:120} INFO - [2023-11-11T17:35:11.718+0000] {dag.py:2585} INFO - Sync 1 DAGs
[2023-11-11T17:35:11.765+0000] {logging_mixin.py:120} INFO - [2023-11-11T17:35:11.765+0000] {dag.py:3340} INFO - Setting next_dagrun for example_trigger_target_dag to None, run_after=None
[2023-11-11T17:35:11.804+0000] {processor.py:176} INFO - Processing /home/airflow/.local/lib/python3.7/site-packages/airflow/example_dags/example_trigger_target_dag.py took 0.208 seconds
[2023-11-11T17:35:42.052+0000] {processor.py:154} INFO - Started process (PID=737) to work on /home/airflow/.local/lib/python3.7/site-packages/airflow/example_dags/example_trigger_target_dag.py
[2023-11-11T17:35:42.053+0000] {processor.py:756} INFO - Processing file /home/airflow/.local/lib/python3.7/site-packages/airflow/example_dags/example_trigger_target_dag.py for tasks to queue
[2023-11-11T17:35:42.054+0000] {logging_mixin.py:120} INFO - [2023-11-11T17:35:42.054+0000] {dagbag.py:537} INFO - Filling up the DagBag from /home/airflow/.local/lib/python3.7/site-packages/airflow/example_dags/example_trigger_target_dag.py
[2023-11-11T17:35:42.089+0000] {processor.py:766} INFO - DAG(s) dict_keys(['example_trigger_target_dag']) retrieved from /home/airflow/.local/lib/python3.7/site-packages/airflow/example_dags/example_trigger_target_dag.py
[2023-11-11T17:35:42.150+0000] {logging_mixin.py:120} INFO - [2023-11-11T17:35:42.150+0000] {dag.py:2585} INFO - Sync 1 DAGs
[2023-11-11T17:35:42.197+0000] {logging_mixin.py:120} INFO - [2023-11-11T17:35:42.196+0000] {dag.py:3340} INFO - Setting next_dagrun for example_trigger_target_dag to None, run_after=None
[2023-11-11T17:35:42.225+0000] {processor.py:176} INFO - Processing /home/airflow/.local/lib/python3.7/site-packages/airflow/example_dags/example_trigger_target_dag.py took 0.177 seconds
[2023-11-11T17:36:12.513+0000] {processor.py:154} INFO - Started process (PID=791) to work on /home/airflow/.local/lib/python3.7/site-packages/airflow/example_dags/example_trigger_target_dag.py
[2023-11-11T17:36:12.516+0000] {processor.py:756} INFO - Processing file /home/airflow/.local/lib/python3.7/site-packages/airflow/example_dags/example_trigger_target_dag.py for tasks to queue
[2023-11-11T17:36:12.517+0000] {logging_mixin.py:120} INFO - [2023-11-11T17:36:12.517+0000] {dagbag.py:537} INFO - Filling up the DagBag from /home/airflow/.local/lib/python3.7/site-packages/airflow/example_dags/example_trigger_target_dag.py
[2023-11-11T17:36:12.547+0000] {processor.py:766} INFO - DAG(s) dict_keys(['example_trigger_target_dag']) retrieved from /home/airflow/.local/lib/python3.7/site-packages/airflow/example_dags/example_trigger_target_dag.py
[2023-11-11T17:36:12.621+0000] {logging_mixin.py:120} INFO - [2023-11-11T17:36:12.621+0000] {dag.py:2585} INFO - Sync 1 DAGs
[2023-11-11T17:36:12.663+0000] {logging_mixin.py:120} INFO - [2023-11-11T17:36:12.662+0000] {dag.py:3340} INFO - Setting next_dagrun for example_trigger_target_dag to None, run_after=None
[2023-11-11T17:36:12.692+0000] {processor.py:176} INFO - Processing /home/airflow/.local/lib/python3.7/site-packages/airflow/example_dags/example_trigger_target_dag.py took 0.185 seconds
[2023-11-11T17:36:42.891+0000] {processor.py:154} INFO - Started process (PID=854) to work on /home/airflow/.local/lib/python3.7/site-packages/airflow/example_dags/example_trigger_target_dag.py
[2023-11-11T17:36:42.893+0000] {processor.py:756} INFO - Processing file /home/airflow/.local/lib/python3.7/site-packages/airflow/example_dags/example_trigger_target_dag.py for tasks to queue
[2023-11-11T17:36:42.894+0000] {logging_mixin.py:120} INFO - [2023-11-11T17:36:42.894+0000] {dagbag.py:537} INFO - Filling up the DagBag from /home/airflow/.local/lib/python3.7/site-packages/airflow/example_dags/example_trigger_target_dag.py
[2023-11-11T17:36:42.940+0000] {processor.py:766} INFO - DAG(s) dict_keys(['example_trigger_target_dag']) retrieved from /home/airflow/.local/lib/python3.7/site-packages/airflow/example_dags/example_trigger_target_dag.py
[2023-11-11T17:36:42.996+0000] {logging_mixin.py:120} INFO - [2023-11-11T17:36:42.996+0000] {dag.py:2585} INFO - Sync 1 DAGs
[2023-11-11T17:36:43.039+0000] {logging_mixin.py:120} INFO - [2023-11-11T17:36:43.039+0000] {dag.py:3340} INFO - Setting next_dagrun for example_trigger_target_dag to None, run_after=None
[2023-11-11T17:36:43.070+0000] {processor.py:176} INFO - Processing /home/airflow/.local/lib/python3.7/site-packages/airflow/example_dags/example_trigger_target_dag.py took 0.183 seconds
[2023-11-11T17:37:13.112+0000] {processor.py:154} INFO - Started process (PID=908) to work on /home/airflow/.local/lib/python3.7/site-packages/airflow/example_dags/example_trigger_target_dag.py
[2023-11-11T17:37:13.115+0000] {processor.py:756} INFO - Processing file /home/airflow/.local/lib/python3.7/site-packages/airflow/example_dags/example_trigger_target_dag.py for tasks to queue
[2023-11-11T17:37:13.118+0000] {logging_mixin.py:120} INFO - [2023-11-11T17:37:13.118+0000] {dagbag.py:537} INFO - Filling up the DagBag from /home/airflow/.local/lib/python3.7/site-packages/airflow/example_dags/example_trigger_target_dag.py
[2023-11-11T17:37:13.154+0000] {processor.py:766} INFO - DAG(s) dict_keys(['example_trigger_target_dag']) retrieved from /home/airflow/.local/lib/python3.7/site-packages/airflow/example_dags/example_trigger_target_dag.py
[2023-11-11T17:37:13.221+0000] {logging_mixin.py:120} INFO - [2023-11-11T17:37:13.221+0000] {dag.py:2585} INFO - Sync 1 DAGs
[2023-11-11T17:37:13.268+0000] {logging_mixin.py:120} INFO - [2023-11-11T17:37:13.267+0000] {dag.py:3340} INFO - Setting next_dagrun for example_trigger_target_dag to None, run_after=None
[2023-11-11T17:37:13.295+0000] {processor.py:176} INFO - Processing /home/airflow/.local/lib/python3.7/site-packages/airflow/example_dags/example_trigger_target_dag.py took 0.191 seconds
[2023-11-11T17:37:43.555+0000] {processor.py:154} INFO - Started process (PID=971) to work on /home/airflow/.local/lib/python3.7/site-packages/airflow/example_dags/example_trigger_target_dag.py
[2023-11-11T17:37:43.556+0000] {processor.py:756} INFO - Processing file /home/airflow/.local/lib/python3.7/site-packages/airflow/example_dags/example_trigger_target_dag.py for tasks to queue
[2023-11-11T17:37:43.558+0000] {logging_mixin.py:120} INFO - [2023-11-11T17:37:43.557+0000] {dagbag.py:537} INFO - Filling up the DagBag from /home/airflow/.local/lib/python3.7/site-packages/airflow/example_dags/example_trigger_target_dag.py
[2023-11-11T17:37:43.597+0000] {processor.py:766} INFO - DAG(s) dict_keys(['example_trigger_target_dag']) retrieved from /home/airflow/.local/lib/python3.7/site-packages/airflow/example_dags/example_trigger_target_dag.py
[2023-11-11T17:37:43.659+0000] {logging_mixin.py:120} INFO - [2023-11-11T17:37:43.658+0000] {dag.py:2585} INFO - Sync 1 DAGs
[2023-11-11T17:37:43.696+0000] {logging_mixin.py:120} INFO - [2023-11-11T17:37:43.696+0000] {dag.py:3340} INFO - Setting next_dagrun for example_trigger_target_dag to None, run_after=None
[2023-11-11T17:37:43.718+0000] {processor.py:176} INFO - Processing /home/airflow/.local/lib/python3.7/site-packages/airflow/example_dags/example_trigger_target_dag.py took 0.170 seconds
[2023-11-11T17:38:13.970+0000] {processor.py:154} INFO - Started process (PID=1025) to work on /home/airflow/.local/lib/python3.7/site-packages/airflow/example_dags/example_trigger_target_dag.py
[2023-11-11T17:38:13.974+0000] {processor.py:756} INFO - Processing file /home/airflow/.local/lib/python3.7/site-packages/airflow/example_dags/example_trigger_target_dag.py for tasks to queue
[2023-11-11T17:38:13.977+0000] {logging_mixin.py:120} INFO - [2023-11-11T17:38:13.977+0000] {dagbag.py:537} INFO - Filling up the DagBag from /home/airflow/.local/lib/python3.7/site-packages/airflow/example_dags/example_trigger_target_dag.py
[2023-11-11T17:38:14.030+0000] {processor.py:766} INFO - DAG(s) dict_keys(['example_trigger_target_dag']) retrieved from /home/airflow/.local/lib/python3.7/site-packages/airflow/example_dags/example_trigger_target_dag.py
[2023-11-11T17:38:14.128+0000] {logging_mixin.py:120} INFO - [2023-11-11T17:38:14.128+0000] {dag.py:2585} INFO - Sync 1 DAGs
[2023-11-11T17:38:14.197+0000] {logging_mixin.py:120} INFO - [2023-11-11T17:38:14.197+0000] {dag.py:3340} INFO - Setting next_dagrun for example_trigger_target_dag to None, run_after=None
[2023-11-11T17:38:14.253+0000] {processor.py:176} INFO - Processing /home/airflow/.local/lib/python3.7/site-packages/airflow/example_dags/example_trigger_target_dag.py took 0.289 seconds
[2023-11-11T17:38:44.571+0000] {processor.py:154} INFO - Started process (PID=1088) to work on /home/airflow/.local/lib/python3.7/site-packages/airflow/example_dags/example_trigger_target_dag.py
[2023-11-11T17:38:44.574+0000] {processor.py:756} INFO - Processing file /home/airflow/.local/lib/python3.7/site-packages/airflow/example_dags/example_trigger_target_dag.py for tasks to queue
[2023-11-11T17:38:44.576+0000] {logging_mixin.py:120} INFO - [2023-11-11T17:38:44.576+0000] {dagbag.py:537} INFO - Filling up the DagBag from /home/airflow/.local/lib/python3.7/site-packages/airflow/example_dags/example_trigger_target_dag.py
[2023-11-11T17:38:44.633+0000] {processor.py:766} INFO - DAG(s) dict_keys(['example_trigger_target_dag']) retrieved from /home/airflow/.local/lib/python3.7/site-packages/airflow/example_dags/example_trigger_target_dag.py
[2023-11-11T17:38:44.727+0000] {logging_mixin.py:120} INFO - [2023-11-11T17:38:44.727+0000] {dag.py:2585} INFO - Sync 1 DAGs
[2023-11-11T17:38:44.805+0000] {logging_mixin.py:120} INFO - [2023-11-11T17:38:44.803+0000] {dag.py:3340} INFO - Setting next_dagrun for example_trigger_target_dag to None, run_after=None
[2023-11-11T17:38:44.865+0000] {processor.py:176} INFO - Processing /home/airflow/.local/lib/python3.7/site-packages/airflow/example_dags/example_trigger_target_dag.py took 0.307 seconds
[2023-11-11T17:39:15.222+0000] {processor.py:154} INFO - Started process (PID=1142) to work on /home/airflow/.local/lib/python3.7/site-packages/airflow/example_dags/example_trigger_target_dag.py
[2023-11-11T17:39:15.225+0000] {processor.py:756} INFO - Processing file /home/airflow/.local/lib/python3.7/site-packages/airflow/example_dags/example_trigger_target_dag.py for tasks to queue
[2023-11-11T17:39:15.226+0000] {logging_mixin.py:120} INFO - [2023-11-11T17:39:15.226+0000] {dagbag.py:537} INFO - Filling up the DagBag from /home/airflow/.local/lib/python3.7/site-packages/airflow/example_dags/example_trigger_target_dag.py
[2023-11-11T17:39:15.280+0000] {processor.py:766} INFO - DAG(s) dict_keys(['example_trigger_target_dag']) retrieved from /home/airflow/.local/lib/python3.7/site-packages/airflow/example_dags/example_trigger_target_dag.py
[2023-11-11T17:39:15.392+0000] {logging_mixin.py:120} INFO - [2023-11-11T17:39:15.391+0000] {dag.py:2585} INFO - Sync 1 DAGs
[2023-11-11T17:39:15.453+0000] {logging_mixin.py:120} INFO - [2023-11-11T17:39:15.453+0000] {dag.py:3340} INFO - Setting next_dagrun for example_trigger_target_dag to None, run_after=None
[2023-11-11T17:39:15.526+0000] {processor.py:176} INFO - Processing /home/airflow/.local/lib/python3.7/site-packages/airflow/example_dags/example_trigger_target_dag.py took 0.309 seconds
[2023-11-11T17:39:46.256+0000] {processor.py:154} INFO - Started process (PID=1205) to work on /home/airflow/.local/lib/python3.7/site-packages/airflow/example_dags/example_trigger_target_dag.py
[2023-11-11T17:39:46.257+0000] {processor.py:756} INFO - Processing file /home/airflow/.local/lib/python3.7/site-packages/airflow/example_dags/example_trigger_target_dag.py for tasks to queue
[2023-11-11T17:39:46.258+0000] {logging_mixin.py:120} INFO - [2023-11-11T17:39:46.258+0000] {dagbag.py:537} INFO - Filling up the DagBag from /home/airflow/.local/lib/python3.7/site-packages/airflow/example_dags/example_trigger_target_dag.py
[2023-11-11T17:39:46.298+0000] {processor.py:766} INFO - DAG(s) dict_keys(['example_trigger_target_dag']) retrieved from /home/airflow/.local/lib/python3.7/site-packages/airflow/example_dags/example_trigger_target_dag.py
[2023-11-11T17:39:46.366+0000] {logging_mixin.py:120} INFO - [2023-11-11T17:39:46.365+0000] {dag.py:2585} INFO - Sync 1 DAGs
[2023-11-11T17:39:46.404+0000] {logging_mixin.py:120} INFO - [2023-11-11T17:39:46.403+0000] {dag.py:3340} INFO - Setting next_dagrun for example_trigger_target_dag to None, run_after=None
[2023-11-11T17:39:46.432+0000] {processor.py:176} INFO - Processing /home/airflow/.local/lib/python3.7/site-packages/airflow/example_dags/example_trigger_target_dag.py took 0.185 seconds
