[2023-11-11T17:02:03.212+0000] {processor.py:154} INFO - Started process (PID=50) to work on /home/airflow/.local/lib/python3.7/site-packages/airflow/example_dags/example_xcom.py
[2023-11-11T17:02:03.213+0000] {processor.py:756} INFO - Processing file /home/airflow/.local/lib/python3.7/site-packages/airflow/example_dags/example_xcom.py for tasks to queue
[2023-11-11T17:02:03.214+0000] {logging_mixin.py:120} INFO - [2023-11-11T17:02:03.214+0000] {dagbag.py:537} INFO - Filling up the DagBag from /home/airflow/.local/lib/python3.7/site-packages/airflow/example_dags/example_xcom.py
[2023-11-11T17:02:03.265+0000] {processor.py:766} INFO - DAG(s) dict_keys(['example_xcom']) retrieved from /home/airflow/.local/lib/python3.7/site-packages/airflow/example_dags/example_xcom.py
[2023-11-11T17:02:03.339+0000] {logging_mixin.py:120} INFO - [2023-11-11T17:02:03.339+0000] {dag.py:2585} INFO - Sync 1 DAGs
[2023-11-11T17:02:03.402+0000] {logging_mixin.py:120} INFO - [2023-11-11T17:02:03.402+0000] {dag.py:3340} INFO - Setting next_dagrun for example_xcom to 2021-01-01T00:00:00+00:00, run_after=2021-01-01T00:00:00+00:00
[2023-11-11T17:02:03.455+0000] {processor.py:176} INFO - Processing /home/airflow/.local/lib/python3.7/site-packages/airflow/example_dags/example_xcom.py took 0.250 seconds
[2023-11-11T17:02:34.726+0000] {processor.py:154} INFO - Started process (PID=111) to work on /home/airflow/.local/lib/python3.7/site-packages/airflow/example_dags/example_xcom.py
[2023-11-11T17:02:34.729+0000] {processor.py:756} INFO - Processing file /home/airflow/.local/lib/python3.7/site-packages/airflow/example_dags/example_xcom.py for tasks to queue
[2023-11-11T17:02:34.730+0000] {logging_mixin.py:120} INFO - [2023-11-11T17:02:34.730+0000] {dagbag.py:537} INFO - Filling up the DagBag from /home/airflow/.local/lib/python3.7/site-packages/airflow/example_dags/example_xcom.py
[2023-11-11T17:02:34.834+0000] {processor.py:766} INFO - DAG(s) dict_keys(['example_xcom']) retrieved from /home/airflow/.local/lib/python3.7/site-packages/airflow/example_dags/example_xcom.py
[2023-11-11T17:02:35.166+0000] {logging_mixin.py:120} INFO - [2023-11-11T17:02:35.165+0000] {dag.py:2585} INFO - Sync 1 DAGs
[2023-11-11T17:02:35.311+0000] {logging_mixin.py:120} INFO - [2023-11-11T17:02:35.310+0000] {dag.py:3340} INFO - Setting next_dagrun for example_xcom to 2021-01-01T00:00:00+00:00, run_after=2021-01-01T00:00:00+00:00
[2023-11-11T17:02:35.556+0000] {processor.py:176} INFO - Processing /home/airflow/.local/lib/python3.7/site-packages/airflow/example_dags/example_xcom.py took 0.840 seconds
[2023-11-11T17:03:05.950+0000] {processor.py:154} INFO - Started process (PID=167) to work on /home/airflow/.local/lib/python3.7/site-packages/airflow/example_dags/example_xcom.py
[2023-11-11T17:03:05.951+0000] {processor.py:756} INFO - Processing file /home/airflow/.local/lib/python3.7/site-packages/airflow/example_dags/example_xcom.py for tasks to queue
[2023-11-11T17:03:05.952+0000] {logging_mixin.py:120} INFO - [2023-11-11T17:03:05.952+0000] {dagbag.py:537} INFO - Filling up the DagBag from /home/airflow/.local/lib/python3.7/site-packages/airflow/example_dags/example_xcom.py
[2023-11-11T17:03:06.055+0000] {processor.py:766} INFO - DAG(s) dict_keys(['example_xcom']) retrieved from /home/airflow/.local/lib/python3.7/site-packages/airflow/example_dags/example_xcom.py
[2023-11-11T17:03:06.358+0000] {logging_mixin.py:120} INFO - [2023-11-11T17:03:06.358+0000] {dag.py:2585} INFO - Sync 1 DAGs
[2023-11-11T17:03:06.458+0000] {logging_mixin.py:120} INFO - [2023-11-11T17:03:06.458+0000] {dag.py:3340} INFO - Setting next_dagrun for example_xcom to 2021-01-01T00:00:00+00:00, run_after=2021-01-01T00:00:00+00:00
[2023-11-11T17:03:06.569+0000] {processor.py:176} INFO - Processing /home/airflow/.local/lib/python3.7/site-packages/airflow/example_dags/example_xcom.py took 0.622 seconds
[2023-11-11T17:03:37.167+0000] {processor.py:154} INFO - Started process (PID=222) to work on /home/airflow/.local/lib/python3.7/site-packages/airflow/example_dags/example_xcom.py
[2023-11-11T17:03:37.170+0000] {processor.py:756} INFO - Processing file /home/airflow/.local/lib/python3.7/site-packages/airflow/example_dags/example_xcom.py for tasks to queue
[2023-11-11T17:03:37.171+0000] {logging_mixin.py:120} INFO - [2023-11-11T17:03:37.171+0000] {dagbag.py:537} INFO - Filling up the DagBag from /home/airflow/.local/lib/python3.7/site-packages/airflow/example_dags/example_xcom.py
[2023-11-11T17:03:37.206+0000] {processor.py:766} INFO - DAG(s) dict_keys(['example_xcom']) retrieved from /home/airflow/.local/lib/python3.7/site-packages/airflow/example_dags/example_xcom.py
[2023-11-11T17:03:37.272+0000] {logging_mixin.py:120} INFO - [2023-11-11T17:03:37.272+0000] {dag.py:2585} INFO - Sync 1 DAGs
[2023-11-11T17:03:37.324+0000] {logging_mixin.py:120} INFO - [2023-11-11T17:03:37.324+0000] {dag.py:3340} INFO - Setting next_dagrun for example_xcom to 2021-01-01T00:00:00+00:00, run_after=2021-01-01T00:00:00+00:00
[2023-11-11T17:03:37.363+0000] {processor.py:176} INFO - Processing /home/airflow/.local/lib/python3.7/site-packages/airflow/example_dags/example_xcom.py took 0.201 seconds
[2023-11-11T17:04:08.256+0000] {processor.py:154} INFO - Started process (PID=286) to work on /home/airflow/.local/lib/python3.7/site-packages/airflow/example_dags/example_xcom.py
[2023-11-11T17:04:08.257+0000] {processor.py:756} INFO - Processing file /home/airflow/.local/lib/python3.7/site-packages/airflow/example_dags/example_xcom.py for tasks to queue
[2023-11-11T17:04:08.257+0000] {logging_mixin.py:120} INFO - [2023-11-11T17:04:08.257+0000] {dagbag.py:537} INFO - Filling up the DagBag from /home/airflow/.local/lib/python3.7/site-packages/airflow/example_dags/example_xcom.py
[2023-11-11T17:04:08.291+0000] {processor.py:766} INFO - DAG(s) dict_keys(['example_xcom']) retrieved from /home/airflow/.local/lib/python3.7/site-packages/airflow/example_dags/example_xcom.py
[2023-11-11T17:04:08.359+0000] {logging_mixin.py:120} INFO - [2023-11-11T17:04:08.359+0000] {dag.py:2585} INFO - Sync 1 DAGs
[2023-11-11T17:04:08.391+0000] {logging_mixin.py:120} INFO - [2023-11-11T17:04:08.391+0000] {dag.py:3340} INFO - Setting next_dagrun for example_xcom to 2021-01-01T00:00:00+00:00, run_after=2021-01-01T00:00:00+00:00
[2023-11-11T17:04:08.415+0000] {processor.py:176} INFO - Processing /home/airflow/.local/lib/python3.7/site-packages/airflow/example_dags/example_xcom.py took 0.163 seconds
[2023-11-11T17:04:39.215+0000] {processor.py:154} INFO - Started process (PID=340) to work on /home/airflow/.local/lib/python3.7/site-packages/airflow/example_dags/example_xcom.py
[2023-11-11T17:04:39.217+0000] {processor.py:756} INFO - Processing file /home/airflow/.local/lib/python3.7/site-packages/airflow/example_dags/example_xcom.py for tasks to queue
[2023-11-11T17:04:39.218+0000] {logging_mixin.py:120} INFO - [2023-11-11T17:04:39.218+0000] {dagbag.py:537} INFO - Filling up the DagBag from /home/airflow/.local/lib/python3.7/site-packages/airflow/example_dags/example_xcom.py
[2023-11-11T17:04:39.249+0000] {processor.py:766} INFO - DAG(s) dict_keys(['example_xcom']) retrieved from /home/airflow/.local/lib/python3.7/site-packages/airflow/example_dags/example_xcom.py
[2023-11-11T17:04:39.299+0000] {logging_mixin.py:120} INFO - [2023-11-11T17:04:39.299+0000] {dag.py:2585} INFO - Sync 1 DAGs
[2023-11-11T17:04:39.330+0000] {logging_mixin.py:120} INFO - [2023-11-11T17:04:39.329+0000] {dag.py:3340} INFO - Setting next_dagrun for example_xcom to 2021-01-01T00:00:00+00:00, run_after=2021-01-01T00:00:00+00:00
[2023-11-11T17:04:39.353+0000] {processor.py:176} INFO - Processing /home/airflow/.local/lib/python3.7/site-packages/airflow/example_dags/example_xcom.py took 0.146 seconds
[2023-11-11T17:05:09.847+0000] {processor.py:154} INFO - Started process (PID=403) to work on /home/airflow/.local/lib/python3.7/site-packages/airflow/example_dags/example_xcom.py
[2023-11-11T17:05:09.848+0000] {processor.py:756} INFO - Processing file /home/airflow/.local/lib/python3.7/site-packages/airflow/example_dags/example_xcom.py for tasks to queue
[2023-11-11T17:05:09.849+0000] {logging_mixin.py:120} INFO - [2023-11-11T17:05:09.849+0000] {dagbag.py:537} INFO - Filling up the DagBag from /home/airflow/.local/lib/python3.7/site-packages/airflow/example_dags/example_xcom.py
[2023-11-11T17:05:09.877+0000] {processor.py:766} INFO - DAG(s) dict_keys(['example_xcom']) retrieved from /home/airflow/.local/lib/python3.7/site-packages/airflow/example_dags/example_xcom.py
[2023-11-11T17:05:09.932+0000] {logging_mixin.py:120} INFO - [2023-11-11T17:05:09.931+0000] {dag.py:2585} INFO - Sync 1 DAGs
[2023-11-11T17:05:09.962+0000] {logging_mixin.py:120} INFO - [2023-11-11T17:05:09.962+0000] {dag.py:3340} INFO - Setting next_dagrun for example_xcom to 2021-01-01T00:00:00+00:00, run_after=2021-01-01T00:00:00+00:00
[2023-11-11T17:05:09.991+0000] {processor.py:176} INFO - Processing /home/airflow/.local/lib/python3.7/site-packages/airflow/example_dags/example_xcom.py took 0.149 seconds
[2023-11-11T17:05:40.225+0000] {processor.py:154} INFO - Started process (PID=464) to work on /home/airflow/.local/lib/python3.7/site-packages/airflow/example_dags/example_xcom.py
[2023-11-11T17:05:40.227+0000] {processor.py:756} INFO - Processing file /home/airflow/.local/lib/python3.7/site-packages/airflow/example_dags/example_xcom.py for tasks to queue
[2023-11-11T17:05:40.228+0000] {logging_mixin.py:120} INFO - [2023-11-11T17:05:40.228+0000] {dagbag.py:537} INFO - Filling up the DagBag from /home/airflow/.local/lib/python3.7/site-packages/airflow/example_dags/example_xcom.py
[2023-11-11T17:05:40.262+0000] {processor.py:766} INFO - DAG(s) dict_keys(['example_xcom']) retrieved from /home/airflow/.local/lib/python3.7/site-packages/airflow/example_dags/example_xcom.py
[2023-11-11T17:05:40.326+0000] {logging_mixin.py:120} INFO - [2023-11-11T17:05:40.326+0000] {dag.py:2585} INFO - Sync 1 DAGs
[2023-11-11T17:05:40.368+0000] {logging_mixin.py:120} INFO - [2023-11-11T17:05:40.368+0000] {dag.py:3340} INFO - Setting next_dagrun for example_xcom to 2021-01-01T00:00:00+00:00, run_after=2021-01-01T00:00:00+00:00
[2023-11-11T17:05:40.397+0000] {processor.py:176} INFO - Processing /home/airflow/.local/lib/python3.7/site-packages/airflow/example_dags/example_xcom.py took 0.178 seconds
[2023-11-11T17:06:10.619+0000] {processor.py:154} INFO - Started process (PID=520) to work on /home/airflow/.local/lib/python3.7/site-packages/airflow/example_dags/example_xcom.py
[2023-11-11T17:06:10.620+0000] {processor.py:756} INFO - Processing file /home/airflow/.local/lib/python3.7/site-packages/airflow/example_dags/example_xcom.py for tasks to queue
[2023-11-11T17:06:10.635+0000] {logging_mixin.py:120} INFO - [2023-11-11T17:06:10.635+0000] {dagbag.py:537} INFO - Filling up the DagBag from /home/airflow/.local/lib/python3.7/site-packages/airflow/example_dags/example_xcom.py
[2023-11-11T17:06:10.827+0000] {processor.py:766} INFO - DAG(s) dict_keys(['example_xcom']) retrieved from /home/airflow/.local/lib/python3.7/site-packages/airflow/example_dags/example_xcom.py
[2023-11-11T17:06:10.957+0000] {logging_mixin.py:120} INFO - [2023-11-11T17:06:10.956+0000] {dag.py:2585} INFO - Sync 1 DAGs
[2023-11-11T17:06:11.004+0000] {logging_mixin.py:120} INFO - [2023-11-11T17:06:11.000+0000] {dag.py:3340} INFO - Setting next_dagrun for example_xcom to 2021-01-01T00:00:00+00:00, run_after=2021-01-01T00:00:00+00:00
[2023-11-11T17:06:11.057+0000] {processor.py:176} INFO - Processing /home/airflow/.local/lib/python3.7/site-packages/airflow/example_dags/example_xcom.py took 0.454 seconds
[2023-11-11T17:06:42.062+0000] {processor.py:154} INFO - Started process (PID=574) to work on /home/airflow/.local/lib/python3.7/site-packages/airflow/example_dags/example_xcom.py
[2023-11-11T17:06:42.064+0000] {processor.py:756} INFO - Processing file /home/airflow/.local/lib/python3.7/site-packages/airflow/example_dags/example_xcom.py for tasks to queue
[2023-11-11T17:06:42.066+0000] {logging_mixin.py:120} INFO - [2023-11-11T17:06:42.066+0000] {dagbag.py:537} INFO - Filling up the DagBag from /home/airflow/.local/lib/python3.7/site-packages/airflow/example_dags/example_xcom.py
[2023-11-11T17:06:42.119+0000] {processor.py:766} INFO - DAG(s) dict_keys(['example_xcom']) retrieved from /home/airflow/.local/lib/python3.7/site-packages/airflow/example_dags/example_xcom.py
[2023-11-11T17:06:42.186+0000] {logging_mixin.py:120} INFO - [2023-11-11T17:06:42.186+0000] {dag.py:2585} INFO - Sync 1 DAGs
[2023-11-11T17:06:42.229+0000] {logging_mixin.py:120} INFO - [2023-11-11T17:06:42.229+0000] {dag.py:3340} INFO - Setting next_dagrun for example_xcom to 2021-01-01T00:00:00+00:00, run_after=2021-01-01T00:00:00+00:00
[2023-11-11T17:06:42.259+0000] {processor.py:176} INFO - Processing /home/airflow/.local/lib/python3.7/site-packages/airflow/example_dags/example_xcom.py took 0.204 seconds
[2023-11-11T17:07:12.444+0000] {processor.py:154} INFO - Started process (PID=637) to work on /home/airflow/.local/lib/python3.7/site-packages/airflow/example_dags/example_xcom.py
[2023-11-11T17:07:12.447+0000] {processor.py:756} INFO - Processing file /home/airflow/.local/lib/python3.7/site-packages/airflow/example_dags/example_xcom.py for tasks to queue
[2023-11-11T17:07:12.448+0000] {logging_mixin.py:120} INFO - [2023-11-11T17:07:12.448+0000] {dagbag.py:537} INFO - Filling up the DagBag from /home/airflow/.local/lib/python3.7/site-packages/airflow/example_dags/example_xcom.py
[2023-11-11T17:07:12.482+0000] {processor.py:766} INFO - DAG(s) dict_keys(['example_xcom']) retrieved from /home/airflow/.local/lib/python3.7/site-packages/airflow/example_dags/example_xcom.py
[2023-11-11T17:07:12.561+0000] {logging_mixin.py:120} INFO - [2023-11-11T17:07:12.560+0000] {dag.py:2585} INFO - Sync 1 DAGs
[2023-11-11T17:07:12.691+0000] {logging_mixin.py:120} INFO - [2023-11-11T17:07:12.691+0000] {dag.py:3340} INFO - Setting next_dagrun for example_xcom to 2021-01-01T00:00:00+00:00, run_after=2021-01-01T00:00:00+00:00
[2023-11-11T17:07:12.813+0000] {processor.py:176} INFO - Processing /home/airflow/.local/lib/python3.7/site-packages/airflow/example_dags/example_xcom.py took 0.374 seconds
[2023-11-11T17:29:18.774+0000] {processor.py:154} INFO - Started process (PID=66) to work on /home/airflow/.local/lib/python3.7/site-packages/airflow/example_dags/example_xcom.py
[2023-11-11T17:29:18.786+0000] {processor.py:756} INFO - Processing file /home/airflow/.local/lib/python3.7/site-packages/airflow/example_dags/example_xcom.py for tasks to queue
[2023-11-11T17:29:18.790+0000] {logging_mixin.py:120} INFO - [2023-11-11T17:29:18.789+0000] {dagbag.py:537} INFO - Filling up the DagBag from /home/airflow/.local/lib/python3.7/site-packages/airflow/example_dags/example_xcom.py
[2023-11-11T17:29:18.974+0000] {processor.py:766} INFO - DAG(s) dict_keys(['example_xcom']) retrieved from /home/airflow/.local/lib/python3.7/site-packages/airflow/example_dags/example_xcom.py
[2023-11-11T17:29:20.233+0000] {logging_mixin.py:120} INFO - [2023-11-11T17:29:20.232+0000] {manager.py:507} INFO - Created Permission View: can read on DAG:example_xcom
[2023-11-11T17:29:20.313+0000] {logging_mixin.py:120} INFO - [2023-11-11T17:29:20.312+0000] {manager.py:507} INFO - Created Permission View: can delete on DAG:example_xcom
[2023-11-11T17:29:20.411+0000] {logging_mixin.py:120} INFO - [2023-11-11T17:29:20.410+0000] {manager.py:507} INFO - Created Permission View: can edit on DAG:example_xcom
[2023-11-11T17:29:20.411+0000] {logging_mixin.py:120} INFO - [2023-11-11T17:29:20.411+0000] {dag.py:2585} INFO - Sync 1 DAGs
[2023-11-11T17:29:20.542+0000] {logging_mixin.py:120} INFO - [2023-11-11T17:29:20.542+0000] {dag.py:2606} INFO - Creating ORM DAG for example_xcom
[2023-11-11T17:29:20.608+0000] {logging_mixin.py:120} INFO - [2023-11-11T17:29:20.608+0000] {dag.py:3340} INFO - Setting next_dagrun for example_xcom to 2021-01-01T00:00:00+00:00, run_after=2021-01-01T00:00:00+00:00
[2023-11-11T17:29:20.726+0000] {processor.py:176} INFO - Processing /home/airflow/.local/lib/python3.7/site-packages/airflow/example_dags/example_xcom.py took 1.971 seconds
[2023-11-11T17:30:07.721+0000] {processor.py:154} INFO - Started process (PID=120) to work on /home/airflow/.local/lib/python3.7/site-packages/airflow/example_dags/example_xcom.py
[2023-11-11T17:30:07.726+0000] {processor.py:756} INFO - Processing file /home/airflow/.local/lib/python3.7/site-packages/airflow/example_dags/example_xcom.py for tasks to queue
[2023-11-11T17:30:07.728+0000] {logging_mixin.py:120} INFO - [2023-11-11T17:30:07.727+0000] {dagbag.py:537} INFO - Filling up the DagBag from /home/airflow/.local/lib/python3.7/site-packages/airflow/example_dags/example_xcom.py
[2023-11-11T17:30:07.820+0000] {processor.py:766} INFO - DAG(s) dict_keys(['example_xcom']) retrieved from /home/airflow/.local/lib/python3.7/site-packages/airflow/example_dags/example_xcom.py
[2023-11-11T17:30:07.956+0000] {logging_mixin.py:120} INFO - [2023-11-11T17:30:07.956+0000] {dag.py:2585} INFO - Sync 1 DAGs
[2023-11-11T17:30:08.061+0000] {logging_mixin.py:120} INFO - [2023-11-11T17:30:08.061+0000] {dag.py:3340} INFO - Setting next_dagrun for example_xcom to 2021-01-01T00:00:00+00:00, run_after=2021-01-01T00:00:00+00:00
[2023-11-11T17:30:08.151+0000] {processor.py:176} INFO - Processing /home/airflow/.local/lib/python3.7/site-packages/airflow/example_dags/example_xcom.py took 0.435 seconds
[2023-11-11T17:30:40.560+0000] {processor.py:154} INFO - Started process (PID=173) to work on /home/airflow/.local/lib/python3.7/site-packages/airflow/example_dags/example_xcom.py
[2023-11-11T17:30:40.564+0000] {processor.py:756} INFO - Processing file /home/airflow/.local/lib/python3.7/site-packages/airflow/example_dags/example_xcom.py for tasks to queue
[2023-11-11T17:30:40.566+0000] {logging_mixin.py:120} INFO - [2023-11-11T17:30:40.565+0000] {dagbag.py:537} INFO - Filling up the DagBag from /home/airflow/.local/lib/python3.7/site-packages/airflow/example_dags/example_xcom.py
[2023-11-11T17:30:40.729+0000] {processor.py:766} INFO - DAG(s) dict_keys(['example_xcom']) retrieved from /home/airflow/.local/lib/python3.7/site-packages/airflow/example_dags/example_xcom.py
[2023-11-11T17:30:40.926+0000] {logging_mixin.py:120} INFO - [2023-11-11T17:30:40.925+0000] {dag.py:2585} INFO - Sync 1 DAGs
[2023-11-11T17:30:41.064+0000] {logging_mixin.py:120} INFO - [2023-11-11T17:30:41.063+0000] {dag.py:3340} INFO - Setting next_dagrun for example_xcom to 2021-01-01T00:00:00+00:00, run_after=2021-01-01T00:00:00+00:00
[2023-11-11T17:30:41.167+0000] {processor.py:176} INFO - Processing /home/airflow/.local/lib/python3.7/site-packages/airflow/example_dags/example_xcom.py took 0.628 seconds
[2023-11-11T17:31:11.701+0000] {processor.py:154} INFO - Started process (PID=228) to work on /home/airflow/.local/lib/python3.7/site-packages/airflow/example_dags/example_xcom.py
[2023-11-11T17:31:11.705+0000] {processor.py:756} INFO - Processing file /home/airflow/.local/lib/python3.7/site-packages/airflow/example_dags/example_xcom.py for tasks to queue
[2023-11-11T17:31:11.709+0000] {logging_mixin.py:120} INFO - [2023-11-11T17:31:11.709+0000] {dagbag.py:537} INFO - Filling up the DagBag from /home/airflow/.local/lib/python3.7/site-packages/airflow/example_dags/example_xcom.py
[2023-11-11T17:31:11.829+0000] {processor.py:766} INFO - DAG(s) dict_keys(['example_xcom']) retrieved from /home/airflow/.local/lib/python3.7/site-packages/airflow/example_dags/example_xcom.py
[2023-11-11T17:31:12.081+0000] {logging_mixin.py:120} INFO - [2023-11-11T17:31:12.080+0000] {dag.py:2585} INFO - Sync 1 DAGs
[2023-11-11T17:31:12.151+0000] {logging_mixin.py:120} INFO - [2023-11-11T17:31:12.150+0000] {dag.py:3340} INFO - Setting next_dagrun for example_xcom to 2021-01-01T00:00:00+00:00, run_after=2021-01-01T00:00:00+00:00
[2023-11-11T17:31:12.275+0000] {processor.py:176} INFO - Processing /home/airflow/.local/lib/python3.7/site-packages/airflow/example_dags/example_xcom.py took 0.585 seconds
[2023-11-11T17:31:42.474+0000] {processor.py:154} INFO - Started process (PID=282) to work on /home/airflow/.local/lib/python3.7/site-packages/airflow/example_dags/example_xcom.py
[2023-11-11T17:31:42.475+0000] {processor.py:756} INFO - Processing file /home/airflow/.local/lib/python3.7/site-packages/airflow/example_dags/example_xcom.py for tasks to queue
[2023-11-11T17:31:42.476+0000] {logging_mixin.py:120} INFO - [2023-11-11T17:31:42.476+0000] {dagbag.py:537} INFO - Filling up the DagBag from /home/airflow/.local/lib/python3.7/site-packages/airflow/example_dags/example_xcom.py
[2023-11-11T17:31:42.524+0000] {processor.py:766} INFO - DAG(s) dict_keys(['example_xcom']) retrieved from /home/airflow/.local/lib/python3.7/site-packages/airflow/example_dags/example_xcom.py
[2023-11-11T17:31:42.611+0000] {logging_mixin.py:120} INFO - [2023-11-11T17:31:42.611+0000] {dag.py:2585} INFO - Sync 1 DAGs
[2023-11-11T17:31:42.660+0000] {logging_mixin.py:120} INFO - [2023-11-11T17:31:42.659+0000] {dag.py:3340} INFO - Setting next_dagrun for example_xcom to 2021-01-01T00:00:00+00:00, run_after=2021-01-01T00:00:00+00:00
[2023-11-11T17:31:42.700+0000] {processor.py:176} INFO - Processing /home/airflow/.local/lib/python3.7/site-packages/airflow/example_dags/example_xcom.py took 0.232 seconds
[2023-11-11T17:32:13.656+0000] {processor.py:154} INFO - Started process (PID=344) to work on /home/airflow/.local/lib/python3.7/site-packages/airflow/example_dags/example_xcom.py
[2023-11-11T17:32:13.659+0000] {processor.py:756} INFO - Processing file /home/airflow/.local/lib/python3.7/site-packages/airflow/example_dags/example_xcom.py for tasks to queue
[2023-11-11T17:32:13.660+0000] {logging_mixin.py:120} INFO - [2023-11-11T17:32:13.660+0000] {dagbag.py:537} INFO - Filling up the DagBag from /home/airflow/.local/lib/python3.7/site-packages/airflow/example_dags/example_xcom.py
[2023-11-11T17:32:13.732+0000] {processor.py:766} INFO - DAG(s) dict_keys(['example_xcom']) retrieved from /home/airflow/.local/lib/python3.7/site-packages/airflow/example_dags/example_xcom.py
[2023-11-11T17:32:13.863+0000] {logging_mixin.py:120} INFO - [2023-11-11T17:32:13.862+0000] {dag.py:2585} INFO - Sync 1 DAGs
[2023-11-11T17:32:13.938+0000] {logging_mixin.py:120} INFO - [2023-11-11T17:32:13.937+0000] {dag.py:3340} INFO - Setting next_dagrun for example_xcom to 2021-01-01T00:00:00+00:00, run_after=2021-01-01T00:00:00+00:00
[2023-11-11T17:32:14.003+0000] {processor.py:176} INFO - Processing /home/airflow/.local/lib/python3.7/site-packages/airflow/example_dags/example_xcom.py took 0.361 seconds
[2023-11-11T17:32:44.234+0000] {processor.py:154} INFO - Started process (PID=398) to work on /home/airflow/.local/lib/python3.7/site-packages/airflow/example_dags/example_xcom.py
[2023-11-11T17:32:44.238+0000] {processor.py:756} INFO - Processing file /home/airflow/.local/lib/python3.7/site-packages/airflow/example_dags/example_xcom.py for tasks to queue
[2023-11-11T17:32:44.240+0000] {logging_mixin.py:120} INFO - [2023-11-11T17:32:44.239+0000] {dagbag.py:537} INFO - Filling up the DagBag from /home/airflow/.local/lib/python3.7/site-packages/airflow/example_dags/example_xcom.py
[2023-11-11T17:32:44.307+0000] {processor.py:766} INFO - DAG(s) dict_keys(['example_xcom']) retrieved from /home/airflow/.local/lib/python3.7/site-packages/airflow/example_dags/example_xcom.py
[2023-11-11T17:32:44.419+0000] {logging_mixin.py:120} INFO - [2023-11-11T17:32:44.419+0000] {dag.py:2585} INFO - Sync 1 DAGs
[2023-11-11T17:32:44.485+0000] {logging_mixin.py:120} INFO - [2023-11-11T17:32:44.485+0000] {dag.py:3340} INFO - Setting next_dagrun for example_xcom to 2021-01-01T00:00:00+00:00, run_after=2021-01-01T00:00:00+00:00
[2023-11-11T17:32:44.552+0000] {processor.py:176} INFO - Processing /home/airflow/.local/lib/python3.7/site-packages/airflow/example_dags/example_xcom.py took 0.328 seconds
[2023-11-11T17:33:14.780+0000] {processor.py:154} INFO - Started process (PID=452) to work on /home/airflow/.local/lib/python3.7/site-packages/airflow/example_dags/example_xcom.py
[2023-11-11T17:33:14.781+0000] {processor.py:756} INFO - Processing file /home/airflow/.local/lib/python3.7/site-packages/airflow/example_dags/example_xcom.py for tasks to queue
[2023-11-11T17:33:14.782+0000] {logging_mixin.py:120} INFO - [2023-11-11T17:33:14.781+0000] {dagbag.py:537} INFO - Filling up the DagBag from /home/airflow/.local/lib/python3.7/site-packages/airflow/example_dags/example_xcom.py
[2023-11-11T17:33:14.846+0000] {processor.py:766} INFO - DAG(s) dict_keys(['example_xcom']) retrieved from /home/airflow/.local/lib/python3.7/site-packages/airflow/example_dags/example_xcom.py
[2023-11-11T17:33:14.962+0000] {logging_mixin.py:120} INFO - [2023-11-11T17:33:14.962+0000] {dag.py:2585} INFO - Sync 1 DAGs
[2023-11-11T17:33:15.019+0000] {logging_mixin.py:120} INFO - [2023-11-11T17:33:15.018+0000] {dag.py:3340} INFO - Setting next_dagrun for example_xcom to 2021-01-01T00:00:00+00:00, run_after=2021-01-01T00:00:00+00:00
[2023-11-11T17:33:15.064+0000] {processor.py:176} INFO - Processing /home/airflow/.local/lib/python3.7/site-packages/airflow/example_dags/example_xcom.py took 0.289 seconds
[2023-11-11T17:33:45.344+0000] {processor.py:154} INFO - Started process (PID=517) to work on /home/airflow/.local/lib/python3.7/site-packages/airflow/example_dags/example_xcom.py
[2023-11-11T17:33:45.350+0000] {processor.py:756} INFO - Processing file /home/airflow/.local/lib/python3.7/site-packages/airflow/example_dags/example_xcom.py for tasks to queue
[2023-11-11T17:33:45.352+0000] {logging_mixin.py:120} INFO - [2023-11-11T17:33:45.352+0000] {dagbag.py:537} INFO - Filling up the DagBag from /home/airflow/.local/lib/python3.7/site-packages/airflow/example_dags/example_xcom.py
[2023-11-11T17:33:45.429+0000] {processor.py:766} INFO - DAG(s) dict_keys(['example_xcom']) retrieved from /home/airflow/.local/lib/python3.7/site-packages/airflow/example_dags/example_xcom.py
[2023-11-11T17:33:45.572+0000] {logging_mixin.py:120} INFO - [2023-11-11T17:33:45.572+0000] {dag.py:2585} INFO - Sync 1 DAGs
[2023-11-11T17:33:45.646+0000] {logging_mixin.py:120} INFO - [2023-11-11T17:33:45.646+0000] {dag.py:3340} INFO - Setting next_dagrun for example_xcom to 2021-01-01T00:00:00+00:00, run_after=2021-01-01T00:00:00+00:00
[2023-11-11T17:33:45.717+0000] {processor.py:176} INFO - Processing /home/airflow/.local/lib/python3.7/site-packages/airflow/example_dags/example_xcom.py took 0.382 seconds
[2023-11-11T17:34:16.568+0000] {processor.py:154} INFO - Started process (PID=571) to work on /home/airflow/.local/lib/python3.7/site-packages/airflow/example_dags/example_xcom.py
[2023-11-11T17:34:16.569+0000] {processor.py:756} INFO - Processing file /home/airflow/.local/lib/python3.7/site-packages/airflow/example_dags/example_xcom.py for tasks to queue
[2023-11-11T17:34:16.570+0000] {logging_mixin.py:120} INFO - [2023-11-11T17:34:16.570+0000] {dagbag.py:537} INFO - Filling up the DagBag from /home/airflow/.local/lib/python3.7/site-packages/airflow/example_dags/example_xcom.py
[2023-11-11T17:34:16.610+0000] {processor.py:766} INFO - DAG(s) dict_keys(['example_xcom']) retrieved from /home/airflow/.local/lib/python3.7/site-packages/airflow/example_dags/example_xcom.py
[2023-11-11T17:34:16.671+0000] {logging_mixin.py:120} INFO - [2023-11-11T17:34:16.671+0000] {dag.py:2585} INFO - Sync 1 DAGs
[2023-11-11T17:34:16.719+0000] {logging_mixin.py:120} INFO - [2023-11-11T17:34:16.719+0000] {dag.py:3340} INFO - Setting next_dagrun for example_xcom to 2021-01-01T00:00:00+00:00, run_after=2021-01-01T00:00:00+00:00
[2023-11-11T17:34:16.752+0000] {processor.py:176} INFO - Processing /home/airflow/.local/lib/python3.7/site-packages/airflow/example_dags/example_xcom.py took 0.189 seconds
[2023-11-11T17:34:47.123+0000] {processor.py:154} INFO - Started process (PID=625) to work on /home/airflow/.local/lib/python3.7/site-packages/airflow/example_dags/example_xcom.py
[2023-11-11T17:34:47.124+0000] {processor.py:756} INFO - Processing file /home/airflow/.local/lib/python3.7/site-packages/airflow/example_dags/example_xcom.py for tasks to queue
[2023-11-11T17:34:47.124+0000] {logging_mixin.py:120} INFO - [2023-11-11T17:34:47.124+0000] {dagbag.py:537} INFO - Filling up the DagBag from /home/airflow/.local/lib/python3.7/site-packages/airflow/example_dags/example_xcom.py
[2023-11-11T17:34:47.168+0000] {processor.py:766} INFO - DAG(s) dict_keys(['example_xcom']) retrieved from /home/airflow/.local/lib/python3.7/site-packages/airflow/example_dags/example_xcom.py
[2023-11-11T17:34:47.246+0000] {logging_mixin.py:120} INFO - [2023-11-11T17:34:47.246+0000] {dag.py:2585} INFO - Sync 1 DAGs
[2023-11-11T17:34:47.326+0000] {logging_mixin.py:120} INFO - [2023-11-11T17:34:47.325+0000] {dag.py:3340} INFO - Setting next_dagrun for example_xcom to 2021-01-01T00:00:00+00:00, run_after=2021-01-01T00:00:00+00:00
[2023-11-11T17:34:47.365+0000] {processor.py:176} INFO - Processing /home/airflow/.local/lib/python3.7/site-packages/airflow/example_dags/example_xcom.py took 0.249 seconds
[2023-11-11T17:35:17.647+0000] {processor.py:154} INFO - Started process (PID=689) to work on /home/airflow/.local/lib/python3.7/site-packages/airflow/example_dags/example_xcom.py
[2023-11-11T17:35:17.648+0000] {processor.py:756} INFO - Processing file /home/airflow/.local/lib/python3.7/site-packages/airflow/example_dags/example_xcom.py for tasks to queue
[2023-11-11T17:35:17.650+0000] {logging_mixin.py:120} INFO - [2023-11-11T17:35:17.650+0000] {dagbag.py:537} INFO - Filling up the DagBag from /home/airflow/.local/lib/python3.7/site-packages/airflow/example_dags/example_xcom.py
[2023-11-11T17:35:17.700+0000] {processor.py:766} INFO - DAG(s) dict_keys(['example_xcom']) retrieved from /home/airflow/.local/lib/python3.7/site-packages/airflow/example_dags/example_xcom.py
[2023-11-11T17:35:17.778+0000] {logging_mixin.py:120} INFO - [2023-11-11T17:35:17.778+0000] {dag.py:2585} INFO - Sync 1 DAGs
[2023-11-11T17:35:17.833+0000] {logging_mixin.py:120} INFO - [2023-11-11T17:35:17.833+0000] {dag.py:3340} INFO - Setting next_dagrun for example_xcom to 2021-01-01T00:00:00+00:00, run_after=2021-01-01T00:00:00+00:00
[2023-11-11T17:35:17.868+0000] {processor.py:176} INFO - Processing /home/airflow/.local/lib/python3.7/site-packages/airflow/example_dags/example_xcom.py took 0.228 seconds
[2023-11-11T17:35:47.959+0000] {processor.py:154} INFO - Started process (PID=743) to work on /home/airflow/.local/lib/python3.7/site-packages/airflow/example_dags/example_xcom.py
[2023-11-11T17:35:47.960+0000] {processor.py:756} INFO - Processing file /home/airflow/.local/lib/python3.7/site-packages/airflow/example_dags/example_xcom.py for tasks to queue
[2023-11-11T17:35:47.964+0000] {logging_mixin.py:120} INFO - [2023-11-11T17:35:47.961+0000] {dagbag.py:537} INFO - Filling up the DagBag from /home/airflow/.local/lib/python3.7/site-packages/airflow/example_dags/example_xcom.py
[2023-11-11T17:35:48.011+0000] {processor.py:766} INFO - DAG(s) dict_keys(['example_xcom']) retrieved from /home/airflow/.local/lib/python3.7/site-packages/airflow/example_dags/example_xcom.py
[2023-11-11T17:35:48.091+0000] {logging_mixin.py:120} INFO - [2023-11-11T17:35:48.091+0000] {dag.py:2585} INFO - Sync 1 DAGs
[2023-11-11T17:35:48.147+0000] {logging_mixin.py:120} INFO - [2023-11-11T17:35:48.147+0000] {dag.py:3340} INFO - Setting next_dagrun for example_xcom to 2021-01-01T00:00:00+00:00, run_after=2021-01-01T00:00:00+00:00
[2023-11-11T17:35:48.176+0000] {processor.py:176} INFO - Processing /home/airflow/.local/lib/python3.7/site-packages/airflow/example_dags/example_xcom.py took 0.220 seconds
[2023-11-11T17:36:18.828+0000] {processor.py:154} INFO - Started process (PID=805) to work on /home/airflow/.local/lib/python3.7/site-packages/airflow/example_dags/example_xcom.py
[2023-11-11T17:36:18.830+0000] {processor.py:756} INFO - Processing file /home/airflow/.local/lib/python3.7/site-packages/airflow/example_dags/example_xcom.py for tasks to queue
[2023-11-11T17:36:18.831+0000] {logging_mixin.py:120} INFO - [2023-11-11T17:36:18.831+0000] {dagbag.py:537} INFO - Filling up the DagBag from /home/airflow/.local/lib/python3.7/site-packages/airflow/example_dags/example_xcom.py
[2023-11-11T17:36:18.878+0000] {processor.py:766} INFO - DAG(s) dict_keys(['example_xcom']) retrieved from /home/airflow/.local/lib/python3.7/site-packages/airflow/example_dags/example_xcom.py
[2023-11-11T17:36:18.955+0000] {logging_mixin.py:120} INFO - [2023-11-11T17:36:18.955+0000] {dag.py:2585} INFO - Sync 1 DAGs
[2023-11-11T17:36:19.006+0000] {logging_mixin.py:120} INFO - [2023-11-11T17:36:19.006+0000] {dag.py:3340} INFO - Setting next_dagrun for example_xcom to 2021-01-01T00:00:00+00:00, run_after=2021-01-01T00:00:00+00:00
[2023-11-11T17:36:19.043+0000] {processor.py:176} INFO - Processing /home/airflow/.local/lib/python3.7/site-packages/airflow/example_dags/example_xcom.py took 0.220 seconds
[2023-11-11T17:36:49.333+0000] {processor.py:154} INFO - Started process (PID=859) to work on /home/airflow/.local/lib/python3.7/site-packages/airflow/example_dags/example_xcom.py
[2023-11-11T17:36:49.335+0000] {processor.py:756} INFO - Processing file /home/airflow/.local/lib/python3.7/site-packages/airflow/example_dags/example_xcom.py for tasks to queue
[2023-11-11T17:36:49.338+0000] {logging_mixin.py:120} INFO - [2023-11-11T17:36:49.337+0000] {dagbag.py:537} INFO - Filling up the DagBag from /home/airflow/.local/lib/python3.7/site-packages/airflow/example_dags/example_xcom.py
[2023-11-11T17:36:49.383+0000] {processor.py:766} INFO - DAG(s) dict_keys(['example_xcom']) retrieved from /home/airflow/.local/lib/python3.7/site-packages/airflow/example_dags/example_xcom.py
[2023-11-11T17:36:49.458+0000] {logging_mixin.py:120} INFO - [2023-11-11T17:36:49.458+0000] {dag.py:2585} INFO - Sync 1 DAGs
[2023-11-11T17:36:49.528+0000] {logging_mixin.py:120} INFO - [2023-11-11T17:36:49.528+0000] {dag.py:3340} INFO - Setting next_dagrun for example_xcom to 2021-01-01T00:00:00+00:00, run_after=2021-01-01T00:00:00+00:00
[2023-11-11T17:36:49.590+0000] {processor.py:176} INFO - Processing /home/airflow/.local/lib/python3.7/site-packages/airflow/example_dags/example_xcom.py took 0.260 seconds
[2023-11-11T17:37:19.624+0000] {processor.py:154} INFO - Started process (PID=921) to work on /home/airflow/.local/lib/python3.7/site-packages/airflow/example_dags/example_xcom.py
[2023-11-11T17:37:19.625+0000] {processor.py:756} INFO - Processing file /home/airflow/.local/lib/python3.7/site-packages/airflow/example_dags/example_xcom.py for tasks to queue
[2023-11-11T17:37:19.627+0000] {logging_mixin.py:120} INFO - [2023-11-11T17:37:19.627+0000] {dagbag.py:537} INFO - Filling up the DagBag from /home/airflow/.local/lib/python3.7/site-packages/airflow/example_dags/example_xcom.py
[2023-11-11T17:37:19.663+0000] {processor.py:766} INFO - DAG(s) dict_keys(['example_xcom']) retrieved from /home/airflow/.local/lib/python3.7/site-packages/airflow/example_dags/example_xcom.py
[2023-11-11T17:37:19.752+0000] {logging_mixin.py:120} INFO - [2023-11-11T17:37:19.752+0000] {dag.py:2585} INFO - Sync 1 DAGs
[2023-11-11T17:37:19.812+0000] {logging_mixin.py:120} INFO - [2023-11-11T17:37:19.812+0000] {dag.py:3340} INFO - Setting next_dagrun for example_xcom to 2021-01-01T00:00:00+00:00, run_after=2021-01-01T00:00:00+00:00
[2023-11-11T17:37:19.862+0000] {processor.py:176} INFO - Processing /home/airflow/.local/lib/python3.7/site-packages/airflow/example_dags/example_xcom.py took 0.242 seconds
[2023-11-11T17:37:49.929+0000] {processor.py:154} INFO - Started process (PID=975) to work on /home/airflow/.local/lib/python3.7/site-packages/airflow/example_dags/example_xcom.py
[2023-11-11T17:37:49.930+0000] {processor.py:756} INFO - Processing file /home/airflow/.local/lib/python3.7/site-packages/airflow/example_dags/example_xcom.py for tasks to queue
[2023-11-11T17:37:49.931+0000] {logging_mixin.py:120} INFO - [2023-11-11T17:37:49.931+0000] {dagbag.py:537} INFO - Filling up the DagBag from /home/airflow/.local/lib/python3.7/site-packages/airflow/example_dags/example_xcom.py
[2023-11-11T17:37:50.009+0000] {processor.py:766} INFO - DAG(s) dict_keys(['example_xcom']) retrieved from /home/airflow/.local/lib/python3.7/site-packages/airflow/example_dags/example_xcom.py
[2023-11-11T17:37:50.209+0000] {logging_mixin.py:120} INFO - [2023-11-11T17:37:50.207+0000] {dag.py:2585} INFO - Sync 1 DAGs
[2023-11-11T17:37:50.295+0000] {logging_mixin.py:120} INFO - [2023-11-11T17:37:50.294+0000] {dag.py:3340} INFO - Setting next_dagrun for example_xcom to 2021-01-01T00:00:00+00:00, run_after=2021-01-01T00:00:00+00:00
[2023-11-11T17:37:50.359+0000] {processor.py:176} INFO - Processing /home/airflow/.local/lib/python3.7/site-packages/airflow/example_dags/example_xcom.py took 0.441 seconds
[2023-11-11T17:38:21.365+0000] {processor.py:154} INFO - Started process (PID=1039) to work on /home/airflow/.local/lib/python3.7/site-packages/airflow/example_dags/example_xcom.py
[2023-11-11T17:38:21.367+0000] {processor.py:756} INFO - Processing file /home/airflow/.local/lib/python3.7/site-packages/airflow/example_dags/example_xcom.py for tasks to queue
[2023-11-11T17:38:21.368+0000] {logging_mixin.py:120} INFO - [2023-11-11T17:38:21.368+0000] {dagbag.py:537} INFO - Filling up the DagBag from /home/airflow/.local/lib/python3.7/site-packages/airflow/example_dags/example_xcom.py
[2023-11-11T17:38:21.435+0000] {processor.py:766} INFO - DAG(s) dict_keys(['example_xcom']) retrieved from /home/airflow/.local/lib/python3.7/site-packages/airflow/example_dags/example_xcom.py
[2023-11-11T17:38:21.566+0000] {logging_mixin.py:120} INFO - [2023-11-11T17:38:21.566+0000] {dag.py:2585} INFO - Sync 1 DAGs
[2023-11-11T17:38:21.631+0000] {logging_mixin.py:120} INFO - [2023-11-11T17:38:21.631+0000] {dag.py:3340} INFO - Setting next_dagrun for example_xcom to 2021-01-01T00:00:00+00:00, run_after=2021-01-01T00:00:00+00:00
[2023-11-11T17:38:21.682+0000] {processor.py:176} INFO - Processing /home/airflow/.local/lib/python3.7/site-packages/airflow/example_dags/example_xcom.py took 0.327 seconds
[2023-11-11T17:38:52.029+0000] {processor.py:154} INFO - Started process (PID=1093) to work on /home/airflow/.local/lib/python3.7/site-packages/airflow/example_dags/example_xcom.py
[2023-11-11T17:38:52.031+0000] {processor.py:756} INFO - Processing file /home/airflow/.local/lib/python3.7/site-packages/airflow/example_dags/example_xcom.py for tasks to queue
[2023-11-11T17:38:52.032+0000] {logging_mixin.py:120} INFO - [2023-11-11T17:38:52.032+0000] {dagbag.py:537} INFO - Filling up the DagBag from /home/airflow/.local/lib/python3.7/site-packages/airflow/example_dags/example_xcom.py
[2023-11-11T17:38:52.110+0000] {processor.py:766} INFO - DAG(s) dict_keys(['example_xcom']) retrieved from /home/airflow/.local/lib/python3.7/site-packages/airflow/example_dags/example_xcom.py
[2023-11-11T17:38:52.291+0000] {logging_mixin.py:120} INFO - [2023-11-11T17:38:52.290+0000] {dag.py:2585} INFO - Sync 1 DAGs
[2023-11-11T17:38:52.367+0000] {logging_mixin.py:120} INFO - [2023-11-11T17:38:52.366+0000] {dag.py:3340} INFO - Setting next_dagrun for example_xcom to 2021-01-01T00:00:00+00:00, run_after=2021-01-01T00:00:00+00:00
[2023-11-11T17:38:52.419+0000] {processor.py:176} INFO - Processing /home/airflow/.local/lib/python3.7/site-packages/airflow/example_dags/example_xcom.py took 0.396 seconds
[2023-11-11T17:39:22.668+0000] {processor.py:154} INFO - Started process (PID=1156) to work on /home/airflow/.local/lib/python3.7/site-packages/airflow/example_dags/example_xcom.py
[2023-11-11T17:39:22.669+0000] {processor.py:756} INFO - Processing file /home/airflow/.local/lib/python3.7/site-packages/airflow/example_dags/example_xcom.py for tasks to queue
[2023-11-11T17:39:22.670+0000] {logging_mixin.py:120} INFO - [2023-11-11T17:39:22.670+0000] {dagbag.py:537} INFO - Filling up the DagBag from /home/airflow/.local/lib/python3.7/site-packages/airflow/example_dags/example_xcom.py
[2023-11-11T17:39:22.710+0000] {processor.py:766} INFO - DAG(s) dict_keys(['example_xcom']) retrieved from /home/airflow/.local/lib/python3.7/site-packages/airflow/example_dags/example_xcom.py
[2023-11-11T17:39:22.776+0000] {logging_mixin.py:120} INFO - [2023-11-11T17:39:22.776+0000] {dag.py:2585} INFO - Sync 1 DAGs
[2023-11-11T17:39:22.829+0000] {logging_mixin.py:120} INFO - [2023-11-11T17:39:22.829+0000] {dag.py:3340} INFO - Setting next_dagrun for example_xcom to 2021-01-01T00:00:00+00:00, run_after=2021-01-01T00:00:00+00:00
[2023-11-11T17:39:22.861+0000] {processor.py:176} INFO - Processing /home/airflow/.local/lib/python3.7/site-packages/airflow/example_dags/example_xcom.py took 0.199 seconds
