[2023-11-11T17:02:04.228+0000] {processor.py:154} INFO - Started process (PID=56) to work on /home/airflow/.local/lib/python3.7/site-packages/airflow/example_dags/example_task_group.py
[2023-11-11T17:02:04.229+0000] {processor.py:756} INFO - Processing file /home/airflow/.local/lib/python3.7/site-packages/airflow/example_dags/example_task_group.py for tasks to queue
[2023-11-11T17:02:04.232+0000] {logging_mixin.py:120} INFO - [2023-11-11T17:02:04.232+0000] {dagbag.py:537} INFO - Filling up the DagBag from /home/airflow/.local/lib/python3.7/site-packages/airflow/example_dags/example_task_group.py
[2023-11-11T17:02:04.276+0000] {processor.py:766} INFO - DAG(s) dict_keys(['example_task_group']) retrieved from /home/airflow/.local/lib/python3.7/site-packages/airflow/example_dags/example_task_group.py
[2023-11-11T17:02:04.360+0000] {logging_mixin.py:120} INFO - [2023-11-11T17:02:04.359+0000] {dag.py:2585} INFO - Sync 1 DAGs
[2023-11-11T17:02:04.448+0000] {logging_mixin.py:120} INFO - [2023-11-11T17:02:04.446+0000] {dag.py:3340} INFO - Setting next_dagrun for example_task_group to 2023-11-10T17:02:04.445718+00:00, run_after=2023-11-11T17:02:04.445718+00:00
[2023-11-11T17:02:04.495+0000] {processor.py:176} INFO - Processing /home/airflow/.local/lib/python3.7/site-packages/airflow/example_dags/example_task_group.py took 0.276 seconds
[2023-11-11T17:02:36.499+0000] {processor.py:154} INFO - Started process (PID=119) to work on /home/airflow/.local/lib/python3.7/site-packages/airflow/example_dags/example_task_group.py
[2023-11-11T17:02:36.505+0000] {processor.py:756} INFO - Processing file /home/airflow/.local/lib/python3.7/site-packages/airflow/example_dags/example_task_group.py for tasks to queue
[2023-11-11T17:02:36.507+0000] {logging_mixin.py:120} INFO - [2023-11-11T17:02:36.506+0000] {dagbag.py:537} INFO - Filling up the DagBag from /home/airflow/.local/lib/python3.7/site-packages/airflow/example_dags/example_task_group.py
[2023-11-11T17:02:36.543+0000] {processor.py:766} INFO - DAG(s) dict_keys(['example_task_group']) retrieved from /home/airflow/.local/lib/python3.7/site-packages/airflow/example_dags/example_task_group.py
[2023-11-11T17:02:36.710+0000] {logging_mixin.py:120} INFO - [2023-11-11T17:02:36.710+0000] {dag.py:2585} INFO - Sync 1 DAGs
[2023-11-11T17:02:36.816+0000] {logging_mixin.py:120} INFO - [2023-11-11T17:02:36.816+0000] {dag.py:3340} INFO - Setting next_dagrun for example_task_group to 2023-11-10T17:02:36.815629+00:00, run_after=2023-11-11T17:02:36.815629+00:00
[2023-11-11T17:02:36.890+0000] {processor.py:176} INFO - Processing /home/airflow/.local/lib/python3.7/site-packages/airflow/example_dags/example_task_group.py took 0.400 seconds
[2023-11-11T17:03:08.132+0000] {processor.py:154} INFO - Started process (PID=174) to work on /home/airflow/.local/lib/python3.7/site-packages/airflow/example_dags/example_task_group.py
[2023-11-11T17:03:08.133+0000] {processor.py:756} INFO - Processing file /home/airflow/.local/lib/python3.7/site-packages/airflow/example_dags/example_task_group.py for tasks to queue
[2023-11-11T17:03:08.135+0000] {logging_mixin.py:120} INFO - [2023-11-11T17:03:08.135+0000] {dagbag.py:537} INFO - Filling up the DagBag from /home/airflow/.local/lib/python3.7/site-packages/airflow/example_dags/example_task_group.py
[2023-11-11T17:03:08.198+0000] {processor.py:766} INFO - DAG(s) dict_keys(['example_task_group']) retrieved from /home/airflow/.local/lib/python3.7/site-packages/airflow/example_dags/example_task_group.py
[2023-11-11T17:03:08.431+0000] {logging_mixin.py:120} INFO - [2023-11-11T17:03:08.431+0000] {dag.py:2585} INFO - Sync 1 DAGs
[2023-11-11T17:03:08.490+0000] {logging_mixin.py:120} INFO - [2023-11-11T17:03:08.490+0000] {dag.py:3340} INFO - Setting next_dagrun for example_task_group to 2023-11-10T17:03:08.490234+00:00, run_after=2023-11-11T17:03:08.490234+00:00
[2023-11-11T17:03:08.616+0000] {processor.py:176} INFO - Processing /home/airflow/.local/lib/python3.7/site-packages/airflow/example_dags/example_task_group.py took 0.518 seconds
[2023-11-11T17:03:39.047+0000] {processor.py:154} INFO - Started process (PID=228) to work on /home/airflow/.local/lib/python3.7/site-packages/airflow/example_dags/example_task_group.py
[2023-11-11T17:03:39.053+0000] {processor.py:756} INFO - Processing file /home/airflow/.local/lib/python3.7/site-packages/airflow/example_dags/example_task_group.py for tasks to queue
[2023-11-11T17:03:39.056+0000] {logging_mixin.py:120} INFO - [2023-11-11T17:03:39.054+0000] {dagbag.py:537} INFO - Filling up the DagBag from /home/airflow/.local/lib/python3.7/site-packages/airflow/example_dags/example_task_group.py
[2023-11-11T17:03:39.086+0000] {processor.py:766} INFO - DAG(s) dict_keys(['example_task_group']) retrieved from /home/airflow/.local/lib/python3.7/site-packages/airflow/example_dags/example_task_group.py
[2023-11-11T17:03:39.161+0000] {logging_mixin.py:120} INFO - [2023-11-11T17:03:39.161+0000] {dag.py:2585} INFO - Sync 1 DAGs
[2023-11-11T17:03:39.207+0000] {logging_mixin.py:120} INFO - [2023-11-11T17:03:39.206+0000] {dag.py:3340} INFO - Setting next_dagrun for example_task_group to 2023-11-10T17:03:39.205038+00:00, run_after=2023-11-11T17:03:39.205038+00:00
[2023-11-11T17:03:39.251+0000] {processor.py:176} INFO - Processing /home/airflow/.local/lib/python3.7/site-packages/airflow/example_dags/example_task_group.py took 0.214 seconds
[2023-11-11T17:04:09.718+0000] {processor.py:154} INFO - Started process (PID=292) to work on /home/airflow/.local/lib/python3.7/site-packages/airflow/example_dags/example_task_group.py
[2023-11-11T17:04:09.719+0000] {processor.py:756} INFO - Processing file /home/airflow/.local/lib/python3.7/site-packages/airflow/example_dags/example_task_group.py for tasks to queue
[2023-11-11T17:04:09.720+0000] {logging_mixin.py:120} INFO - [2023-11-11T17:04:09.720+0000] {dagbag.py:537} INFO - Filling up the DagBag from /home/airflow/.local/lib/python3.7/site-packages/airflow/example_dags/example_task_group.py
[2023-11-11T17:04:09.740+0000] {processor.py:766} INFO - DAG(s) dict_keys(['example_task_group']) retrieved from /home/airflow/.local/lib/python3.7/site-packages/airflow/example_dags/example_task_group.py
[2023-11-11T17:04:09.790+0000] {logging_mixin.py:120} INFO - [2023-11-11T17:04:09.790+0000] {dag.py:2585} INFO - Sync 1 DAGs
[2023-11-11T17:04:09.819+0000] {logging_mixin.py:120} INFO - [2023-11-11T17:04:09.819+0000] {dag.py:3340} INFO - Setting next_dagrun for example_task_group to 2023-11-10T17:04:09.819603+00:00, run_after=2023-11-11T17:04:09.819603+00:00
[2023-11-11T17:04:09.847+0000] {processor.py:176} INFO - Processing /home/airflow/.local/lib/python3.7/site-packages/airflow/example_dags/example_task_group.py took 0.132 seconds
[2023-11-11T17:04:40.558+0000] {processor.py:154} INFO - Started process (PID=346) to work on /home/airflow/.local/lib/python3.7/site-packages/airflow/example_dags/example_task_group.py
[2023-11-11T17:04:40.559+0000] {processor.py:756} INFO - Processing file /home/airflow/.local/lib/python3.7/site-packages/airflow/example_dags/example_task_group.py for tasks to queue
[2023-11-11T17:04:40.560+0000] {logging_mixin.py:120} INFO - [2023-11-11T17:04:40.559+0000] {dagbag.py:537} INFO - Filling up the DagBag from /home/airflow/.local/lib/python3.7/site-packages/airflow/example_dags/example_task_group.py
[2023-11-11T17:04:40.581+0000] {processor.py:766} INFO - DAG(s) dict_keys(['example_task_group']) retrieved from /home/airflow/.local/lib/python3.7/site-packages/airflow/example_dags/example_task_group.py
[2023-11-11T17:04:40.631+0000] {logging_mixin.py:120} INFO - [2023-11-11T17:04:40.631+0000] {dag.py:2585} INFO - Sync 1 DAGs
[2023-11-11T17:04:40.661+0000] {logging_mixin.py:120} INFO - [2023-11-11T17:04:40.660+0000] {dag.py:3340} INFO - Setting next_dagrun for example_task_group to 2023-11-10T17:04:40.660731+00:00, run_after=2023-11-11T17:04:40.660731+00:00
[2023-11-11T17:04:40.683+0000] {processor.py:176} INFO - Processing /home/airflow/.local/lib/python3.7/site-packages/airflow/example_dags/example_task_group.py took 0.129 seconds
[2023-11-11T17:05:11.215+0000] {processor.py:154} INFO - Started process (PID=409) to work on /home/airflow/.local/lib/python3.7/site-packages/airflow/example_dags/example_task_group.py
[2023-11-11T17:05:11.216+0000] {processor.py:756} INFO - Processing file /home/airflow/.local/lib/python3.7/site-packages/airflow/example_dags/example_task_group.py for tasks to queue
[2023-11-11T17:05:11.217+0000] {logging_mixin.py:120} INFO - [2023-11-11T17:05:11.217+0000] {dagbag.py:537} INFO - Filling up the DagBag from /home/airflow/.local/lib/python3.7/site-packages/airflow/example_dags/example_task_group.py
[2023-11-11T17:05:11.236+0000] {processor.py:766} INFO - DAG(s) dict_keys(['example_task_group']) retrieved from /home/airflow/.local/lib/python3.7/site-packages/airflow/example_dags/example_task_group.py
[2023-11-11T17:05:11.285+0000] {logging_mixin.py:120} INFO - [2023-11-11T17:05:11.284+0000] {dag.py:2585} INFO - Sync 1 DAGs
[2023-11-11T17:05:11.315+0000] {logging_mixin.py:120} INFO - [2023-11-11T17:05:11.315+0000] {dag.py:3340} INFO - Setting next_dagrun for example_task_group to 2023-11-10T17:05:11.315523+00:00, run_after=2023-11-11T17:05:11.315523+00:00
[2023-11-11T17:05:11.343+0000] {processor.py:176} INFO - Processing /home/airflow/.local/lib/python3.7/site-packages/airflow/example_dags/example_task_group.py took 0.132 seconds
[2023-11-11T17:05:41.658+0000] {processor.py:154} INFO - Started process (PID=472) to work on /home/airflow/.local/lib/python3.7/site-packages/airflow/example_dags/example_task_group.py
[2023-11-11T17:05:41.660+0000] {processor.py:756} INFO - Processing file /home/airflow/.local/lib/python3.7/site-packages/airflow/example_dags/example_task_group.py for tasks to queue
[2023-11-11T17:05:41.661+0000] {logging_mixin.py:120} INFO - [2023-11-11T17:05:41.661+0000] {dagbag.py:537} INFO - Filling up the DagBag from /home/airflow/.local/lib/python3.7/site-packages/airflow/example_dags/example_task_group.py
[2023-11-11T17:05:41.688+0000] {processor.py:766} INFO - DAG(s) dict_keys(['example_task_group']) retrieved from /home/airflow/.local/lib/python3.7/site-packages/airflow/example_dags/example_task_group.py
[2023-11-11T17:05:41.763+0000] {logging_mixin.py:120} INFO - [2023-11-11T17:05:41.763+0000] {dag.py:2585} INFO - Sync 1 DAGs
[2023-11-11T17:05:41.800+0000] {logging_mixin.py:120} INFO - [2023-11-11T17:05:41.800+0000] {dag.py:3340} INFO - Setting next_dagrun for example_task_group to 2023-11-10T17:05:41.800066+00:00, run_after=2023-11-11T17:05:41.800066+00:00
[2023-11-11T17:05:41.825+0000] {processor.py:176} INFO - Processing /home/airflow/.local/lib/python3.7/site-packages/airflow/example_dags/example_task_group.py took 0.173 seconds
[2023-11-11T17:06:12.649+0000] {processor.py:154} INFO - Started process (PID=526) to work on /home/airflow/.local/lib/python3.7/site-packages/airflow/example_dags/example_task_group.py
[2023-11-11T17:06:12.651+0000] {processor.py:756} INFO - Processing file /home/airflow/.local/lib/python3.7/site-packages/airflow/example_dags/example_task_group.py for tasks to queue
[2023-11-11T17:06:12.652+0000] {logging_mixin.py:120} INFO - [2023-11-11T17:06:12.652+0000] {dagbag.py:537} INFO - Filling up the DagBag from /home/airflow/.local/lib/python3.7/site-packages/airflow/example_dags/example_task_group.py
[2023-11-11T17:06:12.688+0000] {processor.py:766} INFO - DAG(s) dict_keys(['example_task_group']) retrieved from /home/airflow/.local/lib/python3.7/site-packages/airflow/example_dags/example_task_group.py
[2023-11-11T17:06:12.774+0000] {logging_mixin.py:120} INFO - [2023-11-11T17:06:12.774+0000] {dag.py:2585} INFO - Sync 1 DAGs
[2023-11-11T17:06:12.828+0000] {logging_mixin.py:120} INFO - [2023-11-11T17:06:12.828+0000] {dag.py:3340} INFO - Setting next_dagrun for example_task_group to 2023-11-10T17:06:12.828233+00:00, run_after=2023-11-11T17:06:12.828233+00:00
[2023-11-11T17:06:12.862+0000] {processor.py:176} INFO - Processing /home/airflow/.local/lib/python3.7/site-packages/airflow/example_dags/example_task_group.py took 0.220 seconds
[2023-11-11T17:06:43.665+0000] {processor.py:154} INFO - Started process (PID=589) to work on /home/airflow/.local/lib/python3.7/site-packages/airflow/example_dags/example_task_group.py
[2023-11-11T17:06:43.666+0000] {processor.py:756} INFO - Processing file /home/airflow/.local/lib/python3.7/site-packages/airflow/example_dags/example_task_group.py for tasks to queue
[2023-11-11T17:06:43.667+0000] {logging_mixin.py:120} INFO - [2023-11-11T17:06:43.667+0000] {dagbag.py:537} INFO - Filling up the DagBag from /home/airflow/.local/lib/python3.7/site-packages/airflow/example_dags/example_task_group.py
[2023-11-11T17:06:43.695+0000] {processor.py:766} INFO - DAG(s) dict_keys(['example_task_group']) retrieved from /home/airflow/.local/lib/python3.7/site-packages/airflow/example_dags/example_task_group.py
[2023-11-11T17:06:43.773+0000] {logging_mixin.py:120} INFO - [2023-11-11T17:06:43.772+0000] {dag.py:2585} INFO - Sync 1 DAGs
[2023-11-11T17:06:43.821+0000] {logging_mixin.py:120} INFO - [2023-11-11T17:06:43.821+0000] {dag.py:3340} INFO - Setting next_dagrun for example_task_group to 2023-11-10T17:06:43.820402+00:00, run_after=2023-11-11T17:06:43.820402+00:00
[2023-11-11T17:06:43.861+0000] {processor.py:176} INFO - Processing /home/airflow/.local/lib/python3.7/site-packages/airflow/example_dags/example_task_group.py took 0.203 seconds
[2023-11-11T17:07:14.235+0000] {processor.py:154} INFO - Started process (PID=643) to work on /home/airflow/.local/lib/python3.7/site-packages/airflow/example_dags/example_task_group.py
[2023-11-11T17:07:14.237+0000] {processor.py:756} INFO - Processing file /home/airflow/.local/lib/python3.7/site-packages/airflow/example_dags/example_task_group.py for tasks to queue
[2023-11-11T17:07:14.239+0000] {logging_mixin.py:120} INFO - [2023-11-11T17:07:14.238+0000] {dagbag.py:537} INFO - Filling up the DagBag from /home/airflow/.local/lib/python3.7/site-packages/airflow/example_dags/example_task_group.py
[2023-11-11T17:07:14.270+0000] {processor.py:766} INFO - DAG(s) dict_keys(['example_task_group']) retrieved from /home/airflow/.local/lib/python3.7/site-packages/airflow/example_dags/example_task_group.py
[2023-11-11T17:07:14.369+0000] {logging_mixin.py:120} INFO - [2023-11-11T17:07:14.369+0000] {dag.py:2585} INFO - Sync 1 DAGs
[2023-11-11T17:07:14.420+0000] {logging_mixin.py:120} INFO - [2023-11-11T17:07:14.419+0000] {dag.py:3340} INFO - Setting next_dagrun for example_task_group to 2023-11-10T17:07:14.419742+00:00, run_after=2023-11-11T17:07:14.419742+00:00
[2023-11-11T17:07:14.445+0000] {processor.py:176} INFO - Processing /home/airflow/.local/lib/python3.7/site-packages/airflow/example_dags/example_task_group.py took 0.216 seconds
[2023-11-11T17:29:26.962+0000] {processor.py:154} INFO - Started process (PID=72) to work on /home/airflow/.local/lib/python3.7/site-packages/airflow/example_dags/example_task_group.py
[2023-11-11T17:29:26.987+0000] {processor.py:756} INFO - Processing file /home/airflow/.local/lib/python3.7/site-packages/airflow/example_dags/example_task_group.py for tasks to queue
[2023-11-11T17:29:26.990+0000] {logging_mixin.py:120} INFO - [2023-11-11T17:29:26.989+0000] {dagbag.py:537} INFO - Filling up the DagBag from /home/airflow/.local/lib/python3.7/site-packages/airflow/example_dags/example_task_group.py
[2023-11-11T17:29:27.687+0000] {processor.py:766} INFO - DAG(s) dict_keys(['example_task_group']) retrieved from /home/airflow/.local/lib/python3.7/site-packages/airflow/example_dags/example_task_group.py
[2023-11-11T17:29:30.724+0000] {logging_mixin.py:120} INFO - [2023-11-11T17:29:30.724+0000] {manager.py:507} INFO - Created Permission View: can read on DAG:example_task_group
[2023-11-11T17:29:30.800+0000] {logging_mixin.py:120} INFO - [2023-11-11T17:29:30.800+0000] {manager.py:507} INFO - Created Permission View: can delete on DAG:example_task_group
[2023-11-11T17:29:30.905+0000] {logging_mixin.py:120} INFO - [2023-11-11T17:29:30.905+0000] {manager.py:507} INFO - Created Permission View: can edit on DAG:example_task_group
[2023-11-11T17:29:30.906+0000] {logging_mixin.py:120} INFO - [2023-11-11T17:29:30.906+0000] {dag.py:2585} INFO - Sync 1 DAGs
[2023-11-11T17:29:31.077+0000] {logging_mixin.py:120} INFO - [2023-11-11T17:29:31.076+0000] {dag.py:2606} INFO - Creating ORM DAG for example_task_group
[2023-11-11T17:29:33.714+0000] {logging_mixin.py:120} INFO - [2023-11-11T17:29:33.714+0000] {dag.py:3340} INFO - Setting next_dagrun for example_task_group to 2023-11-10T17:29:33.709311+00:00, run_after=2023-11-11T17:29:33.709311+00:00
[2023-11-11T17:29:33.950+0000] {processor.py:176} INFO - Processing /home/airflow/.local/lib/python3.7/site-packages/airflow/example_dags/example_task_group.py took 7.018 seconds
[2023-11-11T17:30:09.907+0000] {processor.py:154} INFO - Started process (PID=126) to work on /home/airflow/.local/lib/python3.7/site-packages/airflow/example_dags/example_task_group.py
[2023-11-11T17:30:09.913+0000] {processor.py:756} INFO - Processing file /home/airflow/.local/lib/python3.7/site-packages/airflow/example_dags/example_task_group.py for tasks to queue
[2023-11-11T17:30:09.915+0000] {logging_mixin.py:120} INFO - [2023-11-11T17:30:09.915+0000] {dagbag.py:537} INFO - Filling up the DagBag from /home/airflow/.local/lib/python3.7/site-packages/airflow/example_dags/example_task_group.py
[2023-11-11T17:30:10.059+0000] {processor.py:766} INFO - DAG(s) dict_keys(['example_task_group']) retrieved from /home/airflow/.local/lib/python3.7/site-packages/airflow/example_dags/example_task_group.py
[2023-11-11T17:30:10.393+0000] {logging_mixin.py:120} INFO - [2023-11-11T17:30:10.393+0000] {dag.py:2585} INFO - Sync 1 DAGs
[2023-11-11T17:30:10.502+0000] {logging_mixin.py:120} INFO - [2023-11-11T17:30:10.501+0000] {dag.py:3340} INFO - Setting next_dagrun for example_task_group to 2023-11-10T17:30:10.501177+00:00, run_after=2023-11-11T17:30:10.501177+00:00
[2023-11-11T17:30:10.595+0000] {processor.py:176} INFO - Processing /home/airflow/.local/lib/python3.7/site-packages/airflow/example_dags/example_task_group.py took 0.705 seconds
[2023-11-11T17:30:42.547+0000] {processor.py:154} INFO - Started process (PID=180) to work on /home/airflow/.local/lib/python3.7/site-packages/airflow/example_dags/example_task_group.py
[2023-11-11T17:30:42.549+0000] {processor.py:756} INFO - Processing file /home/airflow/.local/lib/python3.7/site-packages/airflow/example_dags/example_task_group.py for tasks to queue
[2023-11-11T17:30:42.556+0000] {logging_mixin.py:120} INFO - [2023-11-11T17:30:42.552+0000] {dagbag.py:537} INFO - Filling up the DagBag from /home/airflow/.local/lib/python3.7/site-packages/airflow/example_dags/example_task_group.py
[2023-11-11T17:30:42.634+0000] {processor.py:766} INFO - DAG(s) dict_keys(['example_task_group']) retrieved from /home/airflow/.local/lib/python3.7/site-packages/airflow/example_dags/example_task_group.py
[2023-11-11T17:30:42.849+0000] {logging_mixin.py:120} INFO - [2023-11-11T17:30:42.849+0000] {dag.py:2585} INFO - Sync 1 DAGs
[2023-11-11T17:30:42.956+0000] {logging_mixin.py:120} INFO - [2023-11-11T17:30:42.956+0000] {dag.py:3340} INFO - Setting next_dagrun for example_task_group to 2023-11-10T17:30:42.955591+00:00, run_after=2023-11-11T17:30:42.955591+00:00
[2023-11-11T17:30:43.046+0000] {processor.py:176} INFO - Processing /home/airflow/.local/lib/python3.7/site-packages/airflow/example_dags/example_task_group.py took 0.516 seconds
[2023-11-11T17:31:14.282+0000] {processor.py:154} INFO - Started process (PID=235) to work on /home/airflow/.local/lib/python3.7/site-packages/airflow/example_dags/example_task_group.py
[2023-11-11T17:31:14.284+0000] {processor.py:756} INFO - Processing file /home/airflow/.local/lib/python3.7/site-packages/airflow/example_dags/example_task_group.py for tasks to queue
[2023-11-11T17:31:14.286+0000] {logging_mixin.py:120} INFO - [2023-11-11T17:31:14.285+0000] {dagbag.py:537} INFO - Filling up the DagBag from /home/airflow/.local/lib/python3.7/site-packages/airflow/example_dags/example_task_group.py
[2023-11-11T17:31:14.339+0000] {processor.py:766} INFO - DAG(s) dict_keys(['example_task_group']) retrieved from /home/airflow/.local/lib/python3.7/site-packages/airflow/example_dags/example_task_group.py
[2023-11-11T17:31:14.467+0000] {logging_mixin.py:120} INFO - [2023-11-11T17:31:14.467+0000] {dag.py:2585} INFO - Sync 1 DAGs
[2023-11-11T17:31:14.540+0000] {logging_mixin.py:120} INFO - [2023-11-11T17:31:14.540+0000] {dag.py:3340} INFO - Setting next_dagrun for example_task_group to 2023-11-10T17:31:14.539970+00:00, run_after=2023-11-11T17:31:14.539970+00:00
[2023-11-11T17:31:14.593+0000] {processor.py:176} INFO - Processing /home/airflow/.local/lib/python3.7/site-packages/airflow/example_dags/example_task_group.py took 0.318 seconds
[2023-11-11T17:31:44.657+0000] {processor.py:154} INFO - Started process (PID=289) to work on /home/airflow/.local/lib/python3.7/site-packages/airflow/example_dags/example_task_group.py
[2023-11-11T17:31:44.659+0000] {processor.py:756} INFO - Processing file /home/airflow/.local/lib/python3.7/site-packages/airflow/example_dags/example_task_group.py for tasks to queue
[2023-11-11T17:31:44.662+0000] {logging_mixin.py:120} INFO - [2023-11-11T17:31:44.662+0000] {dagbag.py:537} INFO - Filling up the DagBag from /home/airflow/.local/lib/python3.7/site-packages/airflow/example_dags/example_task_group.py
[2023-11-11T17:31:44.695+0000] {processor.py:766} INFO - DAG(s) dict_keys(['example_task_group']) retrieved from /home/airflow/.local/lib/python3.7/site-packages/airflow/example_dags/example_task_group.py
[2023-11-11T17:31:44.779+0000] {logging_mixin.py:120} INFO - [2023-11-11T17:31:44.779+0000] {dag.py:2585} INFO - Sync 1 DAGs
[2023-11-11T17:31:44.835+0000] {logging_mixin.py:120} INFO - [2023-11-11T17:31:44.833+0000] {dag.py:3340} INFO - Setting next_dagrun for example_task_group to 2023-11-10T17:31:44.833392+00:00, run_after=2023-11-11T17:31:44.833392+00:00
[2023-11-11T17:31:44.878+0000] {processor.py:176} INFO - Processing /home/airflow/.local/lib/python3.7/site-packages/airflow/example_dags/example_task_group.py took 0.226 seconds
[2023-11-11T17:32:15.287+0000] {processor.py:154} INFO - Started process (PID=352) to work on /home/airflow/.local/lib/python3.7/site-packages/airflow/example_dags/example_task_group.py
[2023-11-11T17:32:15.291+0000] {processor.py:756} INFO - Processing file /home/airflow/.local/lib/python3.7/site-packages/airflow/example_dags/example_task_group.py for tasks to queue
[2023-11-11T17:32:15.294+0000] {logging_mixin.py:120} INFO - [2023-11-11T17:32:15.294+0000] {dagbag.py:537} INFO - Filling up the DagBag from /home/airflow/.local/lib/python3.7/site-packages/airflow/example_dags/example_task_group.py
[2023-11-11T17:32:15.328+0000] {processor.py:766} INFO - DAG(s) dict_keys(['example_task_group']) retrieved from /home/airflow/.local/lib/python3.7/site-packages/airflow/example_dags/example_task_group.py
[2023-11-11T17:32:15.412+0000] {logging_mixin.py:120} INFO - [2023-11-11T17:32:15.412+0000] {dag.py:2585} INFO - Sync 1 DAGs
[2023-11-11T17:32:15.491+0000] {logging_mixin.py:120} INFO - [2023-11-11T17:32:15.491+0000] {dag.py:3340} INFO - Setting next_dagrun for example_task_group to 2023-11-10T17:32:15.490538+00:00, run_after=2023-11-11T17:32:15.490538+00:00
[2023-11-11T17:32:15.531+0000] {processor.py:176} INFO - Processing /home/airflow/.local/lib/python3.7/site-packages/airflow/example_dags/example_task_group.py took 0.249 seconds
[2023-11-11T17:32:45.926+0000] {processor.py:154} INFO - Started process (PID=406) to work on /home/airflow/.local/lib/python3.7/site-packages/airflow/example_dags/example_task_group.py
[2023-11-11T17:32:45.928+0000] {processor.py:756} INFO - Processing file /home/airflow/.local/lib/python3.7/site-packages/airflow/example_dags/example_task_group.py for tasks to queue
[2023-11-11T17:32:45.929+0000] {logging_mixin.py:120} INFO - [2023-11-11T17:32:45.929+0000] {dagbag.py:537} INFO - Filling up the DagBag from /home/airflow/.local/lib/python3.7/site-packages/airflow/example_dags/example_task_group.py
[2023-11-11T17:32:45.959+0000] {processor.py:766} INFO - DAG(s) dict_keys(['example_task_group']) retrieved from /home/airflow/.local/lib/python3.7/site-packages/airflow/example_dags/example_task_group.py
[2023-11-11T17:32:46.048+0000] {logging_mixin.py:120} INFO - [2023-11-11T17:32:46.047+0000] {dag.py:2585} INFO - Sync 1 DAGs
[2023-11-11T17:32:46.107+0000] {logging_mixin.py:120} INFO - [2023-11-11T17:32:46.107+0000] {dag.py:3340} INFO - Setting next_dagrun for example_task_group to 2023-11-10T17:32:46.107485+00:00, run_after=2023-11-11T17:32:46.107485+00:00
[2023-11-11T17:32:46.145+0000] {processor.py:176} INFO - Processing /home/airflow/.local/lib/python3.7/site-packages/airflow/example_dags/example_task_group.py took 0.224 seconds
[2023-11-11T17:33:17.446+0000] {processor.py:154} INFO - Started process (PID=469) to work on /home/airflow/.local/lib/python3.7/site-packages/airflow/example_dags/example_task_group.py
[2023-11-11T17:33:17.450+0000] {processor.py:756} INFO - Processing file /home/airflow/.local/lib/python3.7/site-packages/airflow/example_dags/example_task_group.py for tasks to queue
[2023-11-11T17:33:17.452+0000] {logging_mixin.py:120} INFO - [2023-11-11T17:33:17.451+0000] {dagbag.py:537} INFO - Filling up the DagBag from /home/airflow/.local/lib/python3.7/site-packages/airflow/example_dags/example_task_group.py
[2023-11-11T17:33:17.501+0000] {processor.py:766} INFO - DAG(s) dict_keys(['example_task_group']) retrieved from /home/airflow/.local/lib/python3.7/site-packages/airflow/example_dags/example_task_group.py
[2023-11-11T17:33:17.599+0000] {logging_mixin.py:120} INFO - [2023-11-11T17:33:17.599+0000] {dag.py:2585} INFO - Sync 1 DAGs
[2023-11-11T17:33:17.668+0000] {logging_mixin.py:120} INFO - [2023-11-11T17:33:17.668+0000] {dag.py:3340} INFO - Setting next_dagrun for example_task_group to 2023-11-10T17:33:17.667761+00:00, run_after=2023-11-11T17:33:17.667761+00:00
[2023-11-11T17:33:17.716+0000] {processor.py:176} INFO - Processing /home/airflow/.local/lib/python3.7/site-packages/airflow/example_dags/example_task_group.py took 0.276 seconds
[2023-11-11T17:33:47.896+0000] {processor.py:154} INFO - Started process (PID=524) to work on /home/airflow/.local/lib/python3.7/site-packages/airflow/example_dags/example_task_group.py
[2023-11-11T17:33:47.897+0000] {processor.py:756} INFO - Processing file /home/airflow/.local/lib/python3.7/site-packages/airflow/example_dags/example_task_group.py for tasks to queue
[2023-11-11T17:33:47.897+0000] {logging_mixin.py:120} INFO - [2023-11-11T17:33:47.897+0000] {dagbag.py:537} INFO - Filling up the DagBag from /home/airflow/.local/lib/python3.7/site-packages/airflow/example_dags/example_task_group.py
[2023-11-11T17:33:47.928+0000] {processor.py:766} INFO - DAG(s) dict_keys(['example_task_group']) retrieved from /home/airflow/.local/lib/python3.7/site-packages/airflow/example_dags/example_task_group.py
[2023-11-11T17:33:48.012+0000] {logging_mixin.py:120} INFO - [2023-11-11T17:33:48.012+0000] {dag.py:2585} INFO - Sync 1 DAGs
[2023-11-11T17:33:48.068+0000] {logging_mixin.py:120} INFO - [2023-11-11T17:33:48.068+0000] {dag.py:3340} INFO - Setting next_dagrun for example_task_group to 2023-11-10T17:33:48.066397+00:00, run_after=2023-11-11T17:33:48.066397+00:00
[2023-11-11T17:33:48.109+0000] {processor.py:176} INFO - Processing /home/airflow/.local/lib/python3.7/site-packages/airflow/example_dags/example_task_group.py took 0.222 seconds
[2023-11-11T17:34:18.260+0000] {processor.py:154} INFO - Started process (PID=578) to work on /home/airflow/.local/lib/python3.7/site-packages/airflow/example_dags/example_task_group.py
[2023-11-11T17:34:18.261+0000] {processor.py:756} INFO - Processing file /home/airflow/.local/lib/python3.7/site-packages/airflow/example_dags/example_task_group.py for tasks to queue
[2023-11-11T17:34:18.262+0000] {logging_mixin.py:120} INFO - [2023-11-11T17:34:18.262+0000] {dagbag.py:537} INFO - Filling up the DagBag from /home/airflow/.local/lib/python3.7/site-packages/airflow/example_dags/example_task_group.py
[2023-11-11T17:34:18.291+0000] {processor.py:766} INFO - DAG(s) dict_keys(['example_task_group']) retrieved from /home/airflow/.local/lib/python3.7/site-packages/airflow/example_dags/example_task_group.py
[2023-11-11T17:34:18.367+0000] {logging_mixin.py:120} INFO - [2023-11-11T17:34:18.366+0000] {dag.py:2585} INFO - Sync 1 DAGs
[2023-11-11T17:34:18.432+0000] {logging_mixin.py:120} INFO - [2023-11-11T17:34:18.432+0000] {dag.py:3340} INFO - Setting next_dagrun for example_task_group to 2023-11-10T17:34:18.432198+00:00, run_after=2023-11-11T17:34:18.432198+00:00
[2023-11-11T17:34:18.467+0000] {processor.py:176} INFO - Processing /home/airflow/.local/lib/python3.7/site-packages/airflow/example_dags/example_task_group.py took 0.213 seconds
[2023-11-11T17:34:49.067+0000] {processor.py:154} INFO - Started process (PID=642) to work on /home/airflow/.local/lib/python3.7/site-packages/airflow/example_dags/example_task_group.py
[2023-11-11T17:34:49.070+0000] {processor.py:756} INFO - Processing file /home/airflow/.local/lib/python3.7/site-packages/airflow/example_dags/example_task_group.py for tasks to queue
[2023-11-11T17:34:49.072+0000] {logging_mixin.py:120} INFO - [2023-11-11T17:34:49.071+0000] {dagbag.py:537} INFO - Filling up the DagBag from /home/airflow/.local/lib/python3.7/site-packages/airflow/example_dags/example_task_group.py
[2023-11-11T17:34:49.112+0000] {processor.py:766} INFO - DAG(s) dict_keys(['example_task_group']) retrieved from /home/airflow/.local/lib/python3.7/site-packages/airflow/example_dags/example_task_group.py
[2023-11-11T17:34:49.190+0000] {logging_mixin.py:120} INFO - [2023-11-11T17:34:49.189+0000] {dag.py:2585} INFO - Sync 1 DAGs
[2023-11-11T17:34:49.241+0000] {logging_mixin.py:120} INFO - [2023-11-11T17:34:49.241+0000] {dag.py:3340} INFO - Setting next_dagrun for example_task_group to 2023-11-10T17:34:49.240589+00:00, run_after=2023-11-11T17:34:49.240589+00:00
[2023-11-11T17:34:49.288+0000] {processor.py:176} INFO - Processing /home/airflow/.local/lib/python3.7/site-packages/airflow/example_dags/example_task_group.py took 0.231 seconds
[2023-11-11T17:35:19.446+0000] {processor.py:154} INFO - Started process (PID=696) to work on /home/airflow/.local/lib/python3.7/site-packages/airflow/example_dags/example_task_group.py
[2023-11-11T17:35:19.448+0000] {processor.py:756} INFO - Processing file /home/airflow/.local/lib/python3.7/site-packages/airflow/example_dags/example_task_group.py for tasks to queue
[2023-11-11T17:35:19.449+0000] {logging_mixin.py:120} INFO - [2023-11-11T17:35:19.449+0000] {dagbag.py:537} INFO - Filling up the DagBag from /home/airflow/.local/lib/python3.7/site-packages/airflow/example_dags/example_task_group.py
[2023-11-11T17:35:19.494+0000] {processor.py:766} INFO - DAG(s) dict_keys(['example_task_group']) retrieved from /home/airflow/.local/lib/python3.7/site-packages/airflow/example_dags/example_task_group.py
[2023-11-11T17:35:19.595+0000] {logging_mixin.py:120} INFO - [2023-11-11T17:35:19.595+0000] {dag.py:2585} INFO - Sync 1 DAGs
[2023-11-11T17:35:19.660+0000] {logging_mixin.py:120} INFO - [2023-11-11T17:35:19.660+0000] {dag.py:3340} INFO - Setting next_dagrun for example_task_group to 2023-11-10T17:35:19.659995+00:00, run_after=2023-11-11T17:35:19.659995+00:00
[2023-11-11T17:35:19.708+0000] {processor.py:176} INFO - Processing /home/airflow/.local/lib/python3.7/site-packages/airflow/example_dags/example_task_group.py took 0.269 seconds
[2023-11-11T17:35:49.892+0000] {processor.py:154} INFO - Started process (PID=750) to work on /home/airflow/.local/lib/python3.7/site-packages/airflow/example_dags/example_task_group.py
[2023-11-11T17:35:49.892+0000] {processor.py:756} INFO - Processing file /home/airflow/.local/lib/python3.7/site-packages/airflow/example_dags/example_task_group.py for tasks to queue
[2023-11-11T17:35:49.894+0000] {logging_mixin.py:120} INFO - [2023-11-11T17:35:49.894+0000] {dagbag.py:537} INFO - Filling up the DagBag from /home/airflow/.local/lib/python3.7/site-packages/airflow/example_dags/example_task_group.py
[2023-11-11T17:35:49.934+0000] {processor.py:766} INFO - DAG(s) dict_keys(['example_task_group']) retrieved from /home/airflow/.local/lib/python3.7/site-packages/airflow/example_dags/example_task_group.py
[2023-11-11T17:35:50.058+0000] {logging_mixin.py:120} INFO - [2023-11-11T17:35:50.058+0000] {dag.py:2585} INFO - Sync 1 DAGs
[2023-11-11T17:35:50.141+0000] {logging_mixin.py:120} INFO - [2023-11-11T17:35:50.141+0000] {dag.py:3340} INFO - Setting next_dagrun for example_task_group to 2023-11-10T17:35:50.140899+00:00, run_after=2023-11-11T17:35:50.140899+00:00
[2023-11-11T17:35:50.211+0000] {processor.py:176} INFO - Processing /home/airflow/.local/lib/python3.7/site-packages/airflow/example_dags/example_task_group.py took 0.327 seconds
[2023-11-11T17:36:20.285+0000] {processor.py:154} INFO - Started process (PID=812) to work on /home/airflow/.local/lib/python3.7/site-packages/airflow/example_dags/example_task_group.py
[2023-11-11T17:36:20.288+0000] {processor.py:756} INFO - Processing file /home/airflow/.local/lib/python3.7/site-packages/airflow/example_dags/example_task_group.py for tasks to queue
[2023-11-11T17:36:20.290+0000] {logging_mixin.py:120} INFO - [2023-11-11T17:36:20.290+0000] {dagbag.py:537} INFO - Filling up the DagBag from /home/airflow/.local/lib/python3.7/site-packages/airflow/example_dags/example_task_group.py
[2023-11-11T17:36:20.349+0000] {processor.py:766} INFO - DAG(s) dict_keys(['example_task_group']) retrieved from /home/airflow/.local/lib/python3.7/site-packages/airflow/example_dags/example_task_group.py
[2023-11-11T17:36:20.473+0000] {logging_mixin.py:120} INFO - [2023-11-11T17:36:20.472+0000] {dag.py:2585} INFO - Sync 1 DAGs
[2023-11-11T17:36:20.560+0000] {logging_mixin.py:120} INFO - [2023-11-11T17:36:20.559+0000] {dag.py:3340} INFO - Setting next_dagrun for example_task_group to 2023-11-10T17:36:20.558202+00:00, run_after=2023-11-11T17:36:20.558202+00:00
[2023-11-11T17:36:20.611+0000] {processor.py:176} INFO - Processing /home/airflow/.local/lib/python3.7/site-packages/airflow/example_dags/example_task_group.py took 0.343 seconds
[2023-11-11T17:36:51.156+0000] {processor.py:154} INFO - Started process (PID=865) to work on /home/airflow/.local/lib/python3.7/site-packages/airflow/example_dags/example_task_group.py
[2023-11-11T17:36:51.157+0000] {processor.py:756} INFO - Processing file /home/airflow/.local/lib/python3.7/site-packages/airflow/example_dags/example_task_group.py for tasks to queue
[2023-11-11T17:36:51.158+0000] {logging_mixin.py:120} INFO - [2023-11-11T17:36:51.158+0000] {dagbag.py:537} INFO - Filling up the DagBag from /home/airflow/.local/lib/python3.7/site-packages/airflow/example_dags/example_task_group.py
[2023-11-11T17:36:51.200+0000] {processor.py:766} INFO - DAG(s) dict_keys(['example_task_group']) retrieved from /home/airflow/.local/lib/python3.7/site-packages/airflow/example_dags/example_task_group.py
[2023-11-11T17:36:51.299+0000] {logging_mixin.py:120} INFO - [2023-11-11T17:36:51.299+0000] {dag.py:2585} INFO - Sync 1 DAGs
[2023-11-11T17:36:51.366+0000] {logging_mixin.py:120} INFO - [2023-11-11T17:36:51.365+0000] {dag.py:3340} INFO - Setting next_dagrun for example_task_group to 2023-11-10T17:36:51.364338+00:00, run_after=2023-11-11T17:36:51.364338+00:00
[2023-11-11T17:36:51.414+0000] {processor.py:176} INFO - Processing /home/airflow/.local/lib/python3.7/site-packages/airflow/example_dags/example_task_group.py took 0.266 seconds
[2023-11-11T17:37:21.902+0000] {processor.py:154} INFO - Started process (PID=928) to work on /home/airflow/.local/lib/python3.7/site-packages/airflow/example_dags/example_task_group.py
[2023-11-11T17:37:21.903+0000] {processor.py:756} INFO - Processing file /home/airflow/.local/lib/python3.7/site-packages/airflow/example_dags/example_task_group.py for tasks to queue
[2023-11-11T17:37:21.904+0000] {logging_mixin.py:120} INFO - [2023-11-11T17:37:21.904+0000] {dagbag.py:537} INFO - Filling up the DagBag from /home/airflow/.local/lib/python3.7/site-packages/airflow/example_dags/example_task_group.py
[2023-11-11T17:37:21.929+0000] {processor.py:766} INFO - DAG(s) dict_keys(['example_task_group']) retrieved from /home/airflow/.local/lib/python3.7/site-packages/airflow/example_dags/example_task_group.py
[2023-11-11T17:37:21.995+0000] {logging_mixin.py:120} INFO - [2023-11-11T17:37:21.995+0000] {dag.py:2585} INFO - Sync 1 DAGs
[2023-11-11T17:37:22.040+0000] {logging_mixin.py:120} INFO - [2023-11-11T17:37:22.039+0000] {dag.py:3340} INFO - Setting next_dagrun for example_task_group to 2023-11-10T17:37:22.039392+00:00, run_after=2023-11-11T17:37:22.039392+00:00
[2023-11-11T17:37:22.077+0000] {processor.py:176} INFO - Processing /home/airflow/.local/lib/python3.7/site-packages/airflow/example_dags/example_task_group.py took 0.182 seconds
[2023-11-11T17:37:52.300+0000] {processor.py:154} INFO - Started process (PID=981) to work on /home/airflow/.local/lib/python3.7/site-packages/airflow/example_dags/example_task_group.py
[2023-11-11T17:37:52.302+0000] {processor.py:756} INFO - Processing file /home/airflow/.local/lib/python3.7/site-packages/airflow/example_dags/example_task_group.py for tasks to queue
[2023-11-11T17:37:52.304+0000] {logging_mixin.py:120} INFO - [2023-11-11T17:37:52.304+0000] {dagbag.py:537} INFO - Filling up the DagBag from /home/airflow/.local/lib/python3.7/site-packages/airflow/example_dags/example_task_group.py
[2023-11-11T17:37:52.344+0000] {processor.py:766} INFO - DAG(s) dict_keys(['example_task_group']) retrieved from /home/airflow/.local/lib/python3.7/site-packages/airflow/example_dags/example_task_group.py
[2023-11-11T17:37:52.448+0000] {logging_mixin.py:120} INFO - [2023-11-11T17:37:52.447+0000] {dag.py:2585} INFO - Sync 1 DAGs
[2023-11-11T17:37:52.513+0000] {logging_mixin.py:120} INFO - [2023-11-11T17:37:52.513+0000] {dag.py:3340} INFO - Setting next_dagrun for example_task_group to 2023-11-10T17:37:52.512416+00:00, run_after=2023-11-11T17:37:52.512416+00:00
[2023-11-11T17:37:52.564+0000] {processor.py:176} INFO - Processing /home/airflow/.local/lib/python3.7/site-packages/airflow/example_dags/example_task_group.py took 0.274 seconds
[2023-11-11T17:38:23.006+0000] {processor.py:154} INFO - Started process (PID=1044) to work on /home/airflow/.local/lib/python3.7/site-packages/airflow/example_dags/example_task_group.py
[2023-11-11T17:38:23.008+0000] {processor.py:756} INFO - Processing file /home/airflow/.local/lib/python3.7/site-packages/airflow/example_dags/example_task_group.py for tasks to queue
[2023-11-11T17:38:23.009+0000] {logging_mixin.py:120} INFO - [2023-11-11T17:38:23.009+0000] {dagbag.py:537} INFO - Filling up the DagBag from /home/airflow/.local/lib/python3.7/site-packages/airflow/example_dags/example_task_group.py
[2023-11-11T17:38:23.037+0000] {processor.py:766} INFO - DAG(s) dict_keys(['example_task_group']) retrieved from /home/airflow/.local/lib/python3.7/site-packages/airflow/example_dags/example_task_group.py
[2023-11-11T17:38:23.104+0000] {logging_mixin.py:120} INFO - [2023-11-11T17:38:23.104+0000] {dag.py:2585} INFO - Sync 1 DAGs
[2023-11-11T17:38:23.148+0000] {logging_mixin.py:120} INFO - [2023-11-11T17:38:23.148+0000] {dag.py:3340} INFO - Setting next_dagrun for example_task_group to 2023-11-10T17:38:23.147668+00:00, run_after=2023-11-11T17:38:23.147668+00:00
[2023-11-11T17:38:23.185+0000] {processor.py:176} INFO - Processing /home/airflow/.local/lib/python3.7/site-packages/airflow/example_dags/example_task_group.py took 0.184 seconds
[2023-11-11T17:38:53.760+0000] {processor.py:154} INFO - Started process (PID=1098) to work on /home/airflow/.local/lib/python3.7/site-packages/airflow/example_dags/example_task_group.py
[2023-11-11T17:38:53.763+0000] {processor.py:756} INFO - Processing file /home/airflow/.local/lib/python3.7/site-packages/airflow/example_dags/example_task_group.py for tasks to queue
[2023-11-11T17:38:53.765+0000] {logging_mixin.py:120} INFO - [2023-11-11T17:38:53.764+0000] {dagbag.py:537} INFO - Filling up the DagBag from /home/airflow/.local/lib/python3.7/site-packages/airflow/example_dags/example_task_group.py
[2023-11-11T17:38:53.793+0000] {processor.py:766} INFO - DAG(s) dict_keys(['example_task_group']) retrieved from /home/airflow/.local/lib/python3.7/site-packages/airflow/example_dags/example_task_group.py
[2023-11-11T17:38:53.869+0000] {logging_mixin.py:120} INFO - [2023-11-11T17:38:53.868+0000] {dag.py:2585} INFO - Sync 1 DAGs
[2023-11-11T17:38:53.921+0000] {logging_mixin.py:120} INFO - [2023-11-11T17:38:53.921+0000] {dag.py:3340} INFO - Setting next_dagrun for example_task_group to 2023-11-10T17:38:53.919672+00:00, run_after=2023-11-11T17:38:53.919672+00:00
[2023-11-11T17:38:53.967+0000] {processor.py:176} INFO - Processing /home/airflow/.local/lib/python3.7/site-packages/airflow/example_dags/example_task_group.py took 0.213 seconds
[2023-11-11T17:39:24.313+0000] {processor.py:154} INFO - Started process (PID=1161) to work on /home/airflow/.local/lib/python3.7/site-packages/airflow/example_dags/example_task_group.py
[2023-11-11T17:39:24.314+0000] {processor.py:756} INFO - Processing file /home/airflow/.local/lib/python3.7/site-packages/airflow/example_dags/example_task_group.py for tasks to queue
[2023-11-11T17:39:24.317+0000] {logging_mixin.py:120} INFO - [2023-11-11T17:39:24.316+0000] {dagbag.py:537} INFO - Filling up the DagBag from /home/airflow/.local/lib/python3.7/site-packages/airflow/example_dags/example_task_group.py
[2023-11-11T17:39:24.343+0000] {processor.py:766} INFO - DAG(s) dict_keys(['example_task_group']) retrieved from /home/airflow/.local/lib/python3.7/site-packages/airflow/example_dags/example_task_group.py
[2023-11-11T17:39:24.403+0000] {logging_mixin.py:120} INFO - [2023-11-11T17:39:24.403+0000] {dag.py:2585} INFO - Sync 1 DAGs
[2023-11-11T17:39:24.437+0000] {logging_mixin.py:120} INFO - [2023-11-11T17:39:24.437+0000] {dag.py:3340} INFO - Setting next_dagrun for example_task_group to 2023-11-10T17:39:24.437371+00:00, run_after=2023-11-11T17:39:24.437371+00:00
[2023-11-11T17:39:24.466+0000] {processor.py:176} INFO - Processing /home/airflow/.local/lib/python3.7/site-packages/airflow/example_dags/example_task_group.py took 0.157 seconds
