[2023-11-11T17:02:10.666+0000] {processor.py:154} INFO - Started process (PID=86) to work on /home/airflow/.local/lib/python3.7/site-packages/airflow/example_dags/example_latest_only_with_trigger.py
[2023-11-11T17:02:10.676+0000] {processor.py:756} INFO - Processing file /home/airflow/.local/lib/python3.7/site-packages/airflow/example_dags/example_latest_only_with_trigger.py for tasks to queue
[2023-11-11T17:02:10.677+0000] {logging_mixin.py:120} INFO - [2023-11-11T17:02:10.677+0000] {dagbag.py:537} INFO - Filling up the DagBag from /home/airflow/.local/lib/python3.7/site-packages/airflow/example_dags/example_latest_only_with_trigger.py
[2023-11-11T17:02:10.854+0000] {processor.py:766} INFO - DAG(s) dict_keys(['latest_only_with_trigger']) retrieved from /home/airflow/.local/lib/python3.7/site-packages/airflow/example_dags/example_latest_only_with_trigger.py
[2023-11-11T17:02:11.347+0000] {logging_mixin.py:120} INFO - [2023-11-11T17:02:11.346+0000] {dag.py:2585} INFO - Sync 1 DAGs
[2023-11-11T17:02:11.551+0000] {logging_mixin.py:120} INFO - [2023-11-11T17:02:11.551+0000] {dag.py:3340} INFO - Setting next_dagrun for latest_only_with_trigger to 2023-11-11T13:02:11.548650+00:00, run_after=2023-11-11T17:02:11.548650+00:00
[2023-11-11T17:02:11.668+0000] {processor.py:176} INFO - Processing /home/airflow/.local/lib/python3.7/site-packages/airflow/example_dags/example_latest_only_with_trigger.py took 1.029 seconds
[2023-11-11T17:02:41.881+0000] {processor.py:154} INFO - Started process (PID=140) to work on /home/airflow/.local/lib/python3.7/site-packages/airflow/example_dags/example_latest_only_with_trigger.py
[2023-11-11T17:02:41.885+0000] {processor.py:756} INFO - Processing file /home/airflow/.local/lib/python3.7/site-packages/airflow/example_dags/example_latest_only_with_trigger.py for tasks to queue
[2023-11-11T17:02:41.887+0000] {logging_mixin.py:120} INFO - [2023-11-11T17:02:41.886+0000] {dagbag.py:537} INFO - Filling up the DagBag from /home/airflow/.local/lib/python3.7/site-packages/airflow/example_dags/example_latest_only_with_trigger.py
[2023-11-11T17:02:41.910+0000] {processor.py:766} INFO - DAG(s) dict_keys(['latest_only_with_trigger']) retrieved from /home/airflow/.local/lib/python3.7/site-packages/airflow/example_dags/example_latest_only_with_trigger.py
[2023-11-11T17:02:42.031+0000] {logging_mixin.py:120} INFO - [2023-11-11T17:02:42.030+0000] {dag.py:2585} INFO - Sync 1 DAGs
[2023-11-11T17:02:42.096+0000] {logging_mixin.py:120} INFO - [2023-11-11T17:02:42.096+0000] {dag.py:3340} INFO - Setting next_dagrun for latest_only_with_trigger to 2023-11-11T13:02:42.095501+00:00, run_after=2023-11-11T17:02:42.095501+00:00
[2023-11-11T17:02:42.130+0000] {processor.py:176} INFO - Processing /home/airflow/.local/lib/python3.7/site-packages/airflow/example_dags/example_latest_only_with_trigger.py took 0.253 seconds
[2023-11-11T17:03:14.262+0000] {processor.py:154} INFO - Started process (PID=202) to work on /home/airflow/.local/lib/python3.7/site-packages/airflow/example_dags/example_latest_only_with_trigger.py
[2023-11-11T17:03:14.327+0000] {processor.py:756} INFO - Processing file /home/airflow/.local/lib/python3.7/site-packages/airflow/example_dags/example_latest_only_with_trigger.py for tasks to queue
[2023-11-11T17:03:14.328+0000] {logging_mixin.py:120} INFO - [2023-11-11T17:03:14.328+0000] {dagbag.py:537} INFO - Filling up the DagBag from /home/airflow/.local/lib/python3.7/site-packages/airflow/example_dags/example_latest_only_with_trigger.py
[2023-11-11T17:03:14.409+0000] {processor.py:766} INFO - DAG(s) dict_keys(['latest_only_with_trigger']) retrieved from /home/airflow/.local/lib/python3.7/site-packages/airflow/example_dags/example_latest_only_with_trigger.py
[2023-11-11T17:03:14.653+0000] {logging_mixin.py:120} INFO - [2023-11-11T17:03:14.653+0000] {dag.py:2585} INFO - Sync 1 DAGs
[2023-11-11T17:03:14.780+0000] {logging_mixin.py:120} INFO - [2023-11-11T17:03:14.779+0000] {dag.py:3340} INFO - Setting next_dagrun for latest_only_with_trigger to 2023-11-11T13:03:14.779576+00:00, run_after=2023-11-11T17:03:14.779576+00:00
[2023-11-11T17:03:14.876+0000] {processor.py:176} INFO - Processing /home/airflow/.local/lib/python3.7/site-packages/airflow/example_dags/example_latest_only_with_trigger.py took 0.625 seconds
[2023-11-11T17:03:44.996+0000] {processor.py:154} INFO - Started process (PID=259) to work on /home/airflow/.local/lib/python3.7/site-packages/airflow/example_dags/example_latest_only_with_trigger.py
[2023-11-11T17:03:44.997+0000] {processor.py:756} INFO - Processing file /home/airflow/.local/lib/python3.7/site-packages/airflow/example_dags/example_latest_only_with_trigger.py for tasks to queue
[2023-11-11T17:03:44.998+0000] {logging_mixin.py:120} INFO - [2023-11-11T17:03:44.998+0000] {dagbag.py:537} INFO - Filling up the DagBag from /home/airflow/.local/lib/python3.7/site-packages/airflow/example_dags/example_latest_only_with_trigger.py
[2023-11-11T17:03:45.022+0000] {processor.py:766} INFO - DAG(s) dict_keys(['latest_only_with_trigger']) retrieved from /home/airflow/.local/lib/python3.7/site-packages/airflow/example_dags/example_latest_only_with_trigger.py
[2023-11-11T17:03:45.094+0000] {logging_mixin.py:120} INFO - [2023-11-11T17:03:45.094+0000] {dag.py:2585} INFO - Sync 1 DAGs
[2023-11-11T17:03:45.134+0000] {logging_mixin.py:120} INFO - [2023-11-11T17:03:45.134+0000] {dag.py:3340} INFO - Setting next_dagrun for latest_only_with_trigger to 2023-11-11T13:03:45.134192+00:00, run_after=2023-11-11T17:03:45.134192+00:00
[2023-11-11T17:03:45.167+0000] {processor.py:176} INFO - Processing /home/airflow/.local/lib/python3.7/site-packages/airflow/example_dags/example_latest_only_with_trigger.py took 0.175 seconds
[2023-11-11T17:04:16.098+0000] {processor.py:154} INFO - Started process (PID=313) to work on /home/airflow/.local/lib/python3.7/site-packages/airflow/example_dags/example_latest_only_with_trigger.py
[2023-11-11T17:04:16.099+0000] {processor.py:756} INFO - Processing file /home/airflow/.local/lib/python3.7/site-packages/airflow/example_dags/example_latest_only_with_trigger.py for tasks to queue
[2023-11-11T17:04:16.100+0000] {logging_mixin.py:120} INFO - [2023-11-11T17:04:16.099+0000] {dagbag.py:537} INFO - Filling up the DagBag from /home/airflow/.local/lib/python3.7/site-packages/airflow/example_dags/example_latest_only_with_trigger.py
[2023-11-11T17:04:16.117+0000] {processor.py:766} INFO - DAG(s) dict_keys(['latest_only_with_trigger']) retrieved from /home/airflow/.local/lib/python3.7/site-packages/airflow/example_dags/example_latest_only_with_trigger.py
[2023-11-11T17:04:16.173+0000] {logging_mixin.py:120} INFO - [2023-11-11T17:04:16.173+0000] {dag.py:2585} INFO - Sync 1 DAGs
[2023-11-11T17:04:16.200+0000] {logging_mixin.py:120} INFO - [2023-11-11T17:04:16.200+0000] {dag.py:3340} INFO - Setting next_dagrun for latest_only_with_trigger to 2023-11-11T13:04:16.200579+00:00, run_after=2023-11-11T17:04:16.200579+00:00
[2023-11-11T17:04:16.224+0000] {processor.py:176} INFO - Processing /home/airflow/.local/lib/python3.7/site-packages/airflow/example_dags/example_latest_only_with_trigger.py took 0.131 seconds
[2023-11-11T17:04:46.820+0000] {processor.py:154} INFO - Started process (PID=376) to work on /home/airflow/.local/lib/python3.7/site-packages/airflow/example_dags/example_latest_only_with_trigger.py
[2023-11-11T17:04:46.821+0000] {processor.py:756} INFO - Processing file /home/airflow/.local/lib/python3.7/site-packages/airflow/example_dags/example_latest_only_with_trigger.py for tasks to queue
[2023-11-11T17:04:46.822+0000] {logging_mixin.py:120} INFO - [2023-11-11T17:04:46.822+0000] {dagbag.py:537} INFO - Filling up the DagBag from /home/airflow/.local/lib/python3.7/site-packages/airflow/example_dags/example_latest_only_with_trigger.py
[2023-11-11T17:04:46.850+0000] {processor.py:766} INFO - DAG(s) dict_keys(['latest_only_with_trigger']) retrieved from /home/airflow/.local/lib/python3.7/site-packages/airflow/example_dags/example_latest_only_with_trigger.py
[2023-11-11T17:04:46.917+0000] {logging_mixin.py:120} INFO - [2023-11-11T17:04:46.917+0000] {dag.py:2585} INFO - Sync 1 DAGs
[2023-11-11T17:04:46.963+0000] {logging_mixin.py:120} INFO - [2023-11-11T17:04:46.963+0000] {dag.py:3340} INFO - Setting next_dagrun for latest_only_with_trigger to 2023-11-11T13:04:46.962810+00:00, run_after=2023-11-11T17:04:46.962810+00:00
[2023-11-11T17:04:47.002+0000] {processor.py:176} INFO - Processing /home/airflow/.local/lib/python3.7/site-packages/airflow/example_dags/example_latest_only_with_trigger.py took 0.188 seconds
[2023-11-11T17:05:17.137+0000] {processor.py:154} INFO - Started process (PID=439) to work on /home/airflow/.local/lib/python3.7/site-packages/airflow/example_dags/example_latest_only_with_trigger.py
[2023-11-11T17:05:17.140+0000] {processor.py:756} INFO - Processing file /home/airflow/.local/lib/python3.7/site-packages/airflow/example_dags/example_latest_only_with_trigger.py for tasks to queue
[2023-11-11T17:05:17.141+0000] {logging_mixin.py:120} INFO - [2023-11-11T17:05:17.141+0000] {dagbag.py:537} INFO - Filling up the DagBag from /home/airflow/.local/lib/python3.7/site-packages/airflow/example_dags/example_latest_only_with_trigger.py
[2023-11-11T17:05:17.164+0000] {processor.py:766} INFO - DAG(s) dict_keys(['latest_only_with_trigger']) retrieved from /home/airflow/.local/lib/python3.7/site-packages/airflow/example_dags/example_latest_only_with_trigger.py
[2023-11-11T17:05:17.222+0000] {logging_mixin.py:120} INFO - [2023-11-11T17:05:17.222+0000] {dag.py:2585} INFO - Sync 1 DAGs
[2023-11-11T17:05:17.260+0000] {logging_mixin.py:120} INFO - [2023-11-11T17:05:17.260+0000] {dag.py:3340} INFO - Setting next_dagrun for latest_only_with_trigger to 2023-11-11T13:05:17.260155+00:00, run_after=2023-11-11T17:05:17.260155+00:00
[2023-11-11T17:05:17.291+0000] {processor.py:176} INFO - Processing /home/airflow/.local/lib/python3.7/site-packages/airflow/example_dags/example_latest_only_with_trigger.py took 0.159 seconds
[2023-11-11T17:05:48.185+0000] {processor.py:154} INFO - Started process (PID=493) to work on /home/airflow/.local/lib/python3.7/site-packages/airflow/example_dags/example_latest_only_with_trigger.py
[2023-11-11T17:05:48.186+0000] {processor.py:756} INFO - Processing file /home/airflow/.local/lib/python3.7/site-packages/airflow/example_dags/example_latest_only_with_trigger.py for tasks to queue
[2023-11-11T17:05:48.187+0000] {logging_mixin.py:120} INFO - [2023-11-11T17:05:48.187+0000] {dagbag.py:537} INFO - Filling up the DagBag from /home/airflow/.local/lib/python3.7/site-packages/airflow/example_dags/example_latest_only_with_trigger.py
[2023-11-11T17:05:48.211+0000] {processor.py:766} INFO - DAG(s) dict_keys(['latest_only_with_trigger']) retrieved from /home/airflow/.local/lib/python3.7/site-packages/airflow/example_dags/example_latest_only_with_trigger.py
[2023-11-11T17:05:48.272+0000] {logging_mixin.py:120} INFO - [2023-11-11T17:05:48.271+0000] {dag.py:2585} INFO - Sync 1 DAGs
[2023-11-11T17:05:48.305+0000] {logging_mixin.py:120} INFO - [2023-11-11T17:05:48.305+0000] {dag.py:3340} INFO - Setting next_dagrun for latest_only_with_trigger to 2023-11-11T13:05:48.305378+00:00, run_after=2023-11-11T17:05:48.305378+00:00
[2023-11-11T17:05:48.337+0000] {processor.py:176} INFO - Processing /home/airflow/.local/lib/python3.7/site-packages/airflow/example_dags/example_latest_only_with_trigger.py took 0.158 seconds
[2023-11-11T17:06:18.701+0000] {processor.py:154} INFO - Started process (PID=556) to work on /home/airflow/.local/lib/python3.7/site-packages/airflow/example_dags/example_latest_only_with_trigger.py
[2023-11-11T17:06:18.702+0000] {processor.py:756} INFO - Processing file /home/airflow/.local/lib/python3.7/site-packages/airflow/example_dags/example_latest_only_with_trigger.py for tasks to queue
[2023-11-11T17:06:18.703+0000] {logging_mixin.py:120} INFO - [2023-11-11T17:06:18.703+0000] {dagbag.py:537} INFO - Filling up the DagBag from /home/airflow/.local/lib/python3.7/site-packages/airflow/example_dags/example_latest_only_with_trigger.py
[2023-11-11T17:06:18.733+0000] {processor.py:766} INFO - DAG(s) dict_keys(['latest_only_with_trigger']) retrieved from /home/airflow/.local/lib/python3.7/site-packages/airflow/example_dags/example_latest_only_with_trigger.py
[2023-11-11T17:06:18.896+0000] {logging_mixin.py:120} INFO - [2023-11-11T17:06:18.895+0000] {dag.py:2585} INFO - Sync 1 DAGs
[2023-11-11T17:06:18.966+0000] {logging_mixin.py:120} INFO - [2023-11-11T17:06:18.965+0000] {dag.py:3340} INFO - Setting next_dagrun for latest_only_with_trigger to 2023-11-11T13:06:18.965629+00:00, run_after=2023-11-11T17:06:18.965629+00:00
[2023-11-11T17:06:19.005+0000] {processor.py:176} INFO - Processing /home/airflow/.local/lib/python3.7/site-packages/airflow/example_dags/example_latest_only_with_trigger.py took 0.313 seconds
[2023-11-11T17:06:49.203+0000] {processor.py:154} INFO - Started process (PID=610) to work on /home/airflow/.local/lib/python3.7/site-packages/airflow/example_dags/example_latest_only_with_trigger.py
[2023-11-11T17:06:49.204+0000] {processor.py:756} INFO - Processing file /home/airflow/.local/lib/python3.7/site-packages/airflow/example_dags/example_latest_only_with_trigger.py for tasks to queue
[2023-11-11T17:06:49.205+0000] {logging_mixin.py:120} INFO - [2023-11-11T17:06:49.205+0000] {dagbag.py:537} INFO - Filling up the DagBag from /home/airflow/.local/lib/python3.7/site-packages/airflow/example_dags/example_latest_only_with_trigger.py
[2023-11-11T17:06:49.224+0000] {processor.py:766} INFO - DAG(s) dict_keys(['latest_only_with_trigger']) retrieved from /home/airflow/.local/lib/python3.7/site-packages/airflow/example_dags/example_latest_only_with_trigger.py
[2023-11-11T17:06:49.273+0000] {logging_mixin.py:120} INFO - [2023-11-11T17:06:49.272+0000] {dag.py:2585} INFO - Sync 1 DAGs
[2023-11-11T17:06:49.303+0000] {logging_mixin.py:120} INFO - [2023-11-11T17:06:49.303+0000] {dag.py:3340} INFO - Setting next_dagrun for latest_only_with_trigger to 2023-11-11T13:06:49.303570+00:00, run_after=2023-11-11T17:06:49.303570+00:00
[2023-11-11T17:06:49.328+0000] {processor.py:176} INFO - Processing /home/airflow/.local/lib/python3.7/site-packages/airflow/example_dags/example_latest_only_with_trigger.py took 0.130 seconds
[2023-11-11T17:07:20.086+0000] {processor.py:154} INFO - Started process (PID=673) to work on /home/airflow/.local/lib/python3.7/site-packages/airflow/example_dags/example_latest_only_with_trigger.py
[2023-11-11T17:07:20.094+0000] {processor.py:756} INFO - Processing file /home/airflow/.local/lib/python3.7/site-packages/airflow/example_dags/example_latest_only_with_trigger.py for tasks to queue
[2023-11-11T17:07:20.098+0000] {logging_mixin.py:120} INFO - [2023-11-11T17:07:20.098+0000] {dagbag.py:537} INFO - Filling up the DagBag from /home/airflow/.local/lib/python3.7/site-packages/airflow/example_dags/example_latest_only_with_trigger.py
[2023-11-11T17:07:20.217+0000] {processor.py:766} INFO - DAG(s) dict_keys(['latest_only_with_trigger']) retrieved from /home/airflow/.local/lib/python3.7/site-packages/airflow/example_dags/example_latest_only_with_trigger.py
[2023-11-11T17:07:20.533+0000] {logging_mixin.py:120} INFO - [2023-11-11T17:07:20.532+0000] {dag.py:2585} INFO - Sync 1 DAGs
[2023-11-11T17:07:20.644+0000] {logging_mixin.py:120} INFO - [2023-11-11T17:07:20.644+0000] {dag.py:3340} INFO - Setting next_dagrun for latest_only_with_trigger to 2023-11-11T13:07:20.643768+00:00, run_after=2023-11-11T17:07:20.643768+00:00
[2023-11-11T17:07:20.693+0000] {processor.py:176} INFO - Processing /home/airflow/.local/lib/python3.7/site-packages/airflow/example_dags/example_latest_only_with_trigger.py took 0.660 seconds
[2023-11-11T17:29:59.531+0000] {processor.py:154} INFO - Started process (PID=111) to work on /home/airflow/.local/lib/python3.7/site-packages/airflow/example_dags/example_latest_only_with_trigger.py
[2023-11-11T17:29:59.537+0000] {processor.py:756} INFO - Processing file /home/airflow/.local/lib/python3.7/site-packages/airflow/example_dags/example_latest_only_with_trigger.py for tasks to queue
[2023-11-11T17:29:59.539+0000] {logging_mixin.py:120} INFO - [2023-11-11T17:29:59.538+0000] {dagbag.py:537} INFO - Filling up the DagBag from /home/airflow/.local/lib/python3.7/site-packages/airflow/example_dags/example_latest_only_with_trigger.py
[2023-11-11T17:29:59.604+0000] {processor.py:766} INFO - DAG(s) dict_keys(['latest_only_with_trigger']) retrieved from /home/airflow/.local/lib/python3.7/site-packages/airflow/example_dags/example_latest_only_with_trigger.py
[2023-11-11T17:30:00.431+0000] {logging_mixin.py:120} INFO - [2023-11-11T17:30:00.431+0000] {manager.py:507} INFO - Created Permission View: can read on DAG:latest_only_with_trigger
[2023-11-11T17:30:00.480+0000] {logging_mixin.py:120} INFO - [2023-11-11T17:30:00.479+0000] {manager.py:507} INFO - Created Permission View: can delete on DAG:latest_only_with_trigger
[2023-11-11T17:30:00.520+0000] {logging_mixin.py:120} INFO - [2023-11-11T17:30:00.520+0000] {manager.py:507} INFO - Created Permission View: can edit on DAG:latest_only_with_trigger
[2023-11-11T17:30:00.521+0000] {logging_mixin.py:120} INFO - [2023-11-11T17:30:00.520+0000] {dag.py:2585} INFO - Sync 1 DAGs
[2023-11-11T17:30:00.617+0000] {logging_mixin.py:120} INFO - [2023-11-11T17:30:00.617+0000] {dag.py:2606} INFO - Creating ORM DAG for latest_only_with_trigger
[2023-11-11T17:30:00.719+0000] {logging_mixin.py:120} INFO - [2023-11-11T17:30:00.719+0000] {dag.py:3340} INFO - Setting next_dagrun for latest_only_with_trigger to 2023-11-11T13:30:00.717331+00:00, run_after=2023-11-11T17:30:00.717331+00:00
[2023-11-11T17:30:01.078+0000] {processor.py:176} INFO - Processing /home/airflow/.local/lib/python3.7/site-packages/airflow/example_dags/example_latest_only_with_trigger.py took 1.553 seconds
[2023-11-11T17:30:32.402+0000] {processor.py:154} INFO - Started process (PID=165) to work on /home/airflow/.local/lib/python3.7/site-packages/airflow/example_dags/example_latest_only_with_trigger.py
[2023-11-11T17:30:32.410+0000] {processor.py:756} INFO - Processing file /home/airflow/.local/lib/python3.7/site-packages/airflow/example_dags/example_latest_only_with_trigger.py for tasks to queue
[2023-11-11T17:30:32.416+0000] {logging_mixin.py:120} INFO - [2023-11-11T17:30:32.415+0000] {dagbag.py:537} INFO - Filling up the DagBag from /home/airflow/.local/lib/python3.7/site-packages/airflow/example_dags/example_latest_only_with_trigger.py
[2023-11-11T17:30:32.511+0000] {processor.py:766} INFO - DAG(s) dict_keys(['latest_only_with_trigger']) retrieved from /home/airflow/.local/lib/python3.7/site-packages/airflow/example_dags/example_latest_only_with_trigger.py
[2023-11-11T17:30:32.697+0000] {logging_mixin.py:120} INFO - [2023-11-11T17:30:32.696+0000] {dag.py:2585} INFO - Sync 1 DAGs
[2023-11-11T17:30:32.812+0000] {logging_mixin.py:120} INFO - [2023-11-11T17:30:32.812+0000] {dag.py:3340} INFO - Setting next_dagrun for latest_only_with_trigger to 2023-11-11T13:30:32.811854+00:00, run_after=2023-11-11T17:30:32.811854+00:00
[2023-11-11T17:30:32.908+0000] {processor.py:176} INFO - Processing /home/airflow/.local/lib/python3.7/site-packages/airflow/example_dags/example_latest_only_with_trigger.py took 0.517 seconds
[2023-11-11T17:31:04.102+0000] {processor.py:154} INFO - Started process (PID=210) to work on /home/airflow/.local/lib/python3.7/site-packages/airflow/example_dags/example_latest_only_with_trigger.py
[2023-11-11T17:31:04.104+0000] {processor.py:756} INFO - Processing file /home/airflow/.local/lib/python3.7/site-packages/airflow/example_dags/example_latest_only_with_trigger.py for tasks to queue
[2023-11-11T17:31:04.105+0000] {logging_mixin.py:120} INFO - [2023-11-11T17:31:04.105+0000] {dagbag.py:537} INFO - Filling up the DagBag from /home/airflow/.local/lib/python3.7/site-packages/airflow/example_dags/example_latest_only_with_trigger.py
[2023-11-11T17:31:04.170+0000] {processor.py:766} INFO - DAG(s) dict_keys(['latest_only_with_trigger']) retrieved from /home/airflow/.local/lib/python3.7/site-packages/airflow/example_dags/example_latest_only_with_trigger.py
[2023-11-11T17:31:04.389+0000] {logging_mixin.py:120} INFO - [2023-11-11T17:31:04.388+0000] {dag.py:2585} INFO - Sync 1 DAGs
[2023-11-11T17:31:04.495+0000] {logging_mixin.py:120} INFO - [2023-11-11T17:31:04.495+0000] {dag.py:3340} INFO - Setting next_dagrun for latest_only_with_trigger to 2023-11-11T13:31:04.495191+00:00, run_after=2023-11-11T17:31:04.495191+00:00
[2023-11-11T17:31:04.660+0000] {processor.py:176} INFO - Processing /home/airflow/.local/lib/python3.7/site-packages/airflow/example_dags/example_latest_only_with_trigger.py took 0.574 seconds
[2023-11-11T17:31:34.876+0000] {processor.py:154} INFO - Started process (PID=274) to work on /home/airflow/.local/lib/python3.7/site-packages/airflow/example_dags/example_latest_only_with_trigger.py
[2023-11-11T17:31:34.890+0000] {processor.py:756} INFO - Processing file /home/airflow/.local/lib/python3.7/site-packages/airflow/example_dags/example_latest_only_with_trigger.py for tasks to queue
[2023-11-11T17:31:34.891+0000] {logging_mixin.py:120} INFO - [2023-11-11T17:31:34.891+0000] {dagbag.py:537} INFO - Filling up the DagBag from /home/airflow/.local/lib/python3.7/site-packages/airflow/example_dags/example_latest_only_with_trigger.py
[2023-11-11T17:31:34.966+0000] {processor.py:766} INFO - DAG(s) dict_keys(['latest_only_with_trigger']) retrieved from /home/airflow/.local/lib/python3.7/site-packages/airflow/example_dags/example_latest_only_with_trigger.py
[2023-11-11T17:31:35.170+0000] {logging_mixin.py:120} INFO - [2023-11-11T17:31:35.170+0000] {dag.py:2585} INFO - Sync 1 DAGs
[2023-11-11T17:31:35.260+0000] {logging_mixin.py:120} INFO - [2023-11-11T17:31:35.259+0000] {dag.py:3340} INFO - Setting next_dagrun for latest_only_with_trigger to 2023-11-11T13:31:35.259257+00:00, run_after=2023-11-11T17:31:35.259257+00:00
[2023-11-11T17:31:35.321+0000] {processor.py:176} INFO - Processing /home/airflow/.local/lib/python3.7/site-packages/airflow/example_dags/example_latest_only_with_trigger.py took 0.457 seconds
[2023-11-11T17:32:05.467+0000] {processor.py:154} INFO - Started process (PID=328) to work on /home/airflow/.local/lib/python3.7/site-packages/airflow/example_dags/example_latest_only_with_trigger.py
[2023-11-11T17:32:05.468+0000] {processor.py:756} INFO - Processing file /home/airflow/.local/lib/python3.7/site-packages/airflow/example_dags/example_latest_only_with_trigger.py for tasks to queue
[2023-11-11T17:32:05.469+0000] {logging_mixin.py:120} INFO - [2023-11-11T17:32:05.469+0000] {dagbag.py:537} INFO - Filling up the DagBag from /home/airflow/.local/lib/python3.7/site-packages/airflow/example_dags/example_latest_only_with_trigger.py
[2023-11-11T17:32:05.509+0000] {processor.py:766} INFO - DAG(s) dict_keys(['latest_only_with_trigger']) retrieved from /home/airflow/.local/lib/python3.7/site-packages/airflow/example_dags/example_latest_only_with_trigger.py
[2023-11-11T17:32:05.619+0000] {logging_mixin.py:120} INFO - [2023-11-11T17:32:05.619+0000] {dag.py:2585} INFO - Sync 1 DAGs
[2023-11-11T17:32:05.680+0000] {logging_mixin.py:120} INFO - [2023-11-11T17:32:05.680+0000] {dag.py:3340} INFO - Setting next_dagrun for latest_only_with_trigger to 2023-11-11T13:32:05.680069+00:00, run_after=2023-11-11T17:32:05.680069+00:00
[2023-11-11T17:32:05.731+0000] {processor.py:176} INFO - Processing /home/airflow/.local/lib/python3.7/site-packages/airflow/example_dags/example_latest_only_with_trigger.py took 0.277 seconds
[2023-11-11T17:32:35.901+0000] {processor.py:154} INFO - Started process (PID=382) to work on /home/airflow/.local/lib/python3.7/site-packages/airflow/example_dags/example_latest_only_with_trigger.py
[2023-11-11T17:32:35.903+0000] {processor.py:756} INFO - Processing file /home/airflow/.local/lib/python3.7/site-packages/airflow/example_dags/example_latest_only_with_trigger.py for tasks to queue
[2023-11-11T17:32:35.904+0000] {logging_mixin.py:120} INFO - [2023-11-11T17:32:35.904+0000] {dagbag.py:537} INFO - Filling up the DagBag from /home/airflow/.local/lib/python3.7/site-packages/airflow/example_dags/example_latest_only_with_trigger.py
[2023-11-11T17:32:35.922+0000] {processor.py:766} INFO - DAG(s) dict_keys(['latest_only_with_trigger']) retrieved from /home/airflow/.local/lib/python3.7/site-packages/airflow/example_dags/example_latest_only_with_trigger.py
[2023-11-11T17:32:35.998+0000] {logging_mixin.py:120} INFO - [2023-11-11T17:32:35.998+0000] {dag.py:2585} INFO - Sync 1 DAGs
[2023-11-11T17:32:36.043+0000] {logging_mixin.py:120} INFO - [2023-11-11T17:32:36.043+0000] {dag.py:3340} INFO - Setting next_dagrun for latest_only_with_trigger to 2023-11-11T13:32:36.042763+00:00, run_after=2023-11-11T17:32:36.042763+00:00
[2023-11-11T17:32:36.075+0000] {processor.py:176} INFO - Processing /home/airflow/.local/lib/python3.7/site-packages/airflow/example_dags/example_latest_only_with_trigger.py took 0.178 seconds
[2023-11-11T17:33:06.293+0000] {processor.py:154} INFO - Started process (PID=445) to work on /home/airflow/.local/lib/python3.7/site-packages/airflow/example_dags/example_latest_only_with_trigger.py
[2023-11-11T17:33:06.294+0000] {processor.py:756} INFO - Processing file /home/airflow/.local/lib/python3.7/site-packages/airflow/example_dags/example_latest_only_with_trigger.py for tasks to queue
[2023-11-11T17:33:06.295+0000] {logging_mixin.py:120} INFO - [2023-11-11T17:33:06.295+0000] {dagbag.py:537} INFO - Filling up the DagBag from /home/airflow/.local/lib/python3.7/site-packages/airflow/example_dags/example_latest_only_with_trigger.py
[2023-11-11T17:33:06.329+0000] {processor.py:766} INFO - DAG(s) dict_keys(['latest_only_with_trigger']) retrieved from /home/airflow/.local/lib/python3.7/site-packages/airflow/example_dags/example_latest_only_with_trigger.py
[2023-11-11T17:33:06.426+0000] {logging_mixin.py:120} INFO - [2023-11-11T17:33:06.426+0000] {dag.py:2585} INFO - Sync 1 DAGs
[2023-11-11T17:33:06.487+0000] {logging_mixin.py:120} INFO - [2023-11-11T17:33:06.487+0000] {dag.py:3340} INFO - Setting next_dagrun for latest_only_with_trigger to 2023-11-11T13:33:06.486965+00:00, run_after=2023-11-11T17:33:06.486965+00:00
[2023-11-11T17:33:06.516+0000] {processor.py:176} INFO - Processing /home/airflow/.local/lib/python3.7/site-packages/airflow/example_dags/example_latest_only_with_trigger.py took 0.229 seconds
[2023-11-11T17:33:36.647+0000] {processor.py:154} INFO - Started process (PID=500) to work on /home/airflow/.local/lib/python3.7/site-packages/airflow/example_dags/example_latest_only_with_trigger.py
[2023-11-11T17:33:36.648+0000] {processor.py:756} INFO - Processing file /home/airflow/.local/lib/python3.7/site-packages/airflow/example_dags/example_latest_only_with_trigger.py for tasks to queue
[2023-11-11T17:33:36.649+0000] {logging_mixin.py:120} INFO - [2023-11-11T17:33:36.649+0000] {dagbag.py:537} INFO - Filling up the DagBag from /home/airflow/.local/lib/python3.7/site-packages/airflow/example_dags/example_latest_only_with_trigger.py
[2023-11-11T17:33:36.676+0000] {processor.py:766} INFO - DAG(s) dict_keys(['latest_only_with_trigger']) retrieved from /home/airflow/.local/lib/python3.7/site-packages/airflow/example_dags/example_latest_only_with_trigger.py
[2023-11-11T17:33:36.749+0000] {logging_mixin.py:120} INFO - [2023-11-11T17:33:36.749+0000] {dag.py:2585} INFO - Sync 1 DAGs
[2023-11-11T17:33:36.793+0000] {logging_mixin.py:120} INFO - [2023-11-11T17:33:36.793+0000] {dag.py:3340} INFO - Setting next_dagrun for latest_only_with_trigger to 2023-11-11T13:33:36.793004+00:00, run_after=2023-11-11T17:33:36.793004+00:00
[2023-11-11T17:33:36.826+0000] {processor.py:176} INFO - Processing /home/airflow/.local/lib/python3.7/site-packages/airflow/example_dags/example_latest_only_with_trigger.py took 0.186 seconds
[2023-11-11T17:34:06.943+0000] {processor.py:154} INFO - Started process (PID=555) to work on /home/airflow/.local/lib/python3.7/site-packages/airflow/example_dags/example_latest_only_with_trigger.py
[2023-11-11T17:34:06.944+0000] {processor.py:756} INFO - Processing file /home/airflow/.local/lib/python3.7/site-packages/airflow/example_dags/example_latest_only_with_trigger.py for tasks to queue
[2023-11-11T17:34:06.945+0000] {logging_mixin.py:120} INFO - [2023-11-11T17:34:06.945+0000] {dagbag.py:537} INFO - Filling up the DagBag from /home/airflow/.local/lib/python3.7/site-packages/airflow/example_dags/example_latest_only_with_trigger.py
[2023-11-11T17:34:06.967+0000] {processor.py:766} INFO - DAG(s) dict_keys(['latest_only_with_trigger']) retrieved from /home/airflow/.local/lib/python3.7/site-packages/airflow/example_dags/example_latest_only_with_trigger.py
[2023-11-11T17:34:07.036+0000] {logging_mixin.py:120} INFO - [2023-11-11T17:34:07.036+0000] {dag.py:2585} INFO - Sync 1 DAGs
[2023-11-11T17:34:07.077+0000] {logging_mixin.py:120} INFO - [2023-11-11T17:34:07.077+0000] {dag.py:3340} INFO - Setting next_dagrun for latest_only_with_trigger to 2023-11-11T13:34:07.076021+00:00, run_after=2023-11-11T17:34:07.076021+00:00
[2023-11-11T17:34:07.108+0000] {processor.py:176} INFO - Processing /home/airflow/.local/lib/python3.7/site-packages/airflow/example_dags/example_latest_only_with_trigger.py took 0.170 seconds
[2023-11-11T17:34:37.525+0000] {processor.py:154} INFO - Started process (PID=618) to work on /home/airflow/.local/lib/python3.7/site-packages/airflow/example_dags/example_latest_only_with_trigger.py
[2023-11-11T17:34:37.527+0000] {processor.py:756} INFO - Processing file /home/airflow/.local/lib/python3.7/site-packages/airflow/example_dags/example_latest_only_with_trigger.py for tasks to queue
[2023-11-11T17:34:37.530+0000] {logging_mixin.py:120} INFO - [2023-11-11T17:34:37.530+0000] {dagbag.py:537} INFO - Filling up the DagBag from /home/airflow/.local/lib/python3.7/site-packages/airflow/example_dags/example_latest_only_with_trigger.py
[2023-11-11T17:34:37.572+0000] {processor.py:766} INFO - DAG(s) dict_keys(['latest_only_with_trigger']) retrieved from /home/airflow/.local/lib/python3.7/site-packages/airflow/example_dags/example_latest_only_with_trigger.py
[2023-11-11T17:34:37.666+0000] {logging_mixin.py:120} INFO - [2023-11-11T17:34:37.666+0000] {dag.py:2585} INFO - Sync 1 DAGs
[2023-11-11T17:34:37.727+0000] {logging_mixin.py:120} INFO - [2023-11-11T17:34:37.727+0000] {dag.py:3340} INFO - Setting next_dagrun for latest_only_with_trigger to 2023-11-11T13:34:37.727142+00:00, run_after=2023-11-11T17:34:37.727142+00:00
[2023-11-11T17:34:37.775+0000] {processor.py:176} INFO - Processing /home/airflow/.local/lib/python3.7/site-packages/airflow/example_dags/example_latest_only_with_trigger.py took 0.256 seconds
[2023-11-11T17:35:08.238+0000] {processor.py:154} INFO - Started process (PID=673) to work on /home/airflow/.local/lib/python3.7/site-packages/airflow/example_dags/example_latest_only_with_trigger.py
[2023-11-11T17:35:08.238+0000] {processor.py:756} INFO - Processing file /home/airflow/.local/lib/python3.7/site-packages/airflow/example_dags/example_latest_only_with_trigger.py for tasks to queue
[2023-11-11T17:35:08.239+0000] {logging_mixin.py:120} INFO - [2023-11-11T17:35:08.239+0000] {dagbag.py:537} INFO - Filling up the DagBag from /home/airflow/.local/lib/python3.7/site-packages/airflow/example_dags/example_latest_only_with_trigger.py
[2023-11-11T17:35:08.287+0000] {processor.py:766} INFO - DAG(s) dict_keys(['latest_only_with_trigger']) retrieved from /home/airflow/.local/lib/python3.7/site-packages/airflow/example_dags/example_latest_only_with_trigger.py
[2023-11-11T17:35:08.438+0000] {logging_mixin.py:120} INFO - [2023-11-11T17:35:08.438+0000] {dag.py:2585} INFO - Sync 1 DAGs
[2023-11-11T17:35:08.538+0000] {logging_mixin.py:120} INFO - [2023-11-11T17:35:08.538+0000] {dag.py:3340} INFO - Setting next_dagrun for latest_only_with_trigger to 2023-11-11T13:35:08.537814+00:00, run_after=2023-11-11T17:35:08.537814+00:00
[2023-11-11T17:35:08.589+0000] {processor.py:176} INFO - Processing /home/airflow/.local/lib/python3.7/site-packages/airflow/example_dags/example_latest_only_with_trigger.py took 0.360 seconds
[2023-11-11T17:35:38.777+0000] {processor.py:154} INFO - Started process (PID=727) to work on /home/airflow/.local/lib/python3.7/site-packages/airflow/example_dags/example_latest_only_with_trigger.py
[2023-11-11T17:35:38.781+0000] {processor.py:756} INFO - Processing file /home/airflow/.local/lib/python3.7/site-packages/airflow/example_dags/example_latest_only_with_trigger.py for tasks to queue
[2023-11-11T17:35:38.783+0000] {logging_mixin.py:120} INFO - [2023-11-11T17:35:38.783+0000] {dagbag.py:537} INFO - Filling up the DagBag from /home/airflow/.local/lib/python3.7/site-packages/airflow/example_dags/example_latest_only_with_trigger.py
[2023-11-11T17:35:38.827+0000] {processor.py:766} INFO - DAG(s) dict_keys(['latest_only_with_trigger']) retrieved from /home/airflow/.local/lib/python3.7/site-packages/airflow/example_dags/example_latest_only_with_trigger.py
[2023-11-11T17:35:38.927+0000] {logging_mixin.py:120} INFO - [2023-11-11T17:35:38.927+0000] {dag.py:2585} INFO - Sync 1 DAGs
[2023-11-11T17:35:38.983+0000] {logging_mixin.py:120} INFO - [2023-11-11T17:35:38.983+0000] {dag.py:3340} INFO - Setting next_dagrun for latest_only_with_trigger to 2023-11-11T13:35:38.982643+00:00, run_after=2023-11-11T17:35:38.982643+00:00
[2023-11-11T17:35:39.058+0000] {processor.py:176} INFO - Processing /home/airflow/.local/lib/python3.7/site-packages/airflow/example_dags/example_latest_only_with_trigger.py took 0.287 seconds
[2023-11-11T17:36:09.227+0000] {processor.py:154} INFO - Started process (PID=790) to work on /home/airflow/.local/lib/python3.7/site-packages/airflow/example_dags/example_latest_only_with_trigger.py
[2023-11-11T17:36:09.234+0000] {processor.py:756} INFO - Processing file /home/airflow/.local/lib/python3.7/site-packages/airflow/example_dags/example_latest_only_with_trigger.py for tasks to queue
[2023-11-11T17:36:09.237+0000] {logging_mixin.py:120} INFO - [2023-11-11T17:36:09.237+0000] {dagbag.py:537} INFO - Filling up the DagBag from /home/airflow/.local/lib/python3.7/site-packages/airflow/example_dags/example_latest_only_with_trigger.py
[2023-11-11T17:36:09.270+0000] {processor.py:766} INFO - DAG(s) dict_keys(['latest_only_with_trigger']) retrieved from /home/airflow/.local/lib/python3.7/site-packages/airflow/example_dags/example_latest_only_with_trigger.py
[2023-11-11T17:36:09.372+0000] {logging_mixin.py:120} INFO - [2023-11-11T17:36:09.372+0000] {dag.py:2585} INFO - Sync 1 DAGs
[2023-11-11T17:36:09.439+0000] {logging_mixin.py:120} INFO - [2023-11-11T17:36:09.439+0000] {dag.py:3340} INFO - Setting next_dagrun for latest_only_with_trigger to 2023-11-11T13:36:09.439135+00:00, run_after=2023-11-11T17:36:09.439135+00:00
[2023-11-11T17:36:09.485+0000] {processor.py:176} INFO - Processing /home/airflow/.local/lib/python3.7/site-packages/airflow/example_dags/example_latest_only_with_trigger.py took 0.272 seconds
[2023-11-11T17:36:39.829+0000] {processor.py:154} INFO - Started process (PID=844) to work on /home/airflow/.local/lib/python3.7/site-packages/airflow/example_dags/example_latest_only_with_trigger.py
[2023-11-11T17:36:39.829+0000] {processor.py:756} INFO - Processing file /home/airflow/.local/lib/python3.7/site-packages/airflow/example_dags/example_latest_only_with_trigger.py for tasks to queue
[2023-11-11T17:36:39.830+0000] {logging_mixin.py:120} INFO - [2023-11-11T17:36:39.830+0000] {dagbag.py:537} INFO - Filling up the DagBag from /home/airflow/.local/lib/python3.7/site-packages/airflow/example_dags/example_latest_only_with_trigger.py
[2023-11-11T17:36:39.850+0000] {processor.py:766} INFO - DAG(s) dict_keys(['latest_only_with_trigger']) retrieved from /home/airflow/.local/lib/python3.7/site-packages/airflow/example_dags/example_latest_only_with_trigger.py
[2023-11-11T17:36:39.906+0000] {logging_mixin.py:120} INFO - [2023-11-11T17:36:39.906+0000] {dag.py:2585} INFO - Sync 1 DAGs
[2023-11-11T17:36:39.939+0000] {logging_mixin.py:120} INFO - [2023-11-11T17:36:39.939+0000] {dag.py:3340} INFO - Setting next_dagrun for latest_only_with_trigger to 2023-11-11T13:36:39.939124+00:00, run_after=2023-11-11T17:36:39.939124+00:00
[2023-11-11T17:36:39.967+0000] {processor.py:176} INFO - Processing /home/airflow/.local/lib/python3.7/site-packages/airflow/example_dags/example_latest_only_with_trigger.py took 0.142 seconds
[2023-11-11T17:37:10.839+0000] {processor.py:154} INFO - Started process (PID=907) to work on /home/airflow/.local/lib/python3.7/site-packages/airflow/example_dags/example_latest_only_with_trigger.py
[2023-11-11T17:37:10.841+0000] {processor.py:756} INFO - Processing file /home/airflow/.local/lib/python3.7/site-packages/airflow/example_dags/example_latest_only_with_trigger.py for tasks to queue
[2023-11-11T17:37:10.842+0000] {logging_mixin.py:120} INFO - [2023-11-11T17:37:10.841+0000] {dagbag.py:537} INFO - Filling up the DagBag from /home/airflow/.local/lib/python3.7/site-packages/airflow/example_dags/example_latest_only_with_trigger.py
[2023-11-11T17:37:10.870+0000] {processor.py:766} INFO - DAG(s) dict_keys(['latest_only_with_trigger']) retrieved from /home/airflow/.local/lib/python3.7/site-packages/airflow/example_dags/example_latest_only_with_trigger.py
[2023-11-11T17:37:10.953+0000] {logging_mixin.py:120} INFO - [2023-11-11T17:37:10.953+0000] {dag.py:2585} INFO - Sync 1 DAGs
[2023-11-11T17:37:11.023+0000] {logging_mixin.py:120} INFO - [2023-11-11T17:37:11.023+0000] {dag.py:3340} INFO - Setting next_dagrun for latest_only_with_trigger to 2023-11-11T13:37:11.023436+00:00, run_after=2023-11-11T17:37:11.023436+00:00
[2023-11-11T17:37:11.065+0000] {processor.py:176} INFO - Processing /home/airflow/.local/lib/python3.7/site-packages/airflow/example_dags/example_latest_only_with_trigger.py took 0.230 seconds
[2023-11-11T17:37:41.360+0000] {processor.py:154} INFO - Started process (PID=970) to work on /home/airflow/.local/lib/python3.7/site-packages/airflow/example_dags/example_latest_only_with_trigger.py
[2023-11-11T17:37:41.362+0000] {processor.py:756} INFO - Processing file /home/airflow/.local/lib/python3.7/site-packages/airflow/example_dags/example_latest_only_with_trigger.py for tasks to queue
[2023-11-11T17:37:41.366+0000] {logging_mixin.py:120} INFO - [2023-11-11T17:37:41.365+0000] {dagbag.py:537} INFO - Filling up the DagBag from /home/airflow/.local/lib/python3.7/site-packages/airflow/example_dags/example_latest_only_with_trigger.py
[2023-11-11T17:37:41.393+0000] {processor.py:766} INFO - DAG(s) dict_keys(['latest_only_with_trigger']) retrieved from /home/airflow/.local/lib/python3.7/site-packages/airflow/example_dags/example_latest_only_with_trigger.py
[2023-11-11T17:37:41.482+0000] {logging_mixin.py:120} INFO - [2023-11-11T17:37:41.482+0000] {dag.py:2585} INFO - Sync 1 DAGs
[2023-11-11T17:37:41.537+0000] {logging_mixin.py:120} INFO - [2023-11-11T17:37:41.537+0000] {dag.py:3340} INFO - Setting next_dagrun for latest_only_with_trigger to 2023-11-11T13:37:41.536807+00:00, run_after=2023-11-11T17:37:41.536807+00:00
[2023-11-11T17:37:41.570+0000] {processor.py:176} INFO - Processing /home/airflow/.local/lib/python3.7/site-packages/airflow/example_dags/example_latest_only_with_trigger.py took 0.214 seconds
[2023-11-11T17:38:11.738+0000] {processor.py:154} INFO - Started process (PID=1024) to work on /home/airflow/.local/lib/python3.7/site-packages/airflow/example_dags/example_latest_only_with_trigger.py
[2023-11-11T17:38:11.741+0000] {processor.py:756} INFO - Processing file /home/airflow/.local/lib/python3.7/site-packages/airflow/example_dags/example_latest_only_with_trigger.py for tasks to queue
[2023-11-11T17:38:11.742+0000] {logging_mixin.py:120} INFO - [2023-11-11T17:38:11.741+0000] {dagbag.py:537} INFO - Filling up the DagBag from /home/airflow/.local/lib/python3.7/site-packages/airflow/example_dags/example_latest_only_with_trigger.py
[2023-11-11T17:38:11.771+0000] {processor.py:766} INFO - DAG(s) dict_keys(['latest_only_with_trigger']) retrieved from /home/airflow/.local/lib/python3.7/site-packages/airflow/example_dags/example_latest_only_with_trigger.py
[2023-11-11T17:38:11.852+0000] {logging_mixin.py:120} INFO - [2023-11-11T17:38:11.852+0000] {dag.py:2585} INFO - Sync 1 DAGs
[2023-11-11T17:38:11.907+0000] {logging_mixin.py:120} INFO - [2023-11-11T17:38:11.907+0000] {dag.py:3340} INFO - Setting next_dagrun for latest_only_with_trigger to 2023-11-11T13:38:11.907122+00:00, run_after=2023-11-11T17:38:11.907122+00:00
[2023-11-11T17:38:11.949+0000] {processor.py:176} INFO - Processing /home/airflow/.local/lib/python3.7/site-packages/airflow/example_dags/example_latest_only_with_trigger.py took 0.217 seconds
[2023-11-11T17:38:42.310+0000] {processor.py:154} INFO - Started process (PID=1087) to work on /home/airflow/.local/lib/python3.7/site-packages/airflow/example_dags/example_latest_only_with_trigger.py
[2023-11-11T17:38:42.312+0000] {processor.py:756} INFO - Processing file /home/airflow/.local/lib/python3.7/site-packages/airflow/example_dags/example_latest_only_with_trigger.py for tasks to queue
[2023-11-11T17:38:42.313+0000] {logging_mixin.py:120} INFO - [2023-11-11T17:38:42.312+0000] {dagbag.py:537} INFO - Filling up the DagBag from /home/airflow/.local/lib/python3.7/site-packages/airflow/example_dags/example_latest_only_with_trigger.py
[2023-11-11T17:38:42.345+0000] {processor.py:766} INFO - DAG(s) dict_keys(['latest_only_with_trigger']) retrieved from /home/airflow/.local/lib/python3.7/site-packages/airflow/example_dags/example_latest_only_with_trigger.py
[2023-11-11T17:38:42.437+0000] {logging_mixin.py:120} INFO - [2023-11-11T17:38:42.437+0000] {dag.py:2585} INFO - Sync 1 DAGs
[2023-11-11T17:38:42.500+0000] {logging_mixin.py:120} INFO - [2023-11-11T17:38:42.500+0000] {dag.py:3340} INFO - Setting next_dagrun for latest_only_with_trigger to 2023-11-11T13:38:42.499609+00:00, run_after=2023-11-11T17:38:42.499609+00:00
[2023-11-11T17:38:42.549+0000] {processor.py:176} INFO - Processing /home/airflow/.local/lib/python3.7/site-packages/airflow/example_dags/example_latest_only_with_trigger.py took 0.250 seconds
[2023-11-11T17:39:12.813+0000] {processor.py:154} INFO - Started process (PID=1141) to work on /home/airflow/.local/lib/python3.7/site-packages/airflow/example_dags/example_latest_only_with_trigger.py
[2023-11-11T17:39:12.814+0000] {processor.py:756} INFO - Processing file /home/airflow/.local/lib/python3.7/site-packages/airflow/example_dags/example_latest_only_with_trigger.py for tasks to queue
[2023-11-11T17:39:12.814+0000] {logging_mixin.py:120} INFO - [2023-11-11T17:39:12.814+0000] {dagbag.py:537} INFO - Filling up the DagBag from /home/airflow/.local/lib/python3.7/site-packages/airflow/example_dags/example_latest_only_with_trigger.py
[2023-11-11T17:39:12.845+0000] {processor.py:766} INFO - DAG(s) dict_keys(['latest_only_with_trigger']) retrieved from /home/airflow/.local/lib/python3.7/site-packages/airflow/example_dags/example_latest_only_with_trigger.py
[2023-11-11T17:39:12.980+0000] {logging_mixin.py:120} INFO - [2023-11-11T17:39:12.980+0000] {dag.py:2585} INFO - Sync 1 DAGs
[2023-11-11T17:39:13.024+0000] {logging_mixin.py:120} INFO - [2023-11-11T17:39:13.024+0000] {dag.py:3340} INFO - Setting next_dagrun for latest_only_with_trigger to 2023-11-11T13:39:13.023733+00:00, run_after=2023-11-11T17:39:13.023733+00:00
[2023-11-11T17:39:13.090+0000] {processor.py:176} INFO - Processing /home/airflow/.local/lib/python3.7/site-packages/airflow/example_dags/example_latest_only_with_trigger.py took 0.281 seconds
[2023-11-11T17:39:43.967+0000] {processor.py:154} INFO - Started process (PID=1195) to work on /home/airflow/.local/lib/python3.7/site-packages/airflow/example_dags/example_latest_only_with_trigger.py
[2023-11-11T17:39:43.970+0000] {processor.py:756} INFO - Processing file /home/airflow/.local/lib/python3.7/site-packages/airflow/example_dags/example_latest_only_with_trigger.py for tasks to queue
[2023-11-11T17:39:43.972+0000] {logging_mixin.py:120} INFO - [2023-11-11T17:39:43.971+0000] {dagbag.py:537} INFO - Filling up the DagBag from /home/airflow/.local/lib/python3.7/site-packages/airflow/example_dags/example_latest_only_with_trigger.py
[2023-11-11T17:39:44.052+0000] {processor.py:766} INFO - DAG(s) dict_keys(['latest_only_with_trigger']) retrieved from /home/airflow/.local/lib/python3.7/site-packages/airflow/example_dags/example_latest_only_with_trigger.py
[2023-11-11T17:39:44.203+0000] {logging_mixin.py:120} INFO - [2023-11-11T17:39:44.202+0000] {dag.py:2585} INFO - Sync 1 DAGs
[2023-11-11T17:39:44.286+0000] {logging_mixin.py:120} INFO - [2023-11-11T17:39:44.285+0000] {dag.py:3340} INFO - Setting next_dagrun for latest_only_with_trigger to 2023-11-11T13:39:44.285446+00:00, run_after=2023-11-11T17:39:44.285446+00:00
[2023-11-11T17:39:44.341+0000] {processor.py:176} INFO - Processing /home/airflow/.local/lib/python3.7/site-packages/airflow/example_dags/example_latest_only_with_trigger.py took 0.394 seconds
