[2023-11-11T17:02:04.296+0000] {processor.py:154} INFO - Started process (PID=57) to work on /home/airflow/.local/lib/python3.7/site-packages/airflow/example_dags/example_datasets.py
[2023-11-11T17:02:04.298+0000] {processor.py:756} INFO - Processing file /home/airflow/.local/lib/python3.7/site-packages/airflow/example_dags/example_datasets.py for tasks to queue
[2023-11-11T17:02:04.299+0000] {logging_mixin.py:120} INFO - [2023-11-11T17:02:04.299+0000] {dagbag.py:537} INFO - Filling up the DagBag from /home/airflow/.local/lib/python3.7/site-packages/airflow/example_dags/example_datasets.py
[2023-11-11T17:02:04.344+0000] {processor.py:766} INFO - DAG(s) dict_keys(['dataset_consumes_1', 'dataset_produces_1', 'dataset_consumes_unknown_never_scheduled', 'dataset_consumes_1_and_2', 'dataset_produces_2', 'dataset_consumes_1_never_scheduled']) retrieved from /home/airflow/.local/lib/python3.7/site-packages/airflow/example_dags/example_datasets.py
[2023-11-11T17:02:04.626+0000] {logging_mixin.py:120} INFO - [2023-11-11T17:02:04.625+0000] {dag.py:2585} INFO - Sync 6 DAGs
[2023-11-11T17:02:04.691+0000] {logging_mixin.py:120} INFO - [2023-11-11T17:02:04.691+0000] {dag.py:3340} INFO - Setting next_dagrun for dataset_consumes_1 to None, run_after=None
[2023-11-11T17:02:04.707+0000] {logging_mixin.py:120} INFO - [2023-11-11T17:02:04.706+0000] {dag.py:3340} INFO - Setting next_dagrun for dataset_consumes_1_and_2 to None, run_after=None
[2023-11-11T17:02:04.710+0000] {logging_mixin.py:120} INFO - [2023-11-11T17:02:04.710+0000] {dag.py:3340} INFO - Setting next_dagrun for dataset_consumes_1_never_scheduled to None, run_after=None
[2023-11-11T17:02:04.713+0000] {logging_mixin.py:120} INFO - [2023-11-11T17:02:04.713+0000] {dag.py:3340} INFO - Setting next_dagrun for dataset_consumes_unknown_never_scheduled to None, run_after=None
[2023-11-11T17:02:04.720+0000] {logging_mixin.py:120} INFO - [2023-11-11T17:02:04.720+0000] {dag.py:3340} INFO - Setting next_dagrun for dataset_produces_1 to 2023-11-10T00:00:00+00:00, run_after=2023-11-11T00:00:00+00:00
[2023-11-11T17:02:04.725+0000] {logging_mixin.py:120} INFO - [2023-11-11T17:02:04.725+0000] {dag.py:3340} INFO - Setting next_dagrun for dataset_produces_2 to None, run_after=None
[2023-11-11T17:02:04.831+0000] {processor.py:176} INFO - Processing /home/airflow/.local/lib/python3.7/site-packages/airflow/example_dags/example_datasets.py took 0.540 seconds
[2023-11-11T17:02:36.878+0000] {processor.py:154} INFO - Started process (PID=120) to work on /home/airflow/.local/lib/python3.7/site-packages/airflow/example_dags/example_datasets.py
[2023-11-11T17:02:36.880+0000] {processor.py:756} INFO - Processing file /home/airflow/.local/lib/python3.7/site-packages/airflow/example_dags/example_datasets.py for tasks to queue
[2023-11-11T17:02:36.882+0000] {logging_mixin.py:120} INFO - [2023-11-11T17:02:36.881+0000] {dagbag.py:537} INFO - Filling up the DagBag from /home/airflow/.local/lib/python3.7/site-packages/airflow/example_dags/example_datasets.py
[2023-11-11T17:02:36.934+0000] {processor.py:766} INFO - DAG(s) dict_keys(['dataset_consumes_1', 'dataset_consumes_1_and_2', 'dataset_consumes_1_never_scheduled', 'dataset_produces_2', 'dataset_produces_1', 'dataset_consumes_unknown_never_scheduled']) retrieved from /home/airflow/.local/lib/python3.7/site-packages/airflow/example_dags/example_datasets.py
[2023-11-11T17:02:37.081+0000] {logging_mixin.py:120} INFO - [2023-11-11T17:02:37.081+0000] {dag.py:2585} INFO - Sync 6 DAGs
[2023-11-11T17:02:37.142+0000] {logging_mixin.py:120} INFO - [2023-11-11T17:02:37.141+0000] {dag.py:3340} INFO - Setting next_dagrun for dataset_consumes_1 to None, run_after=None
[2023-11-11T17:02:37.151+0000] {logging_mixin.py:120} INFO - [2023-11-11T17:02:37.150+0000] {dag.py:3340} INFO - Setting next_dagrun for dataset_consumes_1_and_2 to None, run_after=None
[2023-11-11T17:02:37.153+0000] {logging_mixin.py:120} INFO - [2023-11-11T17:02:37.153+0000] {dag.py:3340} INFO - Setting next_dagrun for dataset_consumes_1_never_scheduled to None, run_after=None
[2023-11-11T17:02:37.156+0000] {logging_mixin.py:120} INFO - [2023-11-11T17:02:37.156+0000] {dag.py:3340} INFO - Setting next_dagrun for dataset_consumes_unknown_never_scheduled to None, run_after=None
[2023-11-11T17:02:37.167+0000] {logging_mixin.py:120} INFO - [2023-11-11T17:02:37.166+0000] {dag.py:3340} INFO - Setting next_dagrun for dataset_produces_1 to 2023-11-10T00:00:00+00:00, run_after=2023-11-11T00:00:00+00:00
[2023-11-11T17:02:37.172+0000] {logging_mixin.py:120} INFO - [2023-11-11T17:02:37.171+0000] {dag.py:3340} INFO - Setting next_dagrun for dataset_produces_2 to None, run_after=None
[2023-11-11T17:02:37.270+0000] {processor.py:176} INFO - Processing /home/airflow/.local/lib/python3.7/site-packages/airflow/example_dags/example_datasets.py took 0.403 seconds
[2023-11-11T17:03:08.398+0000] {processor.py:154} INFO - Started process (PID=175) to work on /home/airflow/.local/lib/python3.7/site-packages/airflow/example_dags/example_datasets.py
[2023-11-11T17:03:08.577+0000] {processor.py:756} INFO - Processing file /home/airflow/.local/lib/python3.7/site-packages/airflow/example_dags/example_datasets.py for tasks to queue
[2023-11-11T17:03:08.580+0000] {logging_mixin.py:120} INFO - [2023-11-11T17:03:08.579+0000] {dagbag.py:537} INFO - Filling up the DagBag from /home/airflow/.local/lib/python3.7/site-packages/airflow/example_dags/example_datasets.py
[2023-11-11T17:03:08.656+0000] {processor.py:766} INFO - DAG(s) dict_keys(['dataset_consumes_1_and_2', 'dataset_produces_1', 'dataset_consumes_1', 'dataset_consumes_unknown_never_scheduled', 'dataset_consumes_1_never_scheduled', 'dataset_produces_2']) retrieved from /home/airflow/.local/lib/python3.7/site-packages/airflow/example_dags/example_datasets.py
[2023-11-11T17:03:08.882+0000] {logging_mixin.py:120} INFO - [2023-11-11T17:03:08.881+0000] {dag.py:2585} INFO - Sync 6 DAGs
[2023-11-11T17:03:08.975+0000] {logging_mixin.py:120} INFO - [2023-11-11T17:03:08.975+0000] {dag.py:3340} INFO - Setting next_dagrun for dataset_consumes_1 to None, run_after=None
[2023-11-11T17:03:08.985+0000] {logging_mixin.py:120} INFO - [2023-11-11T17:03:08.985+0000] {dag.py:3340} INFO - Setting next_dagrun for dataset_consumes_1_and_2 to None, run_after=None
[2023-11-11T17:03:08.990+0000] {logging_mixin.py:120} INFO - [2023-11-11T17:03:08.989+0000] {dag.py:3340} INFO - Setting next_dagrun for dataset_consumes_1_never_scheduled to None, run_after=None
[2023-11-11T17:03:08.993+0000] {logging_mixin.py:120} INFO - [2023-11-11T17:03:08.993+0000] {dag.py:3340} INFO - Setting next_dagrun for dataset_consumes_unknown_never_scheduled to None, run_after=None
[2023-11-11T17:03:09.001+0000] {logging_mixin.py:120} INFO - [2023-11-11T17:03:09.001+0000] {dag.py:3340} INFO - Setting next_dagrun for dataset_produces_1 to 2023-11-10T00:00:00+00:00, run_after=2023-11-11T00:00:00+00:00
[2023-11-11T17:03:09.005+0000] {logging_mixin.py:120} INFO - [2023-11-11T17:03:09.005+0000] {dag.py:3340} INFO - Setting next_dagrun for dataset_produces_2 to None, run_after=None
[2023-11-11T17:03:09.102+0000] {processor.py:176} INFO - Processing /home/airflow/.local/lib/python3.7/site-packages/airflow/example_dags/example_datasets.py took 0.718 seconds
[2023-11-11T17:03:39.295+0000] {processor.py:154} INFO - Started process (PID=229) to work on /home/airflow/.local/lib/python3.7/site-packages/airflow/example_dags/example_datasets.py
[2023-11-11T17:03:39.299+0000] {processor.py:756} INFO - Processing file /home/airflow/.local/lib/python3.7/site-packages/airflow/example_dags/example_datasets.py for tasks to queue
[2023-11-11T17:03:39.300+0000] {logging_mixin.py:120} INFO - [2023-11-11T17:03:39.300+0000] {dagbag.py:537} INFO - Filling up the DagBag from /home/airflow/.local/lib/python3.7/site-packages/airflow/example_dags/example_datasets.py
[2023-11-11T17:03:39.349+0000] {processor.py:766} INFO - DAG(s) dict_keys(['dataset_consumes_unknown_never_scheduled', 'dataset_produces_2', 'dataset_produces_1', 'dataset_consumes_1_never_scheduled', 'dataset_consumes_1', 'dataset_consumes_1_and_2']) retrieved from /home/airflow/.local/lib/python3.7/site-packages/airflow/example_dags/example_datasets.py
[2023-11-11T17:03:39.493+0000] {logging_mixin.py:120} INFO - [2023-11-11T17:03:39.492+0000] {dag.py:2585} INFO - Sync 6 DAGs
[2023-11-11T17:03:39.568+0000] {logging_mixin.py:120} INFO - [2023-11-11T17:03:39.568+0000] {dag.py:3340} INFO - Setting next_dagrun for dataset_consumes_1 to None, run_after=None
[2023-11-11T17:03:39.576+0000] {logging_mixin.py:120} INFO - [2023-11-11T17:03:39.576+0000] {dag.py:3340} INFO - Setting next_dagrun for dataset_consumes_1_and_2 to None, run_after=None
[2023-11-11T17:03:39.578+0000] {logging_mixin.py:120} INFO - [2023-11-11T17:03:39.577+0000] {dag.py:3340} INFO - Setting next_dagrun for dataset_consumes_1_never_scheduled to None, run_after=None
[2023-11-11T17:03:39.581+0000] {logging_mixin.py:120} INFO - [2023-11-11T17:03:39.581+0000] {dag.py:3340} INFO - Setting next_dagrun for dataset_consumes_unknown_never_scheduled to None, run_after=None
[2023-11-11T17:03:39.586+0000] {logging_mixin.py:120} INFO - [2023-11-11T17:03:39.586+0000] {dag.py:3340} INFO - Setting next_dagrun for dataset_produces_1 to 2023-11-10T00:00:00+00:00, run_after=2023-11-11T00:00:00+00:00
[2023-11-11T17:03:39.591+0000] {logging_mixin.py:120} INFO - [2023-11-11T17:03:39.591+0000] {dag.py:3340} INFO - Setting next_dagrun for dataset_produces_2 to None, run_after=None
[2023-11-11T17:03:39.659+0000] {processor.py:176} INFO - Processing /home/airflow/.local/lib/python3.7/site-packages/airflow/example_dags/example_datasets.py took 0.374 seconds
[2023-11-11T17:04:09.870+0000] {processor.py:154} INFO - Started process (PID=293) to work on /home/airflow/.local/lib/python3.7/site-packages/airflow/example_dags/example_datasets.py
[2023-11-11T17:04:09.871+0000] {processor.py:756} INFO - Processing file /home/airflow/.local/lib/python3.7/site-packages/airflow/example_dags/example_datasets.py for tasks to queue
[2023-11-11T17:04:09.872+0000] {logging_mixin.py:120} INFO - [2023-11-11T17:04:09.871+0000] {dagbag.py:537} INFO - Filling up the DagBag from /home/airflow/.local/lib/python3.7/site-packages/airflow/example_dags/example_datasets.py
[2023-11-11T17:04:09.910+0000] {processor.py:766} INFO - DAG(s) dict_keys(['dataset_consumes_1', 'dataset_consumes_unknown_never_scheduled', 'dataset_produces_2', 'dataset_consumes_1_and_2', 'dataset_consumes_1_never_scheduled', 'dataset_produces_1']) retrieved from /home/airflow/.local/lib/python3.7/site-packages/airflow/example_dags/example_datasets.py
[2023-11-11T17:04:10.055+0000] {logging_mixin.py:120} INFO - [2023-11-11T17:04:10.055+0000] {dag.py:2585} INFO - Sync 6 DAGs
[2023-11-11T17:04:10.095+0000] {logging_mixin.py:120} INFO - [2023-11-11T17:04:10.095+0000] {dag.py:3340} INFO - Setting next_dagrun for dataset_consumes_1 to None, run_after=None
[2023-11-11T17:04:10.099+0000] {logging_mixin.py:120} INFO - [2023-11-11T17:04:10.099+0000] {dag.py:3340} INFO - Setting next_dagrun for dataset_consumes_1_and_2 to None, run_after=None
[2023-11-11T17:04:10.102+0000] {logging_mixin.py:120} INFO - [2023-11-11T17:04:10.101+0000] {dag.py:3340} INFO - Setting next_dagrun for dataset_consumes_1_never_scheduled to None, run_after=None
[2023-11-11T17:04:10.103+0000] {logging_mixin.py:120} INFO - [2023-11-11T17:04:10.103+0000] {dag.py:3340} INFO - Setting next_dagrun for dataset_consumes_unknown_never_scheduled to None, run_after=None
[2023-11-11T17:04:10.107+0000] {logging_mixin.py:120} INFO - [2023-11-11T17:04:10.106+0000] {dag.py:3340} INFO - Setting next_dagrun for dataset_produces_1 to 2023-11-10T00:00:00+00:00, run_after=2023-11-11T00:00:00+00:00
[2023-11-11T17:04:10.110+0000] {logging_mixin.py:120} INFO - [2023-11-11T17:04:10.109+0000] {dag.py:3340} INFO - Setting next_dagrun for dataset_produces_2 to None, run_after=None
[2023-11-11T17:04:10.153+0000] {processor.py:176} INFO - Processing /home/airflow/.local/lib/python3.7/site-packages/airflow/example_dags/example_datasets.py took 0.288 seconds
[2023-11-11T17:04:40.706+0000] {processor.py:154} INFO - Started process (PID=347) to work on /home/airflow/.local/lib/python3.7/site-packages/airflow/example_dags/example_datasets.py
[2023-11-11T17:04:40.707+0000] {processor.py:756} INFO - Processing file /home/airflow/.local/lib/python3.7/site-packages/airflow/example_dags/example_datasets.py for tasks to queue
[2023-11-11T17:04:40.708+0000] {logging_mixin.py:120} INFO - [2023-11-11T17:04:40.708+0000] {dagbag.py:537} INFO - Filling up the DagBag from /home/airflow/.local/lib/python3.7/site-packages/airflow/example_dags/example_datasets.py
[2023-11-11T17:04:40.727+0000] {processor.py:766} INFO - DAG(s) dict_keys(['dataset_consumes_unknown_never_scheduled', 'dataset_produces_1', 'dataset_consumes_1_never_scheduled', 'dataset_consumes_1_and_2', 'dataset_consumes_1', 'dataset_produces_2']) retrieved from /home/airflow/.local/lib/python3.7/site-packages/airflow/example_dags/example_datasets.py
[2023-11-11T17:04:40.798+0000] {logging_mixin.py:120} INFO - [2023-11-11T17:04:40.798+0000] {dag.py:2585} INFO - Sync 6 DAGs
[2023-11-11T17:04:40.835+0000] {logging_mixin.py:120} INFO - [2023-11-11T17:04:40.835+0000] {dag.py:3340} INFO - Setting next_dagrun for dataset_consumes_1 to None, run_after=None
[2023-11-11T17:04:40.839+0000] {logging_mixin.py:120} INFO - [2023-11-11T17:04:40.839+0000] {dag.py:3340} INFO - Setting next_dagrun for dataset_consumes_1_and_2 to None, run_after=None
[2023-11-11T17:04:40.840+0000] {logging_mixin.py:120} INFO - [2023-11-11T17:04:40.840+0000] {dag.py:3340} INFO - Setting next_dagrun for dataset_consumes_1_never_scheduled to None, run_after=None
[2023-11-11T17:04:40.841+0000] {logging_mixin.py:120} INFO - [2023-11-11T17:04:40.841+0000] {dag.py:3340} INFO - Setting next_dagrun for dataset_consumes_unknown_never_scheduled to None, run_after=None
[2023-11-11T17:04:40.844+0000] {logging_mixin.py:120} INFO - [2023-11-11T17:04:40.844+0000] {dag.py:3340} INFO - Setting next_dagrun for dataset_produces_1 to 2023-11-10T00:00:00+00:00, run_after=2023-11-11T00:00:00+00:00
[2023-11-11T17:04:40.848+0000] {logging_mixin.py:120} INFO - [2023-11-11T17:04:40.848+0000] {dag.py:3340} INFO - Setting next_dagrun for dataset_produces_2 to None, run_after=None
[2023-11-11T17:04:40.907+0000] {processor.py:176} INFO - Processing /home/airflow/.local/lib/python3.7/site-packages/airflow/example_dags/example_datasets.py took 0.207 seconds
[2023-11-11T17:05:11.362+0000] {processor.py:154} INFO - Started process (PID=410) to work on /home/airflow/.local/lib/python3.7/site-packages/airflow/example_dags/example_datasets.py
[2023-11-11T17:05:11.363+0000] {processor.py:756} INFO - Processing file /home/airflow/.local/lib/python3.7/site-packages/airflow/example_dags/example_datasets.py for tasks to queue
[2023-11-11T17:05:11.363+0000] {logging_mixin.py:120} INFO - [2023-11-11T17:05:11.363+0000] {dagbag.py:537} INFO - Filling up the DagBag from /home/airflow/.local/lib/python3.7/site-packages/airflow/example_dags/example_datasets.py
[2023-11-11T17:05:11.385+0000] {processor.py:766} INFO - DAG(s) dict_keys(['dataset_consumes_1', 'dataset_produces_1', 'dataset_consumes_1_never_scheduled', 'dataset_consumes_unknown_never_scheduled', 'dataset_consumes_1_and_2', 'dataset_produces_2']) retrieved from /home/airflow/.local/lib/python3.7/site-packages/airflow/example_dags/example_datasets.py
[2023-11-11T17:05:11.457+0000] {logging_mixin.py:120} INFO - [2023-11-11T17:05:11.457+0000] {dag.py:2585} INFO - Sync 6 DAGs
[2023-11-11T17:05:11.496+0000] {logging_mixin.py:120} INFO - [2023-11-11T17:05:11.496+0000] {dag.py:3340} INFO - Setting next_dagrun for dataset_consumes_1 to None, run_after=None
[2023-11-11T17:05:11.500+0000] {logging_mixin.py:120} INFO - [2023-11-11T17:05:11.500+0000] {dag.py:3340} INFO - Setting next_dagrun for dataset_consumes_1_and_2 to None, run_after=None
[2023-11-11T17:05:11.502+0000] {logging_mixin.py:120} INFO - [2023-11-11T17:05:11.502+0000] {dag.py:3340} INFO - Setting next_dagrun for dataset_consumes_1_never_scheduled to None, run_after=None
[2023-11-11T17:05:11.503+0000] {logging_mixin.py:120} INFO - [2023-11-11T17:05:11.503+0000] {dag.py:3340} INFO - Setting next_dagrun for dataset_consumes_unknown_never_scheduled to None, run_after=None
[2023-11-11T17:05:11.506+0000] {logging_mixin.py:120} INFO - [2023-11-11T17:05:11.506+0000] {dag.py:3340} INFO - Setting next_dagrun for dataset_produces_1 to 2023-11-10T00:00:00+00:00, run_after=2023-11-11T00:00:00+00:00
[2023-11-11T17:05:11.508+0000] {logging_mixin.py:120} INFO - [2023-11-11T17:05:11.508+0000] {dag.py:3340} INFO - Setting next_dagrun for dataset_produces_2 to None, run_after=None
[2023-11-11T17:05:11.546+0000] {processor.py:176} INFO - Processing /home/airflow/.local/lib/python3.7/site-packages/airflow/example_dags/example_datasets.py took 0.188 seconds
[2023-11-11T17:05:41.845+0000] {processor.py:154} INFO - Started process (PID=473) to work on /home/airflow/.local/lib/python3.7/site-packages/airflow/example_dags/example_datasets.py
[2023-11-11T17:05:41.846+0000] {processor.py:756} INFO - Processing file /home/airflow/.local/lib/python3.7/site-packages/airflow/example_dags/example_datasets.py for tasks to queue
[2023-11-11T17:05:41.849+0000] {logging_mixin.py:120} INFO - [2023-11-11T17:05:41.848+0000] {dagbag.py:537} INFO - Filling up the DagBag from /home/airflow/.local/lib/python3.7/site-packages/airflow/example_dags/example_datasets.py
[2023-11-11T17:05:41.868+0000] {processor.py:766} INFO - DAG(s) dict_keys(['dataset_produces_1', 'dataset_consumes_1', 'dataset_produces_2', 'dataset_consumes_1_and_2', 'dataset_consumes_unknown_never_scheduled', 'dataset_consumes_1_never_scheduled']) retrieved from /home/airflow/.local/lib/python3.7/site-packages/airflow/example_dags/example_datasets.py
[2023-11-11T17:05:41.939+0000] {logging_mixin.py:120} INFO - [2023-11-11T17:05:41.939+0000] {dag.py:2585} INFO - Sync 6 DAGs
[2023-11-11T17:05:41.975+0000] {logging_mixin.py:120} INFO - [2023-11-11T17:05:41.975+0000] {dag.py:3340} INFO - Setting next_dagrun for dataset_consumes_1 to None, run_after=None
[2023-11-11T17:05:41.980+0000] {logging_mixin.py:120} INFO - [2023-11-11T17:05:41.980+0000] {dag.py:3340} INFO - Setting next_dagrun for dataset_consumes_1_and_2 to None, run_after=None
[2023-11-11T17:05:41.982+0000] {logging_mixin.py:120} INFO - [2023-11-11T17:05:41.982+0000] {dag.py:3340} INFO - Setting next_dagrun for dataset_consumes_1_never_scheduled to None, run_after=None
[2023-11-11T17:05:41.983+0000] {logging_mixin.py:120} INFO - [2023-11-11T17:05:41.983+0000] {dag.py:3340} INFO - Setting next_dagrun for dataset_consumes_unknown_never_scheduled to None, run_after=None
[2023-11-11T17:05:41.986+0000] {logging_mixin.py:120} INFO - [2023-11-11T17:05:41.985+0000] {dag.py:3340} INFO - Setting next_dagrun for dataset_produces_1 to 2023-11-10T00:00:00+00:00, run_after=2023-11-11T00:00:00+00:00
[2023-11-11T17:05:41.987+0000] {logging_mixin.py:120} INFO - [2023-11-11T17:05:41.986+0000] {dag.py:3340} INFO - Setting next_dagrun for dataset_produces_2 to None, run_after=None
[2023-11-11T17:05:42.020+0000] {processor.py:176} INFO - Processing /home/airflow/.local/lib/python3.7/site-packages/airflow/example_dags/example_datasets.py took 0.179 seconds
[2023-11-11T17:06:12.890+0000] {processor.py:154} INFO - Started process (PID=527) to work on /home/airflow/.local/lib/python3.7/site-packages/airflow/example_dags/example_datasets.py
[2023-11-11T17:06:12.892+0000] {processor.py:756} INFO - Processing file /home/airflow/.local/lib/python3.7/site-packages/airflow/example_dags/example_datasets.py for tasks to queue
[2023-11-11T17:06:12.893+0000] {logging_mixin.py:120} INFO - [2023-11-11T17:06:12.893+0000] {dagbag.py:537} INFO - Filling up the DagBag from /home/airflow/.local/lib/python3.7/site-packages/airflow/example_dags/example_datasets.py
[2023-11-11T17:06:12.932+0000] {processor.py:766} INFO - DAG(s) dict_keys(['dataset_consumes_unknown_never_scheduled', 'dataset_consumes_1_and_2', 'dataset_consumes_1_never_scheduled', 'dataset_produces_2', 'dataset_produces_1', 'dataset_consumes_1']) retrieved from /home/airflow/.local/lib/python3.7/site-packages/airflow/example_dags/example_datasets.py
[2023-11-11T17:06:13.012+0000] {logging_mixin.py:120} INFO - [2023-11-11T17:06:13.012+0000] {dag.py:2585} INFO - Sync 6 DAGs
[2023-11-11T17:06:13.054+0000] {logging_mixin.py:120} INFO - [2023-11-11T17:06:13.054+0000] {dag.py:3340} INFO - Setting next_dagrun for dataset_consumes_1 to None, run_after=None
[2023-11-11T17:06:13.058+0000] {logging_mixin.py:120} INFO - [2023-11-11T17:06:13.057+0000] {dag.py:3340} INFO - Setting next_dagrun for dataset_consumes_1_and_2 to None, run_after=None
[2023-11-11T17:06:13.061+0000] {logging_mixin.py:120} INFO - [2023-11-11T17:06:13.061+0000] {dag.py:3340} INFO - Setting next_dagrun for dataset_consumes_1_never_scheduled to None, run_after=None
[2023-11-11T17:06:13.062+0000] {logging_mixin.py:120} INFO - [2023-11-11T17:06:13.062+0000] {dag.py:3340} INFO - Setting next_dagrun for dataset_consumes_unknown_never_scheduled to None, run_after=None
[2023-11-11T17:06:13.065+0000] {logging_mixin.py:120} INFO - [2023-11-11T17:06:13.065+0000] {dag.py:3340} INFO - Setting next_dagrun for dataset_produces_1 to 2023-11-10T00:00:00+00:00, run_after=2023-11-11T00:00:00+00:00
[2023-11-11T17:06:13.066+0000] {logging_mixin.py:120} INFO - [2023-11-11T17:06:13.066+0000] {dag.py:3340} INFO - Setting next_dagrun for dataset_produces_2 to None, run_after=None
[2023-11-11T17:06:13.205+0000] {processor.py:176} INFO - Processing /home/airflow/.local/lib/python3.7/site-packages/airflow/example_dags/example_datasets.py took 0.318 seconds
[2023-11-11T17:06:43.893+0000] {processor.py:154} INFO - Started process (PID=590) to work on /home/airflow/.local/lib/python3.7/site-packages/airflow/example_dags/example_datasets.py
[2023-11-11T17:06:43.894+0000] {processor.py:756} INFO - Processing file /home/airflow/.local/lib/python3.7/site-packages/airflow/example_dags/example_datasets.py for tasks to queue
[2023-11-11T17:06:43.895+0000] {logging_mixin.py:120} INFO - [2023-11-11T17:06:43.895+0000] {dagbag.py:537} INFO - Filling up the DagBag from /home/airflow/.local/lib/python3.7/site-packages/airflow/example_dags/example_datasets.py
[2023-11-11T17:06:43.931+0000] {processor.py:766} INFO - DAG(s) dict_keys(['dataset_consumes_unknown_never_scheduled', 'dataset_consumes_1_never_scheduled', 'dataset_consumes_1_and_2', 'dataset_produces_1', 'dataset_produces_2', 'dataset_consumes_1']) retrieved from /home/airflow/.local/lib/python3.7/site-packages/airflow/example_dags/example_datasets.py
[2023-11-11T17:06:44.044+0000] {logging_mixin.py:120} INFO - [2023-11-11T17:06:44.044+0000] {dag.py:2585} INFO - Sync 6 DAGs
[2023-11-11T17:06:44.102+0000] {logging_mixin.py:120} INFO - [2023-11-11T17:06:44.102+0000] {dag.py:3340} INFO - Setting next_dagrun for dataset_consumes_1 to None, run_after=None
[2023-11-11T17:06:44.110+0000] {logging_mixin.py:120} INFO - [2023-11-11T17:06:44.109+0000] {dag.py:3340} INFO - Setting next_dagrun for dataset_consumes_1_and_2 to None, run_after=None
[2023-11-11T17:06:44.112+0000] {logging_mixin.py:120} INFO - [2023-11-11T17:06:44.112+0000] {dag.py:3340} INFO - Setting next_dagrun for dataset_consumes_1_never_scheduled to None, run_after=None
[2023-11-11T17:06:44.116+0000] {logging_mixin.py:120} INFO - [2023-11-11T17:06:44.115+0000] {dag.py:3340} INFO - Setting next_dagrun for dataset_consumes_unknown_never_scheduled to None, run_after=None
[2023-11-11T17:06:44.119+0000] {logging_mixin.py:120} INFO - [2023-11-11T17:06:44.119+0000] {dag.py:3340} INFO - Setting next_dagrun for dataset_produces_1 to 2023-11-10T00:00:00+00:00, run_after=2023-11-11T00:00:00+00:00
[2023-11-11T17:06:44.121+0000] {logging_mixin.py:120} INFO - [2023-11-11T17:06:44.120+0000] {dag.py:3340} INFO - Setting next_dagrun for dataset_produces_2 to None, run_after=None
[2023-11-11T17:06:44.174+0000] {processor.py:176} INFO - Processing /home/airflow/.local/lib/python3.7/site-packages/airflow/example_dags/example_datasets.py took 0.287 seconds
[2023-11-11T17:07:14.466+0000] {processor.py:154} INFO - Started process (PID=644) to work on /home/airflow/.local/lib/python3.7/site-packages/airflow/example_dags/example_datasets.py
[2023-11-11T17:07:14.468+0000] {processor.py:756} INFO - Processing file /home/airflow/.local/lib/python3.7/site-packages/airflow/example_dags/example_datasets.py for tasks to queue
[2023-11-11T17:07:14.469+0000] {logging_mixin.py:120} INFO - [2023-11-11T17:07:14.469+0000] {dagbag.py:537} INFO - Filling up the DagBag from /home/airflow/.local/lib/python3.7/site-packages/airflow/example_dags/example_datasets.py
[2023-11-11T17:07:14.491+0000] {processor.py:766} INFO - DAG(s) dict_keys(['dataset_produces_2', 'dataset_consumes_unknown_never_scheduled', 'dataset_consumes_1', 'dataset_consumes_1_never_scheduled', 'dataset_consumes_1_and_2', 'dataset_produces_1']) retrieved from /home/airflow/.local/lib/python3.7/site-packages/airflow/example_dags/example_datasets.py
[2023-11-11T17:07:14.600+0000] {logging_mixin.py:120} INFO - [2023-11-11T17:07:14.599+0000] {dag.py:2585} INFO - Sync 6 DAGs
[2023-11-11T17:07:14.645+0000] {logging_mixin.py:120} INFO - [2023-11-11T17:07:14.644+0000] {dag.py:3340} INFO - Setting next_dagrun for dataset_consumes_1 to None, run_after=None
[2023-11-11T17:07:14.649+0000] {logging_mixin.py:120} INFO - [2023-11-11T17:07:14.649+0000] {dag.py:3340} INFO - Setting next_dagrun for dataset_consumes_1_and_2 to None, run_after=None
[2023-11-11T17:07:14.652+0000] {logging_mixin.py:120} INFO - [2023-11-11T17:07:14.651+0000] {dag.py:3340} INFO - Setting next_dagrun for dataset_consumes_1_never_scheduled to None, run_after=None
[2023-11-11T17:07:14.653+0000] {logging_mixin.py:120} INFO - [2023-11-11T17:07:14.653+0000] {dag.py:3340} INFO - Setting next_dagrun for dataset_consumes_unknown_never_scheduled to None, run_after=None
[2023-11-11T17:07:14.656+0000] {logging_mixin.py:120} INFO - [2023-11-11T17:07:14.656+0000] {dag.py:3340} INFO - Setting next_dagrun for dataset_produces_1 to 2023-11-10T00:00:00+00:00, run_after=2023-11-11T00:00:00+00:00
[2023-11-11T17:07:14.657+0000] {logging_mixin.py:120} INFO - [2023-11-11T17:07:14.657+0000] {dag.py:3340} INFO - Setting next_dagrun for dataset_produces_2 to None, run_after=None
[2023-11-11T17:07:14.697+0000] {processor.py:176} INFO - Processing /home/airflow/.local/lib/python3.7/site-packages/airflow/example_dags/example_datasets.py took 0.234 seconds
[2023-11-11T17:29:28.300+0000] {processor.py:154} INFO - Started process (PID=73) to work on /home/airflow/.local/lib/python3.7/site-packages/airflow/example_dags/example_datasets.py
[2023-11-11T17:29:28.335+0000] {processor.py:756} INFO - Processing file /home/airflow/.local/lib/python3.7/site-packages/airflow/example_dags/example_datasets.py for tasks to queue
[2023-11-11T17:29:28.337+0000] {logging_mixin.py:120} INFO - [2023-11-11T17:29:28.337+0000] {dagbag.py:537} INFO - Filling up the DagBag from /home/airflow/.local/lib/python3.7/site-packages/airflow/example_dags/example_datasets.py
[2023-11-11T17:29:28.519+0000] {processor.py:766} INFO - DAG(s) dict_keys(['dataset_consumes_1_and_2', 'dataset_produces_2', 'dataset_consumes_1', 'dataset_consumes_1_never_scheduled', 'dataset_produces_1', 'dataset_consumes_unknown_never_scheduled']) retrieved from /home/airflow/.local/lib/python3.7/site-packages/airflow/example_dags/example_datasets.py
[2023-11-11T17:29:30.674+0000] {logging_mixin.py:120} INFO - [2023-11-11T17:29:30.673+0000] {manager.py:507} INFO - Created Permission View: can read on DAG:dataset_consumes_1_and_2
[2023-11-11T17:29:30.733+0000] {logging_mixin.py:120} INFO - [2023-11-11T17:29:30.733+0000] {manager.py:507} INFO - Created Permission View: can delete on DAG:dataset_consumes_1_and_2
[2023-11-11T17:29:30.768+0000] {logging_mixin.py:120} INFO - [2023-11-11T17:29:30.767+0000] {manager.py:507} INFO - Created Permission View: can edit on DAG:dataset_consumes_1_and_2
[2023-11-11T17:29:30.908+0000] {logging_mixin.py:120} INFO - [2023-11-11T17:29:30.908+0000] {manager.py:507} INFO - Created Permission View: can read on DAG:dataset_produces_2
[2023-11-11T17:29:30.972+0000] {logging_mixin.py:120} INFO - [2023-11-11T17:29:30.972+0000] {manager.py:507} INFO - Created Permission View: can delete on DAG:dataset_produces_2
[2023-11-11T17:29:31.112+0000] {logging_mixin.py:120} INFO - [2023-11-11T17:29:31.112+0000] {manager.py:507} INFO - Created Permission View: can edit on DAG:dataset_produces_2
[2023-11-11T17:29:33.316+0000] {logging_mixin.py:120} INFO - [2023-11-11T17:29:33.315+0000] {manager.py:507} INFO - Created Permission View: can read on DAG:dataset_consumes_1
[2023-11-11T17:29:33.611+0000] {logging_mixin.py:120} INFO - [2023-11-11T17:29:33.611+0000] {manager.py:507} INFO - Created Permission View: can delete on DAG:dataset_consumes_1
[2023-11-11T17:29:33.700+0000] {logging_mixin.py:120} INFO - [2023-11-11T17:29:33.700+0000] {manager.py:507} INFO - Created Permission View: can edit on DAG:dataset_consumes_1
[2023-11-11T17:29:33.832+0000] {logging_mixin.py:120} INFO - [2023-11-11T17:29:33.832+0000] {manager.py:507} INFO - Created Permission View: can read on DAG:dataset_consumes_1_never_scheduled
[2023-11-11T17:29:33.902+0000] {logging_mixin.py:120} INFO - [2023-11-11T17:29:33.902+0000] {manager.py:507} INFO - Created Permission View: can delete on DAG:dataset_consumes_1_never_scheduled
[2023-11-11T17:29:33.983+0000] {logging_mixin.py:120} INFO - [2023-11-11T17:29:33.983+0000] {manager.py:507} INFO - Created Permission View: can edit on DAG:dataset_consumes_1_never_scheduled
[2023-11-11T17:29:34.093+0000] {logging_mixin.py:120} INFO - [2023-11-11T17:29:34.092+0000] {manager.py:507} INFO - Created Permission View: can read on DAG:dataset_produces_1
[2023-11-11T17:29:34.139+0000] {logging_mixin.py:120} INFO - [2023-11-11T17:29:34.138+0000] {manager.py:507} INFO - Created Permission View: can delete on DAG:dataset_produces_1
[2023-11-11T17:29:34.188+0000] {logging_mixin.py:120} INFO - [2023-11-11T17:29:34.188+0000] {manager.py:507} INFO - Created Permission View: can edit on DAG:dataset_produces_1
[2023-11-11T17:29:34.253+0000] {logging_mixin.py:120} INFO - [2023-11-11T17:29:34.252+0000] {manager.py:507} INFO - Created Permission View: can read on DAG:dataset_consumes_unknown_never_scheduled
[2023-11-11T17:29:34.312+0000] {logging_mixin.py:120} INFO - [2023-11-11T17:29:34.312+0000] {manager.py:507} INFO - Created Permission View: can delete on DAG:dataset_consumes_unknown_never_scheduled
[2023-11-11T17:29:34.396+0000] {logging_mixin.py:120} INFO - [2023-11-11T17:29:34.395+0000] {manager.py:507} INFO - Created Permission View: can edit on DAG:dataset_consumes_unknown_never_scheduled
[2023-11-11T17:29:34.404+0000] {logging_mixin.py:120} INFO - [2023-11-11T17:29:34.403+0000] {dag.py:2585} INFO - Sync 6 DAGs
[2023-11-11T17:29:34.615+0000] {logging_mixin.py:120} INFO - [2023-11-11T17:29:34.615+0000] {dag.py:2606} INFO - Creating ORM DAG for dataset_produces_1
[2023-11-11T17:29:34.618+0000] {logging_mixin.py:120} INFO - [2023-11-11T17:29:34.618+0000] {dag.py:2606} INFO - Creating ORM DAG for dataset_produces_2
[2023-11-11T17:29:34.629+0000] {logging_mixin.py:120} INFO - [2023-11-11T17:29:34.629+0000] {dag.py:2606} INFO - Creating ORM DAG for dataset_consumes_unknown_never_scheduled
[2023-11-11T17:29:34.630+0000] {logging_mixin.py:120} INFO - [2023-11-11T17:29:34.630+0000] {dag.py:2606} INFO - Creating ORM DAG for dataset_consumes_1
[2023-11-11T17:29:34.631+0000] {logging_mixin.py:120} INFO - [2023-11-11T17:29:34.631+0000] {dag.py:2606} INFO - Creating ORM DAG for dataset_consumes_1_never_scheduled
[2023-11-11T17:29:34.633+0000] {logging_mixin.py:120} INFO - [2023-11-11T17:29:34.632+0000] {dag.py:2606} INFO - Creating ORM DAG for dataset_consumes_1_and_2
[2023-11-11T17:29:34.712+0000] {logging_mixin.py:120} INFO - [2023-11-11T17:29:34.712+0000] {dag.py:3340} INFO - Setting next_dagrun for dataset_consumes_1 to None, run_after=None
[2023-11-11T17:29:34.726+0000] {logging_mixin.py:120} INFO - [2023-11-11T17:29:34.725+0000] {dag.py:3340} INFO - Setting next_dagrun for dataset_consumes_1_and_2 to None, run_after=None
[2023-11-11T17:29:34.727+0000] {logging_mixin.py:120} INFO - [2023-11-11T17:29:34.727+0000] {dag.py:3340} INFO - Setting next_dagrun for dataset_consumes_1_never_scheduled to None, run_after=None
[2023-11-11T17:29:34.728+0000] {logging_mixin.py:120} INFO - [2023-11-11T17:29:34.728+0000] {dag.py:3340} INFO - Setting next_dagrun for dataset_consumes_unknown_never_scheduled to None, run_after=None
[2023-11-11T17:29:34.745+0000] {logging_mixin.py:120} INFO - [2023-11-11T17:29:34.745+0000] {dag.py:3340} INFO - Setting next_dagrun for dataset_produces_1 to 2023-11-10T00:00:00+00:00, run_after=2023-11-11T00:00:00+00:00
[2023-11-11T17:29:34.746+0000] {logging_mixin.py:120} INFO - [2023-11-11T17:29:34.746+0000] {dag.py:3340} INFO - Setting next_dagrun for dataset_produces_2 to None, run_after=None
[2023-11-11T17:29:35.228+0000] {processor.py:176} INFO - Processing /home/airflow/.local/lib/python3.7/site-packages/airflow/example_dags/example_datasets.py took 6.950 seconds
[2023-11-11T17:30:10.652+0000] {processor.py:154} INFO - Started process (PID=127) to work on /home/airflow/.local/lib/python3.7/site-packages/airflow/example_dags/example_datasets.py
[2023-11-11T17:30:10.654+0000] {processor.py:756} INFO - Processing file /home/airflow/.local/lib/python3.7/site-packages/airflow/example_dags/example_datasets.py for tasks to queue
[2023-11-11T17:30:10.664+0000] {logging_mixin.py:120} INFO - [2023-11-11T17:30:10.661+0000] {dagbag.py:537} INFO - Filling up the DagBag from /home/airflow/.local/lib/python3.7/site-packages/airflow/example_dags/example_datasets.py
[2023-11-11T17:30:10.726+0000] {processor.py:766} INFO - DAG(s) dict_keys(['dataset_consumes_1', 'dataset_produces_1', 'dataset_produces_2', 'dataset_consumes_unknown_never_scheduled', 'dataset_consumes_1_and_2', 'dataset_consumes_1_never_scheduled']) retrieved from /home/airflow/.local/lib/python3.7/site-packages/airflow/example_dags/example_datasets.py
[2023-11-11T17:30:10.915+0000] {logging_mixin.py:120} INFO - [2023-11-11T17:30:10.914+0000] {dag.py:2585} INFO - Sync 6 DAGs
[2023-11-11T17:30:11.031+0000] {logging_mixin.py:120} INFO - [2023-11-11T17:30:11.031+0000] {dag.py:3340} INFO - Setting next_dagrun for dataset_consumes_1 to None, run_after=None
[2023-11-11T17:30:11.044+0000] {logging_mixin.py:120} INFO - [2023-11-11T17:30:11.044+0000] {dag.py:3340} INFO - Setting next_dagrun for dataset_consumes_1_and_2 to None, run_after=None
[2023-11-11T17:30:11.048+0000] {logging_mixin.py:120} INFO - [2023-11-11T17:30:11.048+0000] {dag.py:3340} INFO - Setting next_dagrun for dataset_consumes_1_never_scheduled to None, run_after=None
[2023-11-11T17:30:11.053+0000] {logging_mixin.py:120} INFO - [2023-11-11T17:30:11.052+0000] {dag.py:3340} INFO - Setting next_dagrun for dataset_consumes_unknown_never_scheduled to None, run_after=None
[2023-11-11T17:30:11.063+0000] {logging_mixin.py:120} INFO - [2023-11-11T17:30:11.063+0000] {dag.py:3340} INFO - Setting next_dagrun for dataset_produces_1 to 2023-11-10T00:00:00+00:00, run_after=2023-11-11T00:00:00+00:00
[2023-11-11T17:30:11.077+0000] {logging_mixin.py:120} INFO - [2023-11-11T17:30:11.076+0000] {dag.py:3340} INFO - Setting next_dagrun for dataset_produces_2 to None, run_after=None
[2023-11-11T17:30:11.195+0000] {processor.py:176} INFO - Processing /home/airflow/.local/lib/python3.7/site-packages/airflow/example_dags/example_datasets.py took 0.561 seconds
[2023-11-11T17:30:42.903+0000] {processor.py:154} INFO - Started process (PID=181) to work on /home/airflow/.local/lib/python3.7/site-packages/airflow/example_dags/example_datasets.py
[2023-11-11T17:30:42.905+0000] {processor.py:756} INFO - Processing file /home/airflow/.local/lib/python3.7/site-packages/airflow/example_dags/example_datasets.py for tasks to queue
[2023-11-11T17:30:42.907+0000] {logging_mixin.py:120} INFO - [2023-11-11T17:30:42.906+0000] {dagbag.py:537} INFO - Filling up the DagBag from /home/airflow/.local/lib/python3.7/site-packages/airflow/example_dags/example_datasets.py
[2023-11-11T17:30:42.983+0000] {processor.py:766} INFO - DAG(s) dict_keys(['dataset_consumes_unknown_never_scheduled', 'dataset_produces_1', 'dataset_consumes_1_never_scheduled', 'dataset_produces_2', 'dataset_consumes_1_and_2', 'dataset_consumes_1']) retrieved from /home/airflow/.local/lib/python3.7/site-packages/airflow/example_dags/example_datasets.py
[2023-11-11T17:30:43.255+0000] {logging_mixin.py:120} INFO - [2023-11-11T17:30:43.254+0000] {dag.py:2585} INFO - Sync 6 DAGs
[2023-11-11T17:30:43.439+0000] {logging_mixin.py:120} INFO - [2023-11-11T17:30:43.438+0000] {dag.py:3340} INFO - Setting next_dagrun for dataset_consumes_1 to None, run_after=None
[2023-11-11T17:30:43.470+0000] {logging_mixin.py:120} INFO - [2023-11-11T17:30:43.461+0000] {dag.py:3340} INFO - Setting next_dagrun for dataset_consumes_1_and_2 to None, run_after=None
[2023-11-11T17:30:43.477+0000] {logging_mixin.py:120} INFO - [2023-11-11T17:30:43.475+0000] {dag.py:3340} INFO - Setting next_dagrun for dataset_consumes_1_never_scheduled to None, run_after=None
[2023-11-11T17:30:43.483+0000] {logging_mixin.py:120} INFO - [2023-11-11T17:30:43.483+0000] {dag.py:3340} INFO - Setting next_dagrun for dataset_consumes_unknown_never_scheduled to None, run_after=None
[2023-11-11T17:30:43.516+0000] {logging_mixin.py:120} INFO - [2023-11-11T17:30:43.515+0000] {dag.py:3340} INFO - Setting next_dagrun for dataset_produces_1 to 2023-11-10T00:00:00+00:00, run_after=2023-11-11T00:00:00+00:00
[2023-11-11T17:30:43.522+0000] {logging_mixin.py:120} INFO - [2023-11-11T17:30:43.521+0000] {dag.py:3340} INFO - Setting next_dagrun for dataset_produces_2 to None, run_after=None
[2023-11-11T17:30:43.683+0000] {processor.py:176} INFO - Processing /home/airflow/.local/lib/python3.7/site-packages/airflow/example_dags/example_datasets.py took 0.794 seconds
[2023-11-11T17:31:14.492+0000] {processor.py:154} INFO - Started process (PID=236) to work on /home/airflow/.local/lib/python3.7/site-packages/airflow/example_dags/example_datasets.py
[2023-11-11T17:31:14.498+0000] {processor.py:756} INFO - Processing file /home/airflow/.local/lib/python3.7/site-packages/airflow/example_dags/example_datasets.py for tasks to queue
[2023-11-11T17:31:14.499+0000] {logging_mixin.py:120} INFO - [2023-11-11T17:31:14.499+0000] {dagbag.py:537} INFO - Filling up the DagBag from /home/airflow/.local/lib/python3.7/site-packages/airflow/example_dags/example_datasets.py
[2023-11-11T17:31:14.554+0000] {processor.py:766} INFO - DAG(s) dict_keys(['dataset_consumes_1_and_2', 'dataset_consumes_unknown_never_scheduled', 'dataset_produces_2', 'dataset_consumes_1_never_scheduled', 'dataset_consumes_1', 'dataset_produces_1']) retrieved from /home/airflow/.local/lib/python3.7/site-packages/airflow/example_dags/example_datasets.py
[2023-11-11T17:31:14.709+0000] {logging_mixin.py:120} INFO - [2023-11-11T17:31:14.709+0000] {dag.py:2585} INFO - Sync 6 DAGs
[2023-11-11T17:31:14.784+0000] {logging_mixin.py:120} INFO - [2023-11-11T17:31:14.784+0000] {dag.py:3340} INFO - Setting next_dagrun for dataset_consumes_1 to None, run_after=None
[2023-11-11T17:31:14.792+0000] {logging_mixin.py:120} INFO - [2023-11-11T17:31:14.792+0000] {dag.py:3340} INFO - Setting next_dagrun for dataset_consumes_1_and_2 to None, run_after=None
[2023-11-11T17:31:14.798+0000] {logging_mixin.py:120} INFO - [2023-11-11T17:31:14.798+0000] {dag.py:3340} INFO - Setting next_dagrun for dataset_consumes_1_never_scheduled to None, run_after=None
[2023-11-11T17:31:14.801+0000] {logging_mixin.py:120} INFO - [2023-11-11T17:31:14.801+0000] {dag.py:3340} INFO - Setting next_dagrun for dataset_consumes_unknown_never_scheduled to None, run_after=None
[2023-11-11T17:31:14.808+0000] {logging_mixin.py:120} INFO - [2023-11-11T17:31:14.807+0000] {dag.py:3340} INFO - Setting next_dagrun for dataset_produces_1 to 2023-11-10T00:00:00+00:00, run_after=2023-11-11T00:00:00+00:00
[2023-11-11T17:31:14.812+0000] {logging_mixin.py:120} INFO - [2023-11-11T17:31:14.811+0000] {dag.py:3340} INFO - Setting next_dagrun for dataset_produces_2 to None, run_after=None
[2023-11-11T17:31:14.886+0000] {processor.py:176} INFO - Processing /home/airflow/.local/lib/python3.7/site-packages/airflow/example_dags/example_datasets.py took 0.404 seconds
[2023-11-11T17:31:44.996+0000] {processor.py:154} INFO - Started process (PID=290) to work on /home/airflow/.local/lib/python3.7/site-packages/airflow/example_dags/example_datasets.py
[2023-11-11T17:31:44.998+0000] {processor.py:756} INFO - Processing file /home/airflow/.local/lib/python3.7/site-packages/airflow/example_dags/example_datasets.py for tasks to queue
[2023-11-11T17:31:45.000+0000] {logging_mixin.py:120} INFO - [2023-11-11T17:31:45.000+0000] {dagbag.py:537} INFO - Filling up the DagBag from /home/airflow/.local/lib/python3.7/site-packages/airflow/example_dags/example_datasets.py
[2023-11-11T17:31:45.026+0000] {processor.py:766} INFO - DAG(s) dict_keys(['dataset_consumes_1_never_scheduled', 'dataset_consumes_1', 'dataset_consumes_1_and_2', 'dataset_consumes_unknown_never_scheduled', 'dataset_produces_1', 'dataset_produces_2']) retrieved from /home/airflow/.local/lib/python3.7/site-packages/airflow/example_dags/example_datasets.py
[2023-11-11T17:31:45.164+0000] {logging_mixin.py:120} INFO - [2023-11-11T17:31:45.164+0000] {dag.py:2585} INFO - Sync 6 DAGs
[2023-11-11T17:31:45.229+0000] {logging_mixin.py:120} INFO - [2023-11-11T17:31:45.228+0000] {dag.py:3340} INFO - Setting next_dagrun for dataset_consumes_1 to None, run_after=None
[2023-11-11T17:31:45.236+0000] {logging_mixin.py:120} INFO - [2023-11-11T17:31:45.236+0000] {dag.py:3340} INFO - Setting next_dagrun for dataset_consumes_1_and_2 to None, run_after=None
[2023-11-11T17:31:45.238+0000] {logging_mixin.py:120} INFO - [2023-11-11T17:31:45.238+0000] {dag.py:3340} INFO - Setting next_dagrun for dataset_consumes_1_never_scheduled to None, run_after=None
[2023-11-11T17:31:45.239+0000] {logging_mixin.py:120} INFO - [2023-11-11T17:31:45.239+0000] {dag.py:3340} INFO - Setting next_dagrun for dataset_consumes_unknown_never_scheduled to None, run_after=None
[2023-11-11T17:31:45.245+0000] {logging_mixin.py:120} INFO - [2023-11-11T17:31:45.245+0000] {dag.py:3340} INFO - Setting next_dagrun for dataset_produces_1 to 2023-11-10T00:00:00+00:00, run_after=2023-11-11T00:00:00+00:00
[2023-11-11T17:31:45.247+0000] {logging_mixin.py:120} INFO - [2023-11-11T17:31:45.247+0000] {dag.py:3340} INFO - Setting next_dagrun for dataset_produces_2 to None, run_after=None
[2023-11-11T17:31:45.312+0000] {processor.py:176} INFO - Processing /home/airflow/.local/lib/python3.7/site-packages/airflow/example_dags/example_datasets.py took 0.324 seconds
[2023-11-11T17:32:15.427+0000] {processor.py:154} INFO - Started process (PID=353) to work on /home/airflow/.local/lib/python3.7/site-packages/airflow/example_dags/example_datasets.py
[2023-11-11T17:32:15.428+0000] {processor.py:756} INFO - Processing file /home/airflow/.local/lib/python3.7/site-packages/airflow/example_dags/example_datasets.py for tasks to queue
[2023-11-11T17:32:15.429+0000] {logging_mixin.py:120} INFO - [2023-11-11T17:32:15.429+0000] {dagbag.py:537} INFO - Filling up the DagBag from /home/airflow/.local/lib/python3.7/site-packages/airflow/example_dags/example_datasets.py
[2023-11-11T17:32:15.473+0000] {processor.py:766} INFO - DAG(s) dict_keys(['dataset_consumes_1_and_2', 'dataset_consumes_1_never_scheduled', 'dataset_produces_1', 'dataset_produces_2', 'dataset_consumes_1', 'dataset_consumes_unknown_never_scheduled']) retrieved from /home/airflow/.local/lib/python3.7/site-packages/airflow/example_dags/example_datasets.py
[2023-11-11T17:32:15.577+0000] {logging_mixin.py:120} INFO - [2023-11-11T17:32:15.577+0000] {dag.py:2585} INFO - Sync 6 DAGs
[2023-11-11T17:32:15.621+0000] {logging_mixin.py:120} INFO - [2023-11-11T17:32:15.621+0000] {dag.py:3340} INFO - Setting next_dagrun for dataset_consumes_1 to None, run_after=None
[2023-11-11T17:32:15.627+0000] {logging_mixin.py:120} INFO - [2023-11-11T17:32:15.627+0000] {dag.py:3340} INFO - Setting next_dagrun for dataset_consumes_1_and_2 to None, run_after=None
[2023-11-11T17:32:15.628+0000] {logging_mixin.py:120} INFO - [2023-11-11T17:32:15.628+0000] {dag.py:3340} INFO - Setting next_dagrun for dataset_consumes_1_never_scheduled to None, run_after=None
[2023-11-11T17:32:15.630+0000] {logging_mixin.py:120} INFO - [2023-11-11T17:32:15.630+0000] {dag.py:3340} INFO - Setting next_dagrun for dataset_consumes_unknown_never_scheduled to None, run_after=None
[2023-11-11T17:32:15.633+0000] {logging_mixin.py:120} INFO - [2023-11-11T17:32:15.633+0000] {dag.py:3340} INFO - Setting next_dagrun for dataset_produces_1 to 2023-11-10T00:00:00+00:00, run_after=2023-11-11T00:00:00+00:00
[2023-11-11T17:32:15.634+0000] {logging_mixin.py:120} INFO - [2023-11-11T17:32:15.634+0000] {dag.py:3340} INFO - Setting next_dagrun for dataset_produces_2 to None, run_after=None
[2023-11-11T17:32:15.680+0000] {processor.py:176} INFO - Processing /home/airflow/.local/lib/python3.7/site-packages/airflow/example_dags/example_datasets.py took 0.261 seconds
[2023-11-11T17:32:46.148+0000] {processor.py:154} INFO - Started process (PID=407) to work on /home/airflow/.local/lib/python3.7/site-packages/airflow/example_dags/example_datasets.py
[2023-11-11T17:32:46.150+0000] {processor.py:756} INFO - Processing file /home/airflow/.local/lib/python3.7/site-packages/airflow/example_dags/example_datasets.py for tasks to queue
[2023-11-11T17:32:46.151+0000] {logging_mixin.py:120} INFO - [2023-11-11T17:32:46.151+0000] {dagbag.py:537} INFO - Filling up the DagBag from /home/airflow/.local/lib/python3.7/site-packages/airflow/example_dags/example_datasets.py
[2023-11-11T17:32:46.189+0000] {processor.py:766} INFO - DAG(s) dict_keys(['dataset_consumes_1', 'dataset_consumes_1_never_scheduled', 'dataset_consumes_1_and_2', 'dataset_consumes_unknown_never_scheduled', 'dataset_produces_2', 'dataset_produces_1']) retrieved from /home/airflow/.local/lib/python3.7/site-packages/airflow/example_dags/example_datasets.py
[2023-11-11T17:32:46.297+0000] {logging_mixin.py:120} INFO - [2023-11-11T17:32:46.297+0000] {dag.py:2585} INFO - Sync 6 DAGs
[2023-11-11T17:32:46.354+0000] {logging_mixin.py:120} INFO - [2023-11-11T17:32:46.353+0000] {dag.py:3340} INFO - Setting next_dagrun for dataset_consumes_1 to None, run_after=None
[2023-11-11T17:32:46.358+0000] {logging_mixin.py:120} INFO - [2023-11-11T17:32:46.358+0000] {dag.py:3340} INFO - Setting next_dagrun for dataset_consumes_1_and_2 to None, run_after=None
[2023-11-11T17:32:46.364+0000] {logging_mixin.py:120} INFO - [2023-11-11T17:32:46.364+0000] {dag.py:3340} INFO - Setting next_dagrun for dataset_consumes_1_never_scheduled to None, run_after=None
[2023-11-11T17:32:46.370+0000] {logging_mixin.py:120} INFO - [2023-11-11T17:32:46.369+0000] {dag.py:3340} INFO - Setting next_dagrun for dataset_consumes_unknown_never_scheduled to None, run_after=None
[2023-11-11T17:32:46.374+0000] {logging_mixin.py:120} INFO - [2023-11-11T17:32:46.374+0000] {dag.py:3340} INFO - Setting next_dagrun for dataset_produces_1 to 2023-11-10T00:00:00+00:00, run_after=2023-11-11T00:00:00+00:00
[2023-11-11T17:32:46.378+0000] {logging_mixin.py:120} INFO - [2023-11-11T17:32:46.378+0000] {dag.py:3340} INFO - Setting next_dagrun for dataset_produces_2 to None, run_after=None
[2023-11-11T17:32:46.433+0000] {processor.py:176} INFO - Processing /home/airflow/.local/lib/python3.7/site-packages/airflow/example_dags/example_datasets.py took 0.291 seconds
[2023-11-11T17:33:17.720+0000] {processor.py:154} INFO - Started process (PID=470) to work on /home/airflow/.local/lib/python3.7/site-packages/airflow/example_dags/example_datasets.py
[2023-11-11T17:33:17.724+0000] {processor.py:756} INFO - Processing file /home/airflow/.local/lib/python3.7/site-packages/airflow/example_dags/example_datasets.py for tasks to queue
[2023-11-11T17:33:17.726+0000] {logging_mixin.py:120} INFO - [2023-11-11T17:33:17.725+0000] {dagbag.py:537} INFO - Filling up the DagBag from /home/airflow/.local/lib/python3.7/site-packages/airflow/example_dags/example_datasets.py
[2023-11-11T17:33:17.769+0000] {processor.py:766} INFO - DAG(s) dict_keys(['dataset_produces_2', 'dataset_produces_1', 'dataset_consumes_unknown_never_scheduled', 'dataset_consumes_1', 'dataset_consumes_1_and_2', 'dataset_consumes_1_never_scheduled']) retrieved from /home/airflow/.local/lib/python3.7/site-packages/airflow/example_dags/example_datasets.py
[2023-11-11T17:33:17.911+0000] {logging_mixin.py:120} INFO - [2023-11-11T17:33:17.910+0000] {dag.py:2585} INFO - Sync 6 DAGs
[2023-11-11T17:33:17.978+0000] {logging_mixin.py:120} INFO - [2023-11-11T17:33:17.978+0000] {dag.py:3340} INFO - Setting next_dagrun for dataset_consumes_1 to None, run_after=None
[2023-11-11T17:33:17.985+0000] {logging_mixin.py:120} INFO - [2023-11-11T17:33:17.985+0000] {dag.py:3340} INFO - Setting next_dagrun for dataset_consumes_1_and_2 to None, run_after=None
[2023-11-11T17:33:17.991+0000] {logging_mixin.py:120} INFO - [2023-11-11T17:33:17.991+0000] {dag.py:3340} INFO - Setting next_dagrun for dataset_consumes_1_never_scheduled to None, run_after=None
[2023-11-11T17:33:17.993+0000] {logging_mixin.py:120} INFO - [2023-11-11T17:33:17.993+0000] {dag.py:3340} INFO - Setting next_dagrun for dataset_consumes_unknown_never_scheduled to None, run_after=None
[2023-11-11T17:33:18.000+0000] {logging_mixin.py:120} INFO - [2023-11-11T17:33:17.999+0000] {dag.py:3340} INFO - Setting next_dagrun for dataset_produces_1 to 2023-11-10T00:00:00+00:00, run_after=2023-11-11T00:00:00+00:00
[2023-11-11T17:33:18.003+0000] {logging_mixin.py:120} INFO - [2023-11-11T17:33:18.003+0000] {dag.py:3340} INFO - Setting next_dagrun for dataset_produces_2 to None, run_after=None
[2023-11-11T17:33:18.074+0000] {processor.py:176} INFO - Processing /home/airflow/.local/lib/python3.7/site-packages/airflow/example_dags/example_datasets.py took 0.364 seconds
[2023-11-11T17:33:48.147+0000] {processor.py:154} INFO - Started process (PID=526) to work on /home/airflow/.local/lib/python3.7/site-packages/airflow/example_dags/example_datasets.py
[2023-11-11T17:33:48.147+0000] {processor.py:756} INFO - Processing file /home/airflow/.local/lib/python3.7/site-packages/airflow/example_dags/example_datasets.py for tasks to queue
[2023-11-11T17:33:48.148+0000] {logging_mixin.py:120} INFO - [2023-11-11T17:33:48.148+0000] {dagbag.py:537} INFO - Filling up the DagBag from /home/airflow/.local/lib/python3.7/site-packages/airflow/example_dags/example_datasets.py
[2023-11-11T17:33:48.182+0000] {processor.py:766} INFO - DAG(s) dict_keys(['dataset_produces_1', 'dataset_consumes_1_and_2', 'dataset_produces_2', 'dataset_consumes_1', 'dataset_consumes_unknown_never_scheduled', 'dataset_consumes_1_never_scheduled']) retrieved from /home/airflow/.local/lib/python3.7/site-packages/airflow/example_dags/example_datasets.py
[2023-11-11T17:33:48.303+0000] {logging_mixin.py:120} INFO - [2023-11-11T17:33:48.303+0000] {dag.py:2585} INFO - Sync 6 DAGs
[2023-11-11T17:33:48.353+0000] {logging_mixin.py:120} INFO - [2023-11-11T17:33:48.353+0000] {dag.py:3340} INFO - Setting next_dagrun for dataset_consumes_1 to None, run_after=None
[2023-11-11T17:33:48.360+0000] {logging_mixin.py:120} INFO - [2023-11-11T17:33:48.360+0000] {dag.py:3340} INFO - Setting next_dagrun for dataset_consumes_1_and_2 to None, run_after=None
[2023-11-11T17:33:48.362+0000] {logging_mixin.py:120} INFO - [2023-11-11T17:33:48.361+0000] {dag.py:3340} INFO - Setting next_dagrun for dataset_consumes_1_never_scheduled to None, run_after=None
[2023-11-11T17:33:48.364+0000] {logging_mixin.py:120} INFO - [2023-11-11T17:33:48.364+0000] {dag.py:3340} INFO - Setting next_dagrun for dataset_consumes_unknown_never_scheduled to None, run_after=None
[2023-11-11T17:33:48.372+0000] {logging_mixin.py:120} INFO - [2023-11-11T17:33:48.372+0000] {dag.py:3340} INFO - Setting next_dagrun for dataset_produces_1 to 2023-11-10T00:00:00+00:00, run_after=2023-11-11T00:00:00+00:00
[2023-11-11T17:33:48.375+0000] {logging_mixin.py:120} INFO - [2023-11-11T17:33:48.374+0000] {dag.py:3340} INFO - Setting next_dagrun for dataset_produces_2 to None, run_after=None
[2023-11-11T17:33:48.436+0000] {processor.py:176} INFO - Processing /home/airflow/.local/lib/python3.7/site-packages/airflow/example_dags/example_datasets.py took 0.296 seconds
[2023-11-11T17:34:18.562+0000] {processor.py:154} INFO - Started process (PID=579) to work on /home/airflow/.local/lib/python3.7/site-packages/airflow/example_dags/example_datasets.py
[2023-11-11T17:34:18.570+0000] {processor.py:756} INFO - Processing file /home/airflow/.local/lib/python3.7/site-packages/airflow/example_dags/example_datasets.py for tasks to queue
[2023-11-11T17:34:18.572+0000] {logging_mixin.py:120} INFO - [2023-11-11T17:34:18.572+0000] {dagbag.py:537} INFO - Filling up the DagBag from /home/airflow/.local/lib/python3.7/site-packages/airflow/example_dags/example_datasets.py
[2023-11-11T17:34:18.600+0000] {processor.py:766} INFO - DAG(s) dict_keys(['dataset_consumes_1_never_scheduled', 'dataset_consumes_unknown_never_scheduled', 'dataset_produces_1', 'dataset_consumes_1', 'dataset_consumes_1_and_2', 'dataset_produces_2']) retrieved from /home/airflow/.local/lib/python3.7/site-packages/airflow/example_dags/example_datasets.py
[2023-11-11T17:34:18.685+0000] {logging_mixin.py:120} INFO - [2023-11-11T17:34:18.685+0000] {dag.py:2585} INFO - Sync 6 DAGs
[2023-11-11T17:34:18.725+0000] {logging_mixin.py:120} INFO - [2023-11-11T17:34:18.725+0000] {dag.py:3340} INFO - Setting next_dagrun for dataset_consumes_1 to None, run_after=None
[2023-11-11T17:34:18.729+0000] {logging_mixin.py:120} INFO - [2023-11-11T17:34:18.729+0000] {dag.py:3340} INFO - Setting next_dagrun for dataset_consumes_1_and_2 to None, run_after=None
[2023-11-11T17:34:18.731+0000] {logging_mixin.py:120} INFO - [2023-11-11T17:34:18.730+0000] {dag.py:3340} INFO - Setting next_dagrun for dataset_consumes_1_never_scheduled to None, run_after=None
[2023-11-11T17:34:18.732+0000] {logging_mixin.py:120} INFO - [2023-11-11T17:34:18.732+0000] {dag.py:3340} INFO - Setting next_dagrun for dataset_consumes_unknown_never_scheduled to None, run_after=None
[2023-11-11T17:34:18.736+0000] {logging_mixin.py:120} INFO - [2023-11-11T17:34:18.736+0000] {dag.py:3340} INFO - Setting next_dagrun for dataset_produces_1 to 2023-11-10T00:00:00+00:00, run_after=2023-11-11T00:00:00+00:00
[2023-11-11T17:34:18.739+0000] {logging_mixin.py:120} INFO - [2023-11-11T17:34:18.738+0000] {dag.py:3340} INFO - Setting next_dagrun for dataset_produces_2 to None, run_after=None
[2023-11-11T17:34:18.778+0000] {processor.py:176} INFO - Processing /home/airflow/.local/lib/python3.7/site-packages/airflow/example_dags/example_datasets.py took 0.223 seconds
[2023-11-11T17:34:49.257+0000] {processor.py:154} INFO - Started process (PID=643) to work on /home/airflow/.local/lib/python3.7/site-packages/airflow/example_dags/example_datasets.py
[2023-11-11T17:34:49.258+0000] {processor.py:756} INFO - Processing file /home/airflow/.local/lib/python3.7/site-packages/airflow/example_dags/example_datasets.py for tasks to queue
[2023-11-11T17:34:49.263+0000] {logging_mixin.py:120} INFO - [2023-11-11T17:34:49.262+0000] {dagbag.py:537} INFO - Filling up the DagBag from /home/airflow/.local/lib/python3.7/site-packages/airflow/example_dags/example_datasets.py
[2023-11-11T17:34:49.310+0000] {processor.py:766} INFO - DAG(s) dict_keys(['dataset_consumes_1_never_scheduled', 'dataset_produces_2', 'dataset_consumes_1', 'dataset_produces_1', 'dataset_consumes_1_and_2', 'dataset_consumes_unknown_never_scheduled']) retrieved from /home/airflow/.local/lib/python3.7/site-packages/airflow/example_dags/example_datasets.py
[2023-11-11T17:34:49.525+0000] {logging_mixin.py:120} INFO - [2023-11-11T17:34:49.525+0000] {dag.py:2585} INFO - Sync 6 DAGs
[2023-11-11T17:34:49.636+0000] {logging_mixin.py:120} INFO - [2023-11-11T17:34:49.635+0000] {dag.py:3340} INFO - Setting next_dagrun for dataset_consumes_1 to None, run_after=None
[2023-11-11T17:34:49.648+0000] {logging_mixin.py:120} INFO - [2023-11-11T17:34:49.648+0000] {dag.py:3340} INFO - Setting next_dagrun for dataset_consumes_1_and_2 to None, run_after=None
[2023-11-11T17:34:49.650+0000] {logging_mixin.py:120} INFO - [2023-11-11T17:34:49.650+0000] {dag.py:3340} INFO - Setting next_dagrun for dataset_consumes_1_never_scheduled to None, run_after=None
[2023-11-11T17:34:49.654+0000] {logging_mixin.py:120} INFO - [2023-11-11T17:34:49.653+0000] {dag.py:3340} INFO - Setting next_dagrun for dataset_consumes_unknown_never_scheduled to None, run_after=None
[2023-11-11T17:34:49.657+0000] {logging_mixin.py:120} INFO - [2023-11-11T17:34:49.657+0000] {dag.py:3340} INFO - Setting next_dagrun for dataset_produces_1 to 2023-11-10T00:00:00+00:00, run_after=2023-11-11T00:00:00+00:00
[2023-11-11T17:34:49.662+0000] {logging_mixin.py:120} INFO - [2023-11-11T17:34:49.662+0000] {dag.py:3340} INFO - Setting next_dagrun for dataset_produces_2 to None, run_after=None
[2023-11-11T17:34:49.748+0000] {processor.py:176} INFO - Processing /home/airflow/.local/lib/python3.7/site-packages/airflow/example_dags/example_datasets.py took 0.497 seconds
[2023-11-11T17:35:19.887+0000] {processor.py:154} INFO - Started process (PID=697) to work on /home/airflow/.local/lib/python3.7/site-packages/airflow/example_dags/example_datasets.py
[2023-11-11T17:35:19.890+0000] {processor.py:756} INFO - Processing file /home/airflow/.local/lib/python3.7/site-packages/airflow/example_dags/example_datasets.py for tasks to queue
[2023-11-11T17:35:19.892+0000] {logging_mixin.py:120} INFO - [2023-11-11T17:35:19.892+0000] {dagbag.py:537} INFO - Filling up the DagBag from /home/airflow/.local/lib/python3.7/site-packages/airflow/example_dags/example_datasets.py
[2023-11-11T17:35:19.928+0000] {processor.py:766} INFO - DAG(s) dict_keys(['dataset_consumes_1_never_scheduled', 'dataset_consumes_1_and_2', 'dataset_produces_2', 'dataset_produces_1', 'dataset_consumes_1', 'dataset_consumes_unknown_never_scheduled']) retrieved from /home/airflow/.local/lib/python3.7/site-packages/airflow/example_dags/example_datasets.py
[2023-11-11T17:35:20.063+0000] {logging_mixin.py:120} INFO - [2023-11-11T17:35:20.063+0000] {dag.py:2585} INFO - Sync 6 DAGs
[2023-11-11T17:35:20.136+0000] {logging_mixin.py:120} INFO - [2023-11-11T17:35:20.136+0000] {dag.py:3340} INFO - Setting next_dagrun for dataset_consumes_1 to None, run_after=None
[2023-11-11T17:35:20.144+0000] {logging_mixin.py:120} INFO - [2023-11-11T17:35:20.144+0000] {dag.py:3340} INFO - Setting next_dagrun for dataset_consumes_1_and_2 to None, run_after=None
[2023-11-11T17:35:20.146+0000] {logging_mixin.py:120} INFO - [2023-11-11T17:35:20.146+0000] {dag.py:3340} INFO - Setting next_dagrun for dataset_consumes_1_never_scheduled to None, run_after=None
[2023-11-11T17:35:20.150+0000] {logging_mixin.py:120} INFO - [2023-11-11T17:35:20.150+0000] {dag.py:3340} INFO - Setting next_dagrun for dataset_consumes_unknown_never_scheduled to None, run_after=None
[2023-11-11T17:35:20.154+0000] {logging_mixin.py:120} INFO - [2023-11-11T17:35:20.154+0000] {dag.py:3340} INFO - Setting next_dagrun for dataset_produces_1 to 2023-11-10T00:00:00+00:00, run_after=2023-11-11T00:00:00+00:00
[2023-11-11T17:35:20.157+0000] {logging_mixin.py:120} INFO - [2023-11-11T17:35:20.156+0000] {dag.py:3340} INFO - Setting next_dagrun for dataset_produces_2 to None, run_after=None
[2023-11-11T17:35:20.227+0000] {processor.py:176} INFO - Processing /home/airflow/.local/lib/python3.7/site-packages/airflow/example_dags/example_datasets.py took 0.349 seconds
[2023-11-11T17:35:50.397+0000] {processor.py:154} INFO - Started process (PID=751) to work on /home/airflow/.local/lib/python3.7/site-packages/airflow/example_dags/example_datasets.py
[2023-11-11T17:35:50.398+0000] {processor.py:756} INFO - Processing file /home/airflow/.local/lib/python3.7/site-packages/airflow/example_dags/example_datasets.py for tasks to queue
[2023-11-11T17:35:50.400+0000] {logging_mixin.py:120} INFO - [2023-11-11T17:35:50.400+0000] {dagbag.py:537} INFO - Filling up the DagBag from /home/airflow/.local/lib/python3.7/site-packages/airflow/example_dags/example_datasets.py
[2023-11-11T17:35:50.439+0000] {processor.py:766} INFO - DAG(s) dict_keys(['dataset_produces_1', 'dataset_consumes_unknown_never_scheduled', 'dataset_produces_2', 'dataset_consumes_1', 'dataset_consumes_1_never_scheduled', 'dataset_consumes_1_and_2']) retrieved from /home/airflow/.local/lib/python3.7/site-packages/airflow/example_dags/example_datasets.py
[2023-11-11T17:35:50.578+0000] {logging_mixin.py:120} INFO - [2023-11-11T17:35:50.578+0000] {dag.py:2585} INFO - Sync 6 DAGs
[2023-11-11T17:35:50.646+0000] {logging_mixin.py:120} INFO - [2023-11-11T17:35:50.645+0000] {dag.py:3340} INFO - Setting next_dagrun for dataset_consumes_1 to None, run_after=None
[2023-11-11T17:35:50.657+0000] {logging_mixin.py:120} INFO - [2023-11-11T17:35:50.657+0000] {dag.py:3340} INFO - Setting next_dagrun for dataset_consumes_1_and_2 to None, run_after=None
[2023-11-11T17:35:50.661+0000] {logging_mixin.py:120} INFO - [2023-11-11T17:35:50.659+0000] {dag.py:3340} INFO - Setting next_dagrun for dataset_consumes_1_never_scheduled to None, run_after=None
[2023-11-11T17:35:50.664+0000] {logging_mixin.py:120} INFO - [2023-11-11T17:35:50.664+0000] {dag.py:3340} INFO - Setting next_dagrun for dataset_consumes_unknown_never_scheduled to None, run_after=None
[2023-11-11T17:35:50.671+0000] {logging_mixin.py:120} INFO - [2023-11-11T17:35:50.671+0000] {dag.py:3340} INFO - Setting next_dagrun for dataset_produces_1 to 2023-11-10T00:00:00+00:00, run_after=2023-11-11T00:00:00+00:00
[2023-11-11T17:35:50.673+0000] {logging_mixin.py:120} INFO - [2023-11-11T17:35:50.673+0000] {dag.py:3340} INFO - Setting next_dagrun for dataset_produces_2 to None, run_after=None
[2023-11-11T17:35:50.742+0000] {processor.py:176} INFO - Processing /home/airflow/.local/lib/python3.7/site-packages/airflow/example_dags/example_datasets.py took 0.352 seconds
[2023-11-11T17:36:21.124+0000] {processor.py:154} INFO - Started process (PID=814) to work on /home/airflow/.local/lib/python3.7/site-packages/airflow/example_dags/example_datasets.py
[2023-11-11T17:36:21.126+0000] {processor.py:756} INFO - Processing file /home/airflow/.local/lib/python3.7/site-packages/airflow/example_dags/example_datasets.py for tasks to queue
[2023-11-11T17:36:21.128+0000] {logging_mixin.py:120} INFO - [2023-11-11T17:36:21.127+0000] {dagbag.py:537} INFO - Filling up the DagBag from /home/airflow/.local/lib/python3.7/site-packages/airflow/example_dags/example_datasets.py
[2023-11-11T17:36:21.175+0000] {processor.py:766} INFO - DAG(s) dict_keys(['dataset_consumes_1', 'dataset_consumes_1_and_2', 'dataset_produces_2', 'dataset_consumes_unknown_never_scheduled', 'dataset_consumes_1_never_scheduled', 'dataset_produces_1']) retrieved from /home/airflow/.local/lib/python3.7/site-packages/airflow/example_dags/example_datasets.py
[2023-11-11T17:36:21.378+0000] {logging_mixin.py:120} INFO - [2023-11-11T17:36:21.378+0000] {dag.py:2585} INFO - Sync 6 DAGs
[2023-11-11T17:36:21.477+0000] {logging_mixin.py:120} INFO - [2023-11-11T17:36:21.476+0000] {dag.py:3340} INFO - Setting next_dagrun for dataset_consumes_1 to None, run_after=None
[2023-11-11T17:36:21.486+0000] {logging_mixin.py:120} INFO - [2023-11-11T17:36:21.486+0000] {dag.py:3340} INFO - Setting next_dagrun for dataset_consumes_1_and_2 to None, run_after=None
[2023-11-11T17:36:21.491+0000] {logging_mixin.py:120} INFO - [2023-11-11T17:36:21.489+0000] {dag.py:3340} INFO - Setting next_dagrun for dataset_consumes_1_never_scheduled to None, run_after=None
[2023-11-11T17:36:21.500+0000] {logging_mixin.py:120} INFO - [2023-11-11T17:36:21.500+0000] {dag.py:3340} INFO - Setting next_dagrun for dataset_consumes_unknown_never_scheduled to None, run_after=None
[2023-11-11T17:36:21.510+0000] {logging_mixin.py:120} INFO - [2023-11-11T17:36:21.506+0000] {dag.py:3340} INFO - Setting next_dagrun for dataset_produces_1 to 2023-11-10T00:00:00+00:00, run_after=2023-11-11T00:00:00+00:00
[2023-11-11T17:36:21.518+0000] {logging_mixin.py:120} INFO - [2023-11-11T17:36:21.518+0000] {dag.py:3340} INFO - Setting next_dagrun for dataset_produces_2 to None, run_after=None
[2023-11-11T17:36:21.611+0000] {processor.py:176} INFO - Processing /home/airflow/.local/lib/python3.7/site-packages/airflow/example_dags/example_datasets.py took 0.498 seconds
[2023-11-11T17:36:51.752+0000] {processor.py:154} INFO - Started process (PID=868) to work on /home/airflow/.local/lib/python3.7/site-packages/airflow/example_dags/example_datasets.py
[2023-11-11T17:36:51.753+0000] {processor.py:756} INFO - Processing file /home/airflow/.local/lib/python3.7/site-packages/airflow/example_dags/example_datasets.py for tasks to queue
[2023-11-11T17:36:51.754+0000] {logging_mixin.py:120} INFO - [2023-11-11T17:36:51.753+0000] {dagbag.py:537} INFO - Filling up the DagBag from /home/airflow/.local/lib/python3.7/site-packages/airflow/example_dags/example_datasets.py
[2023-11-11T17:36:51.789+0000] {processor.py:766} INFO - DAG(s) dict_keys(['dataset_produces_2', 'dataset_produces_1', 'dataset_consumes_unknown_never_scheduled', 'dataset_consumes_1', 'dataset_consumes_1_and_2', 'dataset_consumes_1_never_scheduled']) retrieved from /home/airflow/.local/lib/python3.7/site-packages/airflow/example_dags/example_datasets.py
[2023-11-11T17:36:51.885+0000] {logging_mixin.py:120} INFO - [2023-11-11T17:36:51.885+0000] {dag.py:2585} INFO - Sync 6 DAGs
[2023-11-11T17:36:51.936+0000] {logging_mixin.py:120} INFO - [2023-11-11T17:36:51.935+0000] {dag.py:3340} INFO - Setting next_dagrun for dataset_consumes_1 to None, run_after=None
[2023-11-11T17:36:51.941+0000] {logging_mixin.py:120} INFO - [2023-11-11T17:36:51.940+0000] {dag.py:3340} INFO - Setting next_dagrun for dataset_consumes_1_and_2 to None, run_after=None
[2023-11-11T17:36:51.944+0000] {logging_mixin.py:120} INFO - [2023-11-11T17:36:51.944+0000] {dag.py:3340} INFO - Setting next_dagrun for dataset_consumes_1_never_scheduled to None, run_after=None
[2023-11-11T17:36:51.945+0000] {logging_mixin.py:120} INFO - [2023-11-11T17:36:51.945+0000] {dag.py:3340} INFO - Setting next_dagrun for dataset_consumes_unknown_never_scheduled to None, run_after=None
[2023-11-11T17:36:51.949+0000] {logging_mixin.py:120} INFO - [2023-11-11T17:36:51.948+0000] {dag.py:3340} INFO - Setting next_dagrun for dataset_produces_1 to 2023-11-10T00:00:00+00:00, run_after=2023-11-11T00:00:00+00:00
[2023-11-11T17:36:51.950+0000] {logging_mixin.py:120} INFO - [2023-11-11T17:36:51.950+0000] {dag.py:3340} INFO - Setting next_dagrun for dataset_produces_2 to None, run_after=None
[2023-11-11T17:36:51.994+0000] {processor.py:176} INFO - Processing /home/airflow/.local/lib/python3.7/site-packages/airflow/example_dags/example_datasets.py took 0.247 seconds
[2023-11-11T17:37:22.222+0000] {processor.py:154} INFO - Started process (PID=931) to work on /home/airflow/.local/lib/python3.7/site-packages/airflow/example_dags/example_datasets.py
[2023-11-11T17:37:22.227+0000] {processor.py:756} INFO - Processing file /home/airflow/.local/lib/python3.7/site-packages/airflow/example_dags/example_datasets.py for tasks to queue
[2023-11-11T17:37:22.228+0000] {logging_mixin.py:120} INFO - [2023-11-11T17:37:22.228+0000] {dagbag.py:537} INFO - Filling up the DagBag from /home/airflow/.local/lib/python3.7/site-packages/airflow/example_dags/example_datasets.py
[2023-11-11T17:37:22.274+0000] {processor.py:766} INFO - DAG(s) dict_keys(['dataset_consumes_1_and_2', 'dataset_consumes_1_never_scheduled', 'dataset_produces_1', 'dataset_consumes_1', 'dataset_consumes_unknown_never_scheduled', 'dataset_produces_2']) retrieved from /home/airflow/.local/lib/python3.7/site-packages/airflow/example_dags/example_datasets.py
[2023-11-11T17:37:22.447+0000] {logging_mixin.py:120} INFO - [2023-11-11T17:37:22.447+0000] {dag.py:2585} INFO - Sync 6 DAGs
[2023-11-11T17:37:22.510+0000] {logging_mixin.py:120} INFO - [2023-11-11T17:37:22.509+0000] {dag.py:3340} INFO - Setting next_dagrun for dataset_consumes_1 to None, run_after=None
[2023-11-11T17:37:22.517+0000] {logging_mixin.py:120} INFO - [2023-11-11T17:37:22.516+0000] {dag.py:3340} INFO - Setting next_dagrun for dataset_consumes_1_and_2 to None, run_after=None
[2023-11-11T17:37:22.519+0000] {logging_mixin.py:120} INFO - [2023-11-11T17:37:22.519+0000] {dag.py:3340} INFO - Setting next_dagrun for dataset_consumes_1_never_scheduled to None, run_after=None
[2023-11-11T17:37:22.522+0000] {logging_mixin.py:120} INFO - [2023-11-11T17:37:22.522+0000] {dag.py:3340} INFO - Setting next_dagrun for dataset_consumes_unknown_never_scheduled to None, run_after=None
[2023-11-11T17:37:22.528+0000] {logging_mixin.py:120} INFO - [2023-11-11T17:37:22.528+0000] {dag.py:3340} INFO - Setting next_dagrun for dataset_produces_1 to 2023-11-10T00:00:00+00:00, run_after=2023-11-11T00:00:00+00:00
[2023-11-11T17:37:22.531+0000] {logging_mixin.py:120} INFO - [2023-11-11T17:37:22.530+0000] {dag.py:3340} INFO - Setting next_dagrun for dataset_produces_2 to None, run_after=None
[2023-11-11T17:37:22.585+0000] {processor.py:176} INFO - Processing /home/airflow/.local/lib/python3.7/site-packages/airflow/example_dags/example_datasets.py took 0.367 seconds
[2023-11-11T17:37:53.355+0000] {processor.py:154} INFO - Started process (PID=994) to work on /home/airflow/.local/lib/python3.7/site-packages/airflow/example_dags/example_datasets.py
[2023-11-11T17:37:53.357+0000] {processor.py:756} INFO - Processing file /home/airflow/.local/lib/python3.7/site-packages/airflow/example_dags/example_datasets.py for tasks to queue
[2023-11-11T17:37:53.358+0000] {logging_mixin.py:120} INFO - [2023-11-11T17:37:53.358+0000] {dagbag.py:537} INFO - Filling up the DagBag from /home/airflow/.local/lib/python3.7/site-packages/airflow/example_dags/example_datasets.py
[2023-11-11T17:37:53.406+0000] {processor.py:766} INFO - DAG(s) dict_keys(['dataset_consumes_unknown_never_scheduled', 'dataset_produces_2', 'dataset_produces_1', 'dataset_consumes_1', 'dataset_consumes_1_never_scheduled', 'dataset_consumes_1_and_2']) retrieved from /home/airflow/.local/lib/python3.7/site-packages/airflow/example_dags/example_datasets.py
[2023-11-11T17:37:53.555+0000] {logging_mixin.py:120} INFO - [2023-11-11T17:37:53.555+0000] {dag.py:2585} INFO - Sync 6 DAGs
[2023-11-11T17:37:53.630+0000] {logging_mixin.py:120} INFO - [2023-11-11T17:37:53.630+0000] {dag.py:3340} INFO - Setting next_dagrun for dataset_consumes_1 to None, run_after=None
[2023-11-11T17:37:53.639+0000] {logging_mixin.py:120} INFO - [2023-11-11T17:37:53.638+0000] {dag.py:3340} INFO - Setting next_dagrun for dataset_consumes_1_and_2 to None, run_after=None
[2023-11-11T17:37:53.641+0000] {logging_mixin.py:120} INFO - [2023-11-11T17:37:53.641+0000] {dag.py:3340} INFO - Setting next_dagrun for dataset_consumes_1_never_scheduled to None, run_after=None
[2023-11-11T17:37:53.645+0000] {logging_mixin.py:120} INFO - [2023-11-11T17:37:53.644+0000] {dag.py:3340} INFO - Setting next_dagrun for dataset_consumes_unknown_never_scheduled to None, run_after=None
[2023-11-11T17:37:53.651+0000] {logging_mixin.py:120} INFO - [2023-11-11T17:37:53.651+0000] {dag.py:3340} INFO - Setting next_dagrun for dataset_produces_1 to 2023-11-10T00:00:00+00:00, run_after=2023-11-11T00:00:00+00:00
[2023-11-11T17:37:53.653+0000] {logging_mixin.py:120} INFO - [2023-11-11T17:37:53.653+0000] {dag.py:3340} INFO - Setting next_dagrun for dataset_produces_2 to None, run_after=None
[2023-11-11T17:37:53.707+0000] {processor.py:176} INFO - Processing /home/airflow/.local/lib/python3.7/site-packages/airflow/example_dags/example_datasets.py took 0.358 seconds
[2023-11-11T17:38:24.213+0000] {processor.py:154} INFO - Started process (PID=1046) to work on /home/airflow/.local/lib/python3.7/site-packages/airflow/example_dags/example_datasets.py
[2023-11-11T17:38:24.216+0000] {processor.py:756} INFO - Processing file /home/airflow/.local/lib/python3.7/site-packages/airflow/example_dags/example_datasets.py for tasks to queue
[2023-11-11T17:38:24.217+0000] {logging_mixin.py:120} INFO - [2023-11-11T17:38:24.217+0000] {dagbag.py:537} INFO - Filling up the DagBag from /home/airflow/.local/lib/python3.7/site-packages/airflow/example_dags/example_datasets.py
[2023-11-11T17:38:24.248+0000] {processor.py:766} INFO - DAG(s) dict_keys(['dataset_consumes_1_and_2', 'dataset_produces_1', 'dataset_consumes_unknown_never_scheduled', 'dataset_produces_2', 'dataset_consumes_1', 'dataset_consumes_1_never_scheduled']) retrieved from /home/airflow/.local/lib/python3.7/site-packages/airflow/example_dags/example_datasets.py
[2023-11-11T17:38:24.367+0000] {logging_mixin.py:120} INFO - [2023-11-11T17:38:24.367+0000] {dag.py:2585} INFO - Sync 6 DAGs
[2023-11-11T17:38:24.420+0000] {logging_mixin.py:120} INFO - [2023-11-11T17:38:24.420+0000] {dag.py:3340} INFO - Setting next_dagrun for dataset_consumes_1 to None, run_after=None
[2023-11-11T17:38:24.428+0000] {logging_mixin.py:120} INFO - [2023-11-11T17:38:24.428+0000] {dag.py:3340} INFO - Setting next_dagrun for dataset_consumes_1_and_2 to None, run_after=None
[2023-11-11T17:38:24.430+0000] {logging_mixin.py:120} INFO - [2023-11-11T17:38:24.430+0000] {dag.py:3340} INFO - Setting next_dagrun for dataset_consumes_1_never_scheduled to None, run_after=None
[2023-11-11T17:38:24.432+0000] {logging_mixin.py:120} INFO - [2023-11-11T17:38:24.432+0000] {dag.py:3340} INFO - Setting next_dagrun for dataset_consumes_unknown_never_scheduled to None, run_after=None
[2023-11-11T17:38:24.437+0000] {logging_mixin.py:120} INFO - [2023-11-11T17:38:24.437+0000] {dag.py:3340} INFO - Setting next_dagrun for dataset_produces_1 to 2023-11-10T00:00:00+00:00, run_after=2023-11-11T00:00:00+00:00
[2023-11-11T17:38:24.443+0000] {logging_mixin.py:120} INFO - [2023-11-11T17:38:24.442+0000] {dag.py:3340} INFO - Setting next_dagrun for dataset_produces_2 to None, run_after=None
[2023-11-11T17:38:24.500+0000] {processor.py:176} INFO - Processing /home/airflow/.local/lib/python3.7/site-packages/airflow/example_dags/example_datasets.py took 0.292 seconds
[2023-11-11T17:38:54.783+0000] {processor.py:154} INFO - Started process (PID=1109) to work on /home/airflow/.local/lib/python3.7/site-packages/airflow/example_dags/example_datasets.py
[2023-11-11T17:38:54.787+0000] {processor.py:756} INFO - Processing file /home/airflow/.local/lib/python3.7/site-packages/airflow/example_dags/example_datasets.py for tasks to queue
[2023-11-11T17:38:54.789+0000] {logging_mixin.py:120} INFO - [2023-11-11T17:38:54.789+0000] {dagbag.py:537} INFO - Filling up the DagBag from /home/airflow/.local/lib/python3.7/site-packages/airflow/example_dags/example_datasets.py
[2023-11-11T17:38:54.826+0000] {processor.py:766} INFO - DAG(s) dict_keys(['dataset_produces_2', 'dataset_consumes_1_never_scheduled', 'dataset_consumes_unknown_never_scheduled', 'dataset_consumes_1_and_2', 'dataset_consumes_1', 'dataset_produces_1']) retrieved from /home/airflow/.local/lib/python3.7/site-packages/airflow/example_dags/example_datasets.py
[2023-11-11T17:38:54.949+0000] {logging_mixin.py:120} INFO - [2023-11-11T17:38:54.948+0000] {dag.py:2585} INFO - Sync 6 DAGs
[2023-11-11T17:38:55.029+0000] {logging_mixin.py:120} INFO - [2023-11-11T17:38:55.028+0000] {dag.py:3340} INFO - Setting next_dagrun for dataset_consumes_1 to None, run_after=None
[2023-11-11T17:38:55.044+0000] {logging_mixin.py:120} INFO - [2023-11-11T17:38:55.043+0000] {dag.py:3340} INFO - Setting next_dagrun for dataset_consumes_1_and_2 to None, run_after=None
[2023-11-11T17:38:55.048+0000] {logging_mixin.py:120} INFO - [2023-11-11T17:38:55.048+0000] {dag.py:3340} INFO - Setting next_dagrun for dataset_consumes_1_never_scheduled to None, run_after=None
[2023-11-11T17:38:55.054+0000] {logging_mixin.py:120} INFO - [2023-11-11T17:38:55.054+0000] {dag.py:3340} INFO - Setting next_dagrun for dataset_consumes_unknown_never_scheduled to None, run_after=None
[2023-11-11T17:38:55.063+0000] {logging_mixin.py:120} INFO - [2023-11-11T17:38:55.063+0000] {dag.py:3340} INFO - Setting next_dagrun for dataset_produces_1 to 2023-11-10T00:00:00+00:00, run_after=2023-11-11T00:00:00+00:00
[2023-11-11T17:38:55.070+0000] {logging_mixin.py:120} INFO - [2023-11-11T17:38:55.068+0000] {dag.py:3340} INFO - Setting next_dagrun for dataset_produces_2 to None, run_after=None
[2023-11-11T17:38:55.154+0000] {processor.py:176} INFO - Processing /home/airflow/.local/lib/python3.7/site-packages/airflow/example_dags/example_datasets.py took 0.380 seconds
[2023-11-11T17:39:25.328+0000] {processor.py:154} INFO - Started process (PID=1163) to work on /home/airflow/.local/lib/python3.7/site-packages/airflow/example_dags/example_datasets.py
[2023-11-11T17:39:25.329+0000] {processor.py:756} INFO - Processing file /home/airflow/.local/lib/python3.7/site-packages/airflow/example_dags/example_datasets.py for tasks to queue
[2023-11-11T17:39:25.330+0000] {logging_mixin.py:120} INFO - [2023-11-11T17:39:25.330+0000] {dagbag.py:537} INFO - Filling up the DagBag from /home/airflow/.local/lib/python3.7/site-packages/airflow/example_dags/example_datasets.py
[2023-11-11T17:39:25.361+0000] {processor.py:766} INFO - DAG(s) dict_keys(['dataset_produces_2', 'dataset_consumes_1_never_scheduled', 'dataset_consumes_1_and_2', 'dataset_consumes_1', 'dataset_produces_1', 'dataset_consumes_unknown_never_scheduled']) retrieved from /home/airflow/.local/lib/python3.7/site-packages/airflow/example_dags/example_datasets.py
[2023-11-11T17:39:25.468+0000] {logging_mixin.py:120} INFO - [2023-11-11T17:39:25.468+0000] {dag.py:2585} INFO - Sync 6 DAGs
[2023-11-11T17:39:25.513+0000] {logging_mixin.py:120} INFO - [2023-11-11T17:39:25.513+0000] {dag.py:3340} INFO - Setting next_dagrun for dataset_consumes_1 to None, run_after=None
[2023-11-11T17:39:25.518+0000] {logging_mixin.py:120} INFO - [2023-11-11T17:39:25.518+0000] {dag.py:3340} INFO - Setting next_dagrun for dataset_consumes_1_and_2 to None, run_after=None
[2023-11-11T17:39:25.520+0000] {logging_mixin.py:120} INFO - [2023-11-11T17:39:25.520+0000] {dag.py:3340} INFO - Setting next_dagrun for dataset_consumes_1_never_scheduled to None, run_after=None
[2023-11-11T17:39:25.524+0000] {logging_mixin.py:120} INFO - [2023-11-11T17:39:25.524+0000] {dag.py:3340} INFO - Setting next_dagrun for dataset_consumes_unknown_never_scheduled to None, run_after=None
[2023-11-11T17:39:25.529+0000] {logging_mixin.py:120} INFO - [2023-11-11T17:39:25.529+0000] {dag.py:3340} INFO - Setting next_dagrun for dataset_produces_1 to 2023-11-10T00:00:00+00:00, run_after=2023-11-11T00:00:00+00:00
[2023-11-11T17:39:25.531+0000] {logging_mixin.py:120} INFO - [2023-11-11T17:39:25.531+0000] {dag.py:3340} INFO - Setting next_dagrun for dataset_produces_2 to None, run_after=None
[2023-11-11T17:39:25.574+0000] {processor.py:176} INFO - Processing /home/airflow/.local/lib/python3.7/site-packages/airflow/example_dags/example_datasets.py took 0.251 seconds
