[2023-11-11T17:02:13.251+0000] {processor.py:154} INFO - Started process (PID=89) to work on /home/airflow/.local/lib/python3.7/site-packages/airflow/example_dags/example_external_task_marker_dag.py
[2023-11-11T17:02:13.255+0000] {processor.py:756} INFO - Processing file /home/airflow/.local/lib/python3.7/site-packages/airflow/example_dags/example_external_task_marker_dag.py for tasks to queue
[2023-11-11T17:02:13.256+0000] {logging_mixin.py:120} INFO - [2023-11-11T17:02:13.256+0000] {dagbag.py:537} INFO - Filling up the DagBag from /home/airflow/.local/lib/python3.7/site-packages/airflow/example_dags/example_external_task_marker_dag.py
[2023-11-11T17:02:13.330+0000] {processor.py:766} INFO - DAG(s) dict_keys(['example_external_task_marker_child', 'example_external_task_marker_parent']) retrieved from /home/airflow/.local/lib/python3.7/site-packages/airflow/example_dags/example_external_task_marker_dag.py
[2023-11-11T17:02:14.021+0000] {logging_mixin.py:120} INFO - [2023-11-11T17:02:14.020+0000] {dag.py:2585} INFO - Sync 2 DAGs
[2023-11-11T17:02:14.070+0000] {logging_mixin.py:120} INFO - [2023-11-11T17:02:14.070+0000] {dag.py:3340} INFO - Setting next_dagrun for example_external_task_marker_child to None, run_after=None
[2023-11-11T17:02:14.077+0000] {logging_mixin.py:120} INFO - [2023-11-11T17:02:14.076+0000] {dag.py:3340} INFO - Setting next_dagrun for example_external_task_marker_parent to None, run_after=None
[2023-11-11T17:02:14.122+0000] {processor.py:176} INFO - Processing /home/airflow/.local/lib/python3.7/site-packages/airflow/example_dags/example_external_task_marker_dag.py took 0.902 seconds
[2023-11-11T17:02:44.290+0000] {processor.py:154} INFO - Started process (PID=143) to work on /home/airflow/.local/lib/python3.7/site-packages/airflow/example_dags/example_external_task_marker_dag.py
[2023-11-11T17:02:44.294+0000] {processor.py:756} INFO - Processing file /home/airflow/.local/lib/python3.7/site-packages/airflow/example_dags/example_external_task_marker_dag.py for tasks to queue
[2023-11-11T17:02:44.295+0000] {logging_mixin.py:120} INFO - [2023-11-11T17:02:44.295+0000] {dagbag.py:537} INFO - Filling up the DagBag from /home/airflow/.local/lib/python3.7/site-packages/airflow/example_dags/example_external_task_marker_dag.py
[2023-11-11T17:02:44.362+0000] {processor.py:766} INFO - DAG(s) dict_keys(['example_external_task_marker_child', 'example_external_task_marker_parent']) retrieved from /home/airflow/.local/lib/python3.7/site-packages/airflow/example_dags/example_external_task_marker_dag.py
[2023-11-11T17:02:44.826+0000] {logging_mixin.py:120} INFO - [2023-11-11T17:02:44.826+0000] {dag.py:2585} INFO - Sync 2 DAGs
[2023-11-11T17:02:44.894+0000] {logging_mixin.py:120} INFO - [2023-11-11T17:02:44.894+0000] {dag.py:3340} INFO - Setting next_dagrun for example_external_task_marker_child to None, run_after=None
[2023-11-11T17:02:44.901+0000] {logging_mixin.py:120} INFO - [2023-11-11T17:02:44.901+0000] {dag.py:3340} INFO - Setting next_dagrun for example_external_task_marker_parent to None, run_after=None
[2023-11-11T17:02:44.934+0000] {processor.py:176} INFO - Processing /home/airflow/.local/lib/python3.7/site-packages/airflow/example_dags/example_external_task_marker_dag.py took 0.653 seconds
[2023-11-11T17:03:15.307+0000] {processor.py:154} INFO - Started process (PID=207) to work on /home/airflow/.local/lib/python3.7/site-packages/airflow/example_dags/example_external_task_marker_dag.py
[2023-11-11T17:03:15.329+0000] {processor.py:756} INFO - Processing file /home/airflow/.local/lib/python3.7/site-packages/airflow/example_dags/example_external_task_marker_dag.py for tasks to queue
[2023-11-11T17:03:15.331+0000] {logging_mixin.py:120} INFO - [2023-11-11T17:03:15.330+0000] {dagbag.py:537} INFO - Filling up the DagBag from /home/airflow/.local/lib/python3.7/site-packages/airflow/example_dags/example_external_task_marker_dag.py
[2023-11-11T17:03:15.387+0000] {processor.py:766} INFO - DAG(s) dict_keys(['example_external_task_marker_child', 'example_external_task_marker_parent']) retrieved from /home/airflow/.local/lib/python3.7/site-packages/airflow/example_dags/example_external_task_marker_dag.py
[2023-11-11T17:03:16.186+0000] {logging_mixin.py:120} INFO - [2023-11-11T17:03:16.186+0000] {dag.py:2585} INFO - Sync 2 DAGs
[2023-11-11T17:03:16.326+0000] {logging_mixin.py:120} INFO - [2023-11-11T17:03:16.324+0000] {dag.py:3340} INFO - Setting next_dagrun for example_external_task_marker_child to None, run_after=None
[2023-11-11T17:03:16.338+0000] {logging_mixin.py:120} INFO - [2023-11-11T17:03:16.337+0000] {dag.py:3340} INFO - Setting next_dagrun for example_external_task_marker_parent to None, run_after=None
[2023-11-11T17:03:17.087+0000] {processor.py:176} INFO - Processing /home/airflow/.local/lib/python3.7/site-packages/airflow/example_dags/example_external_task_marker_dag.py took 1.786 seconds
[2023-11-11T17:03:47.211+0000] {processor.py:154} INFO - Started process (PID=262) to work on /home/airflow/.local/lib/python3.7/site-packages/airflow/example_dags/example_external_task_marker_dag.py
[2023-11-11T17:03:47.216+0000] {processor.py:756} INFO - Processing file /home/airflow/.local/lib/python3.7/site-packages/airflow/example_dags/example_external_task_marker_dag.py for tasks to queue
[2023-11-11T17:03:47.218+0000] {logging_mixin.py:120} INFO - [2023-11-11T17:03:47.218+0000] {dagbag.py:537} INFO - Filling up the DagBag from /home/airflow/.local/lib/python3.7/site-packages/airflow/example_dags/example_external_task_marker_dag.py
[2023-11-11T17:03:47.245+0000] {processor.py:766} INFO - DAG(s) dict_keys(['example_external_task_marker_child', 'example_external_task_marker_parent']) retrieved from /home/airflow/.local/lib/python3.7/site-packages/airflow/example_dags/example_external_task_marker_dag.py
[2023-11-11T17:03:47.576+0000] {logging_mixin.py:120} INFO - [2023-11-11T17:03:47.576+0000] {dag.py:2585} INFO - Sync 2 DAGs
[2023-11-11T17:03:47.611+0000] {logging_mixin.py:120} INFO - [2023-11-11T17:03:47.611+0000] {dag.py:3340} INFO - Setting next_dagrun for example_external_task_marker_child to None, run_after=None
[2023-11-11T17:03:47.616+0000] {logging_mixin.py:120} INFO - [2023-11-11T17:03:47.616+0000] {dag.py:3340} INFO - Setting next_dagrun for example_external_task_marker_parent to None, run_after=None
[2023-11-11T17:03:47.641+0000] {processor.py:176} INFO - Processing /home/airflow/.local/lib/python3.7/site-packages/airflow/example_dags/example_external_task_marker_dag.py took 0.436 seconds
[2023-11-11T17:04:18.264+0000] {processor.py:154} INFO - Started process (PID=322) to work on /home/airflow/.local/lib/python3.7/site-packages/airflow/example_dags/example_external_task_marker_dag.py
[2023-11-11T17:04:18.266+0000] {processor.py:756} INFO - Processing file /home/airflow/.local/lib/python3.7/site-packages/airflow/example_dags/example_external_task_marker_dag.py for tasks to queue
[2023-11-11T17:04:18.269+0000] {logging_mixin.py:120} INFO - [2023-11-11T17:04:18.267+0000] {dagbag.py:537} INFO - Filling up the DagBag from /home/airflow/.local/lib/python3.7/site-packages/airflow/example_dags/example_external_task_marker_dag.py
[2023-11-11T17:04:18.299+0000] {processor.py:766} INFO - DAG(s) dict_keys(['example_external_task_marker_child', 'example_external_task_marker_parent']) retrieved from /home/airflow/.local/lib/python3.7/site-packages/airflow/example_dags/example_external_task_marker_dag.py
[2023-11-11T17:04:18.703+0000] {logging_mixin.py:120} INFO - [2023-11-11T17:04:18.703+0000] {dag.py:2585} INFO - Sync 2 DAGs
[2023-11-11T17:04:18.748+0000] {logging_mixin.py:120} INFO - [2023-11-11T17:04:18.747+0000] {dag.py:3340} INFO - Setting next_dagrun for example_external_task_marker_child to None, run_after=None
[2023-11-11T17:04:18.753+0000] {logging_mixin.py:120} INFO - [2023-11-11T17:04:18.753+0000] {dag.py:3340} INFO - Setting next_dagrun for example_external_task_marker_parent to None, run_after=None
[2023-11-11T17:04:18.780+0000] {processor.py:176} INFO - Processing /home/airflow/.local/lib/python3.7/site-packages/airflow/example_dags/example_external_task_marker_dag.py took 0.521 seconds
[2023-11-11T17:04:49.084+0000] {processor.py:154} INFO - Started process (PID=379) to work on /home/airflow/.local/lib/python3.7/site-packages/airflow/example_dags/example_external_task_marker_dag.py
[2023-11-11T17:04:49.085+0000] {processor.py:756} INFO - Processing file /home/airflow/.local/lib/python3.7/site-packages/airflow/example_dags/example_external_task_marker_dag.py for tasks to queue
[2023-11-11T17:04:49.086+0000] {logging_mixin.py:120} INFO - [2023-11-11T17:04:49.085+0000] {dagbag.py:537} INFO - Filling up the DagBag from /home/airflow/.local/lib/python3.7/site-packages/airflow/example_dags/example_external_task_marker_dag.py
[2023-11-11T17:04:49.108+0000] {processor.py:766} INFO - DAG(s) dict_keys(['example_external_task_marker_parent', 'example_external_task_marker_child']) retrieved from /home/airflow/.local/lib/python3.7/site-packages/airflow/example_dags/example_external_task_marker_dag.py
[2023-11-11T17:04:49.385+0000] {logging_mixin.py:120} INFO - [2023-11-11T17:04:49.385+0000] {dag.py:2585} INFO - Sync 2 DAGs
[2023-11-11T17:04:49.417+0000] {logging_mixin.py:120} INFO - [2023-11-11T17:04:49.417+0000] {dag.py:3340} INFO - Setting next_dagrun for example_external_task_marker_child to None, run_after=None
[2023-11-11T17:04:49.422+0000] {logging_mixin.py:120} INFO - [2023-11-11T17:04:49.422+0000] {dag.py:3340} INFO - Setting next_dagrun for example_external_task_marker_parent to None, run_after=None
[2023-11-11T17:04:49.441+0000] {processor.py:176} INFO - Processing /home/airflow/.local/lib/python3.7/site-packages/airflow/example_dags/example_external_task_marker_dag.py took 0.363 seconds
[2023-11-11T17:05:20.341+0000] {processor.py:154} INFO - Started process (PID=442) to work on /home/airflow/.local/lib/python3.7/site-packages/airflow/example_dags/example_external_task_marker_dag.py
[2023-11-11T17:05:20.343+0000] {processor.py:756} INFO - Processing file /home/airflow/.local/lib/python3.7/site-packages/airflow/example_dags/example_external_task_marker_dag.py for tasks to queue
[2023-11-11T17:05:20.344+0000] {logging_mixin.py:120} INFO - [2023-11-11T17:05:20.344+0000] {dagbag.py:537} INFO - Filling up the DagBag from /home/airflow/.local/lib/python3.7/site-packages/airflow/example_dags/example_external_task_marker_dag.py
[2023-11-11T17:05:20.358+0000] {processor.py:766} INFO - DAG(s) dict_keys(['example_external_task_marker_child', 'example_external_task_marker_parent']) retrieved from /home/airflow/.local/lib/python3.7/site-packages/airflow/example_dags/example_external_task_marker_dag.py
[2023-11-11T17:05:20.627+0000] {logging_mixin.py:120} INFO - [2023-11-11T17:05:20.627+0000] {dag.py:2585} INFO - Sync 2 DAGs
[2023-11-11T17:05:20.657+0000] {logging_mixin.py:120} INFO - [2023-11-11T17:05:20.657+0000] {dag.py:3340} INFO - Setting next_dagrun for example_external_task_marker_child to None, run_after=None
[2023-11-11T17:05:20.662+0000] {logging_mixin.py:120} INFO - [2023-11-11T17:05:20.661+0000] {dag.py:3340} INFO - Setting next_dagrun for example_external_task_marker_parent to None, run_after=None
[2023-11-11T17:05:20.686+0000] {processor.py:176} INFO - Processing /home/airflow/.local/lib/python3.7/site-packages/airflow/example_dags/example_external_task_marker_dag.py took 0.349 seconds
[2023-11-11T17:05:51.397+0000] {processor.py:154} INFO - Started process (PID=496) to work on /home/airflow/.local/lib/python3.7/site-packages/airflow/example_dags/example_external_task_marker_dag.py
[2023-11-11T17:05:51.399+0000] {processor.py:756} INFO - Processing file /home/airflow/.local/lib/python3.7/site-packages/airflow/example_dags/example_external_task_marker_dag.py for tasks to queue
[2023-11-11T17:05:51.401+0000] {logging_mixin.py:120} INFO - [2023-11-11T17:05:51.401+0000] {dagbag.py:537} INFO - Filling up the DagBag from /home/airflow/.local/lib/python3.7/site-packages/airflow/example_dags/example_external_task_marker_dag.py
[2023-11-11T17:05:51.428+0000] {processor.py:766} INFO - DAG(s) dict_keys(['example_external_task_marker_child', 'example_external_task_marker_parent']) retrieved from /home/airflow/.local/lib/python3.7/site-packages/airflow/example_dags/example_external_task_marker_dag.py
[2023-11-11T17:05:51.927+0000] {logging_mixin.py:120} INFO - [2023-11-11T17:05:51.926+0000] {dag.py:2585} INFO - Sync 2 DAGs
[2023-11-11T17:05:52.003+0000] {logging_mixin.py:120} INFO - [2023-11-11T17:05:52.002+0000] {dag.py:3340} INFO - Setting next_dagrun for example_external_task_marker_child to None, run_after=None
[2023-11-11T17:05:52.016+0000] {logging_mixin.py:120} INFO - [2023-11-11T17:05:52.016+0000] {dag.py:3340} INFO - Setting next_dagrun for example_external_task_marker_parent to None, run_after=None
[2023-11-11T17:05:52.094+0000] {processor.py:176} INFO - Processing /home/airflow/.local/lib/python3.7/site-packages/airflow/example_dags/example_external_task_marker_dag.py took 0.702 seconds
[2023-11-11T17:06:22.250+0000] {processor.py:154} INFO - Started process (PID=559) to work on /home/airflow/.local/lib/python3.7/site-packages/airflow/example_dags/example_external_task_marker_dag.py
[2023-11-11T17:06:22.252+0000] {processor.py:756} INFO - Processing file /home/airflow/.local/lib/python3.7/site-packages/airflow/example_dags/example_external_task_marker_dag.py for tasks to queue
[2023-11-11T17:06:22.253+0000] {logging_mixin.py:120} INFO - [2023-11-11T17:06:22.253+0000] {dagbag.py:537} INFO - Filling up the DagBag from /home/airflow/.local/lib/python3.7/site-packages/airflow/example_dags/example_external_task_marker_dag.py
[2023-11-11T17:06:22.274+0000] {processor.py:766} INFO - DAG(s) dict_keys(['example_external_task_marker_child', 'example_external_task_marker_parent']) retrieved from /home/airflow/.local/lib/python3.7/site-packages/airflow/example_dags/example_external_task_marker_dag.py
[2023-11-11T17:06:22.603+0000] {logging_mixin.py:120} INFO - [2023-11-11T17:06:22.602+0000] {dag.py:2585} INFO - Sync 2 DAGs
[2023-11-11T17:06:22.643+0000] {logging_mixin.py:120} INFO - [2023-11-11T17:06:22.643+0000] {dag.py:3340} INFO - Setting next_dagrun for example_external_task_marker_child to None, run_after=None
[2023-11-11T17:06:22.648+0000] {logging_mixin.py:120} INFO - [2023-11-11T17:06:22.648+0000] {dag.py:3340} INFO - Setting next_dagrun for example_external_task_marker_parent to None, run_after=None
[2023-11-11T17:06:22.673+0000] {processor.py:176} INFO - Processing /home/airflow/.local/lib/python3.7/site-packages/airflow/example_dags/example_external_task_marker_dag.py took 0.427 seconds
[2023-11-11T17:06:53.379+0000] {processor.py:154} INFO - Started process (PID=613) to work on /home/airflow/.local/lib/python3.7/site-packages/airflow/example_dags/example_external_task_marker_dag.py
[2023-11-11T17:06:53.382+0000] {processor.py:756} INFO - Processing file /home/airflow/.local/lib/python3.7/site-packages/airflow/example_dags/example_external_task_marker_dag.py for tasks to queue
[2023-11-11T17:06:53.382+0000] {logging_mixin.py:120} INFO - [2023-11-11T17:06:53.382+0000] {dagbag.py:537} INFO - Filling up the DagBag from /home/airflow/.local/lib/python3.7/site-packages/airflow/example_dags/example_external_task_marker_dag.py
[2023-11-11T17:06:53.402+0000] {processor.py:766} INFO - DAG(s) dict_keys(['example_external_task_marker_child', 'example_external_task_marker_parent']) retrieved from /home/airflow/.local/lib/python3.7/site-packages/airflow/example_dags/example_external_task_marker_dag.py
[2023-11-11T17:06:53.715+0000] {logging_mixin.py:120} INFO - [2023-11-11T17:06:53.715+0000] {dag.py:2585} INFO - Sync 2 DAGs
[2023-11-11T17:06:53.749+0000] {logging_mixin.py:120} INFO - [2023-11-11T17:06:53.749+0000] {dag.py:3340} INFO - Setting next_dagrun for example_external_task_marker_child to None, run_after=None
[2023-11-11T17:06:53.753+0000] {logging_mixin.py:120} INFO - [2023-11-11T17:06:53.753+0000] {dag.py:3340} INFO - Setting next_dagrun for example_external_task_marker_parent to None, run_after=None
[2023-11-11T17:06:53.780+0000] {processor.py:176} INFO - Processing /home/airflow/.local/lib/python3.7/site-packages/airflow/example_dags/example_external_task_marker_dag.py took 0.405 seconds
[2023-11-11T17:30:03.949+0000] {processor.py:154} INFO - Started process (PID=114) to work on /home/airflow/.local/lib/python3.7/site-packages/airflow/example_dags/example_external_task_marker_dag.py
[2023-11-11T17:30:03.997+0000] {processor.py:756} INFO - Processing file /home/airflow/.local/lib/python3.7/site-packages/airflow/example_dags/example_external_task_marker_dag.py for tasks to queue
[2023-11-11T17:30:03.998+0000] {logging_mixin.py:120} INFO - [2023-11-11T17:30:03.998+0000] {dagbag.py:537} INFO - Filling up the DagBag from /home/airflow/.local/lib/python3.7/site-packages/airflow/example_dags/example_external_task_marker_dag.py
[2023-11-11T17:30:04.182+0000] {processor.py:766} INFO - DAG(s) dict_keys(['example_external_task_marker_child', 'example_external_task_marker_parent']) retrieved from /home/airflow/.local/lib/python3.7/site-packages/airflow/example_dags/example_external_task_marker_dag.py
[2023-11-11T17:30:06.206+0000] {logging_mixin.py:120} INFO - [2023-11-11T17:30:06.206+0000] {manager.py:507} INFO - Created Permission View: can read on DAG:example_external_task_marker_child
[2023-11-11T17:30:06.261+0000] {logging_mixin.py:120} INFO - [2023-11-11T17:30:06.261+0000] {manager.py:507} INFO - Created Permission View: can delete on DAG:example_external_task_marker_child
[2023-11-11T17:30:06.300+0000] {logging_mixin.py:120} INFO - [2023-11-11T17:30:06.299+0000] {manager.py:507} INFO - Created Permission View: can edit on DAG:example_external_task_marker_child
[2023-11-11T17:30:06.389+0000] {logging_mixin.py:120} INFO - [2023-11-11T17:30:06.388+0000] {manager.py:507} INFO - Created Permission View: can read on DAG:example_external_task_marker_parent
[2023-11-11T17:30:06.431+0000] {logging_mixin.py:120} INFO - [2023-11-11T17:30:06.430+0000] {manager.py:507} INFO - Created Permission View: can delete on DAG:example_external_task_marker_parent
[2023-11-11T17:30:06.477+0000] {logging_mixin.py:120} INFO - [2023-11-11T17:30:06.475+0000] {manager.py:507} INFO - Created Permission View: can edit on DAG:example_external_task_marker_parent
[2023-11-11T17:30:06.480+0000] {logging_mixin.py:120} INFO - [2023-11-11T17:30:06.479+0000] {dag.py:2585} INFO - Sync 2 DAGs
[2023-11-11T17:30:06.595+0000] {logging_mixin.py:120} INFO - [2023-11-11T17:30:06.595+0000] {dag.py:2606} INFO - Creating ORM DAG for example_external_task_marker_parent
[2023-11-11T17:30:06.596+0000] {logging_mixin.py:120} INFO - [2023-11-11T17:30:06.596+0000] {dag.py:2606} INFO - Creating ORM DAG for example_external_task_marker_child
[2023-11-11T17:30:06.715+0000] {logging_mixin.py:120} INFO - [2023-11-11T17:30:06.714+0000] {dag.py:3340} INFO - Setting next_dagrun for example_external_task_marker_child to None, run_after=None
[2023-11-11T17:30:06.717+0000] {logging_mixin.py:120} INFO - [2023-11-11T17:30:06.717+0000] {dag.py:3340} INFO - Setting next_dagrun for example_external_task_marker_parent to None, run_after=None
[2023-11-11T17:30:06.839+0000] {processor.py:176} INFO - Processing /home/airflow/.local/lib/python3.7/site-packages/airflow/example_dags/example_external_task_marker_dag.py took 2.908 seconds
[2023-11-11T17:30:37.045+0000] {processor.py:154} INFO - Started process (PID=168) to work on /home/airflow/.local/lib/python3.7/site-packages/airflow/example_dags/example_external_task_marker_dag.py
[2023-11-11T17:30:37.058+0000] {processor.py:756} INFO - Processing file /home/airflow/.local/lib/python3.7/site-packages/airflow/example_dags/example_external_task_marker_dag.py for tasks to queue
[2023-11-11T17:30:37.061+0000] {logging_mixin.py:120} INFO - [2023-11-11T17:30:37.060+0000] {dagbag.py:537} INFO - Filling up the DagBag from /home/airflow/.local/lib/python3.7/site-packages/airflow/example_dags/example_external_task_marker_dag.py
[2023-11-11T17:30:37.156+0000] {processor.py:766} INFO - DAG(s) dict_keys(['example_external_task_marker_child', 'example_external_task_marker_parent']) retrieved from /home/airflow/.local/lib/python3.7/site-packages/airflow/example_dags/example_external_task_marker_dag.py
[2023-11-11T17:30:38.068+0000] {logging_mixin.py:120} INFO - [2023-11-11T17:30:38.067+0000] {dag.py:2585} INFO - Sync 2 DAGs
[2023-11-11T17:30:38.345+0000] {logging_mixin.py:120} INFO - [2023-11-11T17:30:38.344+0000] {dag.py:3340} INFO - Setting next_dagrun for example_external_task_marker_child to None, run_after=None
[2023-11-11T17:30:38.392+0000] {logging_mixin.py:120} INFO - [2023-11-11T17:30:38.391+0000] {dag.py:3340} INFO - Setting next_dagrun for example_external_task_marker_parent to None, run_after=None
[2023-11-11T17:30:38.788+0000] {processor.py:176} INFO - Processing /home/airflow/.local/lib/python3.7/site-packages/airflow/example_dags/example_external_task_marker_dag.py took 1.757 seconds
[2023-11-11T17:31:09.825+0000] {processor.py:154} INFO - Started process (PID=223) to work on /home/airflow/.local/lib/python3.7/site-packages/airflow/example_dags/example_external_task_marker_dag.py
[2023-11-11T17:31:09.830+0000] {processor.py:756} INFO - Processing file /home/airflow/.local/lib/python3.7/site-packages/airflow/example_dags/example_external_task_marker_dag.py for tasks to queue
[2023-11-11T17:31:09.834+0000] {logging_mixin.py:120} INFO - [2023-11-11T17:31:09.832+0000] {dagbag.py:537} INFO - Filling up the DagBag from /home/airflow/.local/lib/python3.7/site-packages/airflow/example_dags/example_external_task_marker_dag.py
[2023-11-11T17:31:09.924+0000] {processor.py:766} INFO - DAG(s) dict_keys(['example_external_task_marker_child', 'example_external_task_marker_parent']) retrieved from /home/airflow/.local/lib/python3.7/site-packages/airflow/example_dags/example_external_task_marker_dag.py
[2023-11-11T17:31:11.189+0000] {logging_mixin.py:120} INFO - [2023-11-11T17:31:11.188+0000] {dag.py:2585} INFO - Sync 2 DAGs
[2023-11-11T17:31:11.335+0000] {logging_mixin.py:120} INFO - [2023-11-11T17:31:11.335+0000] {dag.py:3340} INFO - Setting next_dagrun for example_external_task_marker_child to None, run_after=None
[2023-11-11T17:31:11.354+0000] {logging_mixin.py:120} INFO - [2023-11-11T17:31:11.354+0000] {dag.py:3340} INFO - Setting next_dagrun for example_external_task_marker_parent to None, run_after=None
[2023-11-11T17:31:11.454+0000] {processor.py:176} INFO - Processing /home/airflow/.local/lib/python3.7/site-packages/airflow/example_dags/example_external_task_marker_dag.py took 1.648 seconds
[2023-11-11T17:31:42.432+0000] {processor.py:154} INFO - Started process (PID=281) to work on /home/airflow/.local/lib/python3.7/site-packages/airflow/example_dags/example_external_task_marker_dag.py
[2023-11-11T17:31:42.434+0000] {processor.py:756} INFO - Processing file /home/airflow/.local/lib/python3.7/site-packages/airflow/example_dags/example_external_task_marker_dag.py for tasks to queue
[2023-11-11T17:31:42.435+0000] {logging_mixin.py:120} INFO - [2023-11-11T17:31:42.435+0000] {dagbag.py:537} INFO - Filling up the DagBag from /home/airflow/.local/lib/python3.7/site-packages/airflow/example_dags/example_external_task_marker_dag.py
[2023-11-11T17:31:42.469+0000] {processor.py:766} INFO - DAG(s) dict_keys(['example_external_task_marker_child', 'example_external_task_marker_parent']) retrieved from /home/airflow/.local/lib/python3.7/site-packages/airflow/example_dags/example_external_task_marker_dag.py
[2023-11-11T17:31:42.931+0000] {logging_mixin.py:120} INFO - [2023-11-11T17:31:42.930+0000] {dag.py:2585} INFO - Sync 2 DAGs
[2023-11-11T17:31:42.980+0000] {logging_mixin.py:120} INFO - [2023-11-11T17:31:42.979+0000] {dag.py:3340} INFO - Setting next_dagrun for example_external_task_marker_child to None, run_after=None
[2023-11-11T17:31:42.986+0000] {logging_mixin.py:120} INFO - [2023-11-11T17:31:42.985+0000] {dag.py:3340} INFO - Setting next_dagrun for example_external_task_marker_parent to None, run_after=None
[2023-11-11T17:31:43.021+0000] {processor.py:176} INFO - Processing /home/airflow/.local/lib/python3.7/site-packages/airflow/example_dags/example_external_task_marker_dag.py took 0.594 seconds
[2023-11-11T17:32:13.730+0000] {processor.py:154} INFO - Started process (PID=345) to work on /home/airflow/.local/lib/python3.7/site-packages/airflow/example_dags/example_external_task_marker_dag.py
[2023-11-11T17:32:13.731+0000] {processor.py:756} INFO - Processing file /home/airflow/.local/lib/python3.7/site-packages/airflow/example_dags/example_external_task_marker_dag.py for tasks to queue
[2023-11-11T17:32:13.732+0000] {logging_mixin.py:120} INFO - [2023-11-11T17:32:13.732+0000] {dagbag.py:537} INFO - Filling up the DagBag from /home/airflow/.local/lib/python3.7/site-packages/airflow/example_dags/example_external_task_marker_dag.py
[2023-11-11T17:32:13.774+0000] {processor.py:766} INFO - DAG(s) dict_keys(['example_external_task_marker_child', 'example_external_task_marker_parent']) retrieved from /home/airflow/.local/lib/python3.7/site-packages/airflow/example_dags/example_external_task_marker_dag.py
[2023-11-11T17:32:14.543+0000] {logging_mixin.py:120} INFO - [2023-11-11T17:32:14.543+0000] {dag.py:2585} INFO - Sync 2 DAGs
[2023-11-11T17:32:14.620+0000] {logging_mixin.py:120} INFO - [2023-11-11T17:32:14.619+0000] {dag.py:3340} INFO - Setting next_dagrun for example_external_task_marker_child to None, run_after=None
[2023-11-11T17:32:14.632+0000] {logging_mixin.py:120} INFO - [2023-11-11T17:32:14.631+0000] {dag.py:3340} INFO - Setting next_dagrun for example_external_task_marker_parent to None, run_after=None
[2023-11-11T17:32:14.683+0000] {processor.py:176} INFO - Processing /home/airflow/.local/lib/python3.7/site-packages/airflow/example_dags/example_external_task_marker_dag.py took 0.965 seconds
[2023-11-11T17:32:44.969+0000] {processor.py:154} INFO - Started process (PID=401) to work on /home/airflow/.local/lib/python3.7/site-packages/airflow/example_dags/example_external_task_marker_dag.py
[2023-11-11T17:32:44.971+0000] {processor.py:756} INFO - Processing file /home/airflow/.local/lib/python3.7/site-packages/airflow/example_dags/example_external_task_marker_dag.py for tasks to queue
[2023-11-11T17:32:44.972+0000] {logging_mixin.py:120} INFO - [2023-11-11T17:32:44.972+0000] {dagbag.py:537} INFO - Filling up the DagBag from /home/airflow/.local/lib/python3.7/site-packages/airflow/example_dags/example_external_task_marker_dag.py
[2023-11-11T17:32:45.016+0000] {processor.py:766} INFO - DAG(s) dict_keys(['example_external_task_marker_parent', 'example_external_task_marker_child']) retrieved from /home/airflow/.local/lib/python3.7/site-packages/airflow/example_dags/example_external_task_marker_dag.py
[2023-11-11T17:32:45.572+0000] {logging_mixin.py:120} INFO - [2023-11-11T17:32:45.572+0000] {dag.py:2585} INFO - Sync 2 DAGs
[2023-11-11T17:32:45.630+0000] {logging_mixin.py:120} INFO - [2023-11-11T17:32:45.630+0000] {dag.py:3340} INFO - Setting next_dagrun for example_external_task_marker_child to None, run_after=None
[2023-11-11T17:32:45.639+0000] {logging_mixin.py:120} INFO - [2023-11-11T17:32:45.639+0000] {dag.py:3340} INFO - Setting next_dagrun for example_external_task_marker_parent to None, run_after=None
[2023-11-11T17:32:45.674+0000] {processor.py:176} INFO - Processing /home/airflow/.local/lib/python3.7/site-packages/airflow/example_dags/example_external_task_marker_dag.py took 0.717 seconds
[2023-11-11T17:33:16.909+0000] {processor.py:154} INFO - Started process (PID=464) to work on /home/airflow/.local/lib/python3.7/site-packages/airflow/example_dags/example_external_task_marker_dag.py
[2023-11-11T17:33:16.911+0000] {processor.py:756} INFO - Processing file /home/airflow/.local/lib/python3.7/site-packages/airflow/example_dags/example_external_task_marker_dag.py for tasks to queue
[2023-11-11T17:33:16.912+0000] {logging_mixin.py:120} INFO - [2023-11-11T17:33:16.912+0000] {dagbag.py:537} INFO - Filling up the DagBag from /home/airflow/.local/lib/python3.7/site-packages/airflow/example_dags/example_external_task_marker_dag.py
[2023-11-11T17:33:16.951+0000] {processor.py:766} INFO - DAG(s) dict_keys(['example_external_task_marker_parent', 'example_external_task_marker_child']) retrieved from /home/airflow/.local/lib/python3.7/site-packages/airflow/example_dags/example_external_task_marker_dag.py
[2023-11-11T17:33:17.549+0000] {logging_mixin.py:120} INFO - [2023-11-11T17:33:17.549+0000] {dag.py:2585} INFO - Sync 2 DAGs
[2023-11-11T17:33:17.629+0000] {logging_mixin.py:120} INFO - [2023-11-11T17:33:17.629+0000] {dag.py:3340} INFO - Setting next_dagrun for example_external_task_marker_child to None, run_after=None
[2023-11-11T17:33:17.636+0000] {logging_mixin.py:120} INFO - [2023-11-11T17:33:17.636+0000] {dag.py:3340} INFO - Setting next_dagrun for example_external_task_marker_parent to None, run_after=None
[2023-11-11T17:33:17.678+0000] {processor.py:176} INFO - Processing /home/airflow/.local/lib/python3.7/site-packages/airflow/example_dags/example_external_task_marker_dag.py took 0.776 seconds
[2023-11-11T17:33:47.903+0000] {processor.py:154} INFO - Started process (PID=525) to work on /home/airflow/.local/lib/python3.7/site-packages/airflow/example_dags/example_external_task_marker_dag.py
[2023-11-11T17:33:47.904+0000] {processor.py:756} INFO - Processing file /home/airflow/.local/lib/python3.7/site-packages/airflow/example_dags/example_external_task_marker_dag.py for tasks to queue
[2023-11-11T17:33:47.904+0000] {logging_mixin.py:120} INFO - [2023-11-11T17:33:47.904+0000] {dagbag.py:537} INFO - Filling up the DagBag from /home/airflow/.local/lib/python3.7/site-packages/airflow/example_dags/example_external_task_marker_dag.py
[2023-11-11T17:33:47.935+0000] {processor.py:766} INFO - DAG(s) dict_keys(['example_external_task_marker_parent', 'example_external_task_marker_child']) retrieved from /home/airflow/.local/lib/python3.7/site-packages/airflow/example_dags/example_external_task_marker_dag.py
[2023-11-11T17:33:48.405+0000] {logging_mixin.py:120} INFO - [2023-11-11T17:33:48.405+0000] {dag.py:2585} INFO - Sync 2 DAGs
[2023-11-11T17:33:48.461+0000] {logging_mixin.py:120} INFO - [2023-11-11T17:33:48.461+0000] {dag.py:3340} INFO - Setting next_dagrun for example_external_task_marker_child to None, run_after=None
[2023-11-11T17:33:48.468+0000] {logging_mixin.py:120} INFO - [2023-11-11T17:33:48.468+0000] {dag.py:3340} INFO - Setting next_dagrun for example_external_task_marker_parent to None, run_after=None
[2023-11-11T17:33:48.504+0000] {processor.py:176} INFO - Processing /home/airflow/.local/lib/python3.7/site-packages/airflow/example_dags/example_external_task_marker_dag.py took 0.608 seconds
[2023-11-11T17:34:18.806+0000] {processor.py:154} INFO - Started process (PID=580) to work on /home/airflow/.local/lib/python3.7/site-packages/airflow/example_dags/example_external_task_marker_dag.py
[2023-11-11T17:34:18.807+0000] {processor.py:756} INFO - Processing file /home/airflow/.local/lib/python3.7/site-packages/airflow/example_dags/example_external_task_marker_dag.py for tasks to queue
[2023-11-11T17:34:18.808+0000] {logging_mixin.py:120} INFO - [2023-11-11T17:34:18.807+0000] {dagbag.py:537} INFO - Filling up the DagBag from /home/airflow/.local/lib/python3.7/site-packages/airflow/example_dags/example_external_task_marker_dag.py
[2023-11-11T17:34:18.826+0000] {processor.py:766} INFO - DAG(s) dict_keys(['example_external_task_marker_child', 'example_external_task_marker_parent']) retrieved from /home/airflow/.local/lib/python3.7/site-packages/airflow/example_dags/example_external_task_marker_dag.py
[2023-11-11T17:34:19.146+0000] {logging_mixin.py:120} INFO - [2023-11-11T17:34:19.145+0000] {dag.py:2585} INFO - Sync 2 DAGs
[2023-11-11T17:34:19.183+0000] {logging_mixin.py:120} INFO - [2023-11-11T17:34:19.183+0000] {dag.py:3340} INFO - Setting next_dagrun for example_external_task_marker_child to None, run_after=None
[2023-11-11T17:34:19.189+0000] {logging_mixin.py:120} INFO - [2023-11-11T17:34:19.189+0000] {dag.py:3340} INFO - Setting next_dagrun for example_external_task_marker_parent to None, run_after=None
[2023-11-11T17:34:19.219+0000] {processor.py:176} INFO - Processing /home/airflow/.local/lib/python3.7/site-packages/airflow/example_dags/example_external_task_marker_dag.py took 0.419 seconds
[2023-11-11T17:34:49.333+0000] {processor.py:154} INFO - Started process (PID=644) to work on /home/airflow/.local/lib/python3.7/site-packages/airflow/example_dags/example_external_task_marker_dag.py
[2023-11-11T17:34:49.334+0000] {processor.py:756} INFO - Processing file /home/airflow/.local/lib/python3.7/site-packages/airflow/example_dags/example_external_task_marker_dag.py for tasks to queue
[2023-11-11T17:34:49.338+0000] {logging_mixin.py:120} INFO - [2023-11-11T17:34:49.338+0000] {dagbag.py:537} INFO - Filling up the DagBag from /home/airflow/.local/lib/python3.7/site-packages/airflow/example_dags/example_external_task_marker_dag.py
[2023-11-11T17:34:49.389+0000] {processor.py:766} INFO - DAG(s) dict_keys(['example_external_task_marker_child', 'example_external_task_marker_parent']) retrieved from /home/airflow/.local/lib/python3.7/site-packages/airflow/example_dags/example_external_task_marker_dag.py
[2023-11-11T17:34:50.191+0000] {logging_mixin.py:120} INFO - [2023-11-11T17:34:50.191+0000] {dag.py:2585} INFO - Sync 2 DAGs
[2023-11-11T17:34:50.274+0000] {logging_mixin.py:120} INFO - [2023-11-11T17:34:50.274+0000] {dag.py:3340} INFO - Setting next_dagrun for example_external_task_marker_child to None, run_after=None
[2023-11-11T17:34:50.288+0000] {logging_mixin.py:120} INFO - [2023-11-11T17:34:50.288+0000] {dag.py:3340} INFO - Setting next_dagrun for example_external_task_marker_parent to None, run_after=None
[2023-11-11T17:34:50.346+0000] {processor.py:176} INFO - Processing /home/airflow/.local/lib/python3.7/site-packages/airflow/example_dags/example_external_task_marker_dag.py took 1.019 seconds
[2023-11-11T17:35:20.633+0000] {processor.py:154} INFO - Started process (PID=699) to work on /home/airflow/.local/lib/python3.7/site-packages/airflow/example_dags/example_external_task_marker_dag.py
[2023-11-11T17:35:20.634+0000] {processor.py:756} INFO - Processing file /home/airflow/.local/lib/python3.7/site-packages/airflow/example_dags/example_external_task_marker_dag.py for tasks to queue
[2023-11-11T17:35:20.635+0000] {logging_mixin.py:120} INFO - [2023-11-11T17:35:20.635+0000] {dagbag.py:537} INFO - Filling up the DagBag from /home/airflow/.local/lib/python3.7/site-packages/airflow/example_dags/example_external_task_marker_dag.py
[2023-11-11T17:35:20.668+0000] {processor.py:766} INFO - DAG(s) dict_keys(['example_external_task_marker_parent', 'example_external_task_marker_child']) retrieved from /home/airflow/.local/lib/python3.7/site-packages/airflow/example_dags/example_external_task_marker_dag.py
[2023-11-11T17:35:21.241+0000] {logging_mixin.py:120} INFO - [2023-11-11T17:35:21.240+0000] {dag.py:2585} INFO - Sync 2 DAGs
[2023-11-11T17:35:21.316+0000] {logging_mixin.py:120} INFO - [2023-11-11T17:35:21.315+0000] {dag.py:3340} INFO - Setting next_dagrun for example_external_task_marker_child to None, run_after=None
[2023-11-11T17:35:21.327+0000] {logging_mixin.py:120} INFO - [2023-11-11T17:35:21.322+0000] {dag.py:3340} INFO - Setting next_dagrun for example_external_task_marker_parent to None, run_after=None
[2023-11-11T17:35:21.376+0000] {processor.py:176} INFO - Processing /home/airflow/.local/lib/python3.7/site-packages/airflow/example_dags/example_external_task_marker_dag.py took 0.749 seconds
[2023-11-11T17:35:52.248+0000] {processor.py:154} INFO - Started process (PID=765) to work on /home/airflow/.local/lib/python3.7/site-packages/airflow/example_dags/example_external_task_marker_dag.py
[2023-11-11T17:35:52.250+0000] {processor.py:756} INFO - Processing file /home/airflow/.local/lib/python3.7/site-packages/airflow/example_dags/example_external_task_marker_dag.py for tasks to queue
[2023-11-11T17:35:52.251+0000] {logging_mixin.py:120} INFO - [2023-11-11T17:35:52.251+0000] {dagbag.py:537} INFO - Filling up the DagBag from /home/airflow/.local/lib/python3.7/site-packages/airflow/example_dags/example_external_task_marker_dag.py
[2023-11-11T17:35:52.274+0000] {processor.py:766} INFO - DAG(s) dict_keys(['example_external_task_marker_child', 'example_external_task_marker_parent']) retrieved from /home/airflow/.local/lib/python3.7/site-packages/airflow/example_dags/example_external_task_marker_dag.py
[2023-11-11T17:35:52.663+0000] {logging_mixin.py:120} INFO - [2023-11-11T17:35:52.663+0000] {dag.py:2585} INFO - Sync 2 DAGs
[2023-11-11T17:35:52.709+0000] {logging_mixin.py:120} INFO - [2023-11-11T17:35:52.709+0000] {dag.py:3340} INFO - Setting next_dagrun for example_external_task_marker_child to None, run_after=None
[2023-11-11T17:35:52.715+0000] {logging_mixin.py:120} INFO - [2023-11-11T17:35:52.714+0000] {dag.py:3340} INFO - Setting next_dagrun for example_external_task_marker_parent to None, run_after=None
[2023-11-11T17:35:52.747+0000] {processor.py:176} INFO - Processing /home/airflow/.local/lib/python3.7/site-packages/airflow/example_dags/example_external_task_marker_dag.py took 0.510 seconds
[2023-11-11T17:36:22.827+0000] {processor.py:154} INFO - Started process (PID=819) to work on /home/airflow/.local/lib/python3.7/site-packages/airflow/example_dags/example_external_task_marker_dag.py
[2023-11-11T17:36:22.828+0000] {processor.py:756} INFO - Processing file /home/airflow/.local/lib/python3.7/site-packages/airflow/example_dags/example_external_task_marker_dag.py for tasks to queue
[2023-11-11T17:36:22.828+0000] {logging_mixin.py:120} INFO - [2023-11-11T17:36:22.828+0000] {dagbag.py:537} INFO - Filling up the DagBag from /home/airflow/.local/lib/python3.7/site-packages/airflow/example_dags/example_external_task_marker_dag.py
[2023-11-11T17:36:22.859+0000] {processor.py:766} INFO - DAG(s) dict_keys(['example_external_task_marker_child', 'example_external_task_marker_parent']) retrieved from /home/airflow/.local/lib/python3.7/site-packages/airflow/example_dags/example_external_task_marker_dag.py
[2023-11-11T17:36:23.217+0000] {logging_mixin.py:120} INFO - [2023-11-11T17:36:23.217+0000] {dag.py:2585} INFO - Sync 2 DAGs
[2023-11-11T17:36:23.254+0000] {logging_mixin.py:120} INFO - [2023-11-11T17:36:23.253+0000] {dag.py:3340} INFO - Setting next_dagrun for example_external_task_marker_child to None, run_after=None
[2023-11-11T17:36:23.258+0000] {logging_mixin.py:120} INFO - [2023-11-11T17:36:23.258+0000] {dag.py:3340} INFO - Setting next_dagrun for example_external_task_marker_parent to None, run_after=None
[2023-11-11T17:36:23.286+0000] {processor.py:176} INFO - Processing /home/airflow/.local/lib/python3.7/site-packages/airflow/example_dags/example_external_task_marker_dag.py took 0.465 seconds
[2023-11-11T17:36:53.497+0000] {processor.py:154} INFO - Started process (PID=882) to work on /home/airflow/.local/lib/python3.7/site-packages/airflow/example_dags/example_external_task_marker_dag.py
[2023-11-11T17:36:53.501+0000] {processor.py:756} INFO - Processing file /home/airflow/.local/lib/python3.7/site-packages/airflow/example_dags/example_external_task_marker_dag.py for tasks to queue
[2023-11-11T17:36:53.502+0000] {logging_mixin.py:120} INFO - [2023-11-11T17:36:53.502+0000] {dagbag.py:537} INFO - Filling up the DagBag from /home/airflow/.local/lib/python3.7/site-packages/airflow/example_dags/example_external_task_marker_dag.py
[2023-11-11T17:36:53.529+0000] {processor.py:766} INFO - DAG(s) dict_keys(['example_external_task_marker_parent', 'example_external_task_marker_child']) retrieved from /home/airflow/.local/lib/python3.7/site-packages/airflow/example_dags/example_external_task_marker_dag.py
[2023-11-11T17:36:53.927+0000] {logging_mixin.py:120} INFO - [2023-11-11T17:36:53.927+0000] {dag.py:2585} INFO - Sync 2 DAGs
[2023-11-11T17:36:53.968+0000] {logging_mixin.py:120} INFO - [2023-11-11T17:36:53.968+0000] {dag.py:3340} INFO - Setting next_dagrun for example_external_task_marker_child to None, run_after=None
[2023-11-11T17:36:53.972+0000] {logging_mixin.py:120} INFO - [2023-11-11T17:36:53.972+0000] {dag.py:3340} INFO - Setting next_dagrun for example_external_task_marker_parent to None, run_after=None
[2023-11-11T17:36:54.002+0000] {processor.py:176} INFO - Processing /home/airflow/.local/lib/python3.7/site-packages/airflow/example_dags/example_external_task_marker_dag.py took 0.510 seconds
[2023-11-11T17:37:24.133+0000] {processor.py:154} INFO - Started process (PID=936) to work on /home/airflow/.local/lib/python3.7/site-packages/airflow/example_dags/example_external_task_marker_dag.py
[2023-11-11T17:37:24.135+0000] {processor.py:756} INFO - Processing file /home/airflow/.local/lib/python3.7/site-packages/airflow/example_dags/example_external_task_marker_dag.py for tasks to queue
[2023-11-11T17:37:24.136+0000] {logging_mixin.py:120} INFO - [2023-11-11T17:37:24.136+0000] {dagbag.py:537} INFO - Filling up the DagBag from /home/airflow/.local/lib/python3.7/site-packages/airflow/example_dags/example_external_task_marker_dag.py
[2023-11-11T17:37:24.175+0000] {processor.py:766} INFO - DAG(s) dict_keys(['example_external_task_marker_parent', 'example_external_task_marker_child']) retrieved from /home/airflow/.local/lib/python3.7/site-packages/airflow/example_dags/example_external_task_marker_dag.py
[2023-11-11T17:37:24.650+0000] {logging_mixin.py:120} INFO - [2023-11-11T17:37:24.650+0000] {dag.py:2585} INFO - Sync 2 DAGs
[2023-11-11T17:37:24.701+0000] {logging_mixin.py:120} INFO - [2023-11-11T17:37:24.701+0000] {dag.py:3340} INFO - Setting next_dagrun for example_external_task_marker_child to None, run_after=None
[2023-11-11T17:37:24.709+0000] {logging_mixin.py:120} INFO - [2023-11-11T17:37:24.708+0000] {dag.py:3340} INFO - Setting next_dagrun for example_external_task_marker_parent to None, run_after=None
[2023-11-11T17:37:24.745+0000] {processor.py:176} INFO - Processing /home/airflow/.local/lib/python3.7/site-packages/airflow/example_dags/example_external_task_marker_dag.py took 0.619 seconds
[2023-11-11T17:37:55.501+0000] {processor.py:154} INFO - Started process (PID=1001) to work on /home/airflow/.local/lib/python3.7/site-packages/airflow/example_dags/example_external_task_marker_dag.py
[2023-11-11T17:37:55.502+0000] {processor.py:756} INFO - Processing file /home/airflow/.local/lib/python3.7/site-packages/airflow/example_dags/example_external_task_marker_dag.py for tasks to queue
[2023-11-11T17:37:55.503+0000] {logging_mixin.py:120} INFO - [2023-11-11T17:37:55.502+0000] {dagbag.py:537} INFO - Filling up the DagBag from /home/airflow/.local/lib/python3.7/site-packages/airflow/example_dags/example_external_task_marker_dag.py
[2023-11-11T17:37:55.526+0000] {processor.py:766} INFO - DAG(s) dict_keys(['example_external_task_marker_parent', 'example_external_task_marker_child']) retrieved from /home/airflow/.local/lib/python3.7/site-packages/airflow/example_dags/example_external_task_marker_dag.py
[2023-11-11T17:37:55.938+0000] {logging_mixin.py:120} INFO - [2023-11-11T17:37:55.937+0000] {dag.py:2585} INFO - Sync 2 DAGs
[2023-11-11T17:37:56.005+0000] {logging_mixin.py:120} INFO - [2023-11-11T17:37:56.004+0000] {dag.py:3340} INFO - Setting next_dagrun for example_external_task_marker_child to None, run_after=None
[2023-11-11T17:37:56.014+0000] {logging_mixin.py:120} INFO - [2023-11-11T17:37:56.014+0000] {dag.py:3340} INFO - Setting next_dagrun for example_external_task_marker_parent to None, run_after=None
[2023-11-11T17:37:56.056+0000] {processor.py:176} INFO - Processing /home/airflow/.local/lib/python3.7/site-packages/airflow/example_dags/example_external_task_marker_dag.py took 0.560 seconds
[2023-11-11T17:38:26.799+0000] {processor.py:154} INFO - Started process (PID=1055) to work on /home/airflow/.local/lib/python3.7/site-packages/airflow/example_dags/example_external_task_marker_dag.py
[2023-11-11T17:38:26.800+0000] {processor.py:756} INFO - Processing file /home/airflow/.local/lib/python3.7/site-packages/airflow/example_dags/example_external_task_marker_dag.py for tasks to queue
[2023-11-11T17:38:26.801+0000] {logging_mixin.py:120} INFO - [2023-11-11T17:38:26.801+0000] {dagbag.py:537} INFO - Filling up the DagBag from /home/airflow/.local/lib/python3.7/site-packages/airflow/example_dags/example_external_task_marker_dag.py
[2023-11-11T17:38:26.833+0000] {processor.py:766} INFO - DAG(s) dict_keys(['example_external_task_marker_child', 'example_external_task_marker_parent']) retrieved from /home/airflow/.local/lib/python3.7/site-packages/airflow/example_dags/example_external_task_marker_dag.py
[2023-11-11T17:38:27.393+0000] {logging_mixin.py:120} INFO - [2023-11-11T17:38:27.393+0000] {dag.py:2585} INFO - Sync 2 DAGs
[2023-11-11T17:38:27.458+0000] {logging_mixin.py:120} INFO - [2023-11-11T17:38:27.457+0000] {dag.py:3340} INFO - Setting next_dagrun for example_external_task_marker_child to None, run_after=None
[2023-11-11T17:38:27.471+0000] {logging_mixin.py:120} INFO - [2023-11-11T17:38:27.471+0000] {dag.py:3340} INFO - Setting next_dagrun for example_external_task_marker_parent to None, run_after=None
[2023-11-11T17:38:27.514+0000] {processor.py:176} INFO - Processing /home/airflow/.local/lib/python3.7/site-packages/airflow/example_dags/example_external_task_marker_dag.py took 0.730 seconds
[2023-11-11T17:38:58.345+0000] {processor.py:154} INFO - Started process (PID=1118) to work on /home/airflow/.local/lib/python3.7/site-packages/airflow/example_dags/example_external_task_marker_dag.py
[2023-11-11T17:38:58.347+0000] {processor.py:756} INFO - Processing file /home/airflow/.local/lib/python3.7/site-packages/airflow/example_dags/example_external_task_marker_dag.py for tasks to queue
[2023-11-11T17:38:58.348+0000] {logging_mixin.py:120} INFO - [2023-11-11T17:38:58.347+0000] {dagbag.py:537} INFO - Filling up the DagBag from /home/airflow/.local/lib/python3.7/site-packages/airflow/example_dags/example_external_task_marker_dag.py
[2023-11-11T17:38:58.367+0000] {processor.py:766} INFO - DAG(s) dict_keys(['example_external_task_marker_parent', 'example_external_task_marker_child']) retrieved from /home/airflow/.local/lib/python3.7/site-packages/airflow/example_dags/example_external_task_marker_dag.py
[2023-11-11T17:38:58.709+0000] {logging_mixin.py:120} INFO - [2023-11-11T17:38:58.709+0000] {dag.py:2585} INFO - Sync 2 DAGs
[2023-11-11T17:38:58.743+0000] {logging_mixin.py:120} INFO - [2023-11-11T17:38:58.743+0000] {dag.py:3340} INFO - Setting next_dagrun for example_external_task_marker_child to None, run_after=None
[2023-11-11T17:38:58.747+0000] {logging_mixin.py:120} INFO - [2023-11-11T17:38:58.747+0000] {dag.py:3340} INFO - Setting next_dagrun for example_external_task_marker_parent to None, run_after=None
[2023-11-11T17:38:58.771+0000] {processor.py:176} INFO - Processing /home/airflow/.local/lib/python3.7/site-packages/airflow/example_dags/example_external_task_marker_dag.py took 0.431 seconds
[2023-11-11T17:39:29.694+0000] {processor.py:154} INFO - Started process (PID=1174) to work on /home/airflow/.local/lib/python3.7/site-packages/airflow/example_dags/example_external_task_marker_dag.py
[2023-11-11T17:39:29.697+0000] {processor.py:756} INFO - Processing file /home/airflow/.local/lib/python3.7/site-packages/airflow/example_dags/example_external_task_marker_dag.py for tasks to queue
[2023-11-11T17:39:29.699+0000] {logging_mixin.py:120} INFO - [2023-11-11T17:39:29.698+0000] {dagbag.py:537} INFO - Filling up the DagBag from /home/airflow/.local/lib/python3.7/site-packages/airflow/example_dags/example_external_task_marker_dag.py
[2023-11-11T17:39:29.732+0000] {processor.py:766} INFO - DAG(s) dict_keys(['example_external_task_marker_child', 'example_external_task_marker_parent']) retrieved from /home/airflow/.local/lib/python3.7/site-packages/airflow/example_dags/example_external_task_marker_dag.py
[2023-11-11T17:39:30.328+0000] {logging_mixin.py:120} INFO - [2023-11-11T17:39:30.328+0000] {dag.py:2585} INFO - Sync 2 DAGs
[2023-11-11T17:39:30.405+0000] {logging_mixin.py:120} INFO - [2023-11-11T17:39:30.405+0000] {dag.py:3340} INFO - Setting next_dagrun for example_external_task_marker_child to None, run_after=None
[2023-11-11T17:39:30.413+0000] {logging_mixin.py:120} INFO - [2023-11-11T17:39:30.412+0000] {dag.py:3340} INFO - Setting next_dagrun for example_external_task_marker_parent to None, run_after=None
[2023-11-11T17:39:30.455+0000] {processor.py:176} INFO - Processing /home/airflow/.local/lib/python3.7/site-packages/airflow/example_dags/example_external_task_marker_dag.py took 0.775 seconds
