[2023-11-11T17:02:10.021+0000] {processor.py:154} INFO - Started process (PID=83) to work on /home/airflow/.local/lib/python3.7/site-packages/airflow/example_dags/example_branch_python_dop_operator_3.py
[2023-11-11T17:02:10.024+0000] {processor.py:756} INFO - Processing file /home/airflow/.local/lib/python3.7/site-packages/airflow/example_dags/example_branch_python_dop_operator_3.py for tasks to queue
[2023-11-11T17:02:10.026+0000] {logging_mixin.py:120} INFO - [2023-11-11T17:02:10.025+0000] {dagbag.py:537} INFO - Filling up the DagBag from /home/airflow/.local/lib/python3.7/site-packages/airflow/example_dags/example_branch_python_dop_operator_3.py
[2023-11-11T17:02:10.111+0000] {processor.py:766} INFO - DAG(s) dict_keys(['example_branch_dop_operator_v3']) retrieved from /home/airflow/.local/lib/python3.7/site-packages/airflow/example_dags/example_branch_python_dop_operator_3.py
[2023-11-11T17:02:10.246+0000] {logging_mixin.py:120} INFO - [2023-11-11T17:02:10.244+0000] {dag.py:2585} INFO - Sync 1 DAGs
[2023-11-11T17:02:10.390+0000] {logging_mixin.py:120} INFO - [2023-11-11T17:02:10.390+0000] {dag.py:3340} INFO - Setting next_dagrun for example_branch_dop_operator_v3 to 2023-11-11T17:01:00+00:00, run_after=2023-11-11T17:02:00+00:00
[2023-11-11T17:02:10.492+0000] {processor.py:176} INFO - Processing /home/airflow/.local/lib/python3.7/site-packages/airflow/example_dags/example_branch_python_dop_operator_3.py took 0.479 seconds
[2023-11-11T17:02:40.598+0000] {processor.py:154} INFO - Started process (PID=137) to work on /home/airflow/.local/lib/python3.7/site-packages/airflow/example_dags/example_branch_python_dop_operator_3.py
[2023-11-11T17:02:40.599+0000] {processor.py:756} INFO - Processing file /home/airflow/.local/lib/python3.7/site-packages/airflow/example_dags/example_branch_python_dop_operator_3.py for tasks to queue
[2023-11-11T17:02:40.600+0000] {logging_mixin.py:120} INFO - [2023-11-11T17:02:40.600+0000] {dagbag.py:537} INFO - Filling up the DagBag from /home/airflow/.local/lib/python3.7/site-packages/airflow/example_dags/example_branch_python_dop_operator_3.py
[2023-11-11T17:02:40.632+0000] {processor.py:766} INFO - DAG(s) dict_keys(['example_branch_dop_operator_v3']) retrieved from /home/airflow/.local/lib/python3.7/site-packages/airflow/example_dags/example_branch_python_dop_operator_3.py
[2023-11-11T17:02:40.707+0000] {logging_mixin.py:120} INFO - [2023-11-11T17:02:40.707+0000] {dag.py:2585} INFO - Sync 1 DAGs
[2023-11-11T17:02:40.787+0000] {logging_mixin.py:120} INFO - [2023-11-11T17:02:40.787+0000] {dag.py:3340} INFO - Setting next_dagrun for example_branch_dop_operator_v3 to 2023-11-11T17:01:00+00:00, run_after=2023-11-11T17:02:00+00:00
[2023-11-11T17:02:40.836+0000] {processor.py:176} INFO - Processing /home/airflow/.local/lib/python3.7/site-packages/airflow/example_dags/example_branch_python_dop_operator_3.py took 0.241 seconds
[2023-11-11T17:03:13.578+0000] {processor.py:154} INFO - Started process (PID=192) to work on /home/airflow/.local/lib/python3.7/site-packages/airflow/example_dags/example_branch_python_dop_operator_3.py
[2023-11-11T17:03:13.579+0000] {processor.py:756} INFO - Processing file /home/airflow/.local/lib/python3.7/site-packages/airflow/example_dags/example_branch_python_dop_operator_3.py for tasks to queue
[2023-11-11T17:03:13.581+0000] {logging_mixin.py:120} INFO - [2023-11-11T17:03:13.580+0000] {dagbag.py:537} INFO - Filling up the DagBag from /home/airflow/.local/lib/python3.7/site-packages/airflow/example_dags/example_branch_python_dop_operator_3.py
[2023-11-11T17:03:13.669+0000] {processor.py:766} INFO - DAG(s) dict_keys(['example_branch_dop_operator_v3']) retrieved from /home/airflow/.local/lib/python3.7/site-packages/airflow/example_dags/example_branch_python_dop_operator_3.py
[2023-11-11T17:03:13.844+0000] {logging_mixin.py:120} INFO - [2023-11-11T17:03:13.844+0000] {dag.py:2585} INFO - Sync 1 DAGs
[2023-11-11T17:03:13.904+0000] {logging_mixin.py:120} INFO - [2023-11-11T17:03:13.904+0000] {dag.py:3340} INFO - Setting next_dagrun for example_branch_dop_operator_v3 to 2023-11-11T17:02:00+00:00, run_after=2023-11-11T17:03:00+00:00
[2023-11-11T17:03:13.982+0000] {processor.py:176} INFO - Processing /home/airflow/.local/lib/python3.7/site-packages/airflow/example_dags/example_branch_python_dop_operator_3.py took 0.412 seconds
[2023-11-11T17:03:44.672+0000] {processor.py:154} INFO - Started process (PID=256) to work on /home/airflow/.local/lib/python3.7/site-packages/airflow/example_dags/example_branch_python_dop_operator_3.py
[2023-11-11T17:03:44.676+0000] {processor.py:756} INFO - Processing file /home/airflow/.local/lib/python3.7/site-packages/airflow/example_dags/example_branch_python_dop_operator_3.py for tasks to queue
[2023-11-11T17:03:44.677+0000] {logging_mixin.py:120} INFO - [2023-11-11T17:03:44.677+0000] {dagbag.py:537} INFO - Filling up the DagBag from /home/airflow/.local/lib/python3.7/site-packages/airflow/example_dags/example_branch_python_dop_operator_3.py
[2023-11-11T17:03:44.734+0000] {processor.py:766} INFO - DAG(s) dict_keys(['example_branch_dop_operator_v3']) retrieved from /home/airflow/.local/lib/python3.7/site-packages/airflow/example_dags/example_branch_python_dop_operator_3.py
[2023-11-11T17:03:44.816+0000] {logging_mixin.py:120} INFO - [2023-11-11T17:03:44.815+0000] {dag.py:2585} INFO - Sync 1 DAGs
[2023-11-11T17:03:44.913+0000] {logging_mixin.py:120} INFO - [2023-11-11T17:03:44.913+0000] {dag.py:3340} INFO - Setting next_dagrun for example_branch_dop_operator_v3 to 2023-11-11T17:02:00+00:00, run_after=2023-11-11T17:03:00+00:00
[2023-11-11T17:03:44.957+0000] {processor.py:176} INFO - Processing /home/airflow/.local/lib/python3.7/site-packages/airflow/example_dags/example_branch_python_dop_operator_3.py took 0.291 seconds
[2023-11-11T17:04:15.779+0000] {processor.py:154} INFO - Started process (PID=310) to work on /home/airflow/.local/lib/python3.7/site-packages/airflow/example_dags/example_branch_python_dop_operator_3.py
[2023-11-11T17:04:15.781+0000] {processor.py:756} INFO - Processing file /home/airflow/.local/lib/python3.7/site-packages/airflow/example_dags/example_branch_python_dop_operator_3.py for tasks to queue
[2023-11-11T17:04:15.782+0000] {logging_mixin.py:120} INFO - [2023-11-11T17:04:15.782+0000] {dagbag.py:537} INFO - Filling up the DagBag from /home/airflow/.local/lib/python3.7/site-packages/airflow/example_dags/example_branch_python_dop_operator_3.py
[2023-11-11T17:04:15.810+0000] {processor.py:766} INFO - DAG(s) dict_keys(['example_branch_dop_operator_v3']) retrieved from /home/airflow/.local/lib/python3.7/site-packages/airflow/example_dags/example_branch_python_dop_operator_3.py
[2023-11-11T17:04:15.858+0000] {logging_mixin.py:120} INFO - [2023-11-11T17:04:15.857+0000] {dag.py:2585} INFO - Sync 1 DAGs
[2023-11-11T17:04:15.898+0000] {logging_mixin.py:120} INFO - [2023-11-11T17:04:15.897+0000] {dag.py:3340} INFO - Setting next_dagrun for example_branch_dop_operator_v3 to 2023-11-11T17:03:00+00:00, run_after=2023-11-11T17:04:00+00:00
[2023-11-11T17:04:15.922+0000] {processor.py:176} INFO - Processing /home/airflow/.local/lib/python3.7/site-packages/airflow/example_dags/example_branch_python_dop_operator_3.py took 0.146 seconds
[2023-11-11T17:04:46.626+0000] {processor.py:154} INFO - Started process (PID=373) to work on /home/airflow/.local/lib/python3.7/site-packages/airflow/example_dags/example_branch_python_dop_operator_3.py
[2023-11-11T17:04:46.629+0000] {processor.py:756} INFO - Processing file /home/airflow/.local/lib/python3.7/site-packages/airflow/example_dags/example_branch_python_dop_operator_3.py for tasks to queue
[2023-11-11T17:04:46.630+0000] {logging_mixin.py:120} INFO - [2023-11-11T17:04:46.630+0000] {dagbag.py:537} INFO - Filling up the DagBag from /home/airflow/.local/lib/python3.7/site-packages/airflow/example_dags/example_branch_python_dop_operator_3.py
[2023-11-11T17:04:46.659+0000] {processor.py:766} INFO - DAG(s) dict_keys(['example_branch_dop_operator_v3']) retrieved from /home/airflow/.local/lib/python3.7/site-packages/airflow/example_dags/example_branch_python_dop_operator_3.py
[2023-11-11T17:04:46.712+0000] {logging_mixin.py:120} INFO - [2023-11-11T17:04:46.712+0000] {dag.py:2585} INFO - Sync 1 DAGs
[2023-11-11T17:04:46.756+0000] {logging_mixin.py:120} INFO - [2023-11-11T17:04:46.756+0000] {dag.py:3340} INFO - Setting next_dagrun for example_branch_dop_operator_v3 to 2023-11-11T17:03:00+00:00, run_after=2023-11-11T17:04:00+00:00
[2023-11-11T17:04:46.788+0000] {processor.py:176} INFO - Processing /home/airflow/.local/lib/python3.7/site-packages/airflow/example_dags/example_branch_python_dop_operator_3.py took 0.167 seconds
[2023-11-11T17:05:16.923+0000] {processor.py:154} INFO - Started process (PID=434) to work on /home/airflow/.local/lib/python3.7/site-packages/airflow/example_dags/example_branch_python_dop_operator_3.py
[2023-11-11T17:05:16.924+0000] {processor.py:756} INFO - Processing file /home/airflow/.local/lib/python3.7/site-packages/airflow/example_dags/example_branch_python_dop_operator_3.py for tasks to queue
[2023-11-11T17:05:16.925+0000] {logging_mixin.py:120} INFO - [2023-11-11T17:05:16.925+0000] {dagbag.py:537} INFO - Filling up the DagBag from /home/airflow/.local/lib/python3.7/site-packages/airflow/example_dags/example_branch_python_dop_operator_3.py
[2023-11-11T17:05:16.961+0000] {processor.py:766} INFO - DAG(s) dict_keys(['example_branch_dop_operator_v3']) retrieved from /home/airflow/.local/lib/python3.7/site-packages/airflow/example_dags/example_branch_python_dop_operator_3.py
[2023-11-11T17:05:17.024+0000] {logging_mixin.py:120} INFO - [2023-11-11T17:05:17.023+0000] {dag.py:2585} INFO - Sync 1 DAGs
[2023-11-11T17:05:17.070+0000] {logging_mixin.py:120} INFO - [2023-11-11T17:05:17.069+0000] {dag.py:3340} INFO - Setting next_dagrun for example_branch_dop_operator_v3 to 2023-11-11T17:04:00+00:00, run_after=2023-11-11T17:05:00+00:00
[2023-11-11T17:05:17.105+0000] {processor.py:176} INFO - Processing /home/airflow/.local/lib/python3.7/site-packages/airflow/example_dags/example_branch_python_dop_operator_3.py took 0.187 seconds
[2023-11-11T17:05:47.743+0000] {processor.py:154} INFO - Started process (PID=490) to work on /home/airflow/.local/lib/python3.7/site-packages/airflow/example_dags/example_branch_python_dop_operator_3.py
[2023-11-11T17:05:47.745+0000] {processor.py:756} INFO - Processing file /home/airflow/.local/lib/python3.7/site-packages/airflow/example_dags/example_branch_python_dop_operator_3.py for tasks to queue
[2023-11-11T17:05:47.745+0000] {logging_mixin.py:120} INFO - [2023-11-11T17:05:47.745+0000] {dagbag.py:537} INFO - Filling up the DagBag from /home/airflow/.local/lib/python3.7/site-packages/airflow/example_dags/example_branch_python_dop_operator_3.py
[2023-11-11T17:05:47.928+0000] {processor.py:766} INFO - DAG(s) dict_keys(['example_branch_dop_operator_v3']) retrieved from /home/airflow/.local/lib/python3.7/site-packages/airflow/example_dags/example_branch_python_dop_operator_3.py
[2023-11-11T17:05:48.060+0000] {logging_mixin.py:120} INFO - [2023-11-11T17:05:48.060+0000] {dag.py:2585} INFO - Sync 1 DAGs
[2023-11-11T17:05:48.103+0000] {logging_mixin.py:120} INFO - [2023-11-11T17:05:48.103+0000] {dag.py:3340} INFO - Setting next_dagrun for example_branch_dop_operator_v3 to 2023-11-11T17:04:00+00:00, run_after=2023-11-11T17:05:00+00:00
[2023-11-11T17:05:48.132+0000] {processor.py:176} INFO - Processing /home/airflow/.local/lib/python3.7/site-packages/airflow/example_dags/example_branch_python_dop_operator_3.py took 0.395 seconds
[2023-11-11T17:06:18.409+0000] {processor.py:154} INFO - Started process (PID=551) to work on /home/airflow/.local/lib/python3.7/site-packages/airflow/example_dags/example_branch_python_dop_operator_3.py
[2023-11-11T17:06:18.411+0000] {processor.py:756} INFO - Processing file /home/airflow/.local/lib/python3.7/site-packages/airflow/example_dags/example_branch_python_dop_operator_3.py for tasks to queue
[2023-11-11T17:06:18.413+0000] {logging_mixin.py:120} INFO - [2023-11-11T17:06:18.412+0000] {dagbag.py:537} INFO - Filling up the DagBag from /home/airflow/.local/lib/python3.7/site-packages/airflow/example_dags/example_branch_python_dop_operator_3.py
[2023-11-11T17:06:18.476+0000] {processor.py:766} INFO - DAG(s) dict_keys(['example_branch_dop_operator_v3']) retrieved from /home/airflow/.local/lib/python3.7/site-packages/airflow/example_dags/example_branch_python_dop_operator_3.py
[2023-11-11T17:06:18.549+0000] {logging_mixin.py:120} INFO - [2023-11-11T17:06:18.549+0000] {dag.py:2585} INFO - Sync 1 DAGs
[2023-11-11T17:06:18.613+0000] {logging_mixin.py:120} INFO - [2023-11-11T17:06:18.612+0000] {dag.py:3340} INFO - Setting next_dagrun for example_branch_dop_operator_v3 to 2023-11-11T17:05:00+00:00, run_after=2023-11-11T17:06:00+00:00
[2023-11-11T17:06:18.661+0000] {processor.py:176} INFO - Processing /home/airflow/.local/lib/python3.7/site-packages/airflow/example_dags/example_branch_python_dop_operator_3.py took 0.263 seconds
[2023-11-11T17:06:48.880+0000] {processor.py:154} INFO - Started process (PID=607) to work on /home/airflow/.local/lib/python3.7/site-packages/airflow/example_dags/example_branch_python_dop_operator_3.py
[2023-11-11T17:06:48.882+0000] {processor.py:756} INFO - Processing file /home/airflow/.local/lib/python3.7/site-packages/airflow/example_dags/example_branch_python_dop_operator_3.py for tasks to queue
[2023-11-11T17:06:48.882+0000] {logging_mixin.py:120} INFO - [2023-11-11T17:06:48.882+0000] {dagbag.py:537} INFO - Filling up the DagBag from /home/airflow/.local/lib/python3.7/site-packages/airflow/example_dags/example_branch_python_dop_operator_3.py
[2023-11-11T17:06:48.913+0000] {processor.py:766} INFO - DAG(s) dict_keys(['example_branch_dop_operator_v3']) retrieved from /home/airflow/.local/lib/python3.7/site-packages/airflow/example_dags/example_branch_python_dop_operator_3.py
[2023-11-11T17:06:48.970+0000] {logging_mixin.py:120} INFO - [2023-11-11T17:06:48.969+0000] {dag.py:2585} INFO - Sync 1 DAGs
[2023-11-11T17:06:49.011+0000] {logging_mixin.py:120} INFO - [2023-11-11T17:06:49.011+0000] {dag.py:3340} INFO - Setting next_dagrun for example_branch_dop_operator_v3 to 2023-11-11T17:05:00+00:00, run_after=2023-11-11T17:06:00+00:00
[2023-11-11T17:06:49.040+0000] {processor.py:176} INFO - Processing /home/airflow/.local/lib/python3.7/site-packages/airflow/example_dags/example_branch_python_dop_operator_3.py took 0.166 seconds
[2023-11-11T17:07:19.562+0000] {processor.py:154} INFO - Started process (PID=670) to work on /home/airflow/.local/lib/python3.7/site-packages/airflow/example_dags/example_branch_python_dop_operator_3.py
[2023-11-11T17:07:19.566+0000] {processor.py:756} INFO - Processing file /home/airflow/.local/lib/python3.7/site-packages/airflow/example_dags/example_branch_python_dop_operator_3.py for tasks to queue
[2023-11-11T17:07:19.568+0000] {logging_mixin.py:120} INFO - [2023-11-11T17:07:19.567+0000] {dagbag.py:537} INFO - Filling up the DagBag from /home/airflow/.local/lib/python3.7/site-packages/airflow/example_dags/example_branch_python_dop_operator_3.py
[2023-11-11T17:07:19.627+0000] {processor.py:766} INFO - DAG(s) dict_keys(['example_branch_dop_operator_v3']) retrieved from /home/airflow/.local/lib/python3.7/site-packages/airflow/example_dags/example_branch_python_dop_operator_3.py
[2023-11-11T17:07:19.724+0000] {logging_mixin.py:120} INFO - [2023-11-11T17:07:19.724+0000] {dag.py:2585} INFO - Sync 1 DAGs
[2023-11-11T17:07:19.806+0000] {logging_mixin.py:120} INFO - [2023-11-11T17:07:19.804+0000] {dag.py:3340} INFO - Setting next_dagrun for example_branch_dop_operator_v3 to 2023-11-11T17:06:00+00:00, run_after=2023-11-11T17:07:00+00:00
[2023-11-11T17:07:19.876+0000] {processor.py:176} INFO - Processing /home/airflow/.local/lib/python3.7/site-packages/airflow/example_dags/example_branch_python_dop_operator_3.py took 0.321 seconds
[2023-11-11T17:29:55.128+0000] {processor.py:154} INFO - Started process (PID=106) to work on /home/airflow/.local/lib/python3.7/site-packages/airflow/example_dags/example_branch_python_dop_operator_3.py
[2023-11-11T17:29:55.172+0000] {processor.py:756} INFO - Processing file /home/airflow/.local/lib/python3.7/site-packages/airflow/example_dags/example_branch_python_dop_operator_3.py for tasks to queue
[2023-11-11T17:29:55.184+0000] {logging_mixin.py:120} INFO - [2023-11-11T17:29:55.183+0000] {dagbag.py:537} INFO - Filling up the DagBag from /home/airflow/.local/lib/python3.7/site-packages/airflow/example_dags/example_branch_python_dop_operator_3.py
[2023-11-11T17:29:55.552+0000] {processor.py:766} INFO - DAG(s) dict_keys(['example_branch_dop_operator_v3']) retrieved from /home/airflow/.local/lib/python3.7/site-packages/airflow/example_dags/example_branch_python_dop_operator_3.py
[2023-11-11T17:29:58.051+0000] {logging_mixin.py:120} INFO - [2023-11-11T17:29:58.050+0000] {manager.py:507} INFO - Created Permission View: can read on DAG:example_branch_dop_operator_v3
[2023-11-11T17:29:58.105+0000] {logging_mixin.py:120} INFO - [2023-11-11T17:29:58.105+0000] {manager.py:507} INFO - Created Permission View: can delete on DAG:example_branch_dop_operator_v3
[2023-11-11T17:29:58.978+0000] {logging_mixin.py:120} INFO - [2023-11-11T17:29:58.977+0000] {manager.py:507} INFO - Created Permission View: can edit on DAG:example_branch_dop_operator_v3
[2023-11-11T17:29:58.978+0000] {logging_mixin.py:120} INFO - [2023-11-11T17:29:58.978+0000] {dag.py:2585} INFO - Sync 1 DAGs
[2023-11-11T17:29:59.063+0000] {logging_mixin.py:120} INFO - [2023-11-11T17:29:59.062+0000] {dag.py:2606} INFO - Creating ORM DAG for example_branch_dop_operator_v3
[2023-11-11T17:29:59.161+0000] {logging_mixin.py:120} INFO - [2023-11-11T17:29:59.161+0000] {dag.py:3340} INFO - Setting next_dagrun for example_branch_dop_operator_v3 to 2023-11-11T17:28:00+00:00, run_after=2023-11-11T17:29:00+00:00
[2023-11-11T17:29:59.278+0000] {processor.py:176} INFO - Processing /home/airflow/.local/lib/python3.7/site-packages/airflow/example_dags/example_branch_python_dop_operator_3.py took 4.391 seconds
[2023-11-11T17:30:30.072+0000] {processor.py:154} INFO - Started process (PID=160) to work on /home/airflow/.local/lib/python3.7/site-packages/airflow/example_dags/example_branch_python_dop_operator_3.py
[2023-11-11T17:30:30.086+0000] {processor.py:756} INFO - Processing file /home/airflow/.local/lib/python3.7/site-packages/airflow/example_dags/example_branch_python_dop_operator_3.py for tasks to queue
[2023-11-11T17:30:30.090+0000] {logging_mixin.py:120} INFO - [2023-11-11T17:30:30.089+0000] {dagbag.py:537} INFO - Filling up the DagBag from /home/airflow/.local/lib/python3.7/site-packages/airflow/example_dags/example_branch_python_dop_operator_3.py
[2023-11-11T17:30:30.446+0000] {processor.py:766} INFO - DAG(s) dict_keys(['example_branch_dop_operator_v3']) retrieved from /home/airflow/.local/lib/python3.7/site-packages/airflow/example_dags/example_branch_python_dop_operator_3.py
[2023-11-11T17:30:31.741+0000] {logging_mixin.py:120} INFO - [2023-11-11T17:30:31.739+0000] {dag.py:2585} INFO - Sync 1 DAGs
[2023-11-11T17:30:32.011+0000] {logging_mixin.py:120} INFO - [2023-11-11T17:30:32.010+0000] {dag.py:3340} INFO - Setting next_dagrun for example_branch_dop_operator_v3 to 2023-11-11T17:29:00+00:00, run_after=2023-11-11T17:30:00+00:00
[2023-11-11T17:30:32.322+0000] {processor.py:176} INFO - Processing /home/airflow/.local/lib/python3.7/site-packages/airflow/example_dags/example_branch_python_dop_operator_3.py took 2.288 seconds
[2023-11-11T17:31:02.590+0000] {processor.py:154} INFO - Started process (PID=207) to work on /home/airflow/.local/lib/python3.7/site-packages/airflow/example_dags/example_branch_python_dop_operator_3.py
[2023-11-11T17:31:02.595+0000] {processor.py:756} INFO - Processing file /home/airflow/.local/lib/python3.7/site-packages/airflow/example_dags/example_branch_python_dop_operator_3.py for tasks to queue
[2023-11-11T17:31:02.597+0000] {logging_mixin.py:120} INFO - [2023-11-11T17:31:02.597+0000] {dagbag.py:537} INFO - Filling up the DagBag from /home/airflow/.local/lib/python3.7/site-packages/airflow/example_dags/example_branch_python_dop_operator_3.py
[2023-11-11T17:31:02.933+0000] {processor.py:766} INFO - DAG(s) dict_keys(['example_branch_dop_operator_v3']) retrieved from /home/airflow/.local/lib/python3.7/site-packages/airflow/example_dags/example_branch_python_dop_operator_3.py
[2023-11-11T17:31:03.700+0000] {logging_mixin.py:120} INFO - [2023-11-11T17:31:03.700+0000] {dag.py:2585} INFO - Sync 1 DAGs
[2023-11-11T17:31:03.880+0000] {logging_mixin.py:120} INFO - [2023-11-11T17:31:03.879+0000] {dag.py:3340} INFO - Setting next_dagrun for example_branch_dop_operator_v3 to 2023-11-11T17:30:00+00:00, run_after=2023-11-11T17:31:00+00:00
[2023-11-11T17:31:04.020+0000] {processor.py:176} INFO - Processing /home/airflow/.local/lib/python3.7/site-packages/airflow/example_dags/example_branch_python_dop_operator_3.py took 1.457 seconds
[2023-11-11T17:31:34.437+0000] {processor.py:154} INFO - Started process (PID=272) to work on /home/airflow/.local/lib/python3.7/site-packages/airflow/example_dags/example_branch_python_dop_operator_3.py
[2023-11-11T17:31:34.448+0000] {processor.py:756} INFO - Processing file /home/airflow/.local/lib/python3.7/site-packages/airflow/example_dags/example_branch_python_dop_operator_3.py for tasks to queue
[2023-11-11T17:31:34.449+0000] {logging_mixin.py:120} INFO - [2023-11-11T17:31:34.449+0000] {dagbag.py:537} INFO - Filling up the DagBag from /home/airflow/.local/lib/python3.7/site-packages/airflow/example_dags/example_branch_python_dop_operator_3.py
[2023-11-11T17:31:34.517+0000] {processor.py:766} INFO - DAG(s) dict_keys(['example_branch_dop_operator_v3']) retrieved from /home/airflow/.local/lib/python3.7/site-packages/airflow/example_dags/example_branch_python_dop_operator_3.py
[2023-11-11T17:31:34.621+0000] {logging_mixin.py:120} INFO - [2023-11-11T17:31:34.621+0000] {dag.py:2585} INFO - Sync 1 DAGs
[2023-11-11T17:31:34.705+0000] {logging_mixin.py:120} INFO - [2023-11-11T17:31:34.705+0000] {dag.py:3340} INFO - Setting next_dagrun for example_branch_dop_operator_v3 to 2023-11-11T17:30:00+00:00, run_after=2023-11-11T17:31:00+00:00
[2023-11-11T17:31:34.778+0000] {processor.py:176} INFO - Processing /home/airflow/.local/lib/python3.7/site-packages/airflow/example_dags/example_branch_python_dop_operator_3.py took 0.354 seconds
[2023-11-11T17:32:05.036+0000] {processor.py:154} INFO - Started process (PID=325) to work on /home/airflow/.local/lib/python3.7/site-packages/airflow/example_dags/example_branch_python_dop_operator_3.py
[2023-11-11T17:32:05.037+0000] {processor.py:756} INFO - Processing file /home/airflow/.local/lib/python3.7/site-packages/airflow/example_dags/example_branch_python_dop_operator_3.py for tasks to queue
[2023-11-11T17:32:05.038+0000] {logging_mixin.py:120} INFO - [2023-11-11T17:32:05.038+0000] {dagbag.py:537} INFO - Filling up the DagBag from /home/airflow/.local/lib/python3.7/site-packages/airflow/example_dags/example_branch_python_dop_operator_3.py
[2023-11-11T17:32:05.114+0000] {processor.py:766} INFO - DAG(s) dict_keys(['example_branch_dop_operator_v3']) retrieved from /home/airflow/.local/lib/python3.7/site-packages/airflow/example_dags/example_branch_python_dop_operator_3.py
[2023-11-11T17:32:05.241+0000] {logging_mixin.py:120} INFO - [2023-11-11T17:32:05.238+0000] {dag.py:2585} INFO - Sync 1 DAGs
[2023-11-11T17:32:05.353+0000] {logging_mixin.py:120} INFO - [2023-11-11T17:32:05.353+0000] {dag.py:3340} INFO - Setting next_dagrun for example_branch_dop_operator_v3 to 2023-11-11T17:31:00+00:00, run_after=2023-11-11T17:32:00+00:00
[2023-11-11T17:32:05.407+0000] {processor.py:176} INFO - Processing /home/airflow/.local/lib/python3.7/site-packages/airflow/example_dags/example_branch_python_dop_operator_3.py took 0.377 seconds
[2023-11-11T17:32:35.491+0000] {processor.py:154} INFO - Started process (PID=379) to work on /home/airflow/.local/lib/python3.7/site-packages/airflow/example_dags/example_branch_python_dop_operator_3.py
[2023-11-11T17:32:35.497+0000] {processor.py:756} INFO - Processing file /home/airflow/.local/lib/python3.7/site-packages/airflow/example_dags/example_branch_python_dop_operator_3.py for tasks to queue
[2023-11-11T17:32:35.498+0000] {logging_mixin.py:120} INFO - [2023-11-11T17:32:35.498+0000] {dagbag.py:537} INFO - Filling up the DagBag from /home/airflow/.local/lib/python3.7/site-packages/airflow/example_dags/example_branch_python_dop_operator_3.py
[2023-11-11T17:32:35.544+0000] {processor.py:766} INFO - DAG(s) dict_keys(['example_branch_dop_operator_v3']) retrieved from /home/airflow/.local/lib/python3.7/site-packages/airflow/example_dags/example_branch_python_dop_operator_3.py
[2023-11-11T17:32:35.616+0000] {logging_mixin.py:120} INFO - [2023-11-11T17:32:35.616+0000] {dag.py:2585} INFO - Sync 1 DAGs
[2023-11-11T17:32:35.678+0000] {logging_mixin.py:120} INFO - [2023-11-11T17:32:35.678+0000] {dag.py:3340} INFO - Setting next_dagrun for example_branch_dop_operator_v3 to 2023-11-11T17:31:00+00:00, run_after=2023-11-11T17:32:00+00:00
[2023-11-11T17:32:35.713+0000] {processor.py:176} INFO - Processing /home/airflow/.local/lib/python3.7/site-packages/airflow/example_dags/example_branch_python_dop_operator_3.py took 0.228 seconds
[2023-11-11T17:33:05.877+0000] {processor.py:154} INFO - Started process (PID=442) to work on /home/airflow/.local/lib/python3.7/site-packages/airflow/example_dags/example_branch_python_dop_operator_3.py
[2023-11-11T17:33:05.878+0000] {processor.py:756} INFO - Processing file /home/airflow/.local/lib/python3.7/site-packages/airflow/example_dags/example_branch_python_dop_operator_3.py for tasks to queue
[2023-11-11T17:33:05.879+0000] {logging_mixin.py:120} INFO - [2023-11-11T17:33:05.879+0000] {dagbag.py:537} INFO - Filling up the DagBag from /home/airflow/.local/lib/python3.7/site-packages/airflow/example_dags/example_branch_python_dop_operator_3.py
[2023-11-11T17:33:05.971+0000] {processor.py:766} INFO - DAG(s) dict_keys(['example_branch_dop_operator_v3']) retrieved from /home/airflow/.local/lib/python3.7/site-packages/airflow/example_dags/example_branch_python_dop_operator_3.py
[2023-11-11T17:33:06.121+0000] {logging_mixin.py:120} INFO - [2023-11-11T17:33:06.120+0000] {dag.py:2585} INFO - Sync 1 DAGs
[2023-11-11T17:33:06.195+0000] {logging_mixin.py:120} INFO - [2023-11-11T17:33:06.194+0000] {dag.py:3340} INFO - Setting next_dagrun for example_branch_dop_operator_v3 to 2023-11-11T17:32:00+00:00, run_after=2023-11-11T17:33:00+00:00
[2023-11-11T17:33:06.238+0000] {processor.py:176} INFO - Processing /home/airflow/.local/lib/python3.7/site-packages/airflow/example_dags/example_branch_python_dop_operator_3.py took 0.372 seconds
[2023-11-11T17:33:36.432+0000] {processor.py:154} INFO - Started process (PID=498) to work on /home/airflow/.local/lib/python3.7/site-packages/airflow/example_dags/example_branch_python_dop_operator_3.py
[2023-11-11T17:33:36.433+0000] {processor.py:756} INFO - Processing file /home/airflow/.local/lib/python3.7/site-packages/airflow/example_dags/example_branch_python_dop_operator_3.py for tasks to queue
[2023-11-11T17:33:36.434+0000] {logging_mixin.py:120} INFO - [2023-11-11T17:33:36.434+0000] {dagbag.py:537} INFO - Filling up the DagBag from /home/airflow/.local/lib/python3.7/site-packages/airflow/example_dags/example_branch_python_dop_operator_3.py
[2023-11-11T17:33:36.473+0000] {processor.py:766} INFO - DAG(s) dict_keys(['example_branch_dop_operator_v3']) retrieved from /home/airflow/.local/lib/python3.7/site-packages/airflow/example_dags/example_branch_python_dop_operator_3.py
[2023-11-11T17:33:36.540+0000] {logging_mixin.py:120} INFO - [2023-11-11T17:33:36.540+0000] {dag.py:2585} INFO - Sync 1 DAGs
[2023-11-11T17:33:36.588+0000] {logging_mixin.py:120} INFO - [2023-11-11T17:33:36.588+0000] {dag.py:3340} INFO - Setting next_dagrun for example_branch_dop_operator_v3 to 2023-11-11T17:32:00+00:00, run_after=2023-11-11T17:33:00+00:00
[2023-11-11T17:33:36.613+0000] {processor.py:176} INFO - Processing /home/airflow/.local/lib/python3.7/site-packages/airflow/example_dags/example_branch_python_dop_operator_3.py took 0.187 seconds
[2023-11-11T17:34:06.743+0000] {processor.py:154} INFO - Started process (PID=553) to work on /home/airflow/.local/lib/python3.7/site-packages/airflow/example_dags/example_branch_python_dop_operator_3.py
[2023-11-11T17:34:06.744+0000] {processor.py:756} INFO - Processing file /home/airflow/.local/lib/python3.7/site-packages/airflow/example_dags/example_branch_python_dop_operator_3.py for tasks to queue
[2023-11-11T17:34:06.745+0000] {logging_mixin.py:120} INFO - [2023-11-11T17:34:06.744+0000] {dagbag.py:537} INFO - Filling up the DagBag from /home/airflow/.local/lib/python3.7/site-packages/airflow/example_dags/example_branch_python_dop_operator_3.py
[2023-11-11T17:34:06.778+0000] {processor.py:766} INFO - DAG(s) dict_keys(['example_branch_dop_operator_v3']) retrieved from /home/airflow/.local/lib/python3.7/site-packages/airflow/example_dags/example_branch_python_dop_operator_3.py
[2023-11-11T17:34:06.836+0000] {logging_mixin.py:120} INFO - [2023-11-11T17:34:06.835+0000] {dag.py:2585} INFO - Sync 1 DAGs
[2023-11-11T17:34:06.879+0000] {logging_mixin.py:120} INFO - [2023-11-11T17:34:06.878+0000] {dag.py:3340} INFO - Setting next_dagrun for example_branch_dop_operator_v3 to 2023-11-11T17:33:00+00:00, run_after=2023-11-11T17:34:00+00:00
[2023-11-11T17:34:06.906+0000] {processor.py:176} INFO - Processing /home/airflow/.local/lib/python3.7/site-packages/airflow/example_dags/example_branch_python_dop_operator_3.py took 0.168 seconds
[2023-11-11T17:34:37.177+0000] {processor.py:154} INFO - Started process (PID=616) to work on /home/airflow/.local/lib/python3.7/site-packages/airflow/example_dags/example_branch_python_dop_operator_3.py
[2023-11-11T17:34:37.180+0000] {processor.py:756} INFO - Processing file /home/airflow/.local/lib/python3.7/site-packages/airflow/example_dags/example_branch_python_dop_operator_3.py for tasks to queue
[2023-11-11T17:34:37.182+0000] {logging_mixin.py:120} INFO - [2023-11-11T17:34:37.181+0000] {dagbag.py:537} INFO - Filling up the DagBag from /home/airflow/.local/lib/python3.7/site-packages/airflow/example_dags/example_branch_python_dop_operator_3.py
[2023-11-11T17:34:37.250+0000] {processor.py:766} INFO - DAG(s) dict_keys(['example_branch_dop_operator_v3']) retrieved from /home/airflow/.local/lib/python3.7/site-packages/airflow/example_dags/example_branch_python_dop_operator_3.py
[2023-11-11T17:34:37.380+0000] {logging_mixin.py:120} INFO - [2023-11-11T17:34:37.378+0000] {dag.py:2585} INFO - Sync 1 DAGs
[2023-11-11T17:34:37.490+0000] {logging_mixin.py:120} INFO - [2023-11-11T17:34:37.490+0000] {dag.py:3340} INFO - Setting next_dagrun for example_branch_dop_operator_v3 to 2023-11-11T17:33:00+00:00, run_after=2023-11-11T17:34:00+00:00
[2023-11-11T17:34:37.540+0000] {processor.py:176} INFO - Processing /home/airflow/.local/lib/python3.7/site-packages/airflow/example_dags/example_branch_python_dop_operator_3.py took 0.371 seconds
[2023-11-11T17:35:07.889+0000] {processor.py:154} INFO - Started process (PID=670) to work on /home/airflow/.local/lib/python3.7/site-packages/airflow/example_dags/example_branch_python_dop_operator_3.py
[2023-11-11T17:35:07.891+0000] {processor.py:756} INFO - Processing file /home/airflow/.local/lib/python3.7/site-packages/airflow/example_dags/example_branch_python_dop_operator_3.py for tasks to queue
[2023-11-11T17:35:07.894+0000] {logging_mixin.py:120} INFO - [2023-11-11T17:35:07.893+0000] {dagbag.py:537} INFO - Filling up the DagBag from /home/airflow/.local/lib/python3.7/site-packages/airflow/example_dags/example_branch_python_dop_operator_3.py
[2023-11-11T17:35:07.954+0000] {processor.py:766} INFO - DAG(s) dict_keys(['example_branch_dop_operator_v3']) retrieved from /home/airflow/.local/lib/python3.7/site-packages/airflow/example_dags/example_branch_python_dop_operator_3.py
[2023-11-11T17:35:08.052+0000] {logging_mixin.py:120} INFO - [2023-11-11T17:35:08.051+0000] {dag.py:2585} INFO - Sync 1 DAGs
[2023-11-11T17:35:08.133+0000] {logging_mixin.py:120} INFO - [2023-11-11T17:35:08.132+0000] {dag.py:3340} INFO - Setting next_dagrun for example_branch_dop_operator_v3 to 2023-11-11T17:34:00+00:00, run_after=2023-11-11T17:35:00+00:00
[2023-11-11T17:35:08.190+0000] {processor.py:176} INFO - Processing /home/airflow/.local/lib/python3.7/site-packages/airflow/example_dags/example_branch_python_dop_operator_3.py took 0.307 seconds
[2023-11-11T17:35:38.362+0000] {processor.py:154} INFO - Started process (PID=724) to work on /home/airflow/.local/lib/python3.7/site-packages/airflow/example_dags/example_branch_python_dop_operator_3.py
[2023-11-11T17:35:38.382+0000] {processor.py:756} INFO - Processing file /home/airflow/.local/lib/python3.7/site-packages/airflow/example_dags/example_branch_python_dop_operator_3.py for tasks to queue
[2023-11-11T17:35:38.384+0000] {logging_mixin.py:120} INFO - [2023-11-11T17:35:38.383+0000] {dagbag.py:537} INFO - Filling up the DagBag from /home/airflow/.local/lib/python3.7/site-packages/airflow/example_dags/example_branch_python_dop_operator_3.py
[2023-11-11T17:35:38.455+0000] {processor.py:766} INFO - DAG(s) dict_keys(['example_branch_dop_operator_v3']) retrieved from /home/airflow/.local/lib/python3.7/site-packages/airflow/example_dags/example_branch_python_dop_operator_3.py
[2023-11-11T17:35:38.550+0000] {logging_mixin.py:120} INFO - [2023-11-11T17:35:38.550+0000] {dag.py:2585} INFO - Sync 1 DAGs
[2023-11-11T17:35:38.673+0000] {logging_mixin.py:120} INFO - [2023-11-11T17:35:38.672+0000] {dag.py:3340} INFO - Setting next_dagrun for example_branch_dop_operator_v3 to 2023-11-11T17:34:00+00:00, run_after=2023-11-11T17:35:00+00:00
[2023-11-11T17:35:38.732+0000] {processor.py:176} INFO - Processing /home/airflow/.local/lib/python3.7/site-packages/airflow/example_dags/example_branch_python_dop_operator_3.py took 0.376 seconds
[2023-11-11T17:36:08.863+0000] {processor.py:154} INFO - Started process (PID=787) to work on /home/airflow/.local/lib/python3.7/site-packages/airflow/example_dags/example_branch_python_dop_operator_3.py
[2023-11-11T17:36:08.864+0000] {processor.py:756} INFO - Processing file /home/airflow/.local/lib/python3.7/site-packages/airflow/example_dags/example_branch_python_dop_operator_3.py for tasks to queue
[2023-11-11T17:36:08.866+0000] {logging_mixin.py:120} INFO - [2023-11-11T17:36:08.865+0000] {dagbag.py:537} INFO - Filling up the DagBag from /home/airflow/.local/lib/python3.7/site-packages/airflow/example_dags/example_branch_python_dop_operator_3.py
[2023-11-11T17:36:08.922+0000] {processor.py:766} INFO - DAG(s) dict_keys(['example_branch_dop_operator_v3']) retrieved from /home/airflow/.local/lib/python3.7/site-packages/airflow/example_dags/example_branch_python_dop_operator_3.py
[2023-11-11T17:36:09.013+0000] {logging_mixin.py:120} INFO - [2023-11-11T17:36:09.013+0000] {dag.py:2585} INFO - Sync 1 DAGs
[2023-11-11T17:36:09.104+0000] {logging_mixin.py:120} INFO - [2023-11-11T17:36:09.103+0000] {dag.py:3340} INFO - Setting next_dagrun for example_branch_dop_operator_v3 to 2023-11-11T17:35:00+00:00, run_after=2023-11-11T17:36:00+00:00
[2023-11-11T17:36:09.166+0000] {processor.py:176} INFO - Processing /home/airflow/.local/lib/python3.7/site-packages/airflow/example_dags/example_branch_python_dop_operator_3.py took 0.312 seconds
[2023-11-11T17:36:39.418+0000] {processor.py:154} INFO - Started process (PID=841) to work on /home/airflow/.local/lib/python3.7/site-packages/airflow/example_dags/example_branch_python_dop_operator_3.py
[2023-11-11T17:36:39.420+0000] {processor.py:756} INFO - Processing file /home/airflow/.local/lib/python3.7/site-packages/airflow/example_dags/example_branch_python_dop_operator_3.py for tasks to queue
[2023-11-11T17:36:39.424+0000] {logging_mixin.py:120} INFO - [2023-11-11T17:36:39.423+0000] {dagbag.py:537} INFO - Filling up the DagBag from /home/airflow/.local/lib/python3.7/site-packages/airflow/example_dags/example_branch_python_dop_operator_3.py
[2023-11-11T17:36:39.483+0000] {processor.py:766} INFO - DAG(s) dict_keys(['example_branch_dop_operator_v3']) retrieved from /home/airflow/.local/lib/python3.7/site-packages/airflow/example_dags/example_branch_python_dop_operator_3.py
[2023-11-11T17:36:39.552+0000] {logging_mixin.py:120} INFO - [2023-11-11T17:36:39.552+0000] {dag.py:2585} INFO - Sync 1 DAGs
[2023-11-11T17:36:39.608+0000] {logging_mixin.py:120} INFO - [2023-11-11T17:36:39.608+0000] {dag.py:3340} INFO - Setting next_dagrun for example_branch_dop_operator_v3 to 2023-11-11T17:35:00+00:00, run_after=2023-11-11T17:36:00+00:00
[2023-11-11T17:36:39.643+0000] {processor.py:176} INFO - Processing /home/airflow/.local/lib/python3.7/site-packages/airflow/example_dags/example_branch_python_dop_operator_3.py took 0.231 seconds
[2023-11-11T17:37:10.574+0000] {processor.py:154} INFO - Started process (PID=904) to work on /home/airflow/.local/lib/python3.7/site-packages/airflow/example_dags/example_branch_python_dop_operator_3.py
[2023-11-11T17:37:10.580+0000] {processor.py:756} INFO - Processing file /home/airflow/.local/lib/python3.7/site-packages/airflow/example_dags/example_branch_python_dop_operator_3.py for tasks to queue
[2023-11-11T17:37:10.584+0000] {logging_mixin.py:120} INFO - [2023-11-11T17:37:10.583+0000] {dagbag.py:537} INFO - Filling up the DagBag from /home/airflow/.local/lib/python3.7/site-packages/airflow/example_dags/example_branch_python_dop_operator_3.py
[2023-11-11T17:37:10.637+0000] {processor.py:766} INFO - DAG(s) dict_keys(['example_branch_dop_operator_v3']) retrieved from /home/airflow/.local/lib/python3.7/site-packages/airflow/example_dags/example_branch_python_dop_operator_3.py
[2023-11-11T17:37:10.703+0000] {logging_mixin.py:120} INFO - [2023-11-11T17:37:10.703+0000] {dag.py:2585} INFO - Sync 1 DAGs
[2023-11-11T17:37:10.771+0000] {logging_mixin.py:120} INFO - [2023-11-11T17:37:10.770+0000] {dag.py:3340} INFO - Setting next_dagrun for example_branch_dop_operator_v3 to 2023-11-11T17:36:00+00:00, run_after=2023-11-11T17:37:00+00:00
[2023-11-11T17:37:10.806+0000] {processor.py:176} INFO - Processing /home/airflow/.local/lib/python3.7/site-packages/airflow/example_dags/example_branch_python_dop_operator_3.py took 0.242 seconds
[2023-11-11T17:37:41.084+0000] {processor.py:154} INFO - Started process (PID=966) to work on /home/airflow/.local/lib/python3.7/site-packages/airflow/example_dags/example_branch_python_dop_operator_3.py
[2023-11-11T17:37:41.085+0000] {processor.py:756} INFO - Processing file /home/airflow/.local/lib/python3.7/site-packages/airflow/example_dags/example_branch_python_dop_operator_3.py for tasks to queue
[2023-11-11T17:37:41.086+0000] {logging_mixin.py:120} INFO - [2023-11-11T17:37:41.085+0000] {dagbag.py:537} INFO - Filling up the DagBag from /home/airflow/.local/lib/python3.7/site-packages/airflow/example_dags/example_branch_python_dop_operator_3.py
[2023-11-11T17:37:41.133+0000] {processor.py:766} INFO - DAG(s) dict_keys(['example_branch_dop_operator_v3']) retrieved from /home/airflow/.local/lib/python3.7/site-packages/airflow/example_dags/example_branch_python_dop_operator_3.py
[2023-11-11T17:37:41.215+0000] {logging_mixin.py:120} INFO - [2023-11-11T17:37:41.212+0000] {dag.py:2585} INFO - Sync 1 DAGs
[2023-11-11T17:37:41.281+0000] {logging_mixin.py:120} INFO - [2023-11-11T17:37:41.281+0000] {dag.py:3340} INFO - Setting next_dagrun for example_branch_dop_operator_v3 to 2023-11-11T17:36:00+00:00, run_after=2023-11-11T17:37:00+00:00
[2023-11-11T17:37:41.322+0000] {processor.py:176} INFO - Processing /home/airflow/.local/lib/python3.7/site-packages/airflow/example_dags/example_branch_python_dop_operator_3.py took 0.245 seconds
[2023-11-11T17:38:11.440+0000] {processor.py:154} INFO - Started process (PID=1021) to work on /home/airflow/.local/lib/python3.7/site-packages/airflow/example_dags/example_branch_python_dop_operator_3.py
[2023-11-11T17:38:11.442+0000] {processor.py:756} INFO - Processing file /home/airflow/.local/lib/python3.7/site-packages/airflow/example_dags/example_branch_python_dop_operator_3.py for tasks to queue
[2023-11-11T17:38:11.444+0000] {logging_mixin.py:120} INFO - [2023-11-11T17:38:11.444+0000] {dagbag.py:537} INFO - Filling up the DagBag from /home/airflow/.local/lib/python3.7/site-packages/airflow/example_dags/example_branch_python_dop_operator_3.py
[2023-11-11T17:38:11.482+0000] {processor.py:766} INFO - DAG(s) dict_keys(['example_branch_dop_operator_v3']) retrieved from /home/airflow/.local/lib/python3.7/site-packages/airflow/example_dags/example_branch_python_dop_operator_3.py
[2023-11-11T17:38:11.597+0000] {logging_mixin.py:120} INFO - [2023-11-11T17:38:11.597+0000] {dag.py:2585} INFO - Sync 1 DAGs
[2023-11-11T17:38:11.665+0000] {logging_mixin.py:120} INFO - [2023-11-11T17:38:11.664+0000] {dag.py:3340} INFO - Setting next_dagrun for example_branch_dop_operator_v3 to 2023-11-11T17:37:00+00:00, run_after=2023-11-11T17:38:00+00:00
[2023-11-11T17:38:11.704+0000] {processor.py:176} INFO - Processing /home/airflow/.local/lib/python3.7/site-packages/airflow/example_dags/example_branch_python_dop_operator_3.py took 0.269 seconds
[2023-11-11T17:38:41.960+0000] {processor.py:154} INFO - Started process (PID=1082) to work on /home/airflow/.local/lib/python3.7/site-packages/airflow/example_dags/example_branch_python_dop_operator_3.py
[2023-11-11T17:38:41.962+0000] {processor.py:756} INFO - Processing file /home/airflow/.local/lib/python3.7/site-packages/airflow/example_dags/example_branch_python_dop_operator_3.py for tasks to queue
[2023-11-11T17:38:41.963+0000] {logging_mixin.py:120} INFO - [2023-11-11T17:38:41.963+0000] {dagbag.py:537} INFO - Filling up the DagBag from /home/airflow/.local/lib/python3.7/site-packages/airflow/example_dags/example_branch_python_dop_operator_3.py
[2023-11-11T17:38:42.041+0000] {processor.py:766} INFO - DAG(s) dict_keys(['example_branch_dop_operator_v3']) retrieved from /home/airflow/.local/lib/python3.7/site-packages/airflow/example_dags/example_branch_python_dop_operator_3.py
[2023-11-11T17:38:42.135+0000] {logging_mixin.py:120} INFO - [2023-11-11T17:38:42.135+0000] {dag.py:2585} INFO - Sync 1 DAGs
[2023-11-11T17:38:42.215+0000] {logging_mixin.py:120} INFO - [2023-11-11T17:38:42.214+0000] {dag.py:3340} INFO - Setting next_dagrun for example_branch_dop_operator_v3 to 2023-11-11T17:37:00+00:00, run_after=2023-11-11T17:38:00+00:00
[2023-11-11T17:38:42.266+0000] {processor.py:176} INFO - Processing /home/airflow/.local/lib/python3.7/site-packages/airflow/example_dags/example_branch_python_dop_operator_3.py took 0.313 seconds
[2023-11-11T17:39:12.376+0000] {processor.py:154} INFO - Started process (PID=1138) to work on /home/airflow/.local/lib/python3.7/site-packages/airflow/example_dags/example_branch_python_dop_operator_3.py
[2023-11-11T17:39:12.377+0000] {processor.py:756} INFO - Processing file /home/airflow/.local/lib/python3.7/site-packages/airflow/example_dags/example_branch_python_dop_operator_3.py for tasks to queue
[2023-11-11T17:39:12.378+0000] {logging_mixin.py:120} INFO - [2023-11-11T17:39:12.378+0000] {dagbag.py:537} INFO - Filling up the DagBag from /home/airflow/.local/lib/python3.7/site-packages/airflow/example_dags/example_branch_python_dop_operator_3.py
[2023-11-11T17:39:12.419+0000] {processor.py:766} INFO - DAG(s) dict_keys(['example_branch_dop_operator_v3']) retrieved from /home/airflow/.local/lib/python3.7/site-packages/airflow/example_dags/example_branch_python_dop_operator_3.py
[2023-11-11T17:39:12.477+0000] {logging_mixin.py:120} INFO - [2023-11-11T17:39:12.477+0000] {dag.py:2585} INFO - Sync 1 DAGs
[2023-11-11T17:39:12.530+0000] {logging_mixin.py:120} INFO - [2023-11-11T17:39:12.530+0000] {dag.py:3340} INFO - Setting next_dagrun for example_branch_dop_operator_v3 to 2023-11-11T17:38:00+00:00, run_after=2023-11-11T17:39:00+00:00
[2023-11-11T17:39:12.561+0000] {processor.py:176} INFO - Processing /home/airflow/.local/lib/python3.7/site-packages/airflow/example_dags/example_branch_python_dop_operator_3.py took 0.190 seconds
[2023-11-11T17:39:43.110+0000] {processor.py:154} INFO - Started process (PID=1192) to work on /home/airflow/.local/lib/python3.7/site-packages/airflow/example_dags/example_branch_python_dop_operator_3.py
[2023-11-11T17:39:43.111+0000] {processor.py:756} INFO - Processing file /home/airflow/.local/lib/python3.7/site-packages/airflow/example_dags/example_branch_python_dop_operator_3.py for tasks to queue
[2023-11-11T17:39:43.112+0000] {logging_mixin.py:120} INFO - [2023-11-11T17:39:43.112+0000] {dagbag.py:537} INFO - Filling up the DagBag from /home/airflow/.local/lib/python3.7/site-packages/airflow/example_dags/example_branch_python_dop_operator_3.py
[2023-11-11T17:39:43.165+0000] {processor.py:766} INFO - DAG(s) dict_keys(['example_branch_dop_operator_v3']) retrieved from /home/airflow/.local/lib/python3.7/site-packages/airflow/example_dags/example_branch_python_dop_operator_3.py
[2023-11-11T17:39:43.283+0000] {logging_mixin.py:120} INFO - [2023-11-11T17:39:43.282+0000] {dag.py:2585} INFO - Sync 1 DAGs
[2023-11-11T17:39:43.376+0000] {logging_mixin.py:120} INFO - [2023-11-11T17:39:43.376+0000] {dag.py:3340} INFO - Setting next_dagrun for example_branch_dop_operator_v3 to 2023-11-11T17:38:00+00:00, run_after=2023-11-11T17:39:00+00:00
[2023-11-11T17:39:43.427+0000] {processor.py:176} INFO - Processing /home/airflow/.local/lib/python3.7/site-packages/airflow/example_dags/example_branch_python_dop_operator_3.py took 0.324 seconds
