[2023-11-11T17:02:13.965+0000] {processor.py:154} INFO - Started process (PID=90) to work on /home/airflow/.local/lib/python3.7/site-packages/airflow/example_dags/example_xcomargs.py
[2023-11-11T17:02:13.966+0000] {processor.py:756} INFO - Processing file /home/airflow/.local/lib/python3.7/site-packages/airflow/example_dags/example_xcomargs.py for tasks to queue
[2023-11-11T17:02:13.968+0000] {logging_mixin.py:120} INFO - [2023-11-11T17:02:13.968+0000] {dagbag.py:537} INFO - Filling up the DagBag from /home/airflow/.local/lib/python3.7/site-packages/airflow/example_dags/example_xcomargs.py
[2023-11-11T17:02:14.020+0000] {processor.py:766} INFO - DAG(s) dict_keys(['example_xcom_args', 'example_xcom_args_with_operators']) retrieved from /home/airflow/.local/lib/python3.7/site-packages/airflow/example_dags/example_xcomargs.py
[2023-11-11T17:02:14.111+0000] {logging_mixin.py:120} INFO - [2023-11-11T17:02:14.110+0000] {dag.py:2585} INFO - Sync 2 DAGs
[2023-11-11T17:02:14.182+0000] {logging_mixin.py:120} INFO - [2023-11-11T17:02:14.182+0000] {dag.py:3340} INFO - Setting next_dagrun for example_xcom_args to None, run_after=None
[2023-11-11T17:02:14.189+0000] {logging_mixin.py:120} INFO - [2023-11-11T17:02:14.189+0000] {dag.py:3340} INFO - Setting next_dagrun for example_xcom_args_with_operators to None, run_after=None
[2023-11-11T17:02:14.234+0000] {processor.py:176} INFO - Processing /home/airflow/.local/lib/python3.7/site-packages/airflow/example_dags/example_xcomargs.py took 0.273 seconds
[2023-11-11T17:02:44.961+0000] {processor.py:154} INFO - Started process (PID=144) to work on /home/airflow/.local/lib/python3.7/site-packages/airflow/example_dags/example_xcomargs.py
[2023-11-11T17:02:44.963+0000] {processor.py:756} INFO - Processing file /home/airflow/.local/lib/python3.7/site-packages/airflow/example_dags/example_xcomargs.py for tasks to queue
[2023-11-11T17:02:44.964+0000] {logging_mixin.py:120} INFO - [2023-11-11T17:02:44.963+0000] {dagbag.py:537} INFO - Filling up the DagBag from /home/airflow/.local/lib/python3.7/site-packages/airflow/example_dags/example_xcomargs.py
[2023-11-11T17:02:45.002+0000] {processor.py:766} INFO - DAG(s) dict_keys(['example_xcom_args_with_operators', 'example_xcom_args']) retrieved from /home/airflow/.local/lib/python3.7/site-packages/airflow/example_dags/example_xcomargs.py
[2023-11-11T17:02:45.076+0000] {logging_mixin.py:120} INFO - [2023-11-11T17:02:45.076+0000] {dag.py:2585} INFO - Sync 2 DAGs
[2023-11-11T17:02:45.115+0000] {logging_mixin.py:120} INFO - [2023-11-11T17:02:45.115+0000] {dag.py:3340} INFO - Setting next_dagrun for example_xcom_args to None, run_after=None
[2023-11-11T17:02:45.122+0000] {logging_mixin.py:120} INFO - [2023-11-11T17:02:45.121+0000] {dag.py:3340} INFO - Setting next_dagrun for example_xcom_args_with_operators to None, run_after=None
[2023-11-11T17:02:45.149+0000] {processor.py:176} INFO - Processing /home/airflow/.local/lib/python3.7/site-packages/airflow/example_dags/example_xcomargs.py took 0.192 seconds
[2023-11-11T17:03:17.145+0000] {processor.py:154} INFO - Started process (PID=208) to work on /home/airflow/.local/lib/python3.7/site-packages/airflow/example_dags/example_xcomargs.py
[2023-11-11T17:03:17.149+0000] {processor.py:756} INFO - Processing file /home/airflow/.local/lib/python3.7/site-packages/airflow/example_dags/example_xcomargs.py for tasks to queue
[2023-11-11T17:03:17.152+0000] {logging_mixin.py:120} INFO - [2023-11-11T17:03:17.152+0000] {dagbag.py:537} INFO - Filling up the DagBag from /home/airflow/.local/lib/python3.7/site-packages/airflow/example_dags/example_xcomargs.py
[2023-11-11T17:03:17.268+0000] {processor.py:766} INFO - DAG(s) dict_keys(['example_xcom_args_with_operators', 'example_xcom_args']) retrieved from /home/airflow/.local/lib/python3.7/site-packages/airflow/example_dags/example_xcomargs.py
[2023-11-11T17:03:17.473+0000] {logging_mixin.py:120} INFO - [2023-11-11T17:03:17.473+0000] {dag.py:2585} INFO - Sync 2 DAGs
[2023-11-11T17:03:17.582+0000] {logging_mixin.py:120} INFO - [2023-11-11T17:03:17.581+0000] {dag.py:3340} INFO - Setting next_dagrun for example_xcom_args to None, run_after=None
[2023-11-11T17:03:17.592+0000] {logging_mixin.py:120} INFO - [2023-11-11T17:03:17.592+0000] {dag.py:3340} INFO - Setting next_dagrun for example_xcom_args_with_operators to None, run_after=None
[2023-11-11T17:03:17.667+0000] {processor.py:176} INFO - Processing /home/airflow/.local/lib/python3.7/site-packages/airflow/example_dags/example_xcomargs.py took 0.532 seconds
[2023-11-11T17:03:47.699+0000] {processor.py:154} INFO - Started process (PID=263) to work on /home/airflow/.local/lib/python3.7/site-packages/airflow/example_dags/example_xcomargs.py
[2023-11-11T17:03:47.700+0000] {processor.py:756} INFO - Processing file /home/airflow/.local/lib/python3.7/site-packages/airflow/example_dags/example_xcomargs.py for tasks to queue
[2023-11-11T17:03:47.701+0000] {logging_mixin.py:120} INFO - [2023-11-11T17:03:47.701+0000] {dagbag.py:537} INFO - Filling up the DagBag from /home/airflow/.local/lib/python3.7/site-packages/airflow/example_dags/example_xcomargs.py
[2023-11-11T17:03:47.729+0000] {processor.py:766} INFO - DAG(s) dict_keys(['example_xcom_args', 'example_xcom_args_with_operators']) retrieved from /home/airflow/.local/lib/python3.7/site-packages/airflow/example_dags/example_xcomargs.py
[2023-11-11T17:03:47.782+0000] {logging_mixin.py:120} INFO - [2023-11-11T17:03:47.782+0000] {dag.py:2585} INFO - Sync 2 DAGs
[2023-11-11T17:03:47.811+0000] {logging_mixin.py:120} INFO - [2023-11-11T17:03:47.811+0000] {dag.py:3340} INFO - Setting next_dagrun for example_xcom_args to None, run_after=None
[2023-11-11T17:03:47.815+0000] {logging_mixin.py:120} INFO - [2023-11-11T17:03:47.815+0000] {dag.py:3340} INFO - Setting next_dagrun for example_xcom_args_with_operators to None, run_after=None
[2023-11-11T17:03:47.840+0000] {processor.py:176} INFO - Processing /home/airflow/.local/lib/python3.7/site-packages/airflow/example_dags/example_xcomargs.py took 0.145 seconds
[2023-11-11T17:04:18.811+0000] {processor.py:154} INFO - Started process (PID=326) to work on /home/airflow/.local/lib/python3.7/site-packages/airflow/example_dags/example_xcomargs.py
[2023-11-11T17:04:18.812+0000] {processor.py:756} INFO - Processing file /home/airflow/.local/lib/python3.7/site-packages/airflow/example_dags/example_xcomargs.py for tasks to queue
[2023-11-11T17:04:18.813+0000] {logging_mixin.py:120} INFO - [2023-11-11T17:04:18.813+0000] {dagbag.py:537} INFO - Filling up the DagBag from /home/airflow/.local/lib/python3.7/site-packages/airflow/example_dags/example_xcomargs.py
[2023-11-11T17:04:18.856+0000] {processor.py:766} INFO - DAG(s) dict_keys(['example_xcom_args', 'example_xcom_args_with_operators']) retrieved from /home/airflow/.local/lib/python3.7/site-packages/airflow/example_dags/example_xcomargs.py
[2023-11-11T17:04:18.922+0000] {logging_mixin.py:120} INFO - [2023-11-11T17:04:18.921+0000] {dag.py:2585} INFO - Sync 2 DAGs
[2023-11-11T17:04:18.960+0000] {logging_mixin.py:120} INFO - [2023-11-11T17:04:18.960+0000] {dag.py:3340} INFO - Setting next_dagrun for example_xcom_args to None, run_after=None
[2023-11-11T17:04:18.964+0000] {logging_mixin.py:120} INFO - [2023-11-11T17:04:18.964+0000] {dag.py:3340} INFO - Setting next_dagrun for example_xcom_args_with_operators to None, run_after=None
[2023-11-11T17:04:18.990+0000] {processor.py:176} INFO - Processing /home/airflow/.local/lib/python3.7/site-packages/airflow/example_dags/example_xcomargs.py took 0.185 seconds
[2023-11-11T17:04:49.465+0000] {processor.py:154} INFO - Started process (PID=380) to work on /home/airflow/.local/lib/python3.7/site-packages/airflow/example_dags/example_xcomargs.py
[2023-11-11T17:04:49.466+0000] {processor.py:756} INFO - Processing file /home/airflow/.local/lib/python3.7/site-packages/airflow/example_dags/example_xcomargs.py for tasks to queue
[2023-11-11T17:04:49.466+0000] {logging_mixin.py:120} INFO - [2023-11-11T17:04:49.466+0000] {dagbag.py:537} INFO - Filling up the DagBag from /home/airflow/.local/lib/python3.7/site-packages/airflow/example_dags/example_xcomargs.py
[2023-11-11T17:04:49.498+0000] {processor.py:766} INFO - DAG(s) dict_keys(['example_xcom_args_with_operators', 'example_xcom_args']) retrieved from /home/airflow/.local/lib/python3.7/site-packages/airflow/example_dags/example_xcomargs.py
[2023-11-11T17:04:49.556+0000] {logging_mixin.py:120} INFO - [2023-11-11T17:04:49.555+0000] {dag.py:2585} INFO - Sync 2 DAGs
[2023-11-11T17:04:49.583+0000] {logging_mixin.py:120} INFO - [2023-11-11T17:04:49.583+0000] {dag.py:3340} INFO - Setting next_dagrun for example_xcom_args to None, run_after=None
[2023-11-11T17:04:49.587+0000] {logging_mixin.py:120} INFO - [2023-11-11T17:04:49.587+0000] {dag.py:3340} INFO - Setting next_dagrun for example_xcom_args_with_operators to None, run_after=None
[2023-11-11T17:04:49.609+0000] {processor.py:176} INFO - Processing /home/airflow/.local/lib/python3.7/site-packages/airflow/example_dags/example_xcomargs.py took 0.149 seconds
[2023-11-11T17:05:20.724+0000] {processor.py:154} INFO - Started process (PID=443) to work on /home/airflow/.local/lib/python3.7/site-packages/airflow/example_dags/example_xcomargs.py
[2023-11-11T17:05:20.726+0000] {processor.py:756} INFO - Processing file /home/airflow/.local/lib/python3.7/site-packages/airflow/example_dags/example_xcomargs.py for tasks to queue
[2023-11-11T17:05:20.727+0000] {logging_mixin.py:120} INFO - [2023-11-11T17:05:20.727+0000] {dagbag.py:537} INFO - Filling up the DagBag from /home/airflow/.local/lib/python3.7/site-packages/airflow/example_dags/example_xcomargs.py
[2023-11-11T17:05:20.752+0000] {processor.py:766} INFO - DAG(s) dict_keys(['example_xcom_args', 'example_xcom_args_with_operators']) retrieved from /home/airflow/.local/lib/python3.7/site-packages/airflow/example_dags/example_xcomargs.py
[2023-11-11T17:05:20.861+0000] {logging_mixin.py:120} INFO - [2023-11-11T17:05:20.861+0000] {dag.py:2585} INFO - Sync 2 DAGs
[2023-11-11T17:05:20.901+0000] {logging_mixin.py:120} INFO - [2023-11-11T17:05:20.901+0000] {dag.py:3340} INFO - Setting next_dagrun for example_xcom_args to None, run_after=None
[2023-11-11T17:05:20.906+0000] {logging_mixin.py:120} INFO - [2023-11-11T17:05:20.906+0000] {dag.py:3340} INFO - Setting next_dagrun for example_xcom_args_with_operators to None, run_after=None
[2023-11-11T17:05:20.930+0000] {processor.py:176} INFO - Processing /home/airflow/.local/lib/python3.7/site-packages/airflow/example_dags/example_xcomargs.py took 0.209 seconds
[2023-11-11T17:05:52.200+0000] {processor.py:154} INFO - Started process (PID=504) to work on /home/airflow/.local/lib/python3.7/site-packages/airflow/example_dags/example_xcomargs.py
[2023-11-11T17:05:52.211+0000] {processor.py:756} INFO - Processing file /home/airflow/.local/lib/python3.7/site-packages/airflow/example_dags/example_xcomargs.py for tasks to queue
[2023-11-11T17:05:52.214+0000] {logging_mixin.py:120} INFO - [2023-11-11T17:05:52.213+0000] {dagbag.py:537} INFO - Filling up the DagBag from /home/airflow/.local/lib/python3.7/site-packages/airflow/example_dags/example_xcomargs.py
[2023-11-11T17:05:52.424+0000] {processor.py:766} INFO - DAG(s) dict_keys(['example_xcom_args_with_operators', 'example_xcom_args']) retrieved from /home/airflow/.local/lib/python3.7/site-packages/airflow/example_dags/example_xcomargs.py
[2023-11-11T17:05:52.628+0000] {logging_mixin.py:120} INFO - [2023-11-11T17:05:52.627+0000] {dag.py:2585} INFO - Sync 2 DAGs
[2023-11-11T17:05:52.736+0000] {logging_mixin.py:120} INFO - [2023-11-11T17:05:52.735+0000] {dag.py:3340} INFO - Setting next_dagrun for example_xcom_args to None, run_after=None
[2023-11-11T17:05:52.751+0000] {logging_mixin.py:120} INFO - [2023-11-11T17:05:52.750+0000] {dag.py:3340} INFO - Setting next_dagrun for example_xcom_args_with_operators to None, run_after=None
[2023-11-11T17:05:52.795+0000] {processor.py:176} INFO - Processing /home/airflow/.local/lib/python3.7/site-packages/airflow/example_dags/example_xcomargs.py took 0.628 seconds
[2023-11-11T17:06:23.757+0000] {processor.py:154} INFO - Started process (PID=562) to work on /home/airflow/.local/lib/python3.7/site-packages/airflow/example_dags/example_xcomargs.py
[2023-11-11T17:06:23.758+0000] {processor.py:756} INFO - Processing file /home/airflow/.local/lib/python3.7/site-packages/airflow/example_dags/example_xcomargs.py for tasks to queue
[2023-11-11T17:06:23.759+0000] {logging_mixin.py:120} INFO - [2023-11-11T17:06:23.759+0000] {dagbag.py:537} INFO - Filling up the DagBag from /home/airflow/.local/lib/python3.7/site-packages/airflow/example_dags/example_xcomargs.py
[2023-11-11T17:06:23.792+0000] {processor.py:766} INFO - DAG(s) dict_keys(['example_xcom_args', 'example_xcom_args_with_operators']) retrieved from /home/airflow/.local/lib/python3.7/site-packages/airflow/example_dags/example_xcomargs.py
[2023-11-11T17:06:23.854+0000] {logging_mixin.py:120} INFO - [2023-11-11T17:06:23.853+0000] {dag.py:2585} INFO - Sync 2 DAGs
[2023-11-11T17:06:23.894+0000] {logging_mixin.py:120} INFO - [2023-11-11T17:06:23.894+0000] {dag.py:3340} INFO - Setting next_dagrun for example_xcom_args to None, run_after=None
[2023-11-11T17:06:23.900+0000] {logging_mixin.py:120} INFO - [2023-11-11T17:06:23.899+0000] {dag.py:3340} INFO - Setting next_dagrun for example_xcom_args_with_operators to None, run_after=None
[2023-11-11T17:06:23.922+0000] {processor.py:176} INFO - Processing /home/airflow/.local/lib/python3.7/site-packages/airflow/example_dags/example_xcomargs.py took 0.169 seconds
[2023-11-11T17:06:54.858+0000] {processor.py:154} INFO - Started process (PID=625) to work on /home/airflow/.local/lib/python3.7/site-packages/airflow/example_dags/example_xcomargs.py
[2023-11-11T17:06:54.859+0000] {processor.py:756} INFO - Processing file /home/airflow/.local/lib/python3.7/site-packages/airflow/example_dags/example_xcomargs.py for tasks to queue
[2023-11-11T17:06:54.860+0000] {logging_mixin.py:120} INFO - [2023-11-11T17:06:54.860+0000] {dagbag.py:537} INFO - Filling up the DagBag from /home/airflow/.local/lib/python3.7/site-packages/airflow/example_dags/example_xcomargs.py
[2023-11-11T17:06:54.900+0000] {processor.py:766} INFO - DAG(s) dict_keys(['example_xcom_args', 'example_xcom_args_with_operators']) retrieved from /home/airflow/.local/lib/python3.7/site-packages/airflow/example_dags/example_xcomargs.py
[2023-11-11T17:06:54.972+0000] {logging_mixin.py:120} INFO - [2023-11-11T17:06:54.970+0000] {dag.py:2585} INFO - Sync 2 DAGs
[2023-11-11T17:06:55.017+0000] {logging_mixin.py:120} INFO - [2023-11-11T17:06:55.017+0000] {dag.py:3340} INFO - Setting next_dagrun for example_xcom_args to None, run_after=None
[2023-11-11T17:06:55.023+0000] {logging_mixin.py:120} INFO - [2023-11-11T17:06:55.023+0000] {dag.py:3340} INFO - Setting next_dagrun for example_xcom_args_with_operators to None, run_after=None
[2023-11-11T17:06:55.049+0000] {processor.py:176} INFO - Processing /home/airflow/.local/lib/python3.7/site-packages/airflow/example_dags/example_xcomargs.py took 0.196 seconds
[2023-11-11T17:30:04.927+0000] {processor.py:154} INFO - Started process (PID=115) to work on /home/airflow/.local/lib/python3.7/site-packages/airflow/example_dags/example_xcomargs.py
[2023-11-11T17:30:04.931+0000] {processor.py:756} INFO - Processing file /home/airflow/.local/lib/python3.7/site-packages/airflow/example_dags/example_xcomargs.py for tasks to queue
[2023-11-11T17:30:04.937+0000] {logging_mixin.py:120} INFO - [2023-11-11T17:30:04.935+0000] {dagbag.py:537} INFO - Filling up the DagBag from /home/airflow/.local/lib/python3.7/site-packages/airflow/example_dags/example_xcomargs.py
[2023-11-11T17:30:05.087+0000] {processor.py:766} INFO - DAG(s) dict_keys(['example_xcom_args', 'example_xcom_args_with_operators']) retrieved from /home/airflow/.local/lib/python3.7/site-packages/airflow/example_dags/example_xcomargs.py
[2023-11-11T17:30:06.196+0000] {logging_mixin.py:120} INFO - [2023-11-11T17:30:06.195+0000] {manager.py:507} INFO - Created Permission View: can read on DAG:example_xcom_args
[2023-11-11T17:30:06.258+0000] {logging_mixin.py:120} INFO - [2023-11-11T17:30:06.258+0000] {manager.py:507} INFO - Created Permission View: can delete on DAG:example_xcom_args
[2023-11-11T17:30:06.298+0000] {logging_mixin.py:120} INFO - [2023-11-11T17:30:06.297+0000] {manager.py:507} INFO - Created Permission View: can edit on DAG:example_xcom_args
[2023-11-11T17:30:06.382+0000] {logging_mixin.py:120} INFO - [2023-11-11T17:30:06.382+0000] {manager.py:507} INFO - Created Permission View: can read on DAG:example_xcom_args_with_operators
[2023-11-11T17:30:06.419+0000] {logging_mixin.py:120} INFO - [2023-11-11T17:30:06.417+0000] {manager.py:507} INFO - Created Permission View: can delete on DAG:example_xcom_args_with_operators
[2023-11-11T17:30:06.452+0000] {logging_mixin.py:120} INFO - [2023-11-11T17:30:06.452+0000] {manager.py:507} INFO - Created Permission View: can edit on DAG:example_xcom_args_with_operators
[2023-11-11T17:30:06.453+0000] {logging_mixin.py:120} INFO - [2023-11-11T17:30:06.453+0000] {dag.py:2585} INFO - Sync 2 DAGs
[2023-11-11T17:30:06.512+0000] {logging_mixin.py:120} INFO - [2023-11-11T17:30:06.511+0000] {dag.py:2606} INFO - Creating ORM DAG for example_xcom_args_with_operators
[2023-11-11T17:30:06.513+0000] {logging_mixin.py:120} INFO - [2023-11-11T17:30:06.513+0000] {dag.py:2606} INFO - Creating ORM DAG for example_xcom_args
[2023-11-11T17:30:06.562+0000] {logging_mixin.py:120} INFO - [2023-11-11T17:30:06.560+0000] {dag.py:3340} INFO - Setting next_dagrun for example_xcom_args to None, run_after=None
[2023-11-11T17:30:06.570+0000] {logging_mixin.py:120} INFO - [2023-11-11T17:30:06.569+0000] {dag.py:3340} INFO - Setting next_dagrun for example_xcom_args_with_operators to None, run_after=None
[2023-11-11T17:30:06.665+0000] {processor.py:176} INFO - Processing /home/airflow/.local/lib/python3.7/site-packages/airflow/example_dags/example_xcomargs.py took 1.757 seconds
[2023-11-11T17:30:37.075+0000] {processor.py:154} INFO - Started process (PID=169) to work on /home/airflow/.local/lib/python3.7/site-packages/airflow/example_dags/example_xcomargs.py
[2023-11-11T17:30:38.626+0000] {processor.py:756} INFO - Processing file /home/airflow/.local/lib/python3.7/site-packages/airflow/example_dags/example_xcomargs.py for tasks to queue
[2023-11-11T17:30:38.629+0000] {logging_mixin.py:120} INFO - [2023-11-11T17:30:38.628+0000] {dagbag.py:537} INFO - Filling up the DagBag from /home/airflow/.local/lib/python3.7/site-packages/airflow/example_dags/example_xcomargs.py
[2023-11-11T17:30:38.895+0000] {processor.py:766} INFO - DAG(s) dict_keys(['example_xcom_args_with_operators', 'example_xcom_args']) retrieved from /home/airflow/.local/lib/python3.7/site-packages/airflow/example_dags/example_xcomargs.py
[2023-11-11T17:30:39.168+0000] {logging_mixin.py:120} INFO - [2023-11-11T17:30:39.167+0000] {dag.py:2585} INFO - Sync 2 DAGs
[2023-11-11T17:30:39.327+0000] {logging_mixin.py:120} INFO - [2023-11-11T17:30:39.326+0000] {dag.py:3340} INFO - Setting next_dagrun for example_xcom_args to None, run_after=None
[2023-11-11T17:30:39.344+0000] {logging_mixin.py:120} INFO - [2023-11-11T17:30:39.343+0000] {dag.py:3340} INFO - Setting next_dagrun for example_xcom_args_with_operators to None, run_after=None
[2023-11-11T17:30:39.496+0000] {processor.py:176} INFO - Processing /home/airflow/.local/lib/python3.7/site-packages/airflow/example_dags/example_xcomargs.py took 2.440 seconds
[2023-11-11T17:31:09.861+0000] {processor.py:154} INFO - Started process (PID=224) to work on /home/airflow/.local/lib/python3.7/site-packages/airflow/example_dags/example_xcomargs.py
[2023-11-11T17:31:09.863+0000] {processor.py:756} INFO - Processing file /home/airflow/.local/lib/python3.7/site-packages/airflow/example_dags/example_xcomargs.py for tasks to queue
[2023-11-11T17:31:09.864+0000] {logging_mixin.py:120} INFO - [2023-11-11T17:31:09.864+0000] {dagbag.py:537} INFO - Filling up the DagBag from /home/airflow/.local/lib/python3.7/site-packages/airflow/example_dags/example_xcomargs.py
[2023-11-11T17:31:09.997+0000] {processor.py:766} INFO - DAG(s) dict_keys(['example_xcom_args', 'example_xcom_args_with_operators']) retrieved from /home/airflow/.local/lib/python3.7/site-packages/airflow/example_dags/example_xcomargs.py
[2023-11-11T17:31:10.388+0000] {logging_mixin.py:120} INFO - [2023-11-11T17:31:10.387+0000] {dag.py:2585} INFO - Sync 2 DAGs
[2023-11-11T17:31:10.556+0000] {logging_mixin.py:120} INFO - [2023-11-11T17:31:10.555+0000] {dag.py:3340} INFO - Setting next_dagrun for example_xcom_args to None, run_after=None
[2023-11-11T17:31:10.578+0000] {logging_mixin.py:120} INFO - [2023-11-11T17:31:10.577+0000] {dag.py:3340} INFO - Setting next_dagrun for example_xcom_args_with_operators to None, run_after=None
[2023-11-11T17:31:10.679+0000] {processor.py:176} INFO - Processing /home/airflow/.local/lib/python3.7/site-packages/airflow/example_dags/example_xcomargs.py took 0.841 seconds
[2023-11-11T17:31:40.814+0000] {processor.py:154} INFO - Started process (PID=277) to work on /home/airflow/.local/lib/python3.7/site-packages/airflow/example_dags/example_xcomargs.py
[2023-11-11T17:31:40.826+0000] {processor.py:756} INFO - Processing file /home/airflow/.local/lib/python3.7/site-packages/airflow/example_dags/example_xcomargs.py for tasks to queue
[2023-11-11T17:31:40.828+0000] {logging_mixin.py:120} INFO - [2023-11-11T17:31:40.827+0000] {dagbag.py:537} INFO - Filling up the DagBag from /home/airflow/.local/lib/python3.7/site-packages/airflow/example_dags/example_xcomargs.py
[2023-11-11T17:31:40.898+0000] {processor.py:766} INFO - DAG(s) dict_keys(['example_xcom_args_with_operators', 'example_xcom_args']) retrieved from /home/airflow/.local/lib/python3.7/site-packages/airflow/example_dags/example_xcomargs.py
[2023-11-11T17:31:40.973+0000] {logging_mixin.py:120} INFO - [2023-11-11T17:31:40.973+0000] {dag.py:2585} INFO - Sync 2 DAGs
[2023-11-11T17:31:41.016+0000] {logging_mixin.py:120} INFO - [2023-11-11T17:31:41.016+0000] {dag.py:3340} INFO - Setting next_dagrun for example_xcom_args to None, run_after=None
[2023-11-11T17:31:41.021+0000] {logging_mixin.py:120} INFO - [2023-11-11T17:31:41.020+0000] {dag.py:3340} INFO - Setting next_dagrun for example_xcom_args_with_operators to None, run_after=None
[2023-11-11T17:31:41.049+0000] {processor.py:176} INFO - Processing /home/airflow/.local/lib/python3.7/site-packages/airflow/example_dags/example_xcomargs.py took 0.251 seconds
[2023-11-11T17:32:11.867+0000] {processor.py:154} INFO - Started process (PID=338) to work on /home/airflow/.local/lib/python3.7/site-packages/airflow/example_dags/example_xcomargs.py
[2023-11-11T17:32:11.869+0000] {processor.py:756} INFO - Processing file /home/airflow/.local/lib/python3.7/site-packages/airflow/example_dags/example_xcomargs.py for tasks to queue
[2023-11-11T17:32:11.871+0000] {logging_mixin.py:120} INFO - [2023-11-11T17:32:11.870+0000] {dagbag.py:537} INFO - Filling up the DagBag from /home/airflow/.local/lib/python3.7/site-packages/airflow/example_dags/example_xcomargs.py
[2023-11-11T17:32:11.953+0000] {processor.py:766} INFO - DAG(s) dict_keys(['example_xcom_args', 'example_xcom_args_with_operators']) retrieved from /home/airflow/.local/lib/python3.7/site-packages/airflow/example_dags/example_xcomargs.py
[2023-11-11T17:32:12.080+0000] {logging_mixin.py:120} INFO - [2023-11-11T17:32:12.079+0000] {dag.py:2585} INFO - Sync 2 DAGs
[2023-11-11T17:32:12.151+0000] {logging_mixin.py:120} INFO - [2023-11-11T17:32:12.151+0000] {dag.py:3340} INFO - Setting next_dagrun for example_xcom_args to None, run_after=None
[2023-11-11T17:32:12.160+0000] {logging_mixin.py:120} INFO - [2023-11-11T17:32:12.160+0000] {dag.py:3340} INFO - Setting next_dagrun for example_xcom_args_with_operators to None, run_after=None
[2023-11-11T17:32:12.211+0000] {processor.py:176} INFO - Processing /home/airflow/.local/lib/python3.7/site-packages/airflow/example_dags/example_xcomargs.py took 0.351 seconds
[2023-11-11T17:32:42.569+0000] {processor.py:154} INFO - Started process (PID=394) to work on /home/airflow/.local/lib/python3.7/site-packages/airflow/example_dags/example_xcomargs.py
[2023-11-11T17:32:42.571+0000] {processor.py:756} INFO - Processing file /home/airflow/.local/lib/python3.7/site-packages/airflow/example_dags/example_xcomargs.py for tasks to queue
[2023-11-11T17:32:42.572+0000] {logging_mixin.py:120} INFO - [2023-11-11T17:32:42.572+0000] {dagbag.py:537} INFO - Filling up the DagBag from /home/airflow/.local/lib/python3.7/site-packages/airflow/example_dags/example_xcomargs.py
[2023-11-11T17:32:42.628+0000] {processor.py:766} INFO - DAG(s) dict_keys(['example_xcom_args', 'example_xcom_args_with_operators']) retrieved from /home/airflow/.local/lib/python3.7/site-packages/airflow/example_dags/example_xcomargs.py
[2023-11-11T17:32:42.715+0000] {logging_mixin.py:120} INFO - [2023-11-11T17:32:42.715+0000] {dag.py:2585} INFO - Sync 2 DAGs
[2023-11-11T17:32:42.784+0000] {logging_mixin.py:120} INFO - [2023-11-11T17:32:42.784+0000] {dag.py:3340} INFO - Setting next_dagrun for example_xcom_args to None, run_after=None
[2023-11-11T17:32:42.792+0000] {logging_mixin.py:120} INFO - [2023-11-11T17:32:42.792+0000] {dag.py:3340} INFO - Setting next_dagrun for example_xcom_args_with_operators to None, run_after=None
[2023-11-11T17:32:42.824+0000] {processor.py:176} INFO - Processing /home/airflow/.local/lib/python3.7/site-packages/airflow/example_dags/example_xcomargs.py took 0.264 seconds
[2023-11-11T17:33:12.901+0000] {processor.py:154} INFO - Started process (PID=448) to work on /home/airflow/.local/lib/python3.7/site-packages/airflow/example_dags/example_xcomargs.py
[2023-11-11T17:33:12.902+0000] {processor.py:756} INFO - Processing file /home/airflow/.local/lib/python3.7/site-packages/airflow/example_dags/example_xcomargs.py for tasks to queue
[2023-11-11T17:33:12.903+0000] {logging_mixin.py:120} INFO - [2023-11-11T17:33:12.903+0000] {dagbag.py:537} INFO - Filling up the DagBag from /home/airflow/.local/lib/python3.7/site-packages/airflow/example_dags/example_xcomargs.py
[2023-11-11T17:33:12.947+0000] {processor.py:766} INFO - DAG(s) dict_keys(['example_xcom_args_with_operators', 'example_xcom_args']) retrieved from /home/airflow/.local/lib/python3.7/site-packages/airflow/example_dags/example_xcomargs.py
[2023-11-11T17:33:13.006+0000] {logging_mixin.py:120} INFO - [2023-11-11T17:33:13.006+0000] {dag.py:2585} INFO - Sync 2 DAGs
[2023-11-11T17:33:13.050+0000] {logging_mixin.py:120} INFO - [2023-11-11T17:33:13.049+0000] {dag.py:3340} INFO - Setting next_dagrun for example_xcom_args to None, run_after=None
[2023-11-11T17:33:13.055+0000] {logging_mixin.py:120} INFO - [2023-11-11T17:33:13.055+0000] {dag.py:3340} INFO - Setting next_dagrun for example_xcom_args_with_operators to None, run_after=None
[2023-11-11T17:33:13.098+0000] {processor.py:176} INFO - Processing /home/airflow/.local/lib/python3.7/site-packages/airflow/example_dags/example_xcomargs.py took 0.202 seconds
[2023-11-11T17:33:43.243+0000] {processor.py:154} INFO - Started process (PID=512) to work on /home/airflow/.local/lib/python3.7/site-packages/airflow/example_dags/example_xcomargs.py
[2023-11-11T17:33:43.245+0000] {processor.py:756} INFO - Processing file /home/airflow/.local/lib/python3.7/site-packages/airflow/example_dags/example_xcomargs.py for tasks to queue
[2023-11-11T17:33:43.246+0000] {logging_mixin.py:120} INFO - [2023-11-11T17:33:43.246+0000] {dagbag.py:537} INFO - Filling up the DagBag from /home/airflow/.local/lib/python3.7/site-packages/airflow/example_dags/example_xcomargs.py
[2023-11-11T17:33:43.386+0000] {processor.py:766} INFO - DAG(s) dict_keys(['example_xcom_args', 'example_xcom_args_with_operators']) retrieved from /home/airflow/.local/lib/python3.7/site-packages/airflow/example_dags/example_xcomargs.py
[2023-11-11T17:33:43.597+0000] {logging_mixin.py:120} INFO - [2023-11-11T17:33:43.595+0000] {dag.py:2585} INFO - Sync 2 DAGs
[2023-11-11T17:33:43.835+0000] {logging_mixin.py:120} INFO - [2023-11-11T17:33:43.833+0000] {dag.py:3340} INFO - Setting next_dagrun for example_xcom_args to None, run_after=None
[2023-11-11T17:33:43.879+0000] {logging_mixin.py:120} INFO - [2023-11-11T17:33:43.874+0000] {dag.py:3340} INFO - Setting next_dagrun for example_xcom_args_with_operators to None, run_after=None
[2023-11-11T17:33:43.960+0000] {processor.py:176} INFO - Processing /home/airflow/.local/lib/python3.7/site-packages/airflow/example_dags/example_xcomargs.py took 0.726 seconds
[2023-11-11T17:34:14.477+0000] {processor.py:154} INFO - Started process (PID=567) to work on /home/airflow/.local/lib/python3.7/site-packages/airflow/example_dags/example_xcomargs.py
[2023-11-11T17:34:14.478+0000] {processor.py:756} INFO - Processing file /home/airflow/.local/lib/python3.7/site-packages/airflow/example_dags/example_xcomargs.py for tasks to queue
[2023-11-11T17:34:14.480+0000] {logging_mixin.py:120} INFO - [2023-11-11T17:34:14.480+0000] {dagbag.py:537} INFO - Filling up the DagBag from /home/airflow/.local/lib/python3.7/site-packages/airflow/example_dags/example_xcomargs.py
[2023-11-11T17:34:14.549+0000] {processor.py:766} INFO - DAG(s) dict_keys(['example_xcom_args', 'example_xcom_args_with_operators']) retrieved from /home/airflow/.local/lib/python3.7/site-packages/airflow/example_dags/example_xcomargs.py
[2023-11-11T17:34:14.657+0000] {logging_mixin.py:120} INFO - [2023-11-11T17:34:14.656+0000] {dag.py:2585} INFO - Sync 2 DAGs
[2023-11-11T17:34:14.756+0000] {logging_mixin.py:120} INFO - [2023-11-11T17:34:14.756+0000] {dag.py:3340} INFO - Setting next_dagrun for example_xcom_args to None, run_after=None
[2023-11-11T17:34:14.765+0000] {logging_mixin.py:120} INFO - [2023-11-11T17:34:14.765+0000] {dag.py:3340} INFO - Setting next_dagrun for example_xcom_args_with_operators to None, run_after=None
[2023-11-11T17:34:14.813+0000] {processor.py:176} INFO - Processing /home/airflow/.local/lib/python3.7/site-packages/airflow/example_dags/example_xcomargs.py took 0.349 seconds
[2023-11-11T17:34:45.652+0000] {processor.py:154} INFO - Started process (PID=622) to work on /home/airflow/.local/lib/python3.7/site-packages/airflow/example_dags/example_xcomargs.py
[2023-11-11T17:34:45.654+0000] {processor.py:756} INFO - Processing file /home/airflow/.local/lib/python3.7/site-packages/airflow/example_dags/example_xcomargs.py for tasks to queue
[2023-11-11T17:34:45.656+0000] {logging_mixin.py:120} INFO - [2023-11-11T17:34:45.655+0000] {dagbag.py:537} INFO - Filling up the DagBag from /home/airflow/.local/lib/python3.7/site-packages/airflow/example_dags/example_xcomargs.py
[2023-11-11T17:34:45.702+0000] {processor.py:766} INFO - DAG(s) dict_keys(['example_xcom_args_with_operators', 'example_xcom_args']) retrieved from /home/airflow/.local/lib/python3.7/site-packages/airflow/example_dags/example_xcomargs.py
[2023-11-11T17:34:45.792+0000] {logging_mixin.py:120} INFO - [2023-11-11T17:34:45.792+0000] {dag.py:2585} INFO - Sync 2 DAGs
[2023-11-11T17:34:45.839+0000] {logging_mixin.py:120} INFO - [2023-11-11T17:34:45.839+0000] {dag.py:3340} INFO - Setting next_dagrun for example_xcom_args to None, run_after=None
[2023-11-11T17:34:45.845+0000] {logging_mixin.py:120} INFO - [2023-11-11T17:34:45.845+0000] {dag.py:3340} INFO - Setting next_dagrun for example_xcom_args_with_operators to None, run_after=None
[2023-11-11T17:34:45.876+0000] {processor.py:176} INFO - Processing /home/airflow/.local/lib/python3.7/site-packages/airflow/example_dags/example_xcomargs.py took 0.227 seconds
[2023-11-11T17:35:15.976+0000] {processor.py:154} INFO - Started process (PID=685) to work on /home/airflow/.local/lib/python3.7/site-packages/airflow/example_dags/example_xcomargs.py
[2023-11-11T17:35:15.980+0000] {processor.py:756} INFO - Processing file /home/airflow/.local/lib/python3.7/site-packages/airflow/example_dags/example_xcomargs.py for tasks to queue
[2023-11-11T17:35:15.982+0000] {logging_mixin.py:120} INFO - [2023-11-11T17:35:15.982+0000] {dagbag.py:537} INFO - Filling up the DagBag from /home/airflow/.local/lib/python3.7/site-packages/airflow/example_dags/example_xcomargs.py
[2023-11-11T17:35:16.038+0000] {processor.py:766} INFO - DAG(s) dict_keys(['example_xcom_args_with_operators', 'example_xcom_args']) retrieved from /home/airflow/.local/lib/python3.7/site-packages/airflow/example_dags/example_xcomargs.py
[2023-11-11T17:35:16.137+0000] {logging_mixin.py:120} INFO - [2023-11-11T17:35:16.137+0000] {dag.py:2585} INFO - Sync 2 DAGs
[2023-11-11T17:35:16.196+0000] {logging_mixin.py:120} INFO - [2023-11-11T17:35:16.195+0000] {dag.py:3340} INFO - Setting next_dagrun for example_xcom_args to None, run_after=None
[2023-11-11T17:35:16.203+0000] {logging_mixin.py:120} INFO - [2023-11-11T17:35:16.203+0000] {dag.py:3340} INFO - Setting next_dagrun for example_xcom_args_with_operators to None, run_after=None
[2023-11-11T17:35:16.245+0000] {processor.py:176} INFO - Processing /home/airflow/.local/lib/python3.7/site-packages/airflow/example_dags/example_xcomargs.py took 0.274 seconds
[2023-11-11T17:35:46.276+0000] {processor.py:154} INFO - Started process (PID=739) to work on /home/airflow/.local/lib/python3.7/site-packages/airflow/example_dags/example_xcomargs.py
[2023-11-11T17:35:46.277+0000] {processor.py:756} INFO - Processing file /home/airflow/.local/lib/python3.7/site-packages/airflow/example_dags/example_xcomargs.py for tasks to queue
[2023-11-11T17:35:46.278+0000] {logging_mixin.py:120} INFO - [2023-11-11T17:35:46.278+0000] {dagbag.py:537} INFO - Filling up the DagBag from /home/airflow/.local/lib/python3.7/site-packages/airflow/example_dags/example_xcomargs.py
[2023-11-11T17:35:46.311+0000] {processor.py:766} INFO - DAG(s) dict_keys(['example_xcom_args_with_operators', 'example_xcom_args']) retrieved from /home/airflow/.local/lib/python3.7/site-packages/airflow/example_dags/example_xcomargs.py
[2023-11-11T17:35:46.369+0000] {logging_mixin.py:120} INFO - [2023-11-11T17:35:46.369+0000] {dag.py:2585} INFO - Sync 2 DAGs
[2023-11-11T17:35:46.406+0000] {logging_mixin.py:120} INFO - [2023-11-11T17:35:46.405+0000] {dag.py:3340} INFO - Setting next_dagrun for example_xcom_args to None, run_after=None
[2023-11-11T17:35:46.410+0000] {logging_mixin.py:120} INFO - [2023-11-11T17:35:46.410+0000] {dag.py:3340} INFO - Setting next_dagrun for example_xcom_args_with_operators to None, run_after=None
[2023-11-11T17:35:46.433+0000] {processor.py:176} INFO - Processing /home/airflow/.local/lib/python3.7/site-packages/airflow/example_dags/example_xcomargs.py took 0.161 seconds
[2023-11-11T17:36:16.582+0000] {processor.py:154} INFO - Started process (PID=793) to work on /home/airflow/.local/lib/python3.7/site-packages/airflow/example_dags/example_xcomargs.py
[2023-11-11T17:36:16.583+0000] {processor.py:756} INFO - Processing file /home/airflow/.local/lib/python3.7/site-packages/airflow/example_dags/example_xcomargs.py for tasks to queue
[2023-11-11T17:36:16.584+0000] {logging_mixin.py:120} INFO - [2023-11-11T17:36:16.584+0000] {dagbag.py:537} INFO - Filling up the DagBag from /home/airflow/.local/lib/python3.7/site-packages/airflow/example_dags/example_xcomargs.py
[2023-11-11T17:36:16.621+0000] {processor.py:766} INFO - DAG(s) dict_keys(['example_xcom_args_with_operators', 'example_xcom_args']) retrieved from /home/airflow/.local/lib/python3.7/site-packages/airflow/example_dags/example_xcomargs.py
[2023-11-11T17:36:16.690+0000] {logging_mixin.py:120} INFO - [2023-11-11T17:36:16.690+0000] {dag.py:2585} INFO - Sync 2 DAGs
[2023-11-11T17:36:16.733+0000] {logging_mixin.py:120} INFO - [2023-11-11T17:36:16.733+0000] {dag.py:3340} INFO - Setting next_dagrun for example_xcom_args to None, run_after=None
[2023-11-11T17:36:16.746+0000] {logging_mixin.py:120} INFO - [2023-11-11T17:36:16.746+0000] {dag.py:3340} INFO - Setting next_dagrun for example_xcom_args_with_operators to None, run_after=None
[2023-11-11T17:36:16.776+0000] {processor.py:176} INFO - Processing /home/airflow/.local/lib/python3.7/site-packages/airflow/example_dags/example_xcomargs.py took 0.202 seconds
[2023-11-11T17:36:47.059+0000] {processor.py:154} INFO - Started process (PID=856) to work on /home/airflow/.local/lib/python3.7/site-packages/airflow/example_dags/example_xcomargs.py
[2023-11-11T17:36:47.065+0000] {processor.py:756} INFO - Processing file /home/airflow/.local/lib/python3.7/site-packages/airflow/example_dags/example_xcomargs.py for tasks to queue
[2023-11-11T17:36:47.067+0000] {logging_mixin.py:120} INFO - [2023-11-11T17:36:47.066+0000] {dagbag.py:537} INFO - Filling up the DagBag from /home/airflow/.local/lib/python3.7/site-packages/airflow/example_dags/example_xcomargs.py
[2023-11-11T17:36:47.131+0000] {processor.py:766} INFO - DAG(s) dict_keys(['example_xcom_args_with_operators', 'example_xcom_args']) retrieved from /home/airflow/.local/lib/python3.7/site-packages/airflow/example_dags/example_xcomargs.py
[2023-11-11T17:36:47.218+0000] {logging_mixin.py:120} INFO - [2023-11-11T17:36:47.218+0000] {dag.py:2585} INFO - Sync 2 DAGs
[2023-11-11T17:36:47.256+0000] {logging_mixin.py:120} INFO - [2023-11-11T17:36:47.255+0000] {dag.py:3340} INFO - Setting next_dagrun for example_xcom_args to None, run_after=None
[2023-11-11T17:36:47.260+0000] {logging_mixin.py:120} INFO - [2023-11-11T17:36:47.259+0000] {dag.py:3340} INFO - Setting next_dagrun for example_xcom_args_with_operators to None, run_after=None
[2023-11-11T17:36:47.284+0000] {processor.py:176} INFO - Processing /home/airflow/.local/lib/python3.7/site-packages/airflow/example_dags/example_xcomargs.py took 0.231 seconds
[2023-11-11T17:37:18.152+0000] {processor.py:154} INFO - Started process (PID=919) to work on /home/airflow/.local/lib/python3.7/site-packages/airflow/example_dags/example_xcomargs.py
[2023-11-11T17:37:18.153+0000] {processor.py:756} INFO - Processing file /home/airflow/.local/lib/python3.7/site-packages/airflow/example_dags/example_xcomargs.py for tasks to queue
[2023-11-11T17:37:18.154+0000] {logging_mixin.py:120} INFO - [2023-11-11T17:37:18.154+0000] {dagbag.py:537} INFO - Filling up the DagBag from /home/airflow/.local/lib/python3.7/site-packages/airflow/example_dags/example_xcomargs.py
[2023-11-11T17:37:18.209+0000] {processor.py:766} INFO - DAG(s) dict_keys(['example_xcom_args', 'example_xcom_args_with_operators']) retrieved from /home/airflow/.local/lib/python3.7/site-packages/airflow/example_dags/example_xcomargs.py
[2023-11-11T17:37:18.285+0000] {logging_mixin.py:120} INFO - [2023-11-11T17:37:18.284+0000] {dag.py:2585} INFO - Sync 2 DAGs
[2023-11-11T17:37:18.333+0000] {logging_mixin.py:120} INFO - [2023-11-11T17:37:18.333+0000] {dag.py:3340} INFO - Setting next_dagrun for example_xcom_args to None, run_after=None
[2023-11-11T17:37:18.341+0000] {logging_mixin.py:120} INFO - [2023-11-11T17:37:18.341+0000] {dag.py:3340} INFO - Setting next_dagrun for example_xcom_args_with_operators to None, run_after=None
[2023-11-11T17:37:18.372+0000] {processor.py:176} INFO - Processing /home/airflow/.local/lib/python3.7/site-packages/airflow/example_dags/example_xcomargs.py took 0.224 seconds
[2023-11-11T17:37:48.657+0000] {processor.py:154} INFO - Started process (PID=974) to work on /home/airflow/.local/lib/python3.7/site-packages/airflow/example_dags/example_xcomargs.py
[2023-11-11T17:37:48.658+0000] {processor.py:756} INFO - Processing file /home/airflow/.local/lib/python3.7/site-packages/airflow/example_dags/example_xcomargs.py for tasks to queue
[2023-11-11T17:37:48.659+0000] {logging_mixin.py:120} INFO - [2023-11-11T17:37:48.659+0000] {dagbag.py:537} INFO - Filling up the DagBag from /home/airflow/.local/lib/python3.7/site-packages/airflow/example_dags/example_xcomargs.py
[2023-11-11T17:37:48.704+0000] {processor.py:766} INFO - DAG(s) dict_keys(['example_xcom_args_with_operators', 'example_xcom_args']) retrieved from /home/airflow/.local/lib/python3.7/site-packages/airflow/example_dags/example_xcomargs.py
[2023-11-11T17:37:48.792+0000] {logging_mixin.py:120} INFO - [2023-11-11T17:37:48.792+0000] {dag.py:2585} INFO - Sync 2 DAGs
[2023-11-11T17:37:48.843+0000] {logging_mixin.py:120} INFO - [2023-11-11T17:37:48.843+0000] {dag.py:3340} INFO - Setting next_dagrun for example_xcom_args to None, run_after=None
[2023-11-11T17:37:48.850+0000] {logging_mixin.py:120} INFO - [2023-11-11T17:37:48.850+0000] {dag.py:3340} INFO - Setting next_dagrun for example_xcom_args_with_operators to None, run_after=None
[2023-11-11T17:37:48.885+0000] {processor.py:176} INFO - Processing /home/airflow/.local/lib/python3.7/site-packages/airflow/example_dags/example_xcomargs.py took 0.234 seconds
[2023-11-11T17:38:19.049+0000] {processor.py:154} INFO - Started process (PID=1037) to work on /home/airflow/.local/lib/python3.7/site-packages/airflow/example_dags/example_xcomargs.py
[2023-11-11T17:38:19.050+0000] {processor.py:756} INFO - Processing file /home/airflow/.local/lib/python3.7/site-packages/airflow/example_dags/example_xcomargs.py for tasks to queue
[2023-11-11T17:38:19.051+0000] {logging_mixin.py:120} INFO - [2023-11-11T17:38:19.051+0000] {dagbag.py:537} INFO - Filling up the DagBag from /home/airflow/.local/lib/python3.7/site-packages/airflow/example_dags/example_xcomargs.py
[2023-11-11T17:38:19.106+0000] {processor.py:766} INFO - DAG(s) dict_keys(['example_xcom_args', 'example_xcom_args_with_operators']) retrieved from /home/airflow/.local/lib/python3.7/site-packages/airflow/example_dags/example_xcomargs.py
[2023-11-11T17:38:19.205+0000] {logging_mixin.py:120} INFO - [2023-11-11T17:38:19.205+0000] {dag.py:2585} INFO - Sync 2 DAGs
[2023-11-11T17:38:19.269+0000] {logging_mixin.py:120} INFO - [2023-11-11T17:38:19.268+0000] {dag.py:3340} INFO - Setting next_dagrun for example_xcom_args to None, run_after=None
[2023-11-11T17:38:19.274+0000] {logging_mixin.py:120} INFO - [2023-11-11T17:38:19.274+0000] {dag.py:3340} INFO - Setting next_dagrun for example_xcom_args_with_operators to None, run_after=None
[2023-11-11T17:38:19.312+0000] {processor.py:176} INFO - Processing /home/airflow/.local/lib/python3.7/site-packages/airflow/example_dags/example_xcomargs.py took 0.269 seconds
[2023-11-11T17:38:49.712+0000] {processor.py:154} INFO - Started process (PID=1091) to work on /home/airflow/.local/lib/python3.7/site-packages/airflow/example_dags/example_xcomargs.py
[2023-11-11T17:38:49.713+0000] {processor.py:756} INFO - Processing file /home/airflow/.local/lib/python3.7/site-packages/airflow/example_dags/example_xcomargs.py for tasks to queue
[2023-11-11T17:38:49.715+0000] {logging_mixin.py:120} INFO - [2023-11-11T17:38:49.715+0000] {dagbag.py:537} INFO - Filling up the DagBag from /home/airflow/.local/lib/python3.7/site-packages/airflow/example_dags/example_xcomargs.py
[2023-11-11T17:38:49.762+0000] {processor.py:766} INFO - DAG(s) dict_keys(['example_xcom_args', 'example_xcom_args_with_operators']) retrieved from /home/airflow/.local/lib/python3.7/site-packages/airflow/example_dags/example_xcomargs.py
[2023-11-11T17:38:49.846+0000] {logging_mixin.py:120} INFO - [2023-11-11T17:38:49.846+0000] {dag.py:2585} INFO - Sync 2 DAGs
[2023-11-11T17:38:49.922+0000] {logging_mixin.py:120} INFO - [2023-11-11T17:38:49.922+0000] {dag.py:3340} INFO - Setting next_dagrun for example_xcom_args to None, run_after=None
[2023-11-11T17:38:49.936+0000] {logging_mixin.py:120} INFO - [2023-11-11T17:38:49.936+0000] {dag.py:3340} INFO - Setting next_dagrun for example_xcom_args_with_operators to None, run_after=None
[2023-11-11T17:38:49.987+0000] {processor.py:176} INFO - Processing /home/airflow/.local/lib/python3.7/site-packages/airflow/example_dags/example_xcomargs.py took 0.280 seconds
[2023-11-11T17:39:20.284+0000] {processor.py:154} INFO - Started process (PID=1152) to work on /home/airflow/.local/lib/python3.7/site-packages/airflow/example_dags/example_xcomargs.py
[2023-11-11T17:39:20.286+0000] {processor.py:756} INFO - Processing file /home/airflow/.local/lib/python3.7/site-packages/airflow/example_dags/example_xcomargs.py for tasks to queue
[2023-11-11T17:39:20.292+0000] {logging_mixin.py:120} INFO - [2023-11-11T17:39:20.292+0000] {dagbag.py:537} INFO - Filling up the DagBag from /home/airflow/.local/lib/python3.7/site-packages/airflow/example_dags/example_xcomargs.py
[2023-11-11T17:39:20.358+0000] {processor.py:766} INFO - DAG(s) dict_keys(['example_xcom_args', 'example_xcom_args_with_operators']) retrieved from /home/airflow/.local/lib/python3.7/site-packages/airflow/example_dags/example_xcomargs.py
[2023-11-11T17:39:20.485+0000] {logging_mixin.py:120} INFO - [2023-11-11T17:39:20.485+0000] {dag.py:2585} INFO - Sync 2 DAGs
[2023-11-11T17:39:20.561+0000] {logging_mixin.py:120} INFO - [2023-11-11T17:39:20.560+0000] {dag.py:3340} INFO - Setting next_dagrun for example_xcom_args to None, run_after=None
[2023-11-11T17:39:20.573+0000] {logging_mixin.py:120} INFO - [2023-11-11T17:39:20.573+0000] {dag.py:3340} INFO - Setting next_dagrun for example_xcom_args_with_operators to None, run_after=None
[2023-11-11T17:39:20.630+0000] {processor.py:176} INFO - Processing /home/airflow/.local/lib/python3.7/site-packages/airflow/example_dags/example_xcomargs.py took 0.353 seconds
[2023-11-11T17:39:51.654+0000] {processor.py:154} INFO - Started process (PID=1208) to work on /home/airflow/.local/lib/python3.7/site-packages/airflow/example_dags/example_xcomargs.py
[2023-11-11T17:39:51.677+0000] {processor.py:756} INFO - Processing file /home/airflow/.local/lib/python3.7/site-packages/airflow/example_dags/example_xcomargs.py for tasks to queue
[2023-11-11T17:39:51.681+0000] {logging_mixin.py:120} INFO - [2023-11-11T17:39:51.680+0000] {dagbag.py:537} INFO - Filling up the DagBag from /home/airflow/.local/lib/python3.7/site-packages/airflow/example_dags/example_xcomargs.py
[2023-11-11T17:39:51.855+0000] {processor.py:766} INFO - DAG(s) dict_keys(['example_xcom_args_with_operators', 'example_xcom_args']) retrieved from /home/airflow/.local/lib/python3.7/site-packages/airflow/example_dags/example_xcomargs.py
[2023-11-11T17:39:52.151+0000] {logging_mixin.py:120} INFO - [2023-11-11T17:39:52.151+0000] {dag.py:2585} INFO - Sync 2 DAGs
[2023-11-11T17:39:52.249+0000] {logging_mixin.py:120} INFO - [2023-11-11T17:39:52.249+0000] {dag.py:3340} INFO - Setting next_dagrun for example_xcom_args to None, run_after=None
[2023-11-11T17:39:52.260+0000] {logging_mixin.py:120} INFO - [2023-11-11T17:39:52.260+0000] {dag.py:3340} INFO - Setting next_dagrun for example_xcom_args_with_operators to None, run_after=None
[2023-11-11T17:39:52.299+0000] {processor.py:176} INFO - Processing /home/airflow/.local/lib/python3.7/site-packages/airflow/example_dags/example_xcomargs.py took 0.736 seconds
