[2023-11-11T17:02:11.758+0000] {processor.py:154} INFO - Started process (PID=88) to work on /home/airflow/.local/lib/python3.7/site-packages/airflow/example_dags/example_subdag_operator.py
[2023-11-11T17:02:11.767+0000] {processor.py:756} INFO - Processing file /home/airflow/.local/lib/python3.7/site-packages/airflow/example_dags/example_subdag_operator.py for tasks to queue
[2023-11-11T17:02:11.768+0000] {logging_mixin.py:120} INFO - [2023-11-11T17:02:11.768+0000] {dagbag.py:537} INFO - Filling up the DagBag from /home/airflow/.local/lib/python3.7/site-packages/airflow/example_dags/example_subdag_operator.py
[2023-11-11T17:02:12.181+0000] {processor.py:766} INFO - DAG(s) dict_keys(['example_subdag_operator.section-1', 'example_subdag_operator.section-2', 'example_subdag_operator']) retrieved from /home/airflow/.local/lib/python3.7/site-packages/airflow/example_dags/example_subdag_operator.py
[2023-11-11T17:02:13.746+0000] {logging_mixin.py:120} INFO - [2023-11-11T17:02:13.746+0000] {dag.py:2585} INFO - Sync 3 DAGs
[2023-11-11T17:02:13.826+0000] {logging_mixin.py:120} INFO - [2023-11-11T17:02:13.825+0000] {dag.py:3340} INFO - Setting next_dagrun for example_subdag_operator to 2022-01-01T00:00:00+00:00, run_after=2022-01-01T00:00:00+00:00
[2023-11-11T17:02:13.850+0000] {logging_mixin.py:120} INFO - [2023-11-11T17:02:13.850+0000] {dag.py:3340} INFO - Setting next_dagrun for example_subdag_operator.section-1 to None, run_after=None
[2023-11-11T17:02:13.856+0000] {logging_mixin.py:120} INFO - [2023-11-11T17:02:13.856+0000] {dag.py:3340} INFO - Setting next_dagrun for example_subdag_operator.section-2 to None, run_after=None
[2023-11-11T17:02:13.889+0000] {logging_mixin.py:120} INFO - [2023-11-11T17:02:13.889+0000] {dag.py:2585} INFO - Sync 2 DAGs
[2023-11-11T17:02:13.906+0000] {logging_mixin.py:120} INFO - [2023-11-11T17:02:13.905+0000] {dag.py:3340} INFO - Setting next_dagrun for example_subdag_operator.section-1 to None, run_after=None
[2023-11-11T17:02:13.906+0000] {logging_mixin.py:120} INFO - [2023-11-11T17:02:13.906+0000] {dag.py:3340} INFO - Setting next_dagrun for example_subdag_operator.section-2 to None, run_after=None
[2023-11-11T17:02:13.937+0000] {processor.py:176} INFO - Processing /home/airflow/.local/lib/python3.7/site-packages/airflow/example_dags/example_subdag_operator.py took 2.230 seconds
[2023-11-11T17:02:44.280+0000] {processor.py:154} INFO - Started process (PID=142) to work on /home/airflow/.local/lib/python3.7/site-packages/airflow/example_dags/example_subdag_operator.py
[2023-11-11T17:02:44.283+0000] {processor.py:756} INFO - Processing file /home/airflow/.local/lib/python3.7/site-packages/airflow/example_dags/example_subdag_operator.py for tasks to queue
[2023-11-11T17:02:44.285+0000] {logging_mixin.py:120} INFO - [2023-11-11T17:02:44.285+0000] {dagbag.py:537} INFO - Filling up the DagBag from /home/airflow/.local/lib/python3.7/site-packages/airflow/example_dags/example_subdag_operator.py
[2023-11-11T17:02:44.435+0000] {processor.py:766} INFO - DAG(s) dict_keys(['example_subdag_operator.section-1', 'example_subdag_operator.section-2', 'example_subdag_operator']) retrieved from /home/airflow/.local/lib/python3.7/site-packages/airflow/example_dags/example_subdag_operator.py
[2023-11-11T17:02:44.898+0000] {logging_mixin.py:120} INFO - [2023-11-11T17:02:44.898+0000] {dag.py:2585} INFO - Sync 3 DAGs
[2023-11-11T17:02:44.958+0000] {logging_mixin.py:120} INFO - [2023-11-11T17:02:44.958+0000] {dag.py:3340} INFO - Setting next_dagrun for example_subdag_operator to 2022-01-01T00:00:00+00:00, run_after=2022-01-01T00:00:00+00:00
[2023-11-11T17:02:44.963+0000] {logging_mixin.py:120} INFO - [2023-11-11T17:02:44.963+0000] {dag.py:3340} INFO - Setting next_dagrun for example_subdag_operator.section-1 to None, run_after=None
[2023-11-11T17:02:44.966+0000] {logging_mixin.py:120} INFO - [2023-11-11T17:02:44.966+0000] {dag.py:3340} INFO - Setting next_dagrun for example_subdag_operator.section-2 to None, run_after=None
[2023-11-11T17:02:44.976+0000] {logging_mixin.py:120} INFO - [2023-11-11T17:02:44.975+0000] {dag.py:2585} INFO - Sync 2 DAGs
[2023-11-11T17:02:44.985+0000] {logging_mixin.py:120} INFO - [2023-11-11T17:02:44.985+0000] {dag.py:3340} INFO - Setting next_dagrun for example_subdag_operator.section-1 to None, run_after=None
[2023-11-11T17:02:44.985+0000] {logging_mixin.py:120} INFO - [2023-11-11T17:02:44.985+0000] {dag.py:3340} INFO - Setting next_dagrun for example_subdag_operator.section-2 to None, run_after=None
[2023-11-11T17:02:45.005+0000] {processor.py:176} INFO - Processing /home/airflow/.local/lib/python3.7/site-packages/airflow/example_dags/example_subdag_operator.py took 0.728 seconds
[2023-11-11T17:03:15.301+0000] {processor.py:154} INFO - Started process (PID=206) to work on /home/airflow/.local/lib/python3.7/site-packages/airflow/example_dags/example_subdag_operator.py
[2023-11-11T17:03:15.329+0000] {processor.py:756} INFO - Processing file /home/airflow/.local/lib/python3.7/site-packages/airflow/example_dags/example_subdag_operator.py for tasks to queue
[2023-11-11T17:03:15.331+0000] {logging_mixin.py:120} INFO - [2023-11-11T17:03:15.330+0000] {dagbag.py:537} INFO - Filling up the DagBag from /home/airflow/.local/lib/python3.7/site-packages/airflow/example_dags/example_subdag_operator.py
[2023-11-11T17:03:15.435+0000] {processor.py:766} INFO - DAG(s) dict_keys(['example_subdag_operator.section-1', 'example_subdag_operator.section-2', 'example_subdag_operator']) retrieved from /home/airflow/.local/lib/python3.7/site-packages/airflow/example_dags/example_subdag_operator.py
[2023-11-11T17:03:16.216+0000] {logging_mixin.py:120} INFO - [2023-11-11T17:03:16.216+0000] {dag.py:2585} INFO - Sync 3 DAGs
[2023-11-11T17:03:16.333+0000] {logging_mixin.py:120} INFO - [2023-11-11T17:03:16.332+0000] {dag.py:3340} INFO - Setting next_dagrun for example_subdag_operator to 2022-01-01T00:00:00+00:00, run_after=2022-01-01T00:00:00+00:00
[2023-11-11T17:03:16.349+0000] {logging_mixin.py:120} INFO - [2023-11-11T17:03:16.345+0000] {dag.py:3340} INFO - Setting next_dagrun for example_subdag_operator.section-1 to None, run_after=None
[2023-11-11T17:03:16.353+0000] {logging_mixin.py:120} INFO - [2023-11-11T17:03:16.353+0000] {dag.py:3340} INFO - Setting next_dagrun for example_subdag_operator.section-2 to None, run_after=None
[2023-11-11T17:03:16.639+0000] {logging_mixin.py:120} INFO - [2023-11-11T17:03:16.637+0000] {dag.py:2585} INFO - Sync 2 DAGs
[2023-11-11T17:03:16.657+0000] {logging_mixin.py:120} INFO - [2023-11-11T17:03:16.657+0000] {dag.py:3340} INFO - Setting next_dagrun for example_subdag_operator.section-1 to None, run_after=None
[2023-11-11T17:03:16.658+0000] {logging_mixin.py:120} INFO - [2023-11-11T17:03:16.658+0000] {dag.py:3340} INFO - Setting next_dagrun for example_subdag_operator.section-2 to None, run_after=None
[2023-11-11T17:03:17.068+0000] {processor.py:176} INFO - Processing /home/airflow/.local/lib/python3.7/site-packages/airflow/example_dags/example_subdag_operator.py took 1.776 seconds
[2023-11-11T17:03:47.204+0000] {processor.py:154} INFO - Started process (PID=261) to work on /home/airflow/.local/lib/python3.7/site-packages/airflow/example_dags/example_subdag_operator.py
[2023-11-11T17:03:47.205+0000] {processor.py:756} INFO - Processing file /home/airflow/.local/lib/python3.7/site-packages/airflow/example_dags/example_subdag_operator.py for tasks to queue
[2023-11-11T17:03:47.207+0000] {logging_mixin.py:120} INFO - [2023-11-11T17:03:47.206+0000] {dagbag.py:537} INFO - Filling up the DagBag from /home/airflow/.local/lib/python3.7/site-packages/airflow/example_dags/example_subdag_operator.py
[2023-11-11T17:03:47.311+0000] {processor.py:766} INFO - DAG(s) dict_keys(['example_subdag_operator.section-1', 'example_subdag_operator.section-2', 'example_subdag_operator']) retrieved from /home/airflow/.local/lib/python3.7/site-packages/airflow/example_dags/example_subdag_operator.py
[2023-11-11T17:03:47.607+0000] {logging_mixin.py:120} INFO - [2023-11-11T17:03:47.606+0000] {dag.py:2585} INFO - Sync 3 DAGs
[2023-11-11T17:03:47.640+0000] {logging_mixin.py:120} INFO - [2023-11-11T17:03:47.640+0000] {dag.py:3340} INFO - Setting next_dagrun for example_subdag_operator to 2022-01-01T00:00:00+00:00, run_after=2022-01-01T00:00:00+00:00
[2023-11-11T17:03:47.644+0000] {logging_mixin.py:120} INFO - [2023-11-11T17:03:47.644+0000] {dag.py:3340} INFO - Setting next_dagrun for example_subdag_operator.section-1 to None, run_after=None
[2023-11-11T17:03:47.645+0000] {logging_mixin.py:120} INFO - [2023-11-11T17:03:47.645+0000] {dag.py:3340} INFO - Setting next_dagrun for example_subdag_operator.section-2 to None, run_after=None
[2023-11-11T17:03:47.656+0000] {logging_mixin.py:120} INFO - [2023-11-11T17:03:47.656+0000] {dag.py:2585} INFO - Sync 2 DAGs
[2023-11-11T17:03:47.662+0000] {logging_mixin.py:120} INFO - [2023-11-11T17:03:47.662+0000] {dag.py:3340} INFO - Setting next_dagrun for example_subdag_operator.section-1 to None, run_after=None
[2023-11-11T17:03:47.662+0000] {logging_mixin.py:120} INFO - [2023-11-11T17:03:47.662+0000] {dag.py:3340} INFO - Setting next_dagrun for example_subdag_operator.section-2 to None, run_after=None
[2023-11-11T17:03:47.678+0000] {processor.py:176} INFO - Processing /home/airflow/.local/lib/python3.7/site-packages/airflow/example_dags/example_subdag_operator.py took 0.478 seconds
[2023-11-11T17:04:18.257+0000] {processor.py:154} INFO - Started process (PID=321) to work on /home/airflow/.local/lib/python3.7/site-packages/airflow/example_dags/example_subdag_operator.py
[2023-11-11T17:04:18.259+0000] {processor.py:756} INFO - Processing file /home/airflow/.local/lib/python3.7/site-packages/airflow/example_dags/example_subdag_operator.py for tasks to queue
[2023-11-11T17:04:18.260+0000] {logging_mixin.py:120} INFO - [2023-11-11T17:04:18.260+0000] {dagbag.py:537} INFO - Filling up the DagBag from /home/airflow/.local/lib/python3.7/site-packages/airflow/example_dags/example_subdag_operator.py
[2023-11-11T17:04:18.321+0000] {processor.py:766} INFO - DAG(s) dict_keys(['example_subdag_operator.section-1', 'example_subdag_operator.section-2', 'example_subdag_operator']) retrieved from /home/airflow/.local/lib/python3.7/site-packages/airflow/example_dags/example_subdag_operator.py
[2023-11-11T17:04:18.713+0000] {logging_mixin.py:120} INFO - [2023-11-11T17:04:18.713+0000] {dag.py:2585} INFO - Sync 3 DAGs
[2023-11-11T17:04:18.753+0000] {logging_mixin.py:120} INFO - [2023-11-11T17:04:18.753+0000] {dag.py:3340} INFO - Setting next_dagrun for example_subdag_operator to 2022-01-01T00:00:00+00:00, run_after=2022-01-01T00:00:00+00:00
[2023-11-11T17:04:18.757+0000] {logging_mixin.py:120} INFO - [2023-11-11T17:04:18.756+0000] {dag.py:3340} INFO - Setting next_dagrun for example_subdag_operator.section-1 to None, run_after=None
[2023-11-11T17:04:18.759+0000] {logging_mixin.py:120} INFO - [2023-11-11T17:04:18.759+0000] {dag.py:3340} INFO - Setting next_dagrun for example_subdag_operator.section-2 to None, run_after=None
[2023-11-11T17:04:18.770+0000] {logging_mixin.py:120} INFO - [2023-11-11T17:04:18.769+0000] {dag.py:2585} INFO - Sync 2 DAGs
[2023-11-11T17:04:18.778+0000] {logging_mixin.py:120} INFO - [2023-11-11T17:04:18.778+0000] {dag.py:3340} INFO - Setting next_dagrun for example_subdag_operator.section-1 to None, run_after=None
[2023-11-11T17:04:18.779+0000] {logging_mixin.py:120} INFO - [2023-11-11T17:04:18.779+0000] {dag.py:3340} INFO - Setting next_dagrun for example_subdag_operator.section-2 to None, run_after=None
[2023-11-11T17:04:18.797+0000] {processor.py:176} INFO - Processing /home/airflow/.local/lib/python3.7/site-packages/airflow/example_dags/example_subdag_operator.py took 0.544 seconds
[2023-11-11T17:04:49.080+0000] {processor.py:154} INFO - Started process (PID=378) to work on /home/airflow/.local/lib/python3.7/site-packages/airflow/example_dags/example_subdag_operator.py
[2023-11-11T17:04:49.081+0000] {processor.py:756} INFO - Processing file /home/airflow/.local/lib/python3.7/site-packages/airflow/example_dags/example_subdag_operator.py for tasks to queue
[2023-11-11T17:04:49.082+0000] {logging_mixin.py:120} INFO - [2023-11-11T17:04:49.082+0000] {dagbag.py:537} INFO - Filling up the DagBag from /home/airflow/.local/lib/python3.7/site-packages/airflow/example_dags/example_subdag_operator.py
[2023-11-11T17:04:49.134+0000] {processor.py:766} INFO - DAG(s) dict_keys(['example_subdag_operator.section-1', 'example_subdag_operator.section-2', 'example_subdag_operator']) retrieved from /home/airflow/.local/lib/python3.7/site-packages/airflow/example_dags/example_subdag_operator.py
[2023-11-11T17:04:49.389+0000] {logging_mixin.py:120} INFO - [2023-11-11T17:04:49.389+0000] {dag.py:2585} INFO - Sync 3 DAGs
[2023-11-11T17:04:49.419+0000] {logging_mixin.py:120} INFO - [2023-11-11T17:04:49.419+0000] {dag.py:3340} INFO - Setting next_dagrun for example_subdag_operator to 2022-01-01T00:00:00+00:00, run_after=2022-01-01T00:00:00+00:00
[2023-11-11T17:04:49.424+0000] {logging_mixin.py:120} INFO - [2023-11-11T17:04:49.424+0000] {dag.py:3340} INFO - Setting next_dagrun for example_subdag_operator.section-1 to None, run_after=None
[2023-11-11T17:04:49.425+0000] {logging_mixin.py:120} INFO - [2023-11-11T17:04:49.425+0000] {dag.py:3340} INFO - Setting next_dagrun for example_subdag_operator.section-2 to None, run_after=None
[2023-11-11T17:04:49.433+0000] {logging_mixin.py:120} INFO - [2023-11-11T17:04:49.432+0000] {dag.py:2585} INFO - Sync 2 DAGs
[2023-11-11T17:04:49.439+0000] {logging_mixin.py:120} INFO - [2023-11-11T17:04:49.439+0000] {dag.py:3340} INFO - Setting next_dagrun for example_subdag_operator.section-1 to None, run_after=None
[2023-11-11T17:04:49.439+0000] {logging_mixin.py:120} INFO - [2023-11-11T17:04:49.439+0000] {dag.py:3340} INFO - Setting next_dagrun for example_subdag_operator.section-2 to None, run_after=None
[2023-11-11T17:04:49.456+0000] {processor.py:176} INFO - Processing /home/airflow/.local/lib/python3.7/site-packages/airflow/example_dags/example_subdag_operator.py took 0.391 seconds
[2023-11-11T17:05:20.336+0000] {processor.py:154} INFO - Started process (PID=441) to work on /home/airflow/.local/lib/python3.7/site-packages/airflow/example_dags/example_subdag_operator.py
[2023-11-11T17:05:20.338+0000] {processor.py:756} INFO - Processing file /home/airflow/.local/lib/python3.7/site-packages/airflow/example_dags/example_subdag_operator.py for tasks to queue
[2023-11-11T17:05:20.339+0000] {logging_mixin.py:120} INFO - [2023-11-11T17:05:20.338+0000] {dagbag.py:537} INFO - Filling up the DagBag from /home/airflow/.local/lib/python3.7/site-packages/airflow/example_dags/example_subdag_operator.py
[2023-11-11T17:05:20.377+0000] {processor.py:766} INFO - DAG(s) dict_keys(['example_subdag_operator.section-1', 'example_subdag_operator.section-2', 'example_subdag_operator']) retrieved from /home/airflow/.local/lib/python3.7/site-packages/airflow/example_dags/example_subdag_operator.py
[2023-11-11T17:05:20.635+0000] {logging_mixin.py:120} INFO - [2023-11-11T17:05:20.634+0000] {dag.py:2585} INFO - Sync 3 DAGs
[2023-11-11T17:05:20.665+0000] {logging_mixin.py:120} INFO - [2023-11-11T17:05:20.665+0000] {dag.py:3340} INFO - Setting next_dagrun for example_subdag_operator to 2022-01-01T00:00:00+00:00, run_after=2022-01-01T00:00:00+00:00
[2023-11-11T17:05:20.671+0000] {logging_mixin.py:120} INFO - [2023-11-11T17:05:20.670+0000] {dag.py:3340} INFO - Setting next_dagrun for example_subdag_operator.section-1 to None, run_after=None
[2023-11-11T17:05:20.672+0000] {logging_mixin.py:120} INFO - [2023-11-11T17:05:20.672+0000] {dag.py:3340} INFO - Setting next_dagrun for example_subdag_operator.section-2 to None, run_after=None
[2023-11-11T17:05:20.681+0000] {logging_mixin.py:120} INFO - [2023-11-11T17:05:20.680+0000] {dag.py:2585} INFO - Sync 2 DAGs
[2023-11-11T17:05:20.691+0000] {logging_mixin.py:120} INFO - [2023-11-11T17:05:20.690+0000] {dag.py:3340} INFO - Setting next_dagrun for example_subdag_operator.section-1 to None, run_after=None
[2023-11-11T17:05:20.692+0000] {logging_mixin.py:120} INFO - [2023-11-11T17:05:20.692+0000] {dag.py:3340} INFO - Setting next_dagrun for example_subdag_operator.section-2 to None, run_after=None
[2023-11-11T17:05:20.722+0000] {processor.py:176} INFO - Processing /home/airflow/.local/lib/python3.7/site-packages/airflow/example_dags/example_subdag_operator.py took 0.392 seconds
[2023-11-11T17:05:51.391+0000] {processor.py:154} INFO - Started process (PID=495) to work on /home/airflow/.local/lib/python3.7/site-packages/airflow/example_dags/example_subdag_operator.py
[2023-11-11T17:05:51.392+0000] {processor.py:756} INFO - Processing file /home/airflow/.local/lib/python3.7/site-packages/airflow/example_dags/example_subdag_operator.py for tasks to queue
[2023-11-11T17:05:51.393+0000] {logging_mixin.py:120} INFO - [2023-11-11T17:05:51.393+0000] {dagbag.py:537} INFO - Filling up the DagBag from /home/airflow/.local/lib/python3.7/site-packages/airflow/example_dags/example_subdag_operator.py
[2023-11-11T17:05:51.452+0000] {processor.py:766} INFO - DAG(s) dict_keys(['example_subdag_operator.section-1', 'example_subdag_operator.section-2', 'example_subdag_operator']) retrieved from /home/airflow/.local/lib/python3.7/site-packages/airflow/example_dags/example_subdag_operator.py
[2023-11-11T17:05:51.936+0000] {logging_mixin.py:120} INFO - [2023-11-11T17:05:51.936+0000] {dag.py:2585} INFO - Sync 3 DAGs
[2023-11-11T17:05:52.027+0000] {logging_mixin.py:120} INFO - [2023-11-11T17:05:52.027+0000] {dag.py:3340} INFO - Setting next_dagrun for example_subdag_operator to 2022-01-01T00:00:00+00:00, run_after=2022-01-01T00:00:00+00:00
[2023-11-11T17:05:52.038+0000] {logging_mixin.py:120} INFO - [2023-11-11T17:05:52.037+0000] {dag.py:3340} INFO - Setting next_dagrun for example_subdag_operator.section-1 to None, run_after=None
[2023-11-11T17:05:52.042+0000] {logging_mixin.py:120} INFO - [2023-11-11T17:05:52.042+0000] {dag.py:3340} INFO - Setting next_dagrun for example_subdag_operator.section-2 to None, run_after=None
[2023-11-11T17:05:52.071+0000] {logging_mixin.py:120} INFO - [2023-11-11T17:05:52.071+0000] {dag.py:2585} INFO - Sync 2 DAGs
[2023-11-11T17:05:52.087+0000] {logging_mixin.py:120} INFO - [2023-11-11T17:05:52.086+0000] {dag.py:3340} INFO - Setting next_dagrun for example_subdag_operator.section-1 to None, run_after=None
[2023-11-11T17:05:52.087+0000] {logging_mixin.py:120} INFO - [2023-11-11T17:05:52.087+0000] {dag.py:3340} INFO - Setting next_dagrun for example_subdag_operator.section-2 to None, run_after=None
[2023-11-11T17:05:52.148+0000] {processor.py:176} INFO - Processing /home/airflow/.local/lib/python3.7/site-packages/airflow/example_dags/example_subdag_operator.py took 0.763 seconds
[2023-11-11T17:06:22.244+0000] {processor.py:154} INFO - Started process (PID=558) to work on /home/airflow/.local/lib/python3.7/site-packages/airflow/example_dags/example_subdag_operator.py
[2023-11-11T17:06:22.245+0000] {processor.py:756} INFO - Processing file /home/airflow/.local/lib/python3.7/site-packages/airflow/example_dags/example_subdag_operator.py for tasks to queue
[2023-11-11T17:06:22.246+0000] {logging_mixin.py:120} INFO - [2023-11-11T17:06:22.246+0000] {dagbag.py:537} INFO - Filling up the DagBag from /home/airflow/.local/lib/python3.7/site-packages/airflow/example_dags/example_subdag_operator.py
[2023-11-11T17:06:22.294+0000] {processor.py:766} INFO - DAG(s) dict_keys(['example_subdag_operator.section-1', 'example_subdag_operator.section-2', 'example_subdag_operator']) retrieved from /home/airflow/.local/lib/python3.7/site-packages/airflow/example_dags/example_subdag_operator.py
[2023-11-11T17:06:22.613+0000] {logging_mixin.py:120} INFO - [2023-11-11T17:06:22.613+0000] {dag.py:2585} INFO - Sync 3 DAGs
[2023-11-11T17:06:22.653+0000] {logging_mixin.py:120} INFO - [2023-11-11T17:06:22.653+0000] {dag.py:3340} INFO - Setting next_dagrun for example_subdag_operator to 2022-01-01T00:00:00+00:00, run_after=2022-01-01T00:00:00+00:00
[2023-11-11T17:06:22.657+0000] {logging_mixin.py:120} INFO - [2023-11-11T17:06:22.656+0000] {dag.py:3340} INFO - Setting next_dagrun for example_subdag_operator.section-1 to None, run_after=None
[2023-11-11T17:06:22.660+0000] {logging_mixin.py:120} INFO - [2023-11-11T17:06:22.660+0000] {dag.py:3340} INFO - Setting next_dagrun for example_subdag_operator.section-2 to None, run_after=None
[2023-11-11T17:06:22.672+0000] {logging_mixin.py:120} INFO - [2023-11-11T17:06:22.671+0000] {dag.py:2585} INFO - Sync 2 DAGs
[2023-11-11T17:06:22.682+0000] {logging_mixin.py:120} INFO - [2023-11-11T17:06:22.682+0000] {dag.py:3340} INFO - Setting next_dagrun for example_subdag_operator.section-1 to None, run_after=None
[2023-11-11T17:06:22.682+0000] {logging_mixin.py:120} INFO - [2023-11-11T17:06:22.682+0000] {dag.py:3340} INFO - Setting next_dagrun for example_subdag_operator.section-2 to None, run_after=None
[2023-11-11T17:06:22.698+0000] {processor.py:176} INFO - Processing /home/airflow/.local/lib/python3.7/site-packages/airflow/example_dags/example_subdag_operator.py took 0.458 seconds
[2023-11-11T17:06:53.373+0000] {processor.py:154} INFO - Started process (PID=612) to work on /home/airflow/.local/lib/python3.7/site-packages/airflow/example_dags/example_subdag_operator.py
[2023-11-11T17:06:53.375+0000] {processor.py:756} INFO - Processing file /home/airflow/.local/lib/python3.7/site-packages/airflow/example_dags/example_subdag_operator.py for tasks to queue
[2023-11-11T17:06:53.376+0000] {logging_mixin.py:120} INFO - [2023-11-11T17:06:53.376+0000] {dagbag.py:537} INFO - Filling up the DagBag from /home/airflow/.local/lib/python3.7/site-packages/airflow/example_dags/example_subdag_operator.py
[2023-11-11T17:06:53.418+0000] {processor.py:766} INFO - DAG(s) dict_keys(['example_subdag_operator.section-1', 'example_subdag_operator.section-2', 'example_subdag_operator']) retrieved from /home/airflow/.local/lib/python3.7/site-packages/airflow/example_dags/example_subdag_operator.py
[2023-11-11T17:06:53.719+0000] {logging_mixin.py:120} INFO - [2023-11-11T17:06:53.718+0000] {dag.py:2585} INFO - Sync 3 DAGs
[2023-11-11T17:06:53.752+0000] {logging_mixin.py:120} INFO - [2023-11-11T17:06:53.752+0000] {dag.py:3340} INFO - Setting next_dagrun for example_subdag_operator to 2022-01-01T00:00:00+00:00, run_after=2022-01-01T00:00:00+00:00
[2023-11-11T17:06:53.758+0000] {logging_mixin.py:120} INFO - [2023-11-11T17:06:53.758+0000] {dag.py:3340} INFO - Setting next_dagrun for example_subdag_operator.section-1 to None, run_after=None
[2023-11-11T17:06:53.759+0000] {logging_mixin.py:120} INFO - [2023-11-11T17:06:53.759+0000] {dag.py:3340} INFO - Setting next_dagrun for example_subdag_operator.section-2 to None, run_after=None
[2023-11-11T17:06:53.770+0000] {logging_mixin.py:120} INFO - [2023-11-11T17:06:53.770+0000] {dag.py:2585} INFO - Sync 2 DAGs
[2023-11-11T17:06:53.777+0000] {logging_mixin.py:120} INFO - [2023-11-11T17:06:53.777+0000] {dag.py:3340} INFO - Setting next_dagrun for example_subdag_operator.section-1 to None, run_after=None
[2023-11-11T17:06:53.777+0000] {logging_mixin.py:120} INFO - [2023-11-11T17:06:53.777+0000] {dag.py:3340} INFO - Setting next_dagrun for example_subdag_operator.section-2 to None, run_after=None
[2023-11-11T17:06:53.795+0000] {processor.py:176} INFO - Processing /home/airflow/.local/lib/python3.7/site-packages/airflow/example_dags/example_subdag_operator.py took 0.427 seconds
[2023-11-11T17:30:01.406+0000] {processor.py:154} INFO - Started process (PID=113) to work on /home/airflow/.local/lib/python3.7/site-packages/airflow/example_dags/example_subdag_operator.py
[2023-11-11T17:30:01.533+0000] {processor.py:756} INFO - Processing file /home/airflow/.local/lib/python3.7/site-packages/airflow/example_dags/example_subdag_operator.py for tasks to queue
[2023-11-11T17:30:01.535+0000] {logging_mixin.py:120} INFO - [2023-11-11T17:30:01.534+0000] {dagbag.py:537} INFO - Filling up the DagBag from /home/airflow/.local/lib/python3.7/site-packages/airflow/example_dags/example_subdag_operator.py
[2023-11-11T17:30:01.803+0000] {processor.py:766} INFO - DAG(s) dict_keys(['example_subdag_operator.section-1', 'example_subdag_operator.section-2', 'example_subdag_operator']) retrieved from /home/airflow/.local/lib/python3.7/site-packages/airflow/example_dags/example_subdag_operator.py
[2023-11-11T17:30:03.994+0000] {logging_mixin.py:120} INFO - [2023-11-11T17:30:03.992+0000] {manager.py:507} INFO - Created Permission View: can read on DAG:example_subdag_operator
[2023-11-11T17:30:04.105+0000] {logging_mixin.py:120} INFO - [2023-11-11T17:30:04.105+0000] {manager.py:507} INFO - Created Permission View: can delete on DAG:example_subdag_operator
[2023-11-11T17:30:04.228+0000] {logging_mixin.py:120} INFO - [2023-11-11T17:30:04.227+0000] {manager.py:507} INFO - Created Permission View: can edit on DAG:example_subdag_operator
[2023-11-11T17:30:04.233+0000] {logging_mixin.py:120} INFO - [2023-11-11T17:30:04.230+0000] {dag.py:2585} INFO - Sync 3 DAGs
[2023-11-11T17:30:04.367+0000] {logging_mixin.py:120} INFO - [2023-11-11T17:30:04.367+0000] {dag.py:2606} INFO - Creating ORM DAG for example_subdag_operator.section-1
[2023-11-11T17:30:04.376+0000] {logging_mixin.py:120} INFO - [2023-11-11T17:30:04.375+0000] {dag.py:2606} INFO - Creating ORM DAG for example_subdag_operator.section-2
[2023-11-11T17:30:04.377+0000] {logging_mixin.py:120} INFO - [2023-11-11T17:30:04.377+0000] {dag.py:2606} INFO - Creating ORM DAG for example_subdag_operator
[2023-11-11T17:30:04.435+0000] {logging_mixin.py:120} INFO - [2023-11-11T17:30:04.434+0000] {dag.py:3340} INFO - Setting next_dagrun for example_subdag_operator to 2022-01-01T00:00:00+00:00, run_after=2022-01-01T00:00:00+00:00
[2023-11-11T17:30:04.447+0000] {logging_mixin.py:120} INFO - [2023-11-11T17:30:04.438+0000] {dag.py:3340} INFO - Setting next_dagrun for example_subdag_operator.section-1 to None, run_after=None
[2023-11-11T17:30:04.448+0000] {logging_mixin.py:120} INFO - [2023-11-11T17:30:04.448+0000] {dag.py:3340} INFO - Setting next_dagrun for example_subdag_operator.section-2 to None, run_after=None
[2023-11-11T17:30:04.500+0000] {logging_mixin.py:120} INFO - [2023-11-11T17:30:04.499+0000] {dag.py:2585} INFO - Sync 2 DAGs
[2023-11-11T17:30:04.563+0000] {logging_mixin.py:120} INFO - [2023-11-11T17:30:04.562+0000] {dag.py:3340} INFO - Setting next_dagrun for example_subdag_operator.section-1 to None, run_after=None
[2023-11-11T17:30:04.605+0000] {logging_mixin.py:120} INFO - [2023-11-11T17:30:04.605+0000] {dag.py:3340} INFO - Setting next_dagrun for example_subdag_operator.section-2 to None, run_after=None
[2023-11-11T17:30:04.805+0000] {processor.py:176} INFO - Processing /home/airflow/.local/lib/python3.7/site-packages/airflow/example_dags/example_subdag_operator.py took 3.411 seconds
[2023-11-11T17:30:34.984+0000] {processor.py:154} INFO - Started process (PID=167) to work on /home/airflow/.local/lib/python3.7/site-packages/airflow/example_dags/example_subdag_operator.py
[2023-11-11T17:30:34.990+0000] {processor.py:756} INFO - Processing file /home/airflow/.local/lib/python3.7/site-packages/airflow/example_dags/example_subdag_operator.py for tasks to queue
[2023-11-11T17:30:34.992+0000] {logging_mixin.py:120} INFO - [2023-11-11T17:30:34.992+0000] {dagbag.py:537} INFO - Filling up the DagBag from /home/airflow/.local/lib/python3.7/site-packages/airflow/example_dags/example_subdag_operator.py
[2023-11-11T17:30:35.203+0000] {processor.py:766} INFO - DAG(s) dict_keys(['example_subdag_operator.section-1', 'example_subdag_operator.section-2', 'example_subdag_operator']) retrieved from /home/airflow/.local/lib/python3.7/site-packages/airflow/example_dags/example_subdag_operator.py
[2023-11-11T17:30:35.959+0000] {logging_mixin.py:120} INFO - [2023-11-11T17:30:35.958+0000] {dag.py:2585} INFO - Sync 3 DAGs
[2023-11-11T17:30:36.241+0000] {logging_mixin.py:120} INFO - [2023-11-11T17:30:36.240+0000] {dag.py:3340} INFO - Setting next_dagrun for example_subdag_operator to 2022-01-01T00:00:00+00:00, run_after=2022-01-01T00:00:00+00:00
[2023-11-11T17:30:36.272+0000] {logging_mixin.py:120} INFO - [2023-11-11T17:30:36.272+0000] {dag.py:3340} INFO - Setting next_dagrun for example_subdag_operator.section-1 to None, run_after=None
[2023-11-11T17:30:36.280+0000] {logging_mixin.py:120} INFO - [2023-11-11T17:30:36.279+0000] {dag.py:3340} INFO - Setting next_dagrun for example_subdag_operator.section-2 to None, run_after=None
[2023-11-11T17:30:36.355+0000] {logging_mixin.py:120} INFO - [2023-11-11T17:30:36.355+0000] {dag.py:2585} INFO - Sync 2 DAGs
[2023-11-11T17:30:36.427+0000] {logging_mixin.py:120} INFO - [2023-11-11T17:30:36.426+0000] {dag.py:3340} INFO - Setting next_dagrun for example_subdag_operator.section-1 to None, run_after=None
[2023-11-11T17:30:36.428+0000] {logging_mixin.py:120} INFO - [2023-11-11T17:30:36.428+0000] {dag.py:3340} INFO - Setting next_dagrun for example_subdag_operator.section-2 to None, run_after=None
[2023-11-11T17:30:36.518+0000] {processor.py:176} INFO - Processing /home/airflow/.local/lib/python3.7/site-packages/airflow/example_dags/example_subdag_operator.py took 1.544 seconds
[2023-11-11T17:31:06.791+0000] {processor.py:154} INFO - Started process (PID=222) to work on /home/airflow/.local/lib/python3.7/site-packages/airflow/example_dags/example_subdag_operator.py
[2023-11-11T17:31:06.794+0000] {processor.py:756} INFO - Processing file /home/airflow/.local/lib/python3.7/site-packages/airflow/example_dags/example_subdag_operator.py for tasks to queue
[2023-11-11T17:31:06.799+0000] {logging_mixin.py:120} INFO - [2023-11-11T17:31:06.798+0000] {dagbag.py:537} INFO - Filling up the DagBag from /home/airflow/.local/lib/python3.7/site-packages/airflow/example_dags/example_subdag_operator.py
[2023-11-11T17:31:07.291+0000] {processor.py:766} INFO - DAG(s) dict_keys(['example_subdag_operator.section-1', 'example_subdag_operator.section-2', 'example_subdag_operator']) retrieved from /home/airflow/.local/lib/python3.7/site-packages/airflow/example_dags/example_subdag_operator.py
[2023-11-11T17:31:08.555+0000] {logging_mixin.py:120} INFO - [2023-11-11T17:31:08.554+0000] {dag.py:2585} INFO - Sync 3 DAGs
[2023-11-11T17:31:08.691+0000] {logging_mixin.py:120} INFO - [2023-11-11T17:31:08.689+0000] {dag.py:3340} INFO - Setting next_dagrun for example_subdag_operator to 2022-01-01T00:00:00+00:00, run_after=2022-01-01T00:00:00+00:00
[2023-11-11T17:31:08.707+0000] {logging_mixin.py:120} INFO - [2023-11-11T17:31:08.706+0000] {dag.py:3340} INFO - Setting next_dagrun for example_subdag_operator.section-1 to None, run_after=None
[2023-11-11T17:31:08.709+0000] {logging_mixin.py:120} INFO - [2023-11-11T17:31:08.709+0000] {dag.py:3340} INFO - Setting next_dagrun for example_subdag_operator.section-2 to None, run_after=None
[2023-11-11T17:31:08.740+0000] {logging_mixin.py:120} INFO - [2023-11-11T17:31:08.740+0000] {dag.py:2585} INFO - Sync 2 DAGs
[2023-11-11T17:31:08.762+0000] {logging_mixin.py:120} INFO - [2023-11-11T17:31:08.760+0000] {dag.py:3340} INFO - Setting next_dagrun for example_subdag_operator.section-1 to None, run_after=None
[2023-11-11T17:31:08.762+0000] {logging_mixin.py:120} INFO - [2023-11-11T17:31:08.762+0000] {dag.py:3340} INFO - Setting next_dagrun for example_subdag_operator.section-2 to None, run_after=None
[2023-11-11T17:31:08.813+0000] {processor.py:176} INFO - Processing /home/airflow/.local/lib/python3.7/site-packages/airflow/example_dags/example_subdag_operator.py took 2.046 seconds
[2023-11-11T17:31:38.919+0000] {processor.py:154} INFO - Started process (PID=276) to work on /home/airflow/.local/lib/python3.7/site-packages/airflow/example_dags/example_subdag_operator.py
[2023-11-11T17:31:38.921+0000] {processor.py:756} INFO - Processing file /home/airflow/.local/lib/python3.7/site-packages/airflow/example_dags/example_subdag_operator.py for tasks to queue
[2023-11-11T17:31:38.924+0000] {logging_mixin.py:120} INFO - [2023-11-11T17:31:38.924+0000] {dagbag.py:537} INFO - Filling up the DagBag from /home/airflow/.local/lib/python3.7/site-packages/airflow/example_dags/example_subdag_operator.py
[2023-11-11T17:31:38.996+0000] {processor.py:766} INFO - DAG(s) dict_keys(['example_subdag_operator.section-1', 'example_subdag_operator.section-2', 'example_subdag_operator']) retrieved from /home/airflow/.local/lib/python3.7/site-packages/airflow/example_dags/example_subdag_operator.py
[2023-11-11T17:31:39.646+0000] {logging_mixin.py:120} INFO - [2023-11-11T17:31:39.646+0000] {dag.py:2585} INFO - Sync 3 DAGs
[2023-11-11T17:31:39.695+0000] {logging_mixin.py:120} INFO - [2023-11-11T17:31:39.695+0000] {dag.py:3340} INFO - Setting next_dagrun for example_subdag_operator to 2022-01-01T00:00:00+00:00, run_after=2022-01-01T00:00:00+00:00
[2023-11-11T17:31:39.702+0000] {logging_mixin.py:120} INFO - [2023-11-11T17:31:39.702+0000] {dag.py:3340} INFO - Setting next_dagrun for example_subdag_operator.section-1 to None, run_after=None
[2023-11-11T17:31:39.704+0000] {logging_mixin.py:120} INFO - [2023-11-11T17:31:39.704+0000] {dag.py:3340} INFO - Setting next_dagrun for example_subdag_operator.section-2 to None, run_after=None
[2023-11-11T17:31:39.720+0000] {logging_mixin.py:120} INFO - [2023-11-11T17:31:39.720+0000] {dag.py:2585} INFO - Sync 2 DAGs
[2023-11-11T17:31:39.733+0000] {logging_mixin.py:120} INFO - [2023-11-11T17:31:39.733+0000] {dag.py:3340} INFO - Setting next_dagrun for example_subdag_operator.section-1 to None, run_after=None
[2023-11-11T17:31:39.733+0000] {logging_mixin.py:120} INFO - [2023-11-11T17:31:39.733+0000] {dag.py:3340} INFO - Setting next_dagrun for example_subdag_operator.section-2 to None, run_after=None
[2023-11-11T17:31:39.755+0000] {processor.py:176} INFO - Processing /home/airflow/.local/lib/python3.7/site-packages/airflow/example_dags/example_subdag_operator.py took 0.841 seconds
[2023-11-11T17:32:09.890+0000] {processor.py:154} INFO - Started process (PID=330) to work on /home/airflow/.local/lib/python3.7/site-packages/airflow/example_dags/example_subdag_operator.py
[2023-11-11T17:32:09.895+0000] {processor.py:756} INFO - Processing file /home/airflow/.local/lib/python3.7/site-packages/airflow/example_dags/example_subdag_operator.py for tasks to queue
[2023-11-11T17:32:09.902+0000] {logging_mixin.py:120} INFO - [2023-11-11T17:32:09.902+0000] {dagbag.py:537} INFO - Filling up the DagBag from /home/airflow/.local/lib/python3.7/site-packages/airflow/example_dags/example_subdag_operator.py
[2023-11-11T17:32:10.287+0000] {processor.py:766} INFO - DAG(s) dict_keys(['example_subdag_operator.section-1', 'example_subdag_operator.section-2', 'example_subdag_operator']) retrieved from /home/airflow/.local/lib/python3.7/site-packages/airflow/example_dags/example_subdag_operator.py
[2023-11-11T17:32:10.778+0000] {logging_mixin.py:120} INFO - [2023-11-11T17:32:10.777+0000] {dag.py:2585} INFO - Sync 3 DAGs
[2023-11-11T17:32:10.844+0000] {logging_mixin.py:120} INFO - [2023-11-11T17:32:10.843+0000] {dag.py:3340} INFO - Setting next_dagrun for example_subdag_operator to 2022-01-01T00:00:00+00:00, run_after=2022-01-01T00:00:00+00:00
[2023-11-11T17:32:10.850+0000] {logging_mixin.py:120} INFO - [2023-11-11T17:32:10.849+0000] {dag.py:3340} INFO - Setting next_dagrun for example_subdag_operator.section-1 to None, run_after=None
[2023-11-11T17:32:10.852+0000] {logging_mixin.py:120} INFO - [2023-11-11T17:32:10.852+0000] {dag.py:3340} INFO - Setting next_dagrun for example_subdag_operator.section-2 to None, run_after=None
[2023-11-11T17:32:10.866+0000] {logging_mixin.py:120} INFO - [2023-11-11T17:32:10.866+0000] {dag.py:2585} INFO - Sync 2 DAGs
[2023-11-11T17:32:10.881+0000] {logging_mixin.py:120} INFO - [2023-11-11T17:32:10.881+0000] {dag.py:3340} INFO - Setting next_dagrun for example_subdag_operator.section-1 to None, run_after=None
[2023-11-11T17:32:10.882+0000] {logging_mixin.py:120} INFO - [2023-11-11T17:32:10.882+0000] {dag.py:3340} INFO - Setting next_dagrun for example_subdag_operator.section-2 to None, run_after=None
[2023-11-11T17:32:10.916+0000] {processor.py:176} INFO - Processing /home/airflow/.local/lib/python3.7/site-packages/airflow/example_dags/example_subdag_operator.py took 1.080 seconds
[2023-11-11T17:32:41.159+0000] {processor.py:154} INFO - Started process (PID=393) to work on /home/airflow/.local/lib/python3.7/site-packages/airflow/example_dags/example_subdag_operator.py
[2023-11-11T17:32:41.161+0000] {processor.py:756} INFO - Processing file /home/airflow/.local/lib/python3.7/site-packages/airflow/example_dags/example_subdag_operator.py for tasks to queue
[2023-11-11T17:32:41.162+0000] {logging_mixin.py:120} INFO - [2023-11-11T17:32:41.162+0000] {dagbag.py:537} INFO - Filling up the DagBag from /home/airflow/.local/lib/python3.7/site-packages/airflow/example_dags/example_subdag_operator.py
[2023-11-11T17:32:41.225+0000] {processor.py:766} INFO - DAG(s) dict_keys(['example_subdag_operator.section-1', 'example_subdag_operator.section-2', 'example_subdag_operator']) retrieved from /home/airflow/.local/lib/python3.7/site-packages/airflow/example_dags/example_subdag_operator.py
[2023-11-11T17:32:41.652+0000] {logging_mixin.py:120} INFO - [2023-11-11T17:32:41.652+0000] {dag.py:2585} INFO - Sync 3 DAGs
[2023-11-11T17:32:41.700+0000] {logging_mixin.py:120} INFO - [2023-11-11T17:32:41.700+0000] {dag.py:3340} INFO - Setting next_dagrun for example_subdag_operator to 2022-01-01T00:00:00+00:00, run_after=2022-01-01T00:00:00+00:00
[2023-11-11T17:32:41.704+0000] {logging_mixin.py:120} INFO - [2023-11-11T17:32:41.704+0000] {dag.py:3340} INFO - Setting next_dagrun for example_subdag_operator.section-1 to None, run_after=None
[2023-11-11T17:32:41.710+0000] {logging_mixin.py:120} INFO - [2023-11-11T17:32:41.710+0000] {dag.py:3340} INFO - Setting next_dagrun for example_subdag_operator.section-2 to None, run_after=None
[2023-11-11T17:32:41.725+0000] {logging_mixin.py:120} INFO - [2023-11-11T17:32:41.725+0000] {dag.py:2585} INFO - Sync 2 DAGs
[2023-11-11T17:32:41.733+0000] {logging_mixin.py:120} INFO - [2023-11-11T17:32:41.733+0000] {dag.py:3340} INFO - Setting next_dagrun for example_subdag_operator.section-1 to None, run_after=None
[2023-11-11T17:32:41.734+0000] {logging_mixin.py:120} INFO - [2023-11-11T17:32:41.734+0000] {dag.py:3340} INFO - Setting next_dagrun for example_subdag_operator.section-2 to None, run_after=None
[2023-11-11T17:32:41.752+0000] {processor.py:176} INFO - Processing /home/airflow/.local/lib/python3.7/site-packages/airflow/example_dags/example_subdag_operator.py took 0.600 seconds
[2023-11-11T17:33:11.892+0000] {processor.py:154} INFO - Started process (PID=447) to work on /home/airflow/.local/lib/python3.7/site-packages/airflow/example_dags/example_subdag_operator.py
[2023-11-11T17:33:11.895+0000] {processor.py:756} INFO - Processing file /home/airflow/.local/lib/python3.7/site-packages/airflow/example_dags/example_subdag_operator.py for tasks to queue
[2023-11-11T17:33:11.896+0000] {logging_mixin.py:120} INFO - [2023-11-11T17:33:11.896+0000] {dagbag.py:537} INFO - Filling up the DagBag from /home/airflow/.local/lib/python3.7/site-packages/airflow/example_dags/example_subdag_operator.py
[2023-11-11T17:33:11.939+0000] {processor.py:766} INFO - DAG(s) dict_keys(['example_subdag_operator.section-1', 'example_subdag_operator.section-2', 'example_subdag_operator']) retrieved from /home/airflow/.local/lib/python3.7/site-packages/airflow/example_dags/example_subdag_operator.py
[2023-11-11T17:33:12.259+0000] {logging_mixin.py:120} INFO - [2023-11-11T17:33:12.258+0000] {dag.py:2585} INFO - Sync 3 DAGs
[2023-11-11T17:33:12.297+0000] {logging_mixin.py:120} INFO - [2023-11-11T17:33:12.297+0000] {dag.py:3340} INFO - Setting next_dagrun for example_subdag_operator to 2022-01-01T00:00:00+00:00, run_after=2022-01-01T00:00:00+00:00
[2023-11-11T17:33:12.304+0000] {logging_mixin.py:120} INFO - [2023-11-11T17:33:12.304+0000] {dag.py:3340} INFO - Setting next_dagrun for example_subdag_operator.section-1 to None, run_after=None
[2023-11-11T17:33:12.305+0000] {logging_mixin.py:120} INFO - [2023-11-11T17:33:12.305+0000] {dag.py:3340} INFO - Setting next_dagrun for example_subdag_operator.section-2 to None, run_after=None
[2023-11-11T17:33:12.315+0000] {logging_mixin.py:120} INFO - [2023-11-11T17:33:12.315+0000] {dag.py:2585} INFO - Sync 2 DAGs
[2023-11-11T17:33:12.326+0000] {logging_mixin.py:120} INFO - [2023-11-11T17:33:12.326+0000] {dag.py:3340} INFO - Setting next_dagrun for example_subdag_operator.section-1 to None, run_after=None
[2023-11-11T17:33:12.327+0000] {logging_mixin.py:120} INFO - [2023-11-11T17:33:12.327+0000] {dag.py:3340} INFO - Setting next_dagrun for example_subdag_operator.section-2 to None, run_after=None
[2023-11-11T17:33:12.349+0000] {processor.py:176} INFO - Processing /home/airflow/.local/lib/python3.7/site-packages/airflow/example_dags/example_subdag_operator.py took 0.461 seconds
[2023-11-11T17:33:42.910+0000] {processor.py:154} INFO - Started process (PID=502) to work on /home/airflow/.local/lib/python3.7/site-packages/airflow/example_dags/example_subdag_operator.py
[2023-11-11T17:33:42.911+0000] {processor.py:756} INFO - Processing file /home/airflow/.local/lib/python3.7/site-packages/airflow/example_dags/example_subdag_operator.py for tasks to queue
[2023-11-11T17:33:42.915+0000] {logging_mixin.py:120} INFO - [2023-11-11T17:33:42.913+0000] {dagbag.py:537} INFO - Filling up the DagBag from /home/airflow/.local/lib/python3.7/site-packages/airflow/example_dags/example_subdag_operator.py
[2023-11-11T17:33:43.046+0000] {processor.py:766} INFO - DAG(s) dict_keys(['example_subdag_operator.section-1', 'example_subdag_operator.section-2', 'example_subdag_operator']) retrieved from /home/airflow/.local/lib/python3.7/site-packages/airflow/example_dags/example_subdag_operator.py
[2023-11-11T17:33:44.275+0000] {logging_mixin.py:120} INFO - [2023-11-11T17:33:44.274+0000] {dag.py:2585} INFO - Sync 3 DAGs
[2023-11-11T17:33:44.417+0000] {logging_mixin.py:120} INFO - [2023-11-11T17:33:44.417+0000] {dag.py:3340} INFO - Setting next_dagrun for example_subdag_operator to 2022-01-01T00:00:00+00:00, run_after=2022-01-01T00:00:00+00:00
[2023-11-11T17:33:44.425+0000] {logging_mixin.py:120} INFO - [2023-11-11T17:33:44.425+0000] {dag.py:3340} INFO - Setting next_dagrun for example_subdag_operator.section-1 to None, run_after=None
[2023-11-11T17:33:44.429+0000] {logging_mixin.py:120} INFO - [2023-11-11T17:33:44.428+0000] {dag.py:3340} INFO - Setting next_dagrun for example_subdag_operator.section-2 to None, run_after=None
[2023-11-11T17:33:44.449+0000] {logging_mixin.py:120} INFO - [2023-11-11T17:33:44.449+0000] {dag.py:2585} INFO - Sync 2 DAGs
[2023-11-11T17:33:44.466+0000] {logging_mixin.py:120} INFO - [2023-11-11T17:33:44.466+0000] {dag.py:3340} INFO - Setting next_dagrun for example_subdag_operator.section-1 to None, run_after=None
[2023-11-11T17:33:44.467+0000] {logging_mixin.py:120} INFO - [2023-11-11T17:33:44.467+0000] {dag.py:3340} INFO - Setting next_dagrun for example_subdag_operator.section-2 to None, run_after=None
[2023-11-11T17:33:44.503+0000] {processor.py:176} INFO - Processing /home/airflow/.local/lib/python3.7/site-packages/airflow/example_dags/example_subdag_operator.py took 1.600 seconds
[2023-11-11T17:34:14.856+0000] {processor.py:154} INFO - Started process (PID=568) to work on /home/airflow/.local/lib/python3.7/site-packages/airflow/example_dags/example_subdag_operator.py
[2023-11-11T17:34:14.857+0000] {processor.py:756} INFO - Processing file /home/airflow/.local/lib/python3.7/site-packages/airflow/example_dags/example_subdag_operator.py for tasks to queue
[2023-11-11T17:34:14.863+0000] {logging_mixin.py:120} INFO - [2023-11-11T17:34:14.863+0000] {dagbag.py:537} INFO - Filling up the DagBag from /home/airflow/.local/lib/python3.7/site-packages/airflow/example_dags/example_subdag_operator.py
[2023-11-11T17:34:14.957+0000] {processor.py:766} INFO - DAG(s) dict_keys(['example_subdag_operator.section-1', 'example_subdag_operator.section-2', 'example_subdag_operator']) retrieved from /home/airflow/.local/lib/python3.7/site-packages/airflow/example_dags/example_subdag_operator.py
[2023-11-11T17:34:15.417+0000] {logging_mixin.py:120} INFO - [2023-11-11T17:34:15.417+0000] {dag.py:2585} INFO - Sync 3 DAGs
[2023-11-11T17:34:15.452+0000] {logging_mixin.py:120} INFO - [2023-11-11T17:34:15.452+0000] {dag.py:3340} INFO - Setting next_dagrun for example_subdag_operator to 2022-01-01T00:00:00+00:00, run_after=2022-01-01T00:00:00+00:00
[2023-11-11T17:34:15.455+0000] {logging_mixin.py:120} INFO - [2023-11-11T17:34:15.455+0000] {dag.py:3340} INFO - Setting next_dagrun for example_subdag_operator.section-1 to None, run_after=None
[2023-11-11T17:34:15.457+0000] {logging_mixin.py:120} INFO - [2023-11-11T17:34:15.457+0000] {dag.py:3340} INFO - Setting next_dagrun for example_subdag_operator.section-2 to None, run_after=None
[2023-11-11T17:34:15.468+0000] {logging_mixin.py:120} INFO - [2023-11-11T17:34:15.468+0000] {dag.py:2585} INFO - Sync 2 DAGs
[2023-11-11T17:34:15.476+0000] {logging_mixin.py:120} INFO - [2023-11-11T17:34:15.476+0000] {dag.py:3340} INFO - Setting next_dagrun for example_subdag_operator.section-1 to None, run_after=None
[2023-11-11T17:34:15.477+0000] {logging_mixin.py:120} INFO - [2023-11-11T17:34:15.477+0000] {dag.py:3340} INFO - Setting next_dagrun for example_subdag_operator.section-2 to None, run_after=None
[2023-11-11T17:34:15.492+0000] {processor.py:176} INFO - Processing /home/airflow/.local/lib/python3.7/site-packages/airflow/example_dags/example_subdag_operator.py took 0.641 seconds
[2023-11-11T17:34:45.645+0000] {processor.py:154} INFO - Started process (PID=621) to work on /home/airflow/.local/lib/python3.7/site-packages/airflow/example_dags/example_subdag_operator.py
[2023-11-11T17:34:45.647+0000] {processor.py:756} INFO - Processing file /home/airflow/.local/lib/python3.7/site-packages/airflow/example_dags/example_subdag_operator.py for tasks to queue
[2023-11-11T17:34:45.649+0000] {logging_mixin.py:120} INFO - [2023-11-11T17:34:45.648+0000] {dagbag.py:537} INFO - Filling up the DagBag from /home/airflow/.local/lib/python3.7/site-packages/airflow/example_dags/example_subdag_operator.py
[2023-11-11T17:34:45.707+0000] {processor.py:766} INFO - DAG(s) dict_keys(['example_subdag_operator.section-1', 'example_subdag_operator.section-2', 'example_subdag_operator']) retrieved from /home/airflow/.local/lib/python3.7/site-packages/airflow/example_dags/example_subdag_operator.py
[2023-11-11T17:34:46.119+0000] {logging_mixin.py:120} INFO - [2023-11-11T17:34:46.119+0000] {dag.py:2585} INFO - Sync 3 DAGs
[2023-11-11T17:34:46.157+0000] {logging_mixin.py:120} INFO - [2023-11-11T17:34:46.157+0000] {dag.py:3340} INFO - Setting next_dagrun for example_subdag_operator to 2022-01-01T00:00:00+00:00, run_after=2022-01-01T00:00:00+00:00
[2023-11-11T17:34:46.164+0000] {logging_mixin.py:120} INFO - [2023-11-11T17:34:46.164+0000] {dag.py:3340} INFO - Setting next_dagrun for example_subdag_operator.section-1 to None, run_after=None
[2023-11-11T17:34:46.166+0000] {logging_mixin.py:120} INFO - [2023-11-11T17:34:46.166+0000] {dag.py:3340} INFO - Setting next_dagrun for example_subdag_operator.section-2 to None, run_after=None
[2023-11-11T17:34:46.175+0000] {logging_mixin.py:120} INFO - [2023-11-11T17:34:46.174+0000] {dag.py:2585} INFO - Sync 2 DAGs
[2023-11-11T17:34:46.182+0000] {logging_mixin.py:120} INFO - [2023-11-11T17:34:46.182+0000] {dag.py:3340} INFO - Setting next_dagrun for example_subdag_operator.section-1 to None, run_after=None
[2023-11-11T17:34:46.183+0000] {logging_mixin.py:120} INFO - [2023-11-11T17:34:46.182+0000] {dag.py:3340} INFO - Setting next_dagrun for example_subdag_operator.section-2 to None, run_after=None
[2023-11-11T17:34:46.198+0000] {processor.py:176} INFO - Processing /home/airflow/.local/lib/python3.7/site-packages/airflow/example_dags/example_subdag_operator.py took 0.558 seconds
[2023-11-11T17:35:16.301+0000] {processor.py:154} INFO - Started process (PID=687) to work on /home/airflow/.local/lib/python3.7/site-packages/airflow/example_dags/example_subdag_operator.py
[2023-11-11T17:35:16.303+0000] {processor.py:756} INFO - Processing file /home/airflow/.local/lib/python3.7/site-packages/airflow/example_dags/example_subdag_operator.py for tasks to queue
[2023-11-11T17:35:16.304+0000] {logging_mixin.py:120} INFO - [2023-11-11T17:35:16.304+0000] {dagbag.py:537} INFO - Filling up the DagBag from /home/airflow/.local/lib/python3.7/site-packages/airflow/example_dags/example_subdag_operator.py
[2023-11-11T17:35:16.380+0000] {processor.py:766} INFO - DAG(s) dict_keys(['example_subdag_operator.section-1', 'example_subdag_operator.section-2', 'example_subdag_operator']) retrieved from /home/airflow/.local/lib/python3.7/site-packages/airflow/example_dags/example_subdag_operator.py
[2023-11-11T17:35:16.889+0000] {logging_mixin.py:120} INFO - [2023-11-11T17:35:16.889+0000] {dag.py:2585} INFO - Sync 3 DAGs
[2023-11-11T17:35:16.931+0000] {logging_mixin.py:120} INFO - [2023-11-11T17:35:16.931+0000] {dag.py:3340} INFO - Setting next_dagrun for example_subdag_operator to 2022-01-01T00:00:00+00:00, run_after=2022-01-01T00:00:00+00:00
[2023-11-11T17:35:16.937+0000] {logging_mixin.py:120} INFO - [2023-11-11T17:35:16.937+0000] {dag.py:3340} INFO - Setting next_dagrun for example_subdag_operator.section-1 to None, run_after=None
[2023-11-11T17:35:16.938+0000] {logging_mixin.py:120} INFO - [2023-11-11T17:35:16.938+0000] {dag.py:3340} INFO - Setting next_dagrun for example_subdag_operator.section-2 to None, run_after=None
[2023-11-11T17:35:16.952+0000] {logging_mixin.py:120} INFO - [2023-11-11T17:35:16.952+0000] {dag.py:2585} INFO - Sync 2 DAGs
[2023-11-11T17:35:16.960+0000] {logging_mixin.py:120} INFO - [2023-11-11T17:35:16.960+0000] {dag.py:3340} INFO - Setting next_dagrun for example_subdag_operator.section-1 to None, run_after=None
[2023-11-11T17:35:16.961+0000] {logging_mixin.py:120} INFO - [2023-11-11T17:35:16.960+0000] {dag.py:3340} INFO - Setting next_dagrun for example_subdag_operator.section-2 to None, run_after=None
[2023-11-11T17:35:16.980+0000] {processor.py:176} INFO - Processing /home/airflow/.local/lib/python3.7/site-packages/airflow/example_dags/example_subdag_operator.py took 0.691 seconds
[2023-11-11T17:35:47.319+0000] {processor.py:154} INFO - Started process (PID=741) to work on /home/airflow/.local/lib/python3.7/site-packages/airflow/example_dags/example_subdag_operator.py
[2023-11-11T17:35:47.321+0000] {processor.py:756} INFO - Processing file /home/airflow/.local/lib/python3.7/site-packages/airflow/example_dags/example_subdag_operator.py for tasks to queue
[2023-11-11T17:35:47.324+0000] {logging_mixin.py:120} INFO - [2023-11-11T17:35:47.324+0000] {dagbag.py:537} INFO - Filling up the DagBag from /home/airflow/.local/lib/python3.7/site-packages/airflow/example_dags/example_subdag_operator.py
[2023-11-11T17:35:47.386+0000] {processor.py:766} INFO - DAG(s) dict_keys(['example_subdag_operator.section-1', 'example_subdag_operator.section-2', 'example_subdag_operator']) retrieved from /home/airflow/.local/lib/python3.7/site-packages/airflow/example_dags/example_subdag_operator.py
[2023-11-11T17:35:47.814+0000] {logging_mixin.py:120} INFO - [2023-11-11T17:35:47.814+0000] {dag.py:2585} INFO - Sync 3 DAGs
[2023-11-11T17:35:47.870+0000] {logging_mixin.py:120} INFO - [2023-11-11T17:35:47.870+0000] {dag.py:3340} INFO - Setting next_dagrun for example_subdag_operator to 2022-01-01T00:00:00+00:00, run_after=2022-01-01T00:00:00+00:00
[2023-11-11T17:35:47.876+0000] {logging_mixin.py:120} INFO - [2023-11-11T17:35:47.876+0000] {dag.py:3340} INFO - Setting next_dagrun for example_subdag_operator.section-1 to None, run_after=None
[2023-11-11T17:35:47.878+0000] {logging_mixin.py:120} INFO - [2023-11-11T17:35:47.878+0000] {dag.py:3340} INFO - Setting next_dagrun for example_subdag_operator.section-2 to None, run_after=None
[2023-11-11T17:35:47.895+0000] {logging_mixin.py:120} INFO - [2023-11-11T17:35:47.895+0000] {dag.py:2585} INFO - Sync 2 DAGs
[2023-11-11T17:35:47.906+0000] {logging_mixin.py:120} INFO - [2023-11-11T17:35:47.906+0000] {dag.py:3340} INFO - Setting next_dagrun for example_subdag_operator.section-1 to None, run_after=None
[2023-11-11T17:35:47.907+0000] {logging_mixin.py:120} INFO - [2023-11-11T17:35:47.907+0000] {dag.py:3340} INFO - Setting next_dagrun for example_subdag_operator.section-2 to None, run_after=None
[2023-11-11T17:35:47.925+0000] {processor.py:176} INFO - Processing /home/airflow/.local/lib/python3.7/site-packages/airflow/example_dags/example_subdag_operator.py took 0.609 seconds
[2023-11-11T17:36:19.101+0000] {processor.py:154} INFO - Started process (PID=807) to work on /home/airflow/.local/lib/python3.7/site-packages/airflow/example_dags/example_subdag_operator.py
[2023-11-11T17:36:19.103+0000] {processor.py:756} INFO - Processing file /home/airflow/.local/lib/python3.7/site-packages/airflow/example_dags/example_subdag_operator.py for tasks to queue
[2023-11-11T17:36:19.103+0000] {logging_mixin.py:120} INFO - [2023-11-11T17:36:19.103+0000] {dagbag.py:537} INFO - Filling up the DagBag from /home/airflow/.local/lib/python3.7/site-packages/airflow/example_dags/example_subdag_operator.py
[2023-11-11T17:36:19.165+0000] {processor.py:766} INFO - DAG(s) dict_keys(['example_subdag_operator.section-1', 'example_subdag_operator.section-2', 'example_subdag_operator']) retrieved from /home/airflow/.local/lib/python3.7/site-packages/airflow/example_dags/example_subdag_operator.py
[2023-11-11T17:36:19.607+0000] {logging_mixin.py:120} INFO - [2023-11-11T17:36:19.606+0000] {dag.py:2585} INFO - Sync 3 DAGs
[2023-11-11T17:36:19.678+0000] {logging_mixin.py:120} INFO - [2023-11-11T17:36:19.677+0000] {dag.py:3340} INFO - Setting next_dagrun for example_subdag_operator to 2022-01-01T00:00:00+00:00, run_after=2022-01-01T00:00:00+00:00
[2023-11-11T17:36:19.687+0000] {logging_mixin.py:120} INFO - [2023-11-11T17:36:19.686+0000] {dag.py:3340} INFO - Setting next_dagrun for example_subdag_operator.section-1 to None, run_after=None
[2023-11-11T17:36:19.689+0000] {logging_mixin.py:120} INFO - [2023-11-11T17:36:19.689+0000] {dag.py:3340} INFO - Setting next_dagrun for example_subdag_operator.section-2 to None, run_after=None
[2023-11-11T17:36:19.705+0000] {logging_mixin.py:120} INFO - [2023-11-11T17:36:19.705+0000] {dag.py:2585} INFO - Sync 2 DAGs
[2023-11-11T17:36:19.723+0000] {logging_mixin.py:120} INFO - [2023-11-11T17:36:19.723+0000] {dag.py:3340} INFO - Setting next_dagrun for example_subdag_operator.section-1 to None, run_after=None
[2023-11-11T17:36:19.724+0000] {logging_mixin.py:120} INFO - [2023-11-11T17:36:19.723+0000] {dag.py:3340} INFO - Setting next_dagrun for example_subdag_operator.section-2 to None, run_after=None
[2023-11-11T17:36:19.759+0000] {processor.py:176} INFO - Processing /home/airflow/.local/lib/python3.7/site-packages/airflow/example_dags/example_subdag_operator.py took 0.663 seconds
[2023-11-11T17:36:49.984+0000] {processor.py:154} INFO - Started process (PID=861) to work on /home/airflow/.local/lib/python3.7/site-packages/airflow/example_dags/example_subdag_operator.py
[2023-11-11T17:36:49.986+0000] {processor.py:756} INFO - Processing file /home/airflow/.local/lib/python3.7/site-packages/airflow/example_dags/example_subdag_operator.py for tasks to queue
[2023-11-11T17:36:49.988+0000] {logging_mixin.py:120} INFO - [2023-11-11T17:36:49.987+0000] {dagbag.py:537} INFO - Filling up the DagBag from /home/airflow/.local/lib/python3.7/site-packages/airflow/example_dags/example_subdag_operator.py
[2023-11-11T17:36:50.072+0000] {processor.py:766} INFO - DAG(s) dict_keys(['example_subdag_operator.section-1', 'example_subdag_operator.section-2', 'example_subdag_operator']) retrieved from /home/airflow/.local/lib/python3.7/site-packages/airflow/example_dags/example_subdag_operator.py
[2023-11-11T17:36:50.616+0000] {logging_mixin.py:120} INFO - [2023-11-11T17:36:50.616+0000] {dag.py:2585} INFO - Sync 3 DAGs
[2023-11-11T17:36:50.699+0000] {logging_mixin.py:120} INFO - [2023-11-11T17:36:50.697+0000] {dag.py:3340} INFO - Setting next_dagrun for example_subdag_operator to 2022-01-01T00:00:00+00:00, run_after=2022-01-01T00:00:00+00:00
[2023-11-11T17:36:50.708+0000] {logging_mixin.py:120} INFO - [2023-11-11T17:36:50.707+0000] {dag.py:3340} INFO - Setting next_dagrun for example_subdag_operator.section-1 to None, run_after=None
[2023-11-11T17:36:50.710+0000] {logging_mixin.py:120} INFO - [2023-11-11T17:36:50.710+0000] {dag.py:3340} INFO - Setting next_dagrun for example_subdag_operator.section-2 to None, run_after=None
[2023-11-11T17:36:50.731+0000] {logging_mixin.py:120} INFO - [2023-11-11T17:36:50.731+0000] {dag.py:2585} INFO - Sync 2 DAGs
[2023-11-11T17:36:50.747+0000] {logging_mixin.py:120} INFO - [2023-11-11T17:36:50.746+0000] {dag.py:3340} INFO - Setting next_dagrun for example_subdag_operator.section-1 to None, run_after=None
[2023-11-11T17:36:50.747+0000] {logging_mixin.py:120} INFO - [2023-11-11T17:36:50.747+0000] {dag.py:3340} INFO - Setting next_dagrun for example_subdag_operator.section-2 to None, run_after=None
[2023-11-11T17:36:50.785+0000] {processor.py:176} INFO - Processing /home/airflow/.local/lib/python3.7/site-packages/airflow/example_dags/example_subdag_operator.py took 0.807 seconds
[2023-11-11T17:37:21.588+0000] {processor.py:154} INFO - Started process (PID=926) to work on /home/airflow/.local/lib/python3.7/site-packages/airflow/example_dags/example_subdag_operator.py
[2023-11-11T17:37:21.589+0000] {processor.py:756} INFO - Processing file /home/airflow/.local/lib/python3.7/site-packages/airflow/example_dags/example_subdag_operator.py for tasks to queue
[2023-11-11T17:37:21.591+0000] {logging_mixin.py:120} INFO - [2023-11-11T17:37:21.591+0000] {dagbag.py:537} INFO - Filling up the DagBag from /home/airflow/.local/lib/python3.7/site-packages/airflow/example_dags/example_subdag_operator.py
[2023-11-11T17:37:21.673+0000] {processor.py:766} INFO - DAG(s) dict_keys(['example_subdag_operator.section-1', 'example_subdag_operator.section-2', 'example_subdag_operator']) retrieved from /home/airflow/.local/lib/python3.7/site-packages/airflow/example_dags/example_subdag_operator.py
[2023-11-11T17:37:22.092+0000] {logging_mixin.py:120} INFO - [2023-11-11T17:37:22.092+0000] {dag.py:2585} INFO - Sync 3 DAGs
[2023-11-11T17:37:22.138+0000] {logging_mixin.py:120} INFO - [2023-11-11T17:37:22.138+0000] {dag.py:3340} INFO - Setting next_dagrun for example_subdag_operator to 2022-01-01T00:00:00+00:00, run_after=2022-01-01T00:00:00+00:00
[2023-11-11T17:37:22.144+0000] {logging_mixin.py:120} INFO - [2023-11-11T17:37:22.144+0000] {dag.py:3340} INFO - Setting next_dagrun for example_subdag_operator.section-1 to None, run_after=None
[2023-11-11T17:37:22.146+0000] {logging_mixin.py:120} INFO - [2023-11-11T17:37:22.146+0000] {dag.py:3340} INFO - Setting next_dagrun for example_subdag_operator.section-2 to None, run_after=None
[2023-11-11T17:37:22.160+0000] {logging_mixin.py:120} INFO - [2023-11-11T17:37:22.159+0000] {dag.py:2585} INFO - Sync 2 DAGs
[2023-11-11T17:37:22.169+0000] {logging_mixin.py:120} INFO - [2023-11-11T17:37:22.169+0000] {dag.py:3340} INFO - Setting next_dagrun for example_subdag_operator.section-1 to None, run_after=None
[2023-11-11T17:37:22.169+0000] {logging_mixin.py:120} INFO - [2023-11-11T17:37:22.169+0000] {dag.py:3340} INFO - Setting next_dagrun for example_subdag_operator.section-2 to None, run_after=None
[2023-11-11T17:37:22.189+0000] {processor.py:176} INFO - Processing /home/airflow/.local/lib/python3.7/site-packages/airflow/example_dags/example_subdag_operator.py took 0.610 seconds
[2023-11-11T17:37:52.605+0000] {processor.py:154} INFO - Started process (PID=982) to work on /home/airflow/.local/lib/python3.7/site-packages/airflow/example_dags/example_subdag_operator.py
[2023-11-11T17:37:52.606+0000] {processor.py:756} INFO - Processing file /home/airflow/.local/lib/python3.7/site-packages/airflow/example_dags/example_subdag_operator.py for tasks to queue
[2023-11-11T17:37:52.607+0000] {logging_mixin.py:120} INFO - [2023-11-11T17:37:52.607+0000] {dagbag.py:537} INFO - Filling up the DagBag from /home/airflow/.local/lib/python3.7/site-packages/airflow/example_dags/example_subdag_operator.py
[2023-11-11T17:37:52.672+0000] {processor.py:766} INFO - DAG(s) dict_keys(['example_subdag_operator.section-1', 'example_subdag_operator.section-2', 'example_subdag_operator']) retrieved from /home/airflow/.local/lib/python3.7/site-packages/airflow/example_dags/example_subdag_operator.py
[2023-11-11T17:37:53.132+0000] {logging_mixin.py:120} INFO - [2023-11-11T17:37:53.132+0000] {dag.py:2585} INFO - Sync 3 DAGs
[2023-11-11T17:37:53.187+0000] {logging_mixin.py:120} INFO - [2023-11-11T17:37:53.186+0000] {dag.py:3340} INFO - Setting next_dagrun for example_subdag_operator to 2022-01-01T00:00:00+00:00, run_after=2022-01-01T00:00:00+00:00
[2023-11-11T17:37:53.194+0000] {logging_mixin.py:120} INFO - [2023-11-11T17:37:53.193+0000] {dag.py:3340} INFO - Setting next_dagrun for example_subdag_operator.section-1 to None, run_after=None
[2023-11-11T17:37:53.196+0000] {logging_mixin.py:120} INFO - [2023-11-11T17:37:53.196+0000] {dag.py:3340} INFO - Setting next_dagrun for example_subdag_operator.section-2 to None, run_after=None
[2023-11-11T17:37:53.212+0000] {logging_mixin.py:120} INFO - [2023-11-11T17:37:53.212+0000] {dag.py:2585} INFO - Sync 2 DAGs
[2023-11-11T17:37:53.224+0000] {logging_mixin.py:120} INFO - [2023-11-11T17:37:53.224+0000] {dag.py:3340} INFO - Setting next_dagrun for example_subdag_operator.section-1 to None, run_after=None
[2023-11-11T17:37:53.225+0000] {logging_mixin.py:120} INFO - [2023-11-11T17:37:53.225+0000] {dag.py:3340} INFO - Setting next_dagrun for example_subdag_operator.section-2 to None, run_after=None
[2023-11-11T17:37:53.247+0000] {processor.py:176} INFO - Processing /home/airflow/.local/lib/python3.7/site-packages/airflow/example_dags/example_subdag_operator.py took 0.654 seconds
[2023-11-11T17:38:24.775+0000] {processor.py:154} INFO - Started process (PID=1049) to work on /home/airflow/.local/lib/python3.7/site-packages/airflow/example_dags/example_subdag_operator.py
[2023-11-11T17:38:24.776+0000] {processor.py:756} INFO - Processing file /home/airflow/.local/lib/python3.7/site-packages/airflow/example_dags/example_subdag_operator.py for tasks to queue
[2023-11-11T17:38:24.777+0000] {logging_mixin.py:120} INFO - [2023-11-11T17:38:24.777+0000] {dagbag.py:537} INFO - Filling up the DagBag from /home/airflow/.local/lib/python3.7/site-packages/airflow/example_dags/example_subdag_operator.py
[2023-11-11T17:38:24.844+0000] {processor.py:766} INFO - DAG(s) dict_keys(['example_subdag_operator.section-1', 'example_subdag_operator.section-2', 'example_subdag_operator']) retrieved from /home/airflow/.local/lib/python3.7/site-packages/airflow/example_dags/example_subdag_operator.py
[2023-11-11T17:38:25.303+0000] {logging_mixin.py:120} INFO - [2023-11-11T17:38:25.303+0000] {dag.py:2585} INFO - Sync 3 DAGs
[2023-11-11T17:38:25.350+0000] {logging_mixin.py:120} INFO - [2023-11-11T17:38:25.350+0000] {dag.py:3340} INFO - Setting next_dagrun for example_subdag_operator to 2022-01-01T00:00:00+00:00, run_after=2022-01-01T00:00:00+00:00
[2023-11-11T17:38:25.356+0000] {logging_mixin.py:120} INFO - [2023-11-11T17:38:25.356+0000] {dag.py:3340} INFO - Setting next_dagrun for example_subdag_operator.section-1 to None, run_after=None
[2023-11-11T17:38:25.358+0000] {logging_mixin.py:120} INFO - [2023-11-11T17:38:25.358+0000] {dag.py:3340} INFO - Setting next_dagrun for example_subdag_operator.section-2 to None, run_after=None
[2023-11-11T17:38:25.373+0000] {logging_mixin.py:120} INFO - [2023-11-11T17:38:25.373+0000] {dag.py:2585} INFO - Sync 2 DAGs
[2023-11-11T17:38:25.384+0000] {logging_mixin.py:120} INFO - [2023-11-11T17:38:25.384+0000] {dag.py:3340} INFO - Setting next_dagrun for example_subdag_operator.section-1 to None, run_after=None
[2023-11-11T17:38:25.384+0000] {logging_mixin.py:120} INFO - [2023-11-11T17:38:25.384+0000] {dag.py:3340} INFO - Setting next_dagrun for example_subdag_operator.section-2 to None, run_after=None
[2023-11-11T17:38:25.406+0000] {processor.py:176} INFO - Processing /home/airflow/.local/lib/python3.7/site-packages/airflow/example_dags/example_subdag_operator.py took 0.640 seconds
[2023-11-11T17:38:55.735+0000] {processor.py:154} INFO - Started process (PID=1115) to work on /home/airflow/.local/lib/python3.7/site-packages/airflow/example_dags/example_subdag_operator.py
[2023-11-11T17:38:55.738+0000] {processor.py:756} INFO - Processing file /home/airflow/.local/lib/python3.7/site-packages/airflow/example_dags/example_subdag_operator.py for tasks to queue
[2023-11-11T17:38:55.739+0000] {logging_mixin.py:120} INFO - [2023-11-11T17:38:55.739+0000] {dagbag.py:537} INFO - Filling up the DagBag from /home/airflow/.local/lib/python3.7/site-packages/airflow/example_dags/example_subdag_operator.py
[2023-11-11T17:38:55.812+0000] {processor.py:766} INFO - DAG(s) dict_keys(['example_subdag_operator.section-1', 'example_subdag_operator.section-2', 'example_subdag_operator']) retrieved from /home/airflow/.local/lib/python3.7/site-packages/airflow/example_dags/example_subdag_operator.py
[2023-11-11T17:38:56.359+0000] {logging_mixin.py:120} INFO - [2023-11-11T17:38:56.359+0000] {dag.py:2585} INFO - Sync 3 DAGs
[2023-11-11T17:38:56.429+0000] {logging_mixin.py:120} INFO - [2023-11-11T17:38:56.428+0000] {dag.py:3340} INFO - Setting next_dagrun for example_subdag_operator to 2022-01-01T00:00:00+00:00, run_after=2022-01-01T00:00:00+00:00
[2023-11-11T17:38:56.437+0000] {logging_mixin.py:120} INFO - [2023-11-11T17:38:56.437+0000] {dag.py:3340} INFO - Setting next_dagrun for example_subdag_operator.section-1 to None, run_after=None
[2023-11-11T17:38:56.438+0000] {logging_mixin.py:120} INFO - [2023-11-11T17:38:56.438+0000] {dag.py:3340} INFO - Setting next_dagrun for example_subdag_operator.section-2 to None, run_after=None
[2023-11-11T17:38:56.456+0000] {logging_mixin.py:120} INFO - [2023-11-11T17:38:56.456+0000] {dag.py:2585} INFO - Sync 2 DAGs
[2023-11-11T17:38:56.473+0000] {logging_mixin.py:120} INFO - [2023-11-11T17:38:56.473+0000] {dag.py:3340} INFO - Setting next_dagrun for example_subdag_operator.section-1 to None, run_after=None
[2023-11-11T17:38:56.474+0000] {logging_mixin.py:120} INFO - [2023-11-11T17:38:56.474+0000] {dag.py:3340} INFO - Setting next_dagrun for example_subdag_operator.section-2 to None, run_after=None
[2023-11-11T17:38:56.500+0000] {processor.py:176} INFO - Processing /home/airflow/.local/lib/python3.7/site-packages/airflow/example_dags/example_subdag_operator.py took 0.771 seconds
[2023-11-11T17:39:27.061+0000] {processor.py:154} INFO - Started process (PID=1169) to work on /home/airflow/.local/lib/python3.7/site-packages/airflow/example_dags/example_subdag_operator.py
[2023-11-11T17:39:27.062+0000] {processor.py:756} INFO - Processing file /home/airflow/.local/lib/python3.7/site-packages/airflow/example_dags/example_subdag_operator.py for tasks to queue
[2023-11-11T17:39:27.066+0000] {logging_mixin.py:120} INFO - [2023-11-11T17:39:27.065+0000] {dagbag.py:537} INFO - Filling up the DagBag from /home/airflow/.local/lib/python3.7/site-packages/airflow/example_dags/example_subdag_operator.py
[2023-11-11T17:39:27.145+0000] {processor.py:766} INFO - DAG(s) dict_keys(['example_subdag_operator.section-1', 'example_subdag_operator.section-2', 'example_subdag_operator']) retrieved from /home/airflow/.local/lib/python3.7/site-packages/airflow/example_dags/example_subdag_operator.py
[2023-11-11T17:39:27.719+0000] {logging_mixin.py:120} INFO - [2023-11-11T17:39:27.719+0000] {dag.py:2585} INFO - Sync 3 DAGs
[2023-11-11T17:39:27.776+0000] {logging_mixin.py:120} INFO - [2023-11-11T17:39:27.776+0000] {dag.py:3340} INFO - Setting next_dagrun for example_subdag_operator to 2022-01-01T00:00:00+00:00, run_after=2022-01-01T00:00:00+00:00
[2023-11-11T17:39:27.783+0000] {logging_mixin.py:120} INFO - [2023-11-11T17:39:27.783+0000] {dag.py:3340} INFO - Setting next_dagrun for example_subdag_operator.section-1 to None, run_after=None
[2023-11-11T17:39:27.784+0000] {logging_mixin.py:120} INFO - [2023-11-11T17:39:27.784+0000] {dag.py:3340} INFO - Setting next_dagrun for example_subdag_operator.section-2 to None, run_after=None
[2023-11-11T17:39:27.810+0000] {logging_mixin.py:120} INFO - [2023-11-11T17:39:27.810+0000] {dag.py:2585} INFO - Sync 2 DAGs
[2023-11-11T17:39:27.826+0000] {logging_mixin.py:120} INFO - [2023-11-11T17:39:27.826+0000] {dag.py:3340} INFO - Setting next_dagrun for example_subdag_operator.section-1 to None, run_after=None
[2023-11-11T17:39:27.827+0000] {logging_mixin.py:120} INFO - [2023-11-11T17:39:27.826+0000] {dag.py:3340} INFO - Setting next_dagrun for example_subdag_operator.section-2 to None, run_after=None
[2023-11-11T17:39:27.877+0000] {processor.py:176} INFO - Processing /home/airflow/.local/lib/python3.7/site-packages/airflow/example_dags/example_subdag_operator.py took 0.827 seconds
