[2023-11-11T17:02:07.653+0000] {processor.py:154} INFO - Started process (PID=78) to work on /home/airflow/.local/lib/python3.7/site-packages/airflow/example_dags/example_nested_branch_dag.py
[2023-11-11T17:02:07.659+0000] {processor.py:756} INFO - Processing file /home/airflow/.local/lib/python3.7/site-packages/airflow/example_dags/example_nested_branch_dag.py for tasks to queue
[2023-11-11T17:02:07.662+0000] {logging_mixin.py:120} INFO - [2023-11-11T17:02:07.661+0000] {dagbag.py:537} INFO - Filling up the DagBag from /home/airflow/.local/lib/python3.7/site-packages/airflow/example_dags/example_nested_branch_dag.py
[2023-11-11T17:02:07.919+0000] {processor.py:766} INFO - DAG(s) dict_keys(['example_nested_branch_dag']) retrieved from /home/airflow/.local/lib/python3.7/site-packages/airflow/example_dags/example_nested_branch_dag.py
[2023-11-11T17:02:08.163+0000] {logging_mixin.py:120} INFO - [2023-11-11T17:02:08.162+0000] {dag.py:2585} INFO - Sync 1 DAGs
[2023-11-11T17:02:08.301+0000] {logging_mixin.py:120} INFO - [2023-11-11T17:02:08.301+0000] {dag.py:3340} INFO - Setting next_dagrun for example_nested_branch_dag to 2023-11-10T00:00:00+00:00, run_after=2023-11-11T00:00:00+00:00
[2023-11-11T17:02:08.395+0000] {processor.py:176} INFO - Processing /home/airflow/.local/lib/python3.7/site-packages/airflow/example_dags/example_nested_branch_dag.py took 0.760 seconds
[2023-11-11T17:02:38.617+0000] {processor.py:154} INFO - Started process (PID=132) to work on /home/airflow/.local/lib/python3.7/site-packages/airflow/example_dags/example_nested_branch_dag.py
[2023-11-11T17:02:38.618+0000] {processor.py:756} INFO - Processing file /home/airflow/.local/lib/python3.7/site-packages/airflow/example_dags/example_nested_branch_dag.py for tasks to queue
[2023-11-11T17:02:38.619+0000] {logging_mixin.py:120} INFO - [2023-11-11T17:02:38.619+0000] {dagbag.py:537} INFO - Filling up the DagBag from /home/airflow/.local/lib/python3.7/site-packages/airflow/example_dags/example_nested_branch_dag.py
[2023-11-11T17:02:38.667+0000] {processor.py:766} INFO - DAG(s) dict_keys(['example_nested_branch_dag']) retrieved from /home/airflow/.local/lib/python3.7/site-packages/airflow/example_dags/example_nested_branch_dag.py
[2023-11-11T17:02:38.729+0000] {logging_mixin.py:120} INFO - [2023-11-11T17:02:38.728+0000] {dag.py:2585} INFO - Sync 1 DAGs
[2023-11-11T17:02:38.773+0000] {logging_mixin.py:120} INFO - [2023-11-11T17:02:38.773+0000] {dag.py:3340} INFO - Setting next_dagrun for example_nested_branch_dag to 2023-11-10T00:00:00+00:00, run_after=2023-11-11T00:00:00+00:00
[2023-11-11T17:02:38.825+0000] {processor.py:176} INFO - Processing /home/airflow/.local/lib/python3.7/site-packages/airflow/example_dags/example_nested_branch_dag.py took 0.223 seconds
[2023-11-11T17:03:11.830+0000] {processor.py:154} INFO - Started process (PID=187) to work on /home/airflow/.local/lib/python3.7/site-packages/airflow/example_dags/example_nested_branch_dag.py
[2023-11-11T17:03:11.831+0000] {processor.py:756} INFO - Processing file /home/airflow/.local/lib/python3.7/site-packages/airflow/example_dags/example_nested_branch_dag.py for tasks to queue
[2023-11-11T17:03:11.832+0000] {logging_mixin.py:120} INFO - [2023-11-11T17:03:11.832+0000] {dagbag.py:537} INFO - Filling up the DagBag from /home/airflow/.local/lib/python3.7/site-packages/airflow/example_dags/example_nested_branch_dag.py
[2023-11-11T17:03:11.907+0000] {processor.py:766} INFO - DAG(s) dict_keys(['example_nested_branch_dag']) retrieved from /home/airflow/.local/lib/python3.7/site-packages/airflow/example_dags/example_nested_branch_dag.py
[2023-11-11T17:03:12.032+0000] {logging_mixin.py:120} INFO - [2023-11-11T17:03:12.032+0000] {dag.py:2585} INFO - Sync 1 DAGs
[2023-11-11T17:03:12.115+0000] {logging_mixin.py:120} INFO - [2023-11-11T17:03:12.115+0000] {dag.py:3340} INFO - Setting next_dagrun for example_nested_branch_dag to 2023-11-10T00:00:00+00:00, run_after=2023-11-11T00:00:00+00:00
[2023-11-11T17:03:12.168+0000] {processor.py:176} INFO - Processing /home/airflow/.local/lib/python3.7/site-packages/airflow/example_dags/example_nested_branch_dag.py took 0.344 seconds
[2023-11-11T17:03:42.579+0000] {processor.py:154} INFO - Started process (PID=251) to work on /home/airflow/.local/lib/python3.7/site-packages/airflow/example_dags/example_nested_branch_dag.py
[2023-11-11T17:03:42.581+0000] {processor.py:756} INFO - Processing file /home/airflow/.local/lib/python3.7/site-packages/airflow/example_dags/example_nested_branch_dag.py for tasks to queue
[2023-11-11T17:03:42.582+0000] {logging_mixin.py:120} INFO - [2023-11-11T17:03:42.581+0000] {dagbag.py:537} INFO - Filling up the DagBag from /home/airflow/.local/lib/python3.7/site-packages/airflow/example_dags/example_nested_branch_dag.py
[2023-11-11T17:03:42.633+0000] {processor.py:766} INFO - DAG(s) dict_keys(['example_nested_branch_dag']) retrieved from /home/airflow/.local/lib/python3.7/site-packages/airflow/example_dags/example_nested_branch_dag.py
[2023-11-11T17:03:42.749+0000] {logging_mixin.py:120} INFO - [2023-11-11T17:03:42.748+0000] {dag.py:2585} INFO - Sync 1 DAGs
[2023-11-11T17:03:42.818+0000] {logging_mixin.py:120} INFO - [2023-11-11T17:03:42.818+0000] {dag.py:3340} INFO - Setting next_dagrun for example_nested_branch_dag to 2023-11-10T00:00:00+00:00, run_after=2023-11-11T00:00:00+00:00
[2023-11-11T17:03:42.865+0000] {processor.py:176} INFO - Processing /home/airflow/.local/lib/python3.7/site-packages/airflow/example_dags/example_nested_branch_dag.py took 0.292 seconds
[2023-11-11T17:04:13.273+0000] {processor.py:154} INFO - Started process (PID=305) to work on /home/airflow/.local/lib/python3.7/site-packages/airflow/example_dags/example_nested_branch_dag.py
[2023-11-11T17:04:13.275+0000] {processor.py:756} INFO - Processing file /home/airflow/.local/lib/python3.7/site-packages/airflow/example_dags/example_nested_branch_dag.py for tasks to queue
[2023-11-11T17:04:13.275+0000] {logging_mixin.py:120} INFO - [2023-11-11T17:04:13.275+0000] {dagbag.py:537} INFO - Filling up the DagBag from /home/airflow/.local/lib/python3.7/site-packages/airflow/example_dags/example_nested_branch_dag.py
[2023-11-11T17:04:13.304+0000] {processor.py:766} INFO - DAG(s) dict_keys(['example_nested_branch_dag']) retrieved from /home/airflow/.local/lib/python3.7/site-packages/airflow/example_dags/example_nested_branch_dag.py
[2023-11-11T17:04:13.351+0000] {logging_mixin.py:120} INFO - [2023-11-11T17:04:13.351+0000] {dag.py:2585} INFO - Sync 1 DAGs
[2023-11-11T17:04:13.381+0000] {logging_mixin.py:120} INFO - [2023-11-11T17:04:13.381+0000] {dag.py:3340} INFO - Setting next_dagrun for example_nested_branch_dag to 2023-11-10T00:00:00+00:00, run_after=2023-11-11T00:00:00+00:00
[2023-11-11T17:04:13.404+0000] {processor.py:176} INFO - Processing /home/airflow/.local/lib/python3.7/site-packages/airflow/example_dags/example_nested_branch_dag.py took 0.134 seconds
[2023-11-11T17:04:44.110+0000] {processor.py:154} INFO - Started process (PID=368) to work on /home/airflow/.local/lib/python3.7/site-packages/airflow/example_dags/example_nested_branch_dag.py
[2023-11-11T17:04:44.111+0000] {processor.py:756} INFO - Processing file /home/airflow/.local/lib/python3.7/site-packages/airflow/example_dags/example_nested_branch_dag.py for tasks to queue
[2023-11-11T17:04:44.112+0000] {logging_mixin.py:120} INFO - [2023-11-11T17:04:44.112+0000] {dagbag.py:537} INFO - Filling up the DagBag from /home/airflow/.local/lib/python3.7/site-packages/airflow/example_dags/example_nested_branch_dag.py
[2023-11-11T17:04:44.138+0000] {processor.py:766} INFO - DAG(s) dict_keys(['example_nested_branch_dag']) retrieved from /home/airflow/.local/lib/python3.7/site-packages/airflow/example_dags/example_nested_branch_dag.py
[2023-11-11T17:04:44.185+0000] {logging_mixin.py:120} INFO - [2023-11-11T17:04:44.185+0000] {dag.py:2585} INFO - Sync 1 DAGs
[2023-11-11T17:04:44.215+0000] {logging_mixin.py:120} INFO - [2023-11-11T17:04:44.215+0000] {dag.py:3340} INFO - Setting next_dagrun for example_nested_branch_dag to 2023-11-10T00:00:00+00:00, run_after=2023-11-11T00:00:00+00:00
[2023-11-11T17:04:44.238+0000] {processor.py:176} INFO - Processing /home/airflow/.local/lib/python3.7/site-packages/airflow/example_dags/example_nested_branch_dag.py took 0.131 seconds
[2023-11-11T17:05:14.325+0000] {processor.py:154} INFO - Started process (PID=422) to work on /home/airflow/.local/lib/python3.7/site-packages/airflow/example_dags/example_nested_branch_dag.py
[2023-11-11T17:05:14.326+0000] {processor.py:756} INFO - Processing file /home/airflow/.local/lib/python3.7/site-packages/airflow/example_dags/example_nested_branch_dag.py for tasks to queue
[2023-11-11T17:05:14.327+0000] {logging_mixin.py:120} INFO - [2023-11-11T17:05:14.326+0000] {dagbag.py:537} INFO - Filling up the DagBag from /home/airflow/.local/lib/python3.7/site-packages/airflow/example_dags/example_nested_branch_dag.py
[2023-11-11T17:05:14.354+0000] {processor.py:766} INFO - DAG(s) dict_keys(['example_nested_branch_dag']) retrieved from /home/airflow/.local/lib/python3.7/site-packages/airflow/example_dags/example_nested_branch_dag.py
[2023-11-11T17:05:14.404+0000] {logging_mixin.py:120} INFO - [2023-11-11T17:05:14.404+0000] {dag.py:2585} INFO - Sync 1 DAGs
[2023-11-11T17:05:14.435+0000] {logging_mixin.py:120} INFO - [2023-11-11T17:05:14.435+0000] {dag.py:3340} INFO - Setting next_dagrun for example_nested_branch_dag to 2023-11-10T00:00:00+00:00, run_after=2023-11-11T00:00:00+00:00
[2023-11-11T17:05:14.456+0000] {processor.py:176} INFO - Processing /home/airflow/.local/lib/python3.7/site-packages/airflow/example_dags/example_nested_branch_dag.py took 0.136 seconds
[2023-11-11T17:05:44.923+0000] {processor.py:154} INFO - Started process (PID=485) to work on /home/airflow/.local/lib/python3.7/site-packages/airflow/example_dags/example_nested_branch_dag.py
[2023-11-11T17:05:44.924+0000] {processor.py:756} INFO - Processing file /home/airflow/.local/lib/python3.7/site-packages/airflow/example_dags/example_nested_branch_dag.py for tasks to queue
[2023-11-11T17:05:44.924+0000] {logging_mixin.py:120} INFO - [2023-11-11T17:05:44.924+0000] {dagbag.py:537} INFO - Filling up the DagBag from /home/airflow/.local/lib/python3.7/site-packages/airflow/example_dags/example_nested_branch_dag.py
[2023-11-11T17:05:44.954+0000] {processor.py:766} INFO - DAG(s) dict_keys(['example_nested_branch_dag']) retrieved from /home/airflow/.local/lib/python3.7/site-packages/airflow/example_dags/example_nested_branch_dag.py
[2023-11-11T17:05:45.009+0000] {logging_mixin.py:120} INFO - [2023-11-11T17:05:45.009+0000] {dag.py:2585} INFO - Sync 1 DAGs
[2023-11-11T17:05:45.043+0000] {logging_mixin.py:120} INFO - [2023-11-11T17:05:45.043+0000] {dag.py:3340} INFO - Setting next_dagrun for example_nested_branch_dag to 2023-11-10T00:00:00+00:00, run_after=2023-11-11T00:00:00+00:00
[2023-11-11T17:05:45.068+0000] {processor.py:176} INFO - Processing /home/airflow/.local/lib/python3.7/site-packages/airflow/example_dags/example_nested_branch_dag.py took 0.149 seconds
[2023-11-11T17:06:15.855+0000] {processor.py:154} INFO - Started process (PID=539) to work on /home/airflow/.local/lib/python3.7/site-packages/airflow/example_dags/example_nested_branch_dag.py
[2023-11-11T17:06:15.868+0000] {processor.py:756} INFO - Processing file /home/airflow/.local/lib/python3.7/site-packages/airflow/example_dags/example_nested_branch_dag.py for tasks to queue
[2023-11-11T17:06:15.877+0000] {logging_mixin.py:120} INFO - [2023-11-11T17:06:15.876+0000] {dagbag.py:537} INFO - Filling up the DagBag from /home/airflow/.local/lib/python3.7/site-packages/airflow/example_dags/example_nested_branch_dag.py
[2023-11-11T17:06:15.932+0000] {processor.py:766} INFO - DAG(s) dict_keys(['example_nested_branch_dag']) retrieved from /home/airflow/.local/lib/python3.7/site-packages/airflow/example_dags/example_nested_branch_dag.py
[2023-11-11T17:06:16.013+0000] {logging_mixin.py:120} INFO - [2023-11-11T17:06:16.013+0000] {dag.py:2585} INFO - Sync 1 DAGs
[2023-11-11T17:06:16.093+0000] {logging_mixin.py:120} INFO - [2023-11-11T17:06:16.092+0000] {dag.py:3340} INFO - Setting next_dagrun for example_nested_branch_dag to 2023-11-10T00:00:00+00:00, run_after=2023-11-11T00:00:00+00:00
[2023-11-11T17:06:16.161+0000] {processor.py:176} INFO - Processing /home/airflow/.local/lib/python3.7/site-packages/airflow/example_dags/example_nested_branch_dag.py took 0.315 seconds
[2023-11-11T17:06:47.046+0000] {processor.py:154} INFO - Started process (PID=602) to work on /home/airflow/.local/lib/python3.7/site-packages/airflow/example_dags/example_nested_branch_dag.py
[2023-11-11T17:06:47.048+0000] {processor.py:756} INFO - Processing file /home/airflow/.local/lib/python3.7/site-packages/airflow/example_dags/example_nested_branch_dag.py for tasks to queue
[2023-11-11T17:06:47.049+0000] {logging_mixin.py:120} INFO - [2023-11-11T17:06:47.048+0000] {dagbag.py:537} INFO - Filling up the DagBag from /home/airflow/.local/lib/python3.7/site-packages/airflow/example_dags/example_nested_branch_dag.py
[2023-11-11T17:06:47.095+0000] {processor.py:766} INFO - DAG(s) dict_keys(['example_nested_branch_dag']) retrieved from /home/airflow/.local/lib/python3.7/site-packages/airflow/example_dags/example_nested_branch_dag.py
[2023-11-11T17:06:47.163+0000] {logging_mixin.py:120} INFO - [2023-11-11T17:06:47.162+0000] {dag.py:2585} INFO - Sync 1 DAGs
[2023-11-11T17:06:47.211+0000] {logging_mixin.py:120} INFO - [2023-11-11T17:06:47.210+0000] {dag.py:3340} INFO - Setting next_dagrun for example_nested_branch_dag to 2023-11-10T00:00:00+00:00, run_after=2023-11-11T00:00:00+00:00
[2023-11-11T17:06:47.239+0000] {processor.py:176} INFO - Processing /home/airflow/.local/lib/python3.7/site-packages/airflow/example_dags/example_nested_branch_dag.py took 0.199 seconds
[2023-11-11T17:07:17.621+0000] {processor.py:154} INFO - Started process (PID=656) to work on /home/airflow/.local/lib/python3.7/site-packages/airflow/example_dags/example_nested_branch_dag.py
[2023-11-11T17:07:17.622+0000] {processor.py:756} INFO - Processing file /home/airflow/.local/lib/python3.7/site-packages/airflow/example_dags/example_nested_branch_dag.py for tasks to queue
[2023-11-11T17:07:17.624+0000] {logging_mixin.py:120} INFO - [2023-11-11T17:07:17.624+0000] {dagbag.py:537} INFO - Filling up the DagBag from /home/airflow/.local/lib/python3.7/site-packages/airflow/example_dags/example_nested_branch_dag.py
[2023-11-11T17:07:17.653+0000] {processor.py:766} INFO - DAG(s) dict_keys(['example_nested_branch_dag']) retrieved from /home/airflow/.local/lib/python3.7/site-packages/airflow/example_dags/example_nested_branch_dag.py
[2023-11-11T17:07:17.713+0000] {logging_mixin.py:120} INFO - [2023-11-11T17:07:17.713+0000] {dag.py:2585} INFO - Sync 1 DAGs
[2023-11-11T17:07:17.750+0000] {logging_mixin.py:120} INFO - [2023-11-11T17:07:17.750+0000] {dag.py:3340} INFO - Setting next_dagrun for example_nested_branch_dag to 2023-11-10T00:00:00+00:00, run_after=2023-11-11T00:00:00+00:00
[2023-11-11T17:07:17.776+0000] {processor.py:176} INFO - Processing /home/airflow/.local/lib/python3.7/site-packages/airflow/example_dags/example_nested_branch_dag.py took 0.159 seconds
[2023-11-11T17:29:47.686+0000] {processor.py:154} INFO - Started process (PID=94) to work on /home/airflow/.local/lib/python3.7/site-packages/airflow/example_dags/example_nested_branch_dag.py
[2023-11-11T17:29:47.688+0000] {processor.py:756} INFO - Processing file /home/airflow/.local/lib/python3.7/site-packages/airflow/example_dags/example_nested_branch_dag.py for tasks to queue
[2023-11-11T17:29:47.690+0000] {logging_mixin.py:120} INFO - [2023-11-11T17:29:47.689+0000] {dagbag.py:537} INFO - Filling up the DagBag from /home/airflow/.local/lib/python3.7/site-packages/airflow/example_dags/example_nested_branch_dag.py
[2023-11-11T17:29:47.839+0000] {processor.py:766} INFO - DAG(s) dict_keys(['example_nested_branch_dag']) retrieved from /home/airflow/.local/lib/python3.7/site-packages/airflow/example_dags/example_nested_branch_dag.py
[2023-11-11T17:29:48.613+0000] {logging_mixin.py:120} INFO - [2023-11-11T17:29:48.612+0000] {manager.py:507} INFO - Created Permission View: can read on DAG:example_nested_branch_dag
[2023-11-11T17:29:48.657+0000] {logging_mixin.py:120} INFO - [2023-11-11T17:29:48.657+0000] {manager.py:507} INFO - Created Permission View: can delete on DAG:example_nested_branch_dag
[2023-11-11T17:29:48.692+0000] {logging_mixin.py:120} INFO - [2023-11-11T17:29:48.691+0000] {manager.py:507} INFO - Created Permission View: can edit on DAG:example_nested_branch_dag
[2023-11-11T17:29:48.693+0000] {logging_mixin.py:120} INFO - [2023-11-11T17:29:48.692+0000] {dag.py:2585} INFO - Sync 1 DAGs
[2023-11-11T17:29:48.771+0000] {logging_mixin.py:120} INFO - [2023-11-11T17:29:48.770+0000] {dag.py:2606} INFO - Creating ORM DAG for example_nested_branch_dag
[2023-11-11T17:29:48.848+0000] {logging_mixin.py:120} INFO - [2023-11-11T17:29:48.847+0000] {dag.py:3340} INFO - Setting next_dagrun for example_nested_branch_dag to 2023-11-10T00:00:00+00:00, run_after=2023-11-11T00:00:00+00:00
[2023-11-11T17:29:48.978+0000] {processor.py:176} INFO - Processing /home/airflow/.local/lib/python3.7/site-packages/airflow/example_dags/example_nested_branch_dag.py took 1.303 seconds
[2023-11-11T17:30:19.516+0000] {processor.py:154} INFO - Started process (PID=147) to work on /home/airflow/.local/lib/python3.7/site-packages/airflow/example_dags/example_nested_branch_dag.py
[2023-11-11T17:30:19.521+0000] {processor.py:756} INFO - Processing file /home/airflow/.local/lib/python3.7/site-packages/airflow/example_dags/example_nested_branch_dag.py for tasks to queue
[2023-11-11T17:30:19.526+0000] {logging_mixin.py:120} INFO - [2023-11-11T17:30:19.525+0000] {dagbag.py:537} INFO - Filling up the DagBag from /home/airflow/.local/lib/python3.7/site-packages/airflow/example_dags/example_nested_branch_dag.py
[2023-11-11T17:30:19.618+0000] {processor.py:766} INFO - DAG(s) dict_keys(['example_nested_branch_dag']) retrieved from /home/airflow/.local/lib/python3.7/site-packages/airflow/example_dags/example_nested_branch_dag.py
[2023-11-11T17:30:19.713+0000] {logging_mixin.py:120} INFO - [2023-11-11T17:30:19.712+0000] {dag.py:2585} INFO - Sync 1 DAGs
[2023-11-11T17:30:19.786+0000] {logging_mixin.py:120} INFO - [2023-11-11T17:30:19.785+0000] {dag.py:3340} INFO - Setting next_dagrun for example_nested_branch_dag to 2023-11-10T00:00:00+00:00, run_after=2023-11-11T00:00:00+00:00
[2023-11-11T17:30:19.834+0000] {processor.py:176} INFO - Processing /home/airflow/.local/lib/python3.7/site-packages/airflow/example_dags/example_nested_branch_dag.py took 0.336 seconds
[2023-11-11T17:30:50.726+0000] {processor.py:154} INFO - Started process (PID=202) to work on /home/airflow/.local/lib/python3.7/site-packages/airflow/example_dags/example_nested_branch_dag.py
[2023-11-11T17:30:50.748+0000] {processor.py:756} INFO - Processing file /home/airflow/.local/lib/python3.7/site-packages/airflow/example_dags/example_nested_branch_dag.py for tasks to queue
[2023-11-11T17:30:50.751+0000] {logging_mixin.py:120} INFO - [2023-11-11T17:30:50.750+0000] {dagbag.py:537} INFO - Filling up the DagBag from /home/airflow/.local/lib/python3.7/site-packages/airflow/example_dags/example_nested_branch_dag.py
[2023-11-11T17:30:50.964+0000] {processor.py:766} INFO - DAG(s) dict_keys(['example_nested_branch_dag']) retrieved from /home/airflow/.local/lib/python3.7/site-packages/airflow/example_dags/example_nested_branch_dag.py
[2023-11-11T17:30:51.389+0000] {logging_mixin.py:120} INFO - [2023-11-11T17:30:51.388+0000] {dag.py:2585} INFO - Sync 1 DAGs
[2023-11-11T17:30:51.528+0000] {logging_mixin.py:120} INFO - [2023-11-11T17:30:51.528+0000] {dag.py:3340} INFO - Setting next_dagrun for example_nested_branch_dag to 2023-11-10T00:00:00+00:00, run_after=2023-11-11T00:00:00+00:00
[2023-11-11T17:30:51.635+0000] {processor.py:176} INFO - Processing /home/airflow/.local/lib/python3.7/site-packages/airflow/example_dags/example_nested_branch_dag.py took 0.926 seconds
[2023-11-11T17:31:21.957+0000] {processor.py:154} INFO - Started process (PID=257) to work on /home/airflow/.local/lib/python3.7/site-packages/airflow/example_dags/example_nested_branch_dag.py
[2023-11-11T17:31:21.965+0000] {processor.py:756} INFO - Processing file /home/airflow/.local/lib/python3.7/site-packages/airflow/example_dags/example_nested_branch_dag.py for tasks to queue
[2023-11-11T17:31:21.966+0000] {logging_mixin.py:120} INFO - [2023-11-11T17:31:21.966+0000] {dagbag.py:537} INFO - Filling up the DagBag from /home/airflow/.local/lib/python3.7/site-packages/airflow/example_dags/example_nested_branch_dag.py
[2023-11-11T17:31:22.027+0000] {processor.py:766} INFO - DAG(s) dict_keys(['example_nested_branch_dag']) retrieved from /home/airflow/.local/lib/python3.7/site-packages/airflow/example_dags/example_nested_branch_dag.py
[2023-11-11T17:31:22.128+0000] {logging_mixin.py:120} INFO - [2023-11-11T17:31:22.128+0000] {dag.py:2585} INFO - Sync 1 DAGs
[2023-11-11T17:31:22.186+0000] {logging_mixin.py:120} INFO - [2023-11-11T17:31:22.185+0000] {dag.py:3340} INFO - Setting next_dagrun for example_nested_branch_dag to 2023-11-10T00:00:00+00:00, run_after=2023-11-11T00:00:00+00:00
[2023-11-11T17:31:22.277+0000] {processor.py:176} INFO - Processing /home/airflow/.local/lib/python3.7/site-packages/airflow/example_dags/example_nested_branch_dag.py took 0.327 seconds
[2023-11-11T17:31:53.058+0000] {processor.py:154} INFO - Started process (PID=311) to work on /home/airflow/.local/lib/python3.7/site-packages/airflow/example_dags/example_nested_branch_dag.py
[2023-11-11T17:31:53.059+0000] {processor.py:756} INFO - Processing file /home/airflow/.local/lib/python3.7/site-packages/airflow/example_dags/example_nested_branch_dag.py for tasks to queue
[2023-11-11T17:31:53.061+0000] {logging_mixin.py:120} INFO - [2023-11-11T17:31:53.061+0000] {dagbag.py:537} INFO - Filling up the DagBag from /home/airflow/.local/lib/python3.7/site-packages/airflow/example_dags/example_nested_branch_dag.py
[2023-11-11T17:31:53.109+0000] {processor.py:766} INFO - DAG(s) dict_keys(['example_nested_branch_dag']) retrieved from /home/airflow/.local/lib/python3.7/site-packages/airflow/example_dags/example_nested_branch_dag.py
[2023-11-11T17:31:53.189+0000] {logging_mixin.py:120} INFO - [2023-11-11T17:31:53.189+0000] {dag.py:2585} INFO - Sync 1 DAGs
[2023-11-11T17:31:53.253+0000] {logging_mixin.py:120} INFO - [2023-11-11T17:31:53.252+0000] {dag.py:3340} INFO - Setting next_dagrun for example_nested_branch_dag to 2023-11-10T00:00:00+00:00, run_after=2023-11-11T00:00:00+00:00
[2023-11-11T17:31:53.279+0000] {processor.py:176} INFO - Processing /home/airflow/.local/lib/python3.7/site-packages/airflow/example_dags/example_nested_branch_dag.py took 0.226 seconds
[2023-11-11T17:32:23.649+0000] {processor.py:154} INFO - Started process (PID=365) to work on /home/airflow/.local/lib/python3.7/site-packages/airflow/example_dags/example_nested_branch_dag.py
[2023-11-11T17:32:23.651+0000] {processor.py:756} INFO - Processing file /home/airflow/.local/lib/python3.7/site-packages/airflow/example_dags/example_nested_branch_dag.py for tasks to queue
[2023-11-11T17:32:23.652+0000] {logging_mixin.py:120} INFO - [2023-11-11T17:32:23.652+0000] {dagbag.py:537} INFO - Filling up the DagBag from /home/airflow/.local/lib/python3.7/site-packages/airflow/example_dags/example_nested_branch_dag.py
[2023-11-11T17:32:23.693+0000] {processor.py:766} INFO - DAG(s) dict_keys(['example_nested_branch_dag']) retrieved from /home/airflow/.local/lib/python3.7/site-packages/airflow/example_dags/example_nested_branch_dag.py
[2023-11-11T17:32:23.760+0000] {logging_mixin.py:120} INFO - [2023-11-11T17:32:23.760+0000] {dag.py:2585} INFO - Sync 1 DAGs
[2023-11-11T17:32:23.803+0000] {logging_mixin.py:120} INFO - [2023-11-11T17:32:23.803+0000] {dag.py:3340} INFO - Setting next_dagrun for example_nested_branch_dag to 2023-11-10T00:00:00+00:00, run_after=2023-11-11T00:00:00+00:00
[2023-11-11T17:32:23.832+0000] {processor.py:176} INFO - Processing /home/airflow/.local/lib/python3.7/site-packages/airflow/example_dags/example_nested_branch_dag.py took 0.187 seconds
[2023-11-11T17:32:54.088+0000] {processor.py:154} INFO - Started process (PID=428) to work on /home/airflow/.local/lib/python3.7/site-packages/airflow/example_dags/example_nested_branch_dag.py
[2023-11-11T17:32:54.089+0000] {processor.py:756} INFO - Processing file /home/airflow/.local/lib/python3.7/site-packages/airflow/example_dags/example_nested_branch_dag.py for tasks to queue
[2023-11-11T17:32:54.090+0000] {logging_mixin.py:120} INFO - [2023-11-11T17:32:54.090+0000] {dagbag.py:537} INFO - Filling up the DagBag from /home/airflow/.local/lib/python3.7/site-packages/airflow/example_dags/example_nested_branch_dag.py
[2023-11-11T17:32:54.137+0000] {processor.py:766} INFO - DAG(s) dict_keys(['example_nested_branch_dag']) retrieved from /home/airflow/.local/lib/python3.7/site-packages/airflow/example_dags/example_nested_branch_dag.py
[2023-11-11T17:32:54.209+0000] {logging_mixin.py:120} INFO - [2023-11-11T17:32:54.209+0000] {dag.py:2585} INFO - Sync 1 DAGs
[2023-11-11T17:32:54.261+0000] {logging_mixin.py:120} INFO - [2023-11-11T17:32:54.260+0000] {dag.py:3340} INFO - Setting next_dagrun for example_nested_branch_dag to 2023-11-10T00:00:00+00:00, run_after=2023-11-11T00:00:00+00:00
[2023-11-11T17:32:54.297+0000] {processor.py:176} INFO - Processing /home/airflow/.local/lib/python3.7/site-packages/airflow/example_dags/example_nested_branch_dag.py took 0.217 seconds
[2023-11-11T17:33:24.557+0000] {processor.py:154} INFO - Started process (PID=482) to work on /home/airflow/.local/lib/python3.7/site-packages/airflow/example_dags/example_nested_branch_dag.py
[2023-11-11T17:33:24.559+0000] {processor.py:756} INFO - Processing file /home/airflow/.local/lib/python3.7/site-packages/airflow/example_dags/example_nested_branch_dag.py for tasks to queue
[2023-11-11T17:33:24.560+0000] {logging_mixin.py:120} INFO - [2023-11-11T17:33:24.559+0000] {dagbag.py:537} INFO - Filling up the DagBag from /home/airflow/.local/lib/python3.7/site-packages/airflow/example_dags/example_nested_branch_dag.py
[2023-11-11T17:33:24.601+0000] {processor.py:766} INFO - DAG(s) dict_keys(['example_nested_branch_dag']) retrieved from /home/airflow/.local/lib/python3.7/site-packages/airflow/example_dags/example_nested_branch_dag.py
[2023-11-11T17:33:24.670+0000] {logging_mixin.py:120} INFO - [2023-11-11T17:33:24.669+0000] {dag.py:2585} INFO - Sync 1 DAGs
[2023-11-11T17:33:24.711+0000] {logging_mixin.py:120} INFO - [2023-11-11T17:33:24.711+0000] {dag.py:3340} INFO - Setting next_dagrun for example_nested_branch_dag to 2023-11-10T00:00:00+00:00, run_after=2023-11-11T00:00:00+00:00
[2023-11-11T17:33:24.738+0000] {processor.py:176} INFO - Processing /home/airflow/.local/lib/python3.7/site-packages/airflow/example_dags/example_nested_branch_dag.py took 0.188 seconds
[2023-11-11T17:33:54.925+0000] {processor.py:154} INFO - Started process (PID=538) to work on /home/airflow/.local/lib/python3.7/site-packages/airflow/example_dags/example_nested_branch_dag.py
[2023-11-11T17:33:54.928+0000] {processor.py:756} INFO - Processing file /home/airflow/.local/lib/python3.7/site-packages/airflow/example_dags/example_nested_branch_dag.py for tasks to queue
[2023-11-11T17:33:54.929+0000] {logging_mixin.py:120} INFO - [2023-11-11T17:33:54.929+0000] {dagbag.py:537} INFO - Filling up the DagBag from /home/airflow/.local/lib/python3.7/site-packages/airflow/example_dags/example_nested_branch_dag.py
[2023-11-11T17:33:54.964+0000] {processor.py:766} INFO - DAG(s) dict_keys(['example_nested_branch_dag']) retrieved from /home/airflow/.local/lib/python3.7/site-packages/airflow/example_dags/example_nested_branch_dag.py
[2023-11-11T17:33:55.023+0000] {logging_mixin.py:120} INFO - [2023-11-11T17:33:55.023+0000] {dag.py:2585} INFO - Sync 1 DAGs
[2023-11-11T17:33:55.059+0000] {logging_mixin.py:120} INFO - [2023-11-11T17:33:55.058+0000] {dag.py:3340} INFO - Setting next_dagrun for example_nested_branch_dag to 2023-11-10T00:00:00+00:00, run_after=2023-11-11T00:00:00+00:00
[2023-11-11T17:33:55.087+0000] {processor.py:176} INFO - Processing /home/airflow/.local/lib/python3.7/site-packages/airflow/example_dags/example_nested_branch_dag.py took 0.166 seconds
[2023-11-11T17:34:25.218+0000] {processor.py:154} INFO - Started process (PID=601) to work on /home/airflow/.local/lib/python3.7/site-packages/airflow/example_dags/example_nested_branch_dag.py
[2023-11-11T17:34:25.221+0000] {processor.py:756} INFO - Processing file /home/airflow/.local/lib/python3.7/site-packages/airflow/example_dags/example_nested_branch_dag.py for tasks to queue
[2023-11-11T17:34:25.223+0000] {logging_mixin.py:120} INFO - [2023-11-11T17:34:25.222+0000] {dagbag.py:537} INFO - Filling up the DagBag from /home/airflow/.local/lib/python3.7/site-packages/airflow/example_dags/example_nested_branch_dag.py
[2023-11-11T17:34:25.286+0000] {processor.py:766} INFO - DAG(s) dict_keys(['example_nested_branch_dag']) retrieved from /home/airflow/.local/lib/python3.7/site-packages/airflow/example_dags/example_nested_branch_dag.py
[2023-11-11T17:34:25.392+0000] {logging_mixin.py:120} INFO - [2023-11-11T17:34:25.392+0000] {dag.py:2585} INFO - Sync 1 DAGs
[2023-11-11T17:34:25.468+0000] {logging_mixin.py:120} INFO - [2023-11-11T17:34:25.468+0000] {dag.py:3340} INFO - Setting next_dagrun for example_nested_branch_dag to 2023-11-10T00:00:00+00:00, run_after=2023-11-11T00:00:00+00:00
[2023-11-11T17:34:25.532+0000] {processor.py:176} INFO - Processing /home/airflow/.local/lib/python3.7/site-packages/airflow/example_dags/example_nested_branch_dag.py took 0.319 seconds
[2023-11-11T17:34:55.948+0000] {processor.py:154} INFO - Started process (PID=656) to work on /home/airflow/.local/lib/python3.7/site-packages/airflow/example_dags/example_nested_branch_dag.py
[2023-11-11T17:34:55.949+0000] {processor.py:756} INFO - Processing file /home/airflow/.local/lib/python3.7/site-packages/airflow/example_dags/example_nested_branch_dag.py for tasks to queue
[2023-11-11T17:34:55.950+0000] {logging_mixin.py:120} INFO - [2023-11-11T17:34:55.950+0000] {dagbag.py:537} INFO - Filling up the DagBag from /home/airflow/.local/lib/python3.7/site-packages/airflow/example_dags/example_nested_branch_dag.py
[2023-11-11T17:34:56.017+0000] {processor.py:766} INFO - DAG(s) dict_keys(['example_nested_branch_dag']) retrieved from /home/airflow/.local/lib/python3.7/site-packages/airflow/example_dags/example_nested_branch_dag.py
[2023-11-11T17:34:56.122+0000] {logging_mixin.py:120} INFO - [2023-11-11T17:34:56.119+0000] {dag.py:2585} INFO - Sync 1 DAGs
[2023-11-11T17:34:56.188+0000] {logging_mixin.py:120} INFO - [2023-11-11T17:34:56.188+0000] {dag.py:3340} INFO - Setting next_dagrun for example_nested_branch_dag to 2023-11-10T00:00:00+00:00, run_after=2023-11-11T00:00:00+00:00
[2023-11-11T17:34:56.228+0000] {processor.py:176} INFO - Processing /home/airflow/.local/lib/python3.7/site-packages/airflow/example_dags/example_nested_branch_dag.py took 0.286 seconds
[2023-11-11T17:35:26.406+0000] {processor.py:154} INFO - Started process (PID=710) to work on /home/airflow/.local/lib/python3.7/site-packages/airflow/example_dags/example_nested_branch_dag.py
[2023-11-11T17:35:26.407+0000] {processor.py:756} INFO - Processing file /home/airflow/.local/lib/python3.7/site-packages/airflow/example_dags/example_nested_branch_dag.py for tasks to queue
[2023-11-11T17:35:26.408+0000] {logging_mixin.py:120} INFO - [2023-11-11T17:35:26.408+0000] {dagbag.py:537} INFO - Filling up the DagBag from /home/airflow/.local/lib/python3.7/site-packages/airflow/example_dags/example_nested_branch_dag.py
[2023-11-11T17:35:26.473+0000] {processor.py:766} INFO - DAG(s) dict_keys(['example_nested_branch_dag']) retrieved from /home/airflow/.local/lib/python3.7/site-packages/airflow/example_dags/example_nested_branch_dag.py
[2023-11-11T17:35:26.558+0000] {logging_mixin.py:120} INFO - [2023-11-11T17:35:26.557+0000] {dag.py:2585} INFO - Sync 1 DAGs
[2023-11-11T17:35:26.623+0000] {logging_mixin.py:120} INFO - [2023-11-11T17:35:26.623+0000] {dag.py:3340} INFO - Setting next_dagrun for example_nested_branch_dag to 2023-11-10T00:00:00+00:00, run_after=2023-11-11T00:00:00+00:00
[2023-11-11T17:35:26.666+0000] {processor.py:176} INFO - Processing /home/airflow/.local/lib/python3.7/site-packages/airflow/example_dags/example_nested_branch_dag.py took 0.267 seconds
[2023-11-11T17:35:57.201+0000] {processor.py:154} INFO - Started process (PID=773) to work on /home/airflow/.local/lib/python3.7/site-packages/airflow/example_dags/example_nested_branch_dag.py
[2023-11-11T17:35:57.202+0000] {processor.py:756} INFO - Processing file /home/airflow/.local/lib/python3.7/site-packages/airflow/example_dags/example_nested_branch_dag.py for tasks to queue
[2023-11-11T17:35:57.205+0000] {logging_mixin.py:120} INFO - [2023-11-11T17:35:57.204+0000] {dagbag.py:537} INFO - Filling up the DagBag from /home/airflow/.local/lib/python3.7/site-packages/airflow/example_dags/example_nested_branch_dag.py
[2023-11-11T17:35:57.271+0000] {processor.py:766} INFO - DAG(s) dict_keys(['example_nested_branch_dag']) retrieved from /home/airflow/.local/lib/python3.7/site-packages/airflow/example_dags/example_nested_branch_dag.py
[2023-11-11T17:35:57.359+0000] {logging_mixin.py:120} INFO - [2023-11-11T17:35:57.359+0000] {dag.py:2585} INFO - Sync 1 DAGs
[2023-11-11T17:35:57.432+0000] {logging_mixin.py:120} INFO - [2023-11-11T17:35:57.431+0000] {dag.py:3340} INFO - Setting next_dagrun for example_nested_branch_dag to 2023-11-10T00:00:00+00:00, run_after=2023-11-11T00:00:00+00:00
[2023-11-11T17:35:57.471+0000] {processor.py:176} INFO - Processing /home/airflow/.local/lib/python3.7/site-packages/airflow/example_dags/example_nested_branch_dag.py took 0.278 seconds
[2023-11-11T17:36:27.694+0000] {processor.py:154} INFO - Started process (PID=827) to work on /home/airflow/.local/lib/python3.7/site-packages/airflow/example_dags/example_nested_branch_dag.py
[2023-11-11T17:36:27.695+0000] {processor.py:756} INFO - Processing file /home/airflow/.local/lib/python3.7/site-packages/airflow/example_dags/example_nested_branch_dag.py for tasks to queue
[2023-11-11T17:36:27.695+0000] {logging_mixin.py:120} INFO - [2023-11-11T17:36:27.695+0000] {dagbag.py:537} INFO - Filling up the DagBag from /home/airflow/.local/lib/python3.7/site-packages/airflow/example_dags/example_nested_branch_dag.py
[2023-11-11T17:36:27.736+0000] {processor.py:766} INFO - DAG(s) dict_keys(['example_nested_branch_dag']) retrieved from /home/airflow/.local/lib/python3.7/site-packages/airflow/example_dags/example_nested_branch_dag.py
[2023-11-11T17:36:27.798+0000] {logging_mixin.py:120} INFO - [2023-11-11T17:36:27.797+0000] {dag.py:2585} INFO - Sync 1 DAGs
[2023-11-11T17:36:27.838+0000] {logging_mixin.py:120} INFO - [2023-11-11T17:36:27.838+0000] {dag.py:3340} INFO - Setting next_dagrun for example_nested_branch_dag to 2023-11-10T00:00:00+00:00, run_after=2023-11-11T00:00:00+00:00
[2023-11-11T17:36:27.863+0000] {processor.py:176} INFO - Processing /home/airflow/.local/lib/python3.7/site-packages/airflow/example_dags/example_nested_branch_dag.py took 0.173 seconds
[2023-11-11T17:36:58.216+0000] {processor.py:154} INFO - Started process (PID=890) to work on /home/airflow/.local/lib/python3.7/site-packages/airflow/example_dags/example_nested_branch_dag.py
[2023-11-11T17:36:58.217+0000] {processor.py:756} INFO - Processing file /home/airflow/.local/lib/python3.7/site-packages/airflow/example_dags/example_nested_branch_dag.py for tasks to queue
[2023-11-11T17:36:58.217+0000] {logging_mixin.py:120} INFO - [2023-11-11T17:36:58.217+0000] {dagbag.py:537} INFO - Filling up the DagBag from /home/airflow/.local/lib/python3.7/site-packages/airflow/example_dags/example_nested_branch_dag.py
[2023-11-11T17:36:58.280+0000] {processor.py:766} INFO - DAG(s) dict_keys(['example_nested_branch_dag']) retrieved from /home/airflow/.local/lib/python3.7/site-packages/airflow/example_dags/example_nested_branch_dag.py
[2023-11-11T17:36:58.380+0000] {logging_mixin.py:120} INFO - [2023-11-11T17:36:58.380+0000] {dag.py:2585} INFO - Sync 1 DAGs
[2023-11-11T17:36:58.430+0000] {logging_mixin.py:120} INFO - [2023-11-11T17:36:58.429+0000] {dag.py:3340} INFO - Setting next_dagrun for example_nested_branch_dag to 2023-11-10T00:00:00+00:00, run_after=2023-11-11T00:00:00+00:00
[2023-11-11T17:36:58.467+0000] {processor.py:176} INFO - Processing /home/airflow/.local/lib/python3.7/site-packages/airflow/example_dags/example_nested_branch_dag.py took 0.255 seconds
[2023-11-11T17:37:28.504+0000] {processor.py:154} INFO - Started process (PID=944) to work on /home/airflow/.local/lib/python3.7/site-packages/airflow/example_dags/example_nested_branch_dag.py
[2023-11-11T17:37:28.505+0000] {processor.py:756} INFO - Processing file /home/airflow/.local/lib/python3.7/site-packages/airflow/example_dags/example_nested_branch_dag.py for tasks to queue
[2023-11-11T17:37:28.506+0000] {logging_mixin.py:120} INFO - [2023-11-11T17:37:28.506+0000] {dagbag.py:537} INFO - Filling up the DagBag from /home/airflow/.local/lib/python3.7/site-packages/airflow/example_dags/example_nested_branch_dag.py
[2023-11-11T17:37:28.547+0000] {processor.py:766} INFO - DAG(s) dict_keys(['example_nested_branch_dag']) retrieved from /home/airflow/.local/lib/python3.7/site-packages/airflow/example_dags/example_nested_branch_dag.py
[2023-11-11T17:37:28.605+0000] {logging_mixin.py:120} INFO - [2023-11-11T17:37:28.604+0000] {dag.py:2585} INFO - Sync 1 DAGs
[2023-11-11T17:37:28.664+0000] {logging_mixin.py:120} INFO - [2023-11-11T17:37:28.664+0000] {dag.py:3340} INFO - Setting next_dagrun for example_nested_branch_dag to 2023-11-10T00:00:00+00:00, run_after=2023-11-11T00:00:00+00:00
[2023-11-11T17:37:28.692+0000] {processor.py:176} INFO - Processing /home/airflow/.local/lib/python3.7/site-packages/airflow/example_dags/example_nested_branch_dag.py took 0.192 seconds
[2023-11-11T17:37:58.886+0000] {processor.py:154} INFO - Started process (PID=1007) to work on /home/airflow/.local/lib/python3.7/site-packages/airflow/example_dags/example_nested_branch_dag.py
[2023-11-11T17:37:58.886+0000] {processor.py:756} INFO - Processing file /home/airflow/.local/lib/python3.7/site-packages/airflow/example_dags/example_nested_branch_dag.py for tasks to queue
[2023-11-11T17:37:58.889+0000] {logging_mixin.py:120} INFO - [2023-11-11T17:37:58.888+0000] {dagbag.py:537} INFO - Filling up the DagBag from /home/airflow/.local/lib/python3.7/site-packages/airflow/example_dags/example_nested_branch_dag.py
[2023-11-11T17:37:58.923+0000] {processor.py:766} INFO - DAG(s) dict_keys(['example_nested_branch_dag']) retrieved from /home/airflow/.local/lib/python3.7/site-packages/airflow/example_dags/example_nested_branch_dag.py
[2023-11-11T17:37:58.980+0000] {logging_mixin.py:120} INFO - [2023-11-11T17:37:58.980+0000] {dag.py:2585} INFO - Sync 1 DAGs
[2023-11-11T17:37:59.018+0000] {logging_mixin.py:120} INFO - [2023-11-11T17:37:59.018+0000] {dag.py:3340} INFO - Setting next_dagrun for example_nested_branch_dag to 2023-11-10T00:00:00+00:00, run_after=2023-11-11T00:00:00+00:00
[2023-11-11T17:37:59.045+0000] {processor.py:176} INFO - Processing /home/airflow/.local/lib/python3.7/site-packages/airflow/example_dags/example_nested_branch_dag.py took 0.163 seconds
[2023-11-11T17:38:29.329+0000] {processor.py:154} INFO - Started process (PID=1061) to work on /home/airflow/.local/lib/python3.7/site-packages/airflow/example_dags/example_nested_branch_dag.py
[2023-11-11T17:38:29.330+0000] {processor.py:756} INFO - Processing file /home/airflow/.local/lib/python3.7/site-packages/airflow/example_dags/example_nested_branch_dag.py for tasks to queue
[2023-11-11T17:38:29.331+0000] {logging_mixin.py:120} INFO - [2023-11-11T17:38:29.331+0000] {dagbag.py:537} INFO - Filling up the DagBag from /home/airflow/.local/lib/python3.7/site-packages/airflow/example_dags/example_nested_branch_dag.py
[2023-11-11T17:38:29.404+0000] {processor.py:766} INFO - DAG(s) dict_keys(['example_nested_branch_dag']) retrieved from /home/airflow/.local/lib/python3.7/site-packages/airflow/example_dags/example_nested_branch_dag.py
[2023-11-11T17:38:29.496+0000] {logging_mixin.py:120} INFO - [2023-11-11T17:38:29.496+0000] {dag.py:2585} INFO - Sync 1 DAGs
[2023-11-11T17:38:29.555+0000] {logging_mixin.py:120} INFO - [2023-11-11T17:38:29.555+0000] {dag.py:3340} INFO - Setting next_dagrun for example_nested_branch_dag to 2023-11-10T00:00:00+00:00, run_after=2023-11-11T00:00:00+00:00
[2023-11-11T17:38:29.596+0000] {processor.py:176} INFO - Processing /home/airflow/.local/lib/python3.7/site-packages/airflow/example_dags/example_nested_branch_dag.py took 0.273 seconds
[2023-11-11T17:38:59.662+0000] {processor.py:154} INFO - Started process (PID=1124) to work on /home/airflow/.local/lib/python3.7/site-packages/airflow/example_dags/example_nested_branch_dag.py
[2023-11-11T17:38:59.665+0000] {processor.py:756} INFO - Processing file /home/airflow/.local/lib/python3.7/site-packages/airflow/example_dags/example_nested_branch_dag.py for tasks to queue
[2023-11-11T17:38:59.666+0000] {logging_mixin.py:120} INFO - [2023-11-11T17:38:59.666+0000] {dagbag.py:537} INFO - Filling up the DagBag from /home/airflow/.local/lib/python3.7/site-packages/airflow/example_dags/example_nested_branch_dag.py
[2023-11-11T17:38:59.707+0000] {processor.py:766} INFO - DAG(s) dict_keys(['example_nested_branch_dag']) retrieved from /home/airflow/.local/lib/python3.7/site-packages/airflow/example_dags/example_nested_branch_dag.py
[2023-11-11T17:38:59.761+0000] {logging_mixin.py:120} INFO - [2023-11-11T17:38:59.761+0000] {dag.py:2585} INFO - Sync 1 DAGs
[2023-11-11T17:38:59.801+0000] {logging_mixin.py:120} INFO - [2023-11-11T17:38:59.801+0000] {dag.py:3340} INFO - Setting next_dagrun for example_nested_branch_dag to 2023-11-10T00:00:00+00:00, run_after=2023-11-11T00:00:00+00:00
[2023-11-11T17:38:59.828+0000] {processor.py:176} INFO - Processing /home/airflow/.local/lib/python3.7/site-packages/airflow/example_dags/example_nested_branch_dag.py took 0.171 seconds
[2023-11-11T17:39:30.498+0000] {processor.py:154} INFO - Started process (PID=1178) to work on /home/airflow/.local/lib/python3.7/site-packages/airflow/example_dags/example_nested_branch_dag.py
[2023-11-11T17:39:30.500+0000] {processor.py:756} INFO - Processing file /home/airflow/.local/lib/python3.7/site-packages/airflow/example_dags/example_nested_branch_dag.py for tasks to queue
[2023-11-11T17:39:30.502+0000] {logging_mixin.py:120} INFO - [2023-11-11T17:39:30.502+0000] {dagbag.py:537} INFO - Filling up the DagBag from /home/airflow/.local/lib/python3.7/site-packages/airflow/example_dags/example_nested_branch_dag.py
[2023-11-11T17:39:30.557+0000] {processor.py:766} INFO - DAG(s) dict_keys(['example_nested_branch_dag']) retrieved from /home/airflow/.local/lib/python3.7/site-packages/airflow/example_dags/example_nested_branch_dag.py
[2023-11-11T17:39:30.651+0000] {logging_mixin.py:120} INFO - [2023-11-11T17:39:30.651+0000] {dag.py:2585} INFO - Sync 1 DAGs
[2023-11-11T17:39:30.730+0000] {logging_mixin.py:120} INFO - [2023-11-11T17:39:30.730+0000] {dag.py:3340} INFO - Setting next_dagrun for example_nested_branch_dag to 2023-11-10T00:00:00+00:00, run_after=2023-11-11T00:00:00+00:00
[2023-11-11T17:39:30.769+0000] {processor.py:176} INFO - Processing /home/airflow/.local/lib/python3.7/site-packages/airflow/example_dags/example_nested_branch_dag.py took 0.278 seconds
