[2023-11-11T17:02:08.137+0000] {processor.py:154} INFO - Started process (PID=79) to work on /home/airflow/.local/lib/python3.7/site-packages/airflow/example_dags/example_time_delta_sensor_async.py
[2023-11-11T17:02:08.143+0000] {processor.py:756} INFO - Processing file /home/airflow/.local/lib/python3.7/site-packages/airflow/example_dags/example_time_delta_sensor_async.py for tasks to queue
[2023-11-11T17:02:08.145+0000] {logging_mixin.py:120} INFO - [2023-11-11T17:02:08.144+0000] {dagbag.py:537} INFO - Filling up the DagBag from /home/airflow/.local/lib/python3.7/site-packages/airflow/example_dags/example_time_delta_sensor_async.py
[2023-11-11T17:02:08.281+0000] {processor.py:766} INFO - DAG(s) dict_keys(['example_time_delta_sensor_async']) retrieved from /home/airflow/.local/lib/python3.7/site-packages/airflow/example_dags/example_time_delta_sensor_async.py
[2023-11-11T17:02:09.060+0000] {logging_mixin.py:120} INFO - [2023-11-11T17:02:09.059+0000] {dag.py:2585} INFO - Sync 1 DAGs
[2023-11-11T17:02:09.157+0000] {logging_mixin.py:120} INFO - [2023-11-11T17:02:09.153+0000] {dag.py:3340} INFO - Setting next_dagrun for example_time_delta_sensor_async to None, run_after=None
[2023-11-11T17:02:09.240+0000] {processor.py:176} INFO - Processing /home/airflow/.local/lib/python3.7/site-packages/airflow/example_dags/example_time_delta_sensor_async.py took 1.151 seconds
[2023-11-11T17:02:39.694+0000] {processor.py:154} INFO - Started process (PID=133) to work on /home/airflow/.local/lib/python3.7/site-packages/airflow/example_dags/example_time_delta_sensor_async.py
[2023-11-11T17:02:39.696+0000] {processor.py:756} INFO - Processing file /home/airflow/.local/lib/python3.7/site-packages/airflow/example_dags/example_time_delta_sensor_async.py for tasks to queue
[2023-11-11T17:02:39.698+0000] {logging_mixin.py:120} INFO - [2023-11-11T17:02:39.698+0000] {dagbag.py:537} INFO - Filling up the DagBag from /home/airflow/.local/lib/python3.7/site-packages/airflow/example_dags/example_time_delta_sensor_async.py
[2023-11-11T17:02:39.806+0000] {processor.py:766} INFO - DAG(s) dict_keys(['example_time_delta_sensor_async']) retrieved from /home/airflow/.local/lib/python3.7/site-packages/airflow/example_dags/example_time_delta_sensor_async.py
[2023-11-11T17:02:40.243+0000] {logging_mixin.py:120} INFO - [2023-11-11T17:02:40.243+0000] {dag.py:2585} INFO - Sync 1 DAGs
[2023-11-11T17:02:40.309+0000] {logging_mixin.py:120} INFO - [2023-11-11T17:02:40.308+0000] {dag.py:3340} INFO - Setting next_dagrun for example_time_delta_sensor_async to None, run_after=None
[2023-11-11T17:02:40.342+0000] {processor.py:176} INFO - Processing /home/airflow/.local/lib/python3.7/site-packages/airflow/example_dags/example_time_delta_sensor_async.py took 0.653 seconds
[2023-11-11T17:03:12.155+0000] {processor.py:154} INFO - Started process (PID=188) to work on /home/airflow/.local/lib/python3.7/site-packages/airflow/example_dags/example_time_delta_sensor_async.py
[2023-11-11T17:03:12.158+0000] {processor.py:756} INFO - Processing file /home/airflow/.local/lib/python3.7/site-packages/airflow/example_dags/example_time_delta_sensor_async.py for tasks to queue
[2023-11-11T17:03:12.161+0000] {logging_mixin.py:120} INFO - [2023-11-11T17:03:12.161+0000] {dagbag.py:537} INFO - Filling up the DagBag from /home/airflow/.local/lib/python3.7/site-packages/airflow/example_dags/example_time_delta_sensor_async.py
[2023-11-11T17:03:12.210+0000] {processor.py:766} INFO - DAG(s) dict_keys(['example_time_delta_sensor_async']) retrieved from /home/airflow/.local/lib/python3.7/site-packages/airflow/example_dags/example_time_delta_sensor_async.py
[2023-11-11T17:03:12.882+0000] {logging_mixin.py:120} INFO - [2023-11-11T17:03:12.882+0000] {dag.py:2585} INFO - Sync 1 DAGs
[2023-11-11T17:03:12.997+0000] {logging_mixin.py:120} INFO - [2023-11-11T17:03:12.997+0000] {dag.py:3340} INFO - Setting next_dagrun for example_time_delta_sensor_async to None, run_after=None
[2023-11-11T17:03:13.054+0000] {processor.py:176} INFO - Processing /home/airflow/.local/lib/python3.7/site-packages/airflow/example_dags/example_time_delta_sensor_async.py took 0.908 seconds
[2023-11-11T17:03:43.104+0000] {processor.py:154} INFO - Started process (PID=253) to work on /home/airflow/.local/lib/python3.7/site-packages/airflow/example_dags/example_time_delta_sensor_async.py
[2023-11-11T17:03:43.105+0000] {processor.py:756} INFO - Processing file /home/airflow/.local/lib/python3.7/site-packages/airflow/example_dags/example_time_delta_sensor_async.py for tasks to queue
[2023-11-11T17:03:43.106+0000] {logging_mixin.py:120} INFO - [2023-11-11T17:03:43.106+0000] {dagbag.py:537} INFO - Filling up the DagBag from /home/airflow/.local/lib/python3.7/site-packages/airflow/example_dags/example_time_delta_sensor_async.py
[2023-11-11T17:03:43.129+0000] {processor.py:766} INFO - DAG(s) dict_keys(['example_time_delta_sensor_async']) retrieved from /home/airflow/.local/lib/python3.7/site-packages/airflow/example_dags/example_time_delta_sensor_async.py
[2023-11-11T17:03:43.522+0000] {logging_mixin.py:120} INFO - [2023-11-11T17:03:43.522+0000] {dag.py:2585} INFO - Sync 1 DAGs
[2023-11-11T17:03:43.557+0000] {logging_mixin.py:120} INFO - [2023-11-11T17:03:43.557+0000] {dag.py:3340} INFO - Setting next_dagrun for example_time_delta_sensor_async to None, run_after=None
[2023-11-11T17:03:43.611+0000] {processor.py:176} INFO - Processing /home/airflow/.local/lib/python3.7/site-packages/airflow/example_dags/example_time_delta_sensor_async.py took 0.512 seconds
[2023-11-11T17:04:14.599+0000] {processor.py:154} INFO - Started process (PID=308) to work on /home/airflow/.local/lib/python3.7/site-packages/airflow/example_dags/example_time_delta_sensor_async.py
[2023-11-11T17:04:14.600+0000] {processor.py:756} INFO - Processing file /home/airflow/.local/lib/python3.7/site-packages/airflow/example_dags/example_time_delta_sensor_async.py for tasks to queue
[2023-11-11T17:04:14.601+0000] {logging_mixin.py:120} INFO - [2023-11-11T17:04:14.601+0000] {dagbag.py:537} INFO - Filling up the DagBag from /home/airflow/.local/lib/python3.7/site-packages/airflow/example_dags/example_time_delta_sensor_async.py
[2023-11-11T17:04:14.617+0000] {processor.py:766} INFO - DAG(s) dict_keys(['example_time_delta_sensor_async']) retrieved from /home/airflow/.local/lib/python3.7/site-packages/airflow/example_dags/example_time_delta_sensor_async.py
[2023-11-11T17:04:14.875+0000] {logging_mixin.py:120} INFO - [2023-11-11T17:04:14.874+0000] {dag.py:2585} INFO - Sync 1 DAGs
[2023-11-11T17:04:14.904+0000] {logging_mixin.py:120} INFO - [2023-11-11T17:04:14.904+0000] {dag.py:3340} INFO - Setting next_dagrun for example_time_delta_sensor_async to None, run_after=None
[2023-11-11T17:04:14.925+0000] {processor.py:176} INFO - Processing /home/airflow/.local/lib/python3.7/site-packages/airflow/example_dags/example_time_delta_sensor_async.py took 0.329 seconds
[2023-11-11T17:04:45.431+0000] {processor.py:154} INFO - Started process (PID=371) to work on /home/airflow/.local/lib/python3.7/site-packages/airflow/example_dags/example_time_delta_sensor_async.py
[2023-11-11T17:04:45.432+0000] {processor.py:756} INFO - Processing file /home/airflow/.local/lib/python3.7/site-packages/airflow/example_dags/example_time_delta_sensor_async.py for tasks to queue
[2023-11-11T17:04:45.434+0000] {logging_mixin.py:120} INFO - [2023-11-11T17:04:45.433+0000] {dagbag.py:537} INFO - Filling up the DagBag from /home/airflow/.local/lib/python3.7/site-packages/airflow/example_dags/example_time_delta_sensor_async.py
[2023-11-11T17:04:45.451+0000] {processor.py:766} INFO - DAG(s) dict_keys(['example_time_delta_sensor_async']) retrieved from /home/airflow/.local/lib/python3.7/site-packages/airflow/example_dags/example_time_delta_sensor_async.py
[2023-11-11T17:04:45.743+0000] {logging_mixin.py:120} INFO - [2023-11-11T17:04:45.743+0000] {dag.py:2585} INFO - Sync 1 DAGs
[2023-11-11T17:04:45.773+0000] {logging_mixin.py:120} INFO - [2023-11-11T17:04:45.773+0000] {dag.py:3340} INFO - Setting next_dagrun for example_time_delta_sensor_async to None, run_after=None
[2023-11-11T17:04:45.798+0000] {processor.py:176} INFO - Processing /home/airflow/.local/lib/python3.7/site-packages/airflow/example_dags/example_time_delta_sensor_async.py took 0.370 seconds
[2023-11-11T17:05:15.911+0000] {processor.py:154} INFO - Started process (PID=426) to work on /home/airflow/.local/lib/python3.7/site-packages/airflow/example_dags/example_time_delta_sensor_async.py
[2023-11-11T17:05:15.912+0000] {processor.py:756} INFO - Processing file /home/airflow/.local/lib/python3.7/site-packages/airflow/example_dags/example_time_delta_sensor_async.py for tasks to queue
[2023-11-11T17:05:15.913+0000] {logging_mixin.py:120} INFO - [2023-11-11T17:05:15.913+0000] {dagbag.py:537} INFO - Filling up the DagBag from /home/airflow/.local/lib/python3.7/site-packages/airflow/example_dags/example_time_delta_sensor_async.py
[2023-11-11T17:05:15.928+0000] {processor.py:766} INFO - DAG(s) dict_keys(['example_time_delta_sensor_async']) retrieved from /home/airflow/.local/lib/python3.7/site-packages/airflow/example_dags/example_time_delta_sensor_async.py
[2023-11-11T17:05:16.212+0000] {logging_mixin.py:120} INFO - [2023-11-11T17:05:16.212+0000] {dag.py:2585} INFO - Sync 1 DAGs
[2023-11-11T17:05:16.244+0000] {logging_mixin.py:120} INFO - [2023-11-11T17:05:16.244+0000] {dag.py:3340} INFO - Setting next_dagrun for example_time_delta_sensor_async to None, run_after=None
[2023-11-11T17:05:16.274+0000] {processor.py:176} INFO - Processing /home/airflow/.local/lib/python3.7/site-packages/airflow/example_dags/example_time_delta_sensor_async.py took 0.366 seconds
[2023-11-11T17:05:46.381+0000] {processor.py:154} INFO - Started process (PID=489) to work on /home/airflow/.local/lib/python3.7/site-packages/airflow/example_dags/example_time_delta_sensor_async.py
[2023-11-11T17:05:46.382+0000] {processor.py:756} INFO - Processing file /home/airflow/.local/lib/python3.7/site-packages/airflow/example_dags/example_time_delta_sensor_async.py for tasks to queue
[2023-11-11T17:05:46.384+0000] {logging_mixin.py:120} INFO - [2023-11-11T17:05:46.383+0000] {dagbag.py:537} INFO - Filling up the DagBag from /home/airflow/.local/lib/python3.7/site-packages/airflow/example_dags/example_time_delta_sensor_async.py
[2023-11-11T17:05:46.432+0000] {processor.py:766} INFO - DAG(s) dict_keys(['example_time_delta_sensor_async']) retrieved from /home/airflow/.local/lib/python3.7/site-packages/airflow/example_dags/example_time_delta_sensor_async.py
[2023-11-11T17:05:46.980+0000] {logging_mixin.py:120} INFO - [2023-11-11T17:05:46.980+0000] {dag.py:2585} INFO - Sync 1 DAGs
[2023-11-11T17:05:47.027+0000] {logging_mixin.py:120} INFO - [2023-11-11T17:05:47.026+0000] {dag.py:3340} INFO - Setting next_dagrun for example_time_delta_sensor_async to None, run_after=None
[2023-11-11T17:05:47.057+0000] {processor.py:176} INFO - Processing /home/airflow/.local/lib/python3.7/site-packages/airflow/example_dags/example_time_delta_sensor_async.py took 0.689 seconds
[2023-11-11T17:06:17.595+0000] {processor.py:154} INFO - Started process (PID=542) to work on /home/airflow/.local/lib/python3.7/site-packages/airflow/example_dags/example_time_delta_sensor_async.py
[2023-11-11T17:06:17.596+0000] {processor.py:756} INFO - Processing file /home/airflow/.local/lib/python3.7/site-packages/airflow/example_dags/example_time_delta_sensor_async.py for tasks to queue
[2023-11-11T17:06:17.599+0000] {logging_mixin.py:120} INFO - [2023-11-11T17:06:17.599+0000] {dagbag.py:537} INFO - Filling up the DagBag from /home/airflow/.local/lib/python3.7/site-packages/airflow/example_dags/example_time_delta_sensor_async.py
[2023-11-11T17:06:17.640+0000] {processor.py:766} INFO - DAG(s) dict_keys(['example_time_delta_sensor_async']) retrieved from /home/airflow/.local/lib/python3.7/site-packages/airflow/example_dags/example_time_delta_sensor_async.py
[2023-11-11T17:06:18.269+0000] {logging_mixin.py:120} INFO - [2023-11-11T17:06:18.269+0000] {dag.py:2585} INFO - Sync 1 DAGs
[2023-11-11T17:06:18.326+0000] {logging_mixin.py:120} INFO - [2023-11-11T17:06:18.325+0000] {dag.py:3340} INFO - Setting next_dagrun for example_time_delta_sensor_async to None, run_after=None
[2023-11-11T17:06:18.372+0000] {processor.py:176} INFO - Processing /home/airflow/.local/lib/python3.7/site-packages/airflow/example_dags/example_time_delta_sensor_async.py took 0.793 seconds
[2023-11-11T17:06:48.463+0000] {processor.py:154} INFO - Started process (PID=606) to work on /home/airflow/.local/lib/python3.7/site-packages/airflow/example_dags/example_time_delta_sensor_async.py
[2023-11-11T17:06:48.464+0000] {processor.py:756} INFO - Processing file /home/airflow/.local/lib/python3.7/site-packages/airflow/example_dags/example_time_delta_sensor_async.py for tasks to queue
[2023-11-11T17:06:48.465+0000] {logging_mixin.py:120} INFO - [2023-11-11T17:06:48.465+0000] {dagbag.py:537} INFO - Filling up the DagBag from /home/airflow/.local/lib/python3.7/site-packages/airflow/example_dags/example_time_delta_sensor_async.py
[2023-11-11T17:06:48.486+0000] {processor.py:766} INFO - DAG(s) dict_keys(['example_time_delta_sensor_async']) retrieved from /home/airflow/.local/lib/python3.7/site-packages/airflow/example_dags/example_time_delta_sensor_async.py
[2023-11-11T17:06:48.803+0000] {logging_mixin.py:120} INFO - [2023-11-11T17:06:48.803+0000] {dag.py:2585} INFO - Sync 1 DAGs
[2023-11-11T17:06:48.834+0000] {logging_mixin.py:120} INFO - [2023-11-11T17:06:48.833+0000] {dag.py:3340} INFO - Setting next_dagrun for example_time_delta_sensor_async to None, run_after=None
[2023-11-11T17:06:48.856+0000] {processor.py:176} INFO - Processing /home/airflow/.local/lib/python3.7/site-packages/airflow/example_dags/example_time_delta_sensor_async.py took 0.397 seconds
[2023-11-11T17:07:19.037+0000] {processor.py:154} INFO - Started process (PID=669) to work on /home/airflow/.local/lib/python3.7/site-packages/airflow/example_dags/example_time_delta_sensor_async.py
[2023-11-11T17:07:19.040+0000] {processor.py:756} INFO - Processing file /home/airflow/.local/lib/python3.7/site-packages/airflow/example_dags/example_time_delta_sensor_async.py for tasks to queue
[2023-11-11T17:07:19.041+0000] {logging_mixin.py:120} INFO - [2023-11-11T17:07:19.041+0000] {dagbag.py:537} INFO - Filling up the DagBag from /home/airflow/.local/lib/python3.7/site-packages/airflow/example_dags/example_time_delta_sensor_async.py
[2023-11-11T17:07:19.061+0000] {processor.py:766} INFO - DAG(s) dict_keys(['example_time_delta_sensor_async']) retrieved from /home/airflow/.local/lib/python3.7/site-packages/airflow/example_dags/example_time_delta_sensor_async.py
[2023-11-11T17:07:19.453+0000] {logging_mixin.py:120} INFO - [2023-11-11T17:07:19.452+0000] {dag.py:2585} INFO - Sync 1 DAGs
[2023-11-11T17:07:19.502+0000] {logging_mixin.py:120} INFO - [2023-11-11T17:07:19.502+0000] {dag.py:3340} INFO - Setting next_dagrun for example_time_delta_sensor_async to None, run_after=None
[2023-11-11T17:07:19.528+0000] {processor.py:176} INFO - Processing /home/airflow/.local/lib/python3.7/site-packages/airflow/example_dags/example_time_delta_sensor_async.py took 0.495 seconds
[2023-11-11T17:29:48.867+0000] {processor.py:154} INFO - Started process (PID=95) to work on /home/airflow/.local/lib/python3.7/site-packages/airflow/example_dags/example_time_delta_sensor_async.py
[2023-11-11T17:29:48.879+0000] {processor.py:756} INFO - Processing file /home/airflow/.local/lib/python3.7/site-packages/airflow/example_dags/example_time_delta_sensor_async.py for tasks to queue
[2023-11-11T17:29:48.880+0000] {logging_mixin.py:120} INFO - [2023-11-11T17:29:48.880+0000] {dagbag.py:537} INFO - Filling up the DagBag from /home/airflow/.local/lib/python3.7/site-packages/airflow/example_dags/example_time_delta_sensor_async.py
[2023-11-11T17:29:48.995+0000] {processor.py:766} INFO - DAG(s) dict_keys(['example_time_delta_sensor_async']) retrieved from /home/airflow/.local/lib/python3.7/site-packages/airflow/example_dags/example_time_delta_sensor_async.py
[2023-11-11T17:29:51.453+0000] {logging_mixin.py:120} INFO - [2023-11-11T17:29:51.453+0000] {manager.py:507} INFO - Created Permission View: can read on DAG:example_time_delta_sensor_async
[2023-11-11T17:29:51.680+0000] {logging_mixin.py:120} INFO - [2023-11-11T17:29:51.680+0000] {manager.py:507} INFO - Created Permission View: can delete on DAG:example_time_delta_sensor_async
[2023-11-11T17:29:51.990+0000] {logging_mixin.py:120} INFO - [2023-11-11T17:29:51.988+0000] {manager.py:507} INFO - Created Permission View: can edit on DAG:example_time_delta_sensor_async
[2023-11-11T17:29:51.994+0000] {logging_mixin.py:120} INFO - [2023-11-11T17:29:51.993+0000] {dag.py:2585} INFO - Sync 1 DAGs
[2023-11-11T17:29:52.105+0000] {logging_mixin.py:120} INFO - [2023-11-11T17:29:52.104+0000] {dag.py:2606} INFO - Creating ORM DAG for example_time_delta_sensor_async
[2023-11-11T17:29:52.185+0000] {logging_mixin.py:120} INFO - [2023-11-11T17:29:52.184+0000] {dag.py:3340} INFO - Setting next_dagrun for example_time_delta_sensor_async to None, run_after=None
[2023-11-11T17:29:52.414+0000] {processor.py:176} INFO - Processing /home/airflow/.local/lib/python3.7/site-packages/airflow/example_dags/example_time_delta_sensor_async.py took 3.553 seconds
[2023-11-11T17:30:22.583+0000] {processor.py:154} INFO - Started process (PID=150) to work on /home/airflow/.local/lib/python3.7/site-packages/airflow/example_dags/example_time_delta_sensor_async.py
[2023-11-11T17:30:22.585+0000] {processor.py:756} INFO - Processing file /home/airflow/.local/lib/python3.7/site-packages/airflow/example_dags/example_time_delta_sensor_async.py for tasks to queue
[2023-11-11T17:30:22.586+0000] {logging_mixin.py:120} INFO - [2023-11-11T17:30:22.586+0000] {dagbag.py:537} INFO - Filling up the DagBag from /home/airflow/.local/lib/python3.7/site-packages/airflow/example_dags/example_time_delta_sensor_async.py
[2023-11-11T17:30:22.627+0000] {processor.py:766} INFO - DAG(s) dict_keys(['example_time_delta_sensor_async']) retrieved from /home/airflow/.local/lib/python3.7/site-packages/airflow/example_dags/example_time_delta_sensor_async.py
[2023-11-11T17:30:23.348+0000] {logging_mixin.py:120} INFO - [2023-11-11T17:30:23.348+0000] {dag.py:2585} INFO - Sync 1 DAGs
[2023-11-11T17:30:23.439+0000] {logging_mixin.py:120} INFO - [2023-11-11T17:30:23.439+0000] {dag.py:3340} INFO - Setting next_dagrun for example_time_delta_sensor_async to None, run_after=None
[2023-11-11T17:30:23.508+0000] {processor.py:176} INFO - Processing /home/airflow/.local/lib/python3.7/site-packages/airflow/example_dags/example_time_delta_sensor_async.py took 0.936 seconds
[2023-11-11T17:30:54.092+0000] {processor.py:154} INFO - Started process (PID=204) to work on /home/airflow/.local/lib/python3.7/site-packages/airflow/example_dags/example_time_delta_sensor_async.py
[2023-11-11T17:30:54.098+0000] {processor.py:756} INFO - Processing file /home/airflow/.local/lib/python3.7/site-packages/airflow/example_dags/example_time_delta_sensor_async.py for tasks to queue
[2023-11-11T17:30:54.101+0000] {logging_mixin.py:120} INFO - [2023-11-11T17:30:54.100+0000] {dagbag.py:537} INFO - Filling up the DagBag from /home/airflow/.local/lib/python3.7/site-packages/airflow/example_dags/example_time_delta_sensor_async.py
[2023-11-11T17:30:54.166+0000] {processor.py:766} INFO - DAG(s) dict_keys(['example_time_delta_sensor_async']) retrieved from /home/airflow/.local/lib/python3.7/site-packages/airflow/example_dags/example_time_delta_sensor_async.py
[2023-11-11T17:30:55.074+0000] {logging_mixin.py:120} INFO - [2023-11-11T17:30:55.073+0000] {dag.py:2585} INFO - Sync 1 DAGs
[2023-11-11T17:30:55.273+0000] {logging_mixin.py:120} INFO - [2023-11-11T17:30:55.271+0000] {dag.py:3340} INFO - Setting next_dagrun for example_time_delta_sensor_async to None, run_after=None
[2023-11-11T17:30:55.603+0000] {processor.py:176} INFO - Processing /home/airflow/.local/lib/python3.7/site-packages/airflow/example_dags/example_time_delta_sensor_async.py took 1.529 seconds
[2023-11-11T17:31:25.994+0000] {processor.py:154} INFO - Started process (PID=259) to work on /home/airflow/.local/lib/python3.7/site-packages/airflow/example_dags/example_time_delta_sensor_async.py
[2023-11-11T17:31:25.996+0000] {processor.py:756} INFO - Processing file /home/airflow/.local/lib/python3.7/site-packages/airflow/example_dags/example_time_delta_sensor_async.py for tasks to queue
[2023-11-11T17:31:25.997+0000] {logging_mixin.py:120} INFO - [2023-11-11T17:31:25.997+0000] {dagbag.py:537} INFO - Filling up the DagBag from /home/airflow/.local/lib/python3.7/site-packages/airflow/example_dags/example_time_delta_sensor_async.py
[2023-11-11T17:31:26.024+0000] {processor.py:766} INFO - DAG(s) dict_keys(['example_time_delta_sensor_async']) retrieved from /home/airflow/.local/lib/python3.7/site-packages/airflow/example_dags/example_time_delta_sensor_async.py
[2023-11-11T17:31:26.556+0000] {logging_mixin.py:120} INFO - [2023-11-11T17:31:26.556+0000] {dag.py:2585} INFO - Sync 1 DAGs
[2023-11-11T17:31:26.616+0000] {logging_mixin.py:120} INFO - [2023-11-11T17:31:26.615+0000] {dag.py:3340} INFO - Setting next_dagrun for example_time_delta_sensor_async to None, run_after=None
[2023-11-11T17:31:26.653+0000] {processor.py:176} INFO - Processing /home/airflow/.local/lib/python3.7/site-packages/airflow/example_dags/example_time_delta_sensor_async.py took 0.665 seconds
[2023-11-11T17:31:57.332+0000] {processor.py:154} INFO - Started process (PID=313) to work on /home/airflow/.local/lib/python3.7/site-packages/airflow/example_dags/example_time_delta_sensor_async.py
[2023-11-11T17:31:57.334+0000] {processor.py:756} INFO - Processing file /home/airflow/.local/lib/python3.7/site-packages/airflow/example_dags/example_time_delta_sensor_async.py for tasks to queue
[2023-11-11T17:31:57.334+0000] {logging_mixin.py:120} INFO - [2023-11-11T17:31:57.334+0000] {dagbag.py:537} INFO - Filling up the DagBag from /home/airflow/.local/lib/python3.7/site-packages/airflow/example_dags/example_time_delta_sensor_async.py
[2023-11-11T17:31:57.362+0000] {processor.py:766} INFO - DAG(s) dict_keys(['example_time_delta_sensor_async']) retrieved from /home/airflow/.local/lib/python3.7/site-packages/airflow/example_dags/example_time_delta_sensor_async.py
[2023-11-11T17:31:57.867+0000] {logging_mixin.py:120} INFO - [2023-11-11T17:31:57.866+0000] {dag.py:2585} INFO - Sync 1 DAGs
[2023-11-11T17:31:57.916+0000] {logging_mixin.py:120} INFO - [2023-11-11T17:31:57.916+0000] {dag.py:3340} INFO - Setting next_dagrun for example_time_delta_sensor_async to None, run_after=None
[2023-11-11T17:31:57.958+0000] {processor.py:176} INFO - Processing /home/airflow/.local/lib/python3.7/site-packages/airflow/example_dags/example_time_delta_sensor_async.py took 0.631 seconds
[2023-11-11T17:32:28.177+0000] {processor.py:154} INFO - Started process (PID=377) to work on /home/airflow/.local/lib/python3.7/site-packages/airflow/example_dags/example_time_delta_sensor_async.py
[2023-11-11T17:32:28.180+0000] {processor.py:756} INFO - Processing file /home/airflow/.local/lib/python3.7/site-packages/airflow/example_dags/example_time_delta_sensor_async.py for tasks to queue
[2023-11-11T17:32:28.181+0000] {logging_mixin.py:120} INFO - [2023-11-11T17:32:28.180+0000] {dagbag.py:537} INFO - Filling up the DagBag from /home/airflow/.local/lib/python3.7/site-packages/airflow/example_dags/example_time_delta_sensor_async.py
[2023-11-11T17:32:28.205+0000] {processor.py:766} INFO - DAG(s) dict_keys(['example_time_delta_sensor_async']) retrieved from /home/airflow/.local/lib/python3.7/site-packages/airflow/example_dags/example_time_delta_sensor_async.py
[2023-11-11T17:32:28.647+0000] {logging_mixin.py:120} INFO - [2023-11-11T17:32:28.647+0000] {dag.py:2585} INFO - Sync 1 DAGs
[2023-11-11T17:32:28.693+0000] {logging_mixin.py:120} INFO - [2023-11-11T17:32:28.693+0000] {dag.py:3340} INFO - Setting next_dagrun for example_time_delta_sensor_async to None, run_after=None
[2023-11-11T17:32:28.730+0000] {processor.py:176} INFO - Processing /home/airflow/.local/lib/python3.7/site-packages/airflow/example_dags/example_time_delta_sensor_async.py took 0.562 seconds
[2023-11-11T17:32:59.371+0000] {processor.py:154} INFO - Started process (PID=431) to work on /home/airflow/.local/lib/python3.7/site-packages/airflow/example_dags/example_time_delta_sensor_async.py
[2023-11-11T17:32:59.372+0000] {processor.py:756} INFO - Processing file /home/airflow/.local/lib/python3.7/site-packages/airflow/example_dags/example_time_delta_sensor_async.py for tasks to queue
[2023-11-11T17:32:59.373+0000] {logging_mixin.py:120} INFO - [2023-11-11T17:32:59.373+0000] {dagbag.py:537} INFO - Filling up the DagBag from /home/airflow/.local/lib/python3.7/site-packages/airflow/example_dags/example_time_delta_sensor_async.py
[2023-11-11T17:32:59.392+0000] {processor.py:766} INFO - DAG(s) dict_keys(['example_time_delta_sensor_async']) retrieved from /home/airflow/.local/lib/python3.7/site-packages/airflow/example_dags/example_time_delta_sensor_async.py
[2023-11-11T17:32:59.767+0000] {logging_mixin.py:120} INFO - [2023-11-11T17:32:59.767+0000] {dag.py:2585} INFO - Sync 1 DAGs
[2023-11-11T17:32:59.817+0000] {logging_mixin.py:120} INFO - [2023-11-11T17:32:59.817+0000] {dag.py:3340} INFO - Setting next_dagrun for example_time_delta_sensor_async to None, run_after=None
[2023-11-11T17:32:59.849+0000] {processor.py:176} INFO - Processing /home/airflow/.local/lib/python3.7/site-packages/airflow/example_dags/example_time_delta_sensor_async.py took 0.482 seconds
[2023-11-11T17:33:30.088+0000] {processor.py:154} INFO - Started process (PID=494) to work on /home/airflow/.local/lib/python3.7/site-packages/airflow/example_dags/example_time_delta_sensor_async.py
[2023-11-11T17:33:30.092+0000] {processor.py:756} INFO - Processing file /home/airflow/.local/lib/python3.7/site-packages/airflow/example_dags/example_time_delta_sensor_async.py for tasks to queue
[2023-11-11T17:33:30.094+0000] {logging_mixin.py:120} INFO - [2023-11-11T17:33:30.094+0000] {dagbag.py:537} INFO - Filling up the DagBag from /home/airflow/.local/lib/python3.7/site-packages/airflow/example_dags/example_time_delta_sensor_async.py
[2023-11-11T17:33:30.135+0000] {processor.py:766} INFO - DAG(s) dict_keys(['example_time_delta_sensor_async']) retrieved from /home/airflow/.local/lib/python3.7/site-packages/airflow/example_dags/example_time_delta_sensor_async.py
[2023-11-11T17:33:30.605+0000] {logging_mixin.py:120} INFO - [2023-11-11T17:33:30.605+0000] {dag.py:2585} INFO - Sync 1 DAGs
[2023-11-11T17:33:30.656+0000] {logging_mixin.py:120} INFO - [2023-11-11T17:33:30.656+0000] {dag.py:3340} INFO - Setting next_dagrun for example_time_delta_sensor_async to None, run_after=None
[2023-11-11T17:33:30.694+0000] {processor.py:176} INFO - Processing /home/airflow/.local/lib/python3.7/site-packages/airflow/example_dags/example_time_delta_sensor_async.py took 0.616 seconds
[2023-11-11T17:34:01.488+0000] {processor.py:154} INFO - Started process (PID=551) to work on /home/airflow/.local/lib/python3.7/site-packages/airflow/example_dags/example_time_delta_sensor_async.py
[2023-11-11T17:34:01.495+0000] {processor.py:756} INFO - Processing file /home/airflow/.local/lib/python3.7/site-packages/airflow/example_dags/example_time_delta_sensor_async.py for tasks to queue
[2023-11-11T17:34:01.497+0000] {logging_mixin.py:120} INFO - [2023-11-11T17:34:01.496+0000] {dagbag.py:537} INFO - Filling up the DagBag from /home/airflow/.local/lib/python3.7/site-packages/airflow/example_dags/example_time_delta_sensor_async.py
[2023-11-11T17:34:01.529+0000] {processor.py:766} INFO - DAG(s) dict_keys(['example_time_delta_sensor_async']) retrieved from /home/airflow/.local/lib/python3.7/site-packages/airflow/example_dags/example_time_delta_sensor_async.py
[2023-11-11T17:34:02.119+0000] {logging_mixin.py:120} INFO - [2023-11-11T17:34:02.118+0000] {dag.py:2585} INFO - Sync 1 DAGs
[2023-11-11T17:34:02.175+0000] {logging_mixin.py:120} INFO - [2023-11-11T17:34:02.174+0000] {dag.py:3340} INFO - Setting next_dagrun for example_time_delta_sensor_async to None, run_after=None
[2023-11-11T17:34:02.226+0000] {processor.py:176} INFO - Processing /home/airflow/.local/lib/python3.7/site-packages/airflow/example_dags/example_time_delta_sensor_async.py took 0.744 seconds
[2023-11-11T17:34:32.806+0000] {processor.py:154} INFO - Started process (PID=605) to work on /home/airflow/.local/lib/python3.7/site-packages/airflow/example_dags/example_time_delta_sensor_async.py
[2023-11-11T17:34:32.808+0000] {processor.py:756} INFO - Processing file /home/airflow/.local/lib/python3.7/site-packages/airflow/example_dags/example_time_delta_sensor_async.py for tasks to queue
[2023-11-11T17:34:32.809+0000] {logging_mixin.py:120} INFO - [2023-11-11T17:34:32.809+0000] {dagbag.py:537} INFO - Filling up the DagBag from /home/airflow/.local/lib/python3.7/site-packages/airflow/example_dags/example_time_delta_sensor_async.py
[2023-11-11T17:34:32.837+0000] {processor.py:766} INFO - DAG(s) dict_keys(['example_time_delta_sensor_async']) retrieved from /home/airflow/.local/lib/python3.7/site-packages/airflow/example_dags/example_time_delta_sensor_async.py
[2023-11-11T17:34:33.320+0000] {logging_mixin.py:120} INFO - [2023-11-11T17:34:33.320+0000] {dag.py:2585} INFO - Sync 1 DAGs
[2023-11-11T17:34:33.370+0000] {logging_mixin.py:120} INFO - [2023-11-11T17:34:33.370+0000] {dag.py:3340} INFO - Setting next_dagrun for example_time_delta_sensor_async to None, run_after=None
[2023-11-11T17:34:33.403+0000] {processor.py:176} INFO - Processing /home/airflow/.local/lib/python3.7/site-packages/airflow/example_dags/example_time_delta_sensor_async.py took 0.604 seconds
[2023-11-11T17:35:03.564+0000] {processor.py:154} INFO - Started process (PID=669) to work on /home/airflow/.local/lib/python3.7/site-packages/airflow/example_dags/example_time_delta_sensor_async.py
[2023-11-11T17:35:03.565+0000] {processor.py:756} INFO - Processing file /home/airflow/.local/lib/python3.7/site-packages/airflow/example_dags/example_time_delta_sensor_async.py for tasks to queue
[2023-11-11T17:35:03.566+0000] {logging_mixin.py:120} INFO - [2023-11-11T17:35:03.566+0000] {dagbag.py:537} INFO - Filling up the DagBag from /home/airflow/.local/lib/python3.7/site-packages/airflow/example_dags/example_time_delta_sensor_async.py
[2023-11-11T17:35:03.586+0000] {processor.py:766} INFO - DAG(s) dict_keys(['example_time_delta_sensor_async']) retrieved from /home/airflow/.local/lib/python3.7/site-packages/airflow/example_dags/example_time_delta_sensor_async.py
[2023-11-11T17:35:03.986+0000] {logging_mixin.py:120} INFO - [2023-11-11T17:35:03.986+0000] {dag.py:2585} INFO - Sync 1 DAGs
[2023-11-11T17:35:04.031+0000] {logging_mixin.py:120} INFO - [2023-11-11T17:35:04.030+0000] {dag.py:3340} INFO - Setting next_dagrun for example_time_delta_sensor_async to None, run_after=None
[2023-11-11T17:35:04.063+0000] {processor.py:176} INFO - Processing /home/airflow/.local/lib/python3.7/site-packages/airflow/example_dags/example_time_delta_sensor_async.py took 0.504 seconds
[2023-11-11T17:35:34.339+0000] {processor.py:154} INFO - Started process (PID=723) to work on /home/airflow/.local/lib/python3.7/site-packages/airflow/example_dags/example_time_delta_sensor_async.py
[2023-11-11T17:35:34.342+0000] {processor.py:756} INFO - Processing file /home/airflow/.local/lib/python3.7/site-packages/airflow/example_dags/example_time_delta_sensor_async.py for tasks to queue
[2023-11-11T17:35:34.344+0000] {logging_mixin.py:120} INFO - [2023-11-11T17:35:34.344+0000] {dagbag.py:537} INFO - Filling up the DagBag from /home/airflow/.local/lib/python3.7/site-packages/airflow/example_dags/example_time_delta_sensor_async.py
[2023-11-11T17:35:34.372+0000] {processor.py:766} INFO - DAG(s) dict_keys(['example_time_delta_sensor_async']) retrieved from /home/airflow/.local/lib/python3.7/site-packages/airflow/example_dags/example_time_delta_sensor_async.py
[2023-11-11T17:35:34.760+0000] {logging_mixin.py:120} INFO - [2023-11-11T17:35:34.760+0000] {dag.py:2585} INFO - Sync 1 DAGs
[2023-11-11T17:35:34.795+0000] {logging_mixin.py:120} INFO - [2023-11-11T17:35:34.794+0000] {dag.py:3340} INFO - Setting next_dagrun for example_time_delta_sensor_async to None, run_after=None
[2023-11-11T17:35:34.823+0000] {processor.py:176} INFO - Processing /home/airflow/.local/lib/python3.7/site-packages/airflow/example_dags/example_time_delta_sensor_async.py took 0.497 seconds
[2023-11-11T17:36:05.536+0000] {processor.py:154} INFO - Started process (PID=786) to work on /home/airflow/.local/lib/python3.7/site-packages/airflow/example_dags/example_time_delta_sensor_async.py
[2023-11-11T17:36:05.540+0000] {processor.py:756} INFO - Processing file /home/airflow/.local/lib/python3.7/site-packages/airflow/example_dags/example_time_delta_sensor_async.py for tasks to queue
[2023-11-11T17:36:05.541+0000] {logging_mixin.py:120} INFO - [2023-11-11T17:36:05.541+0000] {dagbag.py:537} INFO - Filling up the DagBag from /home/airflow/.local/lib/python3.7/site-packages/airflow/example_dags/example_time_delta_sensor_async.py
[2023-11-11T17:36:05.570+0000] {processor.py:766} INFO - DAG(s) dict_keys(['example_time_delta_sensor_async']) retrieved from /home/airflow/.local/lib/python3.7/site-packages/airflow/example_dags/example_time_delta_sensor_async.py
[2023-11-11T17:36:06.269+0000] {logging_mixin.py:120} INFO - [2023-11-11T17:36:06.268+0000] {dag.py:2585} INFO - Sync 1 DAGs
[2023-11-11T17:36:06.357+0000] {logging_mixin.py:120} INFO - [2023-11-11T17:36:06.357+0000] {dag.py:3340} INFO - Setting next_dagrun for example_time_delta_sensor_async to None, run_after=None
[2023-11-11T17:36:06.410+0000] {processor.py:176} INFO - Processing /home/airflow/.local/lib/python3.7/site-packages/airflow/example_dags/example_time_delta_sensor_async.py took 0.883 seconds
[2023-11-11T17:36:37.036+0000] {processor.py:154} INFO - Started process (PID=840) to work on /home/airflow/.local/lib/python3.7/site-packages/airflow/example_dags/example_time_delta_sensor_async.py
[2023-11-11T17:36:37.038+0000] {processor.py:756} INFO - Processing file /home/airflow/.local/lib/python3.7/site-packages/airflow/example_dags/example_time_delta_sensor_async.py for tasks to queue
[2023-11-11T17:36:37.039+0000] {logging_mixin.py:120} INFO - [2023-11-11T17:36:37.039+0000] {dagbag.py:537} INFO - Filling up the DagBag from /home/airflow/.local/lib/python3.7/site-packages/airflow/example_dags/example_time_delta_sensor_async.py
[2023-11-11T17:36:37.068+0000] {processor.py:766} INFO - DAG(s) dict_keys(['example_time_delta_sensor_async']) retrieved from /home/airflow/.local/lib/python3.7/site-packages/airflow/example_dags/example_time_delta_sensor_async.py
[2023-11-11T17:36:37.531+0000] {logging_mixin.py:120} INFO - [2023-11-11T17:36:37.530+0000] {dag.py:2585} INFO - Sync 1 DAGs
[2023-11-11T17:36:37.590+0000] {logging_mixin.py:120} INFO - [2023-11-11T17:36:37.590+0000] {dag.py:3340} INFO - Setting next_dagrun for example_time_delta_sensor_async to None, run_after=None
[2023-11-11T17:36:37.669+0000] {processor.py:176} INFO - Processing /home/airflow/.local/lib/python3.7/site-packages/airflow/example_dags/example_time_delta_sensor_async.py took 0.641 seconds
[2023-11-11T17:37:07.775+0000] {processor.py:154} INFO - Started process (PID=903) to work on /home/airflow/.local/lib/python3.7/site-packages/airflow/example_dags/example_time_delta_sensor_async.py
[2023-11-11T17:37:07.778+0000] {processor.py:756} INFO - Processing file /home/airflow/.local/lib/python3.7/site-packages/airflow/example_dags/example_time_delta_sensor_async.py for tasks to queue
[2023-11-11T17:37:07.780+0000] {logging_mixin.py:120} INFO - [2023-11-11T17:37:07.779+0000] {dagbag.py:537} INFO - Filling up the DagBag from /home/airflow/.local/lib/python3.7/site-packages/airflow/example_dags/example_time_delta_sensor_async.py
[2023-11-11T17:37:07.816+0000] {processor.py:766} INFO - DAG(s) dict_keys(['example_time_delta_sensor_async']) retrieved from /home/airflow/.local/lib/python3.7/site-packages/airflow/example_dags/example_time_delta_sensor_async.py
[2023-11-11T17:37:08.357+0000] {logging_mixin.py:120} INFO - [2023-11-11T17:37:08.357+0000] {dag.py:2585} INFO - Sync 1 DAGs
[2023-11-11T17:37:08.431+0000] {logging_mixin.py:120} INFO - [2023-11-11T17:37:08.431+0000] {dag.py:3340} INFO - Setting next_dagrun for example_time_delta_sensor_async to None, run_after=None
[2023-11-11T17:37:08.488+0000] {processor.py:176} INFO - Processing /home/airflow/.local/lib/python3.7/site-packages/airflow/example_dags/example_time_delta_sensor_async.py took 0.716 seconds
[2023-11-11T17:37:38.888+0000] {processor.py:154} INFO - Started process (PID=957) to work on /home/airflow/.local/lib/python3.7/site-packages/airflow/example_dags/example_time_delta_sensor_async.py
[2023-11-11T17:37:38.891+0000] {processor.py:756} INFO - Processing file /home/airflow/.local/lib/python3.7/site-packages/airflow/example_dags/example_time_delta_sensor_async.py for tasks to queue
[2023-11-11T17:37:38.892+0000] {logging_mixin.py:120} INFO - [2023-11-11T17:37:38.892+0000] {dagbag.py:537} INFO - Filling up the DagBag from /home/airflow/.local/lib/python3.7/site-packages/airflow/example_dags/example_time_delta_sensor_async.py
[2023-11-11T17:37:38.925+0000] {processor.py:766} INFO - DAG(s) dict_keys(['example_time_delta_sensor_async']) retrieved from /home/airflow/.local/lib/python3.7/site-packages/airflow/example_dags/example_time_delta_sensor_async.py
[2023-11-11T17:37:39.505+0000] {logging_mixin.py:120} INFO - [2023-11-11T17:37:39.504+0000] {dag.py:2585} INFO - Sync 1 DAGs
[2023-11-11T17:37:39.605+0000] {logging_mixin.py:120} INFO - [2023-11-11T17:37:39.604+0000] {dag.py:3340} INFO - Setting next_dagrun for example_time_delta_sensor_async to None, run_after=None
[2023-11-11T17:37:39.692+0000] {processor.py:176} INFO - Processing /home/airflow/.local/lib/python3.7/site-packages/airflow/example_dags/example_time_delta_sensor_async.py took 0.809 seconds
[2023-11-11T17:38:10.290+0000] {processor.py:154} INFO - Started process (PID=1020) to work on /home/airflow/.local/lib/python3.7/site-packages/airflow/example_dags/example_time_delta_sensor_async.py
[2023-11-11T17:38:10.291+0000] {processor.py:756} INFO - Processing file /home/airflow/.local/lib/python3.7/site-packages/airflow/example_dags/example_time_delta_sensor_async.py for tasks to queue
[2023-11-11T17:38:10.292+0000] {logging_mixin.py:120} INFO - [2023-11-11T17:38:10.292+0000] {dagbag.py:537} INFO - Filling up the DagBag from /home/airflow/.local/lib/python3.7/site-packages/airflow/example_dags/example_time_delta_sensor_async.py
[2023-11-11T17:38:10.312+0000] {processor.py:766} INFO - DAG(s) dict_keys(['example_time_delta_sensor_async']) retrieved from /home/airflow/.local/lib/python3.7/site-packages/airflow/example_dags/example_time_delta_sensor_async.py
[2023-11-11T17:38:10.650+0000] {logging_mixin.py:120} INFO - [2023-11-11T17:38:10.650+0000] {dag.py:2585} INFO - Sync 1 DAGs
[2023-11-11T17:38:10.690+0000] {logging_mixin.py:120} INFO - [2023-11-11T17:38:10.690+0000] {dag.py:3340} INFO - Setting next_dagrun for example_time_delta_sensor_async to None, run_after=None
[2023-11-11T17:38:10.757+0000] {processor.py:176} INFO - Processing /home/airflow/.local/lib/python3.7/site-packages/airflow/example_dags/example_time_delta_sensor_async.py took 0.474 seconds
[2023-11-11T17:38:40.933+0000] {processor.py:154} INFO - Started process (PID=1074) to work on /home/airflow/.local/lib/python3.7/site-packages/airflow/example_dags/example_time_delta_sensor_async.py
[2023-11-11T17:38:40.936+0000] {processor.py:756} INFO - Processing file /home/airflow/.local/lib/python3.7/site-packages/airflow/example_dags/example_time_delta_sensor_async.py for tasks to queue
[2023-11-11T17:38:40.937+0000] {logging_mixin.py:120} INFO - [2023-11-11T17:38:40.936+0000] {dagbag.py:537} INFO - Filling up the DagBag from /home/airflow/.local/lib/python3.7/site-packages/airflow/example_dags/example_time_delta_sensor_async.py
[2023-11-11T17:38:40.959+0000] {processor.py:766} INFO - DAG(s) dict_keys(['example_time_delta_sensor_async']) retrieved from /home/airflow/.local/lib/python3.7/site-packages/airflow/example_dags/example_time_delta_sensor_async.py
[2023-11-11T17:38:41.369+0000] {logging_mixin.py:120} INFO - [2023-11-11T17:38:41.369+0000] {dag.py:2585} INFO - Sync 1 DAGs
[2023-11-11T17:38:41.410+0000] {logging_mixin.py:120} INFO - [2023-11-11T17:38:41.410+0000] {dag.py:3340} INFO - Setting next_dagrun for example_time_delta_sensor_async to None, run_after=None
[2023-11-11T17:38:41.439+0000] {processor.py:176} INFO - Processing /home/airflow/.local/lib/python3.7/site-packages/airflow/example_dags/example_time_delta_sensor_async.py took 0.511 seconds
[2023-11-11T17:39:12.187+0000] {processor.py:154} INFO - Started process (PID=1137) to work on /home/airflow/.local/lib/python3.7/site-packages/airflow/example_dags/example_time_delta_sensor_async.py
[2023-11-11T17:39:12.188+0000] {processor.py:756} INFO - Processing file /home/airflow/.local/lib/python3.7/site-packages/airflow/example_dags/example_time_delta_sensor_async.py for tasks to queue
[2023-11-11T17:39:12.189+0000] {logging_mixin.py:120} INFO - [2023-11-11T17:39:12.188+0000] {dagbag.py:537} INFO - Filling up the DagBag from /home/airflow/.local/lib/python3.7/site-packages/airflow/example_dags/example_time_delta_sensor_async.py
[2023-11-11T17:39:12.206+0000] {processor.py:766} INFO - DAG(s) dict_keys(['example_time_delta_sensor_async']) retrieved from /home/airflow/.local/lib/python3.7/site-packages/airflow/example_dags/example_time_delta_sensor_async.py
[2023-11-11T17:39:12.557+0000] {logging_mixin.py:120} INFO - [2023-11-11T17:39:12.557+0000] {dag.py:2585} INFO - Sync 1 DAGs
[2023-11-11T17:39:12.606+0000] {logging_mixin.py:120} INFO - [2023-11-11T17:39:12.606+0000] {dag.py:3340} INFO - Setting next_dagrun for example_time_delta_sensor_async to None, run_after=None
[2023-11-11T17:39:12.635+0000] {processor.py:176} INFO - Processing /home/airflow/.local/lib/python3.7/site-packages/airflow/example_dags/example_time_delta_sensor_async.py took 0.453 seconds
[2023-11-11T17:39:43.104+0000] {processor.py:154} INFO - Started process (PID=1191) to work on /home/airflow/.local/lib/python3.7/site-packages/airflow/example_dags/example_time_delta_sensor_async.py
[2023-11-11T17:39:43.107+0000] {processor.py:756} INFO - Processing file /home/airflow/.local/lib/python3.7/site-packages/airflow/example_dags/example_time_delta_sensor_async.py for tasks to queue
[2023-11-11T17:39:43.108+0000] {logging_mixin.py:120} INFO - [2023-11-11T17:39:43.108+0000] {dagbag.py:537} INFO - Filling up the DagBag from /home/airflow/.local/lib/python3.7/site-packages/airflow/example_dags/example_time_delta_sensor_async.py
[2023-11-11T17:39:43.133+0000] {processor.py:766} INFO - DAG(s) dict_keys(['example_time_delta_sensor_async']) retrieved from /home/airflow/.local/lib/python3.7/site-packages/airflow/example_dags/example_time_delta_sensor_async.py
[2023-11-11T17:39:43.716+0000] {logging_mixin.py:120} INFO - [2023-11-11T17:39:43.716+0000] {dag.py:2585} INFO - Sync 1 DAGs
[2023-11-11T17:39:43.799+0000] {logging_mixin.py:120} INFO - [2023-11-11T17:39:43.799+0000] {dag.py:3340} INFO - Setting next_dagrun for example_time_delta_sensor_async to None, run_after=None
[2023-11-11T17:39:43.876+0000] {processor.py:176} INFO - Processing /home/airflow/.local/lib/python3.7/site-packages/airflow/example_dags/example_time_delta_sensor_async.py took 0.781 seconds
