[2023-11-11T17:02:03.219+0000] {processor.py:154} INFO - Started process (PID=51) to work on /home/airflow/.local/lib/python3.7/site-packages/airflow/example_dags/example_kubernetes_executor.py
[2023-11-11T17:02:03.220+0000] {processor.py:756} INFO - Processing file /home/airflow/.local/lib/python3.7/site-packages/airflow/example_dags/example_kubernetes_executor.py for tasks to queue
[2023-11-11T17:02:03.222+0000] {logging_mixin.py:120} INFO - [2023-11-11T17:02:03.221+0000] {dagbag.py:537} INFO - Filling up the DagBag from /home/airflow/.local/lib/python3.7/site-packages/airflow/example_dags/example_kubernetes_executor.py
[2023-11-11T17:02:03.278+0000] {processor.py:766} INFO - DAG(s) dict_keys(['example_kubernetes_executor']) retrieved from /home/airflow/.local/lib/python3.7/site-packages/airflow/example_dags/example_kubernetes_executor.py
[2023-11-11T17:02:03.366+0000] {logging_mixin.py:120} INFO - [2023-11-11T17:02:03.366+0000] {dag.py:2585} INFO - Sync 1 DAGs
[2023-11-11T17:02:03.429+0000] {logging_mixin.py:120} INFO - [2023-11-11T17:02:03.428+0000] {dag.py:3340} INFO - Setting next_dagrun for example_kubernetes_executor to None, run_after=None
[2023-11-11T17:02:03.475+0000] {processor.py:176} INFO - Processing /home/airflow/.local/lib/python3.7/site-packages/airflow/example_dags/example_kubernetes_executor.py took 0.261 seconds
[2023-11-11T17:02:34.815+0000] {processor.py:154} INFO - Started process (PID=112) to work on /home/airflow/.local/lib/python3.7/site-packages/airflow/example_dags/example_kubernetes_executor.py
[2023-11-11T17:02:34.821+0000] {processor.py:756} INFO - Processing file /home/airflow/.local/lib/python3.7/site-packages/airflow/example_dags/example_kubernetes_executor.py for tasks to queue
[2023-11-11T17:02:34.824+0000] {logging_mixin.py:120} INFO - [2023-11-11T17:02:34.823+0000] {dagbag.py:537} INFO - Filling up the DagBag from /home/airflow/.local/lib/python3.7/site-packages/airflow/example_dags/example_kubernetes_executor.py
[2023-11-11T17:02:35.012+0000] {processor.py:766} INFO - DAG(s) dict_keys(['example_kubernetes_executor']) retrieved from /home/airflow/.local/lib/python3.7/site-packages/airflow/example_dags/example_kubernetes_executor.py
[2023-11-11T17:02:35.598+0000] {logging_mixin.py:120} INFO - [2023-11-11T17:02:35.597+0000] {dag.py:2585} INFO - Sync 1 DAGs
[2023-11-11T17:02:35.682+0000] {logging_mixin.py:120} INFO - [2023-11-11T17:02:35.682+0000] {dag.py:3340} INFO - Setting next_dagrun for example_kubernetes_executor to None, run_after=None
[2023-11-11T17:02:35.792+0000] {processor.py:176} INFO - Processing /home/airflow/.local/lib/python3.7/site-packages/airflow/example_dags/example_kubernetes_executor.py took 0.990 seconds
[2023-11-11T17:03:06.057+0000] {processor.py:154} INFO - Started process (PID=168) to work on /home/airflow/.local/lib/python3.7/site-packages/airflow/example_dags/example_kubernetes_executor.py
[2023-11-11T17:03:06.061+0000] {processor.py:756} INFO - Processing file /home/airflow/.local/lib/python3.7/site-packages/airflow/example_dags/example_kubernetes_executor.py for tasks to queue
[2023-11-11T17:03:06.065+0000] {logging_mixin.py:120} INFO - [2023-11-11T17:03:06.064+0000] {dagbag.py:537} INFO - Filling up the DagBag from /home/airflow/.local/lib/python3.7/site-packages/airflow/example_dags/example_kubernetes_executor.py
[2023-11-11T17:03:06.193+0000] {processor.py:766} INFO - DAG(s) dict_keys(['example_kubernetes_executor']) retrieved from /home/airflow/.local/lib/python3.7/site-packages/airflow/example_dags/example_kubernetes_executor.py
[2023-11-11T17:03:06.393+0000] {logging_mixin.py:120} INFO - [2023-11-11T17:03:06.392+0000] {dag.py:2585} INFO - Sync 1 DAGs
[2023-11-11T17:03:06.485+0000] {logging_mixin.py:120} INFO - [2023-11-11T17:03:06.484+0000] {dag.py:3340} INFO - Setting next_dagrun for example_kubernetes_executor to None, run_after=None
[2023-11-11T17:03:06.581+0000] {processor.py:176} INFO - Processing /home/airflow/.local/lib/python3.7/site-packages/airflow/example_dags/example_kubernetes_executor.py took 0.533 seconds
[2023-11-11T17:03:37.175+0000] {processor.py:154} INFO - Started process (PID=223) to work on /home/airflow/.local/lib/python3.7/site-packages/airflow/example_dags/example_kubernetes_executor.py
[2023-11-11T17:03:37.176+0000] {processor.py:756} INFO - Processing file /home/airflow/.local/lib/python3.7/site-packages/airflow/example_dags/example_kubernetes_executor.py for tasks to queue
[2023-11-11T17:03:37.179+0000] {logging_mixin.py:120} INFO - [2023-11-11T17:03:37.179+0000] {dagbag.py:537} INFO - Filling up the DagBag from /home/airflow/.local/lib/python3.7/site-packages/airflow/example_dags/example_kubernetes_executor.py
[2023-11-11T17:03:37.253+0000] {processor.py:766} INFO - DAG(s) dict_keys(['example_kubernetes_executor']) retrieved from /home/airflow/.local/lib/python3.7/site-packages/airflow/example_dags/example_kubernetes_executor.py
[2023-11-11T17:03:37.353+0000] {logging_mixin.py:120} INFO - [2023-11-11T17:03:37.353+0000] {dag.py:2585} INFO - Sync 1 DAGs
[2023-11-11T17:03:37.428+0000] {logging_mixin.py:120} INFO - [2023-11-11T17:03:37.428+0000] {dag.py:3340} INFO - Setting next_dagrun for example_kubernetes_executor to None, run_after=None
[2023-11-11T17:03:37.465+0000] {processor.py:176} INFO - Processing /home/airflow/.local/lib/python3.7/site-packages/airflow/example_dags/example_kubernetes_executor.py took 0.294 seconds
[2023-11-11T17:04:08.260+0000] {processor.py:154} INFO - Started process (PID=287) to work on /home/airflow/.local/lib/python3.7/site-packages/airflow/example_dags/example_kubernetes_executor.py
[2023-11-11T17:04:08.261+0000] {processor.py:756} INFO - Processing file /home/airflow/.local/lib/python3.7/site-packages/airflow/example_dags/example_kubernetes_executor.py for tasks to queue
[2023-11-11T17:04:08.262+0000] {logging_mixin.py:120} INFO - [2023-11-11T17:04:08.262+0000] {dagbag.py:537} INFO - Filling up the DagBag from /home/airflow/.local/lib/python3.7/site-packages/airflow/example_dags/example_kubernetes_executor.py
[2023-11-11T17:04:08.302+0000] {processor.py:766} INFO - DAG(s) dict_keys(['example_kubernetes_executor']) retrieved from /home/airflow/.local/lib/python3.7/site-packages/airflow/example_dags/example_kubernetes_executor.py
[2023-11-11T17:04:08.437+0000] {logging_mixin.py:120} INFO - [2023-11-11T17:04:08.437+0000] {dag.py:2585} INFO - Sync 1 DAGs
[2023-11-11T17:04:08.497+0000] {logging_mixin.py:120} INFO - [2023-11-11T17:04:08.497+0000] {dag.py:3340} INFO - Setting next_dagrun for example_kubernetes_executor to None, run_after=None
[2023-11-11T17:04:08.521+0000] {processor.py:176} INFO - Processing /home/airflow/.local/lib/python3.7/site-packages/airflow/example_dags/example_kubernetes_executor.py took 0.265 seconds
[2023-11-11T17:04:39.220+0000] {processor.py:154} INFO - Started process (PID=341) to work on /home/airflow/.local/lib/python3.7/site-packages/airflow/example_dags/example_kubernetes_executor.py
[2023-11-11T17:04:39.221+0000] {processor.py:756} INFO - Processing file /home/airflow/.local/lib/python3.7/site-packages/airflow/example_dags/example_kubernetes_executor.py for tasks to queue
[2023-11-11T17:04:39.223+0000] {logging_mixin.py:120} INFO - [2023-11-11T17:04:39.222+0000] {dagbag.py:537} INFO - Filling up the DagBag from /home/airflow/.local/lib/python3.7/site-packages/airflow/example_dags/example_kubernetes_executor.py
[2023-11-11T17:04:39.258+0000] {processor.py:766} INFO - DAG(s) dict_keys(['example_kubernetes_executor']) retrieved from /home/airflow/.local/lib/python3.7/site-packages/airflow/example_dags/example_kubernetes_executor.py
[2023-11-11T17:04:39.308+0000] {logging_mixin.py:120} INFO - [2023-11-11T17:04:39.308+0000] {dag.py:2585} INFO - Sync 1 DAGs
[2023-11-11T17:04:39.339+0000] {logging_mixin.py:120} INFO - [2023-11-11T17:04:39.338+0000] {dag.py:3340} INFO - Setting next_dagrun for example_kubernetes_executor to None, run_after=None
[2023-11-11T17:04:39.365+0000] {processor.py:176} INFO - Processing /home/airflow/.local/lib/python3.7/site-packages/airflow/example_dags/example_kubernetes_executor.py took 0.150 seconds
[2023-11-11T17:05:09.853+0000] {processor.py:154} INFO - Started process (PID=404) to work on /home/airflow/.local/lib/python3.7/site-packages/airflow/example_dags/example_kubernetes_executor.py
[2023-11-11T17:05:09.854+0000] {processor.py:756} INFO - Processing file /home/airflow/.local/lib/python3.7/site-packages/airflow/example_dags/example_kubernetes_executor.py for tasks to queue
[2023-11-11T17:05:09.855+0000] {logging_mixin.py:120} INFO - [2023-11-11T17:05:09.854+0000] {dagbag.py:537} INFO - Filling up the DagBag from /home/airflow/.local/lib/python3.7/site-packages/airflow/example_dags/example_kubernetes_executor.py
[2023-11-11T17:05:09.896+0000] {processor.py:766} INFO - DAG(s) dict_keys(['example_kubernetes_executor']) retrieved from /home/airflow/.local/lib/python3.7/site-packages/airflow/example_dags/example_kubernetes_executor.py
[2023-11-11T17:05:09.949+0000] {logging_mixin.py:120} INFO - [2023-11-11T17:05:09.949+0000] {dag.py:2585} INFO - Sync 1 DAGs
[2023-11-11T17:05:09.981+0000] {logging_mixin.py:120} INFO - [2023-11-11T17:05:09.981+0000] {dag.py:3340} INFO - Setting next_dagrun for example_kubernetes_executor to None, run_after=None
[2023-11-11T17:05:10.013+0000] {processor.py:176} INFO - Processing /home/airflow/.local/lib/python3.7/site-packages/airflow/example_dags/example_kubernetes_executor.py took 0.164 seconds
[2023-11-11T17:05:40.234+0000] {processor.py:154} INFO - Started process (PID=465) to work on /home/airflow/.local/lib/python3.7/site-packages/airflow/example_dags/example_kubernetes_executor.py
[2023-11-11T17:05:40.235+0000] {processor.py:756} INFO - Processing file /home/airflow/.local/lib/python3.7/site-packages/airflow/example_dags/example_kubernetes_executor.py for tasks to queue
[2023-11-11T17:05:40.235+0000] {logging_mixin.py:120} INFO - [2023-11-11T17:05:40.235+0000] {dagbag.py:537} INFO - Filling up the DagBag from /home/airflow/.local/lib/python3.7/site-packages/airflow/example_dags/example_kubernetes_executor.py
[2023-11-11T17:05:40.278+0000] {processor.py:766} INFO - DAG(s) dict_keys(['example_kubernetes_executor']) retrieved from /home/airflow/.local/lib/python3.7/site-packages/airflow/example_dags/example_kubernetes_executor.py
[2023-11-11T17:05:40.343+0000] {logging_mixin.py:120} INFO - [2023-11-11T17:05:40.342+0000] {dag.py:2585} INFO - Sync 1 DAGs
[2023-11-11T17:05:40.378+0000] {logging_mixin.py:120} INFO - [2023-11-11T17:05:40.378+0000] {dag.py:3340} INFO - Setting next_dagrun for example_kubernetes_executor to None, run_after=None
[2023-11-11T17:05:40.409+0000] {processor.py:176} INFO - Processing /home/airflow/.local/lib/python3.7/site-packages/airflow/example_dags/example_kubernetes_executor.py took 0.179 seconds
[2023-11-11T17:06:11.013+0000] {processor.py:154} INFO - Started process (PID=521) to work on /home/airflow/.local/lib/python3.7/site-packages/airflow/example_dags/example_kubernetes_executor.py
[2023-11-11T17:06:11.014+0000] {processor.py:756} INFO - Processing file /home/airflow/.local/lib/python3.7/site-packages/airflow/example_dags/example_kubernetes_executor.py for tasks to queue
[2023-11-11T17:06:11.015+0000] {logging_mixin.py:120} INFO - [2023-11-11T17:06:11.015+0000] {dagbag.py:537} INFO - Filling up the DagBag from /home/airflow/.local/lib/python3.7/site-packages/airflow/example_dags/example_kubernetes_executor.py
[2023-11-11T17:06:11.097+0000] {processor.py:766} INFO - DAG(s) dict_keys(['example_kubernetes_executor']) retrieved from /home/airflow/.local/lib/python3.7/site-packages/airflow/example_dags/example_kubernetes_executor.py
[2023-11-11T17:06:11.282+0000] {logging_mixin.py:120} INFO - [2023-11-11T17:06:11.282+0000] {dag.py:2585} INFO - Sync 1 DAGs
[2023-11-11T17:06:11.339+0000] {logging_mixin.py:120} INFO - [2023-11-11T17:06:11.338+0000] {dag.py:3340} INFO - Setting next_dagrun for example_kubernetes_executor to None, run_after=None
[2023-11-11T17:06:11.382+0000] {processor.py:176} INFO - Processing /home/airflow/.local/lib/python3.7/site-packages/airflow/example_dags/example_kubernetes_executor.py took 0.374 seconds
[2023-11-11T17:06:42.071+0000] {processor.py:154} INFO - Started process (PID=575) to work on /home/airflow/.local/lib/python3.7/site-packages/airflow/example_dags/example_kubernetes_executor.py
[2023-11-11T17:06:42.075+0000] {processor.py:756} INFO - Processing file /home/airflow/.local/lib/python3.7/site-packages/airflow/example_dags/example_kubernetes_executor.py for tasks to queue
[2023-11-11T17:06:42.077+0000] {logging_mixin.py:120} INFO - [2023-11-11T17:06:42.076+0000] {dagbag.py:537} INFO - Filling up the DagBag from /home/airflow/.local/lib/python3.7/site-packages/airflow/example_dags/example_kubernetes_executor.py
[2023-11-11T17:06:42.135+0000] {processor.py:766} INFO - DAG(s) dict_keys(['example_kubernetes_executor']) retrieved from /home/airflow/.local/lib/python3.7/site-packages/airflow/example_dags/example_kubernetes_executor.py
[2023-11-11T17:06:42.204+0000] {logging_mixin.py:120} INFO - [2023-11-11T17:06:42.203+0000] {dag.py:2585} INFO - Sync 1 DAGs
[2023-11-11T17:06:42.238+0000] {logging_mixin.py:120} INFO - [2023-11-11T17:06:42.238+0000] {dag.py:3340} INFO - Setting next_dagrun for example_kubernetes_executor to None, run_after=None
[2023-11-11T17:06:42.298+0000] {processor.py:176} INFO - Processing /home/airflow/.local/lib/python3.7/site-packages/airflow/example_dags/example_kubernetes_executor.py took 0.234 seconds
[2023-11-11T17:07:12.454+0000] {processor.py:154} INFO - Started process (PID=638) to work on /home/airflow/.local/lib/python3.7/site-packages/airflow/example_dags/example_kubernetes_executor.py
[2023-11-11T17:07:12.457+0000] {processor.py:756} INFO - Processing file /home/airflow/.local/lib/python3.7/site-packages/airflow/example_dags/example_kubernetes_executor.py for tasks to queue
[2023-11-11T17:07:12.458+0000] {logging_mixin.py:120} INFO - [2023-11-11T17:07:12.457+0000] {dagbag.py:537} INFO - Filling up the DagBag from /home/airflow/.local/lib/python3.7/site-packages/airflow/example_dags/example_kubernetes_executor.py
[2023-11-11T17:07:12.499+0000] {processor.py:766} INFO - DAG(s) dict_keys(['example_kubernetes_executor']) retrieved from /home/airflow/.local/lib/python3.7/site-packages/airflow/example_dags/example_kubernetes_executor.py
[2023-11-11T17:07:12.642+0000] {logging_mixin.py:120} INFO - [2023-11-11T17:07:12.642+0000] {dag.py:2585} INFO - Sync 1 DAGs
[2023-11-11T17:07:12.803+0000] {logging_mixin.py:120} INFO - [2023-11-11T17:07:12.802+0000] {dag.py:3340} INFO - Setting next_dagrun for example_kubernetes_executor to None, run_after=None
[2023-11-11T17:07:12.915+0000] {processor.py:176} INFO - Processing /home/airflow/.local/lib/python3.7/site-packages/airflow/example_dags/example_kubernetes_executor.py took 0.466 seconds
[2023-11-11T17:29:19.720+0000] {processor.py:154} INFO - Started process (PID=67) to work on /home/airflow/.local/lib/python3.7/site-packages/airflow/example_dags/example_kubernetes_executor.py
[2023-11-11T17:29:19.724+0000] {processor.py:756} INFO - Processing file /home/airflow/.local/lib/python3.7/site-packages/airflow/example_dags/example_kubernetes_executor.py for tasks to queue
[2023-11-11T17:29:19.735+0000] {logging_mixin.py:120} INFO - [2023-11-11T17:29:19.735+0000] {dagbag.py:537} INFO - Filling up the DagBag from /home/airflow/.local/lib/python3.7/site-packages/airflow/example_dags/example_kubernetes_executor.py
[2023-11-11T17:29:20.116+0000] {processor.py:766} INFO - DAG(s) dict_keys(['example_kubernetes_executor']) retrieved from /home/airflow/.local/lib/python3.7/site-packages/airflow/example_dags/example_kubernetes_executor.py
[2023-11-11T17:29:21.181+0000] {logging_mixin.py:120} INFO - [2023-11-11T17:29:21.181+0000] {manager.py:507} INFO - Created Permission View: can read on DAG:example_kubernetes_executor
[2023-11-11T17:29:21.286+0000] {logging_mixin.py:120} INFO - [2023-11-11T17:29:21.286+0000] {manager.py:507} INFO - Created Permission View: can delete on DAG:example_kubernetes_executor
[2023-11-11T17:29:21.369+0000] {logging_mixin.py:120} INFO - [2023-11-11T17:29:21.369+0000] {manager.py:507} INFO - Created Permission View: can edit on DAG:example_kubernetes_executor
[2023-11-11T17:29:21.370+0000] {logging_mixin.py:120} INFO - [2023-11-11T17:29:21.370+0000] {dag.py:2585} INFO - Sync 1 DAGs
[2023-11-11T17:29:21.642+0000] {logging_mixin.py:120} INFO - [2023-11-11T17:29:21.642+0000] {dag.py:2606} INFO - Creating ORM DAG for example_kubernetes_executor
[2023-11-11T17:29:21.733+0000] {logging_mixin.py:120} INFO - [2023-11-11T17:29:21.732+0000] {dag.py:3340} INFO - Setting next_dagrun for example_kubernetes_executor to None, run_after=None
[2023-11-11T17:29:21.882+0000] {processor.py:176} INFO - Processing /home/airflow/.local/lib/python3.7/site-packages/airflow/example_dags/example_kubernetes_executor.py took 2.186 seconds
[2023-11-11T17:30:08.162+0000] {processor.py:154} INFO - Started process (PID=121) to work on /home/airflow/.local/lib/python3.7/site-packages/airflow/example_dags/example_kubernetes_executor.py
[2023-11-11T17:30:08.172+0000] {processor.py:756} INFO - Processing file /home/airflow/.local/lib/python3.7/site-packages/airflow/example_dags/example_kubernetes_executor.py for tasks to queue
[2023-11-11T17:30:08.176+0000] {logging_mixin.py:120} INFO - [2023-11-11T17:30:08.175+0000] {dagbag.py:537} INFO - Filling up the DagBag from /home/airflow/.local/lib/python3.7/site-packages/airflow/example_dags/example_kubernetes_executor.py
[2023-11-11T17:30:08.339+0000] {processor.py:766} INFO - DAG(s) dict_keys(['example_kubernetes_executor']) retrieved from /home/airflow/.local/lib/python3.7/site-packages/airflow/example_dags/example_kubernetes_executor.py
[2023-11-11T17:30:08.529+0000] {logging_mixin.py:120} INFO - [2023-11-11T17:30:08.529+0000] {dag.py:2585} INFO - Sync 1 DAGs
[2023-11-11T17:30:08.671+0000] {logging_mixin.py:120} INFO - [2023-11-11T17:30:08.671+0000] {dag.py:3340} INFO - Setting next_dagrun for example_kubernetes_executor to None, run_after=None
[2023-11-11T17:30:08.762+0000] {processor.py:176} INFO - Processing /home/airflow/.local/lib/python3.7/site-packages/airflow/example_dags/example_kubernetes_executor.py took 0.617 seconds
[2023-11-11T17:30:40.851+0000] {processor.py:154} INFO - Started process (PID=174) to work on /home/airflow/.local/lib/python3.7/site-packages/airflow/example_dags/example_kubernetes_executor.py
[2023-11-11T17:30:40.858+0000] {processor.py:756} INFO - Processing file /home/airflow/.local/lib/python3.7/site-packages/airflow/example_dags/example_kubernetes_executor.py for tasks to queue
[2023-11-11T17:30:40.863+0000] {logging_mixin.py:120} INFO - [2023-11-11T17:30:40.862+0000] {dagbag.py:537} INFO - Filling up the DagBag from /home/airflow/.local/lib/python3.7/site-packages/airflow/example_dags/example_kubernetes_executor.py
[2023-11-11T17:30:40.991+0000] {processor.py:766} INFO - DAG(s) dict_keys(['example_kubernetes_executor']) retrieved from /home/airflow/.local/lib/python3.7/site-packages/airflow/example_dags/example_kubernetes_executor.py
[2023-11-11T17:30:41.215+0000] {logging_mixin.py:120} INFO - [2023-11-11T17:30:41.214+0000] {dag.py:2585} INFO - Sync 1 DAGs
[2023-11-11T17:30:41.322+0000] {logging_mixin.py:120} INFO - [2023-11-11T17:30:41.322+0000] {dag.py:3340} INFO - Setting next_dagrun for example_kubernetes_executor to None, run_after=None
[2023-11-11T17:30:41.391+0000] {processor.py:176} INFO - Processing /home/airflow/.local/lib/python3.7/site-packages/airflow/example_dags/example_kubernetes_executor.py took 0.564 seconds
[2023-11-11T17:31:12.113+0000] {processor.py:154} INFO - Started process (PID=229) to work on /home/airflow/.local/lib/python3.7/site-packages/airflow/example_dags/example_kubernetes_executor.py
[2023-11-11T17:31:12.242+0000] {processor.py:756} INFO - Processing file /home/airflow/.local/lib/python3.7/site-packages/airflow/example_dags/example_kubernetes_executor.py for tasks to queue
[2023-11-11T17:31:12.244+0000] {logging_mixin.py:120} INFO - [2023-11-11T17:31:12.243+0000] {dagbag.py:537} INFO - Filling up the DagBag from /home/airflow/.local/lib/python3.7/site-packages/airflow/example_dags/example_kubernetes_executor.py
[2023-11-11T17:31:12.518+0000] {processor.py:766} INFO - DAG(s) dict_keys(['example_kubernetes_executor']) retrieved from /home/airflow/.local/lib/python3.7/site-packages/airflow/example_dags/example_kubernetes_executor.py
[2023-11-11T17:31:12.776+0000] {logging_mixin.py:120} INFO - [2023-11-11T17:31:12.775+0000] {dag.py:2585} INFO - Sync 1 DAGs
[2023-11-11T17:31:12.938+0000] {logging_mixin.py:120} INFO - [2023-11-11T17:31:12.937+0000] {dag.py:3340} INFO - Setting next_dagrun for example_kubernetes_executor to None, run_after=None
[2023-11-11T17:31:13.267+0000] {processor.py:176} INFO - Processing /home/airflow/.local/lib/python3.7/site-packages/airflow/example_dags/example_kubernetes_executor.py took 1.162 seconds
[2023-11-11T17:31:43.756+0000] {processor.py:154} INFO - Started process (PID=283) to work on /home/airflow/.local/lib/python3.7/site-packages/airflow/example_dags/example_kubernetes_executor.py
[2023-11-11T17:31:43.759+0000] {processor.py:756} INFO - Processing file /home/airflow/.local/lib/python3.7/site-packages/airflow/example_dags/example_kubernetes_executor.py for tasks to queue
[2023-11-11T17:31:43.761+0000] {logging_mixin.py:120} INFO - [2023-11-11T17:31:43.760+0000] {dagbag.py:537} INFO - Filling up the DagBag from /home/airflow/.local/lib/python3.7/site-packages/airflow/example_dags/example_kubernetes_executor.py
[2023-11-11T17:31:43.852+0000] {processor.py:766} INFO - DAG(s) dict_keys(['example_kubernetes_executor']) retrieved from /home/airflow/.local/lib/python3.7/site-packages/airflow/example_dags/example_kubernetes_executor.py
[2023-11-11T17:31:43.937+0000] {logging_mixin.py:120} INFO - [2023-11-11T17:31:43.937+0000] {dag.py:2585} INFO - Sync 1 DAGs
[2023-11-11T17:31:43.986+0000] {logging_mixin.py:120} INFO - [2023-11-11T17:31:43.986+0000] {dag.py:3340} INFO - Setting next_dagrun for example_kubernetes_executor to None, run_after=None
[2023-11-11T17:31:44.021+0000] {processor.py:176} INFO - Processing /home/airflow/.local/lib/python3.7/site-packages/airflow/example_dags/example_kubernetes_executor.py took 0.275 seconds
[2023-11-11T17:32:14.519+0000] {processor.py:154} INFO - Started process (PID=347) to work on /home/airflow/.local/lib/python3.7/site-packages/airflow/example_dags/example_kubernetes_executor.py
[2023-11-11T17:32:14.522+0000] {processor.py:756} INFO - Processing file /home/airflow/.local/lib/python3.7/site-packages/airflow/example_dags/example_kubernetes_executor.py for tasks to queue
[2023-11-11T17:32:14.525+0000] {logging_mixin.py:120} INFO - [2023-11-11T17:32:14.524+0000] {dagbag.py:537} INFO - Filling up the DagBag from /home/airflow/.local/lib/python3.7/site-packages/airflow/example_dags/example_kubernetes_executor.py
[2023-11-11T17:32:14.611+0000] {processor.py:766} INFO - DAG(s) dict_keys(['example_kubernetes_executor']) retrieved from /home/airflow/.local/lib/python3.7/site-packages/airflow/example_dags/example_kubernetes_executor.py
[2023-11-11T17:32:14.731+0000] {logging_mixin.py:120} INFO - [2023-11-11T17:32:14.731+0000] {dag.py:2585} INFO - Sync 1 DAGs
[2023-11-11T17:32:14.795+0000] {logging_mixin.py:120} INFO - [2023-11-11T17:32:14.794+0000] {dag.py:3340} INFO - Setting next_dagrun for example_kubernetes_executor to None, run_after=None
[2023-11-11T17:32:14.869+0000] {processor.py:176} INFO - Processing /home/airflow/.local/lib/python3.7/site-packages/airflow/example_dags/example_kubernetes_executor.py took 0.362 seconds
[2023-11-11T17:32:44.956+0000] {processor.py:154} INFO - Started process (PID=400) to work on /home/airflow/.local/lib/python3.7/site-packages/airflow/example_dags/example_kubernetes_executor.py
[2023-11-11T17:32:44.957+0000] {processor.py:756} INFO - Processing file /home/airflow/.local/lib/python3.7/site-packages/airflow/example_dags/example_kubernetes_executor.py for tasks to queue
[2023-11-11T17:32:44.958+0000] {logging_mixin.py:120} INFO - [2023-11-11T17:32:44.958+0000] {dagbag.py:537} INFO - Filling up the DagBag from /home/airflow/.local/lib/python3.7/site-packages/airflow/example_dags/example_kubernetes_executor.py
[2023-11-11T17:32:45.057+0000] {processor.py:766} INFO - DAG(s) dict_keys(['example_kubernetes_executor']) retrieved from /home/airflow/.local/lib/python3.7/site-packages/airflow/example_dags/example_kubernetes_executor.py
[2023-11-11T17:32:45.156+0000] {logging_mixin.py:120} INFO - [2023-11-11T17:32:45.155+0000] {dag.py:2585} INFO - Sync 1 DAGs
[2023-11-11T17:32:45.209+0000] {logging_mixin.py:120} INFO - [2023-11-11T17:32:45.208+0000] {dag.py:3340} INFO - Setting next_dagrun for example_kubernetes_executor to None, run_after=None
[2023-11-11T17:32:45.279+0000] {processor.py:176} INFO - Processing /home/airflow/.local/lib/python3.7/site-packages/airflow/example_dags/example_kubernetes_executor.py took 0.336 seconds
[2023-11-11T17:33:16.193+0000] {processor.py:154} INFO - Started process (PID=454) to work on /home/airflow/.local/lib/python3.7/site-packages/airflow/example_dags/example_kubernetes_executor.py
[2023-11-11T17:33:16.195+0000] {processor.py:756} INFO - Processing file /home/airflow/.local/lib/python3.7/site-packages/airflow/example_dags/example_kubernetes_executor.py for tasks to queue
[2023-11-11T17:33:16.196+0000] {logging_mixin.py:120} INFO - [2023-11-11T17:33:16.196+0000] {dagbag.py:537} INFO - Filling up the DagBag from /home/airflow/.local/lib/python3.7/site-packages/airflow/example_dags/example_kubernetes_executor.py
[2023-11-11T17:33:16.268+0000] {processor.py:766} INFO - DAG(s) dict_keys(['example_kubernetes_executor']) retrieved from /home/airflow/.local/lib/python3.7/site-packages/airflow/example_dags/example_kubernetes_executor.py
[2023-11-11T17:33:16.479+0000] {logging_mixin.py:120} INFO - [2023-11-11T17:33:16.479+0000] {dag.py:2585} INFO - Sync 1 DAGs
[2023-11-11T17:33:16.552+0000] {logging_mixin.py:120} INFO - [2023-11-11T17:33:16.552+0000] {dag.py:3340} INFO - Setting next_dagrun for example_kubernetes_executor to None, run_after=None
[2023-11-11T17:33:16.598+0000] {processor.py:176} INFO - Processing /home/airflow/.local/lib/python3.7/site-packages/airflow/example_dags/example_kubernetes_executor.py took 0.412 seconds
[2023-11-11T17:33:46.770+0000] {processor.py:154} INFO - Started process (PID=519) to work on /home/airflow/.local/lib/python3.7/site-packages/airflow/example_dags/example_kubernetes_executor.py
[2023-11-11T17:33:46.771+0000] {processor.py:756} INFO - Processing file /home/airflow/.local/lib/python3.7/site-packages/airflow/example_dags/example_kubernetes_executor.py for tasks to queue
[2023-11-11T17:33:46.772+0000] {logging_mixin.py:120} INFO - [2023-11-11T17:33:46.772+0000] {dagbag.py:537} INFO - Filling up the DagBag from /home/airflow/.local/lib/python3.7/site-packages/airflow/example_dags/example_kubernetes_executor.py
[2023-11-11T17:33:46.897+0000] {processor.py:766} INFO - DAG(s) dict_keys(['example_kubernetes_executor']) retrieved from /home/airflow/.local/lib/python3.7/site-packages/airflow/example_dags/example_kubernetes_executor.py
[2023-11-11T17:33:46.989+0000] {logging_mixin.py:120} INFO - [2023-11-11T17:33:46.989+0000] {dag.py:2585} INFO - Sync 1 DAGs
[2023-11-11T17:33:47.046+0000] {logging_mixin.py:120} INFO - [2023-11-11T17:33:47.046+0000] {dag.py:3340} INFO - Setting next_dagrun for example_kubernetes_executor to None, run_after=None
[2023-11-11T17:33:47.106+0000] {processor.py:176} INFO - Processing /home/airflow/.local/lib/python3.7/site-packages/airflow/example_dags/example_kubernetes_executor.py took 0.343 seconds
[2023-11-11T17:34:17.818+0000] {processor.py:154} INFO - Started process (PID=573) to work on /home/airflow/.local/lib/python3.7/site-packages/airflow/example_dags/example_kubernetes_executor.py
[2023-11-11T17:34:17.823+0000] {processor.py:756} INFO - Processing file /home/airflow/.local/lib/python3.7/site-packages/airflow/example_dags/example_kubernetes_executor.py for tasks to queue
[2023-11-11T17:34:17.824+0000] {logging_mixin.py:120} INFO - [2023-11-11T17:34:17.824+0000] {dagbag.py:537} INFO - Filling up the DagBag from /home/airflow/.local/lib/python3.7/site-packages/airflow/example_dags/example_kubernetes_executor.py
[2023-11-11T17:34:17.873+0000] {processor.py:766} INFO - DAG(s) dict_keys(['example_kubernetes_executor']) retrieved from /home/airflow/.local/lib/python3.7/site-packages/airflow/example_dags/example_kubernetes_executor.py
[2023-11-11T17:34:17.947+0000] {logging_mixin.py:120} INFO - [2023-11-11T17:34:17.946+0000] {dag.py:2585} INFO - Sync 1 DAGs
[2023-11-11T17:34:17.994+0000] {logging_mixin.py:120} INFO - [2023-11-11T17:34:17.994+0000] {dag.py:3340} INFO - Setting next_dagrun for example_kubernetes_executor to None, run_after=None
[2023-11-11T17:34:18.029+0000] {processor.py:176} INFO - Processing /home/airflow/.local/lib/python3.7/site-packages/airflow/example_dags/example_kubernetes_executor.py took 0.217 seconds
[2023-11-11T17:34:48.423+0000] {processor.py:154} INFO - Started process (PID=637) to work on /home/airflow/.local/lib/python3.7/site-packages/airflow/example_dags/example_kubernetes_executor.py
[2023-11-11T17:34:48.424+0000] {processor.py:756} INFO - Processing file /home/airflow/.local/lib/python3.7/site-packages/airflow/example_dags/example_kubernetes_executor.py for tasks to queue
[2023-11-11T17:34:48.426+0000] {logging_mixin.py:120} INFO - [2023-11-11T17:34:48.426+0000] {dagbag.py:537} INFO - Filling up the DagBag from /home/airflow/.local/lib/python3.7/site-packages/airflow/example_dags/example_kubernetes_executor.py
[2023-11-11T17:34:48.504+0000] {processor.py:766} INFO - DAG(s) dict_keys(['example_kubernetes_executor']) retrieved from /home/airflow/.local/lib/python3.7/site-packages/airflow/example_dags/example_kubernetes_executor.py
[2023-11-11T17:34:48.614+0000] {logging_mixin.py:120} INFO - [2023-11-11T17:34:48.614+0000] {dag.py:2585} INFO - Sync 1 DAGs
[2023-11-11T17:34:48.674+0000] {logging_mixin.py:120} INFO - [2023-11-11T17:34:48.674+0000] {dag.py:3340} INFO - Setting next_dagrun for example_kubernetes_executor to None, run_after=None
[2023-11-11T17:34:48.726+0000] {processor.py:176} INFO - Processing /home/airflow/.local/lib/python3.7/site-packages/airflow/example_dags/example_kubernetes_executor.py took 0.309 seconds
[2023-11-11T17:35:18.912+0000] {processor.py:154} INFO - Started process (PID=691) to work on /home/airflow/.local/lib/python3.7/site-packages/airflow/example_dags/example_kubernetes_executor.py
[2023-11-11T17:35:18.913+0000] {processor.py:756} INFO - Processing file /home/airflow/.local/lib/python3.7/site-packages/airflow/example_dags/example_kubernetes_executor.py for tasks to queue
[2023-11-11T17:35:18.915+0000] {logging_mixin.py:120} INFO - [2023-11-11T17:35:18.914+0000] {dagbag.py:537} INFO - Filling up the DagBag from /home/airflow/.local/lib/python3.7/site-packages/airflow/example_dags/example_kubernetes_executor.py
[2023-11-11T17:35:18.987+0000] {processor.py:766} INFO - DAG(s) dict_keys(['example_kubernetes_executor']) retrieved from /home/airflow/.local/lib/python3.7/site-packages/airflow/example_dags/example_kubernetes_executor.py
[2023-11-11T17:35:19.060+0000] {logging_mixin.py:120} INFO - [2023-11-11T17:35:19.060+0000] {dag.py:2585} INFO - Sync 1 DAGs
[2023-11-11T17:35:19.103+0000] {logging_mixin.py:120} INFO - [2023-11-11T17:35:19.102+0000] {dag.py:3340} INFO - Setting next_dagrun for example_kubernetes_executor to None, run_after=None
[2023-11-11T17:35:19.129+0000] {processor.py:176} INFO - Processing /home/airflow/.local/lib/python3.7/site-packages/airflow/example_dags/example_kubernetes_executor.py took 0.223 seconds
[2023-11-11T17:35:49.243+0000] {processor.py:154} INFO - Started process (PID=745) to work on /home/airflow/.local/lib/python3.7/site-packages/airflow/example_dags/example_kubernetes_executor.py
[2023-11-11T17:35:49.246+0000] {processor.py:756} INFO - Processing file /home/airflow/.local/lib/python3.7/site-packages/airflow/example_dags/example_kubernetes_executor.py for tasks to queue
[2023-11-11T17:35:49.247+0000] {logging_mixin.py:120} INFO - [2023-11-11T17:35:49.247+0000] {dagbag.py:537} INFO - Filling up the DagBag from /home/airflow/.local/lib/python3.7/site-packages/airflow/example_dags/example_kubernetes_executor.py
[2023-11-11T17:35:49.307+0000] {processor.py:766} INFO - DAG(s) dict_keys(['example_kubernetes_executor']) retrieved from /home/airflow/.local/lib/python3.7/site-packages/airflow/example_dags/example_kubernetes_executor.py
[2023-11-11T17:35:49.398+0000] {logging_mixin.py:120} INFO - [2023-11-11T17:35:49.397+0000] {dag.py:2585} INFO - Sync 1 DAGs
[2023-11-11T17:35:49.482+0000] {logging_mixin.py:120} INFO - [2023-11-11T17:35:49.482+0000] {dag.py:3340} INFO - Setting next_dagrun for example_kubernetes_executor to None, run_after=None
[2023-11-11T17:35:49.533+0000] {processor.py:176} INFO - Processing /home/airflow/.local/lib/python3.7/site-packages/airflow/example_dags/example_kubernetes_executor.py took 0.294 seconds
[2023-11-11T17:36:19.795+0000] {processor.py:154} INFO - Started process (PID=808) to work on /home/airflow/.local/lib/python3.7/site-packages/airflow/example_dags/example_kubernetes_executor.py
[2023-11-11T17:36:19.797+0000] {processor.py:756} INFO - Processing file /home/airflow/.local/lib/python3.7/site-packages/airflow/example_dags/example_kubernetes_executor.py for tasks to queue
[2023-11-11T17:36:19.801+0000] {logging_mixin.py:120} INFO - [2023-11-11T17:36:19.799+0000] {dagbag.py:537} INFO - Filling up the DagBag from /home/airflow/.local/lib/python3.7/site-packages/airflow/example_dags/example_kubernetes_executor.py
[2023-11-11T17:36:19.879+0000] {processor.py:766} INFO - DAG(s) dict_keys(['example_kubernetes_executor']) retrieved from /home/airflow/.local/lib/python3.7/site-packages/airflow/example_dags/example_kubernetes_executor.py
[2023-11-11T17:36:20.004+0000] {logging_mixin.py:120} INFO - [2023-11-11T17:36:20.004+0000] {dag.py:2585} INFO - Sync 1 DAGs
[2023-11-11T17:36:20.078+0000] {logging_mixin.py:120} INFO - [2023-11-11T17:36:20.078+0000] {dag.py:3340} INFO - Setting next_dagrun for example_kubernetes_executor to None, run_after=None
[2023-11-11T17:36:20.140+0000] {processor.py:176} INFO - Processing /home/airflow/.local/lib/python3.7/site-packages/airflow/example_dags/example_kubernetes_executor.py took 0.352 seconds
[2023-11-11T17:36:50.689+0000] {processor.py:154} INFO - Started process (PID=862) to work on /home/airflow/.local/lib/python3.7/site-packages/airflow/example_dags/example_kubernetes_executor.py
[2023-11-11T17:36:50.690+0000] {processor.py:756} INFO - Processing file /home/airflow/.local/lib/python3.7/site-packages/airflow/example_dags/example_kubernetes_executor.py for tasks to queue
[2023-11-11T17:36:50.693+0000] {logging_mixin.py:120} INFO - [2023-11-11T17:36:50.691+0000] {dagbag.py:537} INFO - Filling up the DagBag from /home/airflow/.local/lib/python3.7/site-packages/airflow/example_dags/example_kubernetes_executor.py
[2023-11-11T17:36:50.783+0000] {processor.py:766} INFO - DAG(s) dict_keys(['example_kubernetes_executor']) retrieved from /home/airflow/.local/lib/python3.7/site-packages/airflow/example_dags/example_kubernetes_executor.py
[2023-11-11T17:36:50.907+0000] {logging_mixin.py:120} INFO - [2023-11-11T17:36:50.906+0000] {dag.py:2585} INFO - Sync 1 DAGs
[2023-11-11T17:36:50.971+0000] {logging_mixin.py:120} INFO - [2023-11-11T17:36:50.971+0000] {dag.py:3340} INFO - Setting next_dagrun for example_kubernetes_executor to None, run_after=None
[2023-11-11T17:36:51.015+0000] {processor.py:176} INFO - Processing /home/airflow/.local/lib/python3.7/site-packages/airflow/example_dags/example_kubernetes_executor.py took 0.337 seconds
[2023-11-11T17:37:21.264+0000] {processor.py:154} INFO - Started process (PID=924) to work on /home/airflow/.local/lib/python3.7/site-packages/airflow/example_dags/example_kubernetes_executor.py
[2023-11-11T17:37:21.266+0000] {processor.py:756} INFO - Processing file /home/airflow/.local/lib/python3.7/site-packages/airflow/example_dags/example_kubernetes_executor.py for tasks to queue
[2023-11-11T17:37:21.276+0000] {logging_mixin.py:120} INFO - [2023-11-11T17:37:21.275+0000] {dagbag.py:537} INFO - Filling up the DagBag from /home/airflow/.local/lib/python3.7/site-packages/airflow/example_dags/example_kubernetes_executor.py
[2023-11-11T17:37:21.352+0000] {processor.py:766} INFO - DAG(s) dict_keys(['example_kubernetes_executor']) retrieved from /home/airflow/.local/lib/python3.7/site-packages/airflow/example_dags/example_kubernetes_executor.py
[2023-11-11T17:37:21.454+0000] {logging_mixin.py:120} INFO - [2023-11-11T17:37:21.454+0000] {dag.py:2585} INFO - Sync 1 DAGs
[2023-11-11T17:37:21.527+0000] {logging_mixin.py:120} INFO - [2023-11-11T17:37:21.526+0000] {dag.py:3340} INFO - Setting next_dagrun for example_kubernetes_executor to None, run_after=None
[2023-11-11T17:37:21.578+0000] {processor.py:176} INFO - Processing /home/airflow/.local/lib/python3.7/site-packages/airflow/example_dags/example_kubernetes_executor.py took 0.318 seconds
[2023-11-11T17:37:51.934+0000] {processor.py:154} INFO - Started process (PID=978) to work on /home/airflow/.local/lib/python3.7/site-packages/airflow/example_dags/example_kubernetes_executor.py
[2023-11-11T17:37:51.938+0000] {processor.py:756} INFO - Processing file /home/airflow/.local/lib/python3.7/site-packages/airflow/example_dags/example_kubernetes_executor.py for tasks to queue
[2023-11-11T17:37:51.941+0000] {logging_mixin.py:120} INFO - [2023-11-11T17:37:51.941+0000] {dagbag.py:537} INFO - Filling up the DagBag from /home/airflow/.local/lib/python3.7/site-packages/airflow/example_dags/example_kubernetes_executor.py
[2023-11-11T17:37:52.007+0000] {processor.py:766} INFO - DAG(s) dict_keys(['example_kubernetes_executor']) retrieved from /home/airflow/.local/lib/python3.7/site-packages/airflow/example_dags/example_kubernetes_executor.py
[2023-11-11T17:37:52.117+0000] {logging_mixin.py:120} INFO - [2023-11-11T17:37:52.116+0000] {dag.py:2585} INFO - Sync 1 DAGs
[2023-11-11T17:37:52.190+0000] {logging_mixin.py:120} INFO - [2023-11-11T17:37:52.190+0000] {dag.py:3340} INFO - Setting next_dagrun for example_kubernetes_executor to None, run_after=None
[2023-11-11T17:37:52.247+0000] {processor.py:176} INFO - Processing /home/airflow/.local/lib/python3.7/site-packages/airflow/example_dags/example_kubernetes_executor.py took 0.318 seconds
[2023-11-11T17:38:22.759+0000] {processor.py:154} INFO - Started process (PID=1041) to work on /home/airflow/.local/lib/python3.7/site-packages/airflow/example_dags/example_kubernetes_executor.py
[2023-11-11T17:38:22.760+0000] {processor.py:756} INFO - Processing file /home/airflow/.local/lib/python3.7/site-packages/airflow/example_dags/example_kubernetes_executor.py for tasks to queue
[2023-11-11T17:38:22.761+0000] {logging_mixin.py:120} INFO - [2023-11-11T17:38:22.761+0000] {dagbag.py:537} INFO - Filling up the DagBag from /home/airflow/.local/lib/python3.7/site-packages/airflow/example_dags/example_kubernetes_executor.py
[2023-11-11T17:38:22.809+0000] {processor.py:766} INFO - DAG(s) dict_keys(['example_kubernetes_executor']) retrieved from /home/airflow/.local/lib/python3.7/site-packages/airflow/example_dags/example_kubernetes_executor.py
[2023-11-11T17:38:22.878+0000] {logging_mixin.py:120} INFO - [2023-11-11T17:38:22.878+0000] {dag.py:2585} INFO - Sync 1 DAGs
[2023-11-11T17:38:22.939+0000] {logging_mixin.py:120} INFO - [2023-11-11T17:38:22.939+0000] {dag.py:3340} INFO - Setting next_dagrun for example_kubernetes_executor to None, run_after=None
[2023-11-11T17:38:22.978+0000] {processor.py:176} INFO - Processing /home/airflow/.local/lib/python3.7/site-packages/airflow/example_dags/example_kubernetes_executor.py took 0.227 seconds
[2023-11-11T17:38:53.471+0000] {processor.py:154} INFO - Started process (PID=1095) to work on /home/airflow/.local/lib/python3.7/site-packages/airflow/example_dags/example_kubernetes_executor.py
[2023-11-11T17:38:53.473+0000] {processor.py:756} INFO - Processing file /home/airflow/.local/lib/python3.7/site-packages/airflow/example_dags/example_kubernetes_executor.py for tasks to queue
[2023-11-11T17:38:53.474+0000] {logging_mixin.py:120} INFO - [2023-11-11T17:38:53.474+0000] {dagbag.py:537} INFO - Filling up the DagBag from /home/airflow/.local/lib/python3.7/site-packages/airflow/example_dags/example_kubernetes_executor.py
[2023-11-11T17:38:53.535+0000] {processor.py:766} INFO - DAG(s) dict_keys(['example_kubernetes_executor']) retrieved from /home/airflow/.local/lib/python3.7/site-packages/airflow/example_dags/example_kubernetes_executor.py
[2023-11-11T17:38:53.620+0000] {logging_mixin.py:120} INFO - [2023-11-11T17:38:53.620+0000] {dag.py:2585} INFO - Sync 1 DAGs
[2023-11-11T17:38:53.682+0000] {logging_mixin.py:120} INFO - [2023-11-11T17:38:53.682+0000] {dag.py:3340} INFO - Setting next_dagrun for example_kubernetes_executor to None, run_after=None
[2023-11-11T17:38:53.721+0000] {processor.py:176} INFO - Processing /home/airflow/.local/lib/python3.7/site-packages/airflow/example_dags/example_kubernetes_executor.py took 0.255 seconds
[2023-11-11T17:39:23.913+0000] {processor.py:154} INFO - Started process (PID=1158) to work on /home/airflow/.local/lib/python3.7/site-packages/airflow/example_dags/example_kubernetes_executor.py
[2023-11-11T17:39:23.915+0000] {processor.py:756} INFO - Processing file /home/airflow/.local/lib/python3.7/site-packages/airflow/example_dags/example_kubernetes_executor.py for tasks to queue
[2023-11-11T17:39:23.917+0000] {logging_mixin.py:120} INFO - [2023-11-11T17:39:23.917+0000] {dagbag.py:537} INFO - Filling up the DagBag from /home/airflow/.local/lib/python3.7/site-packages/airflow/example_dags/example_kubernetes_executor.py
[2023-11-11T17:39:23.965+0000] {processor.py:766} INFO - DAG(s) dict_keys(['example_kubernetes_executor']) retrieved from /home/airflow/.local/lib/python3.7/site-packages/airflow/example_dags/example_kubernetes_executor.py
[2023-11-11T17:39:24.034+0000] {logging_mixin.py:120} INFO - [2023-11-11T17:39:24.034+0000] {dag.py:2585} INFO - Sync 1 DAGs
[2023-11-11T17:39:24.070+0000] {logging_mixin.py:120} INFO - [2023-11-11T17:39:24.070+0000] {dag.py:3340} INFO - Setting next_dagrun for example_kubernetes_executor to None, run_after=None
[2023-11-11T17:39:24.103+0000] {processor.py:176} INFO - Processing /home/airflow/.local/lib/python3.7/site-packages/airflow/example_dags/example_kubernetes_executor.py took 0.194 seconds
