[2023-11-11T17:02:02.903+0000] {processor.py:154} INFO - Started process (PID=49) to work on /home/airflow/.local/lib/python3.7/site-packages/airflow/example_dags/example_short_circuit_operator.py
[2023-11-11T17:02:02.905+0000] {processor.py:756} INFO - Processing file /home/airflow/.local/lib/python3.7/site-packages/airflow/example_dags/example_short_circuit_operator.py for tasks to queue
[2023-11-11T17:02:02.907+0000] {logging_mixin.py:120} INFO - [2023-11-11T17:02:02.907+0000] {dagbag.py:537} INFO - Filling up the DagBag from /home/airflow/.local/lib/python3.7/site-packages/airflow/example_dags/example_short_circuit_operator.py
[2023-11-11T17:02:02.981+0000] {processor.py:766} INFO - DAG(s) dict_keys(['example_short_circuit_operator']) retrieved from /home/airflow/.local/lib/python3.7/site-packages/airflow/example_dags/example_short_circuit_operator.py
[2023-11-11T17:02:03.092+0000] {logging_mixin.py:120} INFO - [2023-11-11T17:02:03.091+0000] {dag.py:2585} INFO - Sync 1 DAGs
[2023-11-11T17:02:03.142+0000] {logging_mixin.py:120} INFO - [2023-11-11T17:02:03.142+0000] {dag.py:3340} INFO - Setting next_dagrun for example_short_circuit_operator to 2023-11-10T17:02:03.142390+00:00, run_after=2023-11-11T17:02:03.142390+00:00
[2023-11-11T17:02:03.180+0000] {processor.py:176} INFO - Processing /home/airflow/.local/lib/python3.7/site-packages/airflow/example_dags/example_short_circuit_operator.py took 0.284 seconds
[2023-11-11T17:02:33.535+0000] {processor.py:154} INFO - Started process (PID=103) to work on /home/airflow/.local/lib/python3.7/site-packages/airflow/example_dags/example_short_circuit_operator.py
[2023-11-11T17:02:33.542+0000] {processor.py:756} INFO - Processing file /home/airflow/.local/lib/python3.7/site-packages/airflow/example_dags/example_short_circuit_operator.py for tasks to queue
[2023-11-11T17:02:33.547+0000] {logging_mixin.py:120} INFO - [2023-11-11T17:02:33.545+0000] {dagbag.py:537} INFO - Filling up the DagBag from /home/airflow/.local/lib/python3.7/site-packages/airflow/example_dags/example_short_circuit_operator.py
[2023-11-11T17:02:33.788+0000] {processor.py:766} INFO - DAG(s) dict_keys(['example_short_circuit_operator']) retrieved from /home/airflow/.local/lib/python3.7/site-packages/airflow/example_dags/example_short_circuit_operator.py
[2023-11-11T17:02:34.355+0000] {logging_mixin.py:120} INFO - [2023-11-11T17:02:34.355+0000] {dag.py:2585} INFO - Sync 1 DAGs
[2023-11-11T17:02:34.531+0000] {logging_mixin.py:120} INFO - [2023-11-11T17:02:34.531+0000] {dag.py:3340} INFO - Setting next_dagrun for example_short_circuit_operator to 2023-11-10T17:02:34.525161+00:00, run_after=2023-11-11T17:02:34.525161+00:00
[2023-11-11T17:02:34.646+0000] {processor.py:176} INFO - Processing /home/airflow/.local/lib/python3.7/site-packages/airflow/example_dags/example_short_circuit_operator.py took 1.193 seconds
[2023-11-11T17:03:05.351+0000] {processor.py:154} INFO - Started process (PID=166) to work on /home/airflow/.local/lib/python3.7/site-packages/airflow/example_dags/example_short_circuit_operator.py
[2023-11-11T17:03:05.356+0000] {processor.py:756} INFO - Processing file /home/airflow/.local/lib/python3.7/site-packages/airflow/example_dags/example_short_circuit_operator.py for tasks to queue
[2023-11-11T17:03:05.357+0000] {logging_mixin.py:120} INFO - [2023-11-11T17:03:05.357+0000] {dagbag.py:537} INFO - Filling up the DagBag from /home/airflow/.local/lib/python3.7/site-packages/airflow/example_dags/example_short_circuit_operator.py
[2023-11-11T17:03:05.533+0000] {processor.py:766} INFO - DAG(s) dict_keys(['example_short_circuit_operator']) retrieved from /home/airflow/.local/lib/python3.7/site-packages/airflow/example_dags/example_short_circuit_operator.py
[2023-11-11T17:03:05.748+0000] {logging_mixin.py:120} INFO - [2023-11-11T17:03:05.748+0000] {dag.py:2585} INFO - Sync 1 DAGs
[2023-11-11T17:03:05.868+0000] {logging_mixin.py:120} INFO - [2023-11-11T17:03:05.867+0000] {dag.py:3340} INFO - Setting next_dagrun for example_short_circuit_operator to 2023-11-10T17:03:05.867226+00:00, run_after=2023-11-11T17:03:05.867226+00:00
[2023-11-11T17:03:05.925+0000] {processor.py:176} INFO - Processing /home/airflow/.local/lib/python3.7/site-packages/airflow/example_dags/example_short_circuit_operator.py took 0.588 seconds
[2023-11-11T17:03:35.984+0000] {processor.py:154} INFO - Started process (PID=220) to work on /home/airflow/.local/lib/python3.7/site-packages/airflow/example_dags/example_short_circuit_operator.py
[2023-11-11T17:03:35.985+0000] {processor.py:756} INFO - Processing file /home/airflow/.local/lib/python3.7/site-packages/airflow/example_dags/example_short_circuit_operator.py for tasks to queue
[2023-11-11T17:03:35.987+0000] {logging_mixin.py:120} INFO - [2023-11-11T17:03:35.987+0000] {dagbag.py:537} INFO - Filling up the DagBag from /home/airflow/.local/lib/python3.7/site-packages/airflow/example_dags/example_short_circuit_operator.py
[2023-11-11T17:03:36.008+0000] {processor.py:766} INFO - DAG(s) dict_keys(['example_short_circuit_operator']) retrieved from /home/airflow/.local/lib/python3.7/site-packages/airflow/example_dags/example_short_circuit_operator.py
[2023-11-11T17:03:36.066+0000] {logging_mixin.py:120} INFO - [2023-11-11T17:03:36.066+0000] {dag.py:2585} INFO - Sync 1 DAGs
[2023-11-11T17:03:36.100+0000] {logging_mixin.py:120} INFO - [2023-11-11T17:03:36.100+0000] {dag.py:3340} INFO - Setting next_dagrun for example_short_circuit_operator to 2023-11-10T17:03:36.100425+00:00, run_after=2023-11-11T17:03:36.100425+00:00
[2023-11-11T17:03:36.132+0000] {processor.py:176} INFO - Processing /home/airflow/.local/lib/python3.7/site-packages/airflow/example_dags/example_short_circuit_operator.py took 0.152 seconds
[2023-11-11T17:04:07.038+0000] {processor.py:154} INFO - Started process (PID=285) to work on /home/airflow/.local/lib/python3.7/site-packages/airflow/example_dags/example_short_circuit_operator.py
[2023-11-11T17:04:07.040+0000] {processor.py:756} INFO - Processing file /home/airflow/.local/lib/python3.7/site-packages/airflow/example_dags/example_short_circuit_operator.py for tasks to queue
[2023-11-11T17:04:07.041+0000] {logging_mixin.py:120} INFO - [2023-11-11T17:04:07.040+0000] {dagbag.py:537} INFO - Filling up the DagBag from /home/airflow/.local/lib/python3.7/site-packages/airflow/example_dags/example_short_circuit_operator.py
[2023-11-11T17:04:07.073+0000] {processor.py:766} INFO - DAG(s) dict_keys(['example_short_circuit_operator']) retrieved from /home/airflow/.local/lib/python3.7/site-packages/airflow/example_dags/example_short_circuit_operator.py
[2023-11-11T17:04:07.155+0000] {logging_mixin.py:120} INFO - [2023-11-11T17:04:07.154+0000] {dag.py:2585} INFO - Sync 1 DAGs
[2023-11-11T17:04:07.197+0000] {logging_mixin.py:120} INFO - [2023-11-11T17:04:07.197+0000] {dag.py:3340} INFO - Setting next_dagrun for example_short_circuit_operator to 2023-11-10T17:04:07.196828+00:00, run_after=2023-11-11T17:04:07.196828+00:00
[2023-11-11T17:04:07.233+0000] {processor.py:176} INFO - Processing /home/airflow/.local/lib/python3.7/site-packages/airflow/example_dags/example_short_circuit_operator.py took 0.201 seconds
[2023-11-11T17:04:38.047+0000] {processor.py:154} INFO - Started process (PID=339) to work on /home/airflow/.local/lib/python3.7/site-packages/airflow/example_dags/example_short_circuit_operator.py
[2023-11-11T17:04:38.049+0000] {processor.py:756} INFO - Processing file /home/airflow/.local/lib/python3.7/site-packages/airflow/example_dags/example_short_circuit_operator.py for tasks to queue
[2023-11-11T17:04:38.050+0000] {logging_mixin.py:120} INFO - [2023-11-11T17:04:38.050+0000] {dagbag.py:537} INFO - Filling up the DagBag from /home/airflow/.local/lib/python3.7/site-packages/airflow/example_dags/example_short_circuit_operator.py
[2023-11-11T17:04:38.071+0000] {processor.py:766} INFO - DAG(s) dict_keys(['example_short_circuit_operator']) retrieved from /home/airflow/.local/lib/python3.7/site-packages/airflow/example_dags/example_short_circuit_operator.py
[2023-11-11T17:04:38.123+0000] {logging_mixin.py:120} INFO - [2023-11-11T17:04:38.123+0000] {dag.py:2585} INFO - Sync 1 DAGs
[2023-11-11T17:04:38.156+0000] {logging_mixin.py:120} INFO - [2023-11-11T17:04:38.155+0000] {dag.py:3340} INFO - Setting next_dagrun for example_short_circuit_operator to 2023-11-10T17:04:38.155456+00:00, run_after=2023-11-11T17:04:38.155456+00:00
[2023-11-11T17:04:38.183+0000] {processor.py:176} INFO - Processing /home/airflow/.local/lib/python3.7/site-packages/airflow/example_dags/example_short_circuit_operator.py took 0.140 seconds
[2023-11-11T17:05:08.692+0000] {processor.py:154} INFO - Started process (PID=402) to work on /home/airflow/.local/lib/python3.7/site-packages/airflow/example_dags/example_short_circuit_operator.py
[2023-11-11T17:05:08.693+0000] {processor.py:756} INFO - Processing file /home/airflow/.local/lib/python3.7/site-packages/airflow/example_dags/example_short_circuit_operator.py for tasks to queue
[2023-11-11T17:05:08.694+0000] {logging_mixin.py:120} INFO - [2023-11-11T17:05:08.694+0000] {dagbag.py:537} INFO - Filling up the DagBag from /home/airflow/.local/lib/python3.7/site-packages/airflow/example_dags/example_short_circuit_operator.py
[2023-11-11T17:05:08.714+0000] {processor.py:766} INFO - DAG(s) dict_keys(['example_short_circuit_operator']) retrieved from /home/airflow/.local/lib/python3.7/site-packages/airflow/example_dags/example_short_circuit_operator.py
[2023-11-11T17:05:08.765+0000] {logging_mixin.py:120} INFO - [2023-11-11T17:05:08.765+0000] {dag.py:2585} INFO - Sync 1 DAGs
[2023-11-11T17:05:08.795+0000] {logging_mixin.py:120} INFO - [2023-11-11T17:05:08.795+0000] {dag.py:3340} INFO - Setting next_dagrun for example_short_circuit_operator to 2023-11-10T17:05:08.795463+00:00, run_after=2023-11-11T17:05:08.795463+00:00
[2023-11-11T17:05:08.820+0000] {processor.py:176} INFO - Processing /home/airflow/.local/lib/python3.7/site-packages/airflow/example_dags/example_short_circuit_operator.py took 0.131 seconds
[2023-11-11T17:05:39.061+0000] {processor.py:154} INFO - Started process (PID=456) to work on /home/airflow/.local/lib/python3.7/site-packages/airflow/example_dags/example_short_circuit_operator.py
[2023-11-11T17:05:39.062+0000] {processor.py:756} INFO - Processing file /home/airflow/.local/lib/python3.7/site-packages/airflow/example_dags/example_short_circuit_operator.py for tasks to queue
[2023-11-11T17:05:39.063+0000] {logging_mixin.py:120} INFO - [2023-11-11T17:05:39.062+0000] {dagbag.py:537} INFO - Filling up the DagBag from /home/airflow/.local/lib/python3.7/site-packages/airflow/example_dags/example_short_circuit_operator.py
[2023-11-11T17:05:39.089+0000] {processor.py:766} INFO - DAG(s) dict_keys(['example_short_circuit_operator']) retrieved from /home/airflow/.local/lib/python3.7/site-packages/airflow/example_dags/example_short_circuit_operator.py
[2023-11-11T17:05:39.143+0000] {logging_mixin.py:120} INFO - [2023-11-11T17:05:39.141+0000] {dag.py:2585} INFO - Sync 1 DAGs
[2023-11-11T17:05:39.172+0000] {logging_mixin.py:120} INFO - [2023-11-11T17:05:39.172+0000] {dag.py:3340} INFO - Setting next_dagrun for example_short_circuit_operator to 2023-11-10T17:05:39.171732+00:00, run_after=2023-11-11T17:05:39.171732+00:00
[2023-11-11T17:05:39.196+0000] {processor.py:176} INFO - Processing /home/airflow/.local/lib/python3.7/site-packages/airflow/example_dags/example_short_circuit_operator.py took 0.140 seconds
[2023-11-11T17:06:09.771+0000] {processor.py:154} INFO - Started process (PID=519) to work on /home/airflow/.local/lib/python3.7/site-packages/airflow/example_dags/example_short_circuit_operator.py
[2023-11-11T17:06:09.775+0000] {processor.py:756} INFO - Processing file /home/airflow/.local/lib/python3.7/site-packages/airflow/example_dags/example_short_circuit_operator.py for tasks to queue
[2023-11-11T17:06:09.777+0000] {logging_mixin.py:120} INFO - [2023-11-11T17:06:09.776+0000] {dagbag.py:537} INFO - Filling up the DagBag from /home/airflow/.local/lib/python3.7/site-packages/airflow/example_dags/example_short_circuit_operator.py
[2023-11-11T17:06:09.885+0000] {processor.py:766} INFO - DAG(s) dict_keys(['example_short_circuit_operator']) retrieved from /home/airflow/.local/lib/python3.7/site-packages/airflow/example_dags/example_short_circuit_operator.py
[2023-11-11T17:06:10.109+0000] {logging_mixin.py:120} INFO - [2023-11-11T17:06:10.108+0000] {dag.py:2585} INFO - Sync 1 DAGs
[2023-11-11T17:06:10.294+0000] {logging_mixin.py:120} INFO - [2023-11-11T17:06:10.294+0000] {dag.py:3340} INFO - Setting next_dagrun for example_short_circuit_operator to 2023-11-10T17:06:10.283016+00:00, run_after=2023-11-11T17:06:10.283016+00:00
[2023-11-11T17:06:10.502+0000] {processor.py:176} INFO - Processing /home/airflow/.local/lib/python3.7/site-packages/airflow/example_dags/example_short_circuit_operator.py took 0.750 seconds
[2023-11-11T17:06:40.876+0000] {processor.py:154} INFO - Started process (PID=573) to work on /home/airflow/.local/lib/python3.7/site-packages/airflow/example_dags/example_short_circuit_operator.py
[2023-11-11T17:06:40.877+0000] {processor.py:756} INFO - Processing file /home/airflow/.local/lib/python3.7/site-packages/airflow/example_dags/example_short_circuit_operator.py for tasks to queue
[2023-11-11T17:06:40.878+0000] {logging_mixin.py:120} INFO - [2023-11-11T17:06:40.877+0000] {dagbag.py:537} INFO - Filling up the DagBag from /home/airflow/.local/lib/python3.7/site-packages/airflow/example_dags/example_short_circuit_operator.py
[2023-11-11T17:06:40.897+0000] {processor.py:766} INFO - DAG(s) dict_keys(['example_short_circuit_operator']) retrieved from /home/airflow/.local/lib/python3.7/site-packages/airflow/example_dags/example_short_circuit_operator.py
[2023-11-11T17:06:40.953+0000] {logging_mixin.py:120} INFO - [2023-11-11T17:06:40.952+0000] {dag.py:2585} INFO - Sync 1 DAGs
[2023-11-11T17:06:40.986+0000] {logging_mixin.py:120} INFO - [2023-11-11T17:06:40.986+0000] {dag.py:3340} INFO - Setting next_dagrun for example_short_circuit_operator to 2023-11-10T17:06:40.986365+00:00, run_after=2023-11-11T17:06:40.986365+00:00
[2023-11-11T17:06:41.014+0000] {processor.py:176} INFO - Processing /home/airflow/.local/lib/python3.7/site-packages/airflow/example_dags/example_short_circuit_operator.py took 0.143 seconds
[2023-11-11T17:07:11.185+0000] {processor.py:154} INFO - Started process (PID=636) to work on /home/airflow/.local/lib/python3.7/site-packages/airflow/example_dags/example_short_circuit_operator.py
[2023-11-11T17:07:11.189+0000] {processor.py:756} INFO - Processing file /home/airflow/.local/lib/python3.7/site-packages/airflow/example_dags/example_short_circuit_operator.py for tasks to queue
[2023-11-11T17:07:11.191+0000] {logging_mixin.py:120} INFO - [2023-11-11T17:07:11.191+0000] {dagbag.py:537} INFO - Filling up the DagBag from /home/airflow/.local/lib/python3.7/site-packages/airflow/example_dags/example_short_circuit_operator.py
[2023-11-11T17:07:11.229+0000] {processor.py:766} INFO - DAG(s) dict_keys(['example_short_circuit_operator']) retrieved from /home/airflow/.local/lib/python3.7/site-packages/airflow/example_dags/example_short_circuit_operator.py
[2023-11-11T17:07:11.320+0000] {logging_mixin.py:120} INFO - [2023-11-11T17:07:11.320+0000] {dag.py:2585} INFO - Sync 1 DAGs
[2023-11-11T17:07:11.376+0000] {logging_mixin.py:120} INFO - [2023-11-11T17:07:11.375+0000] {dag.py:3340} INFO - Setting next_dagrun for example_short_circuit_operator to 2023-11-10T17:07:11.375195+00:00, run_after=2023-11-11T17:07:11.375195+00:00
[2023-11-11T17:07:11.413+0000] {processor.py:176} INFO - Processing /home/airflow/.local/lib/python3.7/site-packages/airflow/example_dags/example_short_circuit_operator.py took 0.235 seconds
[2023-11-11T17:29:16.756+0000] {processor.py:154} INFO - Started process (PID=65) to work on /home/airflow/.local/lib/python3.7/site-packages/airflow/example_dags/example_short_circuit_operator.py
[2023-11-11T17:29:16.762+0000] {processor.py:756} INFO - Processing file /home/airflow/.local/lib/python3.7/site-packages/airflow/example_dags/example_short_circuit_operator.py for tasks to queue
[2023-11-11T17:29:16.764+0000] {logging_mixin.py:120} INFO - [2023-11-11T17:29:16.764+0000] {dagbag.py:537} INFO - Filling up the DagBag from /home/airflow/.local/lib/python3.7/site-packages/airflow/example_dags/example_short_circuit_operator.py
[2023-11-11T17:29:17.036+0000] {processor.py:766} INFO - DAG(s) dict_keys(['example_short_circuit_operator']) retrieved from /home/airflow/.local/lib/python3.7/site-packages/airflow/example_dags/example_short_circuit_operator.py
[2023-11-11T17:29:18.072+0000] {logging_mixin.py:120} INFO - [2023-11-11T17:29:18.072+0000] {manager.py:507} INFO - Created Permission View: can read on DAG:example_short_circuit_operator
[2023-11-11T17:29:18.145+0000] {logging_mixin.py:120} INFO - [2023-11-11T17:29:18.144+0000] {manager.py:507} INFO - Created Permission View: can delete on DAG:example_short_circuit_operator
[2023-11-11T17:29:18.211+0000] {logging_mixin.py:120} INFO - [2023-11-11T17:29:18.210+0000] {manager.py:507} INFO - Created Permission View: can edit on DAG:example_short_circuit_operator
[2023-11-11T17:29:18.211+0000] {logging_mixin.py:120} INFO - [2023-11-11T17:29:18.211+0000] {dag.py:2585} INFO - Sync 1 DAGs
[2023-11-11T17:29:18.328+0000] {logging_mixin.py:120} INFO - [2023-11-11T17:29:18.328+0000] {dag.py:2606} INFO - Creating ORM DAG for example_short_circuit_operator
[2023-11-11T17:29:18.493+0000] {logging_mixin.py:120} INFO - [2023-11-11T17:29:18.492+0000] {dag.py:3340} INFO - Setting next_dagrun for example_short_circuit_operator to 2023-11-10T17:29:18.492049+00:00, run_after=2023-11-11T17:29:18.492049+00:00
[2023-11-11T17:29:18.671+0000] {processor.py:176} INFO - Processing /home/airflow/.local/lib/python3.7/site-packages/airflow/example_dags/example_short_circuit_operator.py took 1.983 seconds
[2023-11-11T17:30:07.112+0000] {processor.py:154} INFO - Started process (PID=119) to work on /home/airflow/.local/lib/python3.7/site-packages/airflow/example_dags/example_short_circuit_operator.py
[2023-11-11T17:30:07.122+0000] {processor.py:756} INFO - Processing file /home/airflow/.local/lib/python3.7/site-packages/airflow/example_dags/example_short_circuit_operator.py for tasks to queue
[2023-11-11T17:30:07.129+0000] {logging_mixin.py:120} INFO - [2023-11-11T17:30:07.128+0000] {dagbag.py:537} INFO - Filling up the DagBag from /home/airflow/.local/lib/python3.7/site-packages/airflow/example_dags/example_short_circuit_operator.py
[2023-11-11T17:30:07.244+0000] {processor.py:766} INFO - DAG(s) dict_keys(['example_short_circuit_operator']) retrieved from /home/airflow/.local/lib/python3.7/site-packages/airflow/example_dags/example_short_circuit_operator.py
[2023-11-11T17:30:07.440+0000] {logging_mixin.py:120} INFO - [2023-11-11T17:30:07.440+0000] {dag.py:2585} INFO - Sync 1 DAGs
[2023-11-11T17:30:07.574+0000] {logging_mixin.py:120} INFO - [2023-11-11T17:30:07.573+0000] {dag.py:3340} INFO - Setting next_dagrun for example_short_circuit_operator to 2023-11-10T17:30:07.571446+00:00, run_after=2023-11-11T17:30:07.571446+00:00
[2023-11-11T17:30:07.657+0000] {processor.py:176} INFO - Processing /home/airflow/.local/lib/python3.7/site-packages/airflow/example_dags/example_short_circuit_operator.py took 0.558 seconds
[2023-11-11T17:30:39.983+0000] {processor.py:154} INFO - Started process (PID=172) to work on /home/airflow/.local/lib/python3.7/site-packages/airflow/example_dags/example_short_circuit_operator.py
[2023-11-11T17:30:39.997+0000] {processor.py:756} INFO - Processing file /home/airflow/.local/lib/python3.7/site-packages/airflow/example_dags/example_short_circuit_operator.py for tasks to queue
[2023-11-11T17:30:39.999+0000] {logging_mixin.py:120} INFO - [2023-11-11T17:30:39.999+0000] {dagbag.py:537} INFO - Filling up the DagBag from /home/airflow/.local/lib/python3.7/site-packages/airflow/example_dags/example_short_circuit_operator.py
[2023-11-11T17:30:40.146+0000] {processor.py:766} INFO - DAG(s) dict_keys(['example_short_circuit_operator']) retrieved from /home/airflow/.local/lib/python3.7/site-packages/airflow/example_dags/example_short_circuit_operator.py
[2023-11-11T17:30:40.470+0000] {logging_mixin.py:120} INFO - [2023-11-11T17:30:40.469+0000] {dag.py:2585} INFO - Sync 1 DAGs
[2023-11-11T17:30:40.650+0000] {logging_mixin.py:120} INFO - [2023-11-11T17:30:40.650+0000] {dag.py:3340} INFO - Setting next_dagrun for example_short_circuit_operator to 2023-11-10T17:30:40.649460+00:00, run_after=2023-11-11T17:30:40.649460+00:00
[2023-11-11T17:30:40.765+0000] {processor.py:176} INFO - Processing /home/airflow/.local/lib/python3.7/site-packages/airflow/example_dags/example_short_circuit_operator.py took 0.800 seconds
[2023-11-11T17:31:11.542+0000] {processor.py:154} INFO - Started process (PID=227) to work on /home/airflow/.local/lib/python3.7/site-packages/airflow/example_dags/example_short_circuit_operator.py
[2023-11-11T17:31:11.544+0000] {processor.py:756} INFO - Processing file /home/airflow/.local/lib/python3.7/site-packages/airflow/example_dags/example_short_circuit_operator.py for tasks to queue
[2023-11-11T17:31:11.546+0000] {logging_mixin.py:120} INFO - [2023-11-11T17:31:11.545+0000] {dagbag.py:537} INFO - Filling up the DagBag from /home/airflow/.local/lib/python3.7/site-packages/airflow/example_dags/example_short_circuit_operator.py
[2023-11-11T17:31:11.626+0000] {processor.py:766} INFO - DAG(s) dict_keys(['example_short_circuit_operator']) retrieved from /home/airflow/.local/lib/python3.7/site-packages/airflow/example_dags/example_short_circuit_operator.py
[2023-11-11T17:31:11.829+0000] {logging_mixin.py:120} INFO - [2023-11-11T17:31:11.828+0000] {dag.py:2585} INFO - Sync 1 DAGs
[2023-11-11T17:31:11.945+0000] {logging_mixin.py:120} INFO - [2023-11-11T17:31:11.945+0000] {dag.py:3340} INFO - Setting next_dagrun for example_short_circuit_operator to 2023-11-10T17:31:11.943747+00:00, run_after=2023-11-11T17:31:11.943747+00:00
[2023-11-11T17:31:12.042+0000] {processor.py:176} INFO - Processing /home/airflow/.local/lib/python3.7/site-packages/airflow/example_dags/example_short_circuit_operator.py took 0.520 seconds
[2023-11-11T17:31:42.125+0000] {processor.py:154} INFO - Started process (PID=280) to work on /home/airflow/.local/lib/python3.7/site-packages/airflow/example_dags/example_short_circuit_operator.py
[2023-11-11T17:31:42.131+0000] {processor.py:756} INFO - Processing file /home/airflow/.local/lib/python3.7/site-packages/airflow/example_dags/example_short_circuit_operator.py for tasks to queue
[2023-11-11T17:31:42.133+0000] {logging_mixin.py:120} INFO - [2023-11-11T17:31:42.132+0000] {dagbag.py:537} INFO - Filling up the DagBag from /home/airflow/.local/lib/python3.7/site-packages/airflow/example_dags/example_short_circuit_operator.py
[2023-11-11T17:31:42.196+0000] {processor.py:766} INFO - DAG(s) dict_keys(['example_short_circuit_operator']) retrieved from /home/airflow/.local/lib/python3.7/site-packages/airflow/example_dags/example_short_circuit_operator.py
[2023-11-11T17:31:42.306+0000] {logging_mixin.py:120} INFO - [2023-11-11T17:31:42.306+0000] {dag.py:2585} INFO - Sync 1 DAGs
[2023-11-11T17:31:42.366+0000] {logging_mixin.py:120} INFO - [2023-11-11T17:31:42.366+0000] {dag.py:3340} INFO - Setting next_dagrun for example_short_circuit_operator to 2023-11-10T17:31:42.365790+00:00, run_after=2023-11-11T17:31:42.365790+00:00
[2023-11-11T17:31:42.405+0000] {processor.py:176} INFO - Processing /home/airflow/.local/lib/python3.7/site-packages/airflow/example_dags/example_short_circuit_operator.py took 0.286 seconds
[2023-11-11T17:32:13.057+0000] {processor.py:154} INFO - Started process (PID=343) to work on /home/airflow/.local/lib/python3.7/site-packages/airflow/example_dags/example_short_circuit_operator.py
[2023-11-11T17:32:13.060+0000] {processor.py:756} INFO - Processing file /home/airflow/.local/lib/python3.7/site-packages/airflow/example_dags/example_short_circuit_operator.py for tasks to queue
[2023-11-11T17:32:13.070+0000] {logging_mixin.py:120} INFO - [2023-11-11T17:32:13.067+0000] {dagbag.py:537} INFO - Filling up the DagBag from /home/airflow/.local/lib/python3.7/site-packages/airflow/example_dags/example_short_circuit_operator.py
[2023-11-11T17:32:13.160+0000] {processor.py:766} INFO - DAG(s) dict_keys(['example_short_circuit_operator']) retrieved from /home/airflow/.local/lib/python3.7/site-packages/airflow/example_dags/example_short_circuit_operator.py
[2023-11-11T17:32:13.382+0000] {logging_mixin.py:120} INFO - [2023-11-11T17:32:13.381+0000] {dag.py:2585} INFO - Sync 1 DAGs
[2023-11-11T17:32:13.534+0000] {logging_mixin.py:120} INFO - [2023-11-11T17:32:13.533+0000] {dag.py:3340} INFO - Setting next_dagrun for example_short_circuit_operator to 2023-11-10T17:32:13.530232+00:00, run_after=2023-11-11T17:32:13.530232+00:00
[2023-11-11T17:32:13.602+0000] {processor.py:176} INFO - Processing /home/airflow/.local/lib/python3.7/site-packages/airflow/example_dags/example_short_circuit_operator.py took 0.563 seconds
[2023-11-11T17:32:43.663+0000] {processor.py:154} INFO - Started process (PID=396) to work on /home/airflow/.local/lib/python3.7/site-packages/airflow/example_dags/example_short_circuit_operator.py
[2023-11-11T17:32:43.668+0000] {processor.py:756} INFO - Processing file /home/airflow/.local/lib/python3.7/site-packages/airflow/example_dags/example_short_circuit_operator.py for tasks to queue
[2023-11-11T17:32:43.671+0000] {logging_mixin.py:120} INFO - [2023-11-11T17:32:43.671+0000] {dagbag.py:537} INFO - Filling up the DagBag from /home/airflow/.local/lib/python3.7/site-packages/airflow/example_dags/example_short_circuit_operator.py
[2023-11-11T17:32:43.725+0000] {processor.py:766} INFO - DAG(s) dict_keys(['example_short_circuit_operator']) retrieved from /home/airflow/.local/lib/python3.7/site-packages/airflow/example_dags/example_short_circuit_operator.py
[2023-11-11T17:32:43.818+0000] {logging_mixin.py:120} INFO - [2023-11-11T17:32:43.817+0000] {dag.py:2585} INFO - Sync 1 DAGs
[2023-11-11T17:32:43.884+0000] {logging_mixin.py:120} INFO - [2023-11-11T17:32:43.884+0000] {dag.py:3340} INFO - Setting next_dagrun for example_short_circuit_operator to 2023-11-10T17:32:43.883832+00:00, run_after=2023-11-11T17:32:43.883832+00:00
[2023-11-11T17:32:43.949+0000] {processor.py:176} INFO - Processing /home/airflow/.local/lib/python3.7/site-packages/airflow/example_dags/example_short_circuit_operator.py took 0.292 seconds
[2023-11-11T17:33:14.154+0000] {processor.py:154} INFO - Started process (PID=450) to work on /home/airflow/.local/lib/python3.7/site-packages/airflow/example_dags/example_short_circuit_operator.py
[2023-11-11T17:33:14.155+0000] {processor.py:756} INFO - Processing file /home/airflow/.local/lib/python3.7/site-packages/airflow/example_dags/example_short_circuit_operator.py for tasks to queue
[2023-11-11T17:33:14.155+0000] {logging_mixin.py:120} INFO - [2023-11-11T17:33:14.155+0000] {dagbag.py:537} INFO - Filling up the DagBag from /home/airflow/.local/lib/python3.7/site-packages/airflow/example_dags/example_short_circuit_operator.py
[2023-11-11T17:33:14.205+0000] {processor.py:766} INFO - DAG(s) dict_keys(['example_short_circuit_operator']) retrieved from /home/airflow/.local/lib/python3.7/site-packages/airflow/example_dags/example_short_circuit_operator.py
[2023-11-11T17:33:14.310+0000] {logging_mixin.py:120} INFO - [2023-11-11T17:33:14.310+0000] {dag.py:2585} INFO - Sync 1 DAGs
[2023-11-11T17:33:14.364+0000] {logging_mixin.py:120} INFO - [2023-11-11T17:33:14.364+0000] {dag.py:3340} INFO - Setting next_dagrun for example_short_circuit_operator to 2023-11-10T17:33:14.363980+00:00, run_after=2023-11-11T17:33:14.363980+00:00
[2023-11-11T17:33:14.403+0000] {processor.py:176} INFO - Processing /home/airflow/.local/lib/python3.7/site-packages/airflow/example_dags/example_short_circuit_operator.py took 0.256 seconds
[2023-11-11T17:33:44.569+0000] {processor.py:154} INFO - Started process (PID=515) to work on /home/airflow/.local/lib/python3.7/site-packages/airflow/example_dags/example_short_circuit_operator.py
[2023-11-11T17:33:44.572+0000] {processor.py:756} INFO - Processing file /home/airflow/.local/lib/python3.7/site-packages/airflow/example_dags/example_short_circuit_operator.py for tasks to queue
[2023-11-11T17:33:44.574+0000] {logging_mixin.py:120} INFO - [2023-11-11T17:33:44.573+0000] {dagbag.py:537} INFO - Filling up the DagBag from /home/airflow/.local/lib/python3.7/site-packages/airflow/example_dags/example_short_circuit_operator.py
[2023-11-11T17:33:44.766+0000] {processor.py:766} INFO - DAG(s) dict_keys(['example_short_circuit_operator']) retrieved from /home/airflow/.local/lib/python3.7/site-packages/airflow/example_dags/example_short_circuit_operator.py
[2023-11-11T17:33:44.976+0000] {logging_mixin.py:120} INFO - [2023-11-11T17:33:44.976+0000] {dag.py:2585} INFO - Sync 1 DAGs
[2023-11-11T17:33:45.099+0000] {logging_mixin.py:120} INFO - [2023-11-11T17:33:45.098+0000] {dag.py:3340} INFO - Setting next_dagrun for example_short_circuit_operator to 2023-11-10T17:33:45.097475+00:00, run_after=2023-11-11T17:33:45.097475+00:00
[2023-11-11T17:33:45.225+0000] {processor.py:176} INFO - Processing /home/airflow/.local/lib/python3.7/site-packages/airflow/example_dags/example_short_circuit_operator.py took 0.666 seconds
[2023-11-11T17:34:15.514+0000] {processor.py:154} INFO - Started process (PID=569) to work on /home/airflow/.local/lib/python3.7/site-packages/airflow/example_dags/example_short_circuit_operator.py
[2023-11-11T17:34:15.517+0000] {processor.py:756} INFO - Processing file /home/airflow/.local/lib/python3.7/site-packages/airflow/example_dags/example_short_circuit_operator.py for tasks to queue
[2023-11-11T17:34:15.517+0000] {logging_mixin.py:120} INFO - [2023-11-11T17:34:15.517+0000] {dagbag.py:537} INFO - Filling up the DagBag from /home/airflow/.local/lib/python3.7/site-packages/airflow/example_dags/example_short_circuit_operator.py
[2023-11-11T17:34:15.541+0000] {processor.py:766} INFO - DAG(s) dict_keys(['example_short_circuit_operator']) retrieved from /home/airflow/.local/lib/python3.7/site-packages/airflow/example_dags/example_short_circuit_operator.py
[2023-11-11T17:34:15.595+0000] {logging_mixin.py:120} INFO - [2023-11-11T17:34:15.595+0000] {dag.py:2585} INFO - Sync 1 DAGs
[2023-11-11T17:34:15.629+0000] {logging_mixin.py:120} INFO - [2023-11-11T17:34:15.629+0000] {dag.py:3340} INFO - Setting next_dagrun for example_short_circuit_operator to 2023-11-10T17:34:15.629149+00:00, run_after=2023-11-11T17:34:15.629149+00:00
[2023-11-11T17:34:15.655+0000] {processor.py:176} INFO - Processing /home/airflow/.local/lib/python3.7/site-packages/airflow/example_dags/example_short_circuit_operator.py took 0.144 seconds
[2023-11-11T17:34:45.902+0000] {processor.py:154} INFO - Started process (PID=623) to work on /home/airflow/.local/lib/python3.7/site-packages/airflow/example_dags/example_short_circuit_operator.py
[2023-11-11T17:34:45.903+0000] {processor.py:756} INFO - Processing file /home/airflow/.local/lib/python3.7/site-packages/airflow/example_dags/example_short_circuit_operator.py for tasks to queue
[2023-11-11T17:34:45.905+0000] {logging_mixin.py:120} INFO - [2023-11-11T17:34:45.905+0000] {dagbag.py:537} INFO - Filling up the DagBag from /home/airflow/.local/lib/python3.7/site-packages/airflow/example_dags/example_short_circuit_operator.py
[2023-11-11T17:34:45.935+0000] {processor.py:766} INFO - DAG(s) dict_keys(['example_short_circuit_operator']) retrieved from /home/airflow/.local/lib/python3.7/site-packages/airflow/example_dags/example_short_circuit_operator.py
[2023-11-11T17:34:46.009+0000] {logging_mixin.py:120} INFO - [2023-11-11T17:34:46.009+0000] {dag.py:2585} INFO - Sync 1 DAGs
[2023-11-11T17:34:46.049+0000] {logging_mixin.py:120} INFO - [2023-11-11T17:34:46.049+0000] {dag.py:3340} INFO - Setting next_dagrun for example_short_circuit_operator to 2023-11-10T17:34:46.048787+00:00, run_after=2023-11-11T17:34:46.048787+00:00
[2023-11-11T17:34:46.082+0000] {processor.py:176} INFO - Processing /home/airflow/.local/lib/python3.7/site-packages/airflow/example_dags/example_short_circuit_operator.py took 0.183 seconds
[2023-11-11T17:35:16.287+0000] {processor.py:154} INFO - Started process (PID=686) to work on /home/airflow/.local/lib/python3.7/site-packages/airflow/example_dags/example_short_circuit_operator.py
[2023-11-11T17:35:16.289+0000] {processor.py:756} INFO - Processing file /home/airflow/.local/lib/python3.7/site-packages/airflow/example_dags/example_short_circuit_operator.py for tasks to queue
[2023-11-11T17:35:16.290+0000] {logging_mixin.py:120} INFO - [2023-11-11T17:35:16.290+0000] {dagbag.py:537} INFO - Filling up the DagBag from /home/airflow/.local/lib/python3.7/site-packages/airflow/example_dags/example_short_circuit_operator.py
[2023-11-11T17:35:16.339+0000] {processor.py:766} INFO - DAG(s) dict_keys(['example_short_circuit_operator']) retrieved from /home/airflow/.local/lib/python3.7/site-packages/airflow/example_dags/example_short_circuit_operator.py
[2023-11-11T17:35:16.452+0000] {logging_mixin.py:120} INFO - [2023-11-11T17:35:16.451+0000] {dag.py:2585} INFO - Sync 1 DAGs
[2023-11-11T17:35:16.527+0000] {logging_mixin.py:120} INFO - [2023-11-11T17:35:16.526+0000] {dag.py:3340} INFO - Setting next_dagrun for example_short_circuit_operator to 2023-11-10T17:35:16.525700+00:00, run_after=2023-11-11T17:35:16.525700+00:00
[2023-11-11T17:35:16.591+0000] {processor.py:176} INFO - Processing /home/airflow/.local/lib/python3.7/site-packages/airflow/example_dags/example_short_circuit_operator.py took 0.318 seconds
[2023-11-11T17:35:47.314+0000] {processor.py:154} INFO - Started process (PID=740) to work on /home/airflow/.local/lib/python3.7/site-packages/airflow/example_dags/example_short_circuit_operator.py
[2023-11-11T17:35:47.315+0000] {processor.py:756} INFO - Processing file /home/airflow/.local/lib/python3.7/site-packages/airflow/example_dags/example_short_circuit_operator.py for tasks to queue
[2023-11-11T17:35:47.316+0000] {logging_mixin.py:120} INFO - [2023-11-11T17:35:47.316+0000] {dagbag.py:537} INFO - Filling up the DagBag from /home/airflow/.local/lib/python3.7/site-packages/airflow/example_dags/example_short_circuit_operator.py
[2023-11-11T17:35:47.349+0000] {processor.py:766} INFO - DAG(s) dict_keys(['example_short_circuit_operator']) retrieved from /home/airflow/.local/lib/python3.7/site-packages/airflow/example_dags/example_short_circuit_operator.py
[2023-11-11T17:35:47.427+0000] {logging_mixin.py:120} INFO - [2023-11-11T17:35:47.427+0000] {dag.py:2585} INFO - Sync 1 DAGs
[2023-11-11T17:35:47.476+0000] {logging_mixin.py:120} INFO - [2023-11-11T17:35:47.476+0000] {dag.py:3340} INFO - Setting next_dagrun for example_short_circuit_operator to 2023-11-10T17:35:47.476547+00:00, run_after=2023-11-11T17:35:47.476547+00:00
[2023-11-11T17:35:47.514+0000] {processor.py:176} INFO - Processing /home/airflow/.local/lib/python3.7/site-packages/airflow/example_dags/example_short_circuit_operator.py took 0.205 seconds
[2023-11-11T17:36:17.650+0000] {processor.py:154} INFO - Started process (PID=803) to work on /home/airflow/.local/lib/python3.7/site-packages/airflow/example_dags/example_short_circuit_operator.py
[2023-11-11T17:36:17.652+0000] {processor.py:756} INFO - Processing file /home/airflow/.local/lib/python3.7/site-packages/airflow/example_dags/example_short_circuit_operator.py for tasks to queue
[2023-11-11T17:36:17.652+0000] {logging_mixin.py:120} INFO - [2023-11-11T17:36:17.652+0000] {dagbag.py:537} INFO - Filling up the DagBag from /home/airflow/.local/lib/python3.7/site-packages/airflow/example_dags/example_short_circuit_operator.py
[2023-11-11T17:36:17.682+0000] {processor.py:766} INFO - DAG(s) dict_keys(['example_short_circuit_operator']) retrieved from /home/airflow/.local/lib/python3.7/site-packages/airflow/example_dags/example_short_circuit_operator.py
[2023-11-11T17:36:17.752+0000] {logging_mixin.py:120} INFO - [2023-11-11T17:36:17.751+0000] {dag.py:2585} INFO - Sync 1 DAGs
[2023-11-11T17:36:17.791+0000] {logging_mixin.py:120} INFO - [2023-11-11T17:36:17.790+0000] {dag.py:3340} INFO - Setting next_dagrun for example_short_circuit_operator to 2023-11-10T17:36:17.790360+00:00, run_after=2023-11-11T17:36:17.790360+00:00
[2023-11-11T17:36:17.826+0000] {processor.py:176} INFO - Processing /home/airflow/.local/lib/python3.7/site-packages/airflow/example_dags/example_short_circuit_operator.py took 0.180 seconds
[2023-11-11T17:36:48.137+0000] {processor.py:154} INFO - Started process (PID=857) to work on /home/airflow/.local/lib/python3.7/site-packages/airflow/example_dags/example_short_circuit_operator.py
[2023-11-11T17:36:48.142+0000] {processor.py:756} INFO - Processing file /home/airflow/.local/lib/python3.7/site-packages/airflow/example_dags/example_short_circuit_operator.py for tasks to queue
[2023-11-11T17:36:48.143+0000] {logging_mixin.py:120} INFO - [2023-11-11T17:36:48.143+0000] {dagbag.py:537} INFO - Filling up the DagBag from /home/airflow/.local/lib/python3.7/site-packages/airflow/example_dags/example_short_circuit_operator.py
[2023-11-11T17:36:48.171+0000] {processor.py:766} INFO - DAG(s) dict_keys(['example_short_circuit_operator']) retrieved from /home/airflow/.local/lib/python3.7/site-packages/airflow/example_dags/example_short_circuit_operator.py
[2023-11-11T17:36:48.247+0000] {logging_mixin.py:120} INFO - [2023-11-11T17:36:48.247+0000] {dag.py:2585} INFO - Sync 1 DAGs
[2023-11-11T17:36:48.295+0000] {logging_mixin.py:120} INFO - [2023-11-11T17:36:48.295+0000] {dag.py:3340} INFO - Setting next_dagrun for example_short_circuit_operator to 2023-11-10T17:36:48.294945+00:00, run_after=2023-11-11T17:36:48.294945+00:00
[2023-11-11T17:36:48.326+0000] {processor.py:176} INFO - Processing /home/airflow/.local/lib/python3.7/site-packages/airflow/example_dags/example_short_circuit_operator.py took 0.194 seconds
[2023-11-11T17:37:18.398+0000] {processor.py:154} INFO - Started process (PID=920) to work on /home/airflow/.local/lib/python3.7/site-packages/airflow/example_dags/example_short_circuit_operator.py
[2023-11-11T17:37:18.400+0000] {processor.py:756} INFO - Processing file /home/airflow/.local/lib/python3.7/site-packages/airflow/example_dags/example_short_circuit_operator.py for tasks to queue
[2023-11-11T17:37:18.401+0000] {logging_mixin.py:120} INFO - [2023-11-11T17:37:18.401+0000] {dagbag.py:537} INFO - Filling up the DagBag from /home/airflow/.local/lib/python3.7/site-packages/airflow/example_dags/example_short_circuit_operator.py
[2023-11-11T17:37:18.433+0000] {processor.py:766} INFO - DAG(s) dict_keys(['example_short_circuit_operator']) retrieved from /home/airflow/.local/lib/python3.7/site-packages/airflow/example_dags/example_short_circuit_operator.py
[2023-11-11T17:37:18.512+0000] {logging_mixin.py:120} INFO - [2023-11-11T17:37:18.512+0000] {dag.py:2585} INFO - Sync 1 DAGs
[2023-11-11T17:37:18.557+0000] {logging_mixin.py:120} INFO - [2023-11-11T17:37:18.557+0000] {dag.py:3340} INFO - Setting next_dagrun for example_short_circuit_operator to 2023-11-10T17:37:18.557214+00:00, run_after=2023-11-11T17:37:18.557214+00:00
[2023-11-11T17:37:18.589+0000] {processor.py:176} INFO - Processing /home/airflow/.local/lib/python3.7/site-packages/airflow/example_dags/example_short_circuit_operator.py took 0.197 seconds
[2023-11-11T17:37:48.650+0000] {processor.py:154} INFO - Started process (PID=973) to work on /home/airflow/.local/lib/python3.7/site-packages/airflow/example_dags/example_short_circuit_operator.py
[2023-11-11T17:37:48.651+0000] {processor.py:756} INFO - Processing file /home/airflow/.local/lib/python3.7/site-packages/airflow/example_dags/example_short_circuit_operator.py for tasks to queue
[2023-11-11T17:37:48.652+0000] {logging_mixin.py:120} INFO - [2023-11-11T17:37:48.652+0000] {dagbag.py:537} INFO - Filling up the DagBag from /home/airflow/.local/lib/python3.7/site-packages/airflow/example_dags/example_short_circuit_operator.py
[2023-11-11T17:37:48.687+0000] {processor.py:766} INFO - DAG(s) dict_keys(['example_short_circuit_operator']) retrieved from /home/airflow/.local/lib/python3.7/site-packages/airflow/example_dags/example_short_circuit_operator.py
[2023-11-11T17:37:48.771+0000] {logging_mixin.py:120} INFO - [2023-11-11T17:37:48.771+0000] {dag.py:2585} INFO - Sync 1 DAGs
[2023-11-11T17:37:48.823+0000] {logging_mixin.py:120} INFO - [2023-11-11T17:37:48.823+0000] {dag.py:3340} INFO - Setting next_dagrun for example_short_circuit_operator to 2023-11-10T17:37:48.821759+00:00, run_after=2023-11-11T17:37:48.821759+00:00
[2023-11-11T17:37:48.858+0000] {processor.py:176} INFO - Processing /home/airflow/.local/lib/python3.7/site-packages/airflow/example_dags/example_short_circuit_operator.py took 0.215 seconds
[2023-11-11T17:38:19.041+0000] {processor.py:154} INFO - Started process (PID=1036) to work on /home/airflow/.local/lib/python3.7/site-packages/airflow/example_dags/example_short_circuit_operator.py
[2023-11-11T17:38:19.046+0000] {processor.py:756} INFO - Processing file /home/airflow/.local/lib/python3.7/site-packages/airflow/example_dags/example_short_circuit_operator.py for tasks to queue
[2023-11-11T17:38:19.047+0000] {logging_mixin.py:120} INFO - [2023-11-11T17:38:19.047+0000] {dagbag.py:537} INFO - Filling up the DagBag from /home/airflow/.local/lib/python3.7/site-packages/airflow/example_dags/example_short_circuit_operator.py
[2023-11-11T17:38:19.084+0000] {processor.py:766} INFO - DAG(s) dict_keys(['example_short_circuit_operator']) retrieved from /home/airflow/.local/lib/python3.7/site-packages/airflow/example_dags/example_short_circuit_operator.py
[2023-11-11T17:38:19.176+0000] {logging_mixin.py:120} INFO - [2023-11-11T17:38:19.176+0000] {dag.py:2585} INFO - Sync 1 DAGs
[2023-11-11T17:38:19.231+0000] {logging_mixin.py:120} INFO - [2023-11-11T17:38:19.231+0000] {dag.py:3340} INFO - Setting next_dagrun for example_short_circuit_operator to 2023-11-10T17:38:19.230937+00:00, run_after=2023-11-11T17:38:19.230937+00:00
[2023-11-11T17:38:19.275+0000] {processor.py:176} INFO - Processing /home/airflow/.local/lib/python3.7/site-packages/airflow/example_dags/example_short_circuit_operator.py took 0.240 seconds
[2023-11-11T17:38:49.703+0000] {processor.py:154} INFO - Started process (PID=1090) to work on /home/airflow/.local/lib/python3.7/site-packages/airflow/example_dags/example_short_circuit_operator.py
[2023-11-11T17:38:49.705+0000] {processor.py:756} INFO - Processing file /home/airflow/.local/lib/python3.7/site-packages/airflow/example_dags/example_short_circuit_operator.py for tasks to queue
[2023-11-11T17:38:49.706+0000] {logging_mixin.py:120} INFO - [2023-11-11T17:38:49.706+0000] {dagbag.py:537} INFO - Filling up the DagBag from /home/airflow/.local/lib/python3.7/site-packages/airflow/example_dags/example_short_circuit_operator.py
[2023-11-11T17:38:49.746+0000] {processor.py:766} INFO - DAG(s) dict_keys(['example_short_circuit_operator']) retrieved from /home/airflow/.local/lib/python3.7/site-packages/airflow/example_dags/example_short_circuit_operator.py
[2023-11-11T17:38:49.827+0000] {logging_mixin.py:120} INFO - [2023-11-11T17:38:49.826+0000] {dag.py:2585} INFO - Sync 1 DAGs
[2023-11-11T17:38:49.896+0000] {logging_mixin.py:120} INFO - [2023-11-11T17:38:49.896+0000] {dag.py:3340} INFO - Setting next_dagrun for example_short_circuit_operator to 2023-11-10T17:38:49.895665+00:00, run_after=2023-11-11T17:38:49.895665+00:00
[2023-11-11T17:38:49.964+0000] {processor.py:176} INFO - Processing /home/airflow/.local/lib/python3.7/site-packages/airflow/example_dags/example_short_circuit_operator.py took 0.266 seconds
[2023-11-11T17:39:20.272+0000] {processor.py:154} INFO - Started process (PID=1151) to work on /home/airflow/.local/lib/python3.7/site-packages/airflow/example_dags/example_short_circuit_operator.py
[2023-11-11T17:39:20.274+0000] {processor.py:756} INFO - Processing file /home/airflow/.local/lib/python3.7/site-packages/airflow/example_dags/example_short_circuit_operator.py for tasks to queue
[2023-11-11T17:39:20.275+0000] {logging_mixin.py:120} INFO - [2023-11-11T17:39:20.275+0000] {dagbag.py:537} INFO - Filling up the DagBag from /home/airflow/.local/lib/python3.7/site-packages/airflow/example_dags/example_short_circuit_operator.py
[2023-11-11T17:39:20.330+0000] {processor.py:766} INFO - DAG(s) dict_keys(['example_short_circuit_operator']) retrieved from /home/airflow/.local/lib/python3.7/site-packages/airflow/example_dags/example_short_circuit_operator.py
[2023-11-11T17:39:20.457+0000] {logging_mixin.py:120} INFO - [2023-11-11T17:39:20.457+0000] {dag.py:2585} INFO - Sync 1 DAGs
[2023-11-11T17:39:20.533+0000] {logging_mixin.py:120} INFO - [2023-11-11T17:39:20.533+0000] {dag.py:3340} INFO - Setting next_dagrun for example_short_circuit_operator to 2023-11-10T17:39:20.533253+00:00, run_after=2023-11-11T17:39:20.533253+00:00
[2023-11-11T17:39:20.598+0000] {processor.py:176} INFO - Processing /home/airflow/.local/lib/python3.7/site-packages/airflow/example_dags/example_short_circuit_operator.py took 0.333 seconds
[2023-11-11T17:39:51.527+0000] {processor.py:154} INFO - Started process (PID=1207) to work on /home/airflow/.local/lib/python3.7/site-packages/airflow/example_dags/example_short_circuit_operator.py
[2023-11-11T17:39:51.536+0000] {processor.py:756} INFO - Processing file /home/airflow/.local/lib/python3.7/site-packages/airflow/example_dags/example_short_circuit_operator.py for tasks to queue
[2023-11-11T17:39:51.539+0000] {logging_mixin.py:120} INFO - [2023-11-11T17:39:51.539+0000] {dagbag.py:537} INFO - Filling up the DagBag from /home/airflow/.local/lib/python3.7/site-packages/airflow/example_dags/example_short_circuit_operator.py
[2023-11-11T17:39:51.743+0000] {processor.py:766} INFO - DAG(s) dict_keys(['example_short_circuit_operator']) retrieved from /home/airflow/.local/lib/python3.7/site-packages/airflow/example_dags/example_short_circuit_operator.py
[2023-11-11T17:39:52.046+0000] {logging_mixin.py:120} INFO - [2023-11-11T17:39:52.046+0000] {dag.py:2585} INFO - Sync 1 DAGs
[2023-11-11T17:39:52.161+0000] {logging_mixin.py:120} INFO - [2023-11-11T17:39:52.161+0000] {dag.py:3340} INFO - Setting next_dagrun for example_short_circuit_operator to 2023-11-10T17:39:52.159554+00:00, run_after=2023-11-11T17:39:52.159554+00:00
[2023-11-11T17:39:52.238+0000] {processor.py:176} INFO - Processing /home/airflow/.local/lib/python3.7/site-packages/airflow/example_dags/example_short_circuit_operator.py took 0.739 seconds
