[2023-11-11T17:02:06.375+0000] {processor.py:154} INFO - Started process (PID=74) to work on /home/airflow/.local/lib/python3.7/site-packages/airflow/example_dags/example_latest_only.py
[2023-11-11T17:02:06.391+0000] {processor.py:756} INFO - Processing file /home/airflow/.local/lib/python3.7/site-packages/airflow/example_dags/example_latest_only.py for tasks to queue
[2023-11-11T17:02:06.397+0000] {logging_mixin.py:120} INFO - [2023-11-11T17:02:06.396+0000] {dagbag.py:537} INFO - Filling up the DagBag from /home/airflow/.local/lib/python3.7/site-packages/airflow/example_dags/example_latest_only.py
[2023-11-11T17:02:06.477+0000] {processor.py:766} INFO - DAG(s) dict_keys(['latest_only']) retrieved from /home/airflow/.local/lib/python3.7/site-packages/airflow/example_dags/example_latest_only.py
[2023-11-11T17:02:06.707+0000] {logging_mixin.py:120} INFO - [2023-11-11T17:02:06.707+0000] {dag.py:2585} INFO - Sync 1 DAGs
[2023-11-11T17:02:06.867+0000] {logging_mixin.py:120} INFO - [2023-11-11T17:02:06.867+0000] {dag.py:3340} INFO - Setting next_dagrun for latest_only to 2023-11-11T13:02:06.865707+00:00, run_after=2023-11-11T17:02:06.865707+00:00
[2023-11-11T17:02:06.973+0000] {processor.py:176} INFO - Processing /home/airflow/.local/lib/python3.7/site-packages/airflow/example_dags/example_latest_only.py took 0.605 seconds
[2023-11-11T17:02:38.108+0000] {processor.py:154} INFO - Started process (PID=128) to work on /home/airflow/.local/lib/python3.7/site-packages/airflow/example_dags/example_latest_only.py
[2023-11-11T17:02:38.109+0000] {processor.py:756} INFO - Processing file /home/airflow/.local/lib/python3.7/site-packages/airflow/example_dags/example_latest_only.py for tasks to queue
[2023-11-11T17:02:38.110+0000] {logging_mixin.py:120} INFO - [2023-11-11T17:02:38.110+0000] {dagbag.py:537} INFO - Filling up the DagBag from /home/airflow/.local/lib/python3.7/site-packages/airflow/example_dags/example_latest_only.py
[2023-11-11T17:02:38.135+0000] {processor.py:766} INFO - DAG(s) dict_keys(['latest_only']) retrieved from /home/airflow/.local/lib/python3.7/site-packages/airflow/example_dags/example_latest_only.py
[2023-11-11T17:02:38.212+0000] {logging_mixin.py:120} INFO - [2023-11-11T17:02:38.211+0000] {dag.py:2585} INFO - Sync 1 DAGs
[2023-11-11T17:02:38.258+0000] {logging_mixin.py:120} INFO - [2023-11-11T17:02:38.258+0000] {dag.py:3340} INFO - Setting next_dagrun for latest_only to 2023-11-11T13:02:38.257760+00:00, run_after=2023-11-11T17:02:38.257760+00:00
[2023-11-11T17:02:38.306+0000] {processor.py:176} INFO - Processing /home/airflow/.local/lib/python3.7/site-packages/airflow/example_dags/example_latest_only.py took 0.203 seconds
[2023-11-11T17:03:10.873+0000] {processor.py:154} INFO - Started process (PID=183) to work on /home/airflow/.local/lib/python3.7/site-packages/airflow/example_dags/example_latest_only.py
[2023-11-11T17:03:11.057+0000] {processor.py:756} INFO - Processing file /home/airflow/.local/lib/python3.7/site-packages/airflow/example_dags/example_latest_only.py for tasks to queue
[2023-11-11T17:03:11.059+0000] {logging_mixin.py:120} INFO - [2023-11-11T17:03:11.058+0000] {dagbag.py:537} INFO - Filling up the DagBag from /home/airflow/.local/lib/python3.7/site-packages/airflow/example_dags/example_latest_only.py
[2023-11-11T17:03:11.115+0000] {processor.py:766} INFO - DAG(s) dict_keys(['latest_only']) retrieved from /home/airflow/.local/lib/python3.7/site-packages/airflow/example_dags/example_latest_only.py
[2023-11-11T17:03:11.236+0000] {logging_mixin.py:120} INFO - [2023-11-11T17:03:11.235+0000] {dag.py:2585} INFO - Sync 1 DAGs
[2023-11-11T17:03:11.328+0000] {logging_mixin.py:120} INFO - [2023-11-11T17:03:11.328+0000] {dag.py:3340} INFO - Setting next_dagrun for latest_only to 2023-11-11T13:03:11.327631+00:00, run_after=2023-11-11T17:03:11.327631+00:00
[2023-11-11T17:03:11.400+0000] {processor.py:176} INFO - Processing /home/airflow/.local/lib/python3.7/site-packages/airflow/example_dags/example_latest_only.py took 0.538 seconds
[2023-11-11T17:03:41.600+0000] {processor.py:154} INFO - Started process (PID=247) to work on /home/airflow/.local/lib/python3.7/site-packages/airflow/example_dags/example_latest_only.py
[2023-11-11T17:03:41.604+0000] {processor.py:756} INFO - Processing file /home/airflow/.local/lib/python3.7/site-packages/airflow/example_dags/example_latest_only.py for tasks to queue
[2023-11-11T17:03:41.606+0000] {logging_mixin.py:120} INFO - [2023-11-11T17:03:41.605+0000] {dagbag.py:537} INFO - Filling up the DagBag from /home/airflow/.local/lib/python3.7/site-packages/airflow/example_dags/example_latest_only.py
[2023-11-11T17:03:41.625+0000] {processor.py:766} INFO - DAG(s) dict_keys(['latest_only']) retrieved from /home/airflow/.local/lib/python3.7/site-packages/airflow/example_dags/example_latest_only.py
[2023-11-11T17:03:41.691+0000] {logging_mixin.py:120} INFO - [2023-11-11T17:03:41.690+0000] {dag.py:2585} INFO - Sync 1 DAGs
[2023-11-11T17:03:41.746+0000] {logging_mixin.py:120} INFO - [2023-11-11T17:03:41.746+0000] {dag.py:3340} INFO - Setting next_dagrun for latest_only to 2023-11-11T13:03:41.746372+00:00, run_after=2023-11-11T17:03:41.746372+00:00
[2023-11-11T17:03:41.781+0000] {processor.py:176} INFO - Processing /home/airflow/.local/lib/python3.7/site-packages/airflow/example_dags/example_latest_only.py took 0.186 seconds
[2023-11-11T17:04:11.923+0000] {processor.py:154} INFO - Started process (PID=301) to work on /home/airflow/.local/lib/python3.7/site-packages/airflow/example_dags/example_latest_only.py
[2023-11-11T17:04:11.925+0000] {processor.py:756} INFO - Processing file /home/airflow/.local/lib/python3.7/site-packages/airflow/example_dags/example_latest_only.py for tasks to queue
[2023-11-11T17:04:11.925+0000] {logging_mixin.py:120} INFO - [2023-11-11T17:04:11.925+0000] {dagbag.py:537} INFO - Filling up the DagBag from /home/airflow/.local/lib/python3.7/site-packages/airflow/example_dags/example_latest_only.py
[2023-11-11T17:04:11.940+0000] {processor.py:766} INFO - DAG(s) dict_keys(['latest_only']) retrieved from /home/airflow/.local/lib/python3.7/site-packages/airflow/example_dags/example_latest_only.py
[2023-11-11T17:04:11.986+0000] {logging_mixin.py:120} INFO - [2023-11-11T17:04:11.986+0000] {dag.py:2585} INFO - Sync 1 DAGs
[2023-11-11T17:04:12.019+0000] {logging_mixin.py:120} INFO - [2023-11-11T17:04:12.019+0000] {dag.py:3340} INFO - Setting next_dagrun for latest_only to 2023-11-11T13:04:12.018885+00:00, run_after=2023-11-11T17:04:12.018885+00:00
[2023-11-11T17:04:12.046+0000] {processor.py:176} INFO - Processing /home/airflow/.local/lib/python3.7/site-packages/airflow/example_dags/example_latest_only.py took 0.127 seconds
[2023-11-11T17:04:42.660+0000] {processor.py:154} INFO - Started process (PID=364) to work on /home/airflow/.local/lib/python3.7/site-packages/airflow/example_dags/example_latest_only.py
[2023-11-11T17:04:42.664+0000] {processor.py:756} INFO - Processing file /home/airflow/.local/lib/python3.7/site-packages/airflow/example_dags/example_latest_only.py for tasks to queue
[2023-11-11T17:04:42.665+0000] {logging_mixin.py:120} INFO - [2023-11-11T17:04:42.664+0000] {dagbag.py:537} INFO - Filling up the DagBag from /home/airflow/.local/lib/python3.7/site-packages/airflow/example_dags/example_latest_only.py
[2023-11-11T17:04:42.690+0000] {processor.py:766} INFO - DAG(s) dict_keys(['latest_only']) retrieved from /home/airflow/.local/lib/python3.7/site-packages/airflow/example_dags/example_latest_only.py
[2023-11-11T17:04:42.758+0000] {logging_mixin.py:120} INFO - [2023-11-11T17:04:42.758+0000] {dag.py:2585} INFO - Sync 1 DAGs
[2023-11-11T17:04:42.795+0000] {logging_mixin.py:120} INFO - [2023-11-11T17:04:42.794+0000] {dag.py:3340} INFO - Setting next_dagrun for latest_only to 2023-11-11T13:04:42.794371+00:00, run_after=2023-11-11T17:04:42.794371+00:00
[2023-11-11T17:04:42.822+0000] {processor.py:176} INFO - Processing /home/airflow/.local/lib/python3.7/site-packages/airflow/example_dags/example_latest_only.py took 0.167 seconds
[2023-11-11T17:05:13.008+0000] {processor.py:154} INFO - Started process (PID=418) to work on /home/airflow/.local/lib/python3.7/site-packages/airflow/example_dags/example_latest_only.py
[2023-11-11T17:05:13.010+0000] {processor.py:756} INFO - Processing file /home/airflow/.local/lib/python3.7/site-packages/airflow/example_dags/example_latest_only.py for tasks to queue
[2023-11-11T17:05:13.011+0000] {logging_mixin.py:120} INFO - [2023-11-11T17:05:13.011+0000] {dagbag.py:537} INFO - Filling up the DagBag from /home/airflow/.local/lib/python3.7/site-packages/airflow/example_dags/example_latest_only.py
[2023-11-11T17:05:13.028+0000] {processor.py:766} INFO - DAG(s) dict_keys(['latest_only']) retrieved from /home/airflow/.local/lib/python3.7/site-packages/airflow/example_dags/example_latest_only.py
[2023-11-11T17:05:13.077+0000] {logging_mixin.py:120} INFO - [2023-11-11T17:05:13.077+0000] {dag.py:2585} INFO - Sync 1 DAGs
[2023-11-11T17:05:13.109+0000] {logging_mixin.py:120} INFO - [2023-11-11T17:05:13.109+0000] {dag.py:3340} INFO - Setting next_dagrun for latest_only to 2023-11-11T13:05:13.108921+00:00, run_after=2023-11-11T17:05:13.108921+00:00
[2023-11-11T17:05:13.133+0000] {processor.py:176} INFO - Processing /home/airflow/.local/lib/python3.7/site-packages/airflow/example_dags/example_latest_only.py took 0.129 seconds
[2023-11-11T17:05:43.575+0000] {processor.py:154} INFO - Started process (PID=481) to work on /home/airflow/.local/lib/python3.7/site-packages/airflow/example_dags/example_latest_only.py
[2023-11-11T17:05:43.575+0000] {processor.py:756} INFO - Processing file /home/airflow/.local/lib/python3.7/site-packages/airflow/example_dags/example_latest_only.py for tasks to queue
[2023-11-11T17:05:43.576+0000] {logging_mixin.py:120} INFO - [2023-11-11T17:05:43.576+0000] {dagbag.py:537} INFO - Filling up the DagBag from /home/airflow/.local/lib/python3.7/site-packages/airflow/example_dags/example_latest_only.py
[2023-11-11T17:05:43.593+0000] {processor.py:766} INFO - DAG(s) dict_keys(['latest_only']) retrieved from /home/airflow/.local/lib/python3.7/site-packages/airflow/example_dags/example_latest_only.py
[2023-11-11T17:05:43.653+0000] {logging_mixin.py:120} INFO - [2023-11-11T17:05:43.652+0000] {dag.py:2585} INFO - Sync 1 DAGs
[2023-11-11T17:05:43.684+0000] {logging_mixin.py:120} INFO - [2023-11-11T17:05:43.684+0000] {dag.py:3340} INFO - Setting next_dagrun for latest_only to 2023-11-11T13:05:43.683798+00:00, run_after=2023-11-11T17:05:43.683798+00:00
[2023-11-11T17:05:43.709+0000] {processor.py:176} INFO - Processing /home/airflow/.local/lib/python3.7/site-packages/airflow/example_dags/example_latest_only.py took 0.138 seconds
[2023-11-11T17:06:13.946+0000] {processor.py:154} INFO - Started process (PID=535) to work on /home/airflow/.local/lib/python3.7/site-packages/airflow/example_dags/example_latest_only.py
[2023-11-11T17:06:13.948+0000] {processor.py:756} INFO - Processing file /home/airflow/.local/lib/python3.7/site-packages/airflow/example_dags/example_latest_only.py for tasks to queue
[2023-11-11T17:06:13.948+0000] {logging_mixin.py:120} INFO - [2023-11-11T17:06:13.948+0000] {dagbag.py:537} INFO - Filling up the DagBag from /home/airflow/.local/lib/python3.7/site-packages/airflow/example_dags/example_latest_only.py
[2023-11-11T17:06:13.969+0000] {processor.py:766} INFO - DAG(s) dict_keys(['latest_only']) retrieved from /home/airflow/.local/lib/python3.7/site-packages/airflow/example_dags/example_latest_only.py
[2023-11-11T17:06:14.039+0000] {logging_mixin.py:120} INFO - [2023-11-11T17:06:14.038+0000] {dag.py:2585} INFO - Sync 1 DAGs
[2023-11-11T17:06:14.087+0000] {logging_mixin.py:120} INFO - [2023-11-11T17:06:14.087+0000] {dag.py:3340} INFO - Setting next_dagrun for latest_only to 2023-11-11T13:06:14.087064+00:00, run_after=2023-11-11T17:06:14.087064+00:00
[2023-11-11T17:06:14.134+0000] {processor.py:176} INFO - Processing /home/airflow/.local/lib/python3.7/site-packages/airflow/example_dags/example_latest_only.py took 0.193 seconds
[2023-11-11T17:06:44.790+0000] {processor.py:154} INFO - Started process (PID=598) to work on /home/airflow/.local/lib/python3.7/site-packages/airflow/example_dags/example_latest_only.py
[2023-11-11T17:06:44.791+0000] {processor.py:756} INFO - Processing file /home/airflow/.local/lib/python3.7/site-packages/airflow/example_dags/example_latest_only.py for tasks to queue
[2023-11-11T17:06:44.792+0000] {logging_mixin.py:120} INFO - [2023-11-11T17:06:44.792+0000] {dagbag.py:537} INFO - Filling up the DagBag from /home/airflow/.local/lib/python3.7/site-packages/airflow/example_dags/example_latest_only.py
[2023-11-11T17:06:44.812+0000] {processor.py:766} INFO - DAG(s) dict_keys(['latest_only']) retrieved from /home/airflow/.local/lib/python3.7/site-packages/airflow/example_dags/example_latest_only.py
[2023-11-11T17:06:44.867+0000] {logging_mixin.py:120} INFO - [2023-11-11T17:06:44.867+0000] {dag.py:2585} INFO - Sync 1 DAGs
[2023-11-11T17:06:44.907+0000] {logging_mixin.py:120} INFO - [2023-11-11T17:06:44.907+0000] {dag.py:3340} INFO - Setting next_dagrun for latest_only to 2023-11-11T13:06:44.906933+00:00, run_after=2023-11-11T17:06:44.906933+00:00
[2023-11-11T17:06:44.933+0000] {processor.py:176} INFO - Processing /home/airflow/.local/lib/python3.7/site-packages/airflow/example_dags/example_latest_only.py took 0.148 seconds
[2023-11-11T17:07:15.327+0000] {processor.py:154} INFO - Started process (PID=652) to work on /home/airflow/.local/lib/python3.7/site-packages/airflow/example_dags/example_latest_only.py
[2023-11-11T17:07:15.329+0000] {processor.py:756} INFO - Processing file /home/airflow/.local/lib/python3.7/site-packages/airflow/example_dags/example_latest_only.py for tasks to queue
[2023-11-11T17:07:15.330+0000] {logging_mixin.py:120} INFO - [2023-11-11T17:07:15.329+0000] {dagbag.py:537} INFO - Filling up the DagBag from /home/airflow/.local/lib/python3.7/site-packages/airflow/example_dags/example_latest_only.py
[2023-11-11T17:07:15.351+0000] {processor.py:766} INFO - DAG(s) dict_keys(['latest_only']) retrieved from /home/airflow/.local/lib/python3.7/site-packages/airflow/example_dags/example_latest_only.py
[2023-11-11T17:07:15.407+0000] {logging_mixin.py:120} INFO - [2023-11-11T17:07:15.407+0000] {dag.py:2585} INFO - Sync 1 DAGs
[2023-11-11T17:07:15.451+0000] {logging_mixin.py:120} INFO - [2023-11-11T17:07:15.451+0000] {dag.py:3340} INFO - Setting next_dagrun for latest_only to 2023-11-11T13:07:15.451241+00:00, run_after=2023-11-11T17:07:15.451241+00:00
[2023-11-11T17:07:15.481+0000] {processor.py:176} INFO - Processing /home/airflow/.local/lib/python3.7/site-packages/airflow/example_dags/example_latest_only.py took 0.159 seconds
[2023-11-11T17:29:44.943+0000] {processor.py:154} INFO - Started process (PID=90) to work on /home/airflow/.local/lib/python3.7/site-packages/airflow/example_dags/example_latest_only.py
[2023-11-11T17:29:44.953+0000] {processor.py:756} INFO - Processing file /home/airflow/.local/lib/python3.7/site-packages/airflow/example_dags/example_latest_only.py for tasks to queue
[2023-11-11T17:29:44.956+0000] {logging_mixin.py:120} INFO - [2023-11-11T17:29:44.955+0000] {dagbag.py:537} INFO - Filling up the DagBag from /home/airflow/.local/lib/python3.7/site-packages/airflow/example_dags/example_latest_only.py
[2023-11-11T17:29:45.091+0000] {processor.py:766} INFO - DAG(s) dict_keys(['latest_only']) retrieved from /home/airflow/.local/lib/python3.7/site-packages/airflow/example_dags/example_latest_only.py
[2023-11-11T17:29:45.928+0000] {logging_mixin.py:120} INFO - [2023-11-11T17:29:45.927+0000] {manager.py:507} INFO - Created Permission View: can read on DAG:latest_only
[2023-11-11T17:29:45.967+0000] {logging_mixin.py:120} INFO - [2023-11-11T17:29:45.966+0000] {manager.py:507} INFO - Created Permission View: can delete on DAG:latest_only
[2023-11-11T17:29:46.001+0000] {logging_mixin.py:120} INFO - [2023-11-11T17:29:46.000+0000] {manager.py:507} INFO - Created Permission View: can edit on DAG:latest_only
[2023-11-11T17:29:46.001+0000] {logging_mixin.py:120} INFO - [2023-11-11T17:29:46.001+0000] {dag.py:2585} INFO - Sync 1 DAGs
[2023-11-11T17:29:46.056+0000] {logging_mixin.py:120} INFO - [2023-11-11T17:29:46.056+0000] {dag.py:2606} INFO - Creating ORM DAG for latest_only
[2023-11-11T17:29:46.130+0000] {logging_mixin.py:120} INFO - [2023-11-11T17:29:46.122+0000] {dag.py:3340} INFO - Setting next_dagrun for latest_only to 2023-11-11T13:29:46.116962+00:00, run_after=2023-11-11T17:29:46.116962+00:00
[2023-11-11T17:29:46.243+0000] {processor.py:176} INFO - Processing /home/airflow/.local/lib/python3.7/site-packages/airflow/example_dags/example_latest_only.py took 1.311 seconds
[2023-11-11T17:30:16.708+0000] {processor.py:154} INFO - Started process (PID=143) to work on /home/airflow/.local/lib/python3.7/site-packages/airflow/example_dags/example_latest_only.py
[2023-11-11T17:30:16.720+0000] {processor.py:756} INFO - Processing file /home/airflow/.local/lib/python3.7/site-packages/airflow/example_dags/example_latest_only.py for tasks to queue
[2023-11-11T17:30:16.724+0000] {logging_mixin.py:120} INFO - [2023-11-11T17:30:16.724+0000] {dagbag.py:537} INFO - Filling up the DagBag from /home/airflow/.local/lib/python3.7/site-packages/airflow/example_dags/example_latest_only.py
[2023-11-11T17:30:16.871+0000] {processor.py:766} INFO - DAG(s) dict_keys(['latest_only']) retrieved from /home/airflow/.local/lib/python3.7/site-packages/airflow/example_dags/example_latest_only.py
[2023-11-11T17:30:17.162+0000] {logging_mixin.py:120} INFO - [2023-11-11T17:30:17.162+0000] {dag.py:2585} INFO - Sync 1 DAGs
[2023-11-11T17:30:17.336+0000] {logging_mixin.py:120} INFO - [2023-11-11T17:30:17.336+0000] {dag.py:3340} INFO - Setting next_dagrun for latest_only to 2023-11-11T13:30:17.333552+00:00, run_after=2023-11-11T17:30:17.333552+00:00
[2023-11-11T17:30:17.422+0000] {processor.py:176} INFO - Processing /home/airflow/.local/lib/python3.7/site-packages/airflow/example_dags/example_latest_only.py took 0.737 seconds
[2023-11-11T17:30:48.579+0000] {processor.py:154} INFO - Started process (PID=198) to work on /home/airflow/.local/lib/python3.7/site-packages/airflow/example_dags/example_latest_only.py
[2023-11-11T17:30:48.612+0000] {processor.py:756} INFO - Processing file /home/airflow/.local/lib/python3.7/site-packages/airflow/example_dags/example_latest_only.py for tasks to queue
[2023-11-11T17:30:48.615+0000] {logging_mixin.py:120} INFO - [2023-11-11T17:30:48.614+0000] {dagbag.py:537} INFO - Filling up the DagBag from /home/airflow/.local/lib/python3.7/site-packages/airflow/example_dags/example_latest_only.py
[2023-11-11T17:30:48.699+0000] {processor.py:766} INFO - DAG(s) dict_keys(['latest_only']) retrieved from /home/airflow/.local/lib/python3.7/site-packages/airflow/example_dags/example_latest_only.py
[2023-11-11T17:30:49.032+0000] {logging_mixin.py:120} INFO - [2023-11-11T17:30:49.032+0000] {dag.py:2585} INFO - Sync 1 DAGs
[2023-11-11T17:30:49.316+0000] {logging_mixin.py:120} INFO - [2023-11-11T17:30:49.316+0000] {dag.py:3340} INFO - Setting next_dagrun for latest_only to 2023-11-11T13:30:49.307568+00:00, run_after=2023-11-11T17:30:49.307568+00:00
[2023-11-11T17:30:49.473+0000] {processor.py:176} INFO - Processing /home/airflow/.local/lib/python3.7/site-packages/airflow/example_dags/example_latest_only.py took 0.915 seconds
[2023-11-11T17:31:20.204+0000] {processor.py:154} INFO - Started process (PID=253) to work on /home/airflow/.local/lib/python3.7/site-packages/airflow/example_dags/example_latest_only.py
[2023-11-11T17:31:20.209+0000] {processor.py:756} INFO - Processing file /home/airflow/.local/lib/python3.7/site-packages/airflow/example_dags/example_latest_only.py for tasks to queue
[2023-11-11T17:31:20.211+0000] {logging_mixin.py:120} INFO - [2023-11-11T17:31:20.210+0000] {dagbag.py:537} INFO - Filling up the DagBag from /home/airflow/.local/lib/python3.7/site-packages/airflow/example_dags/example_latest_only.py
[2023-11-11T17:31:20.251+0000] {processor.py:766} INFO - DAG(s) dict_keys(['latest_only']) retrieved from /home/airflow/.local/lib/python3.7/site-packages/airflow/example_dags/example_latest_only.py
[2023-11-11T17:31:20.380+0000] {logging_mixin.py:120} INFO - [2023-11-11T17:31:20.379+0000] {dag.py:2585} INFO - Sync 1 DAGs
[2023-11-11T17:31:20.453+0000] {logging_mixin.py:120} INFO - [2023-11-11T17:31:20.452+0000] {dag.py:3340} INFO - Setting next_dagrun for latest_only to 2023-11-11T13:31:20.451969+00:00, run_after=2023-11-11T17:31:20.451969+00:00
[2023-11-11T17:31:20.551+0000] {processor.py:176} INFO - Processing /home/airflow/.local/lib/python3.7/site-packages/airflow/example_dags/example_latest_only.py took 0.355 seconds
[2023-11-11T17:31:50.723+0000] {processor.py:154} INFO - Started process (PID=307) to work on /home/airflow/.local/lib/python3.7/site-packages/airflow/example_dags/example_latest_only.py
[2023-11-11T17:31:50.724+0000] {processor.py:756} INFO - Processing file /home/airflow/.local/lib/python3.7/site-packages/airflow/example_dags/example_latest_only.py for tasks to queue
[2023-11-11T17:31:50.725+0000] {logging_mixin.py:120} INFO - [2023-11-11T17:31:50.724+0000] {dagbag.py:537} INFO - Filling up the DagBag from /home/airflow/.local/lib/python3.7/site-packages/airflow/example_dags/example_latest_only.py
[2023-11-11T17:31:50.759+0000] {processor.py:766} INFO - DAG(s) dict_keys(['latest_only']) retrieved from /home/airflow/.local/lib/python3.7/site-packages/airflow/example_dags/example_latest_only.py
[2023-11-11T17:31:50.847+0000] {logging_mixin.py:120} INFO - [2023-11-11T17:31:50.846+0000] {dag.py:2585} INFO - Sync 1 DAGs
[2023-11-11T17:31:50.910+0000] {logging_mixin.py:120} INFO - [2023-11-11T17:31:50.910+0000] {dag.py:3340} INFO - Setting next_dagrun for latest_only to 2023-11-11T13:31:50.909814+00:00, run_after=2023-11-11T17:31:50.909814+00:00
[2023-11-11T17:31:50.966+0000] {processor.py:176} INFO - Processing /home/airflow/.local/lib/python3.7/site-packages/airflow/example_dags/example_latest_only.py took 0.250 seconds
[2023-11-11T17:32:21.138+0000] {processor.py:154} INFO - Started process (PID=361) to work on /home/airflow/.local/lib/python3.7/site-packages/airflow/example_dags/example_latest_only.py
[2023-11-11T17:32:21.140+0000] {processor.py:756} INFO - Processing file /home/airflow/.local/lib/python3.7/site-packages/airflow/example_dags/example_latest_only.py for tasks to queue
[2023-11-11T17:32:21.143+0000] {logging_mixin.py:120} INFO - [2023-11-11T17:32:21.141+0000] {dagbag.py:537} INFO - Filling up the DagBag from /home/airflow/.local/lib/python3.7/site-packages/airflow/example_dags/example_latest_only.py
[2023-11-11T17:32:21.172+0000] {processor.py:766} INFO - DAG(s) dict_keys(['latest_only']) retrieved from /home/airflow/.local/lib/python3.7/site-packages/airflow/example_dags/example_latest_only.py
[2023-11-11T17:32:21.255+0000] {logging_mixin.py:120} INFO - [2023-11-11T17:32:21.254+0000] {dag.py:2585} INFO - Sync 1 DAGs
[2023-11-11T17:32:21.316+0000] {logging_mixin.py:120} INFO - [2023-11-11T17:32:21.315+0000] {dag.py:3340} INFO - Setting next_dagrun for latest_only to 2023-11-11T13:32:21.315456+00:00, run_after=2023-11-11T17:32:21.315456+00:00
[2023-11-11T17:32:21.354+0000] {processor.py:176} INFO - Processing /home/airflow/.local/lib/python3.7/site-packages/airflow/example_dags/example_latest_only.py took 0.223 seconds
[2023-11-11T17:32:52.119+0000] {processor.py:154} INFO - Started process (PID=424) to work on /home/airflow/.local/lib/python3.7/site-packages/airflow/example_dags/example_latest_only.py
[2023-11-11T17:32:52.122+0000] {processor.py:756} INFO - Processing file /home/airflow/.local/lib/python3.7/site-packages/airflow/example_dags/example_latest_only.py for tasks to queue
[2023-11-11T17:32:52.124+0000] {logging_mixin.py:120} INFO - [2023-11-11T17:32:52.123+0000] {dagbag.py:537} INFO - Filling up the DagBag from /home/airflow/.local/lib/python3.7/site-packages/airflow/example_dags/example_latest_only.py
[2023-11-11T17:32:52.157+0000] {processor.py:766} INFO - DAG(s) dict_keys(['latest_only']) retrieved from /home/airflow/.local/lib/python3.7/site-packages/airflow/example_dags/example_latest_only.py
[2023-11-11T17:32:52.258+0000] {logging_mixin.py:120} INFO - [2023-11-11T17:32:52.258+0000] {dag.py:2585} INFO - Sync 1 DAGs
[2023-11-11T17:32:52.339+0000] {logging_mixin.py:120} INFO - [2023-11-11T17:32:52.339+0000] {dag.py:3340} INFO - Setting next_dagrun for latest_only to 2023-11-11T13:32:52.337269+00:00, run_after=2023-11-11T17:32:52.337269+00:00
[2023-11-11T17:32:52.401+0000] {processor.py:176} INFO - Processing /home/airflow/.local/lib/python3.7/site-packages/airflow/example_dags/example_latest_only.py took 0.291 seconds
[2023-11-11T17:33:23.036+0000] {processor.py:154} INFO - Started process (PID=478) to work on /home/airflow/.local/lib/python3.7/site-packages/airflow/example_dags/example_latest_only.py
[2023-11-11T17:33:23.043+0000] {processor.py:756} INFO - Processing file /home/airflow/.local/lib/python3.7/site-packages/airflow/example_dags/example_latest_only.py for tasks to queue
[2023-11-11T17:33:23.045+0000] {logging_mixin.py:120} INFO - [2023-11-11T17:33:23.045+0000] {dagbag.py:537} INFO - Filling up the DagBag from /home/airflow/.local/lib/python3.7/site-packages/airflow/example_dags/example_latest_only.py
[2023-11-11T17:33:23.079+0000] {processor.py:766} INFO - DAG(s) dict_keys(['latest_only']) retrieved from /home/airflow/.local/lib/python3.7/site-packages/airflow/example_dags/example_latest_only.py
[2023-11-11T17:33:23.156+0000] {logging_mixin.py:120} INFO - [2023-11-11T17:33:23.155+0000] {dag.py:2585} INFO - Sync 1 DAGs
[2023-11-11T17:33:23.205+0000] {logging_mixin.py:120} INFO - [2023-11-11T17:33:23.205+0000] {dag.py:3340} INFO - Setting next_dagrun for latest_only to 2023-11-11T13:33:23.204764+00:00, run_after=2023-11-11T17:33:23.204764+00:00
[2023-11-11T17:33:23.239+0000] {processor.py:176} INFO - Processing /home/airflow/.local/lib/python3.7/site-packages/airflow/example_dags/example_latest_only.py took 0.209 seconds
[2023-11-11T17:33:53.324+0000] {processor.py:154} INFO - Started process (PID=534) to work on /home/airflow/.local/lib/python3.7/site-packages/airflow/example_dags/example_latest_only.py
[2023-11-11T17:33:53.325+0000] {processor.py:756} INFO - Processing file /home/airflow/.local/lib/python3.7/site-packages/airflow/example_dags/example_latest_only.py for tasks to queue
[2023-11-11T17:33:53.327+0000] {logging_mixin.py:120} INFO - [2023-11-11T17:33:53.326+0000] {dagbag.py:537} INFO - Filling up the DagBag from /home/airflow/.local/lib/python3.7/site-packages/airflow/example_dags/example_latest_only.py
[2023-11-11T17:33:53.355+0000] {processor.py:766} INFO - DAG(s) dict_keys(['latest_only']) retrieved from /home/airflow/.local/lib/python3.7/site-packages/airflow/example_dags/example_latest_only.py
[2023-11-11T17:33:53.424+0000] {logging_mixin.py:120} INFO - [2023-11-11T17:33:53.423+0000] {dag.py:2585} INFO - Sync 1 DAGs
[2023-11-11T17:33:53.469+0000] {logging_mixin.py:120} INFO - [2023-11-11T17:33:53.468+0000] {dag.py:3340} INFO - Setting next_dagrun for latest_only to 2023-11-11T13:33:53.468512+00:00, run_after=2023-11-11T17:33:53.468512+00:00
[2023-11-11T17:33:53.497+0000] {processor.py:176} INFO - Processing /home/airflow/.local/lib/python3.7/site-packages/airflow/example_dags/example_latest_only.py took 0.185 seconds
[2023-11-11T17:34:23.611+0000] {processor.py:154} INFO - Started process (PID=597) to work on /home/airflow/.local/lib/python3.7/site-packages/airflow/example_dags/example_latest_only.py
[2023-11-11T17:34:23.613+0000] {processor.py:756} INFO - Processing file /home/airflow/.local/lib/python3.7/site-packages/airflow/example_dags/example_latest_only.py for tasks to queue
[2023-11-11T17:34:23.614+0000] {logging_mixin.py:120} INFO - [2023-11-11T17:34:23.614+0000] {dagbag.py:537} INFO - Filling up the DagBag from /home/airflow/.local/lib/python3.7/site-packages/airflow/example_dags/example_latest_only.py
[2023-11-11T17:34:23.651+0000] {processor.py:766} INFO - DAG(s) dict_keys(['latest_only']) retrieved from /home/airflow/.local/lib/python3.7/site-packages/airflow/example_dags/example_latest_only.py
[2023-11-11T17:34:23.794+0000] {logging_mixin.py:120} INFO - [2023-11-11T17:34:23.794+0000] {dag.py:2585} INFO - Sync 1 DAGs
[2023-11-11T17:34:23.857+0000] {logging_mixin.py:120} INFO - [2023-11-11T17:34:23.856+0000] {dag.py:3340} INFO - Setting next_dagrun for latest_only to 2023-11-11T13:34:23.856576+00:00, run_after=2023-11-11T17:34:23.856576+00:00
[2023-11-11T17:34:23.904+0000] {processor.py:176} INFO - Processing /home/airflow/.local/lib/python3.7/site-packages/airflow/example_dags/example_latest_only.py took 0.307 seconds
[2023-11-11T17:34:54.257+0000] {processor.py:154} INFO - Started process (PID=652) to work on /home/airflow/.local/lib/python3.7/site-packages/airflow/example_dags/example_latest_only.py
[2023-11-11T17:34:54.258+0000] {processor.py:756} INFO - Processing file /home/airflow/.local/lib/python3.7/site-packages/airflow/example_dags/example_latest_only.py for tasks to queue
[2023-11-11T17:34:54.259+0000] {logging_mixin.py:120} INFO - [2023-11-11T17:34:54.259+0000] {dagbag.py:537} INFO - Filling up the DagBag from /home/airflow/.local/lib/python3.7/site-packages/airflow/example_dags/example_latest_only.py
[2023-11-11T17:34:54.278+0000] {processor.py:766} INFO - DAG(s) dict_keys(['latest_only']) retrieved from /home/airflow/.local/lib/python3.7/site-packages/airflow/example_dags/example_latest_only.py
[2023-11-11T17:34:54.342+0000] {logging_mixin.py:120} INFO - [2023-11-11T17:34:54.342+0000] {dag.py:2585} INFO - Sync 1 DAGs
[2023-11-11T17:34:54.389+0000] {logging_mixin.py:120} INFO - [2023-11-11T17:34:54.387+0000] {dag.py:3340} INFO - Setting next_dagrun for latest_only to 2023-11-11T13:34:54.387303+00:00, run_after=2023-11-11T17:34:54.387303+00:00
[2023-11-11T17:34:54.425+0000] {processor.py:176} INFO - Processing /home/airflow/.local/lib/python3.7/site-packages/airflow/example_dags/example_latest_only.py took 0.174 seconds
[2023-11-11T17:35:24.903+0000] {processor.py:154} INFO - Started process (PID=706) to work on /home/airflow/.local/lib/python3.7/site-packages/airflow/example_dags/example_latest_only.py
[2023-11-11T17:35:24.905+0000] {processor.py:756} INFO - Processing file /home/airflow/.local/lib/python3.7/site-packages/airflow/example_dags/example_latest_only.py for tasks to queue
[2023-11-11T17:35:24.906+0000] {logging_mixin.py:120} INFO - [2023-11-11T17:35:24.906+0000] {dagbag.py:537} INFO - Filling up the DagBag from /home/airflow/.local/lib/python3.7/site-packages/airflow/example_dags/example_latest_only.py
[2023-11-11T17:35:24.933+0000] {processor.py:766} INFO - DAG(s) dict_keys(['latest_only']) retrieved from /home/airflow/.local/lib/python3.7/site-packages/airflow/example_dags/example_latest_only.py
[2023-11-11T17:35:25.014+0000] {logging_mixin.py:120} INFO - [2023-11-11T17:35:25.014+0000] {dag.py:2585} INFO - Sync 1 DAGs
[2023-11-11T17:35:25.074+0000] {logging_mixin.py:120} INFO - [2023-11-11T17:35:25.074+0000] {dag.py:3340} INFO - Setting next_dagrun for latest_only to 2023-11-11T13:35:25.073908+00:00, run_after=2023-11-11T17:35:25.073908+00:00
[2023-11-11T17:35:25.113+0000] {processor.py:176} INFO - Processing /home/airflow/.local/lib/python3.7/site-packages/airflow/example_dags/example_latest_only.py took 0.216 seconds
[2023-11-11T17:35:56.141+0000] {processor.py:154} INFO - Started process (PID=769) to work on /home/airflow/.local/lib/python3.7/site-packages/airflow/example_dags/example_latest_only.py
[2023-11-11T17:35:56.143+0000] {processor.py:756} INFO - Processing file /home/airflow/.local/lib/python3.7/site-packages/airflow/example_dags/example_latest_only.py for tasks to queue
[2023-11-11T17:35:56.144+0000] {logging_mixin.py:120} INFO - [2023-11-11T17:35:56.144+0000] {dagbag.py:537} INFO - Filling up the DagBag from /home/airflow/.local/lib/python3.7/site-packages/airflow/example_dags/example_latest_only.py
[2023-11-11T17:35:56.180+0000] {processor.py:766} INFO - DAG(s) dict_keys(['latest_only']) retrieved from /home/airflow/.local/lib/python3.7/site-packages/airflow/example_dags/example_latest_only.py
[2023-11-11T17:35:56.277+0000] {logging_mixin.py:120} INFO - [2023-11-11T17:35:56.277+0000] {dag.py:2585} INFO - Sync 1 DAGs
[2023-11-11T17:35:56.344+0000] {logging_mixin.py:120} INFO - [2023-11-11T17:35:56.344+0000] {dag.py:3340} INFO - Setting next_dagrun for latest_only to 2023-11-11T13:35:56.344143+00:00, run_after=2023-11-11T17:35:56.344143+00:00
[2023-11-11T17:35:56.425+0000] {processor.py:176} INFO - Processing /home/airflow/.local/lib/python3.7/site-packages/airflow/example_dags/example_latest_only.py took 0.293 seconds
[2023-11-11T17:36:26.690+0000] {processor.py:154} INFO - Started process (PID=823) to work on /home/airflow/.local/lib/python3.7/site-packages/airflow/example_dags/example_latest_only.py
[2023-11-11T17:36:26.695+0000] {processor.py:756} INFO - Processing file /home/airflow/.local/lib/python3.7/site-packages/airflow/example_dags/example_latest_only.py for tasks to queue
[2023-11-11T17:36:26.697+0000] {logging_mixin.py:120} INFO - [2023-11-11T17:36:26.697+0000] {dagbag.py:537} INFO - Filling up the DagBag from /home/airflow/.local/lib/python3.7/site-packages/airflow/example_dags/example_latest_only.py
[2023-11-11T17:36:26.781+0000] {processor.py:766} INFO - DAG(s) dict_keys(['latest_only']) retrieved from /home/airflow/.local/lib/python3.7/site-packages/airflow/example_dags/example_latest_only.py
[2023-11-11T17:36:26.915+0000] {logging_mixin.py:120} INFO - [2023-11-11T17:36:26.914+0000] {dag.py:2585} INFO - Sync 1 DAGs
[2023-11-11T17:36:26.980+0000] {logging_mixin.py:120} INFO - [2023-11-11T17:36:26.980+0000] {dag.py:3340} INFO - Setting next_dagrun for latest_only to 2023-11-11T13:36:26.979641+00:00, run_after=2023-11-11T17:36:26.979641+00:00
[2023-11-11T17:36:27.037+0000] {processor.py:176} INFO - Processing /home/airflow/.local/lib/python3.7/site-packages/airflow/example_dags/example_latest_only.py took 0.362 seconds
[2023-11-11T17:36:57.336+0000] {processor.py:154} INFO - Started process (PID=886) to work on /home/airflow/.local/lib/python3.7/site-packages/airflow/example_dags/example_latest_only.py
[2023-11-11T17:36:57.343+0000] {processor.py:756} INFO - Processing file /home/airflow/.local/lib/python3.7/site-packages/airflow/example_dags/example_latest_only.py for tasks to queue
[2023-11-11T17:36:57.345+0000] {logging_mixin.py:120} INFO - [2023-11-11T17:36:57.344+0000] {dagbag.py:537} INFO - Filling up the DagBag from /home/airflow/.local/lib/python3.7/site-packages/airflow/example_dags/example_latest_only.py
[2023-11-11T17:36:57.381+0000] {processor.py:766} INFO - DAG(s) dict_keys(['latest_only']) retrieved from /home/airflow/.local/lib/python3.7/site-packages/airflow/example_dags/example_latest_only.py
[2023-11-11T17:36:57.504+0000] {logging_mixin.py:120} INFO - [2023-11-11T17:36:57.504+0000] {dag.py:2585} INFO - Sync 1 DAGs
[2023-11-11T17:36:57.582+0000] {logging_mixin.py:120} INFO - [2023-11-11T17:36:57.582+0000] {dag.py:3340} INFO - Setting next_dagrun for latest_only to 2023-11-11T13:36:57.581975+00:00, run_after=2023-11-11T17:36:57.581975+00:00
[2023-11-11T17:36:57.623+0000] {processor.py:176} INFO - Processing /home/airflow/.local/lib/python3.7/site-packages/airflow/example_dags/example_latest_only.py took 0.297 seconds
[2023-11-11T17:37:27.860+0000] {processor.py:154} INFO - Started process (PID=940) to work on /home/airflow/.local/lib/python3.7/site-packages/airflow/example_dags/example_latest_only.py
[2023-11-11T17:37:27.862+0000] {processor.py:756} INFO - Processing file /home/airflow/.local/lib/python3.7/site-packages/airflow/example_dags/example_latest_only.py for tasks to queue
[2023-11-11T17:37:27.863+0000] {logging_mixin.py:120} INFO - [2023-11-11T17:37:27.862+0000] {dagbag.py:537} INFO - Filling up the DagBag from /home/airflow/.local/lib/python3.7/site-packages/airflow/example_dags/example_latest_only.py
[2023-11-11T17:37:27.889+0000] {processor.py:766} INFO - DAG(s) dict_keys(['latest_only']) retrieved from /home/airflow/.local/lib/python3.7/site-packages/airflow/example_dags/example_latest_only.py
[2023-11-11T17:37:27.974+0000] {logging_mixin.py:120} INFO - [2023-11-11T17:37:27.974+0000] {dag.py:2585} INFO - Sync 1 DAGs
[2023-11-11T17:37:28.021+0000] {logging_mixin.py:120} INFO - [2023-11-11T17:37:28.020+0000] {dag.py:3340} INFO - Setting next_dagrun for latest_only to 2023-11-11T13:37:28.020251+00:00, run_after=2023-11-11T17:37:28.020251+00:00
[2023-11-11T17:37:28.050+0000] {processor.py:176} INFO - Processing /home/airflow/.local/lib/python3.7/site-packages/airflow/example_dags/example_latest_only.py took 0.195 seconds
[2023-11-11T17:37:58.116+0000] {processor.py:154} INFO - Started process (PID=1003) to work on /home/airflow/.local/lib/python3.7/site-packages/airflow/example_dags/example_latest_only.py
[2023-11-11T17:37:58.116+0000] {processor.py:756} INFO - Processing file /home/airflow/.local/lib/python3.7/site-packages/airflow/example_dags/example_latest_only.py for tasks to queue
[2023-11-11T17:37:58.118+0000] {logging_mixin.py:120} INFO - [2023-11-11T17:37:58.118+0000] {dagbag.py:537} INFO - Filling up the DagBag from /home/airflow/.local/lib/python3.7/site-packages/airflow/example_dags/example_latest_only.py
[2023-11-11T17:37:58.137+0000] {processor.py:766} INFO - DAG(s) dict_keys(['latest_only']) retrieved from /home/airflow/.local/lib/python3.7/site-packages/airflow/example_dags/example_latest_only.py
[2023-11-11T17:37:58.216+0000] {logging_mixin.py:120} INFO - [2023-11-11T17:37:58.216+0000] {dag.py:2585} INFO - Sync 1 DAGs
[2023-11-11T17:37:58.260+0000] {logging_mixin.py:120} INFO - [2023-11-11T17:37:58.260+0000] {dag.py:3340} INFO - Setting next_dagrun for latest_only to 2023-11-11T13:37:58.260169+00:00, run_after=2023-11-11T17:37:58.260169+00:00
[2023-11-11T17:37:58.294+0000] {processor.py:176} INFO - Processing /home/airflow/.local/lib/python3.7/site-packages/airflow/example_dags/example_latest_only.py took 0.184 seconds
[2023-11-11T17:38:28.558+0000] {processor.py:154} INFO - Started process (PID=1057) to work on /home/airflow/.local/lib/python3.7/site-packages/airflow/example_dags/example_latest_only.py
[2023-11-11T17:38:28.559+0000] {processor.py:756} INFO - Processing file /home/airflow/.local/lib/python3.7/site-packages/airflow/example_dags/example_latest_only.py for tasks to queue
[2023-11-11T17:38:28.561+0000] {logging_mixin.py:120} INFO - [2023-11-11T17:38:28.560+0000] {dagbag.py:537} INFO - Filling up the DagBag from /home/airflow/.local/lib/python3.7/site-packages/airflow/example_dags/example_latest_only.py
[2023-11-11T17:38:28.593+0000] {processor.py:766} INFO - DAG(s) dict_keys(['latest_only']) retrieved from /home/airflow/.local/lib/python3.7/site-packages/airflow/example_dags/example_latest_only.py
[2023-11-11T17:38:28.674+0000] {logging_mixin.py:120} INFO - [2023-11-11T17:38:28.674+0000] {dag.py:2585} INFO - Sync 1 DAGs
[2023-11-11T17:38:28.722+0000] {logging_mixin.py:120} INFO - [2023-11-11T17:38:28.722+0000] {dag.py:3340} INFO - Setting next_dagrun for latest_only to 2023-11-11T13:38:28.722414+00:00, run_after=2023-11-11T17:38:28.722414+00:00
[2023-11-11T17:38:28.766+0000] {processor.py:176} INFO - Processing /home/airflow/.local/lib/python3.7/site-packages/airflow/example_dags/example_latest_only.py took 0.213 seconds
[2023-11-11T17:38:58.794+0000] {processor.py:154} INFO - Started process (PID=1119) to work on /home/airflow/.local/lib/python3.7/site-packages/airflow/example_dags/example_latest_only.py
[2023-11-11T17:38:58.795+0000] {processor.py:756} INFO - Processing file /home/airflow/.local/lib/python3.7/site-packages/airflow/example_dags/example_latest_only.py for tasks to queue
[2023-11-11T17:38:58.795+0000] {logging_mixin.py:120} INFO - [2023-11-11T17:38:58.795+0000] {dagbag.py:537} INFO - Filling up the DagBag from /home/airflow/.local/lib/python3.7/site-packages/airflow/example_dags/example_latest_only.py
[2023-11-11T17:38:58.817+0000] {processor.py:766} INFO - DAG(s) dict_keys(['latest_only']) retrieved from /home/airflow/.local/lib/python3.7/site-packages/airflow/example_dags/example_latest_only.py
[2023-11-11T17:38:58.871+0000] {logging_mixin.py:120} INFO - [2023-11-11T17:38:58.871+0000] {dag.py:2585} INFO - Sync 1 DAGs
[2023-11-11T17:38:58.908+0000] {logging_mixin.py:120} INFO - [2023-11-11T17:38:58.907+0000] {dag.py:3340} INFO - Setting next_dagrun for latest_only to 2023-11-11T13:38:58.907512+00:00, run_after=2023-11-11T17:38:58.907512+00:00
[2023-11-11T17:38:58.934+0000] {processor.py:176} INFO - Processing /home/airflow/.local/lib/python3.7/site-packages/airflow/example_dags/example_latest_only.py took 0.144 seconds
[2023-11-11T17:39:29.330+0000] {processor.py:154} INFO - Started process (PID=1173) to work on /home/airflow/.local/lib/python3.7/site-packages/airflow/example_dags/example_latest_only.py
[2023-11-11T17:39:29.336+0000] {processor.py:756} INFO - Processing file /home/airflow/.local/lib/python3.7/site-packages/airflow/example_dags/example_latest_only.py for tasks to queue
[2023-11-11T17:39:29.338+0000] {logging_mixin.py:120} INFO - [2023-11-11T17:39:29.338+0000] {dagbag.py:537} INFO - Filling up the DagBag from /home/airflow/.local/lib/python3.7/site-packages/airflow/example_dags/example_latest_only.py
[2023-11-11T17:39:29.374+0000] {processor.py:766} INFO - DAG(s) dict_keys(['latest_only']) retrieved from /home/airflow/.local/lib/python3.7/site-packages/airflow/example_dags/example_latest_only.py
[2023-11-11T17:39:29.470+0000] {logging_mixin.py:120} INFO - [2023-11-11T17:39:29.470+0000] {dag.py:2585} INFO - Sync 1 DAGs
[2023-11-11T17:39:29.548+0000] {logging_mixin.py:120} INFO - [2023-11-11T17:39:29.548+0000] {dag.py:3340} INFO - Setting next_dagrun for latest_only to 2023-11-11T13:39:29.547947+00:00, run_after=2023-11-11T17:39:29.547947+00:00
[2023-11-11T17:39:29.622+0000] {processor.py:176} INFO - Processing /home/airflow/.local/lib/python3.7/site-packages/airflow/example_dags/example_latest_only.py took 0.299 seconds
