[2023-11-11T17:02:03.520+0000] {processor.py:154} INFO - Started process (PID=53) to work on /home/airflow/.local/lib/python3.7/site-packages/airflow/example_dags/example_branch_labels.py
[2023-11-11T17:02:03.521+0000] {processor.py:756} INFO - Processing file /home/airflow/.local/lib/python3.7/site-packages/airflow/example_dags/example_branch_labels.py for tasks to queue
[2023-11-11T17:02:03.524+0000] {logging_mixin.py:120} INFO - [2023-11-11T17:02:03.524+0000] {dagbag.py:537} INFO - Filling up the DagBag from /home/airflow/.local/lib/python3.7/site-packages/airflow/example_dags/example_branch_labels.py
[2023-11-11T17:02:03.557+0000] {processor.py:766} INFO - DAG(s) dict_keys(['example_branch_labels']) retrieved from /home/airflow/.local/lib/python3.7/site-packages/airflow/example_dags/example_branch_labels.py
[2023-11-11T17:02:03.681+0000] {logging_mixin.py:120} INFO - [2023-11-11T17:02:03.681+0000] {dag.py:2585} INFO - Sync 1 DAGs
[2023-11-11T17:02:03.732+0000] {logging_mixin.py:120} INFO - [2023-11-11T17:02:03.731+0000] {dag.py:3340} INFO - Setting next_dagrun for example_branch_labels to 2023-11-10T00:00:00+00:00, run_after=2023-11-11T00:00:00+00:00
[2023-11-11T17:02:03.772+0000] {processor.py:176} INFO - Processing /home/airflow/.local/lib/python3.7/site-packages/airflow/example_dags/example_branch_labels.py took 0.257 seconds
[2023-11-11T17:02:36.014+0000] {processor.py:154} INFO - Started process (PID=116) to work on /home/airflow/.local/lib/python3.7/site-packages/airflow/example_dags/example_branch_labels.py
[2023-11-11T17:02:36.015+0000] {processor.py:756} INFO - Processing file /home/airflow/.local/lib/python3.7/site-packages/airflow/example_dags/example_branch_labels.py for tasks to queue
[2023-11-11T17:02:36.018+0000] {logging_mixin.py:120} INFO - [2023-11-11T17:02:36.017+0000] {dagbag.py:537} INFO - Filling up the DagBag from /home/airflow/.local/lib/python3.7/site-packages/airflow/example_dags/example_branch_labels.py
[2023-11-11T17:02:36.056+0000] {processor.py:766} INFO - DAG(s) dict_keys(['example_branch_labels']) retrieved from /home/airflow/.local/lib/python3.7/site-packages/airflow/example_dags/example_branch_labels.py
[2023-11-11T17:02:36.176+0000] {logging_mixin.py:120} INFO - [2023-11-11T17:02:36.175+0000] {dag.py:2585} INFO - Sync 1 DAGs
[2023-11-11T17:02:36.276+0000] {logging_mixin.py:120} INFO - [2023-11-11T17:02:36.276+0000] {dag.py:3340} INFO - Setting next_dagrun for example_branch_labels to 2023-11-10T00:00:00+00:00, run_after=2023-11-11T00:00:00+00:00
[2023-11-11T17:02:36.324+0000] {processor.py:176} INFO - Processing /home/airflow/.local/lib/python3.7/site-packages/airflow/example_dags/example_branch_labels.py took 0.316 seconds
[2023-11-11T17:03:07.024+0000] {processor.py:154} INFO - Started process (PID=171) to work on /home/airflow/.local/lib/python3.7/site-packages/airflow/example_dags/example_branch_labels.py
[2023-11-11T17:03:07.029+0000] {processor.py:756} INFO - Processing file /home/airflow/.local/lib/python3.7/site-packages/airflow/example_dags/example_branch_labels.py for tasks to queue
[2023-11-11T17:03:07.030+0000] {logging_mixin.py:120} INFO - [2023-11-11T17:03:07.030+0000] {dagbag.py:537} INFO - Filling up the DagBag from /home/airflow/.local/lib/python3.7/site-packages/airflow/example_dags/example_branch_labels.py
[2023-11-11T17:03:07.084+0000] {processor.py:766} INFO - DAG(s) dict_keys(['example_branch_labels']) retrieved from /home/airflow/.local/lib/python3.7/site-packages/airflow/example_dags/example_branch_labels.py
[2023-11-11T17:03:07.317+0000] {logging_mixin.py:120} INFO - [2023-11-11T17:03:07.316+0000] {dag.py:2585} INFO - Sync 1 DAGs
[2023-11-11T17:03:07.448+0000] {logging_mixin.py:120} INFO - [2023-11-11T17:03:07.447+0000] {dag.py:3340} INFO - Setting next_dagrun for example_branch_labels to 2023-11-10T00:00:00+00:00, run_after=2023-11-11T00:00:00+00:00
[2023-11-11T17:03:07.538+0000] {processor.py:176} INFO - Processing /home/airflow/.local/lib/python3.7/site-packages/airflow/example_dags/example_branch_labels.py took 0.522 seconds
[2023-11-11T17:03:37.675+0000] {processor.py:154} INFO - Started process (PID=225) to work on /home/airflow/.local/lib/python3.7/site-packages/airflow/example_dags/example_branch_labels.py
[2023-11-11T17:03:37.699+0000] {processor.py:756} INFO - Processing file /home/airflow/.local/lib/python3.7/site-packages/airflow/example_dags/example_branch_labels.py for tasks to queue
[2023-11-11T17:03:37.700+0000] {logging_mixin.py:120} INFO - [2023-11-11T17:03:37.700+0000] {dagbag.py:537} INFO - Filling up the DagBag from /home/airflow/.local/lib/python3.7/site-packages/airflow/example_dags/example_branch_labels.py
[2023-11-11T17:03:37.755+0000] {processor.py:766} INFO - DAG(s) dict_keys(['example_branch_labels']) retrieved from /home/airflow/.local/lib/python3.7/site-packages/airflow/example_dags/example_branch_labels.py
[2023-11-11T17:03:37.886+0000] {logging_mixin.py:120} INFO - [2023-11-11T17:03:37.885+0000] {dag.py:2585} INFO - Sync 1 DAGs
[2023-11-11T17:03:37.938+0000] {logging_mixin.py:120} INFO - [2023-11-11T17:03:37.938+0000] {dag.py:3340} INFO - Setting next_dagrun for example_branch_labels to 2023-11-10T00:00:00+00:00, run_after=2023-11-11T00:00:00+00:00
[2023-11-11T17:03:37.979+0000] {processor.py:176} INFO - Processing /home/airflow/.local/lib/python3.7/site-packages/airflow/example_dags/example_branch_labels.py took 0.316 seconds
[2023-11-11T17:04:08.545+0000] {processor.py:154} INFO - Started process (PID=289) to work on /home/airflow/.local/lib/python3.7/site-packages/airflow/example_dags/example_branch_labels.py
[2023-11-11T17:04:08.546+0000] {processor.py:756} INFO - Processing file /home/airflow/.local/lib/python3.7/site-packages/airflow/example_dags/example_branch_labels.py for tasks to queue
[2023-11-11T17:04:08.547+0000] {logging_mixin.py:120} INFO - [2023-11-11T17:04:08.547+0000] {dagbag.py:537} INFO - Filling up the DagBag from /home/airflow/.local/lib/python3.7/site-packages/airflow/example_dags/example_branch_labels.py
[2023-11-11T17:04:08.564+0000] {processor.py:766} INFO - DAG(s) dict_keys(['example_branch_labels']) retrieved from /home/airflow/.local/lib/python3.7/site-packages/airflow/example_dags/example_branch_labels.py
[2023-11-11T17:04:08.624+0000] {logging_mixin.py:120} INFO - [2023-11-11T17:04:08.624+0000] {dag.py:2585} INFO - Sync 1 DAGs
[2023-11-11T17:04:08.661+0000] {logging_mixin.py:120} INFO - [2023-11-11T17:04:08.661+0000] {dag.py:3340} INFO - Setting next_dagrun for example_branch_labels to 2023-11-10T00:00:00+00:00, run_after=2023-11-11T00:00:00+00:00
[2023-11-11T17:04:08.683+0000] {processor.py:176} INFO - Processing /home/airflow/.local/lib/python3.7/site-packages/airflow/example_dags/example_branch_labels.py took 0.142 seconds
[2023-11-11T17:04:39.389+0000] {processor.py:154} INFO - Started process (PID=343) to work on /home/airflow/.local/lib/python3.7/site-packages/airflow/example_dags/example_branch_labels.py
[2023-11-11T17:04:39.390+0000] {processor.py:756} INFO - Processing file /home/airflow/.local/lib/python3.7/site-packages/airflow/example_dags/example_branch_labels.py for tasks to queue
[2023-11-11T17:04:39.391+0000] {logging_mixin.py:120} INFO - [2023-11-11T17:04:39.391+0000] {dagbag.py:537} INFO - Filling up the DagBag from /home/airflow/.local/lib/python3.7/site-packages/airflow/example_dags/example_branch_labels.py
[2023-11-11T17:04:39.413+0000] {processor.py:766} INFO - DAG(s) dict_keys(['example_branch_labels']) retrieved from /home/airflow/.local/lib/python3.7/site-packages/airflow/example_dags/example_branch_labels.py
[2023-11-11T17:04:39.465+0000] {logging_mixin.py:120} INFO - [2023-11-11T17:04:39.464+0000] {dag.py:2585} INFO - Sync 1 DAGs
[2023-11-11T17:04:39.498+0000] {logging_mixin.py:120} INFO - [2023-11-11T17:04:39.498+0000] {dag.py:3340} INFO - Setting next_dagrun for example_branch_labels to 2023-11-10T00:00:00+00:00, run_after=2023-11-11T00:00:00+00:00
[2023-11-11T17:04:39.524+0000] {processor.py:176} INFO - Processing /home/airflow/.local/lib/python3.7/site-packages/airflow/example_dags/example_branch_labels.py took 0.138 seconds
[2023-11-11T17:05:10.042+0000] {processor.py:154} INFO - Started process (PID=406) to work on /home/airflow/.local/lib/python3.7/site-packages/airflow/example_dags/example_branch_labels.py
[2023-11-11T17:05:10.044+0000] {processor.py:756} INFO - Processing file /home/airflow/.local/lib/python3.7/site-packages/airflow/example_dags/example_branch_labels.py for tasks to queue
[2023-11-11T17:05:10.045+0000] {logging_mixin.py:120} INFO - [2023-11-11T17:05:10.045+0000] {dagbag.py:537} INFO - Filling up the DagBag from /home/airflow/.local/lib/python3.7/site-packages/airflow/example_dags/example_branch_labels.py
[2023-11-11T17:05:10.061+0000] {processor.py:766} INFO - DAG(s) dict_keys(['example_branch_labels']) retrieved from /home/airflow/.local/lib/python3.7/site-packages/airflow/example_dags/example_branch_labels.py
[2023-11-11T17:05:10.115+0000] {logging_mixin.py:120} INFO - [2023-11-11T17:05:10.115+0000] {dag.py:2585} INFO - Sync 1 DAGs
[2023-11-11T17:05:10.149+0000] {logging_mixin.py:120} INFO - [2023-11-11T17:05:10.149+0000] {dag.py:3340} INFO - Setting next_dagrun for example_branch_labels to 2023-11-10T00:00:00+00:00, run_after=2023-11-11T00:00:00+00:00
[2023-11-11T17:05:10.174+0000] {processor.py:176} INFO - Processing /home/airflow/.local/lib/python3.7/site-packages/airflow/example_dags/example_branch_labels.py took 0.135 seconds
[2023-11-11T17:05:40.439+0000] {processor.py:154} INFO - Started process (PID=469) to work on /home/airflow/.local/lib/python3.7/site-packages/airflow/example_dags/example_branch_labels.py
[2023-11-11T17:05:40.441+0000] {processor.py:756} INFO - Processing file /home/airflow/.local/lib/python3.7/site-packages/airflow/example_dags/example_branch_labels.py for tasks to queue
[2023-11-11T17:05:40.443+0000] {logging_mixin.py:120} INFO - [2023-11-11T17:05:40.442+0000] {dagbag.py:537} INFO - Filling up the DagBag from /home/airflow/.local/lib/python3.7/site-packages/airflow/example_dags/example_branch_labels.py
[2023-11-11T17:05:40.464+0000] {processor.py:766} INFO - DAG(s) dict_keys(['example_branch_labels']) retrieved from /home/airflow/.local/lib/python3.7/site-packages/airflow/example_dags/example_branch_labels.py
[2023-11-11T17:05:40.535+0000] {logging_mixin.py:120} INFO - [2023-11-11T17:05:40.535+0000] {dag.py:2585} INFO - Sync 1 DAGs
[2023-11-11T17:05:40.580+0000] {logging_mixin.py:120} INFO - [2023-11-11T17:05:40.580+0000] {dag.py:3340} INFO - Setting next_dagrun for example_branch_labels to 2023-11-10T00:00:00+00:00, run_after=2023-11-11T00:00:00+00:00
[2023-11-11T17:05:40.610+0000] {processor.py:176} INFO - Processing /home/airflow/.local/lib/python3.7/site-packages/airflow/example_dags/example_branch_labels.py took 0.174 seconds
[2023-11-11T17:06:11.414+0000] {processor.py:154} INFO - Started process (PID=523) to work on /home/airflow/.local/lib/python3.7/site-packages/airflow/example_dags/example_branch_labels.py
[2023-11-11T17:06:11.415+0000] {processor.py:756} INFO - Processing file /home/airflow/.local/lib/python3.7/site-packages/airflow/example_dags/example_branch_labels.py for tasks to queue
[2023-11-11T17:06:11.416+0000] {logging_mixin.py:120} INFO - [2023-11-11T17:06:11.416+0000] {dagbag.py:537} INFO - Filling up the DagBag from /home/airflow/.local/lib/python3.7/site-packages/airflow/example_dags/example_branch_labels.py
[2023-11-11T17:06:11.450+0000] {processor.py:766} INFO - DAG(s) dict_keys(['example_branch_labels']) retrieved from /home/airflow/.local/lib/python3.7/site-packages/airflow/example_dags/example_branch_labels.py
[2023-11-11T17:06:11.526+0000] {logging_mixin.py:120} INFO - [2023-11-11T17:06:11.525+0000] {dag.py:2585} INFO - Sync 1 DAGs
[2023-11-11T17:06:11.575+0000] {logging_mixin.py:120} INFO - [2023-11-11T17:06:11.575+0000] {dag.py:3340} INFO - Setting next_dagrun for example_branch_labels to 2023-11-10T00:00:00+00:00, run_after=2023-11-11T00:00:00+00:00
[2023-11-11T17:06:11.608+0000] {processor.py:176} INFO - Processing /home/airflow/.local/lib/python3.7/site-packages/airflow/example_dags/example_branch_labels.py took 0.198 seconds
[2023-11-11T17:06:42.400+0000] {processor.py:154} INFO - Started process (PID=583) to work on /home/airflow/.local/lib/python3.7/site-packages/airflow/example_dags/example_branch_labels.py
[2023-11-11T17:06:42.404+0000] {processor.py:756} INFO - Processing file /home/airflow/.local/lib/python3.7/site-packages/airflow/example_dags/example_branch_labels.py for tasks to queue
[2023-11-11T17:06:42.406+0000] {logging_mixin.py:120} INFO - [2023-11-11T17:06:42.405+0000] {dagbag.py:537} INFO - Filling up the DagBag from /home/airflow/.local/lib/python3.7/site-packages/airflow/example_dags/example_branch_labels.py
[2023-11-11T17:06:42.434+0000] {processor.py:766} INFO - DAG(s) dict_keys(['example_branch_labels']) retrieved from /home/airflow/.local/lib/python3.7/site-packages/airflow/example_dags/example_branch_labels.py
[2023-11-11T17:06:42.508+0000] {logging_mixin.py:120} INFO - [2023-11-11T17:06:42.508+0000] {dag.py:2585} INFO - Sync 1 DAGs
[2023-11-11T17:06:42.567+0000] {logging_mixin.py:120} INFO - [2023-11-11T17:06:42.567+0000] {dag.py:3340} INFO - Setting next_dagrun for example_branch_labels to 2023-11-10T00:00:00+00:00, run_after=2023-11-11T00:00:00+00:00
[2023-11-11T17:06:42.613+0000] {processor.py:176} INFO - Processing /home/airflow/.local/lib/python3.7/site-packages/airflow/example_dags/example_branch_labels.py took 0.218 seconds
[2023-11-11T17:07:12.985+0000] {processor.py:154} INFO - Started process (PID=640) to work on /home/airflow/.local/lib/python3.7/site-packages/airflow/example_dags/example_branch_labels.py
[2023-11-11T17:07:12.989+0000] {processor.py:756} INFO - Processing file /home/airflow/.local/lib/python3.7/site-packages/airflow/example_dags/example_branch_labels.py for tasks to queue
[2023-11-11T17:07:12.990+0000] {logging_mixin.py:120} INFO - [2023-11-11T17:07:12.989+0000] {dagbag.py:537} INFO - Filling up the DagBag from /home/airflow/.local/lib/python3.7/site-packages/airflow/example_dags/example_branch_labels.py
[2023-11-11T17:07:13.020+0000] {processor.py:766} INFO - DAG(s) dict_keys(['example_branch_labels']) retrieved from /home/airflow/.local/lib/python3.7/site-packages/airflow/example_dags/example_branch_labels.py
[2023-11-11T17:07:13.097+0000] {logging_mixin.py:120} INFO - [2023-11-11T17:07:13.096+0000] {dag.py:2585} INFO - Sync 1 DAGs
[2023-11-11T17:07:13.153+0000] {logging_mixin.py:120} INFO - [2023-11-11T17:07:13.153+0000] {dag.py:3340} INFO - Setting next_dagrun for example_branch_labels to 2023-11-10T00:00:00+00:00, run_after=2023-11-11T00:00:00+00:00
[2023-11-11T17:07:13.183+0000] {processor.py:176} INFO - Processing /home/airflow/.local/lib/python3.7/site-packages/airflow/example_dags/example_branch_labels.py took 0.212 seconds
[2023-11-11T17:29:21.985+0000] {processor.py:154} INFO - Started process (PID=69) to work on /home/airflow/.local/lib/python3.7/site-packages/airflow/example_dags/example_branch_labels.py
[2023-11-11T17:29:22.020+0000] {processor.py:756} INFO - Processing file /home/airflow/.local/lib/python3.7/site-packages/airflow/example_dags/example_branch_labels.py for tasks to queue
[2023-11-11T17:29:22.021+0000] {logging_mixin.py:120} INFO - [2023-11-11T17:29:22.021+0000] {dagbag.py:537} INFO - Filling up the DagBag from /home/airflow/.local/lib/python3.7/site-packages/airflow/example_dags/example_branch_labels.py
[2023-11-11T17:29:22.133+0000] {processor.py:766} INFO - DAG(s) dict_keys(['example_branch_labels']) retrieved from /home/airflow/.local/lib/python3.7/site-packages/airflow/example_dags/example_branch_labels.py
[2023-11-11T17:29:23.634+0000] {logging_mixin.py:120} INFO - [2023-11-11T17:29:23.633+0000] {manager.py:507} INFO - Created Permission View: can read on DAG:example_branch_labels
[2023-11-11T17:29:23.752+0000] {logging_mixin.py:120} INFO - [2023-11-11T17:29:23.751+0000] {manager.py:507} INFO - Created Permission View: can delete on DAG:example_branch_labels
[2023-11-11T17:29:23.922+0000] {logging_mixin.py:120} INFO - [2023-11-11T17:29:23.922+0000] {manager.py:507} INFO - Created Permission View: can edit on DAG:example_branch_labels
[2023-11-11T17:29:23.940+0000] {logging_mixin.py:120} INFO - [2023-11-11T17:29:23.940+0000] {dag.py:2585} INFO - Sync 1 DAGs
[2023-11-11T17:29:24.027+0000] {logging_mixin.py:120} INFO - [2023-11-11T17:29:24.022+0000] {dag.py:2606} INFO - Creating ORM DAG for example_branch_labels
[2023-11-11T17:29:24.120+0000] {logging_mixin.py:120} INFO - [2023-11-11T17:29:24.119+0000] {dag.py:3340} INFO - Setting next_dagrun for example_branch_labels to 2023-11-10T00:00:00+00:00, run_after=2023-11-11T00:00:00+00:00
[2023-11-11T17:29:24.281+0000] {processor.py:176} INFO - Processing /home/airflow/.local/lib/python3.7/site-packages/airflow/example_dags/example_branch_labels.py took 2.314 seconds
[2023-11-11T17:30:08.838+0000] {processor.py:154} INFO - Started process (PID=123) to work on /home/airflow/.local/lib/python3.7/site-packages/airflow/example_dags/example_branch_labels.py
[2023-11-11T17:30:08.841+0000] {processor.py:756} INFO - Processing file /home/airflow/.local/lib/python3.7/site-packages/airflow/example_dags/example_branch_labels.py for tasks to queue
[2023-11-11T17:30:08.842+0000] {logging_mixin.py:120} INFO - [2023-11-11T17:30:08.842+0000] {dagbag.py:537} INFO - Filling up the DagBag from /home/airflow/.local/lib/python3.7/site-packages/airflow/example_dags/example_branch_labels.py
[2023-11-11T17:30:08.903+0000] {processor.py:766} INFO - DAG(s) dict_keys(['example_branch_labels']) retrieved from /home/airflow/.local/lib/python3.7/site-packages/airflow/example_dags/example_branch_labels.py
[2023-11-11T17:30:09.052+0000] {logging_mixin.py:120} INFO - [2023-11-11T17:30:09.052+0000] {dag.py:2585} INFO - Sync 1 DAGs
[2023-11-11T17:30:09.164+0000] {logging_mixin.py:120} INFO - [2023-11-11T17:30:09.164+0000] {dag.py:3340} INFO - Setting next_dagrun for example_branch_labels to 2023-11-10T00:00:00+00:00, run_after=2023-11-11T00:00:00+00:00
[2023-11-11T17:30:09.236+0000] {processor.py:176} INFO - Processing /home/airflow/.local/lib/python3.7/site-packages/airflow/example_dags/example_branch_labels.py took 0.412 seconds
[2023-11-11T17:30:41.471+0000] {processor.py:154} INFO - Started process (PID=176) to work on /home/airflow/.local/lib/python3.7/site-packages/airflow/example_dags/example_branch_labels.py
[2023-11-11T17:30:41.474+0000] {processor.py:756} INFO - Processing file /home/airflow/.local/lib/python3.7/site-packages/airflow/example_dags/example_branch_labels.py for tasks to queue
[2023-11-11T17:30:41.478+0000] {logging_mixin.py:120} INFO - [2023-11-11T17:30:41.476+0000] {dagbag.py:537} INFO - Filling up the DagBag from /home/airflow/.local/lib/python3.7/site-packages/airflow/example_dags/example_branch_labels.py
[2023-11-11T17:30:41.556+0000] {processor.py:766} INFO - DAG(s) dict_keys(['example_branch_labels']) retrieved from /home/airflow/.local/lib/python3.7/site-packages/airflow/example_dags/example_branch_labels.py
[2023-11-11T17:30:41.750+0000] {logging_mixin.py:120} INFO - [2023-11-11T17:30:41.749+0000] {dag.py:2585} INFO - Sync 1 DAGs
[2023-11-11T17:30:41.894+0000] {logging_mixin.py:120} INFO - [2023-11-11T17:30:41.893+0000] {dag.py:3340} INFO - Setting next_dagrun for example_branch_labels to 2023-11-10T00:00:00+00:00, run_after=2023-11-11T00:00:00+00:00
[2023-11-11T17:30:41.974+0000] {processor.py:176} INFO - Processing /home/airflow/.local/lib/python3.7/site-packages/airflow/example_dags/example_branch_labels.py took 0.511 seconds
[2023-11-11T17:31:13.334+0000] {processor.py:154} INFO - Started process (PID=231) to work on /home/airflow/.local/lib/python3.7/site-packages/airflow/example_dags/example_branch_labels.py
[2023-11-11T17:31:13.336+0000] {processor.py:756} INFO - Processing file /home/airflow/.local/lib/python3.7/site-packages/airflow/example_dags/example_branch_labels.py for tasks to queue
[2023-11-11T17:31:13.345+0000] {logging_mixin.py:120} INFO - [2023-11-11T17:31:13.344+0000] {dagbag.py:537} INFO - Filling up the DagBag from /home/airflow/.local/lib/python3.7/site-packages/airflow/example_dags/example_branch_labels.py
[2023-11-11T17:31:13.430+0000] {processor.py:766} INFO - DAG(s) dict_keys(['example_branch_labels']) retrieved from /home/airflow/.local/lib/python3.7/site-packages/airflow/example_dags/example_branch_labels.py
[2023-11-11T17:31:13.658+0000] {logging_mixin.py:120} INFO - [2023-11-11T17:31:13.657+0000] {dag.py:2585} INFO - Sync 1 DAGs
[2023-11-11T17:31:13.787+0000] {logging_mixin.py:120} INFO - [2023-11-11T17:31:13.787+0000] {dag.py:3340} INFO - Setting next_dagrun for example_branch_labels to 2023-11-10T00:00:00+00:00, run_after=2023-11-11T00:00:00+00:00
[2023-11-11T17:31:13.856+0000] {processor.py:176} INFO - Processing /home/airflow/.local/lib/python3.7/site-packages/airflow/example_dags/example_branch_labels.py took 0.531 seconds
[2023-11-11T17:31:44.045+0000] {processor.py:154} INFO - Started process (PID=285) to work on /home/airflow/.local/lib/python3.7/site-packages/airflow/example_dags/example_branch_labels.py
[2023-11-11T17:31:44.046+0000] {processor.py:756} INFO - Processing file /home/airflow/.local/lib/python3.7/site-packages/airflow/example_dags/example_branch_labels.py for tasks to queue
[2023-11-11T17:31:44.047+0000] {logging_mixin.py:120} INFO - [2023-11-11T17:31:44.047+0000] {dagbag.py:537} INFO - Filling up the DagBag from /home/airflow/.local/lib/python3.7/site-packages/airflow/example_dags/example_branch_labels.py
[2023-11-11T17:31:44.073+0000] {processor.py:766} INFO - DAG(s) dict_keys(['example_branch_labels']) retrieved from /home/airflow/.local/lib/python3.7/site-packages/airflow/example_dags/example_branch_labels.py
[2023-11-11T17:31:44.162+0000] {logging_mixin.py:120} INFO - [2023-11-11T17:31:44.162+0000] {dag.py:2585} INFO - Sync 1 DAGs
[2023-11-11T17:31:44.207+0000] {logging_mixin.py:120} INFO - [2023-11-11T17:31:44.207+0000] {dag.py:3340} INFO - Setting next_dagrun for example_branch_labels to 2023-11-10T00:00:00+00:00, run_after=2023-11-11T00:00:00+00:00
[2023-11-11T17:31:44.239+0000] {processor.py:176} INFO - Processing /home/airflow/.local/lib/python3.7/site-packages/airflow/example_dags/example_branch_labels.py took 0.200 seconds
[2023-11-11T17:32:14.727+0000] {processor.py:154} INFO - Started process (PID=348) to work on /home/airflow/.local/lib/python3.7/site-packages/airflow/example_dags/example_branch_labels.py
[2023-11-11T17:32:14.728+0000] {processor.py:756} INFO - Processing file /home/airflow/.local/lib/python3.7/site-packages/airflow/example_dags/example_branch_labels.py for tasks to queue
[2023-11-11T17:32:14.730+0000] {logging_mixin.py:120} INFO - [2023-11-11T17:32:14.729+0000] {dagbag.py:537} INFO - Filling up the DagBag from /home/airflow/.local/lib/python3.7/site-packages/airflow/example_dags/example_branch_labels.py
[2023-11-11T17:32:14.768+0000] {processor.py:766} INFO - DAG(s) dict_keys(['example_branch_labels']) retrieved from /home/airflow/.local/lib/python3.7/site-packages/airflow/example_dags/example_branch_labels.py
[2023-11-11T17:32:14.888+0000] {logging_mixin.py:120} INFO - [2023-11-11T17:32:14.888+0000] {dag.py:2585} INFO - Sync 1 DAGs
[2023-11-11T17:32:14.962+0000] {logging_mixin.py:120} INFO - [2023-11-11T17:32:14.962+0000] {dag.py:3340} INFO - Setting next_dagrun for example_branch_labels to 2023-11-10T00:00:00+00:00, run_after=2023-11-11T00:00:00+00:00
[2023-11-11T17:32:15.000+0000] {processor.py:176} INFO - Processing /home/airflow/.local/lib/python3.7/site-packages/airflow/example_dags/example_branch_labels.py took 0.282 seconds
[2023-11-11T17:32:45.360+0000] {processor.py:154} INFO - Started process (PID=402) to work on /home/airflow/.local/lib/python3.7/site-packages/airflow/example_dags/example_branch_labels.py
[2023-11-11T17:32:45.364+0000] {processor.py:756} INFO - Processing file /home/airflow/.local/lib/python3.7/site-packages/airflow/example_dags/example_branch_labels.py for tasks to queue
[2023-11-11T17:32:45.365+0000] {logging_mixin.py:120} INFO - [2023-11-11T17:32:45.365+0000] {dagbag.py:537} INFO - Filling up the DagBag from /home/airflow/.local/lib/python3.7/site-packages/airflow/example_dags/example_branch_labels.py
[2023-11-11T17:32:45.415+0000] {processor.py:766} INFO - DAG(s) dict_keys(['example_branch_labels']) retrieved from /home/airflow/.local/lib/python3.7/site-packages/airflow/example_dags/example_branch_labels.py
[2023-11-11T17:32:45.494+0000] {logging_mixin.py:120} INFO - [2023-11-11T17:32:45.493+0000] {dag.py:2585} INFO - Sync 1 DAGs
[2023-11-11T17:32:45.552+0000] {logging_mixin.py:120} INFO - [2023-11-11T17:32:45.551+0000] {dag.py:3340} INFO - Setting next_dagrun for example_branch_labels to 2023-11-10T00:00:00+00:00, run_after=2023-11-11T00:00:00+00:00
[2023-11-11T17:32:45.592+0000] {processor.py:176} INFO - Processing /home/airflow/.local/lib/python3.7/site-packages/airflow/example_dags/example_branch_labels.py took 0.238 seconds
[2023-11-11T17:33:16.201+0000] {processor.py:154} INFO - Started process (PID=455) to work on /home/airflow/.local/lib/python3.7/site-packages/airflow/example_dags/example_branch_labels.py
[2023-11-11T17:33:16.202+0000] {processor.py:756} INFO - Processing file /home/airflow/.local/lib/python3.7/site-packages/airflow/example_dags/example_branch_labels.py for tasks to queue
[2023-11-11T17:33:16.203+0000] {logging_mixin.py:120} INFO - [2023-11-11T17:33:16.202+0000] {dagbag.py:537} INFO - Filling up the DagBag from /home/airflow/.local/lib/python3.7/site-packages/airflow/example_dags/example_branch_labels.py
[2023-11-11T17:33:16.233+0000] {processor.py:766} INFO - DAG(s) dict_keys(['example_branch_labels']) retrieved from /home/airflow/.local/lib/python3.7/site-packages/airflow/example_dags/example_branch_labels.py
[2023-11-11T17:33:16.473+0000] {logging_mixin.py:120} INFO - [2023-11-11T17:33:16.473+0000] {dag.py:2585} INFO - Sync 1 DAGs
[2023-11-11T17:33:16.557+0000] {logging_mixin.py:120} INFO - [2023-11-11T17:33:16.556+0000] {dag.py:3340} INFO - Setting next_dagrun for example_branch_labels to 2023-11-10T00:00:00+00:00, run_after=2023-11-11T00:00:00+00:00
[2023-11-11T17:33:16.598+0000] {processor.py:176} INFO - Processing /home/airflow/.local/lib/python3.7/site-packages/airflow/example_dags/example_branch_labels.py took 0.404 seconds
[2023-11-11T17:33:46.780+0000] {processor.py:154} INFO - Started process (PID=520) to work on /home/airflow/.local/lib/python3.7/site-packages/airflow/example_dags/example_branch_labels.py
[2023-11-11T17:33:46.781+0000] {processor.py:756} INFO - Processing file /home/airflow/.local/lib/python3.7/site-packages/airflow/example_dags/example_branch_labels.py for tasks to queue
[2023-11-11T17:33:46.782+0000] {logging_mixin.py:120} INFO - [2023-11-11T17:33:46.782+0000] {dagbag.py:537} INFO - Filling up the DagBag from /home/airflow/.local/lib/python3.7/site-packages/airflow/example_dags/example_branch_labels.py
[2023-11-11T17:33:46.827+0000] {processor.py:766} INFO - DAG(s) dict_keys(['example_branch_labels']) retrieved from /home/airflow/.local/lib/python3.7/site-packages/airflow/example_dags/example_branch_labels.py
[2023-11-11T17:33:46.969+0000] {logging_mixin.py:120} INFO - [2023-11-11T17:33:46.967+0000] {dag.py:2585} INFO - Sync 1 DAGs
[2023-11-11T17:33:47.031+0000] {logging_mixin.py:120} INFO - [2023-11-11T17:33:47.031+0000] {dag.py:3340} INFO - Setting next_dagrun for example_branch_labels to 2023-11-10T00:00:00+00:00, run_after=2023-11-11T00:00:00+00:00
[2023-11-11T17:33:47.074+0000] {processor.py:176} INFO - Processing /home/airflow/.local/lib/python3.7/site-packages/airflow/example_dags/example_branch_labels.py took 0.303 seconds
[2023-11-11T17:34:17.825+0000] {processor.py:154} INFO - Started process (PID=574) to work on /home/airflow/.local/lib/python3.7/site-packages/airflow/example_dags/example_branch_labels.py
[2023-11-11T17:34:17.825+0000] {processor.py:756} INFO - Processing file /home/airflow/.local/lib/python3.7/site-packages/airflow/example_dags/example_branch_labels.py for tasks to queue
[2023-11-11T17:34:17.826+0000] {logging_mixin.py:120} INFO - [2023-11-11T17:34:17.826+0000] {dagbag.py:537} INFO - Filling up the DagBag from /home/airflow/.local/lib/python3.7/site-packages/airflow/example_dags/example_branch_labels.py
[2023-11-11T17:34:17.851+0000] {processor.py:766} INFO - DAG(s) dict_keys(['example_branch_labels']) retrieved from /home/airflow/.local/lib/python3.7/site-packages/airflow/example_dags/example_branch_labels.py
[2023-11-11T17:34:17.916+0000] {logging_mixin.py:120} INFO - [2023-11-11T17:34:17.916+0000] {dag.py:2585} INFO - Sync 1 DAGs
[2023-11-11T17:34:17.962+0000] {logging_mixin.py:120} INFO - [2023-11-11T17:34:17.962+0000] {dag.py:3340} INFO - Setting next_dagrun for example_branch_labels to 2023-11-10T00:00:00+00:00, run_after=2023-11-11T00:00:00+00:00
[2023-11-11T17:34:17.995+0000] {processor.py:176} INFO - Processing /home/airflow/.local/lib/python3.7/site-packages/airflow/example_dags/example_branch_labels.py took 0.175 seconds
[2023-11-11T17:34:48.432+0000] {processor.py:154} INFO - Started process (PID=638) to work on /home/airflow/.local/lib/python3.7/site-packages/airflow/example_dags/example_branch_labels.py
[2023-11-11T17:34:48.434+0000] {processor.py:756} INFO - Processing file /home/airflow/.local/lib/python3.7/site-packages/airflow/example_dags/example_branch_labels.py for tasks to queue
[2023-11-11T17:34:48.437+0000] {logging_mixin.py:120} INFO - [2023-11-11T17:34:48.437+0000] {dagbag.py:537} INFO - Filling up the DagBag from /home/airflow/.local/lib/python3.7/site-packages/airflow/example_dags/example_branch_labels.py
[2023-11-11T17:34:48.477+0000] {processor.py:766} INFO - DAG(s) dict_keys(['example_branch_labels']) retrieved from /home/airflow/.local/lib/python3.7/site-packages/airflow/example_dags/example_branch_labels.py
[2023-11-11T17:34:48.579+0000] {logging_mixin.py:120} INFO - [2023-11-11T17:34:48.578+0000] {dag.py:2585} INFO - Sync 1 DAGs
[2023-11-11T17:34:48.649+0000] {logging_mixin.py:120} INFO - [2023-11-11T17:34:48.649+0000] {dag.py:3340} INFO - Setting next_dagrun for example_branch_labels to 2023-11-10T00:00:00+00:00, run_after=2023-11-11T00:00:00+00:00
[2023-11-11T17:34:48.690+0000] {processor.py:176} INFO - Processing /home/airflow/.local/lib/python3.7/site-packages/airflow/example_dags/example_branch_labels.py took 0.264 seconds
[2023-11-11T17:35:18.919+0000] {processor.py:154} INFO - Started process (PID=692) to work on /home/airflow/.local/lib/python3.7/site-packages/airflow/example_dags/example_branch_labels.py
[2023-11-11T17:35:18.920+0000] {processor.py:756} INFO - Processing file /home/airflow/.local/lib/python3.7/site-packages/airflow/example_dags/example_branch_labels.py for tasks to queue
[2023-11-11T17:35:18.920+0000] {logging_mixin.py:120} INFO - [2023-11-11T17:35:18.920+0000] {dagbag.py:537} INFO - Filling up the DagBag from /home/airflow/.local/lib/python3.7/site-packages/airflow/example_dags/example_branch_labels.py
[2023-11-11T17:35:18.947+0000] {processor.py:766} INFO - DAG(s) dict_keys(['example_branch_labels']) retrieved from /home/airflow/.local/lib/python3.7/site-packages/airflow/example_dags/example_branch_labels.py
[2023-11-11T17:35:19.020+0000] {logging_mixin.py:120} INFO - [2023-11-11T17:35:19.020+0000] {dag.py:2585} INFO - Sync 1 DAGs
[2023-11-11T17:35:19.062+0000] {logging_mixin.py:120} INFO - [2023-11-11T17:35:19.062+0000] {dag.py:3340} INFO - Setting next_dagrun for example_branch_labels to 2023-11-10T00:00:00+00:00, run_after=2023-11-11T00:00:00+00:00
[2023-11-11T17:35:19.094+0000] {processor.py:176} INFO - Processing /home/airflow/.local/lib/python3.7/site-packages/airflow/example_dags/example_branch_labels.py took 0.181 seconds
[2023-11-11T17:35:49.250+0000] {processor.py:154} INFO - Started process (PID=746) to work on /home/airflow/.local/lib/python3.7/site-packages/airflow/example_dags/example_branch_labels.py
[2023-11-11T17:35:49.251+0000] {processor.py:756} INFO - Processing file /home/airflow/.local/lib/python3.7/site-packages/airflow/example_dags/example_branch_labels.py for tasks to queue
[2023-11-11T17:35:49.253+0000] {logging_mixin.py:120} INFO - [2023-11-11T17:35:49.252+0000] {dagbag.py:537} INFO - Filling up the DagBag from /home/airflow/.local/lib/python3.7/site-packages/airflow/example_dags/example_branch_labels.py
[2023-11-11T17:35:49.284+0000] {processor.py:766} INFO - DAG(s) dict_keys(['example_branch_labels']) retrieved from /home/airflow/.local/lib/python3.7/site-packages/airflow/example_dags/example_branch_labels.py
[2023-11-11T17:35:49.367+0000] {logging_mixin.py:120} INFO - [2023-11-11T17:35:49.367+0000] {dag.py:2585} INFO - Sync 1 DAGs
[2023-11-11T17:35:49.440+0000] {logging_mixin.py:120} INFO - [2023-11-11T17:35:49.440+0000] {dag.py:3340} INFO - Setting next_dagrun for example_branch_labels to 2023-11-10T00:00:00+00:00, run_after=2023-11-11T00:00:00+00:00
[2023-11-11T17:35:49.498+0000] {processor.py:176} INFO - Processing /home/airflow/.local/lib/python3.7/site-packages/airflow/example_dags/example_branch_labels.py took 0.251 seconds
[2023-11-11T17:36:19.805+0000] {processor.py:154} INFO - Started process (PID=809) to work on /home/airflow/.local/lib/python3.7/site-packages/airflow/example_dags/example_branch_labels.py
[2023-11-11T17:36:19.808+0000] {processor.py:756} INFO - Processing file /home/airflow/.local/lib/python3.7/site-packages/airflow/example_dags/example_branch_labels.py for tasks to queue
[2023-11-11T17:36:19.811+0000] {logging_mixin.py:120} INFO - [2023-11-11T17:36:19.811+0000] {dagbag.py:537} INFO - Filling up the DagBag from /home/airflow/.local/lib/python3.7/site-packages/airflow/example_dags/example_branch_labels.py
[2023-11-11T17:36:19.848+0000] {processor.py:766} INFO - DAG(s) dict_keys(['example_branch_labels']) retrieved from /home/airflow/.local/lib/python3.7/site-packages/airflow/example_dags/example_branch_labels.py
[2023-11-11T17:36:19.971+0000] {logging_mixin.py:120} INFO - [2023-11-11T17:36:19.969+0000] {dag.py:2585} INFO - Sync 1 DAGs
[2023-11-11T17:36:20.056+0000] {logging_mixin.py:120} INFO - [2023-11-11T17:36:20.056+0000] {dag.py:3340} INFO - Setting next_dagrun for example_branch_labels to 2023-11-10T00:00:00+00:00, run_after=2023-11-11T00:00:00+00:00
[2023-11-11T17:36:20.119+0000] {processor.py:176} INFO - Processing /home/airflow/.local/lib/python3.7/site-packages/airflow/example_dags/example_branch_labels.py took 0.322 seconds
[2023-11-11T17:36:50.843+0000] {processor.py:154} INFO - Started process (PID=863) to work on /home/airflow/.local/lib/python3.7/site-packages/airflow/example_dags/example_branch_labels.py
[2023-11-11T17:36:50.850+0000] {processor.py:756} INFO - Processing file /home/airflow/.local/lib/python3.7/site-packages/airflow/example_dags/example_branch_labels.py for tasks to queue
[2023-11-11T17:36:50.852+0000] {logging_mixin.py:120} INFO - [2023-11-11T17:36:50.851+0000] {dagbag.py:537} INFO - Filling up the DagBag from /home/airflow/.local/lib/python3.7/site-packages/airflow/example_dags/example_branch_labels.py
[2023-11-11T17:36:50.896+0000] {processor.py:766} INFO - DAG(s) dict_keys(['example_branch_labels']) retrieved from /home/airflow/.local/lib/python3.7/site-packages/airflow/example_dags/example_branch_labels.py
[2023-11-11T17:36:50.990+0000] {logging_mixin.py:120} INFO - [2023-11-11T17:36:50.989+0000] {dag.py:2585} INFO - Sync 1 DAGs
[2023-11-11T17:36:51.064+0000] {logging_mixin.py:120} INFO - [2023-11-11T17:36:51.064+0000] {dag.py:3340} INFO - Setting next_dagrun for example_branch_labels to 2023-11-10T00:00:00+00:00, run_after=2023-11-11T00:00:00+00:00
[2023-11-11T17:36:51.114+0000] {processor.py:176} INFO - Processing /home/airflow/.local/lib/python3.7/site-packages/airflow/example_dags/example_branch_labels.py took 0.278 seconds
[2023-11-11T17:37:21.287+0000] {processor.py:154} INFO - Started process (PID=925) to work on /home/airflow/.local/lib/python3.7/site-packages/airflow/example_dags/example_branch_labels.py
[2023-11-11T17:37:21.289+0000] {processor.py:756} INFO - Processing file /home/airflow/.local/lib/python3.7/site-packages/airflow/example_dags/example_branch_labels.py for tasks to queue
[2023-11-11T17:37:21.290+0000] {logging_mixin.py:120} INFO - [2023-11-11T17:37:21.290+0000] {dagbag.py:537} INFO - Filling up the DagBag from /home/airflow/.local/lib/python3.7/site-packages/airflow/example_dags/example_branch_labels.py
[2023-11-11T17:37:21.329+0000] {processor.py:766} INFO - DAG(s) dict_keys(['example_branch_labels']) retrieved from /home/airflow/.local/lib/python3.7/site-packages/airflow/example_dags/example_branch_labels.py
[2023-11-11T17:37:21.430+0000] {logging_mixin.py:120} INFO - [2023-11-11T17:37:21.430+0000] {dag.py:2585} INFO - Sync 1 DAGs
[2023-11-11T17:37:21.496+0000] {logging_mixin.py:120} INFO - [2023-11-11T17:37:21.496+0000] {dag.py:3340} INFO - Setting next_dagrun for example_branch_labels to 2023-11-10T00:00:00+00:00, run_after=2023-11-11T00:00:00+00:00
[2023-11-11T17:37:21.548+0000] {processor.py:176} INFO - Processing /home/airflow/.local/lib/python3.7/site-packages/airflow/example_dags/example_branch_labels.py took 0.273 seconds
[2023-11-11T17:37:51.946+0000] {processor.py:154} INFO - Started process (PID=979) to work on /home/airflow/.local/lib/python3.7/site-packages/airflow/example_dags/example_branch_labels.py
[2023-11-11T17:37:51.947+0000] {processor.py:756} INFO - Processing file /home/airflow/.local/lib/python3.7/site-packages/airflow/example_dags/example_branch_labels.py for tasks to queue
[2023-11-11T17:37:51.949+0000] {logging_mixin.py:120} INFO - [2023-11-11T17:37:51.948+0000] {dagbag.py:537} INFO - Filling up the DagBag from /home/airflow/.local/lib/python3.7/site-packages/airflow/example_dags/example_branch_labels.py
[2023-11-11T17:37:51.979+0000] {processor.py:766} INFO - DAG(s) dict_keys(['example_branch_labels']) retrieved from /home/airflow/.local/lib/python3.7/site-packages/airflow/example_dags/example_branch_labels.py
[2023-11-11T17:37:52.065+0000] {logging_mixin.py:120} INFO - [2023-11-11T17:37:52.065+0000] {dag.py:2585} INFO - Sync 1 DAGs
[2023-11-11T17:37:52.151+0000] {logging_mixin.py:120} INFO - [2023-11-11T17:37:52.151+0000] {dag.py:3340} INFO - Setting next_dagrun for example_branch_labels to 2023-11-10T00:00:00+00:00, run_after=2023-11-11T00:00:00+00:00
[2023-11-11T17:37:52.205+0000] {processor.py:176} INFO - Processing /home/airflow/.local/lib/python3.7/site-packages/airflow/example_dags/example_branch_labels.py took 0.267 seconds
[2023-11-11T17:38:22.762+0000] {processor.py:154} INFO - Started process (PID=1042) to work on /home/airflow/.local/lib/python3.7/site-packages/airflow/example_dags/example_branch_labels.py
[2023-11-11T17:38:22.763+0000] {processor.py:756} INFO - Processing file /home/airflow/.local/lib/python3.7/site-packages/airflow/example_dags/example_branch_labels.py for tasks to queue
[2023-11-11T17:38:22.763+0000] {logging_mixin.py:120} INFO - [2023-11-11T17:38:22.763+0000] {dagbag.py:537} INFO - Filling up the DagBag from /home/airflow/.local/lib/python3.7/site-packages/airflow/example_dags/example_branch_labels.py
[2023-11-11T17:38:22.785+0000] {processor.py:766} INFO - DAG(s) dict_keys(['example_branch_labels']) retrieved from /home/airflow/.local/lib/python3.7/site-packages/airflow/example_dags/example_branch_labels.py
[2023-11-11T17:38:22.861+0000] {logging_mixin.py:120} INFO - [2023-11-11T17:38:22.861+0000] {dag.py:2585} INFO - Sync 1 DAGs
[2023-11-11T17:38:22.913+0000] {logging_mixin.py:120} INFO - [2023-11-11T17:38:22.913+0000] {dag.py:3340} INFO - Setting next_dagrun for example_branch_labels to 2023-11-10T00:00:00+00:00, run_after=2023-11-11T00:00:00+00:00
[2023-11-11T17:38:22.953+0000] {processor.py:176} INFO - Processing /home/airflow/.local/lib/python3.7/site-packages/airflow/example_dags/example_branch_labels.py took 0.196 seconds
[2023-11-11T17:38:53.477+0000] {processor.py:154} INFO - Started process (PID=1096) to work on /home/airflow/.local/lib/python3.7/site-packages/airflow/example_dags/example_branch_labels.py
[2023-11-11T17:38:53.480+0000] {processor.py:756} INFO - Processing file /home/airflow/.local/lib/python3.7/site-packages/airflow/example_dags/example_branch_labels.py for tasks to queue
[2023-11-11T17:38:53.481+0000] {logging_mixin.py:120} INFO - [2023-11-11T17:38:53.481+0000] {dagbag.py:537} INFO - Filling up the DagBag from /home/airflow/.local/lib/python3.7/site-packages/airflow/example_dags/example_branch_labels.py
[2023-11-11T17:38:53.513+0000] {processor.py:766} INFO - DAG(s) dict_keys(['example_branch_labels']) retrieved from /home/airflow/.local/lib/python3.7/site-packages/airflow/example_dags/example_branch_labels.py
[2023-11-11T17:38:53.594+0000] {logging_mixin.py:120} INFO - [2023-11-11T17:38:53.594+0000] {dag.py:2585} INFO - Sync 1 DAGs
[2023-11-11T17:38:53.659+0000] {logging_mixin.py:120} INFO - [2023-11-11T17:38:53.659+0000] {dag.py:3340} INFO - Setting next_dagrun for example_branch_labels to 2023-11-10T00:00:00+00:00, run_after=2023-11-11T00:00:00+00:00
[2023-11-11T17:38:53.704+0000] {processor.py:176} INFO - Processing /home/airflow/.local/lib/python3.7/site-packages/airflow/example_dags/example_branch_labels.py took 0.232 seconds
[2023-11-11T17:39:23.920+0000] {processor.py:154} INFO - Started process (PID=1159) to work on /home/airflow/.local/lib/python3.7/site-packages/airflow/example_dags/example_branch_labels.py
[2023-11-11T17:39:23.922+0000] {processor.py:756} INFO - Processing file /home/airflow/.local/lib/python3.7/site-packages/airflow/example_dags/example_branch_labels.py for tasks to queue
[2023-11-11T17:39:23.924+0000] {logging_mixin.py:120} INFO - [2023-11-11T17:39:23.922+0000] {dagbag.py:537} INFO - Filling up the DagBag from /home/airflow/.local/lib/python3.7/site-packages/airflow/example_dags/example_branch_labels.py
[2023-11-11T17:39:23.951+0000] {processor.py:766} INFO - DAG(s) dict_keys(['example_branch_labels']) retrieved from /home/airflow/.local/lib/python3.7/site-packages/airflow/example_dags/example_branch_labels.py
[2023-11-11T17:39:24.020+0000] {logging_mixin.py:120} INFO - [2023-11-11T17:39:24.020+0000] {dag.py:2585} INFO - Sync 1 DAGs
[2023-11-11T17:39:24.065+0000] {logging_mixin.py:120} INFO - [2023-11-11T17:39:24.064+0000] {dag.py:3340} INFO - Setting next_dagrun for example_branch_labels to 2023-11-10T00:00:00+00:00, run_after=2023-11-11T00:00:00+00:00
[2023-11-11T17:39:24.097+0000] {processor.py:176} INFO - Processing /home/airflow/.local/lib/python3.7/site-packages/airflow/example_dags/example_branch_labels.py took 0.180 seconds
