[2023-11-11T17:02:04.569+0000] {processor.py:154} INFO - Started process (PID=64) to work on /home/airflow/.local/lib/python3.7/site-packages/airflow/example_dags/example_complex.py
[2023-11-11T17:02:04.571+0000] {processor.py:756} INFO - Processing file /home/airflow/.local/lib/python3.7/site-packages/airflow/example_dags/example_complex.py for tasks to queue
[2023-11-11T17:02:04.574+0000] {logging_mixin.py:120} INFO - [2023-11-11T17:02:04.574+0000] {dagbag.py:537} INFO - Filling up the DagBag from /home/airflow/.local/lib/python3.7/site-packages/airflow/example_dags/example_complex.py
[2023-11-11T17:02:04.615+0000] {logging_mixin.py:120} INFO - [2023-11-11T17:02:04.615+0000] {taskmixin.py:205} WARNING - Dependency <Task(BashOperator): create_entry_group>, delete_entry_group already registered for DAG: example_complex
[2023-11-11T17:02:04.616+0000] {logging_mixin.py:120} INFO - [2023-11-11T17:02:04.615+0000] {taskmixin.py:205} WARNING - Dependency <Task(BashOperator): delete_entry_group>, create_entry_group already registered for DAG: example_complex
[2023-11-11T17:02:04.616+0000] {logging_mixin.py:120} INFO - [2023-11-11T17:02:04.616+0000] {taskmixin.py:205} WARNING - Dependency <Task(BashOperator): create_entry_gcs>, delete_entry already registered for DAG: example_complex
[2023-11-11T17:02:04.617+0000] {logging_mixin.py:120} INFO - [2023-11-11T17:02:04.616+0000] {taskmixin.py:205} WARNING - Dependency <Task(BashOperator): delete_entry>, create_entry_gcs already registered for DAG: example_complex
[2023-11-11T17:02:04.618+0000] {logging_mixin.py:120} INFO - [2023-11-11T17:02:04.617+0000] {taskmixin.py:205} WARNING - Dependency <Task(BashOperator): create_tag>, delete_tag already registered for DAG: example_complex
[2023-11-11T17:02:04.618+0000] {logging_mixin.py:120} INFO - [2023-11-11T17:02:04.618+0000] {taskmixin.py:205} WARNING - Dependency <Task(BashOperator): delete_tag>, create_tag already registered for DAG: example_complex
[2023-11-11T17:02:04.649+0000] {processor.py:766} INFO - DAG(s) dict_keys(['example_complex']) retrieved from /home/airflow/.local/lib/python3.7/site-packages/airflow/example_dags/example_complex.py
[2023-11-11T17:02:04.786+0000] {logging_mixin.py:120} INFO - [2023-11-11T17:02:04.780+0000] {dag.py:2585} INFO - Sync 1 DAGs
[2023-11-11T17:02:04.876+0000] {logging_mixin.py:120} INFO - [2023-11-11T17:02:04.876+0000] {dag.py:3340} INFO - Setting next_dagrun for example_complex to None, run_after=None
[2023-11-11T17:02:04.948+0000] {processor.py:176} INFO - Processing /home/airflow/.local/lib/python3.7/site-packages/airflow/example_dags/example_complex.py took 0.387 seconds
[2023-11-11T17:02:36.934+0000] {processor.py:154} INFO - Started process (PID=121) to work on /home/airflow/.local/lib/python3.7/site-packages/airflow/example_dags/example_complex.py
[2023-11-11T17:02:36.938+0000] {processor.py:756} INFO - Processing file /home/airflow/.local/lib/python3.7/site-packages/airflow/example_dags/example_complex.py for tasks to queue
[2023-11-11T17:02:36.939+0000] {logging_mixin.py:120} INFO - [2023-11-11T17:02:36.939+0000] {dagbag.py:537} INFO - Filling up the DagBag from /home/airflow/.local/lib/python3.7/site-packages/airflow/example_dags/example_complex.py
[2023-11-11T17:02:36.972+0000] {logging_mixin.py:120} INFO - [2023-11-11T17:02:36.971+0000] {taskmixin.py:205} WARNING - Dependency <Task(BashOperator): create_entry_group>, delete_entry_group already registered for DAG: example_complex
[2023-11-11T17:02:36.973+0000] {logging_mixin.py:120} INFO - [2023-11-11T17:02:36.973+0000] {taskmixin.py:205} WARNING - Dependency <Task(BashOperator): delete_entry_group>, create_entry_group already registered for DAG: example_complex
[2023-11-11T17:02:36.973+0000] {logging_mixin.py:120} INFO - [2023-11-11T17:02:36.973+0000] {taskmixin.py:205} WARNING - Dependency <Task(BashOperator): create_entry_gcs>, delete_entry already registered for DAG: example_complex
[2023-11-11T17:02:36.974+0000] {logging_mixin.py:120} INFO - [2023-11-11T17:02:36.973+0000] {taskmixin.py:205} WARNING - Dependency <Task(BashOperator): delete_entry>, create_entry_gcs already registered for DAG: example_complex
[2023-11-11T17:02:36.974+0000] {logging_mixin.py:120} INFO - [2023-11-11T17:02:36.974+0000] {taskmixin.py:205} WARNING - Dependency <Task(BashOperator): create_tag>, delete_tag already registered for DAG: example_complex
[2023-11-11T17:02:36.975+0000] {logging_mixin.py:120} INFO - [2023-11-11T17:02:36.974+0000] {taskmixin.py:205} WARNING - Dependency <Task(BashOperator): delete_tag>, create_tag already registered for DAG: example_complex
[2023-11-11T17:02:36.992+0000] {processor.py:766} INFO - DAG(s) dict_keys(['example_complex']) retrieved from /home/airflow/.local/lib/python3.7/site-packages/airflow/example_dags/example_complex.py
[2023-11-11T17:02:37.105+0000] {logging_mixin.py:120} INFO - [2023-11-11T17:02:37.105+0000] {dag.py:2585} INFO - Sync 1 DAGs
[2023-11-11T17:02:37.167+0000] {logging_mixin.py:120} INFO - [2023-11-11T17:02:37.167+0000] {dag.py:3340} INFO - Setting next_dagrun for example_complex to None, run_after=None
[2023-11-11T17:02:37.229+0000] {processor.py:176} INFO - Processing /home/airflow/.local/lib/python3.7/site-packages/airflow/example_dags/example_complex.py took 0.299 seconds
[2023-11-11T17:03:08.686+0000] {processor.py:154} INFO - Started process (PID=176) to work on /home/airflow/.local/lib/python3.7/site-packages/airflow/example_dags/example_complex.py
[2023-11-11T17:03:08.690+0000] {processor.py:756} INFO - Processing file /home/airflow/.local/lib/python3.7/site-packages/airflow/example_dags/example_complex.py for tasks to queue
[2023-11-11T17:03:08.692+0000] {logging_mixin.py:120} INFO - [2023-11-11T17:03:08.691+0000] {dagbag.py:537} INFO - Filling up the DagBag from /home/airflow/.local/lib/python3.7/site-packages/airflow/example_dags/example_complex.py
[2023-11-11T17:03:08.759+0000] {logging_mixin.py:120} INFO - [2023-11-11T17:03:08.758+0000] {taskmixin.py:205} WARNING - Dependency <Task(BashOperator): create_entry_group>, delete_entry_group already registered for DAG: example_complex
[2023-11-11T17:03:08.759+0000] {logging_mixin.py:120} INFO - [2023-11-11T17:03:08.759+0000] {taskmixin.py:205} WARNING - Dependency <Task(BashOperator): delete_entry_group>, create_entry_group already registered for DAG: example_complex
[2023-11-11T17:03:08.760+0000] {logging_mixin.py:120} INFO - [2023-11-11T17:03:08.760+0000] {taskmixin.py:205} WARNING - Dependency <Task(BashOperator): create_entry_gcs>, delete_entry already registered for DAG: example_complex
[2023-11-11T17:03:08.761+0000] {logging_mixin.py:120} INFO - [2023-11-11T17:03:08.760+0000] {taskmixin.py:205} WARNING - Dependency <Task(BashOperator): delete_entry>, create_entry_gcs already registered for DAG: example_complex
[2023-11-11T17:03:08.762+0000] {logging_mixin.py:120} INFO - [2023-11-11T17:03:08.761+0000] {taskmixin.py:205} WARNING - Dependency <Task(BashOperator): create_tag>, delete_tag already registered for DAG: example_complex
[2023-11-11T17:03:08.763+0000] {logging_mixin.py:120} INFO - [2023-11-11T17:03:08.763+0000] {taskmixin.py:205} WARNING - Dependency <Task(BashOperator): delete_tag>, create_tag already registered for DAG: example_complex
[2023-11-11T17:03:08.792+0000] {processor.py:766} INFO - DAG(s) dict_keys(['example_complex']) retrieved from /home/airflow/.local/lib/python3.7/site-packages/airflow/example_dags/example_complex.py
[2023-11-11T17:03:08.954+0000] {logging_mixin.py:120} INFO - [2023-11-11T17:03:08.954+0000] {dag.py:2585} INFO - Sync 1 DAGs
[2023-11-11T17:03:09.030+0000] {logging_mixin.py:120} INFO - [2023-11-11T17:03:09.029+0000] {dag.py:3340} INFO - Setting next_dagrun for example_complex to None, run_after=None
[2023-11-11T17:03:09.093+0000] {processor.py:176} INFO - Processing /home/airflow/.local/lib/python3.7/site-packages/airflow/example_dags/example_complex.py took 0.419 seconds
[2023-11-11T17:03:39.473+0000] {processor.py:154} INFO - Started process (PID=230) to work on /home/airflow/.local/lib/python3.7/site-packages/airflow/example_dags/example_complex.py
[2023-11-11T17:03:39.475+0000] {processor.py:756} INFO - Processing file /home/airflow/.local/lib/python3.7/site-packages/airflow/example_dags/example_complex.py for tasks to queue
[2023-11-11T17:03:39.476+0000] {logging_mixin.py:120} INFO - [2023-11-11T17:03:39.476+0000] {dagbag.py:537} INFO - Filling up the DagBag from /home/airflow/.local/lib/python3.7/site-packages/airflow/example_dags/example_complex.py
[2023-11-11T17:03:39.495+0000] {logging_mixin.py:120} INFO - [2023-11-11T17:03:39.495+0000] {taskmixin.py:205} WARNING - Dependency <Task(BashOperator): create_entry_group>, delete_entry_group already registered for DAG: example_complex
[2023-11-11T17:03:39.495+0000] {logging_mixin.py:120} INFO - [2023-11-11T17:03:39.495+0000] {taskmixin.py:205} WARNING - Dependency <Task(BashOperator): delete_entry_group>, create_entry_group already registered for DAG: example_complex
[2023-11-11T17:03:39.497+0000] {logging_mixin.py:120} INFO - [2023-11-11T17:03:39.497+0000] {taskmixin.py:205} WARNING - Dependency <Task(BashOperator): create_entry_gcs>, delete_entry already registered for DAG: example_complex
[2023-11-11T17:03:39.497+0000] {logging_mixin.py:120} INFO - [2023-11-11T17:03:39.497+0000] {taskmixin.py:205} WARNING - Dependency <Task(BashOperator): delete_entry>, create_entry_gcs already registered for DAG: example_complex
[2023-11-11T17:03:39.498+0000] {logging_mixin.py:120} INFO - [2023-11-11T17:03:39.498+0000] {taskmixin.py:205} WARNING - Dependency <Task(BashOperator): create_tag>, delete_tag already registered for DAG: example_complex
[2023-11-11T17:03:39.498+0000] {logging_mixin.py:120} INFO - [2023-11-11T17:03:39.498+0000] {taskmixin.py:205} WARNING - Dependency <Task(BashOperator): delete_tag>, create_tag already registered for DAG: example_complex
[2023-11-11T17:03:39.533+0000] {processor.py:766} INFO - DAG(s) dict_keys(['example_complex']) retrieved from /home/airflow/.local/lib/python3.7/site-packages/airflow/example_dags/example_complex.py
[2023-11-11T17:03:39.639+0000] {logging_mixin.py:120} INFO - [2023-11-11T17:03:39.639+0000] {dag.py:2585} INFO - Sync 1 DAGs
[2023-11-11T17:03:39.701+0000] {logging_mixin.py:120} INFO - [2023-11-11T17:03:39.701+0000] {dag.py:3340} INFO - Setting next_dagrun for example_complex to None, run_after=None
[2023-11-11T17:03:39.742+0000] {processor.py:176} INFO - Processing /home/airflow/.local/lib/python3.7/site-packages/airflow/example_dags/example_complex.py took 0.276 seconds
[2023-11-11T17:04:10.010+0000] {processor.py:154} INFO - Started process (PID=294) to work on /home/airflow/.local/lib/python3.7/site-packages/airflow/example_dags/example_complex.py
[2023-11-11T17:04:10.012+0000] {processor.py:756} INFO - Processing file /home/airflow/.local/lib/python3.7/site-packages/airflow/example_dags/example_complex.py for tasks to queue
[2023-11-11T17:04:10.013+0000] {logging_mixin.py:120} INFO - [2023-11-11T17:04:10.013+0000] {dagbag.py:537} INFO - Filling up the DagBag from /home/airflow/.local/lib/python3.7/site-packages/airflow/example_dags/example_complex.py
[2023-11-11T17:04:10.037+0000] {logging_mixin.py:120} INFO - [2023-11-11T17:04:10.036+0000] {taskmixin.py:205} WARNING - Dependency <Task(BashOperator): create_entry_group>, delete_entry_group already registered for DAG: example_complex
[2023-11-11T17:04:10.037+0000] {logging_mixin.py:120} INFO - [2023-11-11T17:04:10.037+0000] {taskmixin.py:205} WARNING - Dependency <Task(BashOperator): delete_entry_group>, create_entry_group already registered for DAG: example_complex
[2023-11-11T17:04:10.037+0000] {logging_mixin.py:120} INFO - [2023-11-11T17:04:10.037+0000] {taskmixin.py:205} WARNING - Dependency <Task(BashOperator): create_entry_gcs>, delete_entry already registered for DAG: example_complex
[2023-11-11T17:04:10.037+0000] {logging_mixin.py:120} INFO - [2023-11-11T17:04:10.037+0000] {taskmixin.py:205} WARNING - Dependency <Task(BashOperator): delete_entry>, create_entry_gcs already registered for DAG: example_complex
[2023-11-11T17:04:10.038+0000] {logging_mixin.py:120} INFO - [2023-11-11T17:04:10.038+0000] {taskmixin.py:205} WARNING - Dependency <Task(BashOperator): create_tag>, delete_tag already registered for DAG: example_complex
[2023-11-11T17:04:10.038+0000] {logging_mixin.py:120} INFO - [2023-11-11T17:04:10.038+0000] {taskmixin.py:205} WARNING - Dependency <Task(BashOperator): delete_tag>, create_tag already registered for DAG: example_complex
[2023-11-11T17:04:10.050+0000] {processor.py:766} INFO - DAG(s) dict_keys(['example_complex']) retrieved from /home/airflow/.local/lib/python3.7/site-packages/airflow/example_dags/example_complex.py
[2023-11-11T17:04:10.120+0000] {logging_mixin.py:120} INFO - [2023-11-11T17:04:10.119+0000] {dag.py:2585} INFO - Sync 1 DAGs
[2023-11-11T17:04:10.154+0000] {logging_mixin.py:120} INFO - [2023-11-11T17:04:10.154+0000] {dag.py:3340} INFO - Setting next_dagrun for example_complex to None, run_after=None
[2023-11-11T17:04:10.189+0000] {processor.py:176} INFO - Processing /home/airflow/.local/lib/python3.7/site-packages/airflow/example_dags/example_complex.py took 0.188 seconds
[2023-11-11T17:04:40.769+0000] {processor.py:154} INFO - Started process (PID=348) to work on /home/airflow/.local/lib/python3.7/site-packages/airflow/example_dags/example_complex.py
[2023-11-11T17:04:40.770+0000] {processor.py:756} INFO - Processing file /home/airflow/.local/lib/python3.7/site-packages/airflow/example_dags/example_complex.py for tasks to queue
[2023-11-11T17:04:40.771+0000] {logging_mixin.py:120} INFO - [2023-11-11T17:04:40.771+0000] {dagbag.py:537} INFO - Filling up the DagBag from /home/airflow/.local/lib/python3.7/site-packages/airflow/example_dags/example_complex.py
[2023-11-11T17:04:40.784+0000] {logging_mixin.py:120} INFO - [2023-11-11T17:04:40.784+0000] {taskmixin.py:205} WARNING - Dependency <Task(BashOperator): create_entry_group>, delete_entry_group already registered for DAG: example_complex
[2023-11-11T17:04:40.784+0000] {logging_mixin.py:120} INFO - [2023-11-11T17:04:40.784+0000] {taskmixin.py:205} WARNING - Dependency <Task(BashOperator): delete_entry_group>, create_entry_group already registered for DAG: example_complex
[2023-11-11T17:04:40.784+0000] {logging_mixin.py:120} INFO - [2023-11-11T17:04:40.784+0000] {taskmixin.py:205} WARNING - Dependency <Task(BashOperator): create_entry_gcs>, delete_entry already registered for DAG: example_complex
[2023-11-11T17:04:40.785+0000] {logging_mixin.py:120} INFO - [2023-11-11T17:04:40.784+0000] {taskmixin.py:205} WARNING - Dependency <Task(BashOperator): delete_entry>, create_entry_gcs already registered for DAG: example_complex
[2023-11-11T17:04:40.785+0000] {logging_mixin.py:120} INFO - [2023-11-11T17:04:40.785+0000] {taskmixin.py:205} WARNING - Dependency <Task(BashOperator): create_tag>, delete_tag already registered for DAG: example_complex
[2023-11-11T17:04:40.785+0000] {logging_mixin.py:120} INFO - [2023-11-11T17:04:40.785+0000] {taskmixin.py:205} WARNING - Dependency <Task(BashOperator): delete_tag>, create_tag already registered for DAG: example_complex
[2023-11-11T17:04:40.794+0000] {processor.py:766} INFO - DAG(s) dict_keys(['example_complex']) retrieved from /home/airflow/.local/lib/python3.7/site-packages/airflow/example_dags/example_complex.py
[2023-11-11T17:04:40.857+0000] {logging_mixin.py:120} INFO - [2023-11-11T17:04:40.856+0000] {dag.py:2585} INFO - Sync 1 DAGs
[2023-11-11T17:04:40.909+0000] {logging_mixin.py:120} INFO - [2023-11-11T17:04:40.909+0000] {dag.py:3340} INFO - Setting next_dagrun for example_complex to None, run_after=None
[2023-11-11T17:04:40.931+0000] {processor.py:176} INFO - Processing /home/airflow/.local/lib/python3.7/site-packages/airflow/example_dags/example_complex.py took 0.166 seconds
[2023-11-11T17:05:11.429+0000] {processor.py:154} INFO - Started process (PID=411) to work on /home/airflow/.local/lib/python3.7/site-packages/airflow/example_dags/example_complex.py
[2023-11-11T17:05:11.430+0000] {processor.py:756} INFO - Processing file /home/airflow/.local/lib/python3.7/site-packages/airflow/example_dags/example_complex.py for tasks to queue
[2023-11-11T17:05:11.431+0000] {logging_mixin.py:120} INFO - [2023-11-11T17:05:11.431+0000] {dagbag.py:537} INFO - Filling up the DagBag from /home/airflow/.local/lib/python3.7/site-packages/airflow/example_dags/example_complex.py
[2023-11-11T17:05:11.448+0000] {logging_mixin.py:120} INFO - [2023-11-11T17:05:11.447+0000] {taskmixin.py:205} WARNING - Dependency <Task(BashOperator): create_entry_group>, delete_entry_group already registered for DAG: example_complex
[2023-11-11T17:05:11.448+0000] {logging_mixin.py:120} INFO - [2023-11-11T17:05:11.448+0000] {taskmixin.py:205} WARNING - Dependency <Task(BashOperator): delete_entry_group>, create_entry_group already registered for DAG: example_complex
[2023-11-11T17:05:11.448+0000] {logging_mixin.py:120} INFO - [2023-11-11T17:05:11.448+0000] {taskmixin.py:205} WARNING - Dependency <Task(BashOperator): create_entry_gcs>, delete_entry already registered for DAG: example_complex
[2023-11-11T17:05:11.448+0000] {logging_mixin.py:120} INFO - [2023-11-11T17:05:11.448+0000] {taskmixin.py:205} WARNING - Dependency <Task(BashOperator): delete_entry>, create_entry_gcs already registered for DAG: example_complex
[2023-11-11T17:05:11.449+0000] {logging_mixin.py:120} INFO - [2023-11-11T17:05:11.449+0000] {taskmixin.py:205} WARNING - Dependency <Task(BashOperator): create_tag>, delete_tag already registered for DAG: example_complex
[2023-11-11T17:05:11.449+0000] {logging_mixin.py:120} INFO - [2023-11-11T17:05:11.449+0000] {taskmixin.py:205} WARNING - Dependency <Task(BashOperator): delete_tag>, create_tag already registered for DAG: example_complex
[2023-11-11T17:05:11.457+0000] {processor.py:766} INFO - DAG(s) dict_keys(['example_complex']) retrieved from /home/airflow/.local/lib/python3.7/site-packages/airflow/example_dags/example_complex.py
[2023-11-11T17:05:11.518+0000] {logging_mixin.py:120} INFO - [2023-11-11T17:05:11.518+0000] {dag.py:2585} INFO - Sync 1 DAGs
[2023-11-11T17:05:11.550+0000] {logging_mixin.py:120} INFO - [2023-11-11T17:05:11.550+0000] {dag.py:3340} INFO - Setting next_dagrun for example_complex to None, run_after=None
[2023-11-11T17:05:11.576+0000] {processor.py:176} INFO - Processing /home/airflow/.local/lib/python3.7/site-packages/airflow/example_dags/example_complex.py took 0.152 seconds
[2023-11-11T17:05:41.911+0000] {processor.py:154} INFO - Started process (PID=474) to work on /home/airflow/.local/lib/python3.7/site-packages/airflow/example_dags/example_complex.py
[2023-11-11T17:05:41.913+0000] {processor.py:756} INFO - Processing file /home/airflow/.local/lib/python3.7/site-packages/airflow/example_dags/example_complex.py for tasks to queue
[2023-11-11T17:05:41.914+0000] {logging_mixin.py:120} INFO - [2023-11-11T17:05:41.914+0000] {dagbag.py:537} INFO - Filling up the DagBag from /home/airflow/.local/lib/python3.7/site-packages/airflow/example_dags/example_complex.py
[2023-11-11T17:05:41.929+0000] {logging_mixin.py:120} INFO - [2023-11-11T17:05:41.928+0000] {taskmixin.py:205} WARNING - Dependency <Task(BashOperator): create_entry_group>, delete_entry_group already registered for DAG: example_complex
[2023-11-11T17:05:41.929+0000] {logging_mixin.py:120} INFO - [2023-11-11T17:05:41.929+0000] {taskmixin.py:205} WARNING - Dependency <Task(BashOperator): delete_entry_group>, create_entry_group already registered for DAG: example_complex
[2023-11-11T17:05:41.929+0000] {logging_mixin.py:120} INFO - [2023-11-11T17:05:41.929+0000] {taskmixin.py:205} WARNING - Dependency <Task(BashOperator): create_entry_gcs>, delete_entry already registered for DAG: example_complex
[2023-11-11T17:05:41.930+0000] {logging_mixin.py:120} INFO - [2023-11-11T17:05:41.930+0000] {taskmixin.py:205} WARNING - Dependency <Task(BashOperator): delete_entry>, create_entry_gcs already registered for DAG: example_complex
[2023-11-11T17:05:41.930+0000] {logging_mixin.py:120} INFO - [2023-11-11T17:05:41.930+0000] {taskmixin.py:205} WARNING - Dependency <Task(BashOperator): create_tag>, delete_tag already registered for DAG: example_complex
[2023-11-11T17:05:41.931+0000] {logging_mixin.py:120} INFO - [2023-11-11T17:05:41.930+0000] {taskmixin.py:205} WARNING - Dependency <Task(BashOperator): delete_tag>, create_tag already registered for DAG: example_complex
[2023-11-11T17:05:41.939+0000] {processor.py:766} INFO - DAG(s) dict_keys(['example_complex']) retrieved from /home/airflow/.local/lib/python3.7/site-packages/airflow/example_dags/example_complex.py
[2023-11-11T17:05:41.998+0000] {logging_mixin.py:120} INFO - [2023-11-11T17:05:41.998+0000] {dag.py:2585} INFO - Sync 1 DAGs
[2023-11-11T17:05:42.030+0000] {logging_mixin.py:120} INFO - [2023-11-11T17:05:42.030+0000] {dag.py:3340} INFO - Setting next_dagrun for example_complex to None, run_after=None
[2023-11-11T17:05:42.059+0000] {processor.py:176} INFO - Processing /home/airflow/.local/lib/python3.7/site-packages/airflow/example_dags/example_complex.py took 0.151 seconds
[2023-11-11T17:06:12.986+0000] {processor.py:154} INFO - Started process (PID=528) to work on /home/airflow/.local/lib/python3.7/site-packages/airflow/example_dags/example_complex.py
[2023-11-11T17:06:12.987+0000] {processor.py:756} INFO - Processing file /home/airflow/.local/lib/python3.7/site-packages/airflow/example_dags/example_complex.py for tasks to queue
[2023-11-11T17:06:12.988+0000] {logging_mixin.py:120} INFO - [2023-11-11T17:06:12.988+0000] {dagbag.py:537} INFO - Filling up the DagBag from /home/airflow/.local/lib/python3.7/site-packages/airflow/example_dags/example_complex.py
[2023-11-11T17:06:13.003+0000] {logging_mixin.py:120} INFO - [2023-11-11T17:06:13.003+0000] {taskmixin.py:205} WARNING - Dependency <Task(BashOperator): create_entry_group>, delete_entry_group already registered for DAG: example_complex
[2023-11-11T17:06:13.003+0000] {logging_mixin.py:120} INFO - [2023-11-11T17:06:13.003+0000] {taskmixin.py:205} WARNING - Dependency <Task(BashOperator): delete_entry_group>, create_entry_group already registered for DAG: example_complex
[2023-11-11T17:06:13.004+0000] {logging_mixin.py:120} INFO - [2023-11-11T17:06:13.004+0000] {taskmixin.py:205} WARNING - Dependency <Task(BashOperator): create_entry_gcs>, delete_entry already registered for DAG: example_complex
[2023-11-11T17:06:13.004+0000] {logging_mixin.py:120} INFO - [2023-11-11T17:06:13.004+0000] {taskmixin.py:205} WARNING - Dependency <Task(BashOperator): delete_entry>, create_entry_gcs already registered for DAG: example_complex
[2023-11-11T17:06:13.004+0000] {logging_mixin.py:120} INFO - [2023-11-11T17:06:13.004+0000] {taskmixin.py:205} WARNING - Dependency <Task(BashOperator): create_tag>, delete_tag already registered for DAG: example_complex
[2023-11-11T17:06:13.005+0000] {logging_mixin.py:120} INFO - [2023-11-11T17:06:13.005+0000] {taskmixin.py:205} WARNING - Dependency <Task(BashOperator): delete_tag>, create_tag already registered for DAG: example_complex
[2023-11-11T17:06:13.017+0000] {processor.py:766} INFO - DAG(s) dict_keys(['example_complex']) retrieved from /home/airflow/.local/lib/python3.7/site-packages/airflow/example_dags/example_complex.py
[2023-11-11T17:06:13.109+0000] {logging_mixin.py:120} INFO - [2023-11-11T17:06:13.108+0000] {dag.py:2585} INFO - Sync 1 DAGs
[2023-11-11T17:06:13.243+0000] {logging_mixin.py:120} INFO - [2023-11-11T17:06:13.243+0000] {dag.py:3340} INFO - Setting next_dagrun for example_complex to None, run_after=None
[2023-11-11T17:06:13.299+0000] {processor.py:176} INFO - Processing /home/airflow/.local/lib/python3.7/site-packages/airflow/example_dags/example_complex.py took 0.317 seconds
[2023-11-11T17:06:44.011+0000] {processor.py:154} INFO - Started process (PID=591) to work on /home/airflow/.local/lib/python3.7/site-packages/airflow/example_dags/example_complex.py
[2023-11-11T17:06:44.013+0000] {processor.py:756} INFO - Processing file /home/airflow/.local/lib/python3.7/site-packages/airflow/example_dags/example_complex.py for tasks to queue
[2023-11-11T17:06:44.015+0000] {logging_mixin.py:120} INFO - [2023-11-11T17:06:44.014+0000] {dagbag.py:537} INFO - Filling up the DagBag from /home/airflow/.local/lib/python3.7/site-packages/airflow/example_dags/example_complex.py
[2023-11-11T17:06:44.036+0000] {logging_mixin.py:120} INFO - [2023-11-11T17:06:44.035+0000] {taskmixin.py:205} WARNING - Dependency <Task(BashOperator): create_entry_group>, delete_entry_group already registered for DAG: example_complex
[2023-11-11T17:06:44.036+0000] {logging_mixin.py:120} INFO - [2023-11-11T17:06:44.036+0000] {taskmixin.py:205} WARNING - Dependency <Task(BashOperator): delete_entry_group>, create_entry_group already registered for DAG: example_complex
[2023-11-11T17:06:44.037+0000] {logging_mixin.py:120} INFO - [2023-11-11T17:06:44.037+0000] {taskmixin.py:205} WARNING - Dependency <Task(BashOperator): create_entry_gcs>, delete_entry already registered for DAG: example_complex
[2023-11-11T17:06:44.037+0000] {logging_mixin.py:120} INFO - [2023-11-11T17:06:44.037+0000] {taskmixin.py:205} WARNING - Dependency <Task(BashOperator): delete_entry>, create_entry_gcs already registered for DAG: example_complex
[2023-11-11T17:06:44.038+0000] {logging_mixin.py:120} INFO - [2023-11-11T17:06:44.038+0000] {taskmixin.py:205} WARNING - Dependency <Task(BashOperator): create_tag>, delete_tag already registered for DAG: example_complex
[2023-11-11T17:06:44.039+0000] {logging_mixin.py:120} INFO - [2023-11-11T17:06:44.038+0000] {taskmixin.py:205} WARNING - Dependency <Task(BashOperator): delete_tag>, create_tag already registered for DAG: example_complex
[2023-11-11T17:06:44.062+0000] {processor.py:766} INFO - DAG(s) dict_keys(['example_complex']) retrieved from /home/airflow/.local/lib/python3.7/site-packages/airflow/example_dags/example_complex.py
[2023-11-11T17:06:44.142+0000] {logging_mixin.py:120} INFO - [2023-11-11T17:06:44.142+0000] {dag.py:2585} INFO - Sync 1 DAGs
[2023-11-11T17:06:44.201+0000] {logging_mixin.py:120} INFO - [2023-11-11T17:06:44.201+0000] {dag.py:3340} INFO - Setting next_dagrun for example_complex to None, run_after=None
[2023-11-11T17:06:44.236+0000] {processor.py:176} INFO - Processing /home/airflow/.local/lib/python3.7/site-packages/airflow/example_dags/example_complex.py took 0.232 seconds
[2023-11-11T17:07:14.566+0000] {processor.py:154} INFO - Started process (PID=645) to work on /home/airflow/.local/lib/python3.7/site-packages/airflow/example_dags/example_complex.py
[2023-11-11T17:07:14.569+0000] {processor.py:756} INFO - Processing file /home/airflow/.local/lib/python3.7/site-packages/airflow/example_dags/example_complex.py for tasks to queue
[2023-11-11T17:07:14.571+0000] {logging_mixin.py:120} INFO - [2023-11-11T17:07:14.570+0000] {dagbag.py:537} INFO - Filling up the DagBag from /home/airflow/.local/lib/python3.7/site-packages/airflow/example_dags/example_complex.py
[2023-11-11T17:07:14.589+0000] {logging_mixin.py:120} INFO - [2023-11-11T17:07:14.588+0000] {taskmixin.py:205} WARNING - Dependency <Task(BashOperator): create_entry_group>, delete_entry_group already registered for DAG: example_complex
[2023-11-11T17:07:14.589+0000] {logging_mixin.py:120} INFO - [2023-11-11T17:07:14.589+0000] {taskmixin.py:205} WARNING - Dependency <Task(BashOperator): delete_entry_group>, create_entry_group already registered for DAG: example_complex
[2023-11-11T17:07:14.589+0000] {logging_mixin.py:120} INFO - [2023-11-11T17:07:14.589+0000] {taskmixin.py:205} WARNING - Dependency <Task(BashOperator): create_entry_gcs>, delete_entry already registered for DAG: example_complex
[2023-11-11T17:07:14.589+0000] {logging_mixin.py:120} INFO - [2023-11-11T17:07:14.589+0000] {taskmixin.py:205} WARNING - Dependency <Task(BashOperator): delete_entry>, create_entry_gcs already registered for DAG: example_complex
[2023-11-11T17:07:14.590+0000] {logging_mixin.py:120} INFO - [2023-11-11T17:07:14.590+0000] {taskmixin.py:205} WARNING - Dependency <Task(BashOperator): create_tag>, delete_tag already registered for DAG: example_complex
[2023-11-11T17:07:14.590+0000] {logging_mixin.py:120} INFO - [2023-11-11T17:07:14.590+0000] {taskmixin.py:205} WARNING - Dependency <Task(BashOperator): delete_tag>, create_tag already registered for DAG: example_complex
[2023-11-11T17:07:14.598+0000] {processor.py:766} INFO - DAG(s) dict_keys(['example_complex']) retrieved from /home/airflow/.local/lib/python3.7/site-packages/airflow/example_dags/example_complex.py
[2023-11-11T17:07:14.669+0000] {logging_mixin.py:120} INFO - [2023-11-11T17:07:14.669+0000] {dag.py:2585} INFO - Sync 1 DAGs
[2023-11-11T17:07:14.704+0000] {logging_mixin.py:120} INFO - [2023-11-11T17:07:14.704+0000] {dag.py:3340} INFO - Setting next_dagrun for example_complex to None, run_after=None
[2023-11-11T17:07:14.738+0000] {processor.py:176} INFO - Processing /home/airflow/.local/lib/python3.7/site-packages/airflow/example_dags/example_complex.py took 0.183 seconds
[2023-11-11T17:29:34.313+0000] {processor.py:154} INFO - Started process (PID=81) to work on /home/airflow/.local/lib/python3.7/site-packages/airflow/example_dags/example_complex.py
[2023-11-11T17:29:34.329+0000] {processor.py:756} INFO - Processing file /home/airflow/.local/lib/python3.7/site-packages/airflow/example_dags/example_complex.py for tasks to queue
[2023-11-11T17:29:34.337+0000] {logging_mixin.py:120} INFO - [2023-11-11T17:29:34.336+0000] {dagbag.py:537} INFO - Filling up the DagBag from /home/airflow/.local/lib/python3.7/site-packages/airflow/example_dags/example_complex.py
[2023-11-11T17:29:34.469+0000] {logging_mixin.py:120} INFO - [2023-11-11T17:29:34.468+0000] {taskmixin.py:205} WARNING - Dependency <Task(BashOperator): create_entry_group>, delete_entry_group already registered for DAG: example_complex
[2023-11-11T17:29:34.470+0000] {logging_mixin.py:120} INFO - [2023-11-11T17:29:34.469+0000] {taskmixin.py:205} WARNING - Dependency <Task(BashOperator): delete_entry_group>, create_entry_group already registered for DAG: example_complex
[2023-11-11T17:29:34.477+0000] {logging_mixin.py:120} INFO - [2023-11-11T17:29:34.476+0000] {taskmixin.py:205} WARNING - Dependency <Task(BashOperator): create_entry_gcs>, delete_entry already registered for DAG: example_complex
[2023-11-11T17:29:34.478+0000] {logging_mixin.py:120} INFO - [2023-11-11T17:29:34.477+0000] {taskmixin.py:205} WARNING - Dependency <Task(BashOperator): delete_entry>, create_entry_gcs already registered for DAG: example_complex
[2023-11-11T17:29:34.478+0000] {logging_mixin.py:120} INFO - [2023-11-11T17:29:34.478+0000] {taskmixin.py:205} WARNING - Dependency <Task(BashOperator): create_tag>, delete_tag already registered for DAG: example_complex
[2023-11-11T17:29:34.480+0000] {logging_mixin.py:120} INFO - [2023-11-11T17:29:34.479+0000] {taskmixin.py:205} WARNING - Dependency <Task(BashOperator): delete_tag>, create_tag already registered for DAG: example_complex
[2023-11-11T17:29:34.536+0000] {processor.py:766} INFO - DAG(s) dict_keys(['example_complex']) retrieved from /home/airflow/.local/lib/python3.7/site-packages/airflow/example_dags/example_complex.py
[2023-11-11T17:29:36.491+0000] {logging_mixin.py:120} INFO - [2023-11-11T17:29:36.490+0000] {manager.py:507} INFO - Created Permission View: can read on DAG:example_complex
[2023-11-11T17:29:36.535+0000] {logging_mixin.py:120} INFO - [2023-11-11T17:29:36.535+0000] {manager.py:507} INFO - Created Permission View: can delete on DAG:example_complex
[2023-11-11T17:29:36.566+0000] {logging_mixin.py:120} INFO - [2023-11-11T17:29:36.566+0000] {manager.py:507} INFO - Created Permission View: can edit on DAG:example_complex
[2023-11-11T17:29:36.567+0000] {logging_mixin.py:120} INFO - [2023-11-11T17:29:36.567+0000] {dag.py:2585} INFO - Sync 1 DAGs
[2023-11-11T17:29:36.661+0000] {logging_mixin.py:120} INFO - [2023-11-11T17:29:36.661+0000] {dag.py:2606} INFO - Creating ORM DAG for example_complex
[2023-11-11T17:29:36.777+0000] {logging_mixin.py:120} INFO - [2023-11-11T17:29:36.776+0000] {dag.py:3340} INFO - Setting next_dagrun for example_complex to None, run_after=None
[2023-11-11T17:29:36.920+0000] {processor.py:176} INFO - Processing /home/airflow/.local/lib/python3.7/site-packages/airflow/example_dags/example_complex.py took 2.765 seconds
[2023-11-11T17:30:10.662+0000] {processor.py:154} INFO - Started process (PID=128) to work on /home/airflow/.local/lib/python3.7/site-packages/airflow/example_dags/example_complex.py
[2023-11-11T17:30:10.664+0000] {processor.py:756} INFO - Processing file /home/airflow/.local/lib/python3.7/site-packages/airflow/example_dags/example_complex.py for tasks to queue
[2023-11-11T17:30:10.666+0000] {logging_mixin.py:120} INFO - [2023-11-11T17:30:10.666+0000] {dagbag.py:537} INFO - Filling up the DagBag from /home/airflow/.local/lib/python3.7/site-packages/airflow/example_dags/example_complex.py
[2023-11-11T17:30:10.712+0000] {logging_mixin.py:120} INFO - [2023-11-11T17:30:10.711+0000] {taskmixin.py:205} WARNING - Dependency <Task(BashOperator): create_entry_group>, delete_entry_group already registered for DAG: example_complex
[2023-11-11T17:30:10.712+0000] {logging_mixin.py:120} INFO - [2023-11-11T17:30:10.712+0000] {taskmixin.py:205} WARNING - Dependency <Task(BashOperator): delete_entry_group>, create_entry_group already registered for DAG: example_complex
[2023-11-11T17:30:10.713+0000] {logging_mixin.py:120} INFO - [2023-11-11T17:30:10.713+0000] {taskmixin.py:205} WARNING - Dependency <Task(BashOperator): create_entry_gcs>, delete_entry already registered for DAG: example_complex
[2023-11-11T17:30:10.714+0000] {logging_mixin.py:120} INFO - [2023-11-11T17:30:10.713+0000] {taskmixin.py:205} WARNING - Dependency <Task(BashOperator): delete_entry>, create_entry_gcs already registered for DAG: example_complex
[2023-11-11T17:30:10.719+0000] {logging_mixin.py:120} INFO - [2023-11-11T17:30:10.719+0000] {taskmixin.py:205} WARNING - Dependency <Task(BashOperator): create_tag>, delete_tag already registered for DAG: example_complex
[2023-11-11T17:30:10.719+0000] {logging_mixin.py:120} INFO - [2023-11-11T17:30:10.719+0000] {taskmixin.py:205} WARNING - Dependency <Task(BashOperator): delete_tag>, create_tag already registered for DAG: example_complex
[2023-11-11T17:30:10.742+0000] {processor.py:766} INFO - DAG(s) dict_keys(['example_complex']) retrieved from /home/airflow/.local/lib/python3.7/site-packages/airflow/example_dags/example_complex.py
[2023-11-11T17:30:10.903+0000] {logging_mixin.py:120} INFO - [2023-11-11T17:30:10.902+0000] {dag.py:2585} INFO - Sync 1 DAGs
[2023-11-11T17:30:10.993+0000] {logging_mixin.py:120} INFO - [2023-11-11T17:30:10.993+0000] {dag.py:3340} INFO - Setting next_dagrun for example_complex to None, run_after=None
[2023-11-11T17:30:11.071+0000] {processor.py:176} INFO - Processing /home/airflow/.local/lib/python3.7/site-packages/airflow/example_dags/example_complex.py took 0.423 seconds
[2023-11-11T17:30:43.125+0000] {processor.py:154} INFO - Started process (PID=182) to work on /home/airflow/.local/lib/python3.7/site-packages/airflow/example_dags/example_complex.py
[2023-11-11T17:30:43.138+0000] {processor.py:756} INFO - Processing file /home/airflow/.local/lib/python3.7/site-packages/airflow/example_dags/example_complex.py for tasks to queue
[2023-11-11T17:30:43.140+0000] {logging_mixin.py:120} INFO - [2023-11-11T17:30:43.139+0000] {dagbag.py:537} INFO - Filling up the DagBag from /home/airflow/.local/lib/python3.7/site-packages/airflow/example_dags/example_complex.py
[2023-11-11T17:30:43.209+0000] {logging_mixin.py:120} INFO - [2023-11-11T17:30:43.208+0000] {taskmixin.py:205} WARNING - Dependency <Task(BashOperator): create_entry_group>, delete_entry_group already registered for DAG: example_complex
[2023-11-11T17:30:43.209+0000] {logging_mixin.py:120} INFO - [2023-11-11T17:30:43.209+0000] {taskmixin.py:205} WARNING - Dependency <Task(BashOperator): delete_entry_group>, create_entry_group already registered for DAG: example_complex
[2023-11-11T17:30:43.210+0000] {logging_mixin.py:120} INFO - [2023-11-11T17:30:43.210+0000] {taskmixin.py:205} WARNING - Dependency <Task(BashOperator): create_entry_gcs>, delete_entry already registered for DAG: example_complex
[2023-11-11T17:30:43.210+0000] {logging_mixin.py:120} INFO - [2023-11-11T17:30:43.210+0000] {taskmixin.py:205} WARNING - Dependency <Task(BashOperator): delete_entry>, create_entry_gcs already registered for DAG: example_complex
[2023-11-11T17:30:43.211+0000] {logging_mixin.py:120} INFO - [2023-11-11T17:30:43.211+0000] {taskmixin.py:205} WARNING - Dependency <Task(BashOperator): create_tag>, delete_tag already registered for DAG: example_complex
[2023-11-11T17:30:43.212+0000] {logging_mixin.py:120} INFO - [2023-11-11T17:30:43.212+0000] {taskmixin.py:205} WARNING - Dependency <Task(BashOperator): delete_tag>, create_tag already registered for DAG: example_complex
[2023-11-11T17:30:43.248+0000] {processor.py:766} INFO - DAG(s) dict_keys(['example_complex']) retrieved from /home/airflow/.local/lib/python3.7/site-packages/airflow/example_dags/example_complex.py
[2023-11-11T17:30:43.621+0000] {logging_mixin.py:120} INFO - [2023-11-11T17:30:43.614+0000] {dag.py:2585} INFO - Sync 1 DAGs
[2023-11-11T17:30:43.767+0000] {logging_mixin.py:120} INFO - [2023-11-11T17:30:43.766+0000] {dag.py:3340} INFO - Setting next_dagrun for example_complex to None, run_after=None
[2023-11-11T17:30:43.866+0000] {processor.py:176} INFO - Processing /home/airflow/.local/lib/python3.7/site-packages/airflow/example_dags/example_complex.py took 0.755 seconds
[2023-11-11T17:31:14.642+0000] {processor.py:154} INFO - Started process (PID=237) to work on /home/airflow/.local/lib/python3.7/site-packages/airflow/example_dags/example_complex.py
[2023-11-11T17:31:14.644+0000] {processor.py:756} INFO - Processing file /home/airflow/.local/lib/python3.7/site-packages/airflow/example_dags/example_complex.py for tasks to queue
[2023-11-11T17:31:14.646+0000] {logging_mixin.py:120} INFO - [2023-11-11T17:31:14.645+0000] {dagbag.py:537} INFO - Filling up the DagBag from /home/airflow/.local/lib/python3.7/site-packages/airflow/example_dags/example_complex.py
[2023-11-11T17:31:14.674+0000] {logging_mixin.py:120} INFO - [2023-11-11T17:31:14.674+0000] {taskmixin.py:205} WARNING - Dependency <Task(BashOperator): create_entry_group>, delete_entry_group already registered for DAG: example_complex
[2023-11-11T17:31:14.675+0000] {logging_mixin.py:120} INFO - [2023-11-11T17:31:14.675+0000] {taskmixin.py:205} WARNING - Dependency <Task(BashOperator): delete_entry_group>, create_entry_group already registered for DAG: example_complex
[2023-11-11T17:31:14.675+0000] {logging_mixin.py:120} INFO - [2023-11-11T17:31:14.675+0000] {taskmixin.py:205} WARNING - Dependency <Task(BashOperator): create_entry_gcs>, delete_entry already registered for DAG: example_complex
[2023-11-11T17:31:14.675+0000] {logging_mixin.py:120} INFO - [2023-11-11T17:31:14.675+0000] {taskmixin.py:205} WARNING - Dependency <Task(BashOperator): delete_entry>, create_entry_gcs already registered for DAG: example_complex
[2023-11-11T17:31:14.676+0000] {logging_mixin.py:120} INFO - [2023-11-11T17:31:14.676+0000] {taskmixin.py:205} WARNING - Dependency <Task(BashOperator): create_tag>, delete_tag already registered for DAG: example_complex
[2023-11-11T17:31:14.676+0000] {logging_mixin.py:120} INFO - [2023-11-11T17:31:14.676+0000] {taskmixin.py:205} WARNING - Dependency <Task(BashOperator): delete_tag>, create_tag already registered for DAG: example_complex
[2023-11-11T17:31:14.696+0000] {processor.py:766} INFO - DAG(s) dict_keys(['example_complex']) retrieved from /home/airflow/.local/lib/python3.7/site-packages/airflow/example_dags/example_complex.py
[2023-11-11T17:31:14.826+0000] {logging_mixin.py:120} INFO - [2023-11-11T17:31:14.825+0000] {dag.py:2585} INFO - Sync 1 DAGs
[2023-11-11T17:31:14.898+0000] {logging_mixin.py:120} INFO - [2023-11-11T17:31:14.898+0000] {dag.py:3340} INFO - Setting next_dagrun for example_complex to None, run_after=None
[2023-11-11T17:31:14.971+0000] {processor.py:176} INFO - Processing /home/airflow/.local/lib/python3.7/site-packages/airflow/example_dags/example_complex.py took 0.338 seconds
[2023-11-11T17:31:45.354+0000] {processor.py:154} INFO - Started process (PID=291) to work on /home/airflow/.local/lib/python3.7/site-packages/airflow/example_dags/example_complex.py
[2023-11-11T17:31:45.355+0000] {processor.py:756} INFO - Processing file /home/airflow/.local/lib/python3.7/site-packages/airflow/example_dags/example_complex.py for tasks to queue
[2023-11-11T17:31:45.356+0000] {logging_mixin.py:120} INFO - [2023-11-11T17:31:45.355+0000] {dagbag.py:537} INFO - Filling up the DagBag from /home/airflow/.local/lib/python3.7/site-packages/airflow/example_dags/example_complex.py
[2023-11-11T17:31:45.387+0000] {logging_mixin.py:120} INFO - [2023-11-11T17:31:45.387+0000] {taskmixin.py:205} WARNING - Dependency <Task(BashOperator): create_entry_group>, delete_entry_group already registered for DAG: example_complex
[2023-11-11T17:31:45.388+0000] {logging_mixin.py:120} INFO - [2023-11-11T17:31:45.387+0000] {taskmixin.py:205} WARNING - Dependency <Task(BashOperator): delete_entry_group>, create_entry_group already registered for DAG: example_complex
[2023-11-11T17:31:45.388+0000] {logging_mixin.py:120} INFO - [2023-11-11T17:31:45.388+0000] {taskmixin.py:205} WARNING - Dependency <Task(BashOperator): create_entry_gcs>, delete_entry already registered for DAG: example_complex
[2023-11-11T17:31:45.388+0000] {logging_mixin.py:120} INFO - [2023-11-11T17:31:45.388+0000] {taskmixin.py:205} WARNING - Dependency <Task(BashOperator): delete_entry>, create_entry_gcs already registered for DAG: example_complex
[2023-11-11T17:31:45.389+0000] {logging_mixin.py:120} INFO - [2023-11-11T17:31:45.389+0000] {taskmixin.py:205} WARNING - Dependency <Task(BashOperator): create_tag>, delete_tag already registered for DAG: example_complex
[2023-11-11T17:31:45.389+0000] {logging_mixin.py:120} INFO - [2023-11-11T17:31:45.389+0000] {taskmixin.py:205} WARNING - Dependency <Task(BashOperator): delete_tag>, create_tag already registered for DAG: example_complex
[2023-11-11T17:31:45.410+0000] {processor.py:766} INFO - DAG(s) dict_keys(['example_complex']) retrieved from /home/airflow/.local/lib/python3.7/site-packages/airflow/example_dags/example_complex.py
[2023-11-11T17:31:45.529+0000] {logging_mixin.py:120} INFO - [2023-11-11T17:31:45.528+0000] {dag.py:2585} INFO - Sync 1 DAGs
[2023-11-11T17:31:45.594+0000] {logging_mixin.py:120} INFO - [2023-11-11T17:31:45.594+0000] {dag.py:3340} INFO - Setting next_dagrun for example_complex to None, run_after=None
[2023-11-11T17:31:45.694+0000] {processor.py:176} INFO - Processing /home/airflow/.local/lib/python3.7/site-packages/airflow/example_dags/example_complex.py took 0.350 seconds
[2023-11-11T17:32:16.062+0000] {processor.py:154} INFO - Started process (PID=355) to work on /home/airflow/.local/lib/python3.7/site-packages/airflow/example_dags/example_complex.py
[2023-11-11T17:32:16.065+0000] {processor.py:756} INFO - Processing file /home/airflow/.local/lib/python3.7/site-packages/airflow/example_dags/example_complex.py for tasks to queue
[2023-11-11T17:32:16.066+0000] {logging_mixin.py:120} INFO - [2023-11-11T17:32:16.066+0000] {dagbag.py:537} INFO - Filling up the DagBag from /home/airflow/.local/lib/python3.7/site-packages/airflow/example_dags/example_complex.py
[2023-11-11T17:32:16.098+0000] {logging_mixin.py:120} INFO - [2023-11-11T17:32:16.098+0000] {taskmixin.py:205} WARNING - Dependency <Task(BashOperator): create_entry_group>, delete_entry_group already registered for DAG: example_complex
[2023-11-11T17:32:16.098+0000] {logging_mixin.py:120} INFO - [2023-11-11T17:32:16.098+0000] {taskmixin.py:205} WARNING - Dependency <Task(BashOperator): delete_entry_group>, create_entry_group already registered for DAG: example_complex
[2023-11-11T17:32:16.099+0000] {logging_mixin.py:120} INFO - [2023-11-11T17:32:16.098+0000] {taskmixin.py:205} WARNING - Dependency <Task(BashOperator): create_entry_gcs>, delete_entry already registered for DAG: example_complex
[2023-11-11T17:32:16.099+0000] {logging_mixin.py:120} INFO - [2023-11-11T17:32:16.099+0000] {taskmixin.py:205} WARNING - Dependency <Task(BashOperator): delete_entry>, create_entry_gcs already registered for DAG: example_complex
[2023-11-11T17:32:16.099+0000] {logging_mixin.py:120} INFO - [2023-11-11T17:32:16.099+0000] {taskmixin.py:205} WARNING - Dependency <Task(BashOperator): create_tag>, delete_tag already registered for DAG: example_complex
[2023-11-11T17:32:16.100+0000] {logging_mixin.py:120} INFO - [2023-11-11T17:32:16.100+0000] {taskmixin.py:205} WARNING - Dependency <Task(BashOperator): delete_tag>, create_tag already registered for DAG: example_complex
[2023-11-11T17:32:16.118+0000] {processor.py:766} INFO - DAG(s) dict_keys(['example_complex']) retrieved from /home/airflow/.local/lib/python3.7/site-packages/airflow/example_dags/example_complex.py
[2023-11-11T17:32:16.243+0000] {logging_mixin.py:120} INFO - [2023-11-11T17:32:16.243+0000] {dag.py:2585} INFO - Sync 1 DAGs
[2023-11-11T17:32:16.304+0000] {logging_mixin.py:120} INFO - [2023-11-11T17:32:16.304+0000] {dag.py:3340} INFO - Setting next_dagrun for example_complex to None, run_after=None
[2023-11-11T17:32:16.350+0000] {processor.py:176} INFO - Processing /home/airflow/.local/lib/python3.7/site-packages/airflow/example_dags/example_complex.py took 0.293 seconds
[2023-11-11T17:32:46.428+0000] {processor.py:154} INFO - Started process (PID=409) to work on /home/airflow/.local/lib/python3.7/site-packages/airflow/example_dags/example_complex.py
[2023-11-11T17:32:46.429+0000] {processor.py:756} INFO - Processing file /home/airflow/.local/lib/python3.7/site-packages/airflow/example_dags/example_complex.py for tasks to queue
[2023-11-11T17:32:46.429+0000] {logging_mixin.py:120} INFO - [2023-11-11T17:32:46.429+0000] {dagbag.py:537} INFO - Filling up the DagBag from /home/airflow/.local/lib/python3.7/site-packages/airflow/example_dags/example_complex.py
[2023-11-11T17:32:46.452+0000] {logging_mixin.py:120} INFO - [2023-11-11T17:32:46.452+0000] {taskmixin.py:205} WARNING - Dependency <Task(BashOperator): create_entry_group>, delete_entry_group already registered for DAG: example_complex
[2023-11-11T17:32:46.453+0000] {logging_mixin.py:120} INFO - [2023-11-11T17:32:46.453+0000] {taskmixin.py:205} WARNING - Dependency <Task(BashOperator): delete_entry_group>, create_entry_group already registered for DAG: example_complex
[2023-11-11T17:32:46.454+0000] {logging_mixin.py:120} INFO - [2023-11-11T17:32:46.453+0000] {taskmixin.py:205} WARNING - Dependency <Task(BashOperator): create_entry_gcs>, delete_entry already registered for DAG: example_complex
[2023-11-11T17:32:46.454+0000] {logging_mixin.py:120} INFO - [2023-11-11T17:32:46.454+0000] {taskmixin.py:205} WARNING - Dependency <Task(BashOperator): delete_entry>, create_entry_gcs already registered for DAG: example_complex
[2023-11-11T17:32:46.454+0000] {logging_mixin.py:120} INFO - [2023-11-11T17:32:46.454+0000] {taskmixin.py:205} WARNING - Dependency <Task(BashOperator): create_tag>, delete_tag already registered for DAG: example_complex
[2023-11-11T17:32:46.455+0000] {logging_mixin.py:120} INFO - [2023-11-11T17:32:46.455+0000] {taskmixin.py:205} WARNING - Dependency <Task(BashOperator): delete_tag>, create_tag already registered for DAG: example_complex
[2023-11-11T17:32:46.469+0000] {processor.py:766} INFO - DAG(s) dict_keys(['example_complex']) retrieved from /home/airflow/.local/lib/python3.7/site-packages/airflow/example_dags/example_complex.py
[2023-11-11T17:32:46.553+0000] {logging_mixin.py:120} INFO - [2023-11-11T17:32:46.552+0000] {dag.py:2585} INFO - Sync 1 DAGs
[2023-11-11T17:32:46.597+0000] {logging_mixin.py:120} INFO - [2023-11-11T17:32:46.596+0000] {dag.py:3340} INFO - Setting next_dagrun for example_complex to None, run_after=None
[2023-11-11T17:32:46.629+0000] {processor.py:176} INFO - Processing /home/airflow/.local/lib/python3.7/site-packages/airflow/example_dags/example_complex.py took 0.209 seconds
[2023-11-11T17:33:17.757+0000] {processor.py:154} INFO - Started process (PID=471) to work on /home/airflow/.local/lib/python3.7/site-packages/airflow/example_dags/example_complex.py
[2023-11-11T17:33:17.759+0000] {processor.py:756} INFO - Processing file /home/airflow/.local/lib/python3.7/site-packages/airflow/example_dags/example_complex.py for tasks to queue
[2023-11-11T17:33:17.760+0000] {logging_mixin.py:120} INFO - [2023-11-11T17:33:17.760+0000] {dagbag.py:537} INFO - Filling up the DagBag from /home/airflow/.local/lib/python3.7/site-packages/airflow/example_dags/example_complex.py
[2023-11-11T17:33:17.792+0000] {logging_mixin.py:120} INFO - [2023-11-11T17:33:17.791+0000] {taskmixin.py:205} WARNING - Dependency <Task(BashOperator): create_entry_group>, delete_entry_group already registered for DAG: example_complex
[2023-11-11T17:33:17.792+0000] {logging_mixin.py:120} INFO - [2023-11-11T17:33:17.792+0000] {taskmixin.py:205} WARNING - Dependency <Task(BashOperator): delete_entry_group>, create_entry_group already registered for DAG: example_complex
[2023-11-11T17:33:17.792+0000] {logging_mixin.py:120} INFO - [2023-11-11T17:33:17.792+0000] {taskmixin.py:205} WARNING - Dependency <Task(BashOperator): create_entry_gcs>, delete_entry already registered for DAG: example_complex
[2023-11-11T17:33:17.793+0000] {logging_mixin.py:120} INFO - [2023-11-11T17:33:17.793+0000] {taskmixin.py:205} WARNING - Dependency <Task(BashOperator): delete_entry>, create_entry_gcs already registered for DAG: example_complex
[2023-11-11T17:33:17.794+0000] {logging_mixin.py:120} INFO - [2023-11-11T17:33:17.793+0000] {taskmixin.py:205} WARNING - Dependency <Task(BashOperator): create_tag>, delete_tag already registered for DAG: example_complex
[2023-11-11T17:33:17.794+0000] {logging_mixin.py:120} INFO - [2023-11-11T17:33:17.794+0000] {taskmixin.py:205} WARNING - Dependency <Task(BashOperator): delete_tag>, create_tag already registered for DAG: example_complex
[2023-11-11T17:33:17.818+0000] {processor.py:766} INFO - DAG(s) dict_keys(['example_complex']) retrieved from /home/airflow/.local/lib/python3.7/site-packages/airflow/example_dags/example_complex.py
[2023-11-11T17:33:17.927+0000] {logging_mixin.py:120} INFO - [2023-11-11T17:33:17.927+0000] {dag.py:2585} INFO - Sync 1 DAGs
[2023-11-11T17:33:17.995+0000] {logging_mixin.py:120} INFO - [2023-11-11T17:33:17.994+0000] {dag.py:3340} INFO - Setting next_dagrun for example_complex to None, run_after=None
[2023-11-11T17:33:18.041+0000] {processor.py:176} INFO - Processing /home/airflow/.local/lib/python3.7/site-packages/airflow/example_dags/example_complex.py took 0.291 seconds
[2023-11-11T17:33:48.468+0000] {processor.py:154} INFO - Started process (PID=527) to work on /home/airflow/.local/lib/python3.7/site-packages/airflow/example_dags/example_complex.py
[2023-11-11T17:33:48.470+0000] {processor.py:756} INFO - Processing file /home/airflow/.local/lib/python3.7/site-packages/airflow/example_dags/example_complex.py for tasks to queue
[2023-11-11T17:33:48.470+0000] {logging_mixin.py:120} INFO - [2023-11-11T17:33:48.470+0000] {dagbag.py:537} INFO - Filling up the DagBag from /home/airflow/.local/lib/python3.7/site-packages/airflow/example_dags/example_complex.py
[2023-11-11T17:33:48.498+0000] {logging_mixin.py:120} INFO - [2023-11-11T17:33:48.498+0000] {taskmixin.py:205} WARNING - Dependency <Task(BashOperator): create_entry_group>, delete_entry_group already registered for DAG: example_complex
[2023-11-11T17:33:48.499+0000] {logging_mixin.py:120} INFO - [2023-11-11T17:33:48.498+0000] {taskmixin.py:205} WARNING - Dependency <Task(BashOperator): delete_entry_group>, create_entry_group already registered for DAG: example_complex
[2023-11-11T17:33:48.500+0000] {logging_mixin.py:120} INFO - [2023-11-11T17:33:48.499+0000] {taskmixin.py:205} WARNING - Dependency <Task(BashOperator): create_entry_gcs>, delete_entry already registered for DAG: example_complex
[2023-11-11T17:33:48.501+0000] {logging_mixin.py:120} INFO - [2023-11-11T17:33:48.501+0000] {taskmixin.py:205} WARNING - Dependency <Task(BashOperator): delete_entry>, create_entry_gcs already registered for DAG: example_complex
[2023-11-11T17:33:48.502+0000] {logging_mixin.py:120} INFO - [2023-11-11T17:33:48.502+0000] {taskmixin.py:205} WARNING - Dependency <Task(BashOperator): create_tag>, delete_tag already registered for DAG: example_complex
[2023-11-11T17:33:48.502+0000] {logging_mixin.py:120} INFO - [2023-11-11T17:33:48.502+0000] {taskmixin.py:205} WARNING - Dependency <Task(BashOperator): delete_tag>, create_tag already registered for DAG: example_complex
[2023-11-11T17:33:48.528+0000] {processor.py:766} INFO - DAG(s) dict_keys(['example_complex']) retrieved from /home/airflow/.local/lib/python3.7/site-packages/airflow/example_dags/example_complex.py
[2023-11-11T17:33:48.616+0000] {logging_mixin.py:120} INFO - [2023-11-11T17:33:48.613+0000] {dag.py:2585} INFO - Sync 1 DAGs
[2023-11-11T17:33:48.669+0000] {logging_mixin.py:120} INFO - [2023-11-11T17:33:48.669+0000] {dag.py:3340} INFO - Setting next_dagrun for example_complex to None, run_after=None
[2023-11-11T17:33:48.712+0000] {processor.py:176} INFO - Processing /home/airflow/.local/lib/python3.7/site-packages/airflow/example_dags/example_complex.py took 0.250 seconds
[2023-11-11T17:34:19.265+0000] {processor.py:154} INFO - Started process (PID=581) to work on /home/airflow/.local/lib/python3.7/site-packages/airflow/example_dags/example_complex.py
[2023-11-11T17:34:19.267+0000] {processor.py:756} INFO - Processing file /home/airflow/.local/lib/python3.7/site-packages/airflow/example_dags/example_complex.py for tasks to queue
[2023-11-11T17:34:19.268+0000] {logging_mixin.py:120} INFO - [2023-11-11T17:34:19.267+0000] {dagbag.py:537} INFO - Filling up the DagBag from /home/airflow/.local/lib/python3.7/site-packages/airflow/example_dags/example_complex.py
[2023-11-11T17:34:19.299+0000] {logging_mixin.py:120} INFO - [2023-11-11T17:34:19.299+0000] {taskmixin.py:205} WARNING - Dependency <Task(BashOperator): create_entry_group>, delete_entry_group already registered for DAG: example_complex
[2023-11-11T17:34:19.300+0000] {logging_mixin.py:120} INFO - [2023-11-11T17:34:19.300+0000] {taskmixin.py:205} WARNING - Dependency <Task(BashOperator): delete_entry_group>, create_entry_group already registered for DAG: example_complex
[2023-11-11T17:34:19.300+0000] {logging_mixin.py:120} INFO - [2023-11-11T17:34:19.300+0000] {taskmixin.py:205} WARNING - Dependency <Task(BashOperator): create_entry_gcs>, delete_entry already registered for DAG: example_complex
[2023-11-11T17:34:19.301+0000] {logging_mixin.py:120} INFO - [2023-11-11T17:34:19.301+0000] {taskmixin.py:205} WARNING - Dependency <Task(BashOperator): delete_entry>, create_entry_gcs already registered for DAG: example_complex
[2023-11-11T17:34:19.301+0000] {logging_mixin.py:120} INFO - [2023-11-11T17:34:19.301+0000] {taskmixin.py:205} WARNING - Dependency <Task(BashOperator): create_tag>, delete_tag already registered for DAG: example_complex
[2023-11-11T17:34:19.302+0000] {logging_mixin.py:120} INFO - [2023-11-11T17:34:19.302+0000] {taskmixin.py:205} WARNING - Dependency <Task(BashOperator): delete_tag>, create_tag already registered for DAG: example_complex
[2023-11-11T17:34:19.325+0000] {processor.py:766} INFO - DAG(s) dict_keys(['example_complex']) retrieved from /home/airflow/.local/lib/python3.7/site-packages/airflow/example_dags/example_complex.py
[2023-11-11T17:34:19.432+0000] {logging_mixin.py:120} INFO - [2023-11-11T17:34:19.432+0000] {dag.py:2585} INFO - Sync 1 DAGs
[2023-11-11T17:34:19.508+0000] {logging_mixin.py:120} INFO - [2023-11-11T17:34:19.508+0000] {dag.py:3340} INFO - Setting next_dagrun for example_complex to None, run_after=None
[2023-11-11T17:34:19.580+0000] {processor.py:176} INFO - Processing /home/airflow/.local/lib/python3.7/site-packages/airflow/example_dags/example_complex.py took 0.333 seconds
[2023-11-11T17:34:49.813+0000] {processor.py:154} INFO - Started process (PID=645) to work on /home/airflow/.local/lib/python3.7/site-packages/airflow/example_dags/example_complex.py
[2023-11-11T17:34:49.814+0000] {processor.py:756} INFO - Processing file /home/airflow/.local/lib/python3.7/site-packages/airflow/example_dags/example_complex.py for tasks to queue
[2023-11-11T17:34:49.815+0000] {logging_mixin.py:120} INFO - [2023-11-11T17:34:49.815+0000] {dagbag.py:537} INFO - Filling up the DagBag from /home/airflow/.local/lib/python3.7/site-packages/airflow/example_dags/example_complex.py
[2023-11-11T17:34:49.861+0000] {logging_mixin.py:120} INFO - [2023-11-11T17:34:49.858+0000] {taskmixin.py:205} WARNING - Dependency <Task(BashOperator): create_entry_group>, delete_entry_group already registered for DAG: example_complex
[2023-11-11T17:34:49.864+0000] {logging_mixin.py:120} INFO - [2023-11-11T17:34:49.863+0000] {taskmixin.py:205} WARNING - Dependency <Task(BashOperator): delete_entry_group>, create_entry_group already registered for DAG: example_complex
[2023-11-11T17:34:49.865+0000] {logging_mixin.py:120} INFO - [2023-11-11T17:34:49.865+0000] {taskmixin.py:205} WARNING - Dependency <Task(BashOperator): create_entry_gcs>, delete_entry already registered for DAG: example_complex
[2023-11-11T17:34:49.868+0000] {logging_mixin.py:120} INFO - [2023-11-11T17:34:49.866+0000] {taskmixin.py:205} WARNING - Dependency <Task(BashOperator): delete_entry>, create_entry_gcs already registered for DAG: example_complex
[2023-11-11T17:34:49.870+0000] {logging_mixin.py:120} INFO - [2023-11-11T17:34:49.870+0000] {taskmixin.py:205} WARNING - Dependency <Task(BashOperator): create_tag>, delete_tag already registered for DAG: example_complex
[2023-11-11T17:34:49.871+0000] {logging_mixin.py:120} INFO - [2023-11-11T17:34:49.871+0000] {taskmixin.py:205} WARNING - Dependency <Task(BashOperator): delete_tag>, create_tag already registered for DAG: example_complex
[2023-11-11T17:34:49.896+0000] {processor.py:766} INFO - DAG(s) dict_keys(['example_complex']) retrieved from /home/airflow/.local/lib/python3.7/site-packages/airflow/example_dags/example_complex.py
[2023-11-11T17:34:50.043+0000] {logging_mixin.py:120} INFO - [2023-11-11T17:34:50.042+0000] {dag.py:2585} INFO - Sync 1 DAGs
[2023-11-11T17:34:50.142+0000] {logging_mixin.py:120} INFO - [2023-11-11T17:34:50.141+0000] {dag.py:3340} INFO - Setting next_dagrun for example_complex to None, run_after=None
[2023-11-11T17:34:50.207+0000] {processor.py:176} INFO - Processing /home/airflow/.local/lib/python3.7/site-packages/airflow/example_dags/example_complex.py took 0.410 seconds
[2023-11-11T17:35:20.277+0000] {processor.py:154} INFO - Started process (PID=698) to work on /home/airflow/.local/lib/python3.7/site-packages/airflow/example_dags/example_complex.py
[2023-11-11T17:35:20.279+0000] {processor.py:756} INFO - Processing file /home/airflow/.local/lib/python3.7/site-packages/airflow/example_dags/example_complex.py for tasks to queue
[2023-11-11T17:35:20.280+0000] {logging_mixin.py:120} INFO - [2023-11-11T17:35:20.280+0000] {dagbag.py:537} INFO - Filling up the DagBag from /home/airflow/.local/lib/python3.7/site-packages/airflow/example_dags/example_complex.py
[2023-11-11T17:35:20.314+0000] {logging_mixin.py:120} INFO - [2023-11-11T17:35:20.314+0000] {taskmixin.py:205} WARNING - Dependency <Task(BashOperator): create_entry_group>, delete_entry_group already registered for DAG: example_complex
[2023-11-11T17:35:20.316+0000] {logging_mixin.py:120} INFO - [2023-11-11T17:35:20.316+0000] {taskmixin.py:205} WARNING - Dependency <Task(BashOperator): delete_entry_group>, create_entry_group already registered for DAG: example_complex
[2023-11-11T17:35:20.316+0000] {logging_mixin.py:120} INFO - [2023-11-11T17:35:20.316+0000] {taskmixin.py:205} WARNING - Dependency <Task(BashOperator): create_entry_gcs>, delete_entry already registered for DAG: example_complex
[2023-11-11T17:35:20.317+0000] {logging_mixin.py:120} INFO - [2023-11-11T17:35:20.317+0000] {taskmixin.py:205} WARNING - Dependency <Task(BashOperator): delete_entry>, create_entry_gcs already registered for DAG: example_complex
[2023-11-11T17:35:20.317+0000] {logging_mixin.py:120} INFO - [2023-11-11T17:35:20.317+0000] {taskmixin.py:205} WARNING - Dependency <Task(BashOperator): create_tag>, delete_tag already registered for DAG: example_complex
[2023-11-11T17:35:20.317+0000] {logging_mixin.py:120} INFO - [2023-11-11T17:35:20.317+0000] {taskmixin.py:205} WARNING - Dependency <Task(BashOperator): delete_tag>, create_tag already registered for DAG: example_complex
[2023-11-11T17:35:20.332+0000] {processor.py:766} INFO - DAG(s) dict_keys(['example_complex']) retrieved from /home/airflow/.local/lib/python3.7/site-packages/airflow/example_dags/example_complex.py
[2023-11-11T17:35:20.462+0000] {logging_mixin.py:120} INFO - [2023-11-11T17:35:20.461+0000] {dag.py:2585} INFO - Sync 1 DAGs
[2023-11-11T17:35:20.547+0000] {logging_mixin.py:120} INFO - [2023-11-11T17:35:20.547+0000] {dag.py:3340} INFO - Setting next_dagrun for example_complex to None, run_after=None
[2023-11-11T17:35:20.589+0000] {processor.py:176} INFO - Processing /home/airflow/.local/lib/python3.7/site-packages/airflow/example_dags/example_complex.py took 0.325 seconds
[2023-11-11T17:35:50.788+0000] {processor.py:154} INFO - Started process (PID=752) to work on /home/airflow/.local/lib/python3.7/site-packages/airflow/example_dags/example_complex.py
[2023-11-11T17:35:50.790+0000] {processor.py:756} INFO - Processing file /home/airflow/.local/lib/python3.7/site-packages/airflow/example_dags/example_complex.py for tasks to queue
[2023-11-11T17:35:50.791+0000] {logging_mixin.py:120} INFO - [2023-11-11T17:35:50.790+0000] {dagbag.py:537} INFO - Filling up the DagBag from /home/airflow/.local/lib/python3.7/site-packages/airflow/example_dags/example_complex.py
[2023-11-11T17:35:50.818+0000] {logging_mixin.py:120} INFO - [2023-11-11T17:35:50.817+0000] {taskmixin.py:205} WARNING - Dependency <Task(BashOperator): create_entry_group>, delete_entry_group already registered for DAG: example_complex
[2023-11-11T17:35:50.819+0000] {logging_mixin.py:120} INFO - [2023-11-11T17:35:50.819+0000] {taskmixin.py:205} WARNING - Dependency <Task(BashOperator): delete_entry_group>, create_entry_group already registered for DAG: example_complex
[2023-11-11T17:35:50.820+0000] {logging_mixin.py:120} INFO - [2023-11-11T17:35:50.820+0000] {taskmixin.py:205} WARNING - Dependency <Task(BashOperator): create_entry_gcs>, delete_entry already registered for DAG: example_complex
[2023-11-11T17:35:50.820+0000] {logging_mixin.py:120} INFO - [2023-11-11T17:35:50.820+0000] {taskmixin.py:205} WARNING - Dependency <Task(BashOperator): delete_entry>, create_entry_gcs already registered for DAG: example_complex
[2023-11-11T17:35:50.822+0000] {logging_mixin.py:120} INFO - [2023-11-11T17:35:50.822+0000] {taskmixin.py:205} WARNING - Dependency <Task(BashOperator): create_tag>, delete_tag already registered for DAG: example_complex
[2023-11-11T17:35:50.822+0000] {logging_mixin.py:120} INFO - [2023-11-11T17:35:50.822+0000] {taskmixin.py:205} WARNING - Dependency <Task(BashOperator): delete_tag>, create_tag already registered for DAG: example_complex
[2023-11-11T17:35:50.839+0000] {processor.py:766} INFO - DAG(s) dict_keys(['example_complex']) retrieved from /home/airflow/.local/lib/python3.7/site-packages/airflow/example_dags/example_complex.py
[2023-11-11T17:35:50.957+0000] {logging_mixin.py:120} INFO - [2023-11-11T17:35:50.957+0000] {dag.py:2585} INFO - Sync 1 DAGs
[2023-11-11T17:35:51.021+0000] {logging_mixin.py:120} INFO - [2023-11-11T17:35:51.021+0000] {dag.py:3340} INFO - Setting next_dagrun for example_complex to None, run_after=None
[2023-11-11T17:35:51.068+0000] {processor.py:176} INFO - Processing /home/airflow/.local/lib/python3.7/site-packages/airflow/example_dags/example_complex.py took 0.286 seconds
[2023-11-11T17:36:21.134+0000] {processor.py:154} INFO - Started process (PID=815) to work on /home/airflow/.local/lib/python3.7/site-packages/airflow/example_dags/example_complex.py
[2023-11-11T17:36:21.136+0000] {processor.py:756} INFO - Processing file /home/airflow/.local/lib/python3.7/site-packages/airflow/example_dags/example_complex.py for tasks to queue
[2023-11-11T17:36:21.137+0000] {logging_mixin.py:120} INFO - [2023-11-11T17:36:21.137+0000] {dagbag.py:537} INFO - Filling up the DagBag from /home/airflow/.local/lib/python3.7/site-packages/airflow/example_dags/example_complex.py
[2023-11-11T17:36:21.177+0000] {logging_mixin.py:120} INFO - [2023-11-11T17:36:21.177+0000] {taskmixin.py:205} WARNING - Dependency <Task(BashOperator): create_entry_group>, delete_entry_group already registered for DAG: example_complex
[2023-11-11T17:36:21.178+0000] {logging_mixin.py:120} INFO - [2023-11-11T17:36:21.178+0000] {taskmixin.py:205} WARNING - Dependency <Task(BashOperator): delete_entry_group>, create_entry_group already registered for DAG: example_complex
[2023-11-11T17:36:21.180+0000] {logging_mixin.py:120} INFO - [2023-11-11T17:36:21.178+0000] {taskmixin.py:205} WARNING - Dependency <Task(BashOperator): create_entry_gcs>, delete_entry already registered for DAG: example_complex
[2023-11-11T17:36:21.184+0000] {logging_mixin.py:120} INFO - [2023-11-11T17:36:21.183+0000] {taskmixin.py:205} WARNING - Dependency <Task(BashOperator): delete_entry>, create_entry_gcs already registered for DAG: example_complex
[2023-11-11T17:36:21.185+0000] {logging_mixin.py:120} INFO - [2023-11-11T17:36:21.185+0000] {taskmixin.py:205} WARNING - Dependency <Task(BashOperator): create_tag>, delete_tag already registered for DAG: example_complex
[2023-11-11T17:36:21.185+0000] {logging_mixin.py:120} INFO - [2023-11-11T17:36:21.185+0000] {taskmixin.py:205} WARNING - Dependency <Task(BashOperator): delete_tag>, create_tag already registered for DAG: example_complex
[2023-11-11T17:36:21.205+0000] {processor.py:766} INFO - DAG(s) dict_keys(['example_complex']) retrieved from /home/airflow/.local/lib/python3.7/site-packages/airflow/example_dags/example_complex.py
[2023-11-11T17:36:21.385+0000] {logging_mixin.py:120} INFO - [2023-11-11T17:36:21.384+0000] {dag.py:2585} INFO - Sync 1 DAGs
[2023-11-11T17:36:21.478+0000] {logging_mixin.py:120} INFO - [2023-11-11T17:36:21.478+0000] {dag.py:3340} INFO - Setting next_dagrun for example_complex to None, run_after=None
[2023-11-11T17:36:21.554+0000] {processor.py:176} INFO - Processing /home/airflow/.local/lib/python3.7/site-packages/airflow/example_dags/example_complex.py took 0.427 seconds
[2023-11-11T17:36:51.758+0000] {processor.py:154} INFO - Started process (PID=869) to work on /home/airflow/.local/lib/python3.7/site-packages/airflow/example_dags/example_complex.py
[2023-11-11T17:36:51.761+0000] {processor.py:756} INFO - Processing file /home/airflow/.local/lib/python3.7/site-packages/airflow/example_dags/example_complex.py for tasks to queue
[2023-11-11T17:36:51.762+0000] {logging_mixin.py:120} INFO - [2023-11-11T17:36:51.762+0000] {dagbag.py:537} INFO - Filling up the DagBag from /home/airflow/.local/lib/python3.7/site-packages/airflow/example_dags/example_complex.py
[2023-11-11T17:36:51.787+0000] {logging_mixin.py:120} INFO - [2023-11-11T17:36:51.786+0000] {taskmixin.py:205} WARNING - Dependency <Task(BashOperator): create_entry_group>, delete_entry_group already registered for DAG: example_complex
[2023-11-11T17:36:51.787+0000] {logging_mixin.py:120} INFO - [2023-11-11T17:36:51.787+0000] {taskmixin.py:205} WARNING - Dependency <Task(BashOperator): delete_entry_group>, create_entry_group already registered for DAG: example_complex
[2023-11-11T17:36:51.787+0000] {logging_mixin.py:120} INFO - [2023-11-11T17:36:51.787+0000] {taskmixin.py:205} WARNING - Dependency <Task(BashOperator): create_entry_gcs>, delete_entry already registered for DAG: example_complex
[2023-11-11T17:36:51.788+0000] {logging_mixin.py:120} INFO - [2023-11-11T17:36:51.788+0000] {taskmixin.py:205} WARNING - Dependency <Task(BashOperator): delete_entry>, create_entry_gcs already registered for DAG: example_complex
[2023-11-11T17:36:51.789+0000] {logging_mixin.py:120} INFO - [2023-11-11T17:36:51.789+0000] {taskmixin.py:205} WARNING - Dependency <Task(BashOperator): create_tag>, delete_tag already registered for DAG: example_complex
[2023-11-11T17:36:51.789+0000] {logging_mixin.py:120} INFO - [2023-11-11T17:36:51.789+0000] {taskmixin.py:205} WARNING - Dependency <Task(BashOperator): delete_tag>, create_tag already registered for DAG: example_complex
[2023-11-11T17:36:51.806+0000] {processor.py:766} INFO - DAG(s) dict_keys(['example_complex']) retrieved from /home/airflow/.local/lib/python3.7/site-packages/airflow/example_dags/example_complex.py
[2023-11-11T17:36:51.885+0000] {logging_mixin.py:120} INFO - [2023-11-11T17:36:51.885+0000] {dag.py:2585} INFO - Sync 1 DAGs
[2023-11-11T17:36:51.928+0000] {logging_mixin.py:120} INFO - [2023-11-11T17:36:51.928+0000] {dag.py:3340} INFO - Setting next_dagrun for example_complex to None, run_after=None
[2023-11-11T17:36:51.955+0000] {processor.py:176} INFO - Processing /home/airflow/.local/lib/python3.7/site-packages/airflow/example_dags/example_complex.py took 0.202 seconds
[2023-11-11T17:37:22.513+0000] {processor.py:154} INFO - Started process (PID=932) to work on /home/airflow/.local/lib/python3.7/site-packages/airflow/example_dags/example_complex.py
[2023-11-11T17:37:22.514+0000] {processor.py:756} INFO - Processing file /home/airflow/.local/lib/python3.7/site-packages/airflow/example_dags/example_complex.py for tasks to queue
[2023-11-11T17:37:22.517+0000] {logging_mixin.py:120} INFO - [2023-11-11T17:37:22.517+0000] {dagbag.py:537} INFO - Filling up the DagBag from /home/airflow/.local/lib/python3.7/site-packages/airflow/example_dags/example_complex.py
[2023-11-11T17:37:22.542+0000] {logging_mixin.py:120} INFO - [2023-11-11T17:37:22.541+0000] {taskmixin.py:205} WARNING - Dependency <Task(BashOperator): create_entry_group>, delete_entry_group already registered for DAG: example_complex
[2023-11-11T17:37:22.542+0000] {logging_mixin.py:120} INFO - [2023-11-11T17:37:22.542+0000] {taskmixin.py:205} WARNING - Dependency <Task(BashOperator): delete_entry_group>, create_entry_group already registered for DAG: example_complex
[2023-11-11T17:37:22.542+0000] {logging_mixin.py:120} INFO - [2023-11-11T17:37:22.542+0000] {taskmixin.py:205} WARNING - Dependency <Task(BashOperator): create_entry_gcs>, delete_entry already registered for DAG: example_complex
[2023-11-11T17:37:22.543+0000] {logging_mixin.py:120} INFO - [2023-11-11T17:37:22.543+0000] {taskmixin.py:205} WARNING - Dependency <Task(BashOperator): delete_entry>, create_entry_gcs already registered for DAG: example_complex
[2023-11-11T17:37:22.544+0000] {logging_mixin.py:120} INFO - [2023-11-11T17:37:22.543+0000] {taskmixin.py:205} WARNING - Dependency <Task(BashOperator): create_tag>, delete_tag already registered for DAG: example_complex
[2023-11-11T17:37:22.544+0000] {logging_mixin.py:120} INFO - [2023-11-11T17:37:22.544+0000] {taskmixin.py:205} WARNING - Dependency <Task(BashOperator): delete_tag>, create_tag already registered for DAG: example_complex
[2023-11-11T17:37:22.561+0000] {processor.py:766} INFO - DAG(s) dict_keys(['example_complex']) retrieved from /home/airflow/.local/lib/python3.7/site-packages/airflow/example_dags/example_complex.py
[2023-11-11T17:37:22.652+0000] {logging_mixin.py:120} INFO - [2023-11-11T17:37:22.652+0000] {dag.py:2585} INFO - Sync 1 DAGs
[2023-11-11T17:37:22.697+0000] {logging_mixin.py:120} INFO - [2023-11-11T17:37:22.697+0000] {dag.py:3340} INFO - Setting next_dagrun for example_complex to None, run_after=None
[2023-11-11T17:37:22.729+0000] {processor.py:176} INFO - Processing /home/airflow/.local/lib/python3.7/site-packages/airflow/example_dags/example_complex.py took 0.224 seconds
[2023-11-11T17:37:53.744+0000] {processor.py:154} INFO - Started process (PID=995) to work on /home/airflow/.local/lib/python3.7/site-packages/airflow/example_dags/example_complex.py
[2023-11-11T17:37:53.745+0000] {processor.py:756} INFO - Processing file /home/airflow/.local/lib/python3.7/site-packages/airflow/example_dags/example_complex.py for tasks to queue
[2023-11-11T17:37:53.746+0000] {logging_mixin.py:120} INFO - [2023-11-11T17:37:53.746+0000] {dagbag.py:537} INFO - Filling up the DagBag from /home/airflow/.local/lib/python3.7/site-packages/airflow/example_dags/example_complex.py
[2023-11-11T17:37:53.765+0000] {logging_mixin.py:120} INFO - [2023-11-11T17:37:53.765+0000] {taskmixin.py:205} WARNING - Dependency <Task(BashOperator): create_entry_group>, delete_entry_group already registered for DAG: example_complex
[2023-11-11T17:37:53.766+0000] {logging_mixin.py:120} INFO - [2023-11-11T17:37:53.765+0000] {taskmixin.py:205} WARNING - Dependency <Task(BashOperator): delete_entry_group>, create_entry_group already registered for DAG: example_complex
[2023-11-11T17:37:53.766+0000] {logging_mixin.py:120} INFO - [2023-11-11T17:37:53.766+0000] {taskmixin.py:205} WARNING - Dependency <Task(BashOperator): create_entry_gcs>, delete_entry already registered for DAG: example_complex
[2023-11-11T17:37:53.766+0000] {logging_mixin.py:120} INFO - [2023-11-11T17:37:53.766+0000] {taskmixin.py:205} WARNING - Dependency <Task(BashOperator): delete_entry>, create_entry_gcs already registered for DAG: example_complex
[2023-11-11T17:37:53.768+0000] {logging_mixin.py:120} INFO - [2023-11-11T17:37:53.767+0000] {taskmixin.py:205} WARNING - Dependency <Task(BashOperator): create_tag>, delete_tag already registered for DAG: example_complex
[2023-11-11T17:37:53.769+0000] {logging_mixin.py:120} INFO - [2023-11-11T17:37:53.768+0000] {taskmixin.py:205} WARNING - Dependency <Task(BashOperator): delete_tag>, create_tag already registered for DAG: example_complex
[2023-11-11T17:37:53.781+0000] {processor.py:766} INFO - DAG(s) dict_keys(['example_complex']) retrieved from /home/airflow/.local/lib/python3.7/site-packages/airflow/example_dags/example_complex.py
[2023-11-11T17:37:53.857+0000] {logging_mixin.py:120} INFO - [2023-11-11T17:37:53.856+0000] {dag.py:2585} INFO - Sync 1 DAGs
[2023-11-11T17:37:53.904+0000] {logging_mixin.py:120} INFO - [2023-11-11T17:37:53.904+0000] {dag.py:3340} INFO - Setting next_dagrun for example_complex to None, run_after=None
[2023-11-11T17:37:53.937+0000] {processor.py:176} INFO - Processing /home/airflow/.local/lib/python3.7/site-packages/airflow/example_dags/example_complex.py took 0.201 seconds
[2023-11-11T17:38:24.530+0000] {processor.py:154} INFO - Started process (PID=1047) to work on /home/airflow/.local/lib/python3.7/site-packages/airflow/example_dags/example_complex.py
[2023-11-11T17:38:24.531+0000] {processor.py:756} INFO - Processing file /home/airflow/.local/lib/python3.7/site-packages/airflow/example_dags/example_complex.py for tasks to queue
[2023-11-11T17:38:24.533+0000] {logging_mixin.py:120} INFO - [2023-11-11T17:38:24.532+0000] {dagbag.py:537} INFO - Filling up the DagBag from /home/airflow/.local/lib/python3.7/site-packages/airflow/example_dags/example_complex.py
[2023-11-11T17:38:24.560+0000] {logging_mixin.py:120} INFO - [2023-11-11T17:38:24.560+0000] {taskmixin.py:205} WARNING - Dependency <Task(BashOperator): create_entry_group>, delete_entry_group already registered for DAG: example_complex
[2023-11-11T17:38:24.560+0000] {logging_mixin.py:120} INFO - [2023-11-11T17:38:24.560+0000] {taskmixin.py:205} WARNING - Dependency <Task(BashOperator): delete_entry_group>, create_entry_group already registered for DAG: example_complex
[2023-11-11T17:38:24.561+0000] {logging_mixin.py:120} INFO - [2023-11-11T17:38:24.561+0000] {taskmixin.py:205} WARNING - Dependency <Task(BashOperator): create_entry_gcs>, delete_entry already registered for DAG: example_complex
[2023-11-11T17:38:24.561+0000] {logging_mixin.py:120} INFO - [2023-11-11T17:38:24.561+0000] {taskmixin.py:205} WARNING - Dependency <Task(BashOperator): delete_entry>, create_entry_gcs already registered for DAG: example_complex
[2023-11-11T17:38:24.562+0000] {logging_mixin.py:120} INFO - [2023-11-11T17:38:24.562+0000] {taskmixin.py:205} WARNING - Dependency <Task(BashOperator): create_tag>, delete_tag already registered for DAG: example_complex
[2023-11-11T17:38:24.562+0000] {logging_mixin.py:120} INFO - [2023-11-11T17:38:24.562+0000] {taskmixin.py:205} WARNING - Dependency <Task(BashOperator): delete_tag>, create_tag already registered for DAG: example_complex
[2023-11-11T17:38:24.577+0000] {processor.py:766} INFO - DAG(s) dict_keys(['example_complex']) retrieved from /home/airflow/.local/lib/python3.7/site-packages/airflow/example_dags/example_complex.py
[2023-11-11T17:38:24.682+0000] {logging_mixin.py:120} INFO - [2023-11-11T17:38:24.682+0000] {dag.py:2585} INFO - Sync 1 DAGs
[2023-11-11T17:38:24.734+0000] {logging_mixin.py:120} INFO - [2023-11-11T17:38:24.733+0000] {dag.py:3340} INFO - Setting next_dagrun for example_complex to None, run_after=None
[2023-11-11T17:38:24.772+0000] {processor.py:176} INFO - Processing /home/airflow/.local/lib/python3.7/site-packages/airflow/example_dags/example_complex.py took 0.246 seconds
[2023-11-11T17:38:55.249+0000] {processor.py:154} INFO - Started process (PID=1111) to work on /home/airflow/.local/lib/python3.7/site-packages/airflow/example_dags/example_complex.py
[2023-11-11T17:38:55.252+0000] {processor.py:756} INFO - Processing file /home/airflow/.local/lib/python3.7/site-packages/airflow/example_dags/example_complex.py for tasks to queue
[2023-11-11T17:38:55.253+0000] {logging_mixin.py:120} INFO - [2023-11-11T17:38:55.253+0000] {dagbag.py:537} INFO - Filling up the DagBag from /home/airflow/.local/lib/python3.7/site-packages/airflow/example_dags/example_complex.py
[2023-11-11T17:38:55.282+0000] {logging_mixin.py:120} INFO - [2023-11-11T17:38:55.282+0000] {taskmixin.py:205} WARNING - Dependency <Task(BashOperator): create_entry_group>, delete_entry_group already registered for DAG: example_complex
[2023-11-11T17:38:55.283+0000] {logging_mixin.py:120} INFO - [2023-11-11T17:38:55.282+0000] {taskmixin.py:205} WARNING - Dependency <Task(BashOperator): delete_entry_group>, create_entry_group already registered for DAG: example_complex
[2023-11-11T17:38:55.283+0000] {logging_mixin.py:120} INFO - [2023-11-11T17:38:55.283+0000] {taskmixin.py:205} WARNING - Dependency <Task(BashOperator): create_entry_gcs>, delete_entry already registered for DAG: example_complex
[2023-11-11T17:38:55.283+0000] {logging_mixin.py:120} INFO - [2023-11-11T17:38:55.283+0000] {taskmixin.py:205} WARNING - Dependency <Task(BashOperator): delete_entry>, create_entry_gcs already registered for DAG: example_complex
[2023-11-11T17:38:55.284+0000] {logging_mixin.py:120} INFO - [2023-11-11T17:38:55.284+0000] {taskmixin.py:205} WARNING - Dependency <Task(BashOperator): create_tag>, delete_tag already registered for DAG: example_complex
[2023-11-11T17:38:55.286+0000] {logging_mixin.py:120} INFO - [2023-11-11T17:38:55.286+0000] {taskmixin.py:205} WARNING - Dependency <Task(BashOperator): delete_tag>, create_tag already registered for DAG: example_complex
[2023-11-11T17:38:55.306+0000] {processor.py:766} INFO - DAG(s) dict_keys(['example_complex']) retrieved from /home/airflow/.local/lib/python3.7/site-packages/airflow/example_dags/example_complex.py
[2023-11-11T17:38:55.424+0000] {logging_mixin.py:120} INFO - [2023-11-11T17:38:55.424+0000] {dag.py:2585} INFO - Sync 1 DAGs
[2023-11-11T17:38:55.509+0000] {logging_mixin.py:120} INFO - [2023-11-11T17:38:55.509+0000] {dag.py:3340} INFO - Setting next_dagrun for example_complex to None, run_after=None
[2023-11-11T17:38:55.549+0000] {processor.py:176} INFO - Processing /home/airflow/.local/lib/python3.7/site-packages/airflow/example_dags/example_complex.py took 0.308 seconds
[2023-11-11T17:39:25.629+0000] {processor.py:154} INFO - Started process (PID=1165) to work on /home/airflow/.local/lib/python3.7/site-packages/airflow/example_dags/example_complex.py
[2023-11-11T17:39:25.631+0000] {processor.py:756} INFO - Processing file /home/airflow/.local/lib/python3.7/site-packages/airflow/example_dags/example_complex.py for tasks to queue
[2023-11-11T17:39:25.631+0000] {logging_mixin.py:120} INFO - [2023-11-11T17:39:25.631+0000] {dagbag.py:537} INFO - Filling up the DagBag from /home/airflow/.local/lib/python3.7/site-packages/airflow/example_dags/example_complex.py
[2023-11-11T17:39:25.648+0000] {logging_mixin.py:120} INFO - [2023-11-11T17:39:25.648+0000] {taskmixin.py:205} WARNING - Dependency <Task(BashOperator): create_entry_group>, delete_entry_group already registered for DAG: example_complex
[2023-11-11T17:39:25.649+0000] {logging_mixin.py:120} INFO - [2023-11-11T17:39:25.649+0000] {taskmixin.py:205} WARNING - Dependency <Task(BashOperator): delete_entry_group>, create_entry_group already registered for DAG: example_complex
[2023-11-11T17:39:25.649+0000] {logging_mixin.py:120} INFO - [2023-11-11T17:39:25.649+0000] {taskmixin.py:205} WARNING - Dependency <Task(BashOperator): create_entry_gcs>, delete_entry already registered for DAG: example_complex
[2023-11-11T17:39:25.650+0000] {logging_mixin.py:120} INFO - [2023-11-11T17:39:25.649+0000] {taskmixin.py:205} WARNING - Dependency <Task(BashOperator): delete_entry>, create_entry_gcs already registered for DAG: example_complex
[2023-11-11T17:39:25.650+0000] {logging_mixin.py:120} INFO - [2023-11-11T17:39:25.650+0000] {taskmixin.py:205} WARNING - Dependency <Task(BashOperator): create_tag>, delete_tag already registered for DAG: example_complex
[2023-11-11T17:39:25.651+0000] {logging_mixin.py:120} INFO - [2023-11-11T17:39:25.650+0000] {taskmixin.py:205} WARNING - Dependency <Task(BashOperator): delete_tag>, create_tag already registered for DAG: example_complex
[2023-11-11T17:39:25.665+0000] {processor.py:766} INFO - DAG(s) dict_keys(['example_complex']) retrieved from /home/airflow/.local/lib/python3.7/site-packages/airflow/example_dags/example_complex.py
[2023-11-11T17:39:25.743+0000] {logging_mixin.py:120} INFO - [2023-11-11T17:39:25.743+0000] {dag.py:2585} INFO - Sync 1 DAGs
[2023-11-11T17:39:25.795+0000] {logging_mixin.py:120} INFO - [2023-11-11T17:39:25.795+0000] {dag.py:3340} INFO - Setting next_dagrun for example_complex to None, run_after=None
[2023-11-11T17:39:25.826+0000] {processor.py:176} INFO - Processing /home/airflow/.local/lib/python3.7/site-packages/airflow/example_dags/example_complex.py took 0.201 seconds
