[2023-11-11T17:02:05.385+0000] {processor.py:154} INFO - Started process (PID=71) to work on /home/airflow/.local/lib/python3.7/site-packages/airflow/example_dags/example_short_circuit_decorator.py
[2023-11-11T17:02:05.387+0000] {processor.py:756} INFO - Processing file /home/airflow/.local/lib/python3.7/site-packages/airflow/example_dags/example_short_circuit_decorator.py for tasks to queue
[2023-11-11T17:02:05.390+0000] {logging_mixin.py:120} INFO - [2023-11-11T17:02:05.389+0000] {dagbag.py:537} INFO - Filling up the DagBag from /home/airflow/.local/lib/python3.7/site-packages/airflow/example_dags/example_short_circuit_decorator.py
[2023-11-11T17:02:05.460+0000] {processor.py:766} INFO - DAG(s) dict_keys(['example_short_circuit_decorator']) retrieved from /home/airflow/.local/lib/python3.7/site-packages/airflow/example_dags/example_short_circuit_decorator.py
[2023-11-11T17:02:05.571+0000] {logging_mixin.py:120} INFO - [2023-11-11T17:02:05.571+0000] {dag.py:2585} INFO - Sync 1 DAGs
[2023-11-11T17:02:05.656+0000] {logging_mixin.py:120} INFO - [2023-11-11T17:02:05.655+0000] {dag.py:3340} INFO - Setting next_dagrun for example_short_circuit_decorator to 2023-11-10T17:02:05.655044+00:00, run_after=2023-11-11T17:02:05.655044+00:00
[2023-11-11T17:02:05.747+0000] {processor.py:176} INFO - Processing /home/airflow/.local/lib/python3.7/site-packages/airflow/example_dags/example_short_circuit_decorator.py took 0.374 seconds
[2023-11-11T17:02:37.641+0000] {processor.py:154} INFO - Started process (PID=125) to work on /home/airflow/.local/lib/python3.7/site-packages/airflow/example_dags/example_short_circuit_decorator.py
[2023-11-11T17:02:37.642+0000] {processor.py:756} INFO - Processing file /home/airflow/.local/lib/python3.7/site-packages/airflow/example_dags/example_short_circuit_decorator.py for tasks to queue
[2023-11-11T17:02:37.646+0000] {logging_mixin.py:120} INFO - [2023-11-11T17:02:37.643+0000] {dagbag.py:537} INFO - Filling up the DagBag from /home/airflow/.local/lib/python3.7/site-packages/airflow/example_dags/example_short_circuit_decorator.py
[2023-11-11T17:02:37.717+0000] {processor.py:766} INFO - DAG(s) dict_keys(['example_short_circuit_decorator']) retrieved from /home/airflow/.local/lib/python3.7/site-packages/airflow/example_dags/example_short_circuit_decorator.py
[2023-11-11T17:02:37.797+0000] {logging_mixin.py:120} INFO - [2023-11-11T17:02:37.796+0000] {dag.py:2585} INFO - Sync 1 DAGs
[2023-11-11T17:02:37.854+0000] {logging_mixin.py:120} INFO - [2023-11-11T17:02:37.853+0000] {dag.py:3340} INFO - Setting next_dagrun for example_short_circuit_decorator to 2023-11-10T17:02:37.853511+00:00, run_after=2023-11-11T17:02:37.853511+00:00
[2023-11-11T17:02:37.901+0000] {processor.py:176} INFO - Processing /home/airflow/.local/lib/python3.7/site-packages/airflow/example_dags/example_short_circuit_decorator.py took 0.265 seconds
[2023-11-11T17:03:10.048+0000] {processor.py:154} INFO - Started process (PID=180) to work on /home/airflow/.local/lib/python3.7/site-packages/airflow/example_dags/example_short_circuit_decorator.py
[2023-11-11T17:03:10.049+0000] {processor.py:756} INFO - Processing file /home/airflow/.local/lib/python3.7/site-packages/airflow/example_dags/example_short_circuit_decorator.py for tasks to queue
[2023-11-11T17:03:10.051+0000] {logging_mixin.py:120} INFO - [2023-11-11T17:03:10.050+0000] {dagbag.py:537} INFO - Filling up the DagBag from /home/airflow/.local/lib/python3.7/site-packages/airflow/example_dags/example_short_circuit_decorator.py
[2023-11-11T17:03:10.150+0000] {processor.py:766} INFO - DAG(s) dict_keys(['example_short_circuit_decorator']) retrieved from /home/airflow/.local/lib/python3.7/site-packages/airflow/example_dags/example_short_circuit_decorator.py
[2023-11-11T17:03:10.399+0000] {logging_mixin.py:120} INFO - [2023-11-11T17:03:10.399+0000] {dag.py:2585} INFO - Sync 1 DAGs
[2023-11-11T17:03:10.527+0000] {logging_mixin.py:120} INFO - [2023-11-11T17:03:10.526+0000] {dag.py:3340} INFO - Setting next_dagrun for example_short_circuit_decorator to 2023-11-10T17:03:10.524625+00:00, run_after=2023-11-11T17:03:10.524625+00:00
[2023-11-11T17:03:10.574+0000] {processor.py:176} INFO - Processing /home/airflow/.local/lib/python3.7/site-packages/airflow/example_dags/example_short_circuit_decorator.py took 0.553 seconds
[2023-11-11T17:03:41.125+0000] {processor.py:154} INFO - Started process (PID=242) to work on /home/airflow/.local/lib/python3.7/site-packages/airflow/example_dags/example_short_circuit_decorator.py
[2023-11-11T17:03:41.127+0000] {processor.py:756} INFO - Processing file /home/airflow/.local/lib/python3.7/site-packages/airflow/example_dags/example_short_circuit_decorator.py for tasks to queue
[2023-11-11T17:03:41.131+0000] {logging_mixin.py:120} INFO - [2023-11-11T17:03:41.130+0000] {dagbag.py:537} INFO - Filling up the DagBag from /home/airflow/.local/lib/python3.7/site-packages/airflow/example_dags/example_short_circuit_decorator.py
[2023-11-11T17:03:41.189+0000] {processor.py:766} INFO - DAG(s) dict_keys(['example_short_circuit_decorator']) retrieved from /home/airflow/.local/lib/python3.7/site-packages/airflow/example_dags/example_short_circuit_decorator.py
[2023-11-11T17:03:41.260+0000] {logging_mixin.py:120} INFO - [2023-11-11T17:03:41.260+0000] {dag.py:2585} INFO - Sync 1 DAGs
[2023-11-11T17:03:41.312+0000] {logging_mixin.py:120} INFO - [2023-11-11T17:03:41.312+0000] {dag.py:3340} INFO - Setting next_dagrun for example_short_circuit_decorator to 2023-11-10T17:03:41.310594+00:00, run_after=2023-11-11T17:03:41.310594+00:00
[2023-11-11T17:03:41.355+0000] {processor.py:176} INFO - Processing /home/airflow/.local/lib/python3.7/site-packages/airflow/example_dags/example_short_circuit_decorator.py took 0.237 seconds
[2023-11-11T17:04:11.390+0000] {processor.py:154} INFO - Started process (PID=298) to work on /home/airflow/.local/lib/python3.7/site-packages/airflow/example_dags/example_short_circuit_decorator.py
[2023-11-11T17:04:11.391+0000] {processor.py:756} INFO - Processing file /home/airflow/.local/lib/python3.7/site-packages/airflow/example_dags/example_short_circuit_decorator.py for tasks to queue
[2023-11-11T17:04:11.392+0000] {logging_mixin.py:120} INFO - [2023-11-11T17:04:11.392+0000] {dagbag.py:537} INFO - Filling up the DagBag from /home/airflow/.local/lib/python3.7/site-packages/airflow/example_dags/example_short_circuit_decorator.py
[2023-11-11T17:04:11.419+0000] {processor.py:766} INFO - DAG(s) dict_keys(['example_short_circuit_decorator']) retrieved from /home/airflow/.local/lib/python3.7/site-packages/airflow/example_dags/example_short_circuit_decorator.py
[2023-11-11T17:04:11.469+0000] {logging_mixin.py:120} INFO - [2023-11-11T17:04:11.469+0000] {dag.py:2585} INFO - Sync 1 DAGs
[2023-11-11T17:04:11.503+0000] {logging_mixin.py:120} INFO - [2023-11-11T17:04:11.503+0000] {dag.py:3340} INFO - Setting next_dagrun for example_short_circuit_decorator to 2023-11-10T17:04:11.503123+00:00, run_after=2023-11-11T17:04:11.503123+00:00
[2023-11-11T17:04:11.527+0000] {processor.py:176} INFO - Processing /home/airflow/.local/lib/python3.7/site-packages/airflow/example_dags/example_short_circuit_decorator.py took 0.140 seconds
[2023-11-11T17:04:42.263+0000] {processor.py:154} INFO - Started process (PID=361) to work on /home/airflow/.local/lib/python3.7/site-packages/airflow/example_dags/example_short_circuit_decorator.py
[2023-11-11T17:04:42.264+0000] {processor.py:756} INFO - Processing file /home/airflow/.local/lib/python3.7/site-packages/airflow/example_dags/example_short_circuit_decorator.py for tasks to queue
[2023-11-11T17:04:42.265+0000] {logging_mixin.py:120} INFO - [2023-11-11T17:04:42.264+0000] {dagbag.py:537} INFO - Filling up the DagBag from /home/airflow/.local/lib/python3.7/site-packages/airflow/example_dags/example_short_circuit_decorator.py
[2023-11-11T17:04:42.301+0000] {processor.py:766} INFO - DAG(s) dict_keys(['example_short_circuit_decorator']) retrieved from /home/airflow/.local/lib/python3.7/site-packages/airflow/example_dags/example_short_circuit_decorator.py
[2023-11-11T17:04:42.361+0000] {logging_mixin.py:120} INFO - [2023-11-11T17:04:42.360+0000] {dag.py:2585} INFO - Sync 1 DAGs
[2023-11-11T17:04:42.399+0000] {logging_mixin.py:120} INFO - [2023-11-11T17:04:42.399+0000] {dag.py:3340} INFO - Setting next_dagrun for example_short_circuit_decorator to 2023-11-10T17:04:42.398982+00:00, run_after=2023-11-11T17:04:42.398982+00:00
[2023-11-11T17:04:42.426+0000] {processor.py:176} INFO - Processing /home/airflow/.local/lib/python3.7/site-packages/airflow/example_dags/example_short_circuit_decorator.py took 0.169 seconds
[2023-11-11T17:05:12.760+0000] {processor.py:154} INFO - Started process (PID=415) to work on /home/airflow/.local/lib/python3.7/site-packages/airflow/example_dags/example_short_circuit_decorator.py
[2023-11-11T17:05:12.761+0000] {processor.py:756} INFO - Processing file /home/airflow/.local/lib/python3.7/site-packages/airflow/example_dags/example_short_circuit_decorator.py for tasks to queue
[2023-11-11T17:05:12.762+0000] {logging_mixin.py:120} INFO - [2023-11-11T17:05:12.762+0000] {dagbag.py:537} INFO - Filling up the DagBag from /home/airflow/.local/lib/python3.7/site-packages/airflow/example_dags/example_short_circuit_decorator.py
[2023-11-11T17:05:12.791+0000] {processor.py:766} INFO - DAG(s) dict_keys(['example_short_circuit_decorator']) retrieved from /home/airflow/.local/lib/python3.7/site-packages/airflow/example_dags/example_short_circuit_decorator.py
[2023-11-11T17:05:12.919+0000] {logging_mixin.py:120} INFO - [2023-11-11T17:05:12.918+0000] {dag.py:2585} INFO - Sync 1 DAGs
[2023-11-11T17:05:12.958+0000] {logging_mixin.py:120} INFO - [2023-11-11T17:05:12.958+0000] {dag.py:3340} INFO - Setting next_dagrun for example_short_circuit_decorator to 2023-11-10T17:05:12.957354+00:00, run_after=2023-11-11T17:05:12.957354+00:00
[2023-11-11T17:05:12.986+0000] {processor.py:176} INFO - Processing /home/airflow/.local/lib/python3.7/site-packages/airflow/example_dags/example_short_circuit_decorator.py took 0.231 seconds
[2023-11-11T17:05:43.257+0000] {processor.py:154} INFO - Started process (PID=478) to work on /home/airflow/.local/lib/python3.7/site-packages/airflow/example_dags/example_short_circuit_decorator.py
[2023-11-11T17:05:43.258+0000] {processor.py:756} INFO - Processing file /home/airflow/.local/lib/python3.7/site-packages/airflow/example_dags/example_short_circuit_decorator.py for tasks to queue
[2023-11-11T17:05:43.259+0000] {logging_mixin.py:120} INFO - [2023-11-11T17:05:43.258+0000] {dagbag.py:537} INFO - Filling up the DagBag from /home/airflow/.local/lib/python3.7/site-packages/airflow/example_dags/example_short_circuit_decorator.py
[2023-11-11T17:05:43.289+0000] {processor.py:766} INFO - DAG(s) dict_keys(['example_short_circuit_decorator']) retrieved from /home/airflow/.local/lib/python3.7/site-packages/airflow/example_dags/example_short_circuit_decorator.py
[2023-11-11T17:05:43.341+0000] {logging_mixin.py:120} INFO - [2023-11-11T17:05:43.341+0000] {dag.py:2585} INFO - Sync 1 DAGs
[2023-11-11T17:05:43.370+0000] {logging_mixin.py:120} INFO - [2023-11-11T17:05:43.369+0000] {dag.py:3340} INFO - Setting next_dagrun for example_short_circuit_decorator to 2023-11-10T17:05:43.369620+00:00, run_after=2023-11-11T17:05:43.369620+00:00
[2023-11-11T17:05:43.394+0000] {processor.py:176} INFO - Processing /home/airflow/.local/lib/python3.7/site-packages/airflow/example_dags/example_short_circuit_decorator.py took 0.142 seconds
[2023-11-11T17:06:13.551+0000] {processor.py:154} INFO - Started process (PID=532) to work on /home/airflow/.local/lib/python3.7/site-packages/airflow/example_dags/example_short_circuit_decorator.py
[2023-11-11T17:06:13.552+0000] {processor.py:756} INFO - Processing file /home/airflow/.local/lib/python3.7/site-packages/airflow/example_dags/example_short_circuit_decorator.py for tasks to queue
[2023-11-11T17:06:13.553+0000] {logging_mixin.py:120} INFO - [2023-11-11T17:06:13.553+0000] {dagbag.py:537} INFO - Filling up the DagBag from /home/airflow/.local/lib/python3.7/site-packages/airflow/example_dags/example_short_circuit_decorator.py
[2023-11-11T17:06:13.607+0000] {processor.py:766} INFO - DAG(s) dict_keys(['example_short_circuit_decorator']) retrieved from /home/airflow/.local/lib/python3.7/site-packages/airflow/example_dags/example_short_circuit_decorator.py
[2023-11-11T17:06:13.688+0000] {logging_mixin.py:120} INFO - [2023-11-11T17:06:13.687+0000] {dag.py:2585} INFO - Sync 1 DAGs
[2023-11-11T17:06:13.740+0000] {logging_mixin.py:120} INFO - [2023-11-11T17:06:13.739+0000] {dag.py:3340} INFO - Setting next_dagrun for example_short_circuit_decorator to 2023-11-10T17:06:13.739372+00:00, run_after=2023-11-11T17:06:13.739372+00:00
[2023-11-11T17:06:13.778+0000] {processor.py:176} INFO - Processing /home/airflow/.local/lib/python3.7/site-packages/airflow/example_dags/example_short_circuit_decorator.py took 0.231 seconds
[2023-11-11T17:06:44.486+0000] {processor.py:154} INFO - Started process (PID=595) to work on /home/airflow/.local/lib/python3.7/site-packages/airflow/example_dags/example_short_circuit_decorator.py
[2023-11-11T17:06:44.488+0000] {processor.py:756} INFO - Processing file /home/airflow/.local/lib/python3.7/site-packages/airflow/example_dags/example_short_circuit_decorator.py for tasks to queue
[2023-11-11T17:06:44.489+0000] {logging_mixin.py:120} INFO - [2023-11-11T17:06:44.489+0000] {dagbag.py:537} INFO - Filling up the DagBag from /home/airflow/.local/lib/python3.7/site-packages/airflow/example_dags/example_short_circuit_decorator.py
[2023-11-11T17:06:44.523+0000] {processor.py:766} INFO - DAG(s) dict_keys(['example_short_circuit_decorator']) retrieved from /home/airflow/.local/lib/python3.7/site-packages/airflow/example_dags/example_short_circuit_decorator.py
[2023-11-11T17:06:44.577+0000] {logging_mixin.py:120} INFO - [2023-11-11T17:06:44.577+0000] {dag.py:2585} INFO - Sync 1 DAGs
[2023-11-11T17:06:44.619+0000] {logging_mixin.py:120} INFO - [2023-11-11T17:06:44.619+0000] {dag.py:3340} INFO - Setting next_dagrun for example_short_circuit_decorator to 2023-11-10T17:06:44.618895+00:00, run_after=2023-11-11T17:06:44.618895+00:00
[2023-11-11T17:06:44.645+0000] {processor.py:176} INFO - Processing /home/airflow/.local/lib/python3.7/site-packages/airflow/example_dags/example_short_circuit_decorator.py took 0.162 seconds
[2023-11-11T17:07:14.989+0000] {processor.py:154} INFO - Started process (PID=649) to work on /home/airflow/.local/lib/python3.7/site-packages/airflow/example_dags/example_short_circuit_decorator.py
[2023-11-11T17:07:14.990+0000] {processor.py:756} INFO - Processing file /home/airflow/.local/lib/python3.7/site-packages/airflow/example_dags/example_short_circuit_decorator.py for tasks to queue
[2023-11-11T17:07:14.990+0000] {logging_mixin.py:120} INFO - [2023-11-11T17:07:14.990+0000] {dagbag.py:537} INFO - Filling up the DagBag from /home/airflow/.local/lib/python3.7/site-packages/airflow/example_dags/example_short_circuit_decorator.py
[2023-11-11T17:07:15.028+0000] {processor.py:766} INFO - DAG(s) dict_keys(['example_short_circuit_decorator']) retrieved from /home/airflow/.local/lib/python3.7/site-packages/airflow/example_dags/example_short_circuit_decorator.py
[2023-11-11T17:07:15.115+0000] {logging_mixin.py:120} INFO - [2023-11-11T17:07:15.114+0000] {dag.py:2585} INFO - Sync 1 DAGs
[2023-11-11T17:07:15.162+0000] {logging_mixin.py:120} INFO - [2023-11-11T17:07:15.162+0000] {dag.py:3340} INFO - Setting next_dagrun for example_short_circuit_decorator to 2023-11-10T17:07:15.161712+00:00, run_after=2023-11-11T17:07:15.161712+00:00
[2023-11-11T17:07:15.192+0000] {processor.py:176} INFO - Processing /home/airflow/.local/lib/python3.7/site-packages/airflow/example_dags/example_short_circuit_decorator.py took 0.208 seconds
[2023-11-11T17:29:41.691+0000] {processor.py:154} INFO - Started process (PID=87) to work on /home/airflow/.local/lib/python3.7/site-packages/airflow/example_dags/example_short_circuit_decorator.py
[2023-11-11T17:29:41.694+0000] {processor.py:756} INFO - Processing file /home/airflow/.local/lib/python3.7/site-packages/airflow/example_dags/example_short_circuit_decorator.py for tasks to queue
[2023-11-11T17:29:41.704+0000] {logging_mixin.py:120} INFO - [2023-11-11T17:29:41.704+0000] {dagbag.py:537} INFO - Filling up the DagBag from /home/airflow/.local/lib/python3.7/site-packages/airflow/example_dags/example_short_circuit_decorator.py
[2023-11-11T17:29:41.908+0000] {processor.py:766} INFO - DAG(s) dict_keys(['example_short_circuit_decorator']) retrieved from /home/airflow/.local/lib/python3.7/site-packages/airflow/example_dags/example_short_circuit_decorator.py
[2023-11-11T17:29:43.490+0000] {logging_mixin.py:120} INFO - [2023-11-11T17:29:43.490+0000] {manager.py:507} INFO - Created Permission View: can read on DAG:example_short_circuit_decorator
[2023-11-11T17:29:43.602+0000] {logging_mixin.py:120} INFO - [2023-11-11T17:29:43.602+0000] {manager.py:507} INFO - Created Permission View: can delete on DAG:example_short_circuit_decorator
[2023-11-11T17:29:43.802+0000] {logging_mixin.py:120} INFO - [2023-11-11T17:29:43.802+0000] {manager.py:507} INFO - Created Permission View: can edit on DAG:example_short_circuit_decorator
[2023-11-11T17:29:43.803+0000] {logging_mixin.py:120} INFO - [2023-11-11T17:29:43.803+0000] {dag.py:2585} INFO - Sync 1 DAGs
[2023-11-11T17:29:44.001+0000] {logging_mixin.py:120} INFO - [2023-11-11T17:29:44.001+0000] {dag.py:2606} INFO - Creating ORM DAG for example_short_circuit_decorator
[2023-11-11T17:29:44.134+0000] {logging_mixin.py:120} INFO - [2023-11-11T17:29:44.133+0000] {dag.py:3340} INFO - Setting next_dagrun for example_short_circuit_decorator to 2023-11-10T17:29:44.124915+00:00, run_after=2023-11-11T17:29:44.124915+00:00
[2023-11-11T17:29:44.375+0000] {processor.py:176} INFO - Processing /home/airflow/.local/lib/python3.7/site-packages/airflow/example_dags/example_short_circuit_decorator.py took 2.715 seconds
[2023-11-11T17:30:14.967+0000] {processor.py:154} INFO - Started process (PID=137) to work on /home/airflow/.local/lib/python3.7/site-packages/airflow/example_dags/example_short_circuit_decorator.py
[2023-11-11T17:30:14.982+0000] {processor.py:756} INFO - Processing file /home/airflow/.local/lib/python3.7/site-packages/airflow/example_dags/example_short_circuit_decorator.py for tasks to queue
[2023-11-11T17:30:14.983+0000] {logging_mixin.py:120} INFO - [2023-11-11T17:30:14.983+0000] {dagbag.py:537} INFO - Filling up the DagBag from /home/airflow/.local/lib/python3.7/site-packages/airflow/example_dags/example_short_circuit_decorator.py
[2023-11-11T17:30:15.141+0000] {processor.py:766} INFO - DAG(s) dict_keys(['example_short_circuit_decorator']) retrieved from /home/airflow/.local/lib/python3.7/site-packages/airflow/example_dags/example_short_circuit_decorator.py
[2023-11-11T17:30:15.392+0000] {logging_mixin.py:120} INFO - [2023-11-11T17:30:15.391+0000] {dag.py:2585} INFO - Sync 1 DAGs
[2023-11-11T17:30:15.543+0000] {logging_mixin.py:120} INFO - [2023-11-11T17:30:15.542+0000] {dag.py:3340} INFO - Setting next_dagrun for example_short_circuit_decorator to 2023-11-10T17:30:15.540858+00:00, run_after=2023-11-11T17:30:15.540858+00:00
[2023-11-11T17:30:15.619+0000] {processor.py:176} INFO - Processing /home/airflow/.local/lib/python3.7/site-packages/airflow/example_dags/example_short_circuit_decorator.py took 0.668 seconds
[2023-11-11T17:30:45.801+0000] {processor.py:154} INFO - Started process (PID=186) to work on /home/airflow/.local/lib/python3.7/site-packages/airflow/example_dags/example_short_circuit_decorator.py
[2023-11-11T17:30:45.810+0000] {processor.py:756} INFO - Processing file /home/airflow/.local/lib/python3.7/site-packages/airflow/example_dags/example_short_circuit_decorator.py for tasks to queue
[2023-11-11T17:30:45.816+0000] {logging_mixin.py:120} INFO - [2023-11-11T17:30:45.815+0000] {dagbag.py:537} INFO - Filling up the DagBag from /home/airflow/.local/lib/python3.7/site-packages/airflow/example_dags/example_short_circuit_decorator.py
[2023-11-11T17:30:45.951+0000] {processor.py:766} INFO - DAG(s) dict_keys(['example_short_circuit_decorator']) retrieved from /home/airflow/.local/lib/python3.7/site-packages/airflow/example_dags/example_short_circuit_decorator.py
[2023-11-11T17:30:46.176+0000] {logging_mixin.py:120} INFO - [2023-11-11T17:30:46.176+0000] {dag.py:2585} INFO - Sync 1 DAGs
[2023-11-11T17:30:46.313+0000] {logging_mixin.py:120} INFO - [2023-11-11T17:30:46.312+0000] {dag.py:3340} INFO - Setting next_dagrun for example_short_circuit_decorator to 2023-11-10T17:30:46.312515+00:00, run_after=2023-11-11T17:30:46.312515+00:00
[2023-11-11T17:30:46.392+0000] {processor.py:176} INFO - Processing /home/airflow/.local/lib/python3.7/site-packages/airflow/example_dags/example_short_circuit_decorator.py took 0.603 seconds
[2023-11-11T17:31:16.591+0000] {processor.py:154} INFO - Started process (PID=241) to work on /home/airflow/.local/lib/python3.7/site-packages/airflow/example_dags/example_short_circuit_decorator.py
[2023-11-11T17:31:16.593+0000] {processor.py:756} INFO - Processing file /home/airflow/.local/lib/python3.7/site-packages/airflow/example_dags/example_short_circuit_decorator.py for tasks to queue
[2023-11-11T17:31:16.599+0000] {logging_mixin.py:120} INFO - [2023-11-11T17:31:16.595+0000] {dagbag.py:537} INFO - Filling up the DagBag from /home/airflow/.local/lib/python3.7/site-packages/airflow/example_dags/example_short_circuit_decorator.py
[2023-11-11T17:31:16.669+0000] {processor.py:766} INFO - DAG(s) dict_keys(['example_short_circuit_decorator']) retrieved from /home/airflow/.local/lib/python3.7/site-packages/airflow/example_dags/example_short_circuit_decorator.py
[2023-11-11T17:31:16.760+0000] {logging_mixin.py:120} INFO - [2023-11-11T17:31:16.760+0000] {dag.py:2585} INFO - Sync 1 DAGs
[2023-11-11T17:31:16.822+0000] {logging_mixin.py:120} INFO - [2023-11-11T17:31:16.822+0000] {dag.py:3340} INFO - Setting next_dagrun for example_short_circuit_decorator to 2023-11-10T17:31:16.821691+00:00, run_after=2023-11-11T17:31:16.821691+00:00
[2023-11-11T17:31:16.868+0000] {processor.py:176} INFO - Processing /home/airflow/.local/lib/python3.7/site-packages/airflow/example_dags/example_short_circuit_decorator.py took 0.284 seconds
[2023-11-11T17:31:46.969+0000] {processor.py:154} INFO - Started process (PID=304) to work on /home/airflow/.local/lib/python3.7/site-packages/airflow/example_dags/example_short_circuit_decorator.py
[2023-11-11T17:31:46.971+0000] {processor.py:756} INFO - Processing file /home/airflow/.local/lib/python3.7/site-packages/airflow/example_dags/example_short_circuit_decorator.py for tasks to queue
[2023-11-11T17:31:46.971+0000] {logging_mixin.py:120} INFO - [2023-11-11T17:31:46.971+0000] {dagbag.py:537} INFO - Filling up the DagBag from /home/airflow/.local/lib/python3.7/site-packages/airflow/example_dags/example_short_circuit_decorator.py
[2023-11-11T17:31:47.029+0000] {processor.py:766} INFO - DAG(s) dict_keys(['example_short_circuit_decorator']) retrieved from /home/airflow/.local/lib/python3.7/site-packages/airflow/example_dags/example_short_circuit_decorator.py
[2023-11-11T17:31:47.115+0000] {logging_mixin.py:120} INFO - [2023-11-11T17:31:47.114+0000] {dag.py:2585} INFO - Sync 1 DAGs
[2023-11-11T17:31:47.162+0000] {logging_mixin.py:120} INFO - [2023-11-11T17:31:47.162+0000] {dag.py:3340} INFO - Setting next_dagrun for example_short_circuit_decorator to 2023-11-10T17:31:47.162344+00:00, run_after=2023-11-11T17:31:47.162344+00:00
[2023-11-11T17:31:47.202+0000] {processor.py:176} INFO - Processing /home/airflow/.local/lib/python3.7/site-packages/airflow/example_dags/example_short_circuit_decorator.py took 0.240 seconds
[2023-11-11T17:32:17.367+0000] {processor.py:154} INFO - Started process (PID=358) to work on /home/airflow/.local/lib/python3.7/site-packages/airflow/example_dags/example_short_circuit_decorator.py
[2023-11-11T17:32:17.368+0000] {processor.py:756} INFO - Processing file /home/airflow/.local/lib/python3.7/site-packages/airflow/example_dags/example_short_circuit_decorator.py for tasks to queue
[2023-11-11T17:32:17.370+0000] {logging_mixin.py:120} INFO - [2023-11-11T17:32:17.369+0000] {dagbag.py:537} INFO - Filling up the DagBag from /home/airflow/.local/lib/python3.7/site-packages/airflow/example_dags/example_short_circuit_decorator.py
[2023-11-11T17:32:17.421+0000] {processor.py:766} INFO - DAG(s) dict_keys(['example_short_circuit_decorator']) retrieved from /home/airflow/.local/lib/python3.7/site-packages/airflow/example_dags/example_short_circuit_decorator.py
[2023-11-11T17:32:17.512+0000] {logging_mixin.py:120} INFO - [2023-11-11T17:32:17.512+0000] {dag.py:2585} INFO - Sync 1 DAGs
[2023-11-11T17:32:17.573+0000] {logging_mixin.py:120} INFO - [2023-11-11T17:32:17.573+0000] {dag.py:3340} INFO - Setting next_dagrun for example_short_circuit_decorator to 2023-11-10T17:32:17.572688+00:00, run_after=2023-11-11T17:32:17.572688+00:00
[2023-11-11T17:32:17.617+0000] {processor.py:176} INFO - Processing /home/airflow/.local/lib/python3.7/site-packages/airflow/example_dags/example_short_circuit_decorator.py took 0.257 seconds
[2023-11-11T17:32:47.668+0000] {processor.py:154} INFO - Started process (PID=412) to work on /home/airflow/.local/lib/python3.7/site-packages/airflow/example_dags/example_short_circuit_decorator.py
[2023-11-11T17:32:47.670+0000] {processor.py:756} INFO - Processing file /home/airflow/.local/lib/python3.7/site-packages/airflow/example_dags/example_short_circuit_decorator.py for tasks to queue
[2023-11-11T17:32:47.671+0000] {logging_mixin.py:120} INFO - [2023-11-11T17:32:47.671+0000] {dagbag.py:537} INFO - Filling up the DagBag from /home/airflow/.local/lib/python3.7/site-packages/airflow/example_dags/example_short_circuit_decorator.py
[2023-11-11T17:32:47.714+0000] {processor.py:766} INFO - DAG(s) dict_keys(['example_short_circuit_decorator']) retrieved from /home/airflow/.local/lib/python3.7/site-packages/airflow/example_dags/example_short_circuit_decorator.py
[2023-11-11T17:32:47.782+0000] {logging_mixin.py:120} INFO - [2023-11-11T17:32:47.782+0000] {dag.py:2585} INFO - Sync 1 DAGs
[2023-11-11T17:32:47.819+0000] {logging_mixin.py:120} INFO - [2023-11-11T17:32:47.819+0000] {dag.py:3340} INFO - Setting next_dagrun for example_short_circuit_decorator to 2023-11-10T17:32:47.819543+00:00, run_after=2023-11-11T17:32:47.819543+00:00
[2023-11-11T17:32:47.851+0000] {processor.py:176} INFO - Processing /home/airflow/.local/lib/python3.7/site-packages/airflow/example_dags/example_short_circuit_decorator.py took 0.188 seconds
[2023-11-11T17:33:18.408+0000] {processor.py:154} INFO - Started process (PID=475) to work on /home/airflow/.local/lib/python3.7/site-packages/airflow/example_dags/example_short_circuit_decorator.py
[2023-11-11T17:33:18.411+0000] {processor.py:756} INFO - Processing file /home/airflow/.local/lib/python3.7/site-packages/airflow/example_dags/example_short_circuit_decorator.py for tasks to queue
[2023-11-11T17:33:18.413+0000] {logging_mixin.py:120} INFO - [2023-11-11T17:33:18.412+0000] {dagbag.py:537} INFO - Filling up the DagBag from /home/airflow/.local/lib/python3.7/site-packages/airflow/example_dags/example_short_circuit_decorator.py
[2023-11-11T17:33:18.513+0000] {processor.py:766} INFO - DAG(s) dict_keys(['example_short_circuit_decorator']) retrieved from /home/airflow/.local/lib/python3.7/site-packages/airflow/example_dags/example_short_circuit_decorator.py
[2023-11-11T17:33:18.637+0000] {logging_mixin.py:120} INFO - [2023-11-11T17:33:18.636+0000] {dag.py:2585} INFO - Sync 1 DAGs
[2023-11-11T17:33:18.718+0000] {logging_mixin.py:120} INFO - [2023-11-11T17:33:18.717+0000] {dag.py:3340} INFO - Setting next_dagrun for example_short_circuit_decorator to 2023-11-10T17:33:18.717587+00:00, run_after=2023-11-11T17:33:18.717587+00:00
[2023-11-11T17:33:18.768+0000] {processor.py:176} INFO - Processing /home/airflow/.local/lib/python3.7/site-packages/airflow/example_dags/example_short_circuit_decorator.py took 0.367 seconds
[2023-11-11T17:33:48.986+0000] {processor.py:154} INFO - Started process (PID=531) to work on /home/airflow/.local/lib/python3.7/site-packages/airflow/example_dags/example_short_circuit_decorator.py
[2023-11-11T17:33:48.987+0000] {processor.py:756} INFO - Processing file /home/airflow/.local/lib/python3.7/site-packages/airflow/example_dags/example_short_circuit_decorator.py for tasks to queue
[2023-11-11T17:33:48.988+0000] {logging_mixin.py:120} INFO - [2023-11-11T17:33:48.987+0000] {dagbag.py:537} INFO - Filling up the DagBag from /home/airflow/.local/lib/python3.7/site-packages/airflow/example_dags/example_short_circuit_decorator.py
[2023-11-11T17:33:49.038+0000] {processor.py:766} INFO - DAG(s) dict_keys(['example_short_circuit_decorator']) retrieved from /home/airflow/.local/lib/python3.7/site-packages/airflow/example_dags/example_short_circuit_decorator.py
[2023-11-11T17:33:49.112+0000] {logging_mixin.py:120} INFO - [2023-11-11T17:33:49.112+0000] {dag.py:2585} INFO - Sync 1 DAGs
[2023-11-11T17:33:49.164+0000] {logging_mixin.py:120} INFO - [2023-11-11T17:33:49.164+0000] {dag.py:3340} INFO - Setting next_dagrun for example_short_circuit_decorator to 2023-11-10T17:33:49.163902+00:00, run_after=2023-11-11T17:33:49.163902+00:00
[2023-11-11T17:33:49.205+0000] {processor.py:176} INFO - Processing /home/airflow/.local/lib/python3.7/site-packages/airflow/example_dags/example_short_circuit_decorator.py took 0.225 seconds
[2023-11-11T17:34:19.933+0000] {processor.py:154} INFO - Started process (PID=585) to work on /home/airflow/.local/lib/python3.7/site-packages/airflow/example_dags/example_short_circuit_decorator.py
[2023-11-11T17:34:19.934+0000] {processor.py:756} INFO - Processing file /home/airflow/.local/lib/python3.7/site-packages/airflow/example_dags/example_short_circuit_decorator.py for tasks to queue
[2023-11-11T17:34:19.935+0000] {logging_mixin.py:120} INFO - [2023-11-11T17:34:19.935+0000] {dagbag.py:537} INFO - Filling up the DagBag from /home/airflow/.local/lib/python3.7/site-packages/airflow/example_dags/example_short_circuit_decorator.py
[2023-11-11T17:34:20.011+0000] {processor.py:766} INFO - DAG(s) dict_keys(['example_short_circuit_decorator']) retrieved from /home/airflow/.local/lib/python3.7/site-packages/airflow/example_dags/example_short_circuit_decorator.py
[2023-11-11T17:34:20.120+0000] {logging_mixin.py:120} INFO - [2023-11-11T17:34:20.119+0000] {dag.py:2585} INFO - Sync 1 DAGs
[2023-11-11T17:34:20.189+0000] {logging_mixin.py:120} INFO - [2023-11-11T17:34:20.188+0000] {dag.py:3340} INFO - Setting next_dagrun for example_short_circuit_decorator to 2023-11-10T17:34:20.188134+00:00, run_after=2023-11-11T17:34:20.188134+00:00
[2023-11-11T17:34:20.234+0000] {processor.py:176} INFO - Processing /home/airflow/.local/lib/python3.7/site-packages/airflow/example_dags/example_short_circuit_decorator.py took 0.307 seconds
[2023-11-11T17:34:50.838+0000] {processor.py:154} INFO - Started process (PID=649) to work on /home/airflow/.local/lib/python3.7/site-packages/airflow/example_dags/example_short_circuit_decorator.py
[2023-11-11T17:34:50.839+0000] {processor.py:756} INFO - Processing file /home/airflow/.local/lib/python3.7/site-packages/airflow/example_dags/example_short_circuit_decorator.py for tasks to queue
[2023-11-11T17:34:50.841+0000] {logging_mixin.py:120} INFO - [2023-11-11T17:34:50.840+0000] {dagbag.py:537} INFO - Filling up the DagBag from /home/airflow/.local/lib/python3.7/site-packages/airflow/example_dags/example_short_circuit_decorator.py
[2023-11-11T17:34:50.907+0000] {processor.py:766} INFO - DAG(s) dict_keys(['example_short_circuit_decorator']) retrieved from /home/airflow/.local/lib/python3.7/site-packages/airflow/example_dags/example_short_circuit_decorator.py
[2023-11-11T17:34:51.024+0000] {logging_mixin.py:120} INFO - [2023-11-11T17:34:51.024+0000] {dag.py:2585} INFO - Sync 1 DAGs
[2023-11-11T17:34:51.119+0000] {logging_mixin.py:120} INFO - [2023-11-11T17:34:51.115+0000] {dag.py:3340} INFO - Setting next_dagrun for example_short_circuit_decorator to 2023-11-10T17:34:51.115002+00:00, run_after=2023-11-11T17:34:51.115002+00:00
[2023-11-11T17:34:51.196+0000] {processor.py:176} INFO - Processing /home/airflow/.local/lib/python3.7/site-packages/airflow/example_dags/example_short_circuit_decorator.py took 0.367 seconds
[2023-11-11T17:35:21.644+0000] {processor.py:154} INFO - Started process (PID=703) to work on /home/airflow/.local/lib/python3.7/site-packages/airflow/example_dags/example_short_circuit_decorator.py
[2023-11-11T17:35:21.645+0000] {processor.py:756} INFO - Processing file /home/airflow/.local/lib/python3.7/site-packages/airflow/example_dags/example_short_circuit_decorator.py for tasks to queue
[2023-11-11T17:35:21.647+0000] {logging_mixin.py:120} INFO - [2023-11-11T17:35:21.647+0000] {dagbag.py:537} INFO - Filling up the DagBag from /home/airflow/.local/lib/python3.7/site-packages/airflow/example_dags/example_short_circuit_decorator.py
[2023-11-11T17:35:21.689+0000] {processor.py:766} INFO - DAG(s) dict_keys(['example_short_circuit_decorator']) retrieved from /home/airflow/.local/lib/python3.7/site-packages/airflow/example_dags/example_short_circuit_decorator.py
[2023-11-11T17:35:21.761+0000] {logging_mixin.py:120} INFO - [2023-11-11T17:35:21.761+0000] {dag.py:2585} INFO - Sync 1 DAGs
[2023-11-11T17:35:21.808+0000] {logging_mixin.py:120} INFO - [2023-11-11T17:35:21.808+0000] {dag.py:3340} INFO - Setting next_dagrun for example_short_circuit_decorator to 2023-11-10T17:35:21.807984+00:00, run_after=2023-11-11T17:35:21.807984+00:00
[2023-11-11T17:35:21.841+0000] {processor.py:176} INFO - Processing /home/airflow/.local/lib/python3.7/site-packages/airflow/example_dags/example_short_circuit_decorator.py took 0.206 seconds
[2023-11-11T17:35:52.777+0000] {processor.py:154} INFO - Started process (PID=766) to work on /home/airflow/.local/lib/python3.7/site-packages/airflow/example_dags/example_short_circuit_decorator.py
[2023-11-11T17:35:52.778+0000] {processor.py:756} INFO - Processing file /home/airflow/.local/lib/python3.7/site-packages/airflow/example_dags/example_short_circuit_decorator.py for tasks to queue
[2023-11-11T17:35:52.779+0000] {logging_mixin.py:120} INFO - [2023-11-11T17:35:52.779+0000] {dagbag.py:537} INFO - Filling up the DagBag from /home/airflow/.local/lib/python3.7/site-packages/airflow/example_dags/example_short_circuit_decorator.py
[2023-11-11T17:35:52.830+0000] {processor.py:766} INFO - DAG(s) dict_keys(['example_short_circuit_decorator']) retrieved from /home/airflow/.local/lib/python3.7/site-packages/airflow/example_dags/example_short_circuit_decorator.py
[2023-11-11T17:35:52.951+0000] {logging_mixin.py:120} INFO - [2023-11-11T17:35:52.951+0000] {dag.py:2585} INFO - Sync 1 DAGs
[2023-11-11T17:35:53.019+0000] {logging_mixin.py:120} INFO - [2023-11-11T17:35:53.018+0000] {dag.py:3340} INFO - Setting next_dagrun for example_short_circuit_decorator to 2023-11-10T17:35:53.018653+00:00, run_after=2023-11-11T17:35:53.018653+00:00
[2023-11-11T17:35:53.062+0000] {processor.py:176} INFO - Processing /home/airflow/.local/lib/python3.7/site-packages/airflow/example_dags/example_short_circuit_decorator.py took 0.293 seconds
[2023-11-11T17:36:23.312+0000] {processor.py:154} INFO - Started process (PID=820) to work on /home/airflow/.local/lib/python3.7/site-packages/airflow/example_dags/example_short_circuit_decorator.py
[2023-11-11T17:36:23.313+0000] {processor.py:756} INFO - Processing file /home/airflow/.local/lib/python3.7/site-packages/airflow/example_dags/example_short_circuit_decorator.py for tasks to queue
[2023-11-11T17:36:23.314+0000] {logging_mixin.py:120} INFO - [2023-11-11T17:36:23.314+0000] {dagbag.py:537} INFO - Filling up the DagBag from /home/airflow/.local/lib/python3.7/site-packages/airflow/example_dags/example_short_circuit_decorator.py
[2023-11-11T17:36:23.357+0000] {processor.py:766} INFO - DAG(s) dict_keys(['example_short_circuit_decorator']) retrieved from /home/airflow/.local/lib/python3.7/site-packages/airflow/example_dags/example_short_circuit_decorator.py
[2023-11-11T17:36:23.422+0000] {logging_mixin.py:120} INFO - [2023-11-11T17:36:23.422+0000] {dag.py:2585} INFO - Sync 1 DAGs
[2023-11-11T17:36:23.471+0000] {logging_mixin.py:120} INFO - [2023-11-11T17:36:23.471+0000] {dag.py:3340} INFO - Setting next_dagrun for example_short_circuit_decorator to 2023-11-10T17:36:23.470455+00:00, run_after=2023-11-11T17:36:23.470455+00:00
[2023-11-11T17:36:23.528+0000] {processor.py:176} INFO - Processing /home/airflow/.local/lib/python3.7/site-packages/airflow/example_dags/example_short_circuit_decorator.py took 0.222 seconds
[2023-11-11T17:36:54.030+0000] {processor.py:154} INFO - Started process (PID=883) to work on /home/airflow/.local/lib/python3.7/site-packages/airflow/example_dags/example_short_circuit_decorator.py
[2023-11-11T17:36:54.032+0000] {processor.py:756} INFO - Processing file /home/airflow/.local/lib/python3.7/site-packages/airflow/example_dags/example_short_circuit_decorator.py for tasks to queue
[2023-11-11T17:36:54.034+0000] {logging_mixin.py:120} INFO - [2023-11-11T17:36:54.034+0000] {dagbag.py:537} INFO - Filling up the DagBag from /home/airflow/.local/lib/python3.7/site-packages/airflow/example_dags/example_short_circuit_decorator.py
[2023-11-11T17:36:54.079+0000] {processor.py:766} INFO - DAG(s) dict_keys(['example_short_circuit_decorator']) retrieved from /home/airflow/.local/lib/python3.7/site-packages/airflow/example_dags/example_short_circuit_decorator.py
[2023-11-11T17:36:54.159+0000] {logging_mixin.py:120} INFO - [2023-11-11T17:36:54.159+0000] {dag.py:2585} INFO - Sync 1 DAGs
[2023-11-11T17:36:54.219+0000] {logging_mixin.py:120} INFO - [2023-11-11T17:36:54.219+0000] {dag.py:3340} INFO - Setting next_dagrun for example_short_circuit_decorator to 2023-11-10T17:36:54.219139+00:00, run_after=2023-11-11T17:36:54.219139+00:00
[2023-11-11T17:36:54.258+0000] {processor.py:176} INFO - Processing /home/airflow/.local/lib/python3.7/site-packages/airflow/example_dags/example_short_circuit_decorator.py took 0.236 seconds
[2023-11-11T17:37:24.782+0000] {processor.py:154} INFO - Started process (PID=937) to work on /home/airflow/.local/lib/python3.7/site-packages/airflow/example_dags/example_short_circuit_decorator.py
[2023-11-11T17:37:24.784+0000] {processor.py:756} INFO - Processing file /home/airflow/.local/lib/python3.7/site-packages/airflow/example_dags/example_short_circuit_decorator.py for tasks to queue
[2023-11-11T17:37:24.784+0000] {logging_mixin.py:120} INFO - [2023-11-11T17:37:24.784+0000] {dagbag.py:537} INFO - Filling up the DagBag from /home/airflow/.local/lib/python3.7/site-packages/airflow/example_dags/example_short_circuit_decorator.py
[2023-11-11T17:37:24.845+0000] {processor.py:766} INFO - DAG(s) dict_keys(['example_short_circuit_decorator']) retrieved from /home/airflow/.local/lib/python3.7/site-packages/airflow/example_dags/example_short_circuit_decorator.py
[2023-11-11T17:37:24.942+0000] {logging_mixin.py:120} INFO - [2023-11-11T17:37:24.942+0000] {dag.py:2585} INFO - Sync 1 DAGs
[2023-11-11T17:37:24.998+0000] {logging_mixin.py:120} INFO - [2023-11-11T17:37:24.998+0000] {dag.py:3340} INFO - Setting next_dagrun for example_short_circuit_decorator to 2023-11-10T17:37:24.997873+00:00, run_after=2023-11-11T17:37:24.997873+00:00
[2023-11-11T17:37:25.036+0000] {processor.py:176} INFO - Processing /home/airflow/.local/lib/python3.7/site-packages/airflow/example_dags/example_short_circuit_decorator.py took 0.261 seconds
[2023-11-11T17:37:55.247+0000] {processor.py:154} INFO - Started process (PID=999) to work on /home/airflow/.local/lib/python3.7/site-packages/airflow/example_dags/example_short_circuit_decorator.py
[2023-11-11T17:37:55.248+0000] {processor.py:756} INFO - Processing file /home/airflow/.local/lib/python3.7/site-packages/airflow/example_dags/example_short_circuit_decorator.py for tasks to queue
[2023-11-11T17:37:55.249+0000] {logging_mixin.py:120} INFO - [2023-11-11T17:37:55.249+0000] {dagbag.py:537} INFO - Filling up the DagBag from /home/airflow/.local/lib/python3.7/site-packages/airflow/example_dags/example_short_circuit_decorator.py
[2023-11-11T17:37:55.320+0000] {processor.py:766} INFO - DAG(s) dict_keys(['example_short_circuit_decorator']) retrieved from /home/airflow/.local/lib/python3.7/site-packages/airflow/example_dags/example_short_circuit_decorator.py
[2023-11-11T17:37:55.411+0000] {logging_mixin.py:120} INFO - [2023-11-11T17:37:55.410+0000] {dag.py:2585} INFO - Sync 1 DAGs
[2023-11-11T17:37:55.456+0000] {logging_mixin.py:120} INFO - [2023-11-11T17:37:55.456+0000] {dag.py:3340} INFO - Setting next_dagrun for example_short_circuit_decorator to 2023-11-10T17:37:55.455778+00:00, run_after=2023-11-11T17:37:55.455778+00:00
[2023-11-11T17:37:55.489+0000] {processor.py:176} INFO - Processing /home/airflow/.local/lib/python3.7/site-packages/airflow/example_dags/example_short_circuit_decorator.py took 0.252 seconds
[2023-11-11T17:38:26.375+0000] {processor.py:154} INFO - Started process (PID=1053) to work on /home/airflow/.local/lib/python3.7/site-packages/airflow/example_dags/example_short_circuit_decorator.py
[2023-11-11T17:38:26.386+0000] {processor.py:756} INFO - Processing file /home/airflow/.local/lib/python3.7/site-packages/airflow/example_dags/example_short_circuit_decorator.py for tasks to queue
[2023-11-11T17:38:26.389+0000] {logging_mixin.py:120} INFO - [2023-11-11T17:38:26.389+0000] {dagbag.py:537} INFO - Filling up the DagBag from /home/airflow/.local/lib/python3.7/site-packages/airflow/example_dags/example_short_circuit_decorator.py
[2023-11-11T17:38:26.517+0000] {processor.py:766} INFO - DAG(s) dict_keys(['example_short_circuit_decorator']) retrieved from /home/airflow/.local/lib/python3.7/site-packages/airflow/example_dags/example_short_circuit_decorator.py
[2023-11-11T17:38:26.664+0000] {logging_mixin.py:120} INFO - [2023-11-11T17:38:26.664+0000] {dag.py:2585} INFO - Sync 1 DAGs
[2023-11-11T17:38:26.736+0000] {logging_mixin.py:120} INFO - [2023-11-11T17:38:26.736+0000] {dag.py:3340} INFO - Setting next_dagrun for example_short_circuit_decorator to 2023-11-10T17:38:26.735576+00:00, run_after=2023-11-11T17:38:26.735576+00:00
[2023-11-11T17:38:26.790+0000] {processor.py:176} INFO - Processing /home/airflow/.local/lib/python3.7/site-packages/airflow/example_dags/example_short_circuit_decorator.py took 0.437 seconds
[2023-11-11T17:38:56.919+0000] {processor.py:154} INFO - Started process (PID=1116) to work on /home/airflow/.local/lib/python3.7/site-packages/airflow/example_dags/example_short_circuit_decorator.py
[2023-11-11T17:38:56.921+0000] {processor.py:756} INFO - Processing file /home/airflow/.local/lib/python3.7/site-packages/airflow/example_dags/example_short_circuit_decorator.py for tasks to queue
[2023-11-11T17:38:56.922+0000] {logging_mixin.py:120} INFO - [2023-11-11T17:38:56.922+0000] {dagbag.py:537} INFO - Filling up the DagBag from /home/airflow/.local/lib/python3.7/site-packages/airflow/example_dags/example_short_circuit_decorator.py
[2023-11-11T17:38:57.012+0000] {processor.py:766} INFO - DAG(s) dict_keys(['example_short_circuit_decorator']) retrieved from /home/airflow/.local/lib/python3.7/site-packages/airflow/example_dags/example_short_circuit_decorator.py
[2023-11-11T17:38:57.154+0000] {logging_mixin.py:120} INFO - [2023-11-11T17:38:57.154+0000] {dag.py:2585} INFO - Sync 1 DAGs
[2023-11-11T17:38:57.243+0000] {logging_mixin.py:120} INFO - [2023-11-11T17:38:57.243+0000] {dag.py:3340} INFO - Setting next_dagrun for example_short_circuit_decorator to 2023-11-10T17:38:57.242802+00:00, run_after=2023-11-11T17:38:57.242802+00:00
[2023-11-11T17:38:57.324+0000] {processor.py:176} INFO - Processing /home/airflow/.local/lib/python3.7/site-packages/airflow/example_dags/example_short_circuit_decorator.py took 0.420 seconds
[2023-11-11T17:39:27.969+0000] {processor.py:154} INFO - Started process (PID=1170) to work on /home/airflow/.local/lib/python3.7/site-packages/airflow/example_dags/example_short_circuit_decorator.py
[2023-11-11T17:39:27.971+0000] {processor.py:756} INFO - Processing file /home/airflow/.local/lib/python3.7/site-packages/airflow/example_dags/example_short_circuit_decorator.py for tasks to queue
[2023-11-11T17:39:27.972+0000] {logging_mixin.py:120} INFO - [2023-11-11T17:39:27.972+0000] {dagbag.py:537} INFO - Filling up the DagBag from /home/airflow/.local/lib/python3.7/site-packages/airflow/example_dags/example_short_circuit_decorator.py
[2023-11-11T17:39:28.059+0000] {processor.py:766} INFO - DAG(s) dict_keys(['example_short_circuit_decorator']) retrieved from /home/airflow/.local/lib/python3.7/site-packages/airflow/example_dags/example_short_circuit_decorator.py
[2023-11-11T17:39:28.170+0000] {logging_mixin.py:120} INFO - [2023-11-11T17:39:28.169+0000] {dag.py:2585} INFO - Sync 1 DAGs
[2023-11-11T17:39:28.224+0000] {logging_mixin.py:120} INFO - [2023-11-11T17:39:28.224+0000] {dag.py:3340} INFO - Setting next_dagrun for example_short_circuit_decorator to 2023-11-10T17:39:28.224291+00:00, run_after=2023-11-11T17:39:28.224291+00:00
[2023-11-11T17:39:28.286+0000] {processor.py:176} INFO - Processing /home/airflow/.local/lib/python3.7/site-packages/airflow/example_dags/example_short_circuit_decorator.py took 0.331 seconds
