[2023-11-11T17:02:10.565+0000] {processor.py:154} INFO - Started process (PID=85) to work on /home/airflow/.local/lib/python3.7/site-packages/airflow/example_dags/example_trigger_controller_dag.py
[2023-11-11T17:02:10.567+0000] {processor.py:756} INFO - Processing file /home/airflow/.local/lib/python3.7/site-packages/airflow/example_dags/example_trigger_controller_dag.py for tasks to queue
[2023-11-11T17:02:10.568+0000] {logging_mixin.py:120} INFO - [2023-11-11T17:02:10.568+0000] {dagbag.py:537} INFO - Filling up the DagBag from /home/airflow/.local/lib/python3.7/site-packages/airflow/example_dags/example_trigger_controller_dag.py
[2023-11-11T17:02:10.631+0000] {processor.py:766} INFO - DAG(s) dict_keys(['example_trigger_controller_dag']) retrieved from /home/airflow/.local/lib/python3.7/site-packages/airflow/example_dags/example_trigger_controller_dag.py
[2023-11-11T17:02:10.931+0000] {logging_mixin.py:120} INFO - [2023-11-11T17:02:10.930+0000] {dag.py:2585} INFO - Sync 1 DAGs
[2023-11-11T17:02:11.103+0000] {logging_mixin.py:120} INFO - [2023-11-11T17:02:11.101+0000] {dag.py:3340} INFO - Setting next_dagrun for example_trigger_controller_dag to 2021-01-01T00:00:00+00:00, run_after=2021-01-01T00:00:00+00:00
[2023-11-11T17:02:11.218+0000] {processor.py:176} INFO - Processing /home/airflow/.local/lib/python3.7/site-packages/airflow/example_dags/example_trigger_controller_dag.py took 0.675 seconds
[2023-11-11T17:02:41.875+0000] {processor.py:154} INFO - Started process (PID=139) to work on /home/airflow/.local/lib/python3.7/site-packages/airflow/example_dags/example_trigger_controller_dag.py
[2023-11-11T17:02:41.878+0000] {processor.py:756} INFO - Processing file /home/airflow/.local/lib/python3.7/site-packages/airflow/example_dags/example_trigger_controller_dag.py for tasks to queue
[2023-11-11T17:02:41.879+0000] {logging_mixin.py:120} INFO - [2023-11-11T17:02:41.879+0000] {dagbag.py:537} INFO - Filling up the DagBag from /home/airflow/.local/lib/python3.7/site-packages/airflow/example_dags/example_trigger_controller_dag.py
[2023-11-11T17:02:41.903+0000] {processor.py:766} INFO - DAG(s) dict_keys(['example_trigger_controller_dag']) retrieved from /home/airflow/.local/lib/python3.7/site-packages/airflow/example_dags/example_trigger_controller_dag.py
[2023-11-11T17:02:42.035+0000] {logging_mixin.py:120} INFO - [2023-11-11T17:02:42.035+0000] {dag.py:2585} INFO - Sync 1 DAGs
[2023-11-11T17:02:42.104+0000] {logging_mixin.py:120} INFO - [2023-11-11T17:02:42.104+0000] {dag.py:3340} INFO - Setting next_dagrun for example_trigger_controller_dag to 2021-01-01T00:00:00+00:00, run_after=2021-01-01T00:00:00+00:00
[2023-11-11T17:02:42.148+0000] {processor.py:176} INFO - Processing /home/airflow/.local/lib/python3.7/site-packages/airflow/example_dags/example_trigger_controller_dag.py took 0.281 seconds
[2023-11-11T17:03:14.052+0000] {processor.py:154} INFO - Started process (PID=201) to work on /home/airflow/.local/lib/python3.7/site-packages/airflow/example_dags/example_trigger_controller_dag.py
[2023-11-11T17:03:14.056+0000] {processor.py:756} INFO - Processing file /home/airflow/.local/lib/python3.7/site-packages/airflow/example_dags/example_trigger_controller_dag.py for tasks to queue
[2023-11-11T17:03:14.058+0000] {logging_mixin.py:120} INFO - [2023-11-11T17:03:14.057+0000] {dagbag.py:537} INFO - Filling up the DagBag from /home/airflow/.local/lib/python3.7/site-packages/airflow/example_dags/example_trigger_controller_dag.py
[2023-11-11T17:03:14.093+0000] {processor.py:766} INFO - DAG(s) dict_keys(['example_trigger_controller_dag']) retrieved from /home/airflow/.local/lib/python3.7/site-packages/airflow/example_dags/example_trigger_controller_dag.py
[2023-11-11T17:03:14.252+0000] {logging_mixin.py:120} INFO - [2023-11-11T17:03:14.252+0000] {dag.py:2585} INFO - Sync 1 DAGs
[2023-11-11T17:03:14.326+0000] {logging_mixin.py:120} INFO - [2023-11-11T17:03:14.326+0000] {dag.py:3340} INFO - Setting next_dagrun for example_trigger_controller_dag to 2021-01-01T00:00:00+00:00, run_after=2021-01-01T00:00:00+00:00
[2023-11-11T17:03:14.443+0000] {processor.py:176} INFO - Processing /home/airflow/.local/lib/python3.7/site-packages/airflow/example_dags/example_trigger_controller_dag.py took 0.404 seconds
[2023-11-11T17:03:44.979+0000] {processor.py:154} INFO - Started process (PID=258) to work on /home/airflow/.local/lib/python3.7/site-packages/airflow/example_dags/example_trigger_controller_dag.py
[2023-11-11T17:03:44.980+0000] {processor.py:756} INFO - Processing file /home/airflow/.local/lib/python3.7/site-packages/airflow/example_dags/example_trigger_controller_dag.py for tasks to queue
[2023-11-11T17:03:44.981+0000] {logging_mixin.py:120} INFO - [2023-11-11T17:03:44.981+0000] {dagbag.py:537} INFO - Filling up the DagBag from /home/airflow/.local/lib/python3.7/site-packages/airflow/example_dags/example_trigger_controller_dag.py
[2023-11-11T17:03:45.001+0000] {processor.py:766} INFO - DAG(s) dict_keys(['example_trigger_controller_dag']) retrieved from /home/airflow/.local/lib/python3.7/site-packages/airflow/example_dags/example_trigger_controller_dag.py
[2023-11-11T17:03:45.060+0000] {logging_mixin.py:120} INFO - [2023-11-11T17:03:45.059+0000] {dag.py:2585} INFO - Sync 1 DAGs
[2023-11-11T17:03:45.103+0000] {logging_mixin.py:120} INFO - [2023-11-11T17:03:45.103+0000] {dag.py:3340} INFO - Setting next_dagrun for example_trigger_controller_dag to 2021-01-01T00:00:00+00:00, run_after=2021-01-01T00:00:00+00:00
[2023-11-11T17:03:45.137+0000] {processor.py:176} INFO - Processing /home/airflow/.local/lib/python3.7/site-packages/airflow/example_dags/example_trigger_controller_dag.py took 0.161 seconds
[2023-11-11T17:04:15.936+0000] {processor.py:154} INFO - Started process (PID=312) to work on /home/airflow/.local/lib/python3.7/site-packages/airflow/example_dags/example_trigger_controller_dag.py
[2023-11-11T17:04:15.938+0000] {processor.py:756} INFO - Processing file /home/airflow/.local/lib/python3.7/site-packages/airflow/example_dags/example_trigger_controller_dag.py for tasks to queue
[2023-11-11T17:04:15.939+0000] {logging_mixin.py:120} INFO - [2023-11-11T17:04:15.939+0000] {dagbag.py:537} INFO - Filling up the DagBag from /home/airflow/.local/lib/python3.7/site-packages/airflow/example_dags/example_trigger_controller_dag.py
[2023-11-11T17:04:15.951+0000] {processor.py:766} INFO - DAG(s) dict_keys(['example_trigger_controller_dag']) retrieved from /home/airflow/.local/lib/python3.7/site-packages/airflow/example_dags/example_trigger_controller_dag.py
[2023-11-11T17:04:16.014+0000] {logging_mixin.py:120} INFO - [2023-11-11T17:04:16.014+0000] {dag.py:2585} INFO - Sync 1 DAGs
[2023-11-11T17:04:16.049+0000] {logging_mixin.py:120} INFO - [2023-11-11T17:04:16.049+0000] {dag.py:3340} INFO - Setting next_dagrun for example_trigger_controller_dag to 2021-01-01T00:00:00+00:00, run_after=2021-01-01T00:00:00+00:00
[2023-11-11T17:04:16.075+0000] {processor.py:176} INFO - Processing /home/airflow/.local/lib/python3.7/site-packages/airflow/example_dags/example_trigger_controller_dag.py took 0.142 seconds
[2023-11-11T17:04:46.802+0000] {processor.py:154} INFO - Started process (PID=375) to work on /home/airflow/.local/lib/python3.7/site-packages/airflow/example_dags/example_trigger_controller_dag.py
[2023-11-11T17:04:46.803+0000] {processor.py:756} INFO - Processing file /home/airflow/.local/lib/python3.7/site-packages/airflow/example_dags/example_trigger_controller_dag.py for tasks to queue
[2023-11-11T17:04:46.803+0000] {logging_mixin.py:120} INFO - [2023-11-11T17:04:46.803+0000] {dagbag.py:537} INFO - Filling up the DagBag from /home/airflow/.local/lib/python3.7/site-packages/airflow/example_dags/example_trigger_controller_dag.py
[2023-11-11T17:04:46.826+0000] {processor.py:766} INFO - DAG(s) dict_keys(['example_trigger_controller_dag']) retrieved from /home/airflow/.local/lib/python3.7/site-packages/airflow/example_dags/example_trigger_controller_dag.py
[2023-11-11T17:04:46.893+0000] {logging_mixin.py:120} INFO - [2023-11-11T17:04:46.893+0000] {dag.py:2585} INFO - Sync 1 DAGs
[2023-11-11T17:04:46.933+0000] {logging_mixin.py:120} INFO - [2023-11-11T17:04:46.933+0000] {dag.py:3340} INFO - Setting next_dagrun for example_trigger_controller_dag to 2021-01-01T00:00:00+00:00, run_after=2021-01-01T00:00:00+00:00
[2023-11-11T17:04:46.962+0000] {processor.py:176} INFO - Processing /home/airflow/.local/lib/python3.7/site-packages/airflow/example_dags/example_trigger_controller_dag.py took 0.165 seconds
[2023-11-11T17:05:17.117+0000] {processor.py:154} INFO - Started process (PID=438) to work on /home/airflow/.local/lib/python3.7/site-packages/airflow/example_dags/example_trigger_controller_dag.py
[2023-11-11T17:05:17.118+0000] {processor.py:756} INFO - Processing file /home/airflow/.local/lib/python3.7/site-packages/airflow/example_dags/example_trigger_controller_dag.py for tasks to queue
[2023-11-11T17:05:17.119+0000] {logging_mixin.py:120} INFO - [2023-11-11T17:05:17.119+0000] {dagbag.py:537} INFO - Filling up the DagBag from /home/airflow/.local/lib/python3.7/site-packages/airflow/example_dags/example_trigger_controller_dag.py
[2023-11-11T17:05:17.136+0000] {processor.py:766} INFO - DAG(s) dict_keys(['example_trigger_controller_dag']) retrieved from /home/airflow/.local/lib/python3.7/site-packages/airflow/example_dags/example_trigger_controller_dag.py
[2023-11-11T17:05:17.194+0000] {logging_mixin.py:120} INFO - [2023-11-11T17:05:17.194+0000] {dag.py:2585} INFO - Sync 1 DAGs
[2023-11-11T17:05:17.239+0000] {logging_mixin.py:120} INFO - [2023-11-11T17:05:17.239+0000] {dag.py:3340} INFO - Setting next_dagrun for example_trigger_controller_dag to 2021-01-01T00:00:00+00:00, run_after=2021-01-01T00:00:00+00:00
[2023-11-11T17:05:17.271+0000] {processor.py:176} INFO - Processing /home/airflow/.local/lib/python3.7/site-packages/airflow/example_dags/example_trigger_controller_dag.py took 0.158 seconds
[2023-11-11T17:05:48.163+0000] {processor.py:154} INFO - Started process (PID=492) to work on /home/airflow/.local/lib/python3.7/site-packages/airflow/example_dags/example_trigger_controller_dag.py
[2023-11-11T17:05:48.166+0000] {processor.py:756} INFO - Processing file /home/airflow/.local/lib/python3.7/site-packages/airflow/example_dags/example_trigger_controller_dag.py for tasks to queue
[2023-11-11T17:05:48.169+0000] {logging_mixin.py:120} INFO - [2023-11-11T17:05:48.169+0000] {dagbag.py:537} INFO - Filling up the DagBag from /home/airflow/.local/lib/python3.7/site-packages/airflow/example_dags/example_trigger_controller_dag.py
[2023-11-11T17:05:48.190+0000] {processor.py:766} INFO - DAG(s) dict_keys(['example_trigger_controller_dag']) retrieved from /home/airflow/.local/lib/python3.7/site-packages/airflow/example_dags/example_trigger_controller_dag.py
[2023-11-11T17:05:48.250+0000] {logging_mixin.py:120} INFO - [2023-11-11T17:05:48.249+0000] {dag.py:2585} INFO - Sync 1 DAGs
[2023-11-11T17:05:48.289+0000] {logging_mixin.py:120} INFO - [2023-11-11T17:05:48.289+0000] {dag.py:3340} INFO - Setting next_dagrun for example_trigger_controller_dag to 2021-01-01T00:00:00+00:00, run_after=2021-01-01T00:00:00+00:00
[2023-11-11T17:05:48.314+0000] {processor.py:176} INFO - Processing /home/airflow/.local/lib/python3.7/site-packages/airflow/example_dags/example_trigger_controller_dag.py took 0.164 seconds
[2023-11-11T17:06:18.681+0000] {processor.py:154} INFO - Started process (PID=555) to work on /home/airflow/.local/lib/python3.7/site-packages/airflow/example_dags/example_trigger_controller_dag.py
[2023-11-11T17:06:18.682+0000] {processor.py:756} INFO - Processing file /home/airflow/.local/lib/python3.7/site-packages/airflow/example_dags/example_trigger_controller_dag.py for tasks to queue
[2023-11-11T17:06:18.683+0000] {logging_mixin.py:120} INFO - [2023-11-11T17:06:18.683+0000] {dagbag.py:537} INFO - Filling up the DagBag from /home/airflow/.local/lib/python3.7/site-packages/airflow/example_dags/example_trigger_controller_dag.py
[2023-11-11T17:06:18.706+0000] {processor.py:766} INFO - DAG(s) dict_keys(['example_trigger_controller_dag']) retrieved from /home/airflow/.local/lib/python3.7/site-packages/airflow/example_dags/example_trigger_controller_dag.py
[2023-11-11T17:06:18.858+0000] {logging_mixin.py:120} INFO - [2023-11-11T17:06:18.857+0000] {dag.py:2585} INFO - Sync 1 DAGs
[2023-11-11T17:06:18.929+0000] {logging_mixin.py:120} INFO - [2023-11-11T17:06:18.928+0000] {dag.py:3340} INFO - Setting next_dagrun for example_trigger_controller_dag to 2021-01-01T00:00:00+00:00, run_after=2021-01-01T00:00:00+00:00
[2023-11-11T17:06:18.976+0000] {processor.py:176} INFO - Processing /home/airflow/.local/lib/python3.7/site-packages/airflow/example_dags/example_trigger_controller_dag.py took 0.302 seconds
[2023-11-11T17:06:49.055+0000] {processor.py:154} INFO - Started process (PID=609) to work on /home/airflow/.local/lib/python3.7/site-packages/airflow/example_dags/example_trigger_controller_dag.py
[2023-11-11T17:06:49.056+0000] {processor.py:756} INFO - Processing file /home/airflow/.local/lib/python3.7/site-packages/airflow/example_dags/example_trigger_controller_dag.py for tasks to queue
[2023-11-11T17:06:49.057+0000] {logging_mixin.py:120} INFO - [2023-11-11T17:06:49.057+0000] {dagbag.py:537} INFO - Filling up the DagBag from /home/airflow/.local/lib/python3.7/site-packages/airflow/example_dags/example_trigger_controller_dag.py
[2023-11-11T17:06:49.071+0000] {processor.py:766} INFO - DAG(s) dict_keys(['example_trigger_controller_dag']) retrieved from /home/airflow/.local/lib/python3.7/site-packages/airflow/example_dags/example_trigger_controller_dag.py
[2023-11-11T17:06:49.124+0000] {logging_mixin.py:120} INFO - [2023-11-11T17:06:49.123+0000] {dag.py:2585} INFO - Sync 1 DAGs
[2023-11-11T17:06:49.161+0000] {logging_mixin.py:120} INFO - [2023-11-11T17:06:49.161+0000] {dag.py:3340} INFO - Setting next_dagrun for example_trigger_controller_dag to 2021-01-01T00:00:00+00:00, run_after=2021-01-01T00:00:00+00:00
[2023-11-11T17:06:49.185+0000] {processor.py:176} INFO - Processing /home/airflow/.local/lib/python3.7/site-packages/airflow/example_dags/example_trigger_controller_dag.py took 0.133 seconds
[2023-11-11T17:07:19.950+0000] {processor.py:154} INFO - Started process (PID=672) to work on /home/airflow/.local/lib/python3.7/site-packages/airflow/example_dags/example_trigger_controller_dag.py
[2023-11-11T17:07:19.952+0000] {processor.py:756} INFO - Processing file /home/airflow/.local/lib/python3.7/site-packages/airflow/example_dags/example_trigger_controller_dag.py for tasks to queue
[2023-11-11T17:07:19.953+0000] {logging_mixin.py:120} INFO - [2023-11-11T17:07:19.953+0000] {dagbag.py:537} INFO - Filling up the DagBag from /home/airflow/.local/lib/python3.7/site-packages/airflow/example_dags/example_trigger_controller_dag.py
[2023-11-11T17:07:19.993+0000] {processor.py:766} INFO - DAG(s) dict_keys(['example_trigger_controller_dag']) retrieved from /home/airflow/.local/lib/python3.7/site-packages/airflow/example_dags/example_trigger_controller_dag.py
[2023-11-11T17:07:20.311+0000] {logging_mixin.py:120} INFO - [2023-11-11T17:07:20.311+0000] {dag.py:2585} INFO - Sync 1 DAGs
[2023-11-11T17:07:20.490+0000] {logging_mixin.py:120} INFO - [2023-11-11T17:07:20.489+0000] {dag.py:3340} INFO - Setting next_dagrun for example_trigger_controller_dag to 2021-01-01T00:00:00+00:00, run_after=2021-01-01T00:00:00+00:00
[2023-11-11T17:07:20.556+0000] {processor.py:176} INFO - Processing /home/airflow/.local/lib/python3.7/site-packages/airflow/example_dags/example_trigger_controller_dag.py took 0.624 seconds
[2023-11-11T17:29:59.419+0000] {processor.py:154} INFO - Started process (PID=110) to work on /home/airflow/.local/lib/python3.7/site-packages/airflow/example_dags/example_trigger_controller_dag.py
[2023-11-11T17:29:59.431+0000] {processor.py:756} INFO - Processing file /home/airflow/.local/lib/python3.7/site-packages/airflow/example_dags/example_trigger_controller_dag.py for tasks to queue
[2023-11-11T17:29:59.434+0000] {logging_mixin.py:120} INFO - [2023-11-11T17:29:59.434+0000] {dagbag.py:537} INFO - Filling up the DagBag from /home/airflow/.local/lib/python3.7/site-packages/airflow/example_dags/example_trigger_controller_dag.py
[2023-11-11T17:29:59.507+0000] {processor.py:766} INFO - DAG(s) dict_keys(['example_trigger_controller_dag']) retrieved from /home/airflow/.local/lib/python3.7/site-packages/airflow/example_dags/example_trigger_controller_dag.py
[2023-11-11T17:30:00.486+0000] {logging_mixin.py:120} INFO - [2023-11-11T17:30:00.486+0000] {manager.py:507} INFO - Created Permission View: can read on DAG:example_trigger_controller_dag
[2023-11-11T17:30:00.558+0000] {logging_mixin.py:120} INFO - [2023-11-11T17:30:00.557+0000] {manager.py:507} INFO - Created Permission View: can delete on DAG:example_trigger_controller_dag
[2023-11-11T17:30:00.581+0000] {logging_mixin.py:120} INFO - [2023-11-11T17:30:00.580+0000] {manager.py:507} INFO - Created Permission View: can edit on DAG:example_trigger_controller_dag
[2023-11-11T17:30:00.583+0000] {logging_mixin.py:120} INFO - [2023-11-11T17:30:00.583+0000] {dag.py:2585} INFO - Sync 1 DAGs
[2023-11-11T17:30:00.741+0000] {logging_mixin.py:120} INFO - [2023-11-11T17:30:00.741+0000] {dag.py:2606} INFO - Creating ORM DAG for example_trigger_controller_dag
[2023-11-11T17:30:00.848+0000] {logging_mixin.py:120} INFO - [2023-11-11T17:30:00.848+0000] {dag.py:3340} INFO - Setting next_dagrun for example_trigger_controller_dag to 2021-01-01T00:00:00+00:00, run_after=2021-01-01T00:00:00+00:00
[2023-11-11T17:30:01.210+0000] {processor.py:176} INFO - Processing /home/airflow/.local/lib/python3.7/site-packages/airflow/example_dags/example_trigger_controller_dag.py took 1.829 seconds
[2023-11-11T17:30:32.199+0000] {processor.py:154} INFO - Started process (PID=164) to work on /home/airflow/.local/lib/python3.7/site-packages/airflow/example_dags/example_trigger_controller_dag.py
[2023-11-11T17:30:32.280+0000] {processor.py:756} INFO - Processing file /home/airflow/.local/lib/python3.7/site-packages/airflow/example_dags/example_trigger_controller_dag.py for tasks to queue
[2023-11-11T17:30:32.282+0000] {logging_mixin.py:120} INFO - [2023-11-11T17:30:32.282+0000] {dagbag.py:537} INFO - Filling up the DagBag from /home/airflow/.local/lib/python3.7/site-packages/airflow/example_dags/example_trigger_controller_dag.py
[2023-11-11T17:30:32.368+0000] {processor.py:766} INFO - DAG(s) dict_keys(['example_trigger_controller_dag']) retrieved from /home/airflow/.local/lib/python3.7/site-packages/airflow/example_dags/example_trigger_controller_dag.py
[2023-11-11T17:30:32.615+0000] {logging_mixin.py:120} INFO - [2023-11-11T17:30:32.615+0000] {dag.py:2585} INFO - Sync 1 DAGs
[2023-11-11T17:30:32.734+0000] {logging_mixin.py:120} INFO - [2023-11-11T17:30:32.733+0000] {dag.py:3340} INFO - Setting next_dagrun for example_trigger_controller_dag to 2021-01-01T00:00:00+00:00, run_after=2021-01-01T00:00:00+00:00
[2023-11-11T17:30:32.839+0000] {processor.py:176} INFO - Processing /home/airflow/.local/lib/python3.7/site-packages/airflow/example_dags/example_trigger_controller_dag.py took 0.661 seconds
[2023-11-11T17:31:03.971+0000] {processor.py:154} INFO - Started process (PID=209) to work on /home/airflow/.local/lib/python3.7/site-packages/airflow/example_dags/example_trigger_controller_dag.py
[2023-11-11T17:31:03.985+0000] {processor.py:756} INFO - Processing file /home/airflow/.local/lib/python3.7/site-packages/airflow/example_dags/example_trigger_controller_dag.py for tasks to queue
[2023-11-11T17:31:03.990+0000] {logging_mixin.py:120} INFO - [2023-11-11T17:31:03.989+0000] {dagbag.py:537} INFO - Filling up the DagBag from /home/airflow/.local/lib/python3.7/site-packages/airflow/example_dags/example_trigger_controller_dag.py
[2023-11-11T17:31:04.076+0000] {processor.py:766} INFO - DAG(s) dict_keys(['example_trigger_controller_dag']) retrieved from /home/airflow/.local/lib/python3.7/site-packages/airflow/example_dags/example_trigger_controller_dag.py
[2023-11-11T17:31:04.250+0000] {logging_mixin.py:120} INFO - [2023-11-11T17:31:04.250+0000] {dag.py:2585} INFO - Sync 1 DAGs
[2023-11-11T17:31:04.411+0000] {logging_mixin.py:120} INFO - [2023-11-11T17:31:04.410+0000] {dag.py:3340} INFO - Setting next_dagrun for example_trigger_controller_dag to 2021-01-01T00:00:00+00:00, run_after=2021-01-01T00:00:00+00:00
[2023-11-11T17:31:04.481+0000] {processor.py:176} INFO - Processing /home/airflow/.local/lib/python3.7/site-packages/airflow/example_dags/example_trigger_controller_dag.py took 0.520 seconds
[2023-11-11T17:31:34.860+0000] {processor.py:154} INFO - Started process (PID=273) to work on /home/airflow/.local/lib/python3.7/site-packages/airflow/example_dags/example_trigger_controller_dag.py
[2023-11-11T17:31:34.890+0000] {processor.py:756} INFO - Processing file /home/airflow/.local/lib/python3.7/site-packages/airflow/example_dags/example_trigger_controller_dag.py for tasks to queue
[2023-11-11T17:31:34.891+0000] {logging_mixin.py:120} INFO - [2023-11-11T17:31:34.891+0000] {dagbag.py:537} INFO - Filling up the DagBag from /home/airflow/.local/lib/python3.7/site-packages/airflow/example_dags/example_trigger_controller_dag.py
[2023-11-11T17:31:34.939+0000] {processor.py:766} INFO - DAG(s) dict_keys(['example_trigger_controller_dag']) retrieved from /home/airflow/.local/lib/python3.7/site-packages/airflow/example_dags/example_trigger_controller_dag.py
[2023-11-11T17:31:35.166+0000] {logging_mixin.py:120} INFO - [2023-11-11T17:31:35.166+0000] {dag.py:2585} INFO - Sync 1 DAGs
[2023-11-11T17:31:35.259+0000] {logging_mixin.py:120} INFO - [2023-11-11T17:31:35.259+0000] {dag.py:3340} INFO - Setting next_dagrun for example_trigger_controller_dag to 2021-01-01T00:00:00+00:00, run_after=2021-01-01T00:00:00+00:00
[2023-11-11T17:31:35.320+0000] {processor.py:176} INFO - Processing /home/airflow/.local/lib/python3.7/site-packages/airflow/example_dags/example_trigger_controller_dag.py took 0.475 seconds
[2023-11-11T17:32:05.434+0000] {processor.py:154} INFO - Started process (PID=327) to work on /home/airflow/.local/lib/python3.7/site-packages/airflow/example_dags/example_trigger_controller_dag.py
[2023-11-11T17:32:05.436+0000] {processor.py:756} INFO - Processing file /home/airflow/.local/lib/python3.7/site-packages/airflow/example_dags/example_trigger_controller_dag.py for tasks to queue
[2023-11-11T17:32:05.439+0000] {logging_mixin.py:120} INFO - [2023-11-11T17:32:05.438+0000] {dagbag.py:537} INFO - Filling up the DagBag from /home/airflow/.local/lib/python3.7/site-packages/airflow/example_dags/example_trigger_controller_dag.py
[2023-11-11T17:32:05.480+0000] {processor.py:766} INFO - DAG(s) dict_keys(['example_trigger_controller_dag']) retrieved from /home/airflow/.local/lib/python3.7/site-packages/airflow/example_dags/example_trigger_controller_dag.py
[2023-11-11T17:32:05.590+0000] {logging_mixin.py:120} INFO - [2023-11-11T17:32:05.589+0000] {dag.py:2585} INFO - Sync 1 DAGs
[2023-11-11T17:32:05.653+0000] {logging_mixin.py:120} INFO - [2023-11-11T17:32:05.653+0000] {dag.py:3340} INFO - Setting next_dagrun for example_trigger_controller_dag to 2021-01-01T00:00:00+00:00, run_after=2021-01-01T00:00:00+00:00
[2023-11-11T17:32:05.705+0000] {processor.py:176} INFO - Processing /home/airflow/.local/lib/python3.7/site-packages/airflow/example_dags/example_trigger_controller_dag.py took 0.276 seconds
[2023-11-11T17:32:35.735+0000] {processor.py:154} INFO - Started process (PID=381) to work on /home/airflow/.local/lib/python3.7/site-packages/airflow/example_dags/example_trigger_controller_dag.py
[2023-11-11T17:32:35.737+0000] {processor.py:756} INFO - Processing file /home/airflow/.local/lib/python3.7/site-packages/airflow/example_dags/example_trigger_controller_dag.py for tasks to queue
[2023-11-11T17:32:35.738+0000] {logging_mixin.py:120} INFO - [2023-11-11T17:32:35.738+0000] {dagbag.py:537} INFO - Filling up the DagBag from /home/airflow/.local/lib/python3.7/site-packages/airflow/example_dags/example_trigger_controller_dag.py
[2023-11-11T17:32:35.753+0000] {processor.py:766} INFO - DAG(s) dict_keys(['example_trigger_controller_dag']) retrieved from /home/airflow/.local/lib/python3.7/site-packages/airflow/example_dags/example_trigger_controller_dag.py
[2023-11-11T17:32:35.811+0000] {logging_mixin.py:120} INFO - [2023-11-11T17:32:35.811+0000] {dag.py:2585} INFO - Sync 1 DAGs
[2023-11-11T17:32:35.849+0000] {logging_mixin.py:120} INFO - [2023-11-11T17:32:35.849+0000] {dag.py:3340} INFO - Setting next_dagrun for example_trigger_controller_dag to 2021-01-01T00:00:00+00:00, run_after=2021-01-01T00:00:00+00:00
[2023-11-11T17:32:35.874+0000] {processor.py:176} INFO - Processing /home/airflow/.local/lib/python3.7/site-packages/airflow/example_dags/example_trigger_controller_dag.py took 0.143 seconds
[2023-11-11T17:33:06.235+0000] {processor.py:154} INFO - Started process (PID=444) to work on /home/airflow/.local/lib/python3.7/site-packages/airflow/example_dags/example_trigger_controller_dag.py
[2023-11-11T17:33:06.236+0000] {processor.py:756} INFO - Processing file /home/airflow/.local/lib/python3.7/site-packages/airflow/example_dags/example_trigger_controller_dag.py for tasks to queue
[2023-11-11T17:33:06.237+0000] {logging_mixin.py:120} INFO - [2023-11-11T17:33:06.237+0000] {dagbag.py:537} INFO - Filling up the DagBag from /home/airflow/.local/lib/python3.7/site-packages/airflow/example_dags/example_trigger_controller_dag.py
[2023-11-11T17:33:06.272+0000] {processor.py:766} INFO - DAG(s) dict_keys(['example_trigger_controller_dag']) retrieved from /home/airflow/.local/lib/python3.7/site-packages/airflow/example_dags/example_trigger_controller_dag.py
[2023-11-11T17:33:06.366+0000] {logging_mixin.py:120} INFO - [2023-11-11T17:33:06.366+0000] {dag.py:2585} INFO - Sync 1 DAGs
[2023-11-11T17:33:06.434+0000] {logging_mixin.py:120} INFO - [2023-11-11T17:33:06.434+0000] {dag.py:3340} INFO - Setting next_dagrun for example_trigger_controller_dag to 2021-01-01T00:00:00+00:00, run_after=2021-01-01T00:00:00+00:00
[2023-11-11T17:33:06.473+0000] {processor.py:176} INFO - Processing /home/airflow/.local/lib/python3.7/site-packages/airflow/example_dags/example_trigger_controller_dag.py took 0.243 seconds
[2023-11-11T17:33:36.639+0000] {processor.py:154} INFO - Started process (PID=499) to work on /home/airflow/.local/lib/python3.7/site-packages/airflow/example_dags/example_trigger_controller_dag.py
[2023-11-11T17:33:36.640+0000] {processor.py:756} INFO - Processing file /home/airflow/.local/lib/python3.7/site-packages/airflow/example_dags/example_trigger_controller_dag.py for tasks to queue
[2023-11-11T17:33:36.641+0000] {logging_mixin.py:120} INFO - [2023-11-11T17:33:36.641+0000] {dagbag.py:537} INFO - Filling up the DagBag from /home/airflow/.local/lib/python3.7/site-packages/airflow/example_dags/example_trigger_controller_dag.py
[2023-11-11T17:33:36.659+0000] {processor.py:766} INFO - DAG(s) dict_keys(['example_trigger_controller_dag']) retrieved from /home/airflow/.local/lib/python3.7/site-packages/airflow/example_dags/example_trigger_controller_dag.py
[2023-11-11T17:33:36.732+0000] {logging_mixin.py:120} INFO - [2023-11-11T17:33:36.731+0000] {dag.py:2585} INFO - Sync 1 DAGs
[2023-11-11T17:33:36.774+0000] {logging_mixin.py:120} INFO - [2023-11-11T17:33:36.774+0000] {dag.py:3340} INFO - Setting next_dagrun for example_trigger_controller_dag to 2021-01-01T00:00:00+00:00, run_after=2021-01-01T00:00:00+00:00
[2023-11-11T17:33:36.806+0000] {processor.py:176} INFO - Processing /home/airflow/.local/lib/python3.7/site-packages/airflow/example_dags/example_trigger_controller_dag.py took 0.174 seconds
[2023-11-11T17:34:06.936+0000] {processor.py:154} INFO - Started process (PID=554) to work on /home/airflow/.local/lib/python3.7/site-packages/airflow/example_dags/example_trigger_controller_dag.py
[2023-11-11T17:34:06.938+0000] {processor.py:756} INFO - Processing file /home/airflow/.local/lib/python3.7/site-packages/airflow/example_dags/example_trigger_controller_dag.py for tasks to queue
[2023-11-11T17:34:06.939+0000] {logging_mixin.py:120} INFO - [2023-11-11T17:34:06.939+0000] {dagbag.py:537} INFO - Filling up the DagBag from /home/airflow/.local/lib/python3.7/site-packages/airflow/example_dags/example_trigger_controller_dag.py
[2023-11-11T17:34:06.959+0000] {processor.py:766} INFO - DAG(s) dict_keys(['example_trigger_controller_dag']) retrieved from /home/airflow/.local/lib/python3.7/site-packages/airflow/example_dags/example_trigger_controller_dag.py
[2023-11-11T17:34:07.028+0000] {logging_mixin.py:120} INFO - [2023-11-11T17:34:07.028+0000] {dag.py:2585} INFO - Sync 1 DAGs
[2023-11-11T17:34:07.075+0000] {logging_mixin.py:120} INFO - [2023-11-11T17:34:07.075+0000] {dag.py:3340} INFO - Setting next_dagrun for example_trigger_controller_dag to 2021-01-01T00:00:00+00:00, run_after=2021-01-01T00:00:00+00:00
[2023-11-11T17:34:07.105+0000] {processor.py:176} INFO - Processing /home/airflow/.local/lib/python3.7/site-packages/airflow/example_dags/example_trigger_controller_dag.py took 0.175 seconds
[2023-11-11T17:34:37.186+0000] {processor.py:154} INFO - Started process (PID=617) to work on /home/airflow/.local/lib/python3.7/site-packages/airflow/example_dags/example_trigger_controller_dag.py
[2023-11-11T17:34:37.195+0000] {processor.py:756} INFO - Processing file /home/airflow/.local/lib/python3.7/site-packages/airflow/example_dags/example_trigger_controller_dag.py for tasks to queue
[2023-11-11T17:34:37.197+0000] {logging_mixin.py:120} INFO - [2023-11-11T17:34:37.197+0000] {dagbag.py:537} INFO - Filling up the DagBag from /home/airflow/.local/lib/python3.7/site-packages/airflow/example_dags/example_trigger_controller_dag.py
[2023-11-11T17:34:37.227+0000] {processor.py:766} INFO - DAG(s) dict_keys(['example_trigger_controller_dag']) retrieved from /home/airflow/.local/lib/python3.7/site-packages/airflow/example_dags/example_trigger_controller_dag.py
[2023-11-11T17:34:37.335+0000] {logging_mixin.py:120} INFO - [2023-11-11T17:34:37.334+0000] {dag.py:2585} INFO - Sync 1 DAGs
[2023-11-11T17:34:37.421+0000] {logging_mixin.py:120} INFO - [2023-11-11T17:34:37.421+0000] {dag.py:3340} INFO - Setting next_dagrun for example_trigger_controller_dag to 2021-01-01T00:00:00+00:00, run_after=2021-01-01T00:00:00+00:00
[2023-11-11T17:34:37.485+0000] {processor.py:176} INFO - Processing /home/airflow/.local/lib/python3.7/site-packages/airflow/example_dags/example_trigger_controller_dag.py took 0.307 seconds
[2023-11-11T17:35:08.215+0000] {processor.py:154} INFO - Started process (PID=672) to work on /home/airflow/.local/lib/python3.7/site-packages/airflow/example_dags/example_trigger_controller_dag.py
[2023-11-11T17:35:08.216+0000] {processor.py:756} INFO - Processing file /home/airflow/.local/lib/python3.7/site-packages/airflow/example_dags/example_trigger_controller_dag.py for tasks to queue
[2023-11-11T17:35:08.219+0000] {logging_mixin.py:120} INFO - [2023-11-11T17:35:08.219+0000] {dagbag.py:537} INFO - Filling up the DagBag from /home/airflow/.local/lib/python3.7/site-packages/airflow/example_dags/example_trigger_controller_dag.py
[2023-11-11T17:35:08.251+0000] {processor.py:766} INFO - DAG(s) dict_keys(['example_trigger_controller_dag']) retrieved from /home/airflow/.local/lib/python3.7/site-packages/airflow/example_dags/example_trigger_controller_dag.py
[2023-11-11T17:35:08.382+0000] {logging_mixin.py:120} INFO - [2023-11-11T17:35:08.381+0000] {dag.py:2585} INFO - Sync 1 DAGs
[2023-11-11T17:35:08.468+0000] {logging_mixin.py:120} INFO - [2023-11-11T17:35:08.468+0000] {dag.py:3340} INFO - Setting next_dagrun for example_trigger_controller_dag to 2021-01-01T00:00:00+00:00, run_after=2021-01-01T00:00:00+00:00
[2023-11-11T17:35:08.549+0000] {processor.py:176} INFO - Processing /home/airflow/.local/lib/python3.7/site-packages/airflow/example_dags/example_trigger_controller_dag.py took 0.341 seconds
[2023-11-11T17:35:38.740+0000] {processor.py:154} INFO - Started process (PID=726) to work on /home/airflow/.local/lib/python3.7/site-packages/airflow/example_dags/example_trigger_controller_dag.py
[2023-11-11T17:35:38.742+0000] {processor.py:756} INFO - Processing file /home/airflow/.local/lib/python3.7/site-packages/airflow/example_dags/example_trigger_controller_dag.py for tasks to queue
[2023-11-11T17:35:38.744+0000] {logging_mixin.py:120} INFO - [2023-11-11T17:35:38.743+0000] {dagbag.py:537} INFO - Filling up the DagBag from /home/airflow/.local/lib/python3.7/site-packages/airflow/example_dags/example_trigger_controller_dag.py
[2023-11-11T17:35:38.778+0000] {processor.py:766} INFO - DAG(s) dict_keys(['example_trigger_controller_dag']) retrieved from /home/airflow/.local/lib/python3.7/site-packages/airflow/example_dags/example_trigger_controller_dag.py
[2023-11-11T17:35:38.885+0000] {logging_mixin.py:120} INFO - [2023-11-11T17:35:38.885+0000] {dag.py:2585} INFO - Sync 1 DAGs
[2023-11-11T17:35:38.957+0000] {logging_mixin.py:120} INFO - [2023-11-11T17:35:38.956+0000] {dag.py:3340} INFO - Setting next_dagrun for example_trigger_controller_dag to 2021-01-01T00:00:00+00:00, run_after=2021-01-01T00:00:00+00:00
[2023-11-11T17:35:39.000+0000] {processor.py:176} INFO - Processing /home/airflow/.local/lib/python3.7/site-packages/airflow/example_dags/example_trigger_controller_dag.py took 0.268 seconds
[2023-11-11T17:36:09.196+0000] {processor.py:154} INFO - Started process (PID=789) to work on /home/airflow/.local/lib/python3.7/site-packages/airflow/example_dags/example_trigger_controller_dag.py
[2023-11-11T17:36:09.197+0000] {processor.py:756} INFO - Processing file /home/airflow/.local/lib/python3.7/site-packages/airflow/example_dags/example_trigger_controller_dag.py for tasks to queue
[2023-11-11T17:36:09.199+0000] {logging_mixin.py:120} INFO - [2023-11-11T17:36:09.198+0000] {dagbag.py:537} INFO - Filling up the DagBag from /home/airflow/.local/lib/python3.7/site-packages/airflow/example_dags/example_trigger_controller_dag.py
[2023-11-11T17:36:09.248+0000] {processor.py:766} INFO - DAG(s) dict_keys(['example_trigger_controller_dag']) retrieved from /home/airflow/.local/lib/python3.7/site-packages/airflow/example_dags/example_trigger_controller_dag.py
[2023-11-11T17:36:09.352+0000] {logging_mixin.py:120} INFO - [2023-11-11T17:36:09.352+0000] {dag.py:2585} INFO - Sync 1 DAGs
[2023-11-11T17:36:09.414+0000] {logging_mixin.py:120} INFO - [2023-11-11T17:36:09.414+0000] {dag.py:3340} INFO - Setting next_dagrun for example_trigger_controller_dag to 2021-01-01T00:00:00+00:00, run_after=2021-01-01T00:00:00+00:00
[2023-11-11T17:36:09.465+0000] {processor.py:176} INFO - Processing /home/airflow/.local/lib/python3.7/site-packages/airflow/example_dags/example_trigger_controller_dag.py took 0.282 seconds
[2023-11-11T17:36:39.661+0000] {processor.py:154} INFO - Started process (PID=843) to work on /home/airflow/.local/lib/python3.7/site-packages/airflow/example_dags/example_trigger_controller_dag.py
[2023-11-11T17:36:39.664+0000] {processor.py:756} INFO - Processing file /home/airflow/.local/lib/python3.7/site-packages/airflow/example_dags/example_trigger_controller_dag.py for tasks to queue
[2023-11-11T17:36:39.664+0000] {logging_mixin.py:120} INFO - [2023-11-11T17:36:39.664+0000] {dagbag.py:537} INFO - Filling up the DagBag from /home/airflow/.local/lib/python3.7/site-packages/airflow/example_dags/example_trigger_controller_dag.py
[2023-11-11T17:36:39.680+0000] {processor.py:766} INFO - DAG(s) dict_keys(['example_trigger_controller_dag']) retrieved from /home/airflow/.local/lib/python3.7/site-packages/airflow/example_dags/example_trigger_controller_dag.py
[2023-11-11T17:36:39.734+0000] {logging_mixin.py:120} INFO - [2023-11-11T17:36:39.734+0000] {dag.py:2585} INFO - Sync 1 DAGs
[2023-11-11T17:36:39.773+0000] {logging_mixin.py:120} INFO - [2023-11-11T17:36:39.773+0000] {dag.py:3340} INFO - Setting next_dagrun for example_trigger_controller_dag to 2021-01-01T00:00:00+00:00, run_after=2021-01-01T00:00:00+00:00
[2023-11-11T17:36:39.803+0000] {processor.py:176} INFO - Processing /home/airflow/.local/lib/python3.7/site-packages/airflow/example_dags/example_trigger_controller_dag.py took 0.146 seconds
[2023-11-11T17:37:10.815+0000] {processor.py:154} INFO - Started process (PID=906) to work on /home/airflow/.local/lib/python3.7/site-packages/airflow/example_dags/example_trigger_controller_dag.py
[2023-11-11T17:37:10.817+0000] {processor.py:756} INFO - Processing file /home/airflow/.local/lib/python3.7/site-packages/airflow/example_dags/example_trigger_controller_dag.py for tasks to queue
[2023-11-11T17:37:10.821+0000] {logging_mixin.py:120} INFO - [2023-11-11T17:37:10.820+0000] {dagbag.py:537} INFO - Filling up the DagBag from /home/airflow/.local/lib/python3.7/site-packages/airflow/example_dags/example_trigger_controller_dag.py
[2023-11-11T17:37:10.845+0000] {processor.py:766} INFO - DAG(s) dict_keys(['example_trigger_controller_dag']) retrieved from /home/airflow/.local/lib/python3.7/site-packages/airflow/example_dags/example_trigger_controller_dag.py
[2023-11-11T17:37:10.917+0000] {logging_mixin.py:120} INFO - [2023-11-11T17:37:10.917+0000] {dag.py:2585} INFO - Sync 1 DAGs
[2023-11-11T17:37:10.983+0000] {logging_mixin.py:120} INFO - [2023-11-11T17:37:10.983+0000] {dag.py:3340} INFO - Setting next_dagrun for example_trigger_controller_dag to 2021-01-01T00:00:00+00:00, run_after=2021-01-01T00:00:00+00:00
[2023-11-11T17:37:11.026+0000] {processor.py:176} INFO - Processing /home/airflow/.local/lib/python3.7/site-packages/airflow/example_dags/example_trigger_controller_dag.py took 0.217 seconds
[2023-11-11T17:37:41.316+0000] {processor.py:154} INFO - Started process (PID=969) to work on /home/airflow/.local/lib/python3.7/site-packages/airflow/example_dags/example_trigger_controller_dag.py
[2023-11-11T17:37:41.318+0000] {processor.py:756} INFO - Processing file /home/airflow/.local/lib/python3.7/site-packages/airflow/example_dags/example_trigger_controller_dag.py for tasks to queue
[2023-11-11T17:37:41.318+0000] {logging_mixin.py:120} INFO - [2023-11-11T17:37:41.318+0000] {dagbag.py:537} INFO - Filling up the DagBag from /home/airflow/.local/lib/python3.7/site-packages/airflow/example_dags/example_trigger_controller_dag.py
[2023-11-11T17:37:41.342+0000] {processor.py:766} INFO - DAG(s) dict_keys(['example_trigger_controller_dag']) retrieved from /home/airflow/.local/lib/python3.7/site-packages/airflow/example_dags/example_trigger_controller_dag.py
[2023-11-11T17:37:41.423+0000] {logging_mixin.py:120} INFO - [2023-11-11T17:37:41.422+0000] {dag.py:2585} INFO - Sync 1 DAGs
[2023-11-11T17:37:41.477+0000] {logging_mixin.py:120} INFO - [2023-11-11T17:37:41.477+0000] {dag.py:3340} INFO - Setting next_dagrun for example_trigger_controller_dag to 2021-01-01T00:00:00+00:00, run_after=2021-01-01T00:00:00+00:00
[2023-11-11T17:37:41.515+0000] {processor.py:176} INFO - Processing /home/airflow/.local/lib/python3.7/site-packages/airflow/example_dags/example_trigger_controller_dag.py took 0.205 seconds
[2023-11-11T17:38:11.720+0000] {processor.py:154} INFO - Started process (PID=1023) to work on /home/airflow/.local/lib/python3.7/site-packages/airflow/example_dags/example_trigger_controller_dag.py
[2023-11-11T17:38:11.721+0000] {processor.py:756} INFO - Processing file /home/airflow/.local/lib/python3.7/site-packages/airflow/example_dags/example_trigger_controller_dag.py for tasks to queue
[2023-11-11T17:38:11.723+0000] {logging_mixin.py:120} INFO - [2023-11-11T17:38:11.723+0000] {dagbag.py:537} INFO - Filling up the DagBag from /home/airflow/.local/lib/python3.7/site-packages/airflow/example_dags/example_trigger_controller_dag.py
[2023-11-11T17:38:11.746+0000] {processor.py:766} INFO - DAG(s) dict_keys(['example_trigger_controller_dag']) retrieved from /home/airflow/.local/lib/python3.7/site-packages/airflow/example_dags/example_trigger_controller_dag.py
[2023-11-11T17:38:11.822+0000] {logging_mixin.py:120} INFO - [2023-11-11T17:38:11.822+0000] {dag.py:2585} INFO - Sync 1 DAGs
[2023-11-11T17:38:11.878+0000] {logging_mixin.py:120} INFO - [2023-11-11T17:38:11.878+0000] {dag.py:3340} INFO - Setting next_dagrun for example_trigger_controller_dag to 2021-01-01T00:00:00+00:00, run_after=2021-01-01T00:00:00+00:00
[2023-11-11T17:38:11.916+0000] {processor.py:176} INFO - Processing /home/airflow/.local/lib/python3.7/site-packages/airflow/example_dags/example_trigger_controller_dag.py took 0.201 seconds
[2023-11-11T17:38:42.273+0000] {processor.py:154} INFO - Started process (PID=1084) to work on /home/airflow/.local/lib/python3.7/site-packages/airflow/example_dags/example_trigger_controller_dag.py
[2023-11-11T17:38:42.275+0000] {processor.py:756} INFO - Processing file /home/airflow/.local/lib/python3.7/site-packages/airflow/example_dags/example_trigger_controller_dag.py for tasks to queue
[2023-11-11T17:38:42.276+0000] {logging_mixin.py:120} INFO - [2023-11-11T17:38:42.276+0000] {dagbag.py:537} INFO - Filling up the DagBag from /home/airflow/.local/lib/python3.7/site-packages/airflow/example_dags/example_trigger_controller_dag.py
[2023-11-11T17:38:42.312+0000] {processor.py:766} INFO - DAG(s) dict_keys(['example_trigger_controller_dag']) retrieved from /home/airflow/.local/lib/python3.7/site-packages/airflow/example_dags/example_trigger_controller_dag.py
[2023-11-11T17:38:42.409+0000] {logging_mixin.py:120} INFO - [2023-11-11T17:38:42.408+0000] {dag.py:2585} INFO - Sync 1 DAGs
[2023-11-11T17:38:42.470+0000] {logging_mixin.py:120} INFO - [2023-11-11T17:38:42.470+0000] {dag.py:3340} INFO - Setting next_dagrun for example_trigger_controller_dag to 2021-01-01T00:00:00+00:00, run_after=2021-01-01T00:00:00+00:00
[2023-11-11T17:38:42.516+0000] {processor.py:176} INFO - Processing /home/airflow/.local/lib/python3.7/site-packages/airflow/example_dags/example_trigger_controller_dag.py took 0.250 seconds
[2023-11-11T17:39:12.664+0000] {processor.py:154} INFO - Started process (PID=1140) to work on /home/airflow/.local/lib/python3.7/site-packages/airflow/example_dags/example_trigger_controller_dag.py
[2023-11-11T17:39:12.665+0000] {processor.py:756} INFO - Processing file /home/airflow/.local/lib/python3.7/site-packages/airflow/example_dags/example_trigger_controller_dag.py for tasks to queue
[2023-11-11T17:39:12.666+0000] {logging_mixin.py:120} INFO - [2023-11-11T17:39:12.666+0000] {dagbag.py:537} INFO - Filling up the DagBag from /home/airflow/.local/lib/python3.7/site-packages/airflow/example_dags/example_trigger_controller_dag.py
[2023-11-11T17:39:12.690+0000] {processor.py:766} INFO - DAG(s) dict_keys(['example_trigger_controller_dag']) retrieved from /home/airflow/.local/lib/python3.7/site-packages/airflow/example_dags/example_trigger_controller_dag.py
[2023-11-11T17:39:12.760+0000] {logging_mixin.py:120} INFO - [2023-11-11T17:39:12.760+0000] {dag.py:2585} INFO - Sync 1 DAGs
[2023-11-11T17:39:12.810+0000] {logging_mixin.py:120} INFO - [2023-11-11T17:39:12.809+0000] {dag.py:3340} INFO - Setting next_dagrun for example_trigger_controller_dag to 2021-01-01T00:00:00+00:00, run_after=2021-01-01T00:00:00+00:00
[2023-11-11T17:39:12.840+0000] {processor.py:176} INFO - Processing /home/airflow/.local/lib/python3.7/site-packages/airflow/example_dags/example_trigger_controller_dag.py took 0.181 seconds
[2023-11-11T17:39:43.811+0000] {processor.py:154} INFO - Started process (PID=1194) to work on /home/airflow/.local/lib/python3.7/site-packages/airflow/example_dags/example_trigger_controller_dag.py
[2023-11-11T17:39:43.813+0000] {processor.py:756} INFO - Processing file /home/airflow/.local/lib/python3.7/site-packages/airflow/example_dags/example_trigger_controller_dag.py for tasks to queue
[2023-11-11T17:39:43.815+0000] {logging_mixin.py:120} INFO - [2023-11-11T17:39:43.814+0000] {dagbag.py:537} INFO - Filling up the DagBag from /home/airflow/.local/lib/python3.7/site-packages/airflow/example_dags/example_trigger_controller_dag.py
[2023-11-11T17:39:43.869+0000] {processor.py:766} INFO - DAG(s) dict_keys(['example_trigger_controller_dag']) retrieved from /home/airflow/.local/lib/python3.7/site-packages/airflow/example_dags/example_trigger_controller_dag.py
[2023-11-11T17:39:44.004+0000] {logging_mixin.py:120} INFO - [2023-11-11T17:39:44.003+0000] {dag.py:2585} INFO - Sync 1 DAGs
[2023-11-11T17:39:44.129+0000] {logging_mixin.py:120} INFO - [2023-11-11T17:39:44.129+0000] {dag.py:3340} INFO - Setting next_dagrun for example_trigger_controller_dag to 2021-01-01T00:00:00+00:00, run_after=2021-01-01T00:00:00+00:00
[2023-11-11T17:39:44.190+0000] {processor.py:176} INFO - Processing /home/airflow/.local/lib/python3.7/site-packages/airflow/example_dags/example_trigger_controller_dag.py took 0.387 seconds
