[2023-11-11T17:02:05.002+0000] {processor.py:154} INFO - Started process (PID=67) to work on /home/airflow/.local/lib/python3.7/site-packages/airflow/example_dags/tutorial.py
[2023-11-11T17:02:05.006+0000] {processor.py:756} INFO - Processing file /home/airflow/.local/lib/python3.7/site-packages/airflow/example_dags/tutorial.py for tasks to queue
[2023-11-11T17:02:05.007+0000] {logging_mixin.py:120} INFO - [2023-11-11T17:02:05.007+0000] {dagbag.py:537} INFO - Filling up the DagBag from /home/airflow/.local/lib/python3.7/site-packages/airflow/example_dags/tutorial.py
[2023-11-11T17:02:05.057+0000] {processor.py:766} INFO - DAG(s) dict_keys(['tutorial']) retrieved from /home/airflow/.local/lib/python3.7/site-packages/airflow/example_dags/tutorial.py
[2023-11-11T17:02:05.200+0000] {logging_mixin.py:120} INFO - [2023-11-11T17:02:05.200+0000] {dag.py:2585} INFO - Sync 1 DAGs
[2023-11-11T17:02:05.273+0000] {logging_mixin.py:120} INFO - [2023-11-11T17:02:05.273+0000] {dag.py:3340} INFO - Setting next_dagrun for tutorial to 2023-11-10T17:02:05.272958+00:00, run_after=2023-11-11T17:02:05.272958+00:00
[2023-11-11T17:02:05.328+0000] {processor.py:176} INFO - Processing /home/airflow/.local/lib/python3.7/site-packages/airflow/example_dags/tutorial.py took 0.335 seconds
[2023-11-11T17:02:37.314+0000] {processor.py:154} INFO - Started process (PID=123) to work on /home/airflow/.local/lib/python3.7/site-packages/airflow/example_dags/tutorial.py
[2023-11-11T17:02:37.316+0000] {processor.py:756} INFO - Processing file /home/airflow/.local/lib/python3.7/site-packages/airflow/example_dags/tutorial.py for tasks to queue
[2023-11-11T17:02:37.317+0000] {logging_mixin.py:120} INFO - [2023-11-11T17:02:37.317+0000] {dagbag.py:537} INFO - Filling up the DagBag from /home/airflow/.local/lib/python3.7/site-packages/airflow/example_dags/tutorial.py
[2023-11-11T17:02:37.358+0000] {processor.py:766} INFO - DAG(s) dict_keys(['tutorial']) retrieved from /home/airflow/.local/lib/python3.7/site-packages/airflow/example_dags/tutorial.py
[2023-11-11T17:02:37.462+0000] {logging_mixin.py:120} INFO - [2023-11-11T17:02:37.460+0000] {dag.py:2585} INFO - Sync 1 DAGs
[2023-11-11T17:02:37.526+0000] {logging_mixin.py:120} INFO - [2023-11-11T17:02:37.526+0000] {dag.py:3340} INFO - Setting next_dagrun for tutorial to 2023-11-10T17:02:37.525974+00:00, run_after=2023-11-11T17:02:37.525974+00:00
[2023-11-11T17:02:37.585+0000] {processor.py:176} INFO - Processing /home/airflow/.local/lib/python3.7/site-packages/airflow/example_dags/tutorial.py took 0.279 seconds
[2023-11-11T17:03:09.532+0000] {processor.py:154} INFO - Started process (PID=178) to work on /home/airflow/.local/lib/python3.7/site-packages/airflow/example_dags/tutorial.py
[2023-11-11T17:03:09.535+0000] {processor.py:756} INFO - Processing file /home/airflow/.local/lib/python3.7/site-packages/airflow/example_dags/tutorial.py for tasks to queue
[2023-11-11T17:03:09.538+0000] {logging_mixin.py:120} INFO - [2023-11-11T17:03:09.536+0000] {dagbag.py:537} INFO - Filling up the DagBag from /home/airflow/.local/lib/python3.7/site-packages/airflow/example_dags/tutorial.py
[2023-11-11T17:03:09.593+0000] {processor.py:766} INFO - DAG(s) dict_keys(['tutorial']) retrieved from /home/airflow/.local/lib/python3.7/site-packages/airflow/example_dags/tutorial.py
[2023-11-11T17:03:09.744+0000] {logging_mixin.py:120} INFO - [2023-11-11T17:03:09.743+0000] {dag.py:2585} INFO - Sync 1 DAGs
[2023-11-11T17:03:09.865+0000] {logging_mixin.py:120} INFO - [2023-11-11T17:03:09.864+0000] {dag.py:3340} INFO - Setting next_dagrun for tutorial to 2023-11-10T17:03:09.863888+00:00, run_after=2023-11-11T17:03:09.863888+00:00
[2023-11-11T17:03:09.971+0000] {processor.py:176} INFO - Processing /home/airflow/.local/lib/python3.7/site-packages/airflow/example_dags/tutorial.py took 0.454 seconds
[2023-11-11T17:03:40.781+0000] {processor.py:154} INFO - Started process (PID=232) to work on /home/airflow/.local/lib/python3.7/site-packages/airflow/example_dags/tutorial.py
[2023-11-11T17:03:40.783+0000] {processor.py:756} INFO - Processing file /home/airflow/.local/lib/python3.7/site-packages/airflow/example_dags/tutorial.py for tasks to queue
[2023-11-11T17:03:40.783+0000] {logging_mixin.py:120} INFO - [2023-11-11T17:03:40.783+0000] {dagbag.py:537} INFO - Filling up the DagBag from /home/airflow/.local/lib/python3.7/site-packages/airflow/example_dags/tutorial.py
[2023-11-11T17:03:40.813+0000] {processor.py:766} INFO - DAG(s) dict_keys(['tutorial']) retrieved from /home/airflow/.local/lib/python3.7/site-packages/airflow/example_dags/tutorial.py
[2023-11-11T17:03:40.981+0000] {logging_mixin.py:120} INFO - [2023-11-11T17:03:40.981+0000] {dag.py:2585} INFO - Sync 1 DAGs
[2023-11-11T17:03:41.034+0000] {logging_mixin.py:120} INFO - [2023-11-11T17:03:41.034+0000] {dag.py:3340} INFO - Setting next_dagrun for tutorial to 2023-11-10T17:03:41.034011+00:00, run_after=2023-11-11T17:03:41.034011+00:00
[2023-11-11T17:03:41.083+0000] {processor.py:176} INFO - Processing /home/airflow/.local/lib/python3.7/site-packages/airflow/example_dags/tutorial.py took 0.307 seconds
[2023-11-11T17:04:11.222+0000] {processor.py:154} INFO - Started process (PID=296) to work on /home/airflow/.local/lib/python3.7/site-packages/airflow/example_dags/tutorial.py
[2023-11-11T17:04:11.225+0000] {processor.py:756} INFO - Processing file /home/airflow/.local/lib/python3.7/site-packages/airflow/example_dags/tutorial.py for tasks to queue
[2023-11-11T17:04:11.226+0000] {logging_mixin.py:120} INFO - [2023-11-11T17:04:11.226+0000] {dagbag.py:537} INFO - Filling up the DagBag from /home/airflow/.local/lib/python3.7/site-packages/airflow/example_dags/tutorial.py
[2023-11-11T17:04:11.247+0000] {processor.py:766} INFO - DAG(s) dict_keys(['tutorial']) retrieved from /home/airflow/.local/lib/python3.7/site-packages/airflow/example_dags/tutorial.py
[2023-11-11T17:04:11.301+0000] {logging_mixin.py:120} INFO - [2023-11-11T17:04:11.300+0000] {dag.py:2585} INFO - Sync 1 DAGs
[2023-11-11T17:04:11.337+0000] {logging_mixin.py:120} INFO - [2023-11-11T17:04:11.337+0000] {dag.py:3340} INFO - Setting next_dagrun for tutorial to 2023-11-10T17:04:11.337267+00:00, run_after=2023-11-11T17:04:11.337267+00:00
[2023-11-11T17:04:11.366+0000] {processor.py:176} INFO - Processing /home/airflow/.local/lib/python3.7/site-packages/airflow/example_dags/tutorial.py took 0.148 seconds
[2023-11-11T17:04:42.048+0000] {processor.py:154} INFO - Started process (PID=359) to work on /home/airflow/.local/lib/python3.7/site-packages/airflow/example_dags/tutorial.py
[2023-11-11T17:04:42.049+0000] {processor.py:756} INFO - Processing file /home/airflow/.local/lib/python3.7/site-packages/airflow/example_dags/tutorial.py for tasks to queue
[2023-11-11T17:04:42.050+0000] {logging_mixin.py:120} INFO - [2023-11-11T17:04:42.049+0000] {dagbag.py:537} INFO - Filling up the DagBag from /home/airflow/.local/lib/python3.7/site-packages/airflow/example_dags/tutorial.py
[2023-11-11T17:04:42.074+0000] {processor.py:766} INFO - DAG(s) dict_keys(['tutorial']) retrieved from /home/airflow/.local/lib/python3.7/site-packages/airflow/example_dags/tutorial.py
[2023-11-11T17:04:42.147+0000] {logging_mixin.py:120} INFO - [2023-11-11T17:04:42.146+0000] {dag.py:2585} INFO - Sync 1 DAGs
[2023-11-11T17:04:42.201+0000] {logging_mixin.py:120} INFO - [2023-11-11T17:04:42.201+0000] {dag.py:3340} INFO - Setting next_dagrun for tutorial to 2023-11-10T17:04:42.200877+00:00, run_after=2023-11-11T17:04:42.200877+00:00
[2023-11-11T17:04:42.233+0000] {processor.py:176} INFO - Processing /home/airflow/.local/lib/python3.7/site-packages/airflow/example_dags/tutorial.py took 0.192 seconds
[2023-11-11T17:05:12.612+0000] {processor.py:154} INFO - Started process (PID=413) to work on /home/airflow/.local/lib/python3.7/site-packages/airflow/example_dags/tutorial.py
[2023-11-11T17:05:12.613+0000] {processor.py:756} INFO - Processing file /home/airflow/.local/lib/python3.7/site-packages/airflow/example_dags/tutorial.py for tasks to queue
[2023-11-11T17:05:12.614+0000] {logging_mixin.py:120} INFO - [2023-11-11T17:05:12.614+0000] {dagbag.py:537} INFO - Filling up the DagBag from /home/airflow/.local/lib/python3.7/site-packages/airflow/example_dags/tutorial.py
[2023-11-11T17:05:12.633+0000] {processor.py:766} INFO - DAG(s) dict_keys(['tutorial']) retrieved from /home/airflow/.local/lib/python3.7/site-packages/airflow/example_dags/tutorial.py
[2023-11-11T17:05:12.684+0000] {logging_mixin.py:120} INFO - [2023-11-11T17:05:12.683+0000] {dag.py:2585} INFO - Sync 1 DAGs
[2023-11-11T17:05:12.713+0000] {logging_mixin.py:120} INFO - [2023-11-11T17:05:12.713+0000] {dag.py:3340} INFO - Setting next_dagrun for tutorial to 2023-11-10T17:05:12.713234+00:00, run_after=2023-11-11T17:05:12.713234+00:00
[2023-11-11T17:05:12.737+0000] {processor.py:176} INFO - Processing /home/airflow/.local/lib/python3.7/site-packages/airflow/example_dags/tutorial.py took 0.132 seconds
[2023-11-11T17:05:43.094+0000] {processor.py:154} INFO - Started process (PID=476) to work on /home/airflow/.local/lib/python3.7/site-packages/airflow/example_dags/tutorial.py
[2023-11-11T17:05:43.096+0000] {processor.py:756} INFO - Processing file /home/airflow/.local/lib/python3.7/site-packages/airflow/example_dags/tutorial.py for tasks to queue
[2023-11-11T17:05:43.097+0000] {logging_mixin.py:120} INFO - [2023-11-11T17:05:43.096+0000] {dagbag.py:537} INFO - Filling up the DagBag from /home/airflow/.local/lib/python3.7/site-packages/airflow/example_dags/tutorial.py
[2023-11-11T17:05:43.114+0000] {processor.py:766} INFO - DAG(s) dict_keys(['tutorial']) retrieved from /home/airflow/.local/lib/python3.7/site-packages/airflow/example_dags/tutorial.py
[2023-11-11T17:05:43.176+0000] {logging_mixin.py:120} INFO - [2023-11-11T17:05:43.175+0000] {dag.py:2585} INFO - Sync 1 DAGs
[2023-11-11T17:05:43.208+0000] {logging_mixin.py:120} INFO - [2023-11-11T17:05:43.207+0000] {dag.py:3340} INFO - Setting next_dagrun for tutorial to 2023-11-10T17:05:43.207679+00:00, run_after=2023-11-11T17:05:43.207679+00:00
[2023-11-11T17:05:43.232+0000] {processor.py:176} INFO - Processing /home/airflow/.local/lib/python3.7/site-packages/airflow/example_dags/tutorial.py took 0.143 seconds
[2023-11-11T17:06:13.336+0000] {processor.py:154} INFO - Started process (PID=530) to work on /home/airflow/.local/lib/python3.7/site-packages/airflow/example_dags/tutorial.py
[2023-11-11T17:06:13.337+0000] {processor.py:756} INFO - Processing file /home/airflow/.local/lib/python3.7/site-packages/airflow/example_dags/tutorial.py for tasks to queue
[2023-11-11T17:06:13.338+0000] {logging_mixin.py:120} INFO - [2023-11-11T17:06:13.338+0000] {dagbag.py:537} INFO - Filling up the DagBag from /home/airflow/.local/lib/python3.7/site-packages/airflow/example_dags/tutorial.py
[2023-11-11T17:06:13.366+0000] {processor.py:766} INFO - DAG(s) dict_keys(['tutorial']) retrieved from /home/airflow/.local/lib/python3.7/site-packages/airflow/example_dags/tutorial.py
[2023-11-11T17:06:13.439+0000] {logging_mixin.py:120} INFO - [2023-11-11T17:06:13.439+0000] {dag.py:2585} INFO - Sync 1 DAGs
[2023-11-11T17:06:13.485+0000] {logging_mixin.py:120} INFO - [2023-11-11T17:06:13.485+0000] {dag.py:3340} INFO - Setting next_dagrun for tutorial to 2023-11-10T17:06:13.483325+00:00, run_after=2023-11-11T17:06:13.483325+00:00
[2023-11-11T17:06:13.519+0000] {processor.py:176} INFO - Processing /home/airflow/.local/lib/python3.7/site-packages/airflow/example_dags/tutorial.py took 0.189 seconds
[2023-11-11T17:06:44.276+0000] {processor.py:154} INFO - Started process (PID=593) to work on /home/airflow/.local/lib/python3.7/site-packages/airflow/example_dags/tutorial.py
[2023-11-11T17:06:44.277+0000] {processor.py:756} INFO - Processing file /home/airflow/.local/lib/python3.7/site-packages/airflow/example_dags/tutorial.py for tasks to queue
[2023-11-11T17:06:44.278+0000] {logging_mixin.py:120} INFO - [2023-11-11T17:06:44.278+0000] {dagbag.py:537} INFO - Filling up the DagBag from /home/airflow/.local/lib/python3.7/site-packages/airflow/example_dags/tutorial.py
[2023-11-11T17:06:44.304+0000] {processor.py:766} INFO - DAG(s) dict_keys(['tutorial']) retrieved from /home/airflow/.local/lib/python3.7/site-packages/airflow/example_dags/tutorial.py
[2023-11-11T17:06:44.390+0000] {logging_mixin.py:120} INFO - [2023-11-11T17:06:44.389+0000] {dag.py:2585} INFO - Sync 1 DAGs
[2023-11-11T17:06:44.433+0000] {logging_mixin.py:120} INFO - [2023-11-11T17:06:44.432+0000] {dag.py:3340} INFO - Setting next_dagrun for tutorial to 2023-11-10T17:06:44.432710+00:00, run_after=2023-11-11T17:06:44.432710+00:00
[2023-11-11T17:06:44.460+0000] {processor.py:176} INFO - Processing /home/airflow/.local/lib/python3.7/site-packages/airflow/example_dags/tutorial.py took 0.190 seconds
[2023-11-11T17:07:14.765+0000] {processor.py:154} INFO - Started process (PID=647) to work on /home/airflow/.local/lib/python3.7/site-packages/airflow/example_dags/tutorial.py
[2023-11-11T17:07:14.766+0000] {processor.py:756} INFO - Processing file /home/airflow/.local/lib/python3.7/site-packages/airflow/example_dags/tutorial.py for tasks to queue
[2023-11-11T17:07:14.769+0000] {logging_mixin.py:120} INFO - [2023-11-11T17:07:14.768+0000] {dagbag.py:537} INFO - Filling up the DagBag from /home/airflow/.local/lib/python3.7/site-packages/airflow/example_dags/tutorial.py
[2023-11-11T17:07:14.797+0000] {processor.py:766} INFO - DAG(s) dict_keys(['tutorial']) retrieved from /home/airflow/.local/lib/python3.7/site-packages/airflow/example_dags/tutorial.py
[2023-11-11T17:07:14.866+0000] {logging_mixin.py:120} INFO - [2023-11-11T17:07:14.866+0000] {dag.py:2585} INFO - Sync 1 DAGs
[2023-11-11T17:07:14.929+0000] {logging_mixin.py:120} INFO - [2023-11-11T17:07:14.927+0000] {dag.py:3340} INFO - Setting next_dagrun for tutorial to 2023-11-10T17:07:14.926816+00:00, run_after=2023-11-11T17:07:14.926816+00:00
[2023-11-11T17:07:14.961+0000] {processor.py:176} INFO - Processing /home/airflow/.local/lib/python3.7/site-packages/airflow/example_dags/tutorial.py took 0.200 seconds
[2023-11-11T17:29:37.043+0000] {processor.py:154} INFO - Started process (PID=85) to work on /home/airflow/.local/lib/python3.7/site-packages/airflow/example_dags/tutorial.py
[2023-11-11T17:29:37.049+0000] {processor.py:756} INFO - Processing file /home/airflow/.local/lib/python3.7/site-packages/airflow/example_dags/tutorial.py for tasks to queue
[2023-11-11T17:29:37.070+0000] {logging_mixin.py:120} INFO - [2023-11-11T17:29:37.069+0000] {dagbag.py:537} INFO - Filling up the DagBag from /home/airflow/.local/lib/python3.7/site-packages/airflow/example_dags/tutorial.py
[2023-11-11T17:29:38.858+0000] {processor.py:766} INFO - DAG(s) dict_keys(['tutorial']) retrieved from /home/airflow/.local/lib/python3.7/site-packages/airflow/example_dags/tutorial.py
[2023-11-11T17:29:40.895+0000] {logging_mixin.py:120} INFO - [2023-11-11T17:29:40.895+0000] {manager.py:507} INFO - Created Permission View: can read on DAG:tutorial
[2023-11-11T17:29:41.009+0000] {logging_mixin.py:120} INFO - [2023-11-11T17:29:41.003+0000] {manager.py:507} INFO - Created Permission View: can delete on DAG:tutorial
[2023-11-11T17:29:41.079+0000] {logging_mixin.py:120} INFO - [2023-11-11T17:29:41.078+0000] {manager.py:507} INFO - Created Permission View: can edit on DAG:tutorial
[2023-11-11T17:29:41.079+0000] {logging_mixin.py:120} INFO - [2023-11-11T17:29:41.079+0000] {dag.py:2585} INFO - Sync 1 DAGs
[2023-11-11T17:29:41.201+0000] {logging_mixin.py:120} INFO - [2023-11-11T17:29:41.201+0000] {dag.py:2606} INFO - Creating ORM DAG for tutorial
[2023-11-11T17:29:41.383+0000] {logging_mixin.py:120} INFO - [2023-11-11T17:29:41.382+0000] {dag.py:3340} INFO - Setting next_dagrun for tutorial to 2023-11-10T17:29:41.381313+00:00, run_after=2023-11-11T17:29:41.381313+00:00
[2023-11-11T17:29:41.574+0000] {processor.py:176} INFO - Processing /home/airflow/.local/lib/python3.7/site-packages/airflow/example_dags/tutorial.py took 4.564 seconds
[2023-11-11T17:30:12.290+0000] {processor.py:154} INFO - Started process (PID=130) to work on /home/airflow/.local/lib/python3.7/site-packages/airflow/example_dags/tutorial.py
[2023-11-11T17:30:12.295+0000] {processor.py:756} INFO - Processing file /home/airflow/.local/lib/python3.7/site-packages/airflow/example_dags/tutorial.py for tasks to queue
[2023-11-11T17:30:12.297+0000] {logging_mixin.py:120} INFO - [2023-11-11T17:30:12.297+0000] {dagbag.py:537} INFO - Filling up the DagBag from /home/airflow/.local/lib/python3.7/site-packages/airflow/example_dags/tutorial.py
[2023-11-11T17:30:12.401+0000] {processor.py:766} INFO - DAG(s) dict_keys(['tutorial']) retrieved from /home/airflow/.local/lib/python3.7/site-packages/airflow/example_dags/tutorial.py
[2023-11-11T17:30:12.645+0000] {logging_mixin.py:120} INFO - [2023-11-11T17:30:12.644+0000] {dag.py:2585} INFO - Sync 1 DAGs
[2023-11-11T17:30:12.775+0000] {logging_mixin.py:120} INFO - [2023-11-11T17:30:12.774+0000] {dag.py:3340} INFO - Setting next_dagrun for tutorial to 2023-11-10T17:30:12.773940+00:00, run_after=2023-11-11T17:30:12.773940+00:00
[2023-11-11T17:30:12.876+0000] {processor.py:176} INFO - Processing /home/airflow/.local/lib/python3.7/site-packages/airflow/example_dags/tutorial.py took 0.614 seconds
[2023-11-11T17:30:43.966+0000] {processor.py:154} INFO - Started process (PID=184) to work on /home/airflow/.local/lib/python3.7/site-packages/airflow/example_dags/tutorial.py
[2023-11-11T17:30:43.972+0000] {processor.py:756} INFO - Processing file /home/airflow/.local/lib/python3.7/site-packages/airflow/example_dags/tutorial.py for tasks to queue
[2023-11-11T17:30:43.989+0000] {logging_mixin.py:120} INFO - [2023-11-11T17:30:43.987+0000] {dagbag.py:537} INFO - Filling up the DagBag from /home/airflow/.local/lib/python3.7/site-packages/airflow/example_dags/tutorial.py
[2023-11-11T17:30:44.090+0000] {processor.py:766} INFO - DAG(s) dict_keys(['tutorial']) retrieved from /home/airflow/.local/lib/python3.7/site-packages/airflow/example_dags/tutorial.py
[2023-11-11T17:30:44.535+0000] {logging_mixin.py:120} INFO - [2023-11-11T17:30:44.533+0000] {dag.py:2585} INFO - Sync 1 DAGs
[2023-11-11T17:30:44.858+0000] {logging_mixin.py:120} INFO - [2023-11-11T17:30:44.857+0000] {dag.py:3340} INFO - Setting next_dagrun for tutorial to 2023-11-10T17:30:44.841306+00:00, run_after=2023-11-11T17:30:44.841306+00:00
[2023-11-11T17:30:45.035+0000] {processor.py:176} INFO - Processing /home/airflow/.local/lib/python3.7/site-packages/airflow/example_dags/tutorial.py took 1.086 seconds
[2023-11-11T17:31:15.299+0000] {processor.py:154} INFO - Started process (PID=239) to work on /home/airflow/.local/lib/python3.7/site-packages/airflow/example_dags/tutorial.py
[2023-11-11T17:31:15.301+0000] {processor.py:756} INFO - Processing file /home/airflow/.local/lib/python3.7/site-packages/airflow/example_dags/tutorial.py for tasks to queue
[2023-11-11T17:31:15.303+0000] {logging_mixin.py:120} INFO - [2023-11-11T17:31:15.303+0000] {dagbag.py:537} INFO - Filling up the DagBag from /home/airflow/.local/lib/python3.7/site-packages/airflow/example_dags/tutorial.py
[2023-11-11T17:31:15.343+0000] {processor.py:766} INFO - DAG(s) dict_keys(['tutorial']) retrieved from /home/airflow/.local/lib/python3.7/site-packages/airflow/example_dags/tutorial.py
[2023-11-11T17:31:15.438+0000] {logging_mixin.py:120} INFO - [2023-11-11T17:31:15.438+0000] {dag.py:2585} INFO - Sync 1 DAGs
[2023-11-11T17:31:15.499+0000] {logging_mixin.py:120} INFO - [2023-11-11T17:31:15.499+0000] {dag.py:3340} INFO - Setting next_dagrun for tutorial to 2023-11-10T17:31:15.498972+00:00, run_after=2023-11-11T17:31:15.498972+00:00
[2023-11-11T17:31:15.539+0000] {processor.py:176} INFO - Processing /home/airflow/.local/lib/python3.7/site-packages/airflow/example_dags/tutorial.py took 0.250 seconds
[2023-11-11T17:31:45.684+0000] {processor.py:154} INFO - Started process (PID=293) to work on /home/airflow/.local/lib/python3.7/site-packages/airflow/example_dags/tutorial.py
[2023-11-11T17:31:45.685+0000] {processor.py:756} INFO - Processing file /home/airflow/.local/lib/python3.7/site-packages/airflow/example_dags/tutorial.py for tasks to queue
[2023-11-11T17:31:45.686+0000] {logging_mixin.py:120} INFO - [2023-11-11T17:31:45.686+0000] {dagbag.py:537} INFO - Filling up the DagBag from /home/airflow/.local/lib/python3.7/site-packages/airflow/example_dags/tutorial.py
[2023-11-11T17:31:45.711+0000] {processor.py:766} INFO - DAG(s) dict_keys(['tutorial']) retrieved from /home/airflow/.local/lib/python3.7/site-packages/airflow/example_dags/tutorial.py
[2023-11-11T17:31:45.779+0000] {logging_mixin.py:120} INFO - [2023-11-11T17:31:45.779+0000] {dag.py:2585} INFO - Sync 1 DAGs
[2023-11-11T17:31:45.822+0000] {logging_mixin.py:120} INFO - [2023-11-11T17:31:45.822+0000] {dag.py:3340} INFO - Setting next_dagrun for tutorial to 2023-11-10T17:31:45.822289+00:00, run_after=2023-11-11T17:31:45.822289+00:00
[2023-11-11T17:31:45.853+0000] {processor.py:176} INFO - Processing /home/airflow/.local/lib/python3.7/site-packages/airflow/example_dags/tutorial.py took 0.177 seconds
[2023-11-11T17:32:16.072+0000] {processor.py:154} INFO - Started process (PID=356) to work on /home/airflow/.local/lib/python3.7/site-packages/airflow/example_dags/tutorial.py
[2023-11-11T17:32:16.073+0000] {processor.py:756} INFO - Processing file /home/airflow/.local/lib/python3.7/site-packages/airflow/example_dags/tutorial.py for tasks to queue
[2023-11-11T17:32:16.075+0000] {logging_mixin.py:120} INFO - [2023-11-11T17:32:16.075+0000] {dagbag.py:537} INFO - Filling up the DagBag from /home/airflow/.local/lib/python3.7/site-packages/airflow/example_dags/tutorial.py
[2023-11-11T17:32:16.109+0000] {processor.py:766} INFO - DAG(s) dict_keys(['tutorial']) retrieved from /home/airflow/.local/lib/python3.7/site-packages/airflow/example_dags/tutorial.py
[2023-11-11T17:32:16.201+0000] {logging_mixin.py:120} INFO - [2023-11-11T17:32:16.201+0000] {dag.py:2585} INFO - Sync 1 DAGs
[2023-11-11T17:32:16.273+0000] {logging_mixin.py:120} INFO - [2023-11-11T17:32:16.273+0000] {dag.py:3340} INFO - Setting next_dagrun for tutorial to 2023-11-10T17:32:16.273341+00:00, run_after=2023-11-11T17:32:16.273341+00:00
[2023-11-11T17:32:16.311+0000] {processor.py:176} INFO - Processing /home/airflow/.local/lib/python3.7/site-packages/airflow/example_dags/tutorial.py took 0.245 seconds
[2023-11-11T17:32:46.465+0000] {processor.py:154} INFO - Started process (PID=410) to work on /home/airflow/.local/lib/python3.7/site-packages/airflow/example_dags/tutorial.py
[2023-11-11T17:32:46.466+0000] {processor.py:756} INFO - Processing file /home/airflow/.local/lib/python3.7/site-packages/airflow/example_dags/tutorial.py for tasks to queue
[2023-11-11T17:32:46.468+0000] {logging_mixin.py:120} INFO - [2023-11-11T17:32:46.467+0000] {dagbag.py:537} INFO - Filling up the DagBag from /home/airflow/.local/lib/python3.7/site-packages/airflow/example_dags/tutorial.py
[2023-11-11T17:32:46.492+0000] {processor.py:766} INFO - DAG(s) dict_keys(['tutorial']) retrieved from /home/airflow/.local/lib/python3.7/site-packages/airflow/example_dags/tutorial.py
[2023-11-11T17:32:46.562+0000] {logging_mixin.py:120} INFO - [2023-11-11T17:32:46.562+0000] {dag.py:2585} INFO - Sync 1 DAGs
[2023-11-11T17:32:46.613+0000] {logging_mixin.py:120} INFO - [2023-11-11T17:32:46.613+0000] {dag.py:3340} INFO - Setting next_dagrun for tutorial to 2023-11-10T17:32:46.613319+00:00, run_after=2023-11-11T17:32:46.613319+00:00
[2023-11-11T17:32:46.650+0000] {processor.py:176} INFO - Processing /home/airflow/.local/lib/python3.7/site-packages/airflow/example_dags/tutorial.py took 0.188 seconds
[2023-11-11T17:33:18.115+0000] {processor.py:154} INFO - Started process (PID=473) to work on /home/airflow/.local/lib/python3.7/site-packages/airflow/example_dags/tutorial.py
[2023-11-11T17:33:18.117+0000] {processor.py:756} INFO - Processing file /home/airflow/.local/lib/python3.7/site-packages/airflow/example_dags/tutorial.py for tasks to queue
[2023-11-11T17:33:18.118+0000] {logging_mixin.py:120} INFO - [2023-11-11T17:33:18.117+0000] {dagbag.py:537} INFO - Filling up the DagBag from /home/airflow/.local/lib/python3.7/site-packages/airflow/example_dags/tutorial.py
[2023-11-11T17:33:18.151+0000] {processor.py:766} INFO - DAG(s) dict_keys(['tutorial']) retrieved from /home/airflow/.local/lib/python3.7/site-packages/airflow/example_dags/tutorial.py
[2023-11-11T17:33:18.249+0000] {logging_mixin.py:120} INFO - [2023-11-11T17:33:18.249+0000] {dag.py:2585} INFO - Sync 1 DAGs
[2023-11-11T17:33:18.309+0000] {logging_mixin.py:120} INFO - [2023-11-11T17:33:18.309+0000] {dag.py:3340} INFO - Setting next_dagrun for tutorial to 2023-11-10T17:33:18.309187+00:00, run_after=2023-11-11T17:33:18.309187+00:00
[2023-11-11T17:33:18.355+0000] {processor.py:176} INFO - Processing /home/airflow/.local/lib/python3.7/site-packages/airflow/example_dags/tutorial.py took 0.246 seconds
[2023-11-11T17:33:48.748+0000] {processor.py:154} INFO - Started process (PID=529) to work on /home/airflow/.local/lib/python3.7/site-packages/airflow/example_dags/tutorial.py
[2023-11-11T17:33:48.750+0000] {processor.py:756} INFO - Processing file /home/airflow/.local/lib/python3.7/site-packages/airflow/example_dags/tutorial.py for tasks to queue
[2023-11-11T17:33:48.751+0000] {logging_mixin.py:120} INFO - [2023-11-11T17:33:48.751+0000] {dagbag.py:537} INFO - Filling up the DagBag from /home/airflow/.local/lib/python3.7/site-packages/airflow/example_dags/tutorial.py
[2023-11-11T17:33:48.781+0000] {processor.py:766} INFO - DAG(s) dict_keys(['tutorial']) retrieved from /home/airflow/.local/lib/python3.7/site-packages/airflow/example_dags/tutorial.py
[2023-11-11T17:33:48.864+0000] {logging_mixin.py:120} INFO - [2023-11-11T17:33:48.864+0000] {dag.py:2585} INFO - Sync 1 DAGs
[2023-11-11T17:33:48.926+0000] {logging_mixin.py:120} INFO - [2023-11-11T17:33:48.926+0000] {dag.py:3340} INFO - Setting next_dagrun for tutorial to 2023-11-10T17:33:48.925967+00:00, run_after=2023-11-11T17:33:48.925967+00:00
[2023-11-11T17:33:48.953+0000] {processor.py:176} INFO - Processing /home/airflow/.local/lib/python3.7/site-packages/airflow/example_dags/tutorial.py took 0.211 seconds
[2023-11-11T17:34:19.616+0000] {processor.py:154} INFO - Started process (PID=583) to work on /home/airflow/.local/lib/python3.7/site-packages/airflow/example_dags/tutorial.py
[2023-11-11T17:34:19.618+0000] {processor.py:756} INFO - Processing file /home/airflow/.local/lib/python3.7/site-packages/airflow/example_dags/tutorial.py for tasks to queue
[2023-11-11T17:34:19.620+0000] {logging_mixin.py:120} INFO - [2023-11-11T17:34:19.619+0000] {dagbag.py:537} INFO - Filling up the DagBag from /home/airflow/.local/lib/python3.7/site-packages/airflow/example_dags/tutorial.py
[2023-11-11T17:34:19.664+0000] {processor.py:766} INFO - DAG(s) dict_keys(['tutorial']) retrieved from /home/airflow/.local/lib/python3.7/site-packages/airflow/example_dags/tutorial.py
[2023-11-11T17:34:19.759+0000] {logging_mixin.py:120} INFO - [2023-11-11T17:34:19.759+0000] {dag.py:2585} INFO - Sync 1 DAGs
[2023-11-11T17:34:19.839+0000] {logging_mixin.py:120} INFO - [2023-11-11T17:34:19.839+0000] {dag.py:3340} INFO - Setting next_dagrun for tutorial to 2023-11-10T17:34:19.839345+00:00, run_after=2023-11-11T17:34:19.839345+00:00
[2023-11-11T17:34:19.886+0000] {processor.py:176} INFO - Processing /home/airflow/.local/lib/python3.7/site-packages/airflow/example_dags/tutorial.py took 0.287 seconds
[2023-11-11T17:34:50.414+0000] {processor.py:154} INFO - Started process (PID=647) to work on /home/airflow/.local/lib/python3.7/site-packages/airflow/example_dags/tutorial.py
[2023-11-11T17:34:50.416+0000] {processor.py:756} INFO - Processing file /home/airflow/.local/lib/python3.7/site-packages/airflow/example_dags/tutorial.py for tasks to queue
[2023-11-11T17:34:50.418+0000] {logging_mixin.py:120} INFO - [2023-11-11T17:34:50.418+0000] {dagbag.py:537} INFO - Filling up the DagBag from /home/airflow/.local/lib/python3.7/site-packages/airflow/example_dags/tutorial.py
[2023-11-11T17:34:50.466+0000] {processor.py:766} INFO - DAG(s) dict_keys(['tutorial']) retrieved from /home/airflow/.local/lib/python3.7/site-packages/airflow/example_dags/tutorial.py
[2023-11-11T17:34:50.598+0000] {logging_mixin.py:120} INFO - [2023-11-11T17:34:50.598+0000] {dag.py:2585} INFO - Sync 1 DAGs
[2023-11-11T17:34:50.680+0000] {logging_mixin.py:120} INFO - [2023-11-11T17:34:50.679+0000] {dag.py:3340} INFO - Setting next_dagrun for tutorial to 2023-11-10T17:34:50.679446+00:00, run_after=2023-11-11T17:34:50.679446+00:00
[2023-11-11T17:34:50.747+0000] {processor.py:176} INFO - Processing /home/airflow/.local/lib/python3.7/site-packages/airflow/example_dags/tutorial.py took 0.341 seconds
[2023-11-11T17:35:21.421+0000] {processor.py:154} INFO - Started process (PID=701) to work on /home/airflow/.local/lib/python3.7/site-packages/airflow/example_dags/tutorial.py
[2023-11-11T17:35:21.428+0000] {processor.py:756} INFO - Processing file /home/airflow/.local/lib/python3.7/site-packages/airflow/example_dags/tutorial.py for tasks to queue
[2023-11-11T17:35:21.430+0000] {logging_mixin.py:120} INFO - [2023-11-11T17:35:21.430+0000] {dagbag.py:537} INFO - Filling up the DagBag from /home/airflow/.local/lib/python3.7/site-packages/airflow/example_dags/tutorial.py
[2023-11-11T17:35:21.459+0000] {processor.py:766} INFO - DAG(s) dict_keys(['tutorial']) retrieved from /home/airflow/.local/lib/python3.7/site-packages/airflow/example_dags/tutorial.py
[2023-11-11T17:35:21.527+0000] {logging_mixin.py:120} INFO - [2023-11-11T17:35:21.527+0000] {dag.py:2585} INFO - Sync 1 DAGs
[2023-11-11T17:35:21.575+0000] {logging_mixin.py:120} INFO - [2023-11-11T17:35:21.574+0000] {dag.py:3340} INFO - Setting next_dagrun for tutorial to 2023-11-10T17:35:21.574551+00:00, run_after=2023-11-11T17:35:21.574551+00:00
[2023-11-11T17:35:21.611+0000] {processor.py:176} INFO - Processing /home/airflow/.local/lib/python3.7/site-packages/airflow/example_dags/tutorial.py took 0.196 seconds
[2023-11-11T17:35:51.814+0000] {processor.py:154} INFO - Started process (PID=763) to work on /home/airflow/.local/lib/python3.7/site-packages/airflow/example_dags/tutorial.py
[2023-11-11T17:35:51.814+0000] {processor.py:756} INFO - Processing file /home/airflow/.local/lib/python3.7/site-packages/airflow/example_dags/tutorial.py for tasks to queue
[2023-11-11T17:35:51.815+0000] {logging_mixin.py:120} INFO - [2023-11-11T17:35:51.815+0000] {dagbag.py:537} INFO - Filling up the DagBag from /home/airflow/.local/lib/python3.7/site-packages/airflow/example_dags/tutorial.py
[2023-11-11T17:35:51.840+0000] {processor.py:766} INFO - DAG(s) dict_keys(['tutorial']) retrieved from /home/airflow/.local/lib/python3.7/site-packages/airflow/example_dags/tutorial.py
[2023-11-11T17:35:51.921+0000] {logging_mixin.py:120} INFO - [2023-11-11T17:35:51.921+0000] {dag.py:2585} INFO - Sync 1 DAGs
[2023-11-11T17:35:51.971+0000] {logging_mixin.py:120} INFO - [2023-11-11T17:35:51.970+0000] {dag.py:3340} INFO - Setting next_dagrun for tutorial to 2023-11-10T17:35:51.970663+00:00, run_after=2023-11-11T17:35:51.970663+00:00
[2023-11-11T17:35:52.010+0000] {processor.py:176} INFO - Processing /home/airflow/.local/lib/python3.7/site-packages/airflow/example_dags/tutorial.py took 0.209 seconds
[2023-11-11T17:36:22.614+0000] {processor.py:154} INFO - Started process (PID=817) to work on /home/airflow/.local/lib/python3.7/site-packages/airflow/example_dags/tutorial.py
[2023-11-11T17:36:22.616+0000] {processor.py:756} INFO - Processing file /home/airflow/.local/lib/python3.7/site-packages/airflow/example_dags/tutorial.py for tasks to queue
[2023-11-11T17:36:22.617+0000] {logging_mixin.py:120} INFO - [2023-11-11T17:36:22.617+0000] {dagbag.py:537} INFO - Filling up the DagBag from /home/airflow/.local/lib/python3.7/site-packages/airflow/example_dags/tutorial.py
[2023-11-11T17:36:22.643+0000] {processor.py:766} INFO - DAG(s) dict_keys(['tutorial']) retrieved from /home/airflow/.local/lib/python3.7/site-packages/airflow/example_dags/tutorial.py
[2023-11-11T17:36:22.712+0000] {logging_mixin.py:120} INFO - [2023-11-11T17:36:22.712+0000] {dag.py:2585} INFO - Sync 1 DAGs
[2023-11-11T17:36:22.760+0000] {logging_mixin.py:120} INFO - [2023-11-11T17:36:22.760+0000] {dag.py:3340} INFO - Setting next_dagrun for tutorial to 2023-11-10T17:36:22.759688+00:00, run_after=2023-11-11T17:36:22.759688+00:00
[2023-11-11T17:36:22.794+0000] {processor.py:176} INFO - Processing /home/airflow/.local/lib/python3.7/site-packages/airflow/example_dags/tutorial.py took 0.186 seconds
[2023-11-11T17:36:52.999+0000] {processor.py:154} INFO - Started process (PID=880) to work on /home/airflow/.local/lib/python3.7/site-packages/airflow/example_dags/tutorial.py
[2023-11-11T17:36:53.003+0000] {processor.py:756} INFO - Processing file /home/airflow/.local/lib/python3.7/site-packages/airflow/example_dags/tutorial.py for tasks to queue
[2023-11-11T17:36:53.005+0000] {logging_mixin.py:120} INFO - [2023-11-11T17:36:53.005+0000] {dagbag.py:537} INFO - Filling up the DagBag from /home/airflow/.local/lib/python3.7/site-packages/airflow/example_dags/tutorial.py
[2023-11-11T17:36:53.036+0000] {processor.py:766} INFO - DAG(s) dict_keys(['tutorial']) retrieved from /home/airflow/.local/lib/python3.7/site-packages/airflow/example_dags/tutorial.py
[2023-11-11T17:36:53.135+0000] {logging_mixin.py:120} INFO - [2023-11-11T17:36:53.135+0000] {dag.py:2585} INFO - Sync 1 DAGs
[2023-11-11T17:36:53.204+0000] {logging_mixin.py:120} INFO - [2023-11-11T17:36:53.203+0000] {dag.py:3340} INFO - Setting next_dagrun for tutorial to 2023-11-10T17:36:53.202439+00:00, run_after=2023-11-11T17:36:53.202439+00:00
[2023-11-11T17:36:53.267+0000] {processor.py:176} INFO - Processing /home/airflow/.local/lib/python3.7/site-packages/airflow/example_dags/tutorial.py took 0.274 seconds
[2023-11-11T17:37:23.635+0000] {processor.py:154} INFO - Started process (PID=934) to work on /home/airflow/.local/lib/python3.7/site-packages/airflow/example_dags/tutorial.py
[2023-11-11T17:37:23.637+0000] {processor.py:756} INFO - Processing file /home/airflow/.local/lib/python3.7/site-packages/airflow/example_dags/tutorial.py for tasks to queue
[2023-11-11T17:37:23.638+0000] {logging_mixin.py:120} INFO - [2023-11-11T17:37:23.638+0000] {dagbag.py:537} INFO - Filling up the DagBag from /home/airflow/.local/lib/python3.7/site-packages/airflow/example_dags/tutorial.py
[2023-11-11T17:37:23.668+0000] {processor.py:766} INFO - DAG(s) dict_keys(['tutorial']) retrieved from /home/airflow/.local/lib/python3.7/site-packages/airflow/example_dags/tutorial.py
[2023-11-11T17:37:23.734+0000] {logging_mixin.py:120} INFO - [2023-11-11T17:37:23.734+0000] {dag.py:2585} INFO - Sync 1 DAGs
[2023-11-11T17:37:23.783+0000] {logging_mixin.py:120} INFO - [2023-11-11T17:37:23.783+0000] {dag.py:3340} INFO - Setting next_dagrun for tutorial to 2023-11-10T17:37:23.783332+00:00, run_after=2023-11-11T17:37:23.783332+00:00
[2023-11-11T17:37:23.819+0000] {processor.py:176} INFO - Processing /home/airflow/.local/lib/python3.7/site-packages/airflow/example_dags/tutorial.py took 0.190 seconds
[2023-11-11T17:37:53.970+0000] {processor.py:154} INFO - Started process (PID=997) to work on /home/airflow/.local/lib/python3.7/site-packages/airflow/example_dags/tutorial.py
[2023-11-11T17:37:53.971+0000] {processor.py:756} INFO - Processing file /home/airflow/.local/lib/python3.7/site-packages/airflow/example_dags/tutorial.py for tasks to queue
[2023-11-11T17:37:53.972+0000] {logging_mixin.py:120} INFO - [2023-11-11T17:37:53.972+0000] {dagbag.py:537} INFO - Filling up the DagBag from /home/airflow/.local/lib/python3.7/site-packages/airflow/example_dags/tutorial.py
[2023-11-11T17:37:54.005+0000] {processor.py:766} INFO - DAG(s) dict_keys(['tutorial']) retrieved from /home/airflow/.local/lib/python3.7/site-packages/airflow/example_dags/tutorial.py
[2023-11-11T17:37:54.096+0000] {logging_mixin.py:120} INFO - [2023-11-11T17:37:54.096+0000] {dag.py:2585} INFO - Sync 1 DAGs
[2023-11-11T17:37:54.142+0000] {logging_mixin.py:120} INFO - [2023-11-11T17:37:54.141+0000] {dag.py:3340} INFO - Setting next_dagrun for tutorial to 2023-11-10T17:37:54.141223+00:00, run_after=2023-11-11T17:37:54.141223+00:00
[2023-11-11T17:37:54.173+0000] {processor.py:176} INFO - Processing /home/airflow/.local/lib/python3.7/site-packages/airflow/example_dags/tutorial.py took 0.209 seconds
[2023-11-11T17:38:24.550+0000] {processor.py:154} INFO - Started process (PID=1048) to work on /home/airflow/.local/lib/python3.7/site-packages/airflow/example_dags/tutorial.py
[2023-11-11T17:38:24.551+0000] {processor.py:756} INFO - Processing file /home/airflow/.local/lib/python3.7/site-packages/airflow/example_dags/tutorial.py for tasks to queue
[2023-11-11T17:38:24.552+0000] {logging_mixin.py:120} INFO - [2023-11-11T17:38:24.552+0000] {dagbag.py:537} INFO - Filling up the DagBag from /home/airflow/.local/lib/python3.7/site-packages/airflow/example_dags/tutorial.py
[2023-11-11T17:38:24.578+0000] {processor.py:766} INFO - DAG(s) dict_keys(['tutorial']) retrieved from /home/airflow/.local/lib/python3.7/site-packages/airflow/example_dags/tutorial.py
[2023-11-11T17:38:24.656+0000] {logging_mixin.py:120} INFO - [2023-11-11T17:38:24.655+0000] {dag.py:2585} INFO - Sync 1 DAGs
[2023-11-11T17:38:24.707+0000] {logging_mixin.py:120} INFO - [2023-11-11T17:38:24.705+0000] {dag.py:3340} INFO - Setting next_dagrun for tutorial to 2023-11-10T17:38:24.704930+00:00, run_after=2023-11-11T17:38:24.704930+00:00
[2023-11-11T17:38:24.742+0000] {processor.py:176} INFO - Processing /home/airflow/.local/lib/python3.7/site-packages/airflow/example_dags/tutorial.py took 0.198 seconds
[2023-11-11T17:38:55.192+0000] {processor.py:154} INFO - Started process (PID=1110) to work on /home/airflow/.local/lib/python3.7/site-packages/airflow/example_dags/tutorial.py
[2023-11-11T17:38:55.195+0000] {processor.py:756} INFO - Processing file /home/airflow/.local/lib/python3.7/site-packages/airflow/example_dags/tutorial.py for tasks to queue
[2023-11-11T17:38:55.197+0000] {logging_mixin.py:120} INFO - [2023-11-11T17:38:55.196+0000] {dagbag.py:537} INFO - Filling up the DagBag from /home/airflow/.local/lib/python3.7/site-packages/airflow/example_dags/tutorial.py
[2023-11-11T17:38:55.238+0000] {processor.py:766} INFO - DAG(s) dict_keys(['tutorial']) retrieved from /home/airflow/.local/lib/python3.7/site-packages/airflow/example_dags/tutorial.py
[2023-11-11T17:38:55.330+0000] {logging_mixin.py:120} INFO - [2023-11-11T17:38:55.330+0000] {dag.py:2585} INFO - Sync 1 DAGs
[2023-11-11T17:38:55.392+0000] {logging_mixin.py:120} INFO - [2023-11-11T17:38:55.391+0000] {dag.py:3340} INFO - Setting next_dagrun for tutorial to 2023-11-10T17:38:55.390926+00:00, run_after=2023-11-11T17:38:55.390926+00:00
[2023-11-11T17:38:55.450+0000] {processor.py:176} INFO - Processing /home/airflow/.local/lib/python3.7/site-packages/airflow/example_dags/tutorial.py took 0.269 seconds
[2023-11-11T17:39:25.601+0000] {processor.py:154} INFO - Started process (PID=1164) to work on /home/airflow/.local/lib/python3.7/site-packages/airflow/example_dags/tutorial.py
[2023-11-11T17:39:25.602+0000] {processor.py:756} INFO - Processing file /home/airflow/.local/lib/python3.7/site-packages/airflow/example_dags/tutorial.py for tasks to queue
[2023-11-11T17:39:25.603+0000] {logging_mixin.py:120} INFO - [2023-11-11T17:39:25.602+0000] {dagbag.py:537} INFO - Filling up the DagBag from /home/airflow/.local/lib/python3.7/site-packages/airflow/example_dags/tutorial.py
[2023-11-11T17:39:25.626+0000] {processor.py:766} INFO - DAG(s) dict_keys(['tutorial']) retrieved from /home/airflow/.local/lib/python3.7/site-packages/airflow/example_dags/tutorial.py
[2023-11-11T17:39:25.687+0000] {logging_mixin.py:120} INFO - [2023-11-11T17:39:25.686+0000] {dag.py:2585} INFO - Sync 1 DAGs
[2023-11-11T17:39:25.734+0000] {logging_mixin.py:120} INFO - [2023-11-11T17:39:25.733+0000] {dag.py:3340} INFO - Setting next_dagrun for tutorial to 2023-11-10T17:39:25.733585+00:00, run_after=2023-11-11T17:39:25.733585+00:00
[2023-11-11T17:39:25.769+0000] {processor.py:176} INFO - Processing /home/airflow/.local/lib/python3.7/site-packages/airflow/example_dags/tutorial.py took 0.176 seconds
