[2023-11-11T17:02:05.798+0000] {processor.py:154} INFO - Started process (PID=73) to work on /home/airflow/.local/lib/python3.7/site-packages/airflow/example_dags/tutorial_taskflow_api.py
[2023-11-11T17:02:05.799+0000] {processor.py:756} INFO - Processing file /home/airflow/.local/lib/python3.7/site-packages/airflow/example_dags/tutorial_taskflow_api.py for tasks to queue
[2023-11-11T17:02:05.800+0000] {logging_mixin.py:120} INFO - [2023-11-11T17:02:05.800+0000] {dagbag.py:537} INFO - Filling up the DagBag from /home/airflow/.local/lib/python3.7/site-packages/airflow/example_dags/tutorial_taskflow_api.py
[2023-11-11T17:02:05.861+0000] {processor.py:766} INFO - DAG(s) dict_keys(['tutorial_taskflow_api']) retrieved from /home/airflow/.local/lib/python3.7/site-packages/airflow/example_dags/tutorial_taskflow_api.py
[2023-11-11T17:02:06.084+0000] {logging_mixin.py:120} INFO - [2023-11-11T17:02:06.083+0000] {dag.py:2585} INFO - Sync 1 DAGs
[2023-11-11T17:02:06.231+0000] {logging_mixin.py:120} INFO - [2023-11-11T17:02:06.231+0000] {dag.py:3340} INFO - Setting next_dagrun for tutorial_taskflow_api to None, run_after=None
[2023-11-11T17:02:06.372+0000] {processor.py:176} INFO - Processing /home/airflow/.local/lib/python3.7/site-packages/airflow/example_dags/tutorial_taskflow_api.py took 0.582 seconds
[2023-11-11T17:02:37.937+0000] {processor.py:154} INFO - Started process (PID=127) to work on /home/airflow/.local/lib/python3.7/site-packages/airflow/example_dags/tutorial_taskflow_api.py
[2023-11-11T17:02:37.939+0000] {processor.py:756} INFO - Processing file /home/airflow/.local/lib/python3.7/site-packages/airflow/example_dags/tutorial_taskflow_api.py for tasks to queue
[2023-11-11T17:02:37.940+0000] {logging_mixin.py:120} INFO - [2023-11-11T17:02:37.940+0000] {dagbag.py:537} INFO - Filling up the DagBag from /home/airflow/.local/lib/python3.7/site-packages/airflow/example_dags/tutorial_taskflow_api.py
[2023-11-11T17:02:37.985+0000] {processor.py:766} INFO - DAG(s) dict_keys(['tutorial_taskflow_api']) retrieved from /home/airflow/.local/lib/python3.7/site-packages/airflow/example_dags/tutorial_taskflow_api.py
[2023-11-11T17:02:38.059+0000] {logging_mixin.py:120} INFO - [2023-11-11T17:02:38.058+0000] {dag.py:2585} INFO - Sync 1 DAGs
[2023-11-11T17:02:38.102+0000] {logging_mixin.py:120} INFO - [2023-11-11T17:02:38.102+0000] {dag.py:3340} INFO - Setting next_dagrun for tutorial_taskflow_api to None, run_after=None
[2023-11-11T17:02:38.135+0000] {processor.py:176} INFO - Processing /home/airflow/.local/lib/python3.7/site-packages/airflow/example_dags/tutorial_taskflow_api.py took 0.202 seconds
[2023-11-11T17:03:10.608+0000] {processor.py:154} INFO - Started process (PID=182) to work on /home/airflow/.local/lib/python3.7/site-packages/airflow/example_dags/tutorial_taskflow_api.py
[2023-11-11T17:03:10.760+0000] {processor.py:756} INFO - Processing file /home/airflow/.local/lib/python3.7/site-packages/airflow/example_dags/tutorial_taskflow_api.py for tasks to queue
[2023-11-11T17:03:10.763+0000] {logging_mixin.py:120} INFO - [2023-11-11T17:03:10.762+0000] {dagbag.py:537} INFO - Filling up the DagBag from /home/airflow/.local/lib/python3.7/site-packages/airflow/example_dags/tutorial_taskflow_api.py
[2023-11-11T17:03:10.850+0000] {processor.py:766} INFO - DAG(s) dict_keys(['tutorial_taskflow_api']) retrieved from /home/airflow/.local/lib/python3.7/site-packages/airflow/example_dags/tutorial_taskflow_api.py
[2023-11-11T17:03:11.157+0000] {logging_mixin.py:120} INFO - [2023-11-11T17:03:11.156+0000] {dag.py:2585} INFO - Sync 1 DAGs
[2023-11-11T17:03:11.248+0000] {logging_mixin.py:120} INFO - [2023-11-11T17:03:11.248+0000] {dag.py:3340} INFO - Setting next_dagrun for tutorial_taskflow_api to None, run_after=None
[2023-11-11T17:03:11.331+0000] {processor.py:176} INFO - Processing /home/airflow/.local/lib/python3.7/site-packages/airflow/example_dags/tutorial_taskflow_api.py took 0.730 seconds
[2023-11-11T17:03:41.392+0000] {processor.py:154} INFO - Started process (PID=244) to work on /home/airflow/.local/lib/python3.7/site-packages/airflow/example_dags/tutorial_taskflow_api.py
[2023-11-11T17:03:41.394+0000] {processor.py:756} INFO - Processing file /home/airflow/.local/lib/python3.7/site-packages/airflow/example_dags/tutorial_taskflow_api.py for tasks to queue
[2023-11-11T17:03:41.397+0000] {logging_mixin.py:120} INFO - [2023-11-11T17:03:41.397+0000] {dagbag.py:537} INFO - Filling up the DagBag from /home/airflow/.local/lib/python3.7/site-packages/airflow/example_dags/tutorial_taskflow_api.py
[2023-11-11T17:03:41.431+0000] {processor.py:766} INFO - DAG(s) dict_keys(['tutorial_taskflow_api']) retrieved from /home/airflow/.local/lib/python3.7/site-packages/airflow/example_dags/tutorial_taskflow_api.py
[2023-11-11T17:03:41.493+0000] {logging_mixin.py:120} INFO - [2023-11-11T17:03:41.493+0000] {dag.py:2585} INFO - Sync 1 DAGs
[2023-11-11T17:03:41.533+0000] {logging_mixin.py:120} INFO - [2023-11-11T17:03:41.533+0000] {dag.py:3340} INFO - Setting next_dagrun for tutorial_taskflow_api to None, run_after=None
[2023-11-11T17:03:41.566+0000] {processor.py:176} INFO - Processing /home/airflow/.local/lib/python3.7/site-packages/airflow/example_dags/tutorial_taskflow_api.py took 0.179 seconds
[2023-11-11T17:04:11.767+0000] {processor.py:154} INFO - Started process (PID=300) to work on /home/airflow/.local/lib/python3.7/site-packages/airflow/example_dags/tutorial_taskflow_api.py
[2023-11-11T17:04:11.768+0000] {processor.py:756} INFO - Processing file /home/airflow/.local/lib/python3.7/site-packages/airflow/example_dags/tutorial_taskflow_api.py for tasks to queue
[2023-11-11T17:04:11.769+0000] {logging_mixin.py:120} INFO - [2023-11-11T17:04:11.769+0000] {dagbag.py:537} INFO - Filling up the DagBag from /home/airflow/.local/lib/python3.7/site-packages/airflow/example_dags/tutorial_taskflow_api.py
[2023-11-11T17:04:11.794+0000] {processor.py:766} INFO - DAG(s) dict_keys(['tutorial_taskflow_api']) retrieved from /home/airflow/.local/lib/python3.7/site-packages/airflow/example_dags/tutorial_taskflow_api.py
[2023-11-11T17:04:11.845+0000] {logging_mixin.py:120} INFO - [2023-11-11T17:04:11.845+0000] {dag.py:2585} INFO - Sync 1 DAGs
[2023-11-11T17:04:11.876+0000] {logging_mixin.py:120} INFO - [2023-11-11T17:04:11.876+0000] {dag.py:3340} INFO - Setting next_dagrun for tutorial_taskflow_api to None, run_after=None
[2023-11-11T17:04:11.902+0000] {processor.py:176} INFO - Processing /home/airflow/.local/lib/python3.7/site-packages/airflow/example_dags/tutorial_taskflow_api.py took 0.139 seconds
[2023-11-11T17:04:42.455+0000] {processor.py:154} INFO - Started process (PID=363) to work on /home/airflow/.local/lib/python3.7/site-packages/airflow/example_dags/tutorial_taskflow_api.py
[2023-11-11T17:04:42.457+0000] {processor.py:756} INFO - Processing file /home/airflow/.local/lib/python3.7/site-packages/airflow/example_dags/tutorial_taskflow_api.py for tasks to queue
[2023-11-11T17:04:42.457+0000] {logging_mixin.py:120} INFO - [2023-11-11T17:04:42.457+0000] {dagbag.py:537} INFO - Filling up the DagBag from /home/airflow/.local/lib/python3.7/site-packages/airflow/example_dags/tutorial_taskflow_api.py
[2023-11-11T17:04:42.491+0000] {processor.py:766} INFO - DAG(s) dict_keys(['tutorial_taskflow_api']) retrieved from /home/airflow/.local/lib/python3.7/site-packages/airflow/example_dags/tutorial_taskflow_api.py
[2023-11-11T17:04:42.549+0000] {logging_mixin.py:120} INFO - [2023-11-11T17:04:42.548+0000] {dag.py:2585} INFO - Sync 1 DAGs
[2023-11-11T17:04:42.599+0000] {logging_mixin.py:120} INFO - [2023-11-11T17:04:42.598+0000] {dag.py:3340} INFO - Setting next_dagrun for tutorial_taskflow_api to None, run_after=None
[2023-11-11T17:04:42.630+0000] {processor.py:176} INFO - Processing /home/airflow/.local/lib/python3.7/site-packages/airflow/example_dags/tutorial_taskflow_api.py took 0.180 seconds
[2023-11-11T17:05:12.934+0000] {processor.py:154} INFO - Started process (PID=417) to work on /home/airflow/.local/lib/python3.7/site-packages/airflow/example_dags/tutorial_taskflow_api.py
[2023-11-11T17:05:12.935+0000] {processor.py:756} INFO - Processing file /home/airflow/.local/lib/python3.7/site-packages/airflow/example_dags/tutorial_taskflow_api.py for tasks to queue
[2023-11-11T17:05:12.936+0000] {logging_mixin.py:120} INFO - [2023-11-11T17:05:12.936+0000] {dagbag.py:537} INFO - Filling up the DagBag from /home/airflow/.local/lib/python3.7/site-packages/airflow/example_dags/tutorial_taskflow_api.py
[2023-11-11T17:05:12.971+0000] {processor.py:766} INFO - DAG(s) dict_keys(['tutorial_taskflow_api']) retrieved from /home/airflow/.local/lib/python3.7/site-packages/airflow/example_dags/tutorial_taskflow_api.py
[2023-11-11T17:05:13.023+0000] {logging_mixin.py:120} INFO - [2023-11-11T17:05:13.023+0000] {dag.py:2585} INFO - Sync 1 DAGs
[2023-11-11T17:05:13.059+0000] {logging_mixin.py:120} INFO - [2023-11-11T17:05:13.059+0000] {dag.py:3340} INFO - Setting next_dagrun for tutorial_taskflow_api to None, run_after=None
[2023-11-11T17:05:13.083+0000] {processor.py:176} INFO - Processing /home/airflow/.local/lib/python3.7/site-packages/airflow/example_dags/tutorial_taskflow_api.py took 0.154 seconds
[2023-11-11T17:05:43.570+0000] {processor.py:154} INFO - Started process (PID=480) to work on /home/airflow/.local/lib/python3.7/site-packages/airflow/example_dags/tutorial_taskflow_api.py
[2023-11-11T17:05:43.571+0000] {processor.py:756} INFO - Processing file /home/airflow/.local/lib/python3.7/site-packages/airflow/example_dags/tutorial_taskflow_api.py for tasks to queue
[2023-11-11T17:05:43.572+0000] {logging_mixin.py:120} INFO - [2023-11-11T17:05:43.572+0000] {dagbag.py:537} INFO - Filling up the DagBag from /home/airflow/.local/lib/python3.7/site-packages/airflow/example_dags/tutorial_taskflow_api.py
[2023-11-11T17:05:43.599+0000] {processor.py:766} INFO - DAG(s) dict_keys(['tutorial_taskflow_api']) retrieved from /home/airflow/.local/lib/python3.7/site-packages/airflow/example_dags/tutorial_taskflow_api.py
[2023-11-11T17:05:43.658+0000] {logging_mixin.py:120} INFO - [2023-11-11T17:05:43.658+0000] {dag.py:2585} INFO - Sync 1 DAGs
[2023-11-11T17:05:43.689+0000] {logging_mixin.py:120} INFO - [2023-11-11T17:05:43.689+0000] {dag.py:3340} INFO - Setting next_dagrun for tutorial_taskflow_api to None, run_after=None
[2023-11-11T17:05:43.717+0000] {processor.py:176} INFO - Processing /home/airflow/.local/lib/python3.7/site-packages/airflow/example_dags/tutorial_taskflow_api.py took 0.151 seconds
[2023-11-11T17:06:13.811+0000] {processor.py:154} INFO - Started process (PID=534) to work on /home/airflow/.local/lib/python3.7/site-packages/airflow/example_dags/tutorial_taskflow_api.py
[2023-11-11T17:06:13.813+0000] {processor.py:756} INFO - Processing file /home/airflow/.local/lib/python3.7/site-packages/airflow/example_dags/tutorial_taskflow_api.py for tasks to queue
[2023-11-11T17:06:13.813+0000] {logging_mixin.py:120} INFO - [2023-11-11T17:06:13.813+0000] {dagbag.py:537} INFO - Filling up the DagBag from /home/airflow/.local/lib/python3.7/site-packages/airflow/example_dags/tutorial_taskflow_api.py
[2023-11-11T17:06:13.852+0000] {processor.py:766} INFO - DAG(s) dict_keys(['tutorial_taskflow_api']) retrieved from /home/airflow/.local/lib/python3.7/site-packages/airflow/example_dags/tutorial_taskflow_api.py
[2023-11-11T17:06:13.924+0000] {logging_mixin.py:120} INFO - [2023-11-11T17:06:13.924+0000] {dag.py:2585} INFO - Sync 1 DAGs
[2023-11-11T17:06:13.969+0000] {logging_mixin.py:120} INFO - [2023-11-11T17:06:13.969+0000] {dag.py:3340} INFO - Setting next_dagrun for tutorial_taskflow_api to None, run_after=None
[2023-11-11T17:06:14.002+0000] {processor.py:176} INFO - Processing /home/airflow/.local/lib/python3.7/site-packages/airflow/example_dags/tutorial_taskflow_api.py took 0.197 seconds
[2023-11-11T17:06:44.674+0000] {processor.py:154} INFO - Started process (PID=597) to work on /home/airflow/.local/lib/python3.7/site-packages/airflow/example_dags/tutorial_taskflow_api.py
[2023-11-11T17:06:44.675+0000] {processor.py:756} INFO - Processing file /home/airflow/.local/lib/python3.7/site-packages/airflow/example_dags/tutorial_taskflow_api.py for tasks to queue
[2023-11-11T17:06:44.676+0000] {logging_mixin.py:120} INFO - [2023-11-11T17:06:44.676+0000] {dagbag.py:537} INFO - Filling up the DagBag from /home/airflow/.local/lib/python3.7/site-packages/airflow/example_dags/tutorial_taskflow_api.py
[2023-11-11T17:06:44.711+0000] {processor.py:766} INFO - DAG(s) dict_keys(['tutorial_taskflow_api']) retrieved from /home/airflow/.local/lib/python3.7/site-packages/airflow/example_dags/tutorial_taskflow_api.py
[2023-11-11T17:06:44.767+0000] {logging_mixin.py:120} INFO - [2023-11-11T17:06:44.766+0000] {dag.py:2585} INFO - Sync 1 DAGs
[2023-11-11T17:06:44.807+0000] {logging_mixin.py:120} INFO - [2023-11-11T17:06:44.807+0000] {dag.py:3340} INFO - Setting next_dagrun for tutorial_taskflow_api to None, run_after=None
[2023-11-11T17:06:44.830+0000] {processor.py:176} INFO - Processing /home/airflow/.local/lib/python3.7/site-packages/airflow/example_dags/tutorial_taskflow_api.py took 0.161 seconds
[2023-11-11T17:07:15.219+0000] {processor.py:154} INFO - Started process (PID=651) to work on /home/airflow/.local/lib/python3.7/site-packages/airflow/example_dags/tutorial_taskflow_api.py
[2023-11-11T17:07:15.220+0000] {processor.py:756} INFO - Processing file /home/airflow/.local/lib/python3.7/site-packages/airflow/example_dags/tutorial_taskflow_api.py for tasks to queue
[2023-11-11T17:07:15.222+0000] {logging_mixin.py:120} INFO - [2023-11-11T17:07:15.221+0000] {dagbag.py:537} INFO - Filling up the DagBag from /home/airflow/.local/lib/python3.7/site-packages/airflow/example_dags/tutorial_taskflow_api.py
[2023-11-11T17:07:15.253+0000] {processor.py:766} INFO - DAG(s) dict_keys(['tutorial_taskflow_api']) retrieved from /home/airflow/.local/lib/python3.7/site-packages/airflow/example_dags/tutorial_taskflow_api.py
[2023-11-11T17:07:15.317+0000] {logging_mixin.py:120} INFO - [2023-11-11T17:07:15.316+0000] {dag.py:2585} INFO - Sync 1 DAGs
[2023-11-11T17:07:15.357+0000] {logging_mixin.py:120} INFO - [2023-11-11T17:07:15.357+0000] {dag.py:3340} INFO - Setting next_dagrun for tutorial_taskflow_api to None, run_after=None
[2023-11-11T17:07:15.388+0000] {processor.py:176} INFO - Processing /home/airflow/.local/lib/python3.7/site-packages/airflow/example_dags/tutorial_taskflow_api.py took 0.175 seconds
[2023-11-11T17:29:44.449+0000] {processor.py:154} INFO - Started process (PID=89) to work on /home/airflow/.local/lib/python3.7/site-packages/airflow/example_dags/tutorial_taskflow_api.py
[2023-11-11T17:29:44.463+0000] {processor.py:756} INFO - Processing file /home/airflow/.local/lib/python3.7/site-packages/airflow/example_dags/tutorial_taskflow_api.py for tasks to queue
[2023-11-11T17:29:44.466+0000] {logging_mixin.py:120} INFO - [2023-11-11T17:29:44.466+0000] {dagbag.py:537} INFO - Filling up the DagBag from /home/airflow/.local/lib/python3.7/site-packages/airflow/example_dags/tutorial_taskflow_api.py
[2023-11-11T17:29:44.702+0000] {processor.py:766} INFO - DAG(s) dict_keys(['tutorial_taskflow_api']) retrieved from /home/airflow/.local/lib/python3.7/site-packages/airflow/example_dags/tutorial_taskflow_api.py
[2023-11-11T17:29:45.826+0000] {logging_mixin.py:120} INFO - [2023-11-11T17:29:45.826+0000] {manager.py:507} INFO - Created Permission View: can read on DAG:tutorial_taskflow_api
[2023-11-11T17:29:45.877+0000] {logging_mixin.py:120} INFO - [2023-11-11T17:29:45.877+0000] {manager.py:507} INFO - Created Permission View: can delete on DAG:tutorial_taskflow_api
[2023-11-11T17:29:45.924+0000] {logging_mixin.py:120} INFO - [2023-11-11T17:29:45.923+0000] {manager.py:507} INFO - Created Permission View: can edit on DAG:tutorial_taskflow_api
[2023-11-11T17:29:45.924+0000] {logging_mixin.py:120} INFO - [2023-11-11T17:29:45.924+0000] {dag.py:2585} INFO - Sync 1 DAGs
[2023-11-11T17:29:45.982+0000] {logging_mixin.py:120} INFO - [2023-11-11T17:29:45.982+0000] {dag.py:2606} INFO - Creating ORM DAG for tutorial_taskflow_api
[2023-11-11T17:29:46.037+0000] {logging_mixin.py:120} INFO - [2023-11-11T17:29:46.037+0000] {dag.py:3340} INFO - Setting next_dagrun for tutorial_taskflow_api to None, run_after=None
[2023-11-11T17:29:46.126+0000] {processor.py:176} INFO - Processing /home/airflow/.local/lib/python3.7/site-packages/airflow/example_dags/tutorial_taskflow_api.py took 1.696 seconds
[2023-11-11T17:30:16.669+0000] {processor.py:154} INFO - Started process (PID=142) to work on /home/airflow/.local/lib/python3.7/site-packages/airflow/example_dags/tutorial_taskflow_api.py
[2023-11-11T17:30:16.673+0000] {processor.py:756} INFO - Processing file /home/airflow/.local/lib/python3.7/site-packages/airflow/example_dags/tutorial_taskflow_api.py for tasks to queue
[2023-11-11T17:30:16.676+0000] {logging_mixin.py:120} INFO - [2023-11-11T17:30:16.676+0000] {dagbag.py:537} INFO - Filling up the DagBag from /home/airflow/.local/lib/python3.7/site-packages/airflow/example_dags/tutorial_taskflow_api.py
[2023-11-11T17:30:16.881+0000] {processor.py:766} INFO - DAG(s) dict_keys(['tutorial_taskflow_api']) retrieved from /home/airflow/.local/lib/python3.7/site-packages/airflow/example_dags/tutorial_taskflow_api.py
[2023-11-11T17:30:17.173+0000] {logging_mixin.py:120} INFO - [2023-11-11T17:30:17.173+0000] {dag.py:2585} INFO - Sync 1 DAGs
[2023-11-11T17:30:17.320+0000] {logging_mixin.py:120} INFO - [2023-11-11T17:30:17.320+0000] {dag.py:3340} INFO - Setting next_dagrun for tutorial_taskflow_api to None, run_after=None
[2023-11-11T17:30:17.411+0000] {processor.py:176} INFO - Processing /home/airflow/.local/lib/python3.7/site-packages/airflow/example_dags/tutorial_taskflow_api.py took 0.753 seconds
[2023-11-11T17:30:47.471+0000] {processor.py:154} INFO - Started process (PID=195) to work on /home/airflow/.local/lib/python3.7/site-packages/airflow/example_dags/tutorial_taskflow_api.py
[2023-11-11T17:30:47.477+0000] {processor.py:756} INFO - Processing file /home/airflow/.local/lib/python3.7/site-packages/airflow/example_dags/tutorial_taskflow_api.py for tasks to queue
[2023-11-11T17:30:47.482+0000] {logging_mixin.py:120} INFO - [2023-11-11T17:30:47.480+0000] {dagbag.py:537} INFO - Filling up the DagBag from /home/airflow/.local/lib/python3.7/site-packages/airflow/example_dags/tutorial_taskflow_api.py
[2023-11-11T17:30:47.709+0000] {processor.py:766} INFO - DAG(s) dict_keys(['tutorial_taskflow_api']) retrieved from /home/airflow/.local/lib/python3.7/site-packages/airflow/example_dags/tutorial_taskflow_api.py
[2023-11-11T17:30:48.140+0000] {logging_mixin.py:120} INFO - [2023-11-11T17:30:48.138+0000] {dag.py:2585} INFO - Sync 1 DAGs
[2023-11-11T17:30:48.350+0000] {logging_mixin.py:120} INFO - [2023-11-11T17:30:48.350+0000] {dag.py:3340} INFO - Setting next_dagrun for tutorial_taskflow_api to None, run_after=None
[2023-11-11T17:30:48.521+0000] {processor.py:176} INFO - Processing /home/airflow/.local/lib/python3.7/site-packages/airflow/example_dags/tutorial_taskflow_api.py took 1.066 seconds
[2023-11-11T17:31:18.927+0000] {processor.py:154} INFO - Started process (PID=243) to work on /home/airflow/.local/lib/python3.7/site-packages/airflow/example_dags/tutorial_taskflow_api.py
[2023-11-11T17:31:18.929+0000] {processor.py:756} INFO - Processing file /home/airflow/.local/lib/python3.7/site-packages/airflow/example_dags/tutorial_taskflow_api.py for tasks to queue
[2023-11-11T17:31:18.932+0000] {logging_mixin.py:120} INFO - [2023-11-11T17:31:18.931+0000] {dagbag.py:537} INFO - Filling up the DagBag from /home/airflow/.local/lib/python3.7/site-packages/airflow/example_dags/tutorial_taskflow_api.py
[2023-11-11T17:31:18.987+0000] {processor.py:766} INFO - DAG(s) dict_keys(['tutorial_taskflow_api']) retrieved from /home/airflow/.local/lib/python3.7/site-packages/airflow/example_dags/tutorial_taskflow_api.py
[2023-11-11T17:31:19.093+0000] {logging_mixin.py:120} INFO - [2023-11-11T17:31:19.093+0000] {dag.py:2585} INFO - Sync 1 DAGs
[2023-11-11T17:31:19.172+0000] {logging_mixin.py:120} INFO - [2023-11-11T17:31:19.171+0000] {dag.py:3340} INFO - Setting next_dagrun for tutorial_taskflow_api to None, run_after=None
[2023-11-11T17:31:19.243+0000] {processor.py:176} INFO - Processing /home/airflow/.local/lib/python3.7/site-packages/airflow/example_dags/tutorial_taskflow_api.py took 0.322 seconds
[2023-11-11T17:31:49.499+0000] {processor.py:154} INFO - Started process (PID=306) to work on /home/airflow/.local/lib/python3.7/site-packages/airflow/example_dags/tutorial_taskflow_api.py
[2023-11-11T17:31:49.500+0000] {processor.py:756} INFO - Processing file /home/airflow/.local/lib/python3.7/site-packages/airflow/example_dags/tutorial_taskflow_api.py for tasks to queue
[2023-11-11T17:31:49.501+0000] {logging_mixin.py:120} INFO - [2023-11-11T17:31:49.501+0000] {dagbag.py:537} INFO - Filling up the DagBag from /home/airflow/.local/lib/python3.7/site-packages/airflow/example_dags/tutorial_taskflow_api.py
[2023-11-11T17:31:49.534+0000] {processor.py:766} INFO - DAG(s) dict_keys(['tutorial_taskflow_api']) retrieved from /home/airflow/.local/lib/python3.7/site-packages/airflow/example_dags/tutorial_taskflow_api.py
[2023-11-11T17:31:49.611+0000] {logging_mixin.py:120} INFO - [2023-11-11T17:31:49.611+0000] {dag.py:2585} INFO - Sync 1 DAGs
[2023-11-11T17:31:49.649+0000] {logging_mixin.py:120} INFO - [2023-11-11T17:31:49.649+0000] {dag.py:3340} INFO - Setting next_dagrun for tutorial_taskflow_api to None, run_after=None
[2023-11-11T17:31:49.683+0000] {processor.py:176} INFO - Processing /home/airflow/.local/lib/python3.7/site-packages/airflow/example_dags/tutorial_taskflow_api.py took 0.191 seconds
[2023-11-11T17:32:19.828+0000] {processor.py:154} INFO - Started process (PID=360) to work on /home/airflow/.local/lib/python3.7/site-packages/airflow/example_dags/tutorial_taskflow_api.py
[2023-11-11T17:32:19.829+0000] {processor.py:756} INFO - Processing file /home/airflow/.local/lib/python3.7/site-packages/airflow/example_dags/tutorial_taskflow_api.py for tasks to queue
[2023-11-11T17:32:19.830+0000] {logging_mixin.py:120} INFO - [2023-11-11T17:32:19.830+0000] {dagbag.py:537} INFO - Filling up the DagBag from /home/airflow/.local/lib/python3.7/site-packages/airflow/example_dags/tutorial_taskflow_api.py
[2023-11-11T17:32:19.882+0000] {processor.py:766} INFO - DAG(s) dict_keys(['tutorial_taskflow_api']) retrieved from /home/airflow/.local/lib/python3.7/site-packages/airflow/example_dags/tutorial_taskflow_api.py
[2023-11-11T17:32:19.983+0000] {logging_mixin.py:120} INFO - [2023-11-11T17:32:19.983+0000] {dag.py:2585} INFO - Sync 1 DAGs
[2023-11-11T17:32:20.048+0000] {logging_mixin.py:120} INFO - [2023-11-11T17:32:20.048+0000] {dag.py:3340} INFO - Setting next_dagrun for tutorial_taskflow_api to None, run_after=None
[2023-11-11T17:32:20.097+0000] {processor.py:176} INFO - Processing /home/airflow/.local/lib/python3.7/site-packages/airflow/example_dags/tutorial_taskflow_api.py took 0.275 seconds
[2023-11-11T17:32:50.927+0000] {processor.py:154} INFO - Started process (PID=414) to work on /home/airflow/.local/lib/python3.7/site-packages/airflow/example_dags/tutorial_taskflow_api.py
[2023-11-11T17:32:50.928+0000] {processor.py:756} INFO - Processing file /home/airflow/.local/lib/python3.7/site-packages/airflow/example_dags/tutorial_taskflow_api.py for tasks to queue
[2023-11-11T17:32:50.930+0000] {logging_mixin.py:120} INFO - [2023-11-11T17:32:50.930+0000] {dagbag.py:537} INFO - Filling up the DagBag from /home/airflow/.local/lib/python3.7/site-packages/airflow/example_dags/tutorial_taskflow_api.py
[2023-11-11T17:32:50.987+0000] {processor.py:766} INFO - DAG(s) dict_keys(['tutorial_taskflow_api']) retrieved from /home/airflow/.local/lib/python3.7/site-packages/airflow/example_dags/tutorial_taskflow_api.py
[2023-11-11T17:32:51.211+0000] {logging_mixin.py:120} INFO - [2023-11-11T17:32:51.210+0000] {dag.py:2585} INFO - Sync 1 DAGs
[2023-11-11T17:32:51.260+0000] {logging_mixin.py:120} INFO - [2023-11-11T17:32:51.259+0000] {dag.py:3340} INFO - Setting next_dagrun for tutorial_taskflow_api to None, run_after=None
[2023-11-11T17:32:51.295+0000] {processor.py:176} INFO - Processing /home/airflow/.local/lib/python3.7/site-packages/airflow/example_dags/tutorial_taskflow_api.py took 0.378 seconds
[2023-11-11T17:33:21.829+0000] {processor.py:154} INFO - Started process (PID=477) to work on /home/airflow/.local/lib/python3.7/site-packages/airflow/example_dags/tutorial_taskflow_api.py
[2023-11-11T17:33:21.830+0000] {processor.py:756} INFO - Processing file /home/airflow/.local/lib/python3.7/site-packages/airflow/example_dags/tutorial_taskflow_api.py for tasks to queue
[2023-11-11T17:33:21.832+0000] {logging_mixin.py:120} INFO - [2023-11-11T17:33:21.831+0000] {dagbag.py:537} INFO - Filling up the DagBag from /home/airflow/.local/lib/python3.7/site-packages/airflow/example_dags/tutorial_taskflow_api.py
[2023-11-11T17:33:21.870+0000] {processor.py:766} INFO - DAG(s) dict_keys(['tutorial_taskflow_api']) retrieved from /home/airflow/.local/lib/python3.7/site-packages/airflow/example_dags/tutorial_taskflow_api.py
[2023-11-11T17:33:21.939+0000] {logging_mixin.py:120} INFO - [2023-11-11T17:33:21.939+0000] {dag.py:2585} INFO - Sync 1 DAGs
[2023-11-11T17:33:21.986+0000] {logging_mixin.py:120} INFO - [2023-11-11T17:33:21.986+0000] {dag.py:3340} INFO - Setting next_dagrun for tutorial_taskflow_api to None, run_after=None
[2023-11-11T17:33:22.020+0000] {processor.py:176} INFO - Processing /home/airflow/.local/lib/python3.7/site-packages/airflow/example_dags/tutorial_taskflow_api.py took 0.198 seconds
[2023-11-11T17:33:52.293+0000] {processor.py:154} INFO - Started process (PID=533) to work on /home/airflow/.local/lib/python3.7/site-packages/airflow/example_dags/tutorial_taskflow_api.py
[2023-11-11T17:33:52.295+0000] {processor.py:756} INFO - Processing file /home/airflow/.local/lib/python3.7/site-packages/airflow/example_dags/tutorial_taskflow_api.py for tasks to queue
[2023-11-11T17:33:52.297+0000] {logging_mixin.py:120} INFO - [2023-11-11T17:33:52.297+0000] {dagbag.py:537} INFO - Filling up the DagBag from /home/airflow/.local/lib/python3.7/site-packages/airflow/example_dags/tutorial_taskflow_api.py
[2023-11-11T17:33:52.326+0000] {processor.py:766} INFO - DAG(s) dict_keys(['tutorial_taskflow_api']) retrieved from /home/airflow/.local/lib/python3.7/site-packages/airflow/example_dags/tutorial_taskflow_api.py
[2023-11-11T17:33:52.381+0000] {logging_mixin.py:120} INFO - [2023-11-11T17:33:52.381+0000] {dag.py:2585} INFO - Sync 1 DAGs
[2023-11-11T17:33:52.415+0000] {logging_mixin.py:120} INFO - [2023-11-11T17:33:52.415+0000] {dag.py:3340} INFO - Setting next_dagrun for tutorial_taskflow_api to None, run_after=None
[2023-11-11T17:33:52.441+0000] {processor.py:176} INFO - Processing /home/airflow/.local/lib/python3.7/site-packages/airflow/example_dags/tutorial_taskflow_api.py took 0.151 seconds
[2023-11-11T17:34:23.298+0000] {processor.py:154} INFO - Started process (PID=596) to work on /home/airflow/.local/lib/python3.7/site-packages/airflow/example_dags/tutorial_taskflow_api.py
[2023-11-11T17:34:23.305+0000] {processor.py:756} INFO - Processing file /home/airflow/.local/lib/python3.7/site-packages/airflow/example_dags/tutorial_taskflow_api.py for tasks to queue
[2023-11-11T17:34:23.306+0000] {logging_mixin.py:120} INFO - [2023-11-11T17:34:23.306+0000] {dagbag.py:537} INFO - Filling up the DagBag from /home/airflow/.local/lib/python3.7/site-packages/airflow/example_dags/tutorial_taskflow_api.py
[2023-11-11T17:34:23.361+0000] {processor.py:766} INFO - DAG(s) dict_keys(['tutorial_taskflow_api']) retrieved from /home/airflow/.local/lib/python3.7/site-packages/airflow/example_dags/tutorial_taskflow_api.py
[2023-11-11T17:34:23.446+0000] {logging_mixin.py:120} INFO - [2023-11-11T17:34:23.445+0000] {dag.py:2585} INFO - Sync 1 DAGs
[2023-11-11T17:34:23.505+0000] {logging_mixin.py:120} INFO - [2023-11-11T17:34:23.504+0000] {dag.py:3340} INFO - Setting next_dagrun for tutorial_taskflow_api to None, run_after=None
[2023-11-11T17:34:23.561+0000] {processor.py:176} INFO - Processing /home/airflow/.local/lib/python3.7/site-packages/airflow/example_dags/tutorial_taskflow_api.py took 0.270 seconds
[2023-11-11T17:34:54.250+0000] {processor.py:154} INFO - Started process (PID=651) to work on /home/airflow/.local/lib/python3.7/site-packages/airflow/example_dags/tutorial_taskflow_api.py
[2023-11-11T17:34:54.251+0000] {processor.py:756} INFO - Processing file /home/airflow/.local/lib/python3.7/site-packages/airflow/example_dags/tutorial_taskflow_api.py for tasks to queue
[2023-11-11T17:34:54.252+0000] {logging_mixin.py:120} INFO - [2023-11-11T17:34:54.251+0000] {dagbag.py:537} INFO - Filling up the DagBag from /home/airflow/.local/lib/python3.7/site-packages/airflow/example_dags/tutorial_taskflow_api.py
[2023-11-11T17:34:54.294+0000] {processor.py:766} INFO - DAG(s) dict_keys(['tutorial_taskflow_api']) retrieved from /home/airflow/.local/lib/python3.7/site-packages/airflow/example_dags/tutorial_taskflow_api.py
[2023-11-11T17:34:54.361+0000] {logging_mixin.py:120} INFO - [2023-11-11T17:34:54.361+0000] {dag.py:2585} INFO - Sync 1 DAGs
[2023-11-11T17:34:54.399+0000] {logging_mixin.py:120} INFO - [2023-11-11T17:34:54.399+0000] {dag.py:3340} INFO - Setting next_dagrun for tutorial_taskflow_api to None, run_after=None
[2023-11-11T17:34:54.428+0000] {processor.py:176} INFO - Processing /home/airflow/.local/lib/python3.7/site-packages/airflow/example_dags/tutorial_taskflow_api.py took 0.184 seconds
[2023-11-11T17:35:24.893+0000] {processor.py:154} INFO - Started process (PID=705) to work on /home/airflow/.local/lib/python3.7/site-packages/airflow/example_dags/tutorial_taskflow_api.py
[2023-11-11T17:35:24.900+0000] {processor.py:756} INFO - Processing file /home/airflow/.local/lib/python3.7/site-packages/airflow/example_dags/tutorial_taskflow_api.py for tasks to queue
[2023-11-11T17:35:24.903+0000] {logging_mixin.py:120} INFO - [2023-11-11T17:35:24.902+0000] {dagbag.py:537} INFO - Filling up the DagBag from /home/airflow/.local/lib/python3.7/site-packages/airflow/example_dags/tutorial_taskflow_api.py
[2023-11-11T17:35:24.942+0000] {processor.py:766} INFO - DAG(s) dict_keys(['tutorial_taskflow_api']) retrieved from /home/airflow/.local/lib/python3.7/site-packages/airflow/example_dags/tutorial_taskflow_api.py
[2023-11-11T17:35:25.029+0000] {logging_mixin.py:120} INFO - [2023-11-11T17:35:25.028+0000] {dag.py:2585} INFO - Sync 1 DAGs
[2023-11-11T17:35:25.080+0000] {logging_mixin.py:120} INFO - [2023-11-11T17:35:25.080+0000] {dag.py:3340} INFO - Setting next_dagrun for tutorial_taskflow_api to None, run_after=None
[2023-11-11T17:35:25.117+0000] {processor.py:176} INFO - Processing /home/airflow/.local/lib/python3.7/site-packages/airflow/example_dags/tutorial_taskflow_api.py took 0.229 seconds
[2023-11-11T17:35:56.132+0000] {processor.py:154} INFO - Started process (PID=768) to work on /home/airflow/.local/lib/python3.7/site-packages/airflow/example_dags/tutorial_taskflow_api.py
[2023-11-11T17:35:56.135+0000] {processor.py:756} INFO - Processing file /home/airflow/.local/lib/python3.7/site-packages/airflow/example_dags/tutorial_taskflow_api.py for tasks to queue
[2023-11-11T17:35:56.137+0000] {logging_mixin.py:120} INFO - [2023-11-11T17:35:56.136+0000] {dagbag.py:537} INFO - Filling up the DagBag from /home/airflow/.local/lib/python3.7/site-packages/airflow/example_dags/tutorial_taskflow_api.py
[2023-11-11T17:35:56.197+0000] {processor.py:766} INFO - DAG(s) dict_keys(['tutorial_taskflow_api']) retrieved from /home/airflow/.local/lib/python3.7/site-packages/airflow/example_dags/tutorial_taskflow_api.py
[2023-11-11T17:35:56.301+0000] {logging_mixin.py:120} INFO - [2023-11-11T17:35:56.300+0000] {dag.py:2585} INFO - Sync 1 DAGs
[2023-11-11T17:35:56.378+0000] {logging_mixin.py:120} INFO - [2023-11-11T17:35:56.378+0000] {dag.py:3340} INFO - Setting next_dagrun for tutorial_taskflow_api to None, run_after=None
[2023-11-11T17:35:56.434+0000] {processor.py:176} INFO - Processing /home/airflow/.local/lib/python3.7/site-packages/airflow/example_dags/tutorial_taskflow_api.py took 0.309 seconds
[2023-11-11T17:36:26.665+0000] {processor.py:154} INFO - Started process (PID=822) to work on /home/airflow/.local/lib/python3.7/site-packages/airflow/example_dags/tutorial_taskflow_api.py
[2023-11-11T17:36:26.671+0000] {processor.py:756} INFO - Processing file /home/airflow/.local/lib/python3.7/site-packages/airflow/example_dags/tutorial_taskflow_api.py for tasks to queue
[2023-11-11T17:36:26.674+0000] {logging_mixin.py:120} INFO - [2023-11-11T17:36:26.674+0000] {dagbag.py:537} INFO - Filling up the DagBag from /home/airflow/.local/lib/python3.7/site-packages/airflow/example_dags/tutorial_taskflow_api.py
[2023-11-11T17:36:26.764+0000] {processor.py:766} INFO - DAG(s) dict_keys(['tutorial_taskflow_api']) retrieved from /home/airflow/.local/lib/python3.7/site-packages/airflow/example_dags/tutorial_taskflow_api.py
[2023-11-11T17:36:26.909+0000] {logging_mixin.py:120} INFO - [2023-11-11T17:36:26.909+0000] {dag.py:2585} INFO - Sync 1 DAGs
[2023-11-11T17:36:26.979+0000] {logging_mixin.py:120} INFO - [2023-11-11T17:36:26.979+0000] {dag.py:3340} INFO - Setting next_dagrun for tutorial_taskflow_api to None, run_after=None
[2023-11-11T17:36:27.030+0000] {processor.py:176} INFO - Processing /home/airflow/.local/lib/python3.7/site-packages/airflow/example_dags/tutorial_taskflow_api.py took 0.377 seconds
[2023-11-11T17:36:57.316+0000] {processor.py:154} INFO - Started process (PID=885) to work on /home/airflow/.local/lib/python3.7/site-packages/airflow/example_dags/tutorial_taskflow_api.py
[2023-11-11T17:36:57.318+0000] {processor.py:756} INFO - Processing file /home/airflow/.local/lib/python3.7/site-packages/airflow/example_dags/tutorial_taskflow_api.py for tasks to queue
[2023-11-11T17:36:57.319+0000] {logging_mixin.py:120} INFO - [2023-11-11T17:36:57.319+0000] {dagbag.py:537} INFO - Filling up the DagBag from /home/airflow/.local/lib/python3.7/site-packages/airflow/example_dags/tutorial_taskflow_api.py
[2023-11-11T17:36:57.392+0000] {processor.py:766} INFO - DAG(s) dict_keys(['tutorial_taskflow_api']) retrieved from /home/airflow/.local/lib/python3.7/site-packages/airflow/example_dags/tutorial_taskflow_api.py
[2023-11-11T17:36:57.519+0000] {logging_mixin.py:120} INFO - [2023-11-11T17:36:57.518+0000] {dag.py:2585} INFO - Sync 1 DAGs
[2023-11-11T17:36:57.590+0000] {logging_mixin.py:120} INFO - [2023-11-11T17:36:57.589+0000] {dag.py:3340} INFO - Setting next_dagrun for tutorial_taskflow_api to None, run_after=None
[2023-11-11T17:36:57.629+0000] {processor.py:176} INFO - Processing /home/airflow/.local/lib/python3.7/site-packages/airflow/example_dags/tutorial_taskflow_api.py took 0.330 seconds
[2023-11-11T17:37:27.853+0000] {processor.py:154} INFO - Started process (PID=939) to work on /home/airflow/.local/lib/python3.7/site-packages/airflow/example_dags/tutorial_taskflow_api.py
[2023-11-11T17:37:27.854+0000] {processor.py:756} INFO - Processing file /home/airflow/.local/lib/python3.7/site-packages/airflow/example_dags/tutorial_taskflow_api.py for tasks to queue
[2023-11-11T17:37:27.855+0000] {logging_mixin.py:120} INFO - [2023-11-11T17:37:27.855+0000] {dagbag.py:537} INFO - Filling up the DagBag from /home/airflow/.local/lib/python3.7/site-packages/airflow/example_dags/tutorial_taskflow_api.py
[2023-11-11T17:37:27.905+0000] {processor.py:766} INFO - DAG(s) dict_keys(['tutorial_taskflow_api']) retrieved from /home/airflow/.local/lib/python3.7/site-packages/airflow/example_dags/tutorial_taskflow_api.py
[2023-11-11T17:37:27.981+0000] {logging_mixin.py:120} INFO - [2023-11-11T17:37:27.981+0000] {dag.py:2585} INFO - Sync 1 DAGs
[2023-11-11T17:37:28.023+0000] {logging_mixin.py:120} INFO - [2023-11-11T17:37:28.023+0000] {dag.py:3340} INFO - Setting next_dagrun for tutorial_taskflow_api to None, run_after=None
[2023-11-11T17:37:28.055+0000] {processor.py:176} INFO - Processing /home/airflow/.local/lib/python3.7/site-packages/airflow/example_dags/tutorial_taskflow_api.py took 0.207 seconds
[2023-11-11T17:37:58.109+0000] {processor.py:154} INFO - Started process (PID=1002) to work on /home/airflow/.local/lib/python3.7/site-packages/airflow/example_dags/tutorial_taskflow_api.py
[2023-11-11T17:37:58.110+0000] {processor.py:756} INFO - Processing file /home/airflow/.local/lib/python3.7/site-packages/airflow/example_dags/tutorial_taskflow_api.py for tasks to queue
[2023-11-11T17:37:58.110+0000] {logging_mixin.py:120} INFO - [2023-11-11T17:37:58.110+0000] {dagbag.py:537} INFO - Filling up the DagBag from /home/airflow/.local/lib/python3.7/site-packages/airflow/example_dags/tutorial_taskflow_api.py
[2023-11-11T17:37:58.143+0000] {processor.py:766} INFO - DAG(s) dict_keys(['tutorial_taskflow_api']) retrieved from /home/airflow/.local/lib/python3.7/site-packages/airflow/example_dags/tutorial_taskflow_api.py
[2023-11-11T17:37:58.222+0000] {logging_mixin.py:120} INFO - [2023-11-11T17:37:58.221+0000] {dag.py:2585} INFO - Sync 1 DAGs
[2023-11-11T17:37:58.272+0000] {logging_mixin.py:120} INFO - [2023-11-11T17:37:58.272+0000] {dag.py:3340} INFO - Setting next_dagrun for tutorial_taskflow_api to None, run_after=None
[2023-11-11T17:37:58.328+0000] {processor.py:176} INFO - Processing /home/airflow/.local/lib/python3.7/site-packages/airflow/example_dags/tutorial_taskflow_api.py took 0.224 seconds
[2023-11-11T17:38:28.549+0000] {processor.py:154} INFO - Started process (PID=1056) to work on /home/airflow/.local/lib/python3.7/site-packages/airflow/example_dags/tutorial_taskflow_api.py
[2023-11-11T17:38:28.551+0000] {processor.py:756} INFO - Processing file /home/airflow/.local/lib/python3.7/site-packages/airflow/example_dags/tutorial_taskflow_api.py for tasks to queue
[2023-11-11T17:38:28.554+0000] {logging_mixin.py:120} INFO - [2023-11-11T17:38:28.554+0000] {dagbag.py:537} INFO - Filling up the DagBag from /home/airflow/.local/lib/python3.7/site-packages/airflow/example_dags/tutorial_taskflow_api.py
[2023-11-11T17:38:28.597+0000] {processor.py:766} INFO - DAG(s) dict_keys(['tutorial_taskflow_api']) retrieved from /home/airflow/.local/lib/python3.7/site-packages/airflow/example_dags/tutorial_taskflow_api.py
[2023-11-11T17:38:28.674+0000] {logging_mixin.py:120} INFO - [2023-11-11T17:38:28.674+0000] {dag.py:2585} INFO - Sync 1 DAGs
[2023-11-11T17:38:28.728+0000] {logging_mixin.py:120} INFO - [2023-11-11T17:38:28.727+0000] {dag.py:3340} INFO - Setting next_dagrun for tutorial_taskflow_api to None, run_after=None
[2023-11-11T17:38:28.772+0000] {processor.py:176} INFO - Processing /home/airflow/.local/lib/python3.7/site-packages/airflow/example_dags/tutorial_taskflow_api.py took 0.228 seconds
[2023-11-11T17:38:58.960+0000] {processor.py:154} INFO - Started process (PID=1120) to work on /home/airflow/.local/lib/python3.7/site-packages/airflow/example_dags/tutorial_taskflow_api.py
[2023-11-11T17:38:58.962+0000] {processor.py:756} INFO - Processing file /home/airflow/.local/lib/python3.7/site-packages/airflow/example_dags/tutorial_taskflow_api.py for tasks to queue
[2023-11-11T17:38:58.962+0000] {logging_mixin.py:120} INFO - [2023-11-11T17:38:58.962+0000] {dagbag.py:537} INFO - Filling up the DagBag from /home/airflow/.local/lib/python3.7/site-packages/airflow/example_dags/tutorial_taskflow_api.py
[2023-11-11T17:38:58.991+0000] {processor.py:766} INFO - DAG(s) dict_keys(['tutorial_taskflow_api']) retrieved from /home/airflow/.local/lib/python3.7/site-packages/airflow/example_dags/tutorial_taskflow_api.py
[2023-11-11T17:38:59.045+0000] {logging_mixin.py:120} INFO - [2023-11-11T17:38:59.044+0000] {dag.py:2585} INFO - Sync 1 DAGs
[2023-11-11T17:38:59.083+0000] {logging_mixin.py:120} INFO - [2023-11-11T17:38:59.083+0000] {dag.py:3340} INFO - Setting next_dagrun for tutorial_taskflow_api to None, run_after=None
[2023-11-11T17:38:59.109+0000] {processor.py:176} INFO - Processing /home/airflow/.local/lib/python3.7/site-packages/airflow/example_dags/tutorial_taskflow_api.py took 0.154 seconds
[2023-11-11T17:39:29.323+0000] {processor.py:154} INFO - Started process (PID=1172) to work on /home/airflow/.local/lib/python3.7/site-packages/airflow/example_dags/tutorial_taskflow_api.py
[2023-11-11T17:39:29.326+0000] {processor.py:756} INFO - Processing file /home/airflow/.local/lib/python3.7/site-packages/airflow/example_dags/tutorial_taskflow_api.py for tasks to queue
[2023-11-11T17:39:29.328+0000] {logging_mixin.py:120} INFO - [2023-11-11T17:39:29.328+0000] {dagbag.py:537} INFO - Filling up the DagBag from /home/airflow/.local/lib/python3.7/site-packages/airflow/example_dags/tutorial_taskflow_api.py
[2023-11-11T17:39:29.384+0000] {processor.py:766} INFO - DAG(s) dict_keys(['tutorial_taskflow_api']) retrieved from /home/airflow/.local/lib/python3.7/site-packages/airflow/example_dags/tutorial_taskflow_api.py
[2023-11-11T17:39:29.492+0000] {logging_mixin.py:120} INFO - [2023-11-11T17:39:29.491+0000] {dag.py:2585} INFO - Sync 1 DAGs
[2023-11-11T17:39:29.573+0000] {logging_mixin.py:120} INFO - [2023-11-11T17:39:29.567+0000] {dag.py:3340} INFO - Setting next_dagrun for tutorial_taskflow_api to None, run_after=None
[2023-11-11T17:39:29.669+0000] {processor.py:176} INFO - Processing /home/airflow/.local/lib/python3.7/site-packages/airflow/example_dags/tutorial_taskflow_api.py took 0.357 seconds
