[2023-11-11T17:02:05.279+0000] {processor.py:154} INFO - Started process (PID=70) to work on /home/airflow/.local/lib/python3.7/site-packages/airflow/example_dags/tutorial_dag.py
[2023-11-11T17:02:05.283+0000] {processor.py:756} INFO - Processing file /home/airflow/.local/lib/python3.7/site-packages/airflow/example_dags/tutorial_dag.py for tasks to queue
[2023-11-11T17:02:05.284+0000] {logging_mixin.py:120} INFO - [2023-11-11T17:02:05.284+0000] {dagbag.py:537} INFO - Filling up the DagBag from /home/airflow/.local/lib/python3.7/site-packages/airflow/example_dags/tutorial_dag.py
[2023-11-11T17:02:05.329+0000] {processor.py:766} INFO - DAG(s) dict_keys(['tutorial_dag']) retrieved from /home/airflow/.local/lib/python3.7/site-packages/airflow/example_dags/tutorial_dag.py
[2023-11-11T17:02:05.458+0000] {logging_mixin.py:120} INFO - [2023-11-11T17:02:05.458+0000] {dag.py:2585} INFO - Sync 1 DAGs
[2023-11-11T17:02:05.527+0000] {logging_mixin.py:120} INFO - [2023-11-11T17:02:05.527+0000] {dag.py:3340} INFO - Setting next_dagrun for tutorial_dag to None, run_after=None
[2023-11-11T17:02:05.610+0000] {processor.py:176} INFO - Processing /home/airflow/.local/lib/python3.7/site-packages/airflow/example_dags/tutorial_dag.py took 0.338 seconds
[2023-11-11T17:02:37.615+0000] {processor.py:154} INFO - Started process (PID=124) to work on /home/airflow/.local/lib/python3.7/site-packages/airflow/example_dags/tutorial_dag.py
[2023-11-11T17:02:37.616+0000] {processor.py:756} INFO - Processing file /home/airflow/.local/lib/python3.7/site-packages/airflow/example_dags/tutorial_dag.py for tasks to queue
[2023-11-11T17:02:37.617+0000] {logging_mixin.py:120} INFO - [2023-11-11T17:02:37.617+0000] {dagbag.py:537} INFO - Filling up the DagBag from /home/airflow/.local/lib/python3.7/site-packages/airflow/example_dags/tutorial_dag.py
[2023-11-11T17:02:37.665+0000] {processor.py:766} INFO - DAG(s) dict_keys(['tutorial_dag']) retrieved from /home/airflow/.local/lib/python3.7/site-packages/airflow/example_dags/tutorial_dag.py
[2023-11-11T17:02:37.751+0000] {logging_mixin.py:120} INFO - [2023-11-11T17:02:37.750+0000] {dag.py:2585} INFO - Sync 1 DAGs
[2023-11-11T17:02:37.806+0000] {logging_mixin.py:120} INFO - [2023-11-11T17:02:37.806+0000] {dag.py:3340} INFO - Setting next_dagrun for tutorial_dag to None, run_after=None
[2023-11-11T17:02:37.841+0000] {processor.py:176} INFO - Processing /home/airflow/.local/lib/python3.7/site-packages/airflow/example_dags/tutorial_dag.py took 0.235 seconds
[2023-11-11T17:03:09.549+0000] {processor.py:154} INFO - Started process (PID=179) to work on /home/airflow/.local/lib/python3.7/site-packages/airflow/example_dags/tutorial_dag.py
[2023-11-11T17:03:09.553+0000] {processor.py:756} INFO - Processing file /home/airflow/.local/lib/python3.7/site-packages/airflow/example_dags/tutorial_dag.py for tasks to queue
[2023-11-11T17:03:09.556+0000] {logging_mixin.py:120} INFO - [2023-11-11T17:03:09.556+0000] {dagbag.py:537} INFO - Filling up the DagBag from /home/airflow/.local/lib/python3.7/site-packages/airflow/example_dags/tutorial_dag.py
[2023-11-11T17:03:09.600+0000] {processor.py:766} INFO - DAG(s) dict_keys(['tutorial_dag']) retrieved from /home/airflow/.local/lib/python3.7/site-packages/airflow/example_dags/tutorial_dag.py
[2023-11-11T17:03:09.784+0000] {logging_mixin.py:120} INFO - [2023-11-11T17:03:09.784+0000] {dag.py:2585} INFO - Sync 1 DAGs
[2023-11-11T17:03:09.918+0000] {logging_mixin.py:120} INFO - [2023-11-11T17:03:09.917+0000] {dag.py:3340} INFO - Setting next_dagrun for tutorial_dag to None, run_after=None
[2023-11-11T17:03:10.024+0000] {processor.py:176} INFO - Processing /home/airflow/.local/lib/python3.7/site-packages/airflow/example_dags/tutorial_dag.py took 0.485 seconds
[2023-11-11T17:03:40.786+0000] {processor.py:154} INFO - Started process (PID=233) to work on /home/airflow/.local/lib/python3.7/site-packages/airflow/example_dags/tutorial_dag.py
[2023-11-11T17:03:40.789+0000] {processor.py:756} INFO - Processing file /home/airflow/.local/lib/python3.7/site-packages/airflow/example_dags/tutorial_dag.py for tasks to queue
[2023-11-11T17:03:40.789+0000] {logging_mixin.py:120} INFO - [2023-11-11T17:03:40.789+0000] {dagbag.py:537} INFO - Filling up the DagBag from /home/airflow/.local/lib/python3.7/site-packages/airflow/example_dags/tutorial_dag.py
[2023-11-11T17:03:40.814+0000] {processor.py:766} INFO - DAG(s) dict_keys(['tutorial_dag']) retrieved from /home/airflow/.local/lib/python3.7/site-packages/airflow/example_dags/tutorial_dag.py
[2023-11-11T17:03:40.988+0000] {logging_mixin.py:120} INFO - [2023-11-11T17:03:40.988+0000] {dag.py:2585} INFO - Sync 1 DAGs
[2023-11-11T17:03:41.044+0000] {logging_mixin.py:120} INFO - [2023-11-11T17:03:41.044+0000] {dag.py:3340} INFO - Setting next_dagrun for tutorial_dag to None, run_after=None
[2023-11-11T17:03:41.100+0000] {processor.py:176} INFO - Processing /home/airflow/.local/lib/python3.7/site-packages/airflow/example_dags/tutorial_dag.py took 0.319 seconds
[2023-11-11T17:04:11.229+0000] {processor.py:154} INFO - Started process (PID=297) to work on /home/airflow/.local/lib/python3.7/site-packages/airflow/example_dags/tutorial_dag.py
[2023-11-11T17:04:11.231+0000] {processor.py:756} INFO - Processing file /home/airflow/.local/lib/python3.7/site-packages/airflow/example_dags/tutorial_dag.py for tasks to queue
[2023-11-11T17:04:11.232+0000] {logging_mixin.py:120} INFO - [2023-11-11T17:04:11.232+0000] {dagbag.py:537} INFO - Filling up the DagBag from /home/airflow/.local/lib/python3.7/site-packages/airflow/example_dags/tutorial_dag.py
[2023-11-11T17:04:11.250+0000] {processor.py:766} INFO - DAG(s) dict_keys(['tutorial_dag']) retrieved from /home/airflow/.local/lib/python3.7/site-packages/airflow/example_dags/tutorial_dag.py
[2023-11-11T17:04:11.302+0000] {logging_mixin.py:120} INFO - [2023-11-11T17:04:11.302+0000] {dag.py:2585} INFO - Sync 1 DAGs
[2023-11-11T17:04:11.342+0000] {logging_mixin.py:120} INFO - [2023-11-11T17:04:11.342+0000] {dag.py:3340} INFO - Setting next_dagrun for tutorial_dag to None, run_after=None
[2023-11-11T17:04:11.371+0000] {processor.py:176} INFO - Processing /home/airflow/.local/lib/python3.7/site-packages/airflow/example_dags/tutorial_dag.py took 0.145 seconds
[2023-11-11T17:04:42.054+0000] {processor.py:154} INFO - Started process (PID=360) to work on /home/airflow/.local/lib/python3.7/site-packages/airflow/example_dags/tutorial_dag.py
[2023-11-11T17:04:42.055+0000] {processor.py:756} INFO - Processing file /home/airflow/.local/lib/python3.7/site-packages/airflow/example_dags/tutorial_dag.py for tasks to queue
[2023-11-11T17:04:42.056+0000] {logging_mixin.py:120} INFO - [2023-11-11T17:04:42.056+0000] {dagbag.py:537} INFO - Filling up the DagBag from /home/airflow/.local/lib/python3.7/site-packages/airflow/example_dags/tutorial_dag.py
[2023-11-11T17:04:42.081+0000] {processor.py:766} INFO - DAG(s) dict_keys(['tutorial_dag']) retrieved from /home/airflow/.local/lib/python3.7/site-packages/airflow/example_dags/tutorial_dag.py
[2023-11-11T17:04:42.164+0000] {logging_mixin.py:120} INFO - [2023-11-11T17:04:42.164+0000] {dag.py:2585} INFO - Sync 1 DAGs
[2023-11-11T17:04:42.213+0000] {logging_mixin.py:120} INFO - [2023-11-11T17:04:42.213+0000] {dag.py:3340} INFO - Setting next_dagrun for tutorial_dag to None, run_after=None
[2023-11-11T17:04:42.243+0000] {processor.py:176} INFO - Processing /home/airflow/.local/lib/python3.7/site-packages/airflow/example_dags/tutorial_dag.py took 0.195 seconds
[2023-11-11T17:05:12.617+0000] {processor.py:154} INFO - Started process (PID=414) to work on /home/airflow/.local/lib/python3.7/site-packages/airflow/example_dags/tutorial_dag.py
[2023-11-11T17:05:12.619+0000] {processor.py:756} INFO - Processing file /home/airflow/.local/lib/python3.7/site-packages/airflow/example_dags/tutorial_dag.py for tasks to queue
[2023-11-11T17:05:12.619+0000] {logging_mixin.py:120} INFO - [2023-11-11T17:05:12.619+0000] {dagbag.py:537} INFO - Filling up the DagBag from /home/airflow/.local/lib/python3.7/site-packages/airflow/example_dags/tutorial_dag.py
[2023-11-11T17:05:12.635+0000] {processor.py:766} INFO - DAG(s) dict_keys(['tutorial_dag']) retrieved from /home/airflow/.local/lib/python3.7/site-packages/airflow/example_dags/tutorial_dag.py
[2023-11-11T17:05:12.684+0000] {logging_mixin.py:120} INFO - [2023-11-11T17:05:12.684+0000] {dag.py:2585} INFO - Sync 1 DAGs
[2023-11-11T17:05:12.713+0000] {logging_mixin.py:120} INFO - [2023-11-11T17:05:12.713+0000] {dag.py:3340} INFO - Setting next_dagrun for tutorial_dag to None, run_after=None
[2023-11-11T17:05:12.737+0000] {processor.py:176} INFO - Processing /home/airflow/.local/lib/python3.7/site-packages/airflow/example_dags/tutorial_dag.py took 0.125 seconds
[2023-11-11T17:05:43.101+0000] {processor.py:154} INFO - Started process (PID=477) to work on /home/airflow/.local/lib/python3.7/site-packages/airflow/example_dags/tutorial_dag.py
[2023-11-11T17:05:43.102+0000] {processor.py:756} INFO - Processing file /home/airflow/.local/lib/python3.7/site-packages/airflow/example_dags/tutorial_dag.py for tasks to queue
[2023-11-11T17:05:43.103+0000] {logging_mixin.py:120} INFO - [2023-11-11T17:05:43.103+0000] {dagbag.py:537} INFO - Filling up the DagBag from /home/airflow/.local/lib/python3.7/site-packages/airflow/example_dags/tutorial_dag.py
[2023-11-11T17:05:43.118+0000] {processor.py:766} INFO - DAG(s) dict_keys(['tutorial_dag']) retrieved from /home/airflow/.local/lib/python3.7/site-packages/airflow/example_dags/tutorial_dag.py
[2023-11-11T17:05:43.178+0000] {logging_mixin.py:120} INFO - [2023-11-11T17:05:43.178+0000] {dag.py:2585} INFO - Sync 1 DAGs
[2023-11-11T17:05:43.207+0000] {logging_mixin.py:120} INFO - [2023-11-11T17:05:43.207+0000] {dag.py:3340} INFO - Setting next_dagrun for tutorial_dag to None, run_after=None
[2023-11-11T17:05:43.231+0000] {processor.py:176} INFO - Processing /home/airflow/.local/lib/python3.7/site-packages/airflow/example_dags/tutorial_dag.py took 0.136 seconds
[2023-11-11T17:06:13.496+0000] {processor.py:154} INFO - Started process (PID=531) to work on /home/airflow/.local/lib/python3.7/site-packages/airflow/example_dags/tutorial_dag.py
[2023-11-11T17:06:13.497+0000] {processor.py:756} INFO - Processing file /home/airflow/.local/lib/python3.7/site-packages/airflow/example_dags/tutorial_dag.py for tasks to queue
[2023-11-11T17:06:13.498+0000] {logging_mixin.py:120} INFO - [2023-11-11T17:06:13.498+0000] {dagbag.py:537} INFO - Filling up the DagBag from /home/airflow/.local/lib/python3.7/site-packages/airflow/example_dags/tutorial_dag.py
[2023-11-11T17:06:13.527+0000] {processor.py:766} INFO - DAG(s) dict_keys(['tutorial_dag']) retrieved from /home/airflow/.local/lib/python3.7/site-packages/airflow/example_dags/tutorial_dag.py
[2023-11-11T17:06:13.615+0000] {logging_mixin.py:120} INFO - [2023-11-11T17:06:13.615+0000] {dag.py:2585} INFO - Sync 1 DAGs
[2023-11-11T17:06:13.665+0000] {logging_mixin.py:120} INFO - [2023-11-11T17:06:13.665+0000] {dag.py:3340} INFO - Setting next_dagrun for tutorial_dag to None, run_after=None
[2023-11-11T17:06:13.698+0000] {processor.py:176} INFO - Processing /home/airflow/.local/lib/python3.7/site-packages/airflow/example_dags/tutorial_dag.py took 0.206 seconds
[2023-11-11T17:06:44.436+0000] {processor.py:154} INFO - Started process (PID=594) to work on /home/airflow/.local/lib/python3.7/site-packages/airflow/example_dags/tutorial_dag.py
[2023-11-11T17:06:44.437+0000] {processor.py:756} INFO - Processing file /home/airflow/.local/lib/python3.7/site-packages/airflow/example_dags/tutorial_dag.py for tasks to queue
[2023-11-11T17:06:44.439+0000] {logging_mixin.py:120} INFO - [2023-11-11T17:06:44.439+0000] {dagbag.py:537} INFO - Filling up the DagBag from /home/airflow/.local/lib/python3.7/site-packages/airflow/example_dags/tutorial_dag.py
[2023-11-11T17:06:44.458+0000] {processor.py:766} INFO - DAG(s) dict_keys(['tutorial_dag']) retrieved from /home/airflow/.local/lib/python3.7/site-packages/airflow/example_dags/tutorial_dag.py
[2023-11-11T17:06:44.515+0000] {logging_mixin.py:120} INFO - [2023-11-11T17:06:44.515+0000] {dag.py:2585} INFO - Sync 1 DAGs
[2023-11-11T17:06:44.551+0000] {logging_mixin.py:120} INFO - [2023-11-11T17:06:44.551+0000] {dag.py:3340} INFO - Setting next_dagrun for tutorial_dag to None, run_after=None
[2023-11-11T17:06:44.577+0000] {processor.py:176} INFO - Processing /home/airflow/.local/lib/python3.7/site-packages/airflow/example_dags/tutorial_dag.py took 0.144 seconds
[2023-11-11T17:07:14.943+0000] {processor.py:154} INFO - Started process (PID=648) to work on /home/airflow/.local/lib/python3.7/site-packages/airflow/example_dags/tutorial_dag.py
[2023-11-11T17:07:14.944+0000] {processor.py:756} INFO - Processing file /home/airflow/.local/lib/python3.7/site-packages/airflow/example_dags/tutorial_dag.py for tasks to queue
[2023-11-11T17:07:14.945+0000] {logging_mixin.py:120} INFO - [2023-11-11T17:07:14.945+0000] {dagbag.py:537} INFO - Filling up the DagBag from /home/airflow/.local/lib/python3.7/site-packages/airflow/example_dags/tutorial_dag.py
[2023-11-11T17:07:14.964+0000] {processor.py:766} INFO - DAG(s) dict_keys(['tutorial_dag']) retrieved from /home/airflow/.local/lib/python3.7/site-packages/airflow/example_dags/tutorial_dag.py
[2023-11-11T17:07:15.023+0000] {logging_mixin.py:120} INFO - [2023-11-11T17:07:15.023+0000] {dag.py:2585} INFO - Sync 1 DAGs
[2023-11-11T17:07:15.064+0000] {logging_mixin.py:120} INFO - [2023-11-11T17:07:15.064+0000] {dag.py:3340} INFO - Setting next_dagrun for tutorial_dag to None, run_after=None
[2023-11-11T17:07:15.113+0000] {processor.py:176} INFO - Processing /home/airflow/.local/lib/python3.7/site-packages/airflow/example_dags/tutorial_dag.py took 0.176 seconds
[2023-11-11T17:29:38.732+0000] {processor.py:154} INFO - Started process (PID=86) to work on /home/airflow/.local/lib/python3.7/site-packages/airflow/example_dags/tutorial_dag.py
[2023-11-11T17:29:38.767+0000] {processor.py:756} INFO - Processing file /home/airflow/.local/lib/python3.7/site-packages/airflow/example_dags/tutorial_dag.py for tasks to queue
[2023-11-11T17:29:38.769+0000] {logging_mixin.py:120} INFO - [2023-11-11T17:29:38.769+0000] {dagbag.py:537} INFO - Filling up the DagBag from /home/airflow/.local/lib/python3.7/site-packages/airflow/example_dags/tutorial_dag.py
[2023-11-11T17:29:39.138+0000] {processor.py:766} INFO - DAG(s) dict_keys(['tutorial_dag']) retrieved from /home/airflow/.local/lib/python3.7/site-packages/airflow/example_dags/tutorial_dag.py
[2023-11-11T17:29:40.994+0000] {logging_mixin.py:120} INFO - [2023-11-11T17:29:40.993+0000] {manager.py:507} INFO - Created Permission View: can read on DAG:tutorial_dag
[2023-11-11T17:29:41.109+0000] {logging_mixin.py:120} INFO - [2023-11-11T17:29:41.109+0000] {manager.py:507} INFO - Created Permission View: can delete on DAG:tutorial_dag
[2023-11-11T17:29:41.188+0000] {logging_mixin.py:120} INFO - [2023-11-11T17:29:41.187+0000] {manager.py:507} INFO - Created Permission View: can edit on DAG:tutorial_dag
[2023-11-11T17:29:41.203+0000] {logging_mixin.py:120} INFO - [2023-11-11T17:29:41.203+0000] {dag.py:2585} INFO - Sync 1 DAGs
[2023-11-11T17:29:41.457+0000] {logging_mixin.py:120} INFO - [2023-11-11T17:29:41.457+0000] {dag.py:2606} INFO - Creating ORM DAG for tutorial_dag
[2023-11-11T17:29:41.595+0000] {logging_mixin.py:120} INFO - [2023-11-11T17:29:41.595+0000] {dag.py:3340} INFO - Setting next_dagrun for tutorial_dag to None, run_after=None
[2023-11-11T17:29:41.718+0000] {processor.py:176} INFO - Processing /home/airflow/.local/lib/python3.7/site-packages/airflow/example_dags/tutorial_dag.py took 3.282 seconds
[2023-11-11T17:30:12.304+0000] {processor.py:154} INFO - Started process (PID=131) to work on /home/airflow/.local/lib/python3.7/site-packages/airflow/example_dags/tutorial_dag.py
[2023-11-11T17:30:12.311+0000] {processor.py:756} INFO - Processing file /home/airflow/.local/lib/python3.7/site-packages/airflow/example_dags/tutorial_dag.py for tasks to queue
[2023-11-11T17:30:12.319+0000] {logging_mixin.py:120} INFO - [2023-11-11T17:30:12.318+0000] {dagbag.py:537} INFO - Filling up the DagBag from /home/airflow/.local/lib/python3.7/site-packages/airflow/example_dags/tutorial_dag.py
[2023-11-11T17:30:12.407+0000] {processor.py:766} INFO - DAG(s) dict_keys(['tutorial_dag']) retrieved from /home/airflow/.local/lib/python3.7/site-packages/airflow/example_dags/tutorial_dag.py
[2023-11-11T17:30:12.664+0000] {logging_mixin.py:120} INFO - [2023-11-11T17:30:12.663+0000] {dag.py:2585} INFO - Sync 1 DAGs
[2023-11-11T17:30:12.782+0000] {logging_mixin.py:120} INFO - [2023-11-11T17:30:12.782+0000] {dag.py:3340} INFO - Setting next_dagrun for tutorial_dag to None, run_after=None
[2023-11-11T17:30:12.920+0000] {processor.py:176} INFO - Processing /home/airflow/.local/lib/python3.7/site-packages/airflow/example_dags/tutorial_dag.py took 0.635 seconds
[2023-11-11T17:30:44.838+0000] {processor.py:154} INFO - Started process (PID=185) to work on /home/airflow/.local/lib/python3.7/site-packages/airflow/example_dags/tutorial_dag.py
[2023-11-11T17:30:44.868+0000] {processor.py:756} INFO - Processing file /home/airflow/.local/lib/python3.7/site-packages/airflow/example_dags/tutorial_dag.py for tasks to queue
[2023-11-11T17:30:44.873+0000] {logging_mixin.py:120} INFO - [2023-11-11T17:30:44.872+0000] {dagbag.py:537} INFO - Filling up the DagBag from /home/airflow/.local/lib/python3.7/site-packages/airflow/example_dags/tutorial_dag.py
[2023-11-11T17:30:45.078+0000] {processor.py:766} INFO - DAG(s) dict_keys(['tutorial_dag']) retrieved from /home/airflow/.local/lib/python3.7/site-packages/airflow/example_dags/tutorial_dag.py
[2023-11-11T17:30:45.530+0000] {logging_mixin.py:120} INFO - [2023-11-11T17:30:45.530+0000] {dag.py:2585} INFO - Sync 1 DAGs
[2023-11-11T17:30:45.624+0000] {logging_mixin.py:120} INFO - [2023-11-11T17:30:45.623+0000] {dag.py:3340} INFO - Setting next_dagrun for tutorial_dag to None, run_after=None
[2023-11-11T17:30:45.714+0000] {processor.py:176} INFO - Processing /home/airflow/.local/lib/python3.7/site-packages/airflow/example_dags/tutorial_dag.py took 0.998 seconds
[2023-11-11T17:31:16.313+0000] {processor.py:154} INFO - Started process (PID=240) to work on /home/airflow/.local/lib/python3.7/site-packages/airflow/example_dags/tutorial_dag.py
[2023-11-11T17:31:16.315+0000] {processor.py:756} INFO - Processing file /home/airflow/.local/lib/python3.7/site-packages/airflow/example_dags/tutorial_dag.py for tasks to queue
[2023-11-11T17:31:16.316+0000] {logging_mixin.py:120} INFO - [2023-11-11T17:31:16.315+0000] {dagbag.py:537} INFO - Filling up the DagBag from /home/airflow/.local/lib/python3.7/site-packages/airflow/example_dags/tutorial_dag.py
[2023-11-11T17:31:16.348+0000] {processor.py:766} INFO - DAG(s) dict_keys(['tutorial_dag']) retrieved from /home/airflow/.local/lib/python3.7/site-packages/airflow/example_dags/tutorial_dag.py
[2023-11-11T17:31:16.456+0000] {logging_mixin.py:120} INFO - [2023-11-11T17:31:16.455+0000] {dag.py:2585} INFO - Sync 1 DAGs
[2023-11-11T17:31:16.515+0000] {logging_mixin.py:120} INFO - [2023-11-11T17:31:16.515+0000] {dag.py:3340} INFO - Setting next_dagrun for tutorial_dag to None, run_after=None
[2023-11-11T17:31:16.555+0000] {processor.py:176} INFO - Processing /home/airflow/.local/lib/python3.7/site-packages/airflow/example_dags/tutorial_dag.py took 0.249 seconds
[2023-11-11T17:31:46.734+0000] {processor.py:154} INFO - Started process (PID=303) to work on /home/airflow/.local/lib/python3.7/site-packages/airflow/example_dags/tutorial_dag.py
[2023-11-11T17:31:46.735+0000] {processor.py:756} INFO - Processing file /home/airflow/.local/lib/python3.7/site-packages/airflow/example_dags/tutorial_dag.py for tasks to queue
[2023-11-11T17:31:46.735+0000] {logging_mixin.py:120} INFO - [2023-11-11T17:31:46.735+0000] {dagbag.py:537} INFO - Filling up the DagBag from /home/airflow/.local/lib/python3.7/site-packages/airflow/example_dags/tutorial_dag.py
[2023-11-11T17:31:46.763+0000] {processor.py:766} INFO - DAG(s) dict_keys(['tutorial_dag']) retrieved from /home/airflow/.local/lib/python3.7/site-packages/airflow/example_dags/tutorial_dag.py
[2023-11-11T17:31:46.850+0000] {logging_mixin.py:120} INFO - [2023-11-11T17:31:46.850+0000] {dag.py:2585} INFO - Sync 1 DAGs
[2023-11-11T17:31:46.895+0000] {logging_mixin.py:120} INFO - [2023-11-11T17:31:46.895+0000] {dag.py:3340} INFO - Setting next_dagrun for tutorial_dag to None, run_after=None
[2023-11-11T17:31:46.933+0000] {processor.py:176} INFO - Processing /home/airflow/.local/lib/python3.7/site-packages/airflow/example_dags/tutorial_dag.py took 0.203 seconds
[2023-11-11T17:32:17.358+0000] {processor.py:154} INFO - Started process (PID=357) to work on /home/airflow/.local/lib/python3.7/site-packages/airflow/example_dags/tutorial_dag.py
[2023-11-11T17:32:17.360+0000] {processor.py:756} INFO - Processing file /home/airflow/.local/lib/python3.7/site-packages/airflow/example_dags/tutorial_dag.py for tasks to queue
[2023-11-11T17:32:17.361+0000] {logging_mixin.py:120} INFO - [2023-11-11T17:32:17.361+0000] {dagbag.py:537} INFO - Filling up the DagBag from /home/airflow/.local/lib/python3.7/site-packages/airflow/example_dags/tutorial_dag.py
[2023-11-11T17:32:17.386+0000] {processor.py:766} INFO - DAG(s) dict_keys(['tutorial_dag']) retrieved from /home/airflow/.local/lib/python3.7/site-packages/airflow/example_dags/tutorial_dag.py
[2023-11-11T17:32:17.466+0000] {logging_mixin.py:120} INFO - [2023-11-11T17:32:17.466+0000] {dag.py:2585} INFO - Sync 1 DAGs
[2023-11-11T17:32:17.532+0000] {logging_mixin.py:120} INFO - [2023-11-11T17:32:17.532+0000] {dag.py:3340} INFO - Setting next_dagrun for tutorial_dag to None, run_after=None
[2023-11-11T17:32:17.575+0000] {processor.py:176} INFO - Processing /home/airflow/.local/lib/python3.7/site-packages/airflow/example_dags/tutorial_dag.py took 0.224 seconds
[2023-11-11T17:32:47.663+0000] {processor.py:154} INFO - Started process (PID=411) to work on /home/airflow/.local/lib/python3.7/site-packages/airflow/example_dags/tutorial_dag.py
[2023-11-11T17:32:47.664+0000] {processor.py:756} INFO - Processing file /home/airflow/.local/lib/python3.7/site-packages/airflow/example_dags/tutorial_dag.py for tasks to queue
[2023-11-11T17:32:47.665+0000] {logging_mixin.py:120} INFO - [2023-11-11T17:32:47.664+0000] {dagbag.py:537} INFO - Filling up the DagBag from /home/airflow/.local/lib/python3.7/site-packages/airflow/example_dags/tutorial_dag.py
[2023-11-11T17:32:47.692+0000] {processor.py:766} INFO - DAG(s) dict_keys(['tutorial_dag']) retrieved from /home/airflow/.local/lib/python3.7/site-packages/airflow/example_dags/tutorial_dag.py
[2023-11-11T17:32:47.762+0000] {logging_mixin.py:120} INFO - [2023-11-11T17:32:47.762+0000] {dag.py:2585} INFO - Sync 1 DAGs
[2023-11-11T17:32:47.812+0000] {logging_mixin.py:120} INFO - [2023-11-11T17:32:47.812+0000] {dag.py:3340} INFO - Setting next_dagrun for tutorial_dag to None, run_after=None
[2023-11-11T17:32:47.847+0000] {processor.py:176} INFO - Processing /home/airflow/.local/lib/python3.7/site-packages/airflow/example_dags/tutorial_dag.py took 0.190 seconds
[2023-11-11T17:33:18.357+0000] {processor.py:154} INFO - Started process (PID=474) to work on /home/airflow/.local/lib/python3.7/site-packages/airflow/example_dags/tutorial_dag.py
[2023-11-11T17:33:18.359+0000] {processor.py:756} INFO - Processing file /home/airflow/.local/lib/python3.7/site-packages/airflow/example_dags/tutorial_dag.py for tasks to queue
[2023-11-11T17:33:18.360+0000] {logging_mixin.py:120} INFO - [2023-11-11T17:33:18.360+0000] {dagbag.py:537} INFO - Filling up the DagBag from /home/airflow/.local/lib/python3.7/site-packages/airflow/example_dags/tutorial_dag.py
[2023-11-11T17:33:18.406+0000] {processor.py:766} INFO - DAG(s) dict_keys(['tutorial_dag']) retrieved from /home/airflow/.local/lib/python3.7/site-packages/airflow/example_dags/tutorial_dag.py
[2023-11-11T17:33:18.539+0000] {logging_mixin.py:120} INFO - [2023-11-11T17:33:18.538+0000] {dag.py:2585} INFO - Sync 1 DAGs
[2023-11-11T17:33:18.614+0000] {logging_mixin.py:120} INFO - [2023-11-11T17:33:18.614+0000] {dag.py:3340} INFO - Setting next_dagrun for tutorial_dag to None, run_after=None
[2023-11-11T17:33:18.667+0000] {processor.py:176} INFO - Processing /home/airflow/.local/lib/python3.7/site-packages/airflow/example_dags/tutorial_dag.py took 0.318 seconds
[2023-11-11T17:33:48.795+0000] {processor.py:154} INFO - Started process (PID=530) to work on /home/airflow/.local/lib/python3.7/site-packages/airflow/example_dags/tutorial_dag.py
[2023-11-11T17:33:48.796+0000] {processor.py:756} INFO - Processing file /home/airflow/.local/lib/python3.7/site-packages/airflow/example_dags/tutorial_dag.py for tasks to queue
[2023-11-11T17:33:48.797+0000] {logging_mixin.py:120} INFO - [2023-11-11T17:33:48.797+0000] {dagbag.py:537} INFO - Filling up the DagBag from /home/airflow/.local/lib/python3.7/site-packages/airflow/example_dags/tutorial_dag.py
[2023-11-11T17:33:48.830+0000] {processor.py:766} INFO - DAG(s) dict_keys(['tutorial_dag']) retrieved from /home/airflow/.local/lib/python3.7/site-packages/airflow/example_dags/tutorial_dag.py
[2023-11-11T17:33:48.922+0000] {logging_mixin.py:120} INFO - [2023-11-11T17:33:48.922+0000] {dag.py:2585} INFO - Sync 1 DAGs
[2023-11-11T17:33:48.967+0000] {logging_mixin.py:120} INFO - [2023-11-11T17:33:48.967+0000] {dag.py:3340} INFO - Setting next_dagrun for tutorial_dag to None, run_after=None
[2023-11-11T17:33:48.997+0000] {processor.py:176} INFO - Processing /home/airflow/.local/lib/python3.7/site-packages/airflow/example_dags/tutorial_dag.py took 0.207 seconds
[2023-11-11T17:34:19.649+0000] {processor.py:154} INFO - Started process (PID=584) to work on /home/airflow/.local/lib/python3.7/site-packages/airflow/example_dags/tutorial_dag.py
[2023-11-11T17:34:19.651+0000] {processor.py:756} INFO - Processing file /home/airflow/.local/lib/python3.7/site-packages/airflow/example_dags/tutorial_dag.py for tasks to queue
[2023-11-11T17:34:19.652+0000] {logging_mixin.py:120} INFO - [2023-11-11T17:34:19.652+0000] {dagbag.py:537} INFO - Filling up the DagBag from /home/airflow/.local/lib/python3.7/site-packages/airflow/example_dags/tutorial_dag.py
[2023-11-11T17:34:19.684+0000] {processor.py:766} INFO - DAG(s) dict_keys(['tutorial_dag']) retrieved from /home/airflow/.local/lib/python3.7/site-packages/airflow/example_dags/tutorial_dag.py
[2023-11-11T17:34:19.800+0000] {logging_mixin.py:120} INFO - [2023-11-11T17:34:19.800+0000] {dag.py:2585} INFO - Sync 1 DAGs
[2023-11-11T17:34:19.859+0000] {logging_mixin.py:120} INFO - [2023-11-11T17:34:19.859+0000] {dag.py:3340} INFO - Setting next_dagrun for tutorial_dag to None, run_after=None
[2023-11-11T17:34:19.913+0000] {processor.py:176} INFO - Processing /home/airflow/.local/lib/python3.7/site-packages/airflow/example_dags/tutorial_dag.py took 0.272 seconds
[2023-11-11T17:34:50.660+0000] {processor.py:154} INFO - Started process (PID=648) to work on /home/airflow/.local/lib/python3.7/site-packages/airflow/example_dags/tutorial_dag.py
[2023-11-11T17:34:50.663+0000] {processor.py:756} INFO - Processing file /home/airflow/.local/lib/python3.7/site-packages/airflow/example_dags/tutorial_dag.py for tasks to queue
[2023-11-11T17:34:50.665+0000] {logging_mixin.py:120} INFO - [2023-11-11T17:34:50.665+0000] {dagbag.py:537} INFO - Filling up the DagBag from /home/airflow/.local/lib/python3.7/site-packages/airflow/example_dags/tutorial_dag.py
[2023-11-11T17:34:50.697+0000] {processor.py:766} INFO - DAG(s) dict_keys(['tutorial_dag']) retrieved from /home/airflow/.local/lib/python3.7/site-packages/airflow/example_dags/tutorial_dag.py
[2023-11-11T17:34:50.882+0000] {logging_mixin.py:120} INFO - [2023-11-11T17:34:50.881+0000] {dag.py:2585} INFO - Sync 1 DAGs
[2023-11-11T17:34:50.959+0000] {logging_mixin.py:120} INFO - [2023-11-11T17:34:50.957+0000] {dag.py:3340} INFO - Setting next_dagrun for tutorial_dag to None, run_after=None
[2023-11-11T17:34:51.018+0000] {processor.py:176} INFO - Processing /home/airflow/.local/lib/python3.7/site-packages/airflow/example_dags/tutorial_dag.py took 0.369 seconds
[2023-11-11T17:35:21.555+0000] {processor.py:154} INFO - Started process (PID=702) to work on /home/airflow/.local/lib/python3.7/site-packages/airflow/example_dags/tutorial_dag.py
[2023-11-11T17:35:21.557+0000] {processor.py:756} INFO - Processing file /home/airflow/.local/lib/python3.7/site-packages/airflow/example_dags/tutorial_dag.py for tasks to queue
[2023-11-11T17:35:21.558+0000] {logging_mixin.py:120} INFO - [2023-11-11T17:35:21.557+0000] {dagbag.py:537} INFO - Filling up the DagBag from /home/airflow/.local/lib/python3.7/site-packages/airflow/example_dags/tutorial_dag.py
[2023-11-11T17:35:21.585+0000] {processor.py:766} INFO - DAG(s) dict_keys(['tutorial_dag']) retrieved from /home/airflow/.local/lib/python3.7/site-packages/airflow/example_dags/tutorial_dag.py
[2023-11-11T17:35:21.660+0000] {logging_mixin.py:120} INFO - [2023-11-11T17:35:21.659+0000] {dag.py:2585} INFO - Sync 1 DAGs
[2023-11-11T17:35:21.698+0000] {logging_mixin.py:120} INFO - [2023-11-11T17:35:21.697+0000] {dag.py:3340} INFO - Setting next_dagrun for tutorial_dag to None, run_after=None
[2023-11-11T17:35:21.727+0000] {processor.py:176} INFO - Processing /home/airflow/.local/lib/python3.7/site-packages/airflow/example_dags/tutorial_dag.py took 0.176 seconds
[2023-11-11T17:35:52.034+0000] {processor.py:154} INFO - Started process (PID=764) to work on /home/airflow/.local/lib/python3.7/site-packages/airflow/example_dags/tutorial_dag.py
[2023-11-11T17:35:52.036+0000] {processor.py:756} INFO - Processing file /home/airflow/.local/lib/python3.7/site-packages/airflow/example_dags/tutorial_dag.py for tasks to queue
[2023-11-11T17:35:52.037+0000] {logging_mixin.py:120} INFO - [2023-11-11T17:35:52.037+0000] {dagbag.py:537} INFO - Filling up the DagBag from /home/airflow/.local/lib/python3.7/site-packages/airflow/example_dags/tutorial_dag.py
[2023-11-11T17:35:52.057+0000] {processor.py:766} INFO - DAG(s) dict_keys(['tutorial_dag']) retrieved from /home/airflow/.local/lib/python3.7/site-packages/airflow/example_dags/tutorial_dag.py
[2023-11-11T17:35:52.135+0000] {logging_mixin.py:120} INFO - [2023-11-11T17:35:52.135+0000] {dag.py:2585} INFO - Sync 1 DAGs
[2023-11-11T17:35:52.179+0000] {logging_mixin.py:120} INFO - [2023-11-11T17:35:52.178+0000] {dag.py:3340} INFO - Setting next_dagrun for tutorial_dag to None, run_after=None
[2023-11-11T17:35:52.213+0000] {processor.py:176} INFO - Processing /home/airflow/.local/lib/python3.7/site-packages/airflow/example_dags/tutorial_dag.py took 0.184 seconds
[2023-11-11T17:36:22.800+0000] {processor.py:154} INFO - Started process (PID=818) to work on /home/airflow/.local/lib/python3.7/site-packages/airflow/example_dags/tutorial_dag.py
[2023-11-11T17:36:22.801+0000] {processor.py:756} INFO - Processing file /home/airflow/.local/lib/python3.7/site-packages/airflow/example_dags/tutorial_dag.py for tasks to queue
[2023-11-11T17:36:22.802+0000] {logging_mixin.py:120} INFO - [2023-11-11T17:36:22.802+0000] {dagbag.py:537} INFO - Filling up the DagBag from /home/airflow/.local/lib/python3.7/site-packages/airflow/example_dags/tutorial_dag.py
[2023-11-11T17:36:22.825+0000] {processor.py:766} INFO - DAG(s) dict_keys(['tutorial_dag']) retrieved from /home/airflow/.local/lib/python3.7/site-packages/airflow/example_dags/tutorial_dag.py
[2023-11-11T17:36:22.897+0000] {logging_mixin.py:120} INFO - [2023-11-11T17:36:22.896+0000] {dag.py:2585} INFO - Sync 1 DAGs
[2023-11-11T17:36:22.948+0000] {logging_mixin.py:120} INFO - [2023-11-11T17:36:22.947+0000] {dag.py:3340} INFO - Setting next_dagrun for tutorial_dag to None, run_after=None
[2023-11-11T17:36:22.978+0000] {processor.py:176} INFO - Processing /home/airflow/.local/lib/python3.7/site-packages/airflow/example_dags/tutorial_dag.py took 0.184 seconds
[2023-11-11T17:36:53.288+0000] {processor.py:154} INFO - Started process (PID=881) to work on /home/airflow/.local/lib/python3.7/site-packages/airflow/example_dags/tutorial_dag.py
[2023-11-11T17:36:53.289+0000] {processor.py:756} INFO - Processing file /home/airflow/.local/lib/python3.7/site-packages/airflow/example_dags/tutorial_dag.py for tasks to queue
[2023-11-11T17:36:53.290+0000] {logging_mixin.py:120} INFO - [2023-11-11T17:36:53.290+0000] {dagbag.py:537} INFO - Filling up the DagBag from /home/airflow/.local/lib/python3.7/site-packages/airflow/example_dags/tutorial_dag.py
[2023-11-11T17:36:53.310+0000] {processor.py:766} INFO - DAG(s) dict_keys(['tutorial_dag']) retrieved from /home/airflow/.local/lib/python3.7/site-packages/airflow/example_dags/tutorial_dag.py
[2023-11-11T17:36:53.387+0000] {logging_mixin.py:120} INFO - [2023-11-11T17:36:53.387+0000] {dag.py:2585} INFO - Sync 1 DAGs
[2023-11-11T17:36:53.435+0000] {logging_mixin.py:120} INFO - [2023-11-11T17:36:53.434+0000] {dag.py:3340} INFO - Setting next_dagrun for tutorial_dag to None, run_after=None
[2023-11-11T17:36:53.466+0000] {processor.py:176} INFO - Processing /home/airflow/.local/lib/python3.7/site-packages/airflow/example_dags/tutorial_dag.py took 0.184 seconds
[2023-11-11T17:37:23.855+0000] {processor.py:154} INFO - Started process (PID=935) to work on /home/airflow/.local/lib/python3.7/site-packages/airflow/example_dags/tutorial_dag.py
[2023-11-11T17:37:23.858+0000] {processor.py:756} INFO - Processing file /home/airflow/.local/lib/python3.7/site-packages/airflow/example_dags/tutorial_dag.py for tasks to queue
[2023-11-11T17:37:23.859+0000] {logging_mixin.py:120} INFO - [2023-11-11T17:37:23.858+0000] {dagbag.py:537} INFO - Filling up the DagBag from /home/airflow/.local/lib/python3.7/site-packages/airflow/example_dags/tutorial_dag.py
[2023-11-11T17:37:23.879+0000] {processor.py:766} INFO - DAG(s) dict_keys(['tutorial_dag']) retrieved from /home/airflow/.local/lib/python3.7/site-packages/airflow/example_dags/tutorial_dag.py
[2023-11-11T17:37:23.950+0000] {logging_mixin.py:120} INFO - [2023-11-11T17:37:23.950+0000] {dag.py:2585} INFO - Sync 1 DAGs
[2023-11-11T17:37:23.994+0000] {logging_mixin.py:120} INFO - [2023-11-11T17:37:23.994+0000] {dag.py:3340} INFO - Setting next_dagrun for tutorial_dag to None, run_after=None
[2023-11-11T17:37:24.042+0000] {processor.py:176} INFO - Processing /home/airflow/.local/lib/python3.7/site-packages/airflow/example_dags/tutorial_dag.py took 0.193 seconds
[2023-11-11T17:37:54.211+0000] {processor.py:154} INFO - Started process (PID=998) to work on /home/airflow/.local/lib/python3.7/site-packages/airflow/example_dags/tutorial_dag.py
[2023-11-11T17:37:54.212+0000] {processor.py:756} INFO - Processing file /home/airflow/.local/lib/python3.7/site-packages/airflow/example_dags/tutorial_dag.py for tasks to queue
[2023-11-11T17:37:54.213+0000] {logging_mixin.py:120} INFO - [2023-11-11T17:37:54.213+0000] {dagbag.py:537} INFO - Filling up the DagBag from /home/airflow/.local/lib/python3.7/site-packages/airflow/example_dags/tutorial_dag.py
[2023-11-11T17:37:54.237+0000] {processor.py:766} INFO - DAG(s) dict_keys(['tutorial_dag']) retrieved from /home/airflow/.local/lib/python3.7/site-packages/airflow/example_dags/tutorial_dag.py
[2023-11-11T17:37:54.303+0000] {logging_mixin.py:120} INFO - [2023-11-11T17:37:54.303+0000] {dag.py:2585} INFO - Sync 1 DAGs
[2023-11-11T17:37:54.343+0000] {logging_mixin.py:120} INFO - [2023-11-11T17:37:54.341+0000] {dag.py:3340} INFO - Setting next_dagrun for tutorial_dag to None, run_after=None
[2023-11-11T17:37:54.373+0000] {processor.py:176} INFO - Processing /home/airflow/.local/lib/python3.7/site-packages/airflow/example_dags/tutorial_dag.py took 0.167 seconds
[2023-11-11T17:38:25.101+0000] {processor.py:154} INFO - Started process (PID=1052) to work on /home/airflow/.local/lib/python3.7/site-packages/airflow/example_dags/tutorial_dag.py
[2023-11-11T17:38:25.103+0000] {processor.py:756} INFO - Processing file /home/airflow/.local/lib/python3.7/site-packages/airflow/example_dags/tutorial_dag.py for tasks to queue
[2023-11-11T17:38:25.104+0000] {logging_mixin.py:120} INFO - [2023-11-11T17:38:25.103+0000] {dagbag.py:537} INFO - Filling up the DagBag from /home/airflow/.local/lib/python3.7/site-packages/airflow/example_dags/tutorial_dag.py
[2023-11-11T17:38:25.134+0000] {processor.py:766} INFO - DAG(s) dict_keys(['tutorial_dag']) retrieved from /home/airflow/.local/lib/python3.7/site-packages/airflow/example_dags/tutorial_dag.py
[2023-11-11T17:38:25.215+0000] {logging_mixin.py:120} INFO - [2023-11-11T17:38:25.215+0000] {dag.py:2585} INFO - Sync 1 DAGs
[2023-11-11T17:38:25.262+0000] {logging_mixin.py:120} INFO - [2023-11-11T17:38:25.262+0000] {dag.py:3340} INFO - Setting next_dagrun for tutorial_dag to None, run_after=None
[2023-11-11T17:38:25.300+0000] {processor.py:176} INFO - Processing /home/airflow/.local/lib/python3.7/site-packages/airflow/example_dags/tutorial_dag.py took 0.206 seconds
[2023-11-11T17:38:55.641+0000] {processor.py:154} INFO - Started process (PID=1114) to work on /home/airflow/.local/lib/python3.7/site-packages/airflow/example_dags/tutorial_dag.py
[2023-11-11T17:38:55.644+0000] {processor.py:756} INFO - Processing file /home/airflow/.local/lib/python3.7/site-packages/airflow/example_dags/tutorial_dag.py for tasks to queue
[2023-11-11T17:38:55.645+0000] {logging_mixin.py:120} INFO - [2023-11-11T17:38:55.645+0000] {dagbag.py:537} INFO - Filling up the DagBag from /home/airflow/.local/lib/python3.7/site-packages/airflow/example_dags/tutorial_dag.py
[2023-11-11T17:38:55.669+0000] {processor.py:766} INFO - DAG(s) dict_keys(['tutorial_dag']) retrieved from /home/airflow/.local/lib/python3.7/site-packages/airflow/example_dags/tutorial_dag.py
[2023-11-11T17:38:55.755+0000] {logging_mixin.py:120} INFO - [2023-11-11T17:38:55.755+0000] {dag.py:2585} INFO - Sync 1 DAGs
[2023-11-11T17:38:55.813+0000] {logging_mixin.py:120} INFO - [2023-11-11T17:38:55.812+0000] {dag.py:3340} INFO - Setting next_dagrun for tutorial_dag to None, run_after=None
[2023-11-11T17:38:55.855+0000] {processor.py:176} INFO - Processing /home/airflow/.local/lib/python3.7/site-packages/airflow/example_dags/tutorial_dag.py took 0.218 seconds
[2023-11-11T17:39:25.917+0000] {processor.py:154} INFO - Started process (PID=1168) to work on /home/airflow/.local/lib/python3.7/site-packages/airflow/example_dags/tutorial_dag.py
[2023-11-11T17:39:25.918+0000] {processor.py:756} INFO - Processing file /home/airflow/.local/lib/python3.7/site-packages/airflow/example_dags/tutorial_dag.py for tasks to queue
[2023-11-11T17:39:25.919+0000] {logging_mixin.py:120} INFO - [2023-11-11T17:39:25.919+0000] {dagbag.py:537} INFO - Filling up the DagBag from /home/airflow/.local/lib/python3.7/site-packages/airflow/example_dags/tutorial_dag.py
[2023-11-11T17:39:25.952+0000] {processor.py:766} INFO - DAG(s) dict_keys(['tutorial_dag']) retrieved from /home/airflow/.local/lib/python3.7/site-packages/airflow/example_dags/tutorial_dag.py
[2023-11-11T17:39:26.042+0000] {logging_mixin.py:120} INFO - [2023-11-11T17:39:26.042+0000] {dag.py:2585} INFO - Sync 1 DAGs
[2023-11-11T17:39:26.096+0000] {logging_mixin.py:120} INFO - [2023-11-11T17:39:26.096+0000] {dag.py:3340} INFO - Setting next_dagrun for tutorial_dag to None, run_after=None
[2023-11-11T17:39:26.140+0000] {processor.py:176} INFO - Processing /home/airflow/.local/lib/python3.7/site-packages/airflow/example_dags/tutorial_dag.py took 0.233 seconds
